<?xml version="1.0" encoding="UTF-8"?>
<testsuites name="Run all test cases" time="6845.59" tests="50" failures="5" errors="0">
   <testsuite name="Run all test cases" tests="50" failures="5" errors="0" time="6845.59" skipped="0" timestamp="2022-01-15 08:55:31" hostname="antra - 192.168.16.1" id="Test Suites/Run all test cases">
      <properties>
         <property name="deviceName" value=""/>
         <property name="devicePlatform" value=""/>
         <property name="logFolder" value="C:\\Users\\antra\\git\\SE-Bonus-Assginment-Group1\\Reports\\20220115_085522\\Run all test cases\\20220115_085522"/>
         <property name="logFiles" value="C:\\Users\\antra\\git\\SE-Bonus-Assginment-Group1\\Reports\\20220115_085522\\Run all test cases\\20220115_085522\\execution0.log"/>
         <property name="attachments" value="C:\\Users\\antra\\git\\SE-Bonus-Assginment-Group1\\Reports\\20220115_085522\\Run all test cases\\20220115_085522\\1642211847489.png, C:\\Users\\antra\\git\\SE-Bonus-Assginment-Group1\\Reports\\20220115_085522\\Run all test cases\\20220115_085522\\1642213864956.png, C:\\Users\\antra\\git\\SE-Bonus-Assginment-Group1\\Reports\\20220115_085522\\Run all test cases\\20220115_085522\\1642213942074.png, C:\\Users\\antra\\git\\SE-Bonus-Assginment-Group1\\Reports\\20220115_085522\\Run all test cases\\20220115_085522\\1642214019145.png, C:\\Users\\antra\\git\\SE-Bonus-Assginment-Group1\\Reports\\20220115_085522\\Run all test cases\\20220115_085522\\1642214095330.png, C:\\Users\\antra\\git\\SE-Bonus-Assginment-Group1\\Reports\\20220115_085522\\Run all test cases\\20220115_085522\\1642216277106.png, C:\\Users\\antra\\git\\SE-Bonus-Assginment-Group1\\Reports\\20220115_085522\\Run all test cases\\20220115_085522\\1642216381205.png, C:\\Users\\antra\\git\\SE-Bonus-Assginment-Group1\\Reports\\20220115_085522\\Run all test cases\\20220115_085522\\1642216485458.png, C:\\Users\\antra\\git\\SE-Bonus-Assginment-Group1\\Reports\\20220115_085522\\Run all test cases\\20220115_085522\\1642216592304.png, C:\\Users\\antra\\git\\SE-Bonus-Assginment-Group1\\Reports\\20220115_085522\\Run all test cases\\20220115_085522\\1642216771393.png, C:\\Users\\antra\\git\\SE-Bonus-Assginment-Group1\\Reports\\20220115_085522\\Run all test cases\\20220115_085522\\1642216876101.png, C:\\Users\\antra\\git\\SE-Bonus-Assginment-Group1\\Reports\\20220115_085522\\Run all test cases\\20220115_085522\\1642216979621.png, C:\\Users\\antra\\git\\SE-Bonus-Assginment-Group1\\Reports\\20220115_085522\\Run all test cases\\20220115_085522\\1642217084312.png, C:\\Users\\antra\\git\\SE-Bonus-Assginment-Group1\\Reports\\20220115_085522\\Run all test cases\\20220115_085522\\1642217301255.png, C:\\Users\\antra\\git\\SE-Bonus-Assginment-Group1\\Reports\\20220115_085522\\Run all test cases\\20220115_085522\\1642217410044.png, C:\\Users\\antra\\git\\SE-Bonus-Assginment-Group1\\Reports\\20220115_085522\\Run all test cases\\20220115_085522\\1642217523436.png, C:\\Users\\antra\\git\\SE-Bonus-Assginment-Group1\\Reports\\20220115_085522\\Run all test cases\\20220115_085522\\1642217634445.png, C:\\Users\\antra\\git\\SE-Bonus-Assginment-Group1\\Reports\\20220115_085522\\Run all test cases\\20220115_085522\\1642217712178.png, C:\\Users\\antra\\git\\SE-Bonus-Assginment-Group1\\Reports\\20220115_085522\\Run all test cases\\20220115_085522\\1642217787945.png, C:\\Users\\antra\\git\\SE-Bonus-Assginment-Group1\\Reports\\20220115_085522\\Run all test cases\\20220115_085522\\1642217863622.png, C:\\Users\\antra\\git\\SE-Bonus-Assginment-Group1\\Reports\\20220115_085522\\Run all test cases\\20220115_085522\\1642217980943.png"/>
         <property name="hostName" value="antra - 192.168.16.1"/>
         <property name="os" value="Windows 10 64bit"/>
         <property name="katalonVersion" value="8.2.0.208"/>
         <property name="browser" value="Chrome 97.0.4692.71"/>
         <property name="hostAddress" value="192.168.16.1"/>
         <property name="sessionId" value="e03ace59c26721c1192955915bbc89f3"/>
         <property name="seleniumVersion" value="3.141.59"/>
         <property name="proxyInformation" value="ProxyInformation { proxyOption=NO_PROXY, proxyServerType=HTTP, username=, password=********, proxyServerAddress=, proxyServerPort=0, executionList=&quot;&quot;, isApplyToDesiredCapabilities=true }"/>
         <property name="platform" value="Windows 10"/>
      </properties>
      <testcase name="Test Cases/Chat/Chat starred" time="167.699" classname="Test Cases/Chat/Chat starred" status="PASSED">
         <system-out><![CDATA[2022-01-15 08:57:28 - [TEST_CASE][PASSED] - Test Cases/Chat/Chat starred: Test Cases/Chat/Chat starred

2022-01-15 08:57:28 - [TEST_STEP][PASSED] - openBrowser(""): Browser is opened with url: ''

2022-01-15 08:57:28 - [MESSAGE][WARNING] - A browser is already opened. Closing browser and opening a new one

2022-01-15 08:57:28 - [MESSAGE][INFO] - Starting 'Chrome' driver

2022-01-15 08:57:28 - [MESSAGE][INFO] - Action delay is set to 0 milliseconds

2022-01-15 08:57:30 - [MESSAGE][PASSED] - Browser is opened with url: ''

2022-01-15 08:57:30 - [TEST_STEP][PASSED] - navigateToUrl("http://localhost/"): Navigate to 'http://localhost/' successfully

2022-01-15 08:57:33 - [MESSAGE][PASSED] - Navigate to 'http://localhost/' successfully

2022-01-15 08:57:33 - [TEST_STEP][PASSED] - click(findTestObject("Object Repository/Page_L Tm Anh/a_Log in")): Object: 'Object Repository/Page_L Tm Anh/a_Log in' is clicked on

2022-01-15 08:57:34 - [MESSAGE][PASSED] - Object: 'Object Repository/Page_L Tm Anh/a_Log in' is clicked on

2022-01-15 08:57:34 - [TEST_STEP][PASSED] - setText(findTestObject("Object Repository/Page_L Tm Anh Log in to the site/input_Username_username"), "anhle1"): Text 'anhle1' is set on object 'Object Repository/Page_L Tm Anh Log in to the site/input_Username_username'

2022-01-15 08:57:34 - [MESSAGE][PASSED] - Text 'anhle1' is set on object 'Object Repository/Page_L Tm Anh Log in to the site/input_Username_username'

2022-01-15 08:57:34 - [TEST_STEP][PASSED] - setEncryptedText(findTestObject("Object Repository/Page_L Tm Anh Log in to the site/input_Password_password"), "eGmz8XUbrLe3vUQiiiujBg=="): Text ****** has been set on object 'Object Repository/Page_L Tm Anh Log in to the site/input_Password_password'

2022-01-15 08:57:35 - [MESSAGE][PASSED] - Text ****** has been set on object 'Object Repository/Page_L Tm Anh Log in to the site/input_Password_password'

2022-01-15 08:57:35 - [TEST_STEP][PASSED] - click(findTestObject("Object Repository/Page_L Tm Anh Log in to the site/button_Log in")): Object: 'Object Repository/Page_L Tm Anh Log in to the site/button_Log in' is clicked on

2022-01-15 08:57:37 - [MESSAGE][PASSED] - Object: 'Object Repository/Page_L Tm Anh Log in to the site/button_Log in' is clicked on

2022-01-15 08:57:37 - [TEST_STEP][PASSED] - click(findTestObject("Object Repository/Page_Dashboard/a_0")): Object: 'Object Repository/Page_Dashboard/a_0' is clicked on

2022-01-15 08:58:08 - [MESSAGE][INFO] - Unable to find the element located by 'By.xpath: //a[@id='message-drawer-toggle-61dc107224f9a61dc1072131d45']'. Please recheck the objects properties to make sure the desired element is located. 

2022-01-15 08:58:08 - [MESSAGE][WARNING] - [SELF-HEALING] Failed to find element with id 'Object Repository/Page_Dashboard/a_0'. Try using Self-healing.

2022-01-15 08:58:08 - [MESSAGE][WARNING] - [SELF-HEALING] The current locator of test object 'Object Repository/Page_Dashboard/a_0' was broken. Propose an alternative one: '(.//*[normalize-space(text()) and normalize-space(.)='See all'])[1]/following::a[1]'.

2022-01-15 08:58:09 - [MESSAGE][PASSED] - Object: 'Object Repository/Page_Dashboard/a_0' is clicked on

2022-01-15 08:58:09 - [TEST_STEP][PASSED] - click(findTestObject("Object Repository/Page_Dashboard/div_L CDE")): Object: 'Object Repository/Page_Dashboard/div_L CDE' is clicked on

2022-01-15 08:58:40 - [MESSAGE][INFO] - Unable to find the element located by 'By.xpath: //div[@id='view-overview-favourites-target-61dc107227d7461dc1072131d47']/div[2]/a/div/div'. Please recheck the objects properties to make sure the desired element is located. 

2022-01-15 08:58:40 - [MESSAGE][WARNING] - [SELF-HEALING] Failed to find element with id 'Object Repository/Page_Dashboard/div_L CDE'. Try using Self-healing.

2022-01-15 08:58:40 - [MESSAGE][WARNING] - [SELF-HEALING] The current locator of test object 'Object Repository/Page_Dashboard/div_L CDE' was broken. Propose an alternative one: '(.//*[normalize-space(text()) and normalize-space(.)='Starred'])[1]/following::div[5]'.

2022-01-15 08:58:40 - [MESSAGE][PASSED] - Object: 'Object Repository/Page_Dashboard/div_L CDE' is clicked on

2022-01-15 08:58:40 - [TEST_STEP][PASSED] - setText(findTestObject("Object Repository/Page_Dashboard/textarea_Use enter to send_yui_3_17_2_1_164_f30280"), "alo"): Text 'alo' is set on object 'Object Repository/Page_Dashboard/textarea_Use enter to send_yui_3_17_2_1_164_f30280'

2022-01-15 08:59:11 - [MESSAGE][INFO] - Unable to find the element located by 'By.xpath: //textarea[@id='yui_3_17_2_1_1641812082235_35']'. Please recheck the objects properties to make sure the desired element is located. 

2022-01-15 08:59:11 - [MESSAGE][WARNING] - [SELF-HEALING] Failed to find element with id 'Object Repository/Page_Dashboard/textarea_Use enter to send_yui_3_17_2_1_164_f30280'. Try using Self-healing.

2022-01-15 08:59:12 - [MESSAGE][WARNING] - [SELF-HEALING] The current locator of test object 'Object Repository/Page_Dashboard/textarea_Use enter to send_yui_3_17_2_1_164_f30280' was broken. Propose an alternative one: '//textarea'.

2022-01-15 08:59:43 - [MESSAGE][INFO] - Unable to find the element located by 'By.xpath: //textarea[@id='yui_3_17_2_1_1641812082235_35']'. Please recheck the objects properties to make sure the desired element is located. 

2022-01-15 08:59:43 - [MESSAGE][WARNING] - [SELF-HEALING] Failed to find element with id 'Object Repository/Page_Dashboard/textarea_Use enter to send_yui_3_17_2_1_164_f30280'. Try using Self-healing.

2022-01-15 08:59:43 - [MESSAGE][WARNING] - [SELF-HEALING] The current locator of test object 'Object Repository/Page_Dashboard/textarea_Use enter to send_yui_3_17_2_1_164_f30280' was broken. Propose an alternative one: '//textarea'.

2022-01-15 08:59:43 - [MESSAGE][PASSED] - Text 'alo' is set on object 'Object Repository/Page_Dashboard/textarea_Use enter to send_yui_3_17_2_1_164_f30280'

2022-01-15 08:59:43 - [TEST_STEP][PASSED] - click(findTestObject("Object Repository/Page_Dashboard/button__btn btn-link btn-icon icon-size-3 m_754a09")): Object: 'Object Repository/Page_Dashboard/button__btn btn-link btn-icon icon-size-3 m_754a09' is clicked on

2022-01-15 09:00:14 - [MESSAGE][INFO] - Unable to find the element located by 'By.xpath: //div[@id='yui_3_17_2_1_1641812082235_36']/div/button[2]'. Please recheck the objects properties to make sure the desired element is located. 

2022-01-15 09:00:14 - [MESSAGE][WARNING] - [SELF-HEALING] Failed to find element with id 'Object Repository/Page_Dashboard/button__btn btn-link btn-icon icon-size-3 m_754a09'. Try using Self-healing.

2022-01-15 09:00:15 - [MESSAGE][WARNING] - [SELF-HEALING] The current locator of test object 'Object Repository/Page_Dashboard/button__btn btn-link btn-icon icon-size-3 m_754a09' was broken. Propose an alternative one: '(.//*[normalize-space(text()) and normalize-space(.)='😠'])[1]/following::button[2]'.

2022-01-15 09:00:15 - [MESSAGE][PASSED] - Object: 'Object Repository/Page_Dashboard/button__btn btn-link btn-icon icon-size-3 m_754a09' is clicked on

2022-01-15 09:00:15 - [TEST_STEP][PASSED] - closeBrowser(): Browser is closed

2022-01-15 09:00:15 - [MESSAGE][PASSED] - Browser is closed]]></system-out>
         <system-err><![CDATA[]]></system-err>
      </testcase>
      <testcase name="Test Cases/Chat/Chat with group" time="172.037" classname="Test Cases/Chat/Chat with group" status="PASSED">
         <system-out><![CDATA[2022-01-15 09:00:15 - [TEST_CASE][PASSED] - Test Cases/Chat/Chat with group: Test Cases/Chat/Chat with group

2022-01-15 09:00:16 - [TEST_STEP][PASSED] - openBrowser(""): Browser is opened with url: ''

2022-01-15 09:00:16 - [MESSAGE][INFO] - Starting 'Chrome' driver

2022-01-15 09:00:16 - [MESSAGE][INFO] - Action delay is set to 0 milliseconds

2022-01-15 09:00:18 - [MESSAGE][PASSED] - Browser is opened with url: ''

2022-01-15 09:00:18 - [TEST_STEP][PASSED] - closeBrowser(): Browser is closed

2022-01-15 09:00:19 - [MESSAGE][PASSED] - Browser is closed

2022-01-15 09:00:19 - [TEST_STEP][PASSED] - openBrowser(""): Browser is opened with url: ''

2022-01-15 09:00:19 - [MESSAGE][INFO] - Starting 'Chrome' driver

2022-01-15 09:00:19 - [MESSAGE][INFO] - Action delay is set to 0 milliseconds

2022-01-15 09:00:20 - [MESSAGE][PASSED] - Browser is opened with url: ''

2022-01-15 09:00:20 - [TEST_STEP][PASSED] - navigateToUrl("http://localhost/"): Navigate to 'http://localhost/' successfully

2022-01-15 09:00:23 - [MESSAGE][PASSED] - Navigate to 'http://localhost/' successfully

2022-01-15 09:00:23 - [TEST_STEP][PASSED] - click(findTestObject("Object Repository/Page_L Tm Anh/a_Log in")): Object: 'Object Repository/Page_L Tm Anh/a_Log in' is clicked on

2022-01-15 09:00:24 - [MESSAGE][PASSED] - Object: 'Object Repository/Page_L Tm Anh/a_Log in' is clicked on

2022-01-15 09:00:24 - [TEST_STEP][PASSED] - setText(findTestObject("Object Repository/Page_L Tm Anh Log in to the site/input_Username_username"), "admin"): Text 'admin' is set on object 'Object Repository/Page_L Tm Anh Log in to the site/input_Username_username'

2022-01-15 09:00:24 - [MESSAGE][PASSED] - Text 'admin' is set on object 'Object Repository/Page_L Tm Anh Log in to the site/input_Username_username'

2022-01-15 09:00:24 - [TEST_STEP][PASSED] - setEncryptedText(findTestObject("Object Repository/Page_L Tm Anh Log in to the site/input_Password_password"), "eGmz8XUbrLe3vUQiiiujBg=="): Text ****** has been set on object 'Object Repository/Page_L Tm Anh Log in to the site/input_Password_password'

2022-01-15 09:00:25 - [MESSAGE][PASSED] - Text ****** has been set on object 'Object Repository/Page_L Tm Anh Log in to the site/input_Password_password'

2022-01-15 09:00:25 - [TEST_STEP][PASSED] - click(findTestObject("Object Repository/Page_L Tm Anh Log in to the site/button_Log in")): Object: 'Object Repository/Page_L Tm Anh Log in to the site/button_Log in' is clicked on

2022-01-15 09:00:28 - [MESSAGE][PASSED] - Object: 'Object Repository/Page_L Tm Anh Log in to the site/button_Log in' is clicked on

2022-01-15 09:00:28 - [TEST_STEP][PASSED] - click(findTestObject("Object Repository/Page_Dashboard/a_0")): Object: 'Object Repository/Page_Dashboard/a_0' is clicked on

2022-01-15 09:00:59 - [MESSAGE][INFO] - Unable to find the element located by 'By.xpath: //a[@id='message-drawer-toggle-61dc107224f9a61dc1072131d45']'. Please recheck the objects properties to make sure the desired element is located. 

2022-01-15 09:00:59 - [MESSAGE][WARNING] - [SELF-HEALING] Failed to find element with id 'Object Repository/Page_Dashboard/a_0'. Try using Self-healing.

2022-01-15 09:01:00 - [MESSAGE][WARNING] - [SELF-HEALING] The current locator of test object 'Object Repository/Page_Dashboard/a_0' was broken. Propose an alternative one: '(.//*[normalize-space(text()) and normalize-space(.)='See all'])[1]/following::a[1]'.

2022-01-15 09:01:00 - [MESSAGE][PASSED] - Object: 'Object Repository/Page_Dashboard/a_0' is clicked on

2022-01-15 09:01:00 - [TEST_STEP][PASSED] - click(findTestObject("Object Repository/Page_Dashboard/div_Team 1")): Object: 'Object Repository/Page_Dashboard/div_Team 1' is clicked on

2022-01-15 09:01:31 - [MESSAGE][INFO] - Unable to find the element located by 'By.xpath: //div[@id='view-overview-group-messages-target-61d99a8c1b06361d99a8a88c6d7']/div[2]/a/div/div'. Please recheck the objects properties to make sure the desired element is located. 

2022-01-15 09:01:31 - [MESSAGE][WARNING] - [SELF-HEALING] Failed to find element with id 'Object Repository/Page_Dashboard/div_Team 1'. Try using Self-healing.

2022-01-15 09:01:31 - [MESSAGE][WARNING] - [SELF-HEALING] The current locator of test object 'Object Repository/Page_Dashboard/div_Team 1' was broken. Propose an alternative one: '(.//*[normalize-space(text()) and normalize-space(.)='Group'])[1]/following::div[5]'.

2022-01-15 09:01:31 - [MESSAGE][PASSED] - Object: 'Object Repository/Page_Dashboard/div_Team 1' is clicked on

2022-01-15 09:01:31 - [TEST_STEP][PASSED] - setText(findTestObject("Object Repository/Page_Dashboard/textarea_Use enter to send_yui_3_17_2_1_164_167f3b"), "hello"): Text 'hello' is set on object 'Object Repository/Page_Dashboard/textarea_Use enter to send_yui_3_17_2_1_164_167f3b'

2022-01-15 09:02:03 - [MESSAGE][INFO] - Unable to find the element located by 'By.xpath: //textarea[@id='yui_3_17_2_1_1641650828764_35']'. Please recheck the objects properties to make sure the desired element is located. 

2022-01-15 09:02:03 - [MESSAGE][WARNING] - [SELF-HEALING] Failed to find element with id 'Object Repository/Page_Dashboard/textarea_Use enter to send_yui_3_17_2_1_164_167f3b'. Try using Self-healing.

2022-01-15 09:02:03 - [MESSAGE][WARNING] - [SELF-HEALING] The current locator of test object 'Object Repository/Page_Dashboard/textarea_Use enter to send_yui_3_17_2_1_164_167f3b' was broken. Propose an alternative one: '//textarea'.

2022-01-15 09:02:35 - [MESSAGE][INFO] - Unable to find the element located by 'By.xpath: //textarea[@id='yui_3_17_2_1_1641650828764_35']'. Please recheck the objects properties to make sure the desired element is located. 

2022-01-15 09:02:35 - [MESSAGE][WARNING] - [SELF-HEALING] Failed to find element with id 'Object Repository/Page_Dashboard/textarea_Use enter to send_yui_3_17_2_1_164_167f3b'. Try using Self-healing.

2022-01-15 09:02:35 - [MESSAGE][WARNING] - [SELF-HEALING] The current locator of test object 'Object Repository/Page_Dashboard/textarea_Use enter to send_yui_3_17_2_1_164_167f3b' was broken. Propose an alternative one: '//textarea'.

2022-01-15 09:02:35 - [MESSAGE][PASSED] - Text 'hello' is set on object 'Object Repository/Page_Dashboard/textarea_Use enter to send_yui_3_17_2_1_164_167f3b'

2022-01-15 09:02:35 - [TEST_STEP][PASSED] - click(findTestObject("Object Repository/Page_Dashboard/i__icon fa fa-paper-plane fa-fw")): Object: 'Object Repository/Page_Dashboard/i__icon fa fa-paper-plane fa-fw' is clicked on

2022-01-15 09:03:06 - [MESSAGE][INFO] - Unable to find the element located by 'By.xpath: //div[@id='yui_3_17_2_1_1641809714717_40']/div/button[2]/span/i'. Please recheck the objects properties to make sure the desired element is located. 

2022-01-15 09:03:06 - [MESSAGE][WARNING] - [SELF-HEALING] Failed to find element with id 'Object Repository/Page_Dashboard/i__icon fa fa-paper-plane fa-fw'. Try using Self-healing.

2022-01-15 09:03:07 - [MESSAGE][WARNING] - [SELF-HEALING] The current locator of test object 'Object Repository/Page_Dashboard/i__icon fa fa-paper-plane fa-fw' was broken. Propose an alternative one: '//button[2]/span/i'.

2022-01-15 09:03:07 - [MESSAGE][PASSED] - Object: 'Object Repository/Page_Dashboard/i__icon fa fa-paper-plane fa-fw' is clicked on

2022-01-15 09:03:07 - [TEST_STEP][PASSED] - closeBrowser(): Browser is closed

2022-01-15 09:03:07 - [MESSAGE][PASSED] - Browser is closed]]></system-out>
         <system-err><![CDATA[]]></system-err>
      </testcase>
      <testcase name="Test Cases/Chat/Chat private" time="166.357" classname="Test Cases/Chat/Chat private" status="PASSED">
         <system-out><![CDATA[2022-01-15 09:03:08 - [TEST_CASE][PASSED] - Test Cases/Chat/Chat private: Test Cases/Chat/Chat private

2022-01-15 09:03:08 - [TEST_STEP][PASSED] - openBrowser(""): Browser is opened with url: ''

2022-01-15 09:03:08 - [MESSAGE][INFO] - Starting 'Chrome' driver

2022-01-15 09:03:08 - [MESSAGE][INFO] - Action delay is set to 0 milliseconds

2022-01-15 09:03:10 - [MESSAGE][PASSED] - Browser is opened with url: ''

2022-01-15 09:03:10 - [TEST_STEP][PASSED] - navigateToUrl("http://localhost/"): Navigate to 'http://localhost/' successfully

2022-01-15 09:03:11 - [MESSAGE][PASSED] - Navigate to 'http://localhost/' successfully

2022-01-15 09:03:11 - [TEST_STEP][PASSED] - click(findTestObject("Object Repository/Page_L Tm Anh/a_Log in")): Object: 'Object Repository/Page_L Tm Anh/a_Log in' is clicked on

2022-01-15 09:03:11 - [MESSAGE][PASSED] - Object: 'Object Repository/Page_L Tm Anh/a_Log in' is clicked on

2022-01-15 09:03:11 - [TEST_STEP][PASSED] - setText(findTestObject("Object Repository/Page_L Tm Anh Log in to the site/input_Username_username"), "admin"): Text 'admin' is set on object 'Object Repository/Page_L Tm Anh Log in to the site/input_Username_username'

2022-01-15 09:03:12 - [MESSAGE][PASSED] - Text 'admin' is set on object 'Object Repository/Page_L Tm Anh Log in to the site/input_Username_username'

2022-01-15 09:03:12 - [TEST_STEP][PASSED] - setEncryptedText(findTestObject("Object Repository/Page_L Tm Anh Log in to the site/input_Password_password"), "eGmz8XUbrLe3vUQiiiujBg=="): Text ****** has been set on object 'Object Repository/Page_L Tm Anh Log in to the site/input_Password_password'

2022-01-15 09:03:13 - [MESSAGE][PASSED] - Text ****** has been set on object 'Object Repository/Page_L Tm Anh Log in to the site/input_Password_password'

2022-01-15 09:03:13 - [TEST_STEP][PASSED] - click(findTestObject("Object Repository/Page_L Tm Anh Log in to the site/button_Log in")): Object: 'Object Repository/Page_L Tm Anh Log in to the site/button_Log in' is clicked on

2022-01-15 09:03:14 - [MESSAGE][PASSED] - Object: 'Object Repository/Page_L Tm Anh Log in to the site/button_Log in' is clicked on

2022-01-15 09:03:14 - [TEST_STEP][PASSED] - click(findTestObject("Object Repository/Page_Dashboard/a_0")): Object: 'Object Repository/Page_Dashboard/a_0' is clicked on

2022-01-15 09:03:46 - [MESSAGE][INFO] - Unable to find the element located by 'By.xpath: //a[@id='message-drawer-toggle-61dc107224f9a61dc1072131d45']'. Please recheck the objects properties to make sure the desired element is located. 

2022-01-15 09:03:46 - [MESSAGE][WARNING] - [SELF-HEALING] Failed to find element with id 'Object Repository/Page_Dashboard/a_0'. Try using Self-healing.

2022-01-15 09:03:46 - [MESSAGE][WARNING] - [SELF-HEALING] The current locator of test object 'Object Repository/Page_Dashboard/a_0' was broken. Propose an alternative one: '(.//*[normalize-space(text()) and normalize-space(.)='See all'])[1]/following::a[1]'.

2022-01-15 09:03:46 - [MESSAGE][PASSED] - Object: 'Object Repository/Page_Dashboard/a_0' is clicked on

2022-01-15 09:03:46 - [TEST_STEP][PASSED] - click(findTestObject("Object Repository/Page_Dashboard/i_hello_icon fa fa-caret-right fa-fw")): Object: 'Object Repository/Page_Dashboard/i_hello_icon fa fa-caret-right fa-fw' is clicked on

2022-01-15 09:03:47 - [MESSAGE][PASSED] - Object: 'Object Repository/Page_Dashboard/i_hello_icon fa fa-caret-right fa-fw' is clicked on

2022-01-15 09:03:47 - [TEST_STEP][PASSED] - click(findTestObject("Object Repository/Page_Dashboard/div_Student Two")): Object: 'Object Repository/Page_Dashboard/div_Student Two' is clicked on

2022-01-15 09:04:18 - [MESSAGE][INFO] - Unable to find the element located by 'By.xpath: //div[@id='view-overview-messages-target-61dc0732a02da61dc07328cc3c7']/div[2]/a/div/div'. Please recheck the objects properties to make sure the desired element is located. 

2022-01-15 09:04:18 - [MESSAGE][WARNING] - [SELF-HEALING] Failed to find element with id 'Object Repository/Page_Dashboard/div_Student Two'. Try using Self-healing.

2022-01-15 09:04:18 - [MESSAGE][WARNING] - [SELF-HEALING] The current locator of test object 'Object Repository/Page_Dashboard/div_Student Two' was broken. Propose an alternative one: '(.//*[normalize-space(text()) and normalize-space(.)='Private'])[1]/following::div[5]'.

2022-01-15 09:04:19 - [MESSAGE][PASSED] - Object: 'Object Repository/Page_Dashboard/div_Student Two' is clicked on

2022-01-15 09:04:19 - [TEST_STEP][PASSED] - setText(findTestObject("Object Repository/Page_Dashboard/textarea_Use enter to send_yui_3_17_2_1_164_1c2d5d"), "alo"): Text 'alo' is set on object 'Object Repository/Page_Dashboard/textarea_Use enter to send_yui_3_17_2_1_164_1c2d5d'

2022-01-15 09:04:50 - [MESSAGE][INFO] - Unable to find the element located by 'By.xpath: //textarea[@id='yui_3_17_2_1_1641809714717_39']'. Please recheck the objects properties to make sure the desired element is located. 

2022-01-15 09:04:50 - [MESSAGE][WARNING] - [SELF-HEALING] Failed to find element with id 'Object Repository/Page_Dashboard/textarea_Use enter to send_yui_3_17_2_1_164_1c2d5d'. Try using Self-healing.

2022-01-15 09:04:50 - [MESSAGE][WARNING] - [SELF-HEALING] The current locator of test object 'Object Repository/Page_Dashboard/textarea_Use enter to send_yui_3_17_2_1_164_1c2d5d' was broken. Propose an alternative one: '//textarea'.

2022-01-15 09:05:21 - [MESSAGE][INFO] - Unable to find the element located by 'By.xpath: //textarea[@id='yui_3_17_2_1_1641809714717_39']'. Please recheck the objects properties to make sure the desired element is located. 

2022-01-15 09:05:21 - [MESSAGE][WARNING] - [SELF-HEALING] Failed to find element with id 'Object Repository/Page_Dashboard/textarea_Use enter to send_yui_3_17_2_1_164_1c2d5d'. Try using Self-healing.

2022-01-15 09:05:22 - [MESSAGE][WARNING] - [SELF-HEALING] The current locator of test object 'Object Repository/Page_Dashboard/textarea_Use enter to send_yui_3_17_2_1_164_1c2d5d' was broken. Propose an alternative one: '//textarea'.

2022-01-15 09:05:22 - [MESSAGE][PASSED] - Text 'alo' is set on object 'Object Repository/Page_Dashboard/textarea_Use enter to send_yui_3_17_2_1_164_1c2d5d'

2022-01-15 09:05:22 - [TEST_STEP][PASSED] - click(findTestObject("Object Repository/Page_Dashboard/i__icon fa fa-paper-plane fa-fw")): Object: 'Object Repository/Page_Dashboard/i__icon fa fa-paper-plane fa-fw' is clicked on

2022-01-15 09:05:53 - [MESSAGE][INFO] - Unable to find the element located by 'By.xpath: //div[@id='yui_3_17_2_1_1641809714717_40']/div/button[2]/span/i'. Please recheck the objects properties to make sure the desired element is located. 

2022-01-15 09:05:53 - [MESSAGE][WARNING] - [SELF-HEALING] Failed to find element with id 'Object Repository/Page_Dashboard/i__icon fa fa-paper-plane fa-fw'. Try using Self-healing.

2022-01-15 09:05:53 - [MESSAGE][WARNING] - [SELF-HEALING] The current locator of test object 'Object Repository/Page_Dashboard/i__icon fa fa-paper-plane fa-fw' was broken. Propose an alternative one: '//button[2]/span/i'.

2022-01-15 09:05:53 - [MESSAGE][PASSED] - Object: 'Object Repository/Page_Dashboard/i__icon fa fa-paper-plane fa-fw' is clicked on

2022-01-15 09:05:53 - [TEST_STEP][PASSED] - closeBrowser(): Browser is closed

2022-01-15 09:05:54 - [MESSAGE][PASSED] - Browser is closed]]></system-out>
         <system-err><![CDATA[]]></system-err>
      </testcase>
      <testcase name="Test Cases/Chat/Search user and chat" time="201.18" classname="Test Cases/Chat/Search user and chat" status="PASSED">
         <system-out><![CDATA[2022-01-15 09:05:54 - [TEST_CASE][PASSED] - Test Cases/Chat/Search user and chat: Test Cases/Chat/Search user and chat

2022-01-15 09:05:54 - [TEST_STEP][PASSED] - openBrowser(""): Browser is opened with url: ''

2022-01-15 09:05:54 - [MESSAGE][INFO] - Starting 'Chrome' driver

2022-01-15 09:05:54 - [MESSAGE][INFO] - Action delay is set to 0 milliseconds

2022-01-15 09:05:56 - [MESSAGE][PASSED] - Browser is opened with url: ''

2022-01-15 09:05:56 - [TEST_STEP][PASSED] - navigateToUrl("http://localhost/"): Navigate to 'http://localhost/' successfully

2022-01-15 09:05:59 - [MESSAGE][PASSED] - Navigate to 'http://localhost/' successfully

2022-01-15 09:05:59 - [TEST_STEP][PASSED] - click(findTestObject("Object Repository/Page_L Tm Anh/a_Log in")): Object: 'Object Repository/Page_L Tm Anh/a_Log in' is clicked on

2022-01-15 09:06:00 - [MESSAGE][PASSED] - Object: 'Object Repository/Page_L Tm Anh/a_Log in' is clicked on

2022-01-15 09:06:00 - [TEST_STEP][PASSED] - setText(findTestObject("Object Repository/Page_L Tm Anh Log in to the site/input_Username_username"), "admin"): Text 'admin' is set on object 'Object Repository/Page_L Tm Anh Log in to the site/input_Username_username'

2022-01-15 09:06:01 - [MESSAGE][PASSED] - Text 'admin' is set on object 'Object Repository/Page_L Tm Anh Log in to the site/input_Username_username'

2022-01-15 09:06:01 - [TEST_STEP][PASSED] - setEncryptedText(findTestObject("Object Repository/Page_L Tm Anh Log in to the site/input_Password_password"), "eGmz8XUbrLe3vUQiiiujBg=="): Text ****** has been set on object 'Object Repository/Page_L Tm Anh Log in to the site/input_Password_password'

2022-01-15 09:06:01 - [MESSAGE][PASSED] - Text ****** has been set on object 'Object Repository/Page_L Tm Anh Log in to the site/input_Password_password'

2022-01-15 09:06:01 - [TEST_STEP][PASSED] - click(findTestObject("Object Repository/Page_L Tm Anh Log in to the site/button_Log in")): Object: 'Object Repository/Page_L Tm Anh Log in to the site/button_Log in' is clicked on

2022-01-15 09:06:04 - [MESSAGE][PASSED] - Object: 'Object Repository/Page_L Tm Anh Log in to the site/button_Log in' is clicked on

2022-01-15 09:06:04 - [TEST_STEP][PASSED] - click(findTestObject("Object Repository/Page_Dashboard/i_See all_icon fa fa-comment-o fa-fw")): Object: 'Object Repository/Page_Dashboard/i_See all_icon fa fa-comment-o fa-fw' is clicked on

2022-01-15 09:06:35 - [MESSAGE][INFO] - Unable to find the element located by 'By.xpath: //a[@id='message-drawer-toggle-61da31feb585e61da31fe9dea25']/i'. Please recheck the objects properties to make sure the desired element is located. 

2022-01-15 09:06:35 - [MESSAGE][WARNING] - [SELF-HEALING] Failed to find element with id 'Object Repository/Page_Dashboard/i_See all_icon fa fa-comment-o fa-fw'. Try using Self-healing.

2022-01-15 09:06:35 - [MESSAGE][WARNING] - [SELF-HEALING] The current locator of test object 'Object Repository/Page_Dashboard/i_See all_icon fa fa-comment-o fa-fw' was broken. Propose an alternative one: '//div[2]/a/i'.

2022-01-15 09:06:35 - [MESSAGE][PASSED] - Object: 'Object Repository/Page_Dashboard/i_See all_icon fa fa-comment-o fa-fw' is clicked on

2022-01-15 09:06:35 - [TEST_STEP][PASSED] - setText(findTestObject("Object Repository/Page_Dashboard/input_Messages selected_form-control"), "Anh Le"): Text 'Anh Le' is set on object 'Object Repository/Page_Dashboard/input_Messages selected_form-control'

2022-01-15 09:06:36 - [MESSAGE][PASSED] - Text 'Anh Le' is set on object 'Object Repository/Page_Dashboard/input_Messages selected_form-control'

2022-01-15 09:06:36 - [TEST_STEP][PASSED] - click(findTestObject("Object Repository/Page_Dashboard/i_Messages selected_icon fa fa-search fa-fw")): Object: 'Object Repository/Page_Dashboard/i_Messages selected_icon fa fa-search fa-fw' is clicked on

2022-01-15 09:07:08 - [MESSAGE][INFO] - Unable to find the element located by 'By.xpath: //div[@id='yui_3_17_2_1_1641689598842_31']/div[4]/div/div/div/button/span/i'. Please recheck the objects properties to make sure the desired element is located. 

2022-01-15 09:07:08 - [MESSAGE][WARNING] - [SELF-HEALING] Failed to find element with id 'Object Repository/Page_Dashboard/i_Messages selected_icon fa fa-search fa-fw'. Try using Self-healing.

2022-01-15 09:07:08 - [MESSAGE][WARNING] - [SELF-HEALING] The current locator of test object 'Object Repository/Page_Dashboard/i_Messages selected_icon fa fa-search fa-fw' was broken. Propose an alternative one: '//button/span/i'.

2022-01-15 09:07:08 - [MESSAGE][PASSED] - Object: 'Object Repository/Page_Dashboard/i_Messages selected_icon fa fa-search fa-fw' is clicked on

2022-01-15 09:07:08 - [TEST_STEP][PASSED] - click(findTestObject("Object Repository/Page_Dashboard/a_Anh Lee")): Object: 'Object Repository/Page_Dashboard/a_Anh Lee' is clicked on

2022-01-15 09:07:39 - [MESSAGE][INFO] - Unable to find the element located by 'By.xpath: //div[@id='yui_3_17_2_1_1641689598842_26']/div[6]/div/div/div/div[2]/div/a'. Please recheck the objects properties to make sure the desired element is located. 

2022-01-15 09:07:39 - [MESSAGE][WARNING] - [SELF-HEALING] Failed to find element with id 'Object Repository/Page_Dashboard/a_Anh Lee'. Try using Self-healing.

2022-01-15 09:07:40 - [MESSAGE][WARNING] - [SELF-HEALING] The current locator of test object 'Object Repository/Page_Dashboard/a_Anh Lee' was broken. Propose an alternative one: '(.//*[normalize-space(text()) and normalize-space(.)='Non-contacts'])[1]/following::a[1]'.

2022-01-15 09:07:40 - [MESSAGE][PASSED] - Object: 'Object Repository/Page_Dashboard/a_Anh Lee' is clicked on

2022-01-15 09:07:40 - [TEST_STEP][PASSED] - setText(findTestObject("Object Repository/Page_Dashboard/textarea_Use enter to send_yui_3_17_2_1_164_9e4947"), "kk"): Text 'kk' is set on object 'Object Repository/Page_Dashboard/textarea_Use enter to send_yui_3_17_2_1_164_9e4947'

2022-01-15 09:08:11 - [MESSAGE][INFO] - Unable to find the element located by 'By.xpath: //textarea[@id='yui_3_17_2_1_1641689351127_51']'. Please recheck the objects properties to make sure the desired element is located. 

2022-01-15 09:08:11 - [MESSAGE][WARNING] - [SELF-HEALING] Failed to find element with id 'Object Repository/Page_Dashboard/textarea_Use enter to send_yui_3_17_2_1_164_9e4947'. Try using Self-healing.

2022-01-15 09:08:11 - [MESSAGE][WARNING] - [SELF-HEALING] The current locator of test object 'Object Repository/Page_Dashboard/textarea_Use enter to send_yui_3_17_2_1_164_9e4947' was broken. Propose an alternative one: '//textarea'.

2022-01-15 09:08:43 - [MESSAGE][INFO] - Unable to find the element located by 'By.xpath: //textarea[@id='yui_3_17_2_1_1641689351127_51']'. Please recheck the objects properties to make sure the desired element is located. 

2022-01-15 09:08:43 - [MESSAGE][WARNING] - [SELF-HEALING] Failed to find element with id 'Object Repository/Page_Dashboard/textarea_Use enter to send_yui_3_17_2_1_164_9e4947'. Try using Self-healing.

2022-01-15 09:08:43 - [MESSAGE][WARNING] - [SELF-HEALING] The current locator of test object 'Object Repository/Page_Dashboard/textarea_Use enter to send_yui_3_17_2_1_164_9e4947' was broken. Propose an alternative one: '//textarea'.

2022-01-15 09:08:43 - [MESSAGE][PASSED] - Text 'kk' is set on object 'Object Repository/Page_Dashboard/textarea_Use enter to send_yui_3_17_2_1_164_9e4947'

2022-01-15 09:08:43 - [TEST_STEP][PASSED] - click(findTestObject("Object Repository/Page_Dashboard/i__icon fa fa-paper-plane fa-fw")): Object: 'Object Repository/Page_Dashboard/i__icon fa fa-paper-plane fa-fw' is clicked on

2022-01-15 09:09:14 - [MESSAGE][INFO] - Unable to find the element located by 'By.xpath: //div[@id='yui_3_17_2_1_1641809714717_40']/div/button[2]/span/i'. Please recheck the objects properties to make sure the desired element is located. 

2022-01-15 09:09:14 - [MESSAGE][WARNING] - [SELF-HEALING] Failed to find element with id 'Object Repository/Page_Dashboard/i__icon fa fa-paper-plane fa-fw'. Try using Self-healing.

2022-01-15 09:09:15 - [MESSAGE][WARNING] - [SELF-HEALING] The current locator of test object 'Object Repository/Page_Dashboard/i__icon fa fa-paper-plane fa-fw' was broken. Propose an alternative one: '//button[2]/span/i'.

2022-01-15 09:09:15 - [MESSAGE][PASSED] - Object: 'Object Repository/Page_Dashboard/i__icon fa fa-paper-plane fa-fw' is clicked on

2022-01-15 09:09:15 - [TEST_STEP][PASSED] - closeBrowser(): Browser is closed

2022-01-15 09:09:15 - [MESSAGE][PASSED] - Browser is closed]]></system-out>
         <system-err><![CDATA[]]></system-err>
      </testcase>
      <testcase name="Test Cases/Chat/Add contact" time="75.786" classname="Test Cases/Chat/Add contact" status="PASSED">
         <system-out><![CDATA[2022-01-15 09:09:15 - [TEST_CASE][PASSED] - Test Cases/Chat/Add contact: Test Cases/Chat/Add contact

2022-01-15 09:09:16 - [TEST_STEP][PASSED] - openBrowser(""): Browser is opened with url: ''

2022-01-15 09:09:16 - [MESSAGE][INFO] - Starting 'Chrome' driver

2022-01-15 09:09:16 - [MESSAGE][INFO] - Action delay is set to 0 milliseconds

2022-01-15 09:09:17 - [MESSAGE][PASSED] - Browser is opened with url: ''

2022-01-15 09:09:17 - [TEST_STEP][PASSED] - navigateToUrl("http://localhost/"): Navigate to 'http://localhost/' successfully

2022-01-15 09:09:18 - [MESSAGE][PASSED] - Navigate to 'http://localhost/' successfully

2022-01-15 09:09:18 - [TEST_STEP][PASSED] - click(findTestObject("Object Repository/Page_L Tm Anh/a_Log in")): Object: 'Object Repository/Page_L Tm Anh/a_Log in' is clicked on

2022-01-15 09:09:19 - [MESSAGE][PASSED] - Object: 'Object Repository/Page_L Tm Anh/a_Log in' is clicked on

2022-01-15 09:09:19 - [TEST_STEP][PASSED] - setText(findTestObject("Object Repository/Page_L Tm Anh Log in to the site/input_Username_username"), "admin"): Text 'admin' is set on object 'Object Repository/Page_L Tm Anh Log in to the site/input_Username_username'

2022-01-15 09:09:20 - [MESSAGE][PASSED] - Text 'admin' is set on object 'Object Repository/Page_L Tm Anh Log in to the site/input_Username_username'

2022-01-15 09:09:20 - [TEST_STEP][PASSED] - setEncryptedText(findTestObject("Object Repository/Page_L Tm Anh Log in to the site/input_Password_password"), "eGmz8XUbrLe3vUQiiiujBg=="): Text ****** has been set on object 'Object Repository/Page_L Tm Anh Log in to the site/input_Password_password'

2022-01-15 09:09:20 - [MESSAGE][PASSED] - Text ****** has been set on object 'Object Repository/Page_L Tm Anh Log in to the site/input_Password_password'

2022-01-15 09:09:20 - [TEST_STEP][PASSED] - click(findTestObject("Object Repository/Page_L Tm Anh Log in to the site/button_Log in")): Object: 'Object Repository/Page_L Tm Anh Log in to the site/button_Log in' is clicked on

2022-01-15 09:09:22 - [MESSAGE][PASSED] - Object: 'Object Repository/Page_L Tm Anh Log in to the site/button_Log in' is clicked on

2022-01-15 09:09:22 - [TEST_STEP][PASSED] - click(findTestObject("Object Repository/Page_Dashboard/a_0")): Object: 'Object Repository/Page_Dashboard/a_0' is clicked on

2022-01-15 09:09:53 - [MESSAGE][INFO] - Unable to find the element located by 'By.xpath: //a[@id='message-drawer-toggle-61dc107224f9a61dc1072131d45']'. Please recheck the objects properties to make sure the desired element is located. 

2022-01-15 09:09:53 - [MESSAGE][WARNING] - [SELF-HEALING] Failed to find element with id 'Object Repository/Page_Dashboard/a_0'. Try using Self-healing.

2022-01-15 09:09:53 - [MESSAGE][WARNING] - [SELF-HEALING] The current locator of test object 'Object Repository/Page_Dashboard/a_0' was broken. Propose an alternative one: '(.//*[normalize-space(text()) and normalize-space(.)='See all'])[1]/following::a[1]'.

2022-01-15 09:09:54 - [MESSAGE][PASSED] - Object: 'Object Repository/Page_Dashboard/a_0' is clicked on

2022-01-15 09:09:54 - [TEST_STEP][PASSED] - setText(findTestObject("Object Repository/Page_Dashboard/input_Messages selected_form-control"), "Anh Lee"): Text 'Anh Lee' is set on object 'Object Repository/Page_Dashboard/input_Messages selected_form-control'

2022-01-15 09:09:55 - [MESSAGE][PASSED] - Text 'Anh Lee' is set on object 'Object Repository/Page_Dashboard/input_Messages selected_form-control'

2022-01-15 09:09:55 - [TEST_STEP][PASSED] - click(findTestObject("Object Repository/Page_Dashboard/button_Messages selected_btn btn-submit ico_2a7788")): Object: 'Object Repository/Page_Dashboard/button_Messages selected_btn btn-submit ico_2a7788' is clicked on

2022-01-15 09:09:56 - [MESSAGE][PASSED] - Object: 'Object Repository/Page_Dashboard/button_Messages selected_btn btn-submit ico_2a7788' is clicked on

2022-01-15 09:09:56 - [TEST_STEP][PASSED] - click(findTestObject("Object Repository/Page_Dashboard/a_Anh Lee")): Object: 'Object Repository/Page_Dashboard/a_Anh Lee' is clicked on

2022-01-15 09:10:27 - [MESSAGE][INFO] - Unable to find the element located by 'By.xpath: //div[@id='yui_3_17_2_1_1641689598842_26']/div[6]/div/div/div/div[2]/div/a'. Please recheck the objects properties to make sure the desired element is located. 

2022-01-15 09:10:27 - [MESSAGE][WARNING] - [SELF-HEALING] Failed to find element with id 'Object Repository/Page_Dashboard/a_Anh Lee'. Try using Self-healing.

2022-01-15 09:10:27 - [MESSAGE][WARNING] - [SELF-HEALING] The current locator of test object 'Object Repository/Page_Dashboard/a_Anh Lee' was broken. Propose an alternative one: '(.//*[normalize-space(text()) and normalize-space(.)='Non-contacts'])[1]/following::a[1]'.

2022-01-15 09:10:27 - [MESSAGE][PASSED] - Object: 'Object Repository/Page_Dashboard/a_Anh Lee' is clicked on

2022-01-15 09:10:27 - [TEST_STEP][PASSED] - click(findTestObject("Object Repository/Page_Dashboard/i_Anh Lee_icon fa fa-ellipsis-h fa-fw")): Object: 'Object Repository/Page_Dashboard/i_Anh Lee_icon fa fa-ellipsis-h fa-fw' is clicked on

2022-01-15 09:10:28 - [MESSAGE][PASSED] - Object: 'Object Repository/Page_Dashboard/i_Anh Lee_icon fa fa-ellipsis-h fa-fw' is clicked on

2022-01-15 09:10:28 - [TEST_STEP][PASSED] - click(findTestObject("Object Repository/Page_Dashboard/a_User info")): Object: 'Object Repository/Page_Dashboard/a_User info' is clicked on

2022-01-15 09:10:29 - [MESSAGE][PASSED] - Object: 'Object Repository/Page_Dashboard/a_User info' is clicked on

2022-01-15 09:10:29 - [TEST_STEP][PASSED] - click(findTestObject("Object Repository/Page_Dashboard/button_Add to contacts")): Object: 'Object Repository/Page_Dashboard/button_Add to contacts' is clicked on

2022-01-15 09:10:30 - [MESSAGE][PASSED] - Object: 'Object Repository/Page_Dashboard/button_Add to contacts' is clicked on

2022-01-15 09:10:30 - [TEST_STEP][PASSED] - click(findTestObject("Object Repository/Page_Dashboard/button_Add")): Object: 'Object Repository/Page_Dashboard/button_Add' is clicked on

2022-01-15 09:10:30 - [MESSAGE][PASSED] - Object: 'Object Repository/Page_Dashboard/button_Add' is clicked on

2022-01-15 09:10:30 - [TEST_STEP][PASSED] - closeBrowser(): Browser is closed

2022-01-15 09:10:31 - [MESSAGE][PASSED] - Browser is closed]]></system-out>
         <system-err><![CDATA[]]></system-err>
      </testcase>
      <testcase name="Test Cases/Chat/Accept contact" time="166.043" classname="Test Cases/Chat/Accept contact" status="PASSED">
         <system-out><![CDATA[2022-01-15 09:10:31 - [TEST_CASE][PASSED] - Test Cases/Chat/Accept contact: Test Cases/Chat/Accept contact

2022-01-15 09:10:31 - [TEST_STEP][PASSED] - openBrowser(""): Browser is opened with url: ''

2022-01-15 09:10:31 - [MESSAGE][INFO] - Starting 'Chrome' driver

2022-01-15 09:10:31 - [MESSAGE][INFO] - Action delay is set to 0 milliseconds

2022-01-15 09:10:33 - [MESSAGE][PASSED] - Browser is opened with url: ''

2022-01-15 09:10:33 - [TEST_STEP][PASSED] - navigateToUrl("http://localhost/"): Navigate to 'http://localhost/' successfully

2022-01-15 09:10:34 - [MESSAGE][PASSED] - Navigate to 'http://localhost/' successfully

2022-01-15 09:10:34 - [TEST_STEP][PASSED] - click(findTestObject("Object Repository/Page_L Tm Anh/a_Log in")): Object: 'Object Repository/Page_L Tm Anh/a_Log in' is clicked on

2022-01-15 09:10:35 - [MESSAGE][PASSED] - Object: 'Object Repository/Page_L Tm Anh/a_Log in' is clicked on

2022-01-15 09:10:35 - [TEST_STEP][PASSED] - setText(findTestObject("Object Repository/Page_L Tm Anh Log in to the site/input_Username_username"), "admin3"): Text 'admin3' is set on object 'Object Repository/Page_L Tm Anh Log in to the site/input_Username_username'

2022-01-15 09:10:36 - [MESSAGE][PASSED] - Text 'admin3' is set on object 'Object Repository/Page_L Tm Anh Log in to the site/input_Username_username'

2022-01-15 09:10:36 - [TEST_STEP][PASSED] - setEncryptedText(findTestObject("Object Repository/Page_L Tm Anh Log in to the site/input_Password_password"), "eGmz8XUbrLe3vUQiiiujBg=="): Text ****** has been set on object 'Object Repository/Page_L Tm Anh Log in to the site/input_Password_password'

2022-01-15 09:10:36 - [MESSAGE][PASSED] - Text ****** has been set on object 'Object Repository/Page_L Tm Anh Log in to the site/input_Password_password'

2022-01-15 09:10:36 - [TEST_STEP][PASSED] - click(findTestObject("Object Repository/Page_L Tm Anh Log in to the site/button_Log in")): Object: 'Object Repository/Page_L Tm Anh Log in to the site/button_Log in' is clicked on

2022-01-15 09:10:38 - [MESSAGE][PASSED] - Object: 'Object Repository/Page_L Tm Anh Log in to the site/button_Log in' is clicked on

2022-01-15 09:10:38 - [TEST_STEP][PASSED] - click(findTestObject("Object Repository/Page_Dashboard/i_See all_icon fa fa-comment-o fa-fw")): Object: 'Object Repository/Page_Dashboard/i_See all_icon fa fa-comment-o fa-fw' is clicked on

2022-01-15 09:11:09 - [MESSAGE][INFO] - Unable to find the element located by 'By.xpath: //a[@id='message-drawer-toggle-61da31feb585e61da31fe9dea25']/i'. Please recheck the objects properties to make sure the desired element is located. 

2022-01-15 09:11:09 - [MESSAGE][WARNING] - [SELF-HEALING] Failed to find element with id 'Object Repository/Page_Dashboard/i_See all_icon fa fa-comment-o fa-fw'. Try using Self-healing.

2022-01-15 09:11:09 - [MESSAGE][WARNING] - [SELF-HEALING] The current locator of test object 'Object Repository/Page_Dashboard/i_See all_icon fa fa-comment-o fa-fw' was broken. Propose an alternative one: '//div[2]/a/i'.

2022-01-15 09:11:10 - [MESSAGE][PASSED] - Object: 'Object Repository/Page_Dashboard/i_See all_icon fa fa-comment-o fa-fw' is clicked on

2022-01-15 09:11:10 - [TEST_STEP][PASSED] - click(findTestObject("Object Repository/Page_Dashboard/a_Contacts                                 _4239a2")): Object: 'Object Repository/Page_Dashboard/a_Contacts                                 _4239a2' is clicked on

2022-01-15 09:11:41 - [MESSAGE][INFO] - Unable to find the element located by 'By.xpath: //div[@id='message-drawer-61d55e0da414861d55e0d8b2d37']/div[2]/div[3]/div[2]/a'. Please recheck the objects properties to make sure the desired element is located. 

2022-01-15 09:11:41 - [MESSAGE][WARNING] - [SELF-HEALING] Failed to find element with id 'Object Repository/Page_Dashboard/a_Contacts                                 _4239a2'. Try using Self-healing.

2022-01-15 09:11:41 - [MESSAGE][WARNING] - [SELF-HEALING] The current locator of test object 'Object Repository/Page_Dashboard/a_Contacts                                 _4239a2' was broken. Propose an alternative one: '(.//*[normalize-space(text()) and normalize-space(.)='Contacts'])[1]/following::a[3]'.

2022-01-15 09:11:41 - [MESSAGE][PASSED] - Object: 'Object Repository/Page_Dashboard/a_Contacts                                 _4239a2' is clicked on

2022-01-15 09:11:41 - [TEST_STEP][PASSED] - click(findTestObject("Object Repository/Page_Dashboard/a_Requests                                 _76dac8")): Object: 'Object Repository/Page_Dashboard/a_Requests                                 _76dac8' is clicked on

2022-01-15 09:12:13 - [MESSAGE][INFO] - Unable to find the element located by 'By.xpath: //a[@id='requests-tab-61d55e0da414861d55e0d8b2d37']'. Please recheck the objects properties to make sure the desired element is located. 

2022-01-15 09:12:13 - [MESSAGE][WARNING] - [SELF-HEALING] Failed to find element with id 'Object Repository/Page_Dashboard/a_Requests                                 _76dac8'. Try using Self-healing.

2022-01-15 09:12:13 - [MESSAGE][WARNING] - [SELF-HEALING] The current locator of test object 'Object Repository/Page_Dashboard/a_Requests                                 _76dac8' was broken. Propose an alternative one: '(.//*[normalize-space(text()) and normalize-space(.)='Contacts'])[2]/following::a[1]'.

2022-01-15 09:12:13 - [MESSAGE][PASSED] - Object: 'Object Repository/Page_Dashboard/a_Requests                                 _76dac8' is clicked on

2022-01-15 09:12:13 - [TEST_STEP][PASSED] - click(findTestObject("Object Repository/Page_Dashboard/p_Would like to contact you")): Object: 'Object Repository/Page_Dashboard/p_Would like to contact you' is clicked on

2022-01-15 09:12:44 - [MESSAGE][INFO] - Unable to find the element located by 'By.xpath: //div[@id='requests-tab-panel-61d55e0da414861d55e0d8b2d37']/div[2]/a/div/p'. Please recheck the objects properties to make sure the desired element is located. 

2022-01-15 09:12:44 - [MESSAGE][WARNING] - [SELF-HEALING] Failed to find element with id 'Object Repository/Page_Dashboard/p_Would like to contact you'. Try using Self-healing.

2022-01-15 09:12:45 - [MESSAGE][WARNING] - [SELF-HEALING] The current locator of test object 'Object Repository/Page_Dashboard/p_Would like to contact you' was broken. Propose an alternative one: '(.//*[normalize-space(text()) and normalize-space(.)='Admin User'])[1]/following::p[1]'.

2022-01-15 09:12:45 - [MESSAGE][PASSED] - Object: 'Object Repository/Page_Dashboard/p_Would like to contact you' is clicked on

2022-01-15 09:12:45 - [TEST_STEP][PASSED] - click(findTestObject("Object Repository/Page_Dashboard/span_Accept and add to contacts")): Object: 'Object Repository/Page_Dashboard/span_Accept and add to contacts' is clicked on

2022-01-15 09:13:16 - [MESSAGE][INFO] - Unable to find the element located by 'By.xpath: //div[@id='yui_3_17_2_1_1641373197849_26']/div[3]/div/div[2]/div/button[8]/span'. Please recheck the objects properties to make sure the desired element is located. 

2022-01-15 09:13:16 - [MESSAGE][WARNING] - [SELF-HEALING] Failed to find element with id 'Object Repository/Page_Dashboard/span_Accept and add to contacts'. Try using Self-healing.

2022-01-15 09:13:16 - [MESSAGE][WARNING] - [SELF-HEALING] The current locator of test object 'Object Repository/Page_Dashboard/span_Accept and add to contacts' was broken. Propose an alternative one: '(.//*[normalize-space(text()) and normalize-space(.)='Send contact request'])[1]/following::span[3]'.

2022-01-15 09:13:16 - [MESSAGE][PASSED] - Object: 'Object Repository/Page_Dashboard/span_Accept and add to contacts' is clicked on

2022-01-15 09:13:16 - [TEST_STEP][PASSED] - closeBrowser(): Browser is closed

2022-01-15 09:13:17 - [MESSAGE][PASSED] - Browser is closed]]></system-out>
         <system-err><![CDATA[]]></system-err>
      </testcase>
      <testcase name="Test Cases/Chat/Remove a contact" time="105.028" classname="Test Cases/Chat/Remove a contact" status="PASSED">
         <system-out><![CDATA[2022-01-15 09:13:17 - [TEST_CASE][PASSED] - Test Cases/Chat/Remove a contact: Test Cases/Chat/Remove a contact

2022-01-15 09:13:17 - [TEST_STEP][PASSED] - openBrowser(""): Browser is opened with url: ''

2022-01-15 09:13:17 - [MESSAGE][INFO] - Starting 'Chrome' driver

2022-01-15 09:13:17 - [MESSAGE][INFO] - Action delay is set to 0 milliseconds

2022-01-15 09:13:19 - [MESSAGE][PASSED] - Browser is opened with url: ''

2022-01-15 09:13:19 - [TEST_STEP][PASSED] - navigateToUrl("http://localhost/"): Navigate to 'http://localhost/' successfully

2022-01-15 09:13:20 - [MESSAGE][PASSED] - Navigate to 'http://localhost/' successfully

2022-01-15 09:13:20 - [TEST_STEP][PASSED] - click(findTestObject("Object Repository/Page_L Tm Anh/a_Log in")): Object: 'Object Repository/Page_L Tm Anh/a_Log in' is clicked on

2022-01-15 09:13:20 - [MESSAGE][PASSED] - Object: 'Object Repository/Page_L Tm Anh/a_Log in' is clicked on

2022-01-15 09:13:20 - [TEST_STEP][PASSED] - setText(findTestObject("Object Repository/Page_L Tm Anh Log in to the site/input_Username_username"), "admin"): Text 'admin' is set on object 'Object Repository/Page_L Tm Anh Log in to the site/input_Username_username'

2022-01-15 09:13:21 - [MESSAGE][PASSED] - Text 'admin' is set on object 'Object Repository/Page_L Tm Anh Log in to the site/input_Username_username'

2022-01-15 09:13:21 - [TEST_STEP][PASSED] - setEncryptedText(findTestObject("Object Repository/Page_L Tm Anh Log in to the site/input_Password_password"), "eGmz8XUbrLe3vUQiiiujBg=="): Text ****** has been set on object 'Object Repository/Page_L Tm Anh Log in to the site/input_Password_password'

2022-01-15 09:13:22 - [MESSAGE][PASSED] - Text ****** has been set on object 'Object Repository/Page_L Tm Anh Log in to the site/input_Password_password'

2022-01-15 09:13:22 - [TEST_STEP][PASSED] - click(findTestObject("Object Repository/Page_L Tm Anh Log in to the site/button_Log in")): Object: 'Object Repository/Page_L Tm Anh Log in to the site/button_Log in' is clicked on

2022-01-15 09:13:23 - [MESSAGE][PASSED] - Object: 'Object Repository/Page_L Tm Anh Log in to the site/button_Log in' is clicked on

2022-01-15 09:13:23 - [TEST_STEP][PASSED] - click(findTestObject("Object Repository/Page_Dashboard/i_See all_icon fa fa-comment-o fa-fw")): Object: 'Object Repository/Page_Dashboard/i_See all_icon fa fa-comment-o fa-fw' is clicked on

2022-01-15 09:13:55 - [MESSAGE][INFO] - Unable to find the element located by 'By.xpath: //a[@id='message-drawer-toggle-61da31feb585e61da31fe9dea25']/i'. Please recheck the objects properties to make sure the desired element is located. 

2022-01-15 09:13:55 - [MESSAGE][WARNING] - [SELF-HEALING] Failed to find element with id 'Object Repository/Page_Dashboard/i_See all_icon fa fa-comment-o fa-fw'. Try using Self-healing.

2022-01-15 09:13:55 - [MESSAGE][WARNING] - [SELF-HEALING] The current locator of test object 'Object Repository/Page_Dashboard/i_See all_icon fa fa-comment-o fa-fw' was broken. Propose an alternative one: '//div[2]/a/i'.

2022-01-15 09:13:55 - [MESSAGE][PASSED] - Object: 'Object Repository/Page_Dashboard/i_See all_icon fa fa-comment-o fa-fw' is clicked on

2022-01-15 09:13:55 - [TEST_STEP][PASSED] - click(findTestObject("Object Repository/Page_Dashboard/button_Private                             _e23f4d")): Object: 'Object Repository/Page_Dashboard/button_Private                             _e23f4d' is clicked on

2022-01-15 09:13:56 - [MESSAGE][PASSED] - Object: 'Object Repository/Page_Dashboard/button_Private                             _e23f4d' is clicked on

2022-01-15 09:13:56 - [TEST_STEP][PASSED] - click(findTestObject("Object Repository/Page_Dashboard/i__icon fa fa-chevron-right fa-fw")): Object: 'Object Repository/Page_Dashboard/i__icon fa fa-chevron-right fa-fw' is clicked on

2022-01-15 09:14:27 - [MESSAGE][INFO] - Unable to find the element located by 'By.xpath: //div[@id='view-overview-messages-target-61d5c032d7e3961d5c032c12767']/div[2]/a/div[2]/div[2]/div/span/i'. Please recheck the objects properties to make sure the desired element is located. 

2022-01-15 09:14:27 - [MESSAGE][WARNING] - [SELF-HEALING] Failed to find element with id 'Object Repository/Page_Dashboard/i__icon fa fa-chevron-right fa-fw'. Try using Self-healing.

2022-01-15 09:14:27 - [MESSAGE][WARNING] - [SELF-HEALING] The current locator of test object 'Object Repository/Page_Dashboard/i__icon fa fa-chevron-right fa-fw' was broken. Propose an alternative one: '//div[3]/div[2]/div[2]/a/div[2]/div[2]/div/span/i'.

2022-01-15 09:14:27 - [MESSAGE][PASSED] - Object: 'Object Repository/Page_Dashboard/i__icon fa fa-chevron-right fa-fw' is clicked on

2022-01-15 09:14:27 - [TEST_STEP][PASSED] - click(findTestObject("Object Repository/Page_Dashboard/button_Anh Lee_conversation-actions-menu-button")): Object: 'Object Repository/Page_Dashboard/button_Anh Lee_conversation-actions-menu-button' is clicked on

2022-01-15 09:14:28 - [MESSAGE][PASSED] - Object: 'Object Repository/Page_Dashboard/button_Anh Lee_conversation-actions-menu-button' is clicked on

2022-01-15 09:14:28 - [TEST_STEP][PASSED] - click(findTestObject("Object Repository/Page_Dashboard/a_User info")): Object: 'Object Repository/Page_Dashboard/a_User info' is clicked on

2022-01-15 09:14:29 - [MESSAGE][PASSED] - Object: 'Object Repository/Page_Dashboard/a_User info' is clicked on

2022-01-15 09:14:29 - [TEST_STEP][PASSED] - click(findTestObject("Object Repository/Page_Dashboard/button_Remove from contacts")): Object: 'Object Repository/Page_Dashboard/button_Remove from contacts' is clicked on

2022-01-15 09:14:30 - [MESSAGE][PASSED] - Object: 'Object Repository/Page_Dashboard/button_Remove from contacts' is clicked on

2022-01-15 09:14:30 - [TEST_STEP][PASSED] - click(findTestObject("Object Repository/Page_Dashboard/span_Remove")): Object: 'Object Repository/Page_Dashboard/span_Remove' is clicked on

2022-01-15 09:15:01 - [MESSAGE][INFO] - Unable to find the element located by 'By.xpath: //div[@id='yui_3_17_2_1_1641398322952_26']/div[3]/div/div[2]/div/button[3]/span'. Please recheck the objects properties to make sure the desired element is located. 

2022-01-15 09:15:01 - [MESSAGE][WARNING] - [SELF-HEALING] Failed to find element with id 'Object Repository/Page_Dashboard/span_Remove'. Try using Self-healing.

2022-01-15 09:15:01 - [MESSAGE][WARNING] - [SELF-HEALING] The current locator of test object 'Object Repository/Page_Dashboard/span_Remove' was broken. Propose an alternative one: '(.//*[normalize-space(text()) and normalize-space(.)='Unblock'])[1]/following::span[3]'.

2022-01-15 09:15:01 - [MESSAGE][PASSED] - Object: 'Object Repository/Page_Dashboard/span_Remove' is clicked on

2022-01-15 09:15:01 - [TEST_STEP][PASSED] - closeBrowser(): Browser is closed

2022-01-15 09:15:02 - [MESSAGE][PASSED] - Browser is closed]]></system-out>
         <system-err><![CDATA[]]></system-err>
      </testcase>
      <testcase name="Test Cases/Chat/Cancel block user" time="105.306" classname="Test Cases/Chat/Cancel block user" status="PASSED">
         <system-out><![CDATA[2022-01-15 09:15:02 - [TEST_CASE][PASSED] - Test Cases/Chat/Cancel block user: Test Cases/Chat/Cancel block user

2022-01-15 09:15:02 - [TEST_STEP][PASSED] - openBrowser(""): Browser is opened with url: ''

2022-01-15 09:15:02 - [MESSAGE][INFO] - Starting 'Chrome' driver

2022-01-15 09:15:02 - [MESSAGE][INFO] - Action delay is set to 0 milliseconds

2022-01-15 09:15:04 - [MESSAGE][PASSED] - Browser is opened with url: ''

2022-01-15 09:15:04 - [TEST_STEP][PASSED] - navigateToUrl("http://localhost/"): Navigate to 'http://localhost/' successfully

2022-01-15 09:15:05 - [MESSAGE][PASSED] - Navigate to 'http://localhost/' successfully

2022-01-15 09:15:05 - [TEST_STEP][PASSED] - click(findTestObject("Object Repository/Page_L Tm Anh/a_Log in")): Object: 'Object Repository/Page_L Tm Anh/a_Log in' is clicked on

2022-01-15 09:15:05 - [MESSAGE][PASSED] - Object: 'Object Repository/Page_L Tm Anh/a_Log in' is clicked on

2022-01-15 09:15:05 - [TEST_STEP][PASSED] - setText(findTestObject("Object Repository/Page_L Tm Anh Log in to the site/input_Username_username"), "admin"): Text 'admin' is set on object 'Object Repository/Page_L Tm Anh Log in to the site/input_Username_username'

2022-01-15 09:15:06 - [MESSAGE][PASSED] - Text 'admin' is set on object 'Object Repository/Page_L Tm Anh Log in to the site/input_Username_username'

2022-01-15 09:15:06 - [TEST_STEP][PASSED] - setEncryptedText(findTestObject("Object Repository/Page_L Tm Anh Log in to the site/input_Password_password"), "eGmz8XUbrLe3vUQiiiujBg=="): Text ****** has been set on object 'Object Repository/Page_L Tm Anh Log in to the site/input_Password_password'

2022-01-15 09:15:07 - [MESSAGE][PASSED] - Text ****** has been set on object 'Object Repository/Page_L Tm Anh Log in to the site/input_Password_password'

2022-01-15 09:15:07 - [TEST_STEP][PASSED] - click(findTestObject("Object Repository/Page_L Tm Anh Log in to the site/button_Log in")): Object: 'Object Repository/Page_L Tm Anh Log in to the site/button_Log in' is clicked on

2022-01-15 09:15:08 - [MESSAGE][PASSED] - Object: 'Object Repository/Page_L Tm Anh Log in to the site/button_Log in' is clicked on

2022-01-15 09:15:08 - [TEST_STEP][PASSED] - click(findTestObject("Object Repository/Page_Dashboard/a_0")): Object: 'Object Repository/Page_Dashboard/a_0' is clicked on

2022-01-15 09:15:39 - [MESSAGE][INFO] - Unable to find the element located by 'By.xpath: //a[@id='message-drawer-toggle-61dc107224f9a61dc1072131d45']'. Please recheck the objects properties to make sure the desired element is located. 

2022-01-15 09:15:39 - [MESSAGE][WARNING] - [SELF-HEALING] Failed to find element with id 'Object Repository/Page_Dashboard/a_0'. Try using Self-healing.

2022-01-15 09:15:40 - [MESSAGE][WARNING] - [SELF-HEALING] The current locator of test object 'Object Repository/Page_Dashboard/a_0' was broken. Propose an alternative one: '(.//*[normalize-space(text()) and normalize-space(.)='See all'])[1]/following::a[1]'.

2022-01-15 09:15:40 - [MESSAGE][PASSED] - Object: 'Object Repository/Page_Dashboard/a_0' is clicked on

2022-01-15 09:15:40 - [TEST_STEP][PASSED] - setText(findTestObject("Object Repository/Page_Dashboard/input_Messages selected_form-control"), "student"): Text 'student' is set on object 'Object Repository/Page_Dashboard/input_Messages selected_form-control'

2022-01-15 09:15:41 - [MESSAGE][PASSED] - Text 'student' is set on object 'Object Repository/Page_Dashboard/input_Messages selected_form-control'

2022-01-15 09:15:41 - [TEST_STEP][PASSED] - click(findTestObject("Object Repository/Page_Dashboard/button_Messages selected_btn btn-submit ico_2a7788")): Object: 'Object Repository/Page_Dashboard/button_Messages selected_btn btn-submit ico_2a7788' is clicked on

2022-01-15 09:15:42 - [MESSAGE][PASSED] - Object: 'Object Repository/Page_Dashboard/button_Messages selected_btn btn-submit ico_2a7788' is clicked on

2022-01-15 09:15:42 - [TEST_STEP][PASSED] - click(findTestObject("Object Repository/Page_Dashboard/a_Student One")): Object: 'Object Repository/Page_Dashboard/a_Student One' is clicked on

2022-01-15 09:16:13 - [MESSAGE][INFO] - Unable to find the element located by 'By.xpath: //div[@id='yui_3_17_2_1_1641386046992_25']/div[6]/div/div/div/div[2]/div/a'. Please recheck the objects properties to make sure the desired element is located. 

2022-01-15 09:16:13 - [MESSAGE][WARNING] - [SELF-HEALING] Failed to find element with id 'Object Repository/Page_Dashboard/a_Student One'. Try using Self-healing.

2022-01-15 09:16:13 - [MESSAGE][WARNING] - [SELF-HEALING] The current locator of test object 'Object Repository/Page_Dashboard/a_Student One' was broken. Propose an alternative one: '(.//*[normalize-space(text()) and normalize-space(.)='Non-contacts'])[1]/following::a[1]'.

2022-01-15 09:16:13 - [MESSAGE][PASSED] - Object: 'Object Repository/Page_Dashboard/a_Student One' is clicked on

2022-01-15 09:16:13 - [TEST_STEP][PASSED] - click(findTestObject("Object Repository/Page_Dashboard/i_Student One_icon fa fa-ellipsis-h fa-fw")): Object: 'Object Repository/Page_Dashboard/i_Student One_icon fa fa-ellipsis-h fa-fw' is clicked on

2022-01-15 09:16:15 - [MESSAGE][PASSED] - Object: 'Object Repository/Page_Dashboard/i_Student One_icon fa fa-ellipsis-h fa-fw' is clicked on

2022-01-15 09:16:15 - [TEST_STEP][PASSED] - click(findTestObject("Object Repository/Page_Dashboard/a_Block user")): Object: 'Object Repository/Page_Dashboard/a_Block user' is clicked on

2022-01-15 09:16:15 - [MESSAGE][PASSED] - Object: 'Object Repository/Page_Dashboard/a_Block user' is clicked on

2022-01-15 09:16:15 - [TEST_STEP][PASSED] - click(findTestObject("Object Repository/Page_Dashboard/button_Cancel")): Object: 'Object Repository/Page_Dashboard/button_Cancel' is clicked on

2022-01-15 09:16:46 - [MESSAGE][INFO] - Unable to find the element located by 'By.xpath: (//button[@type='button'])[22]'. Please recheck the objects properties to make sure the desired element is located. 

2022-01-15 09:16:46 - [MESSAGE][WARNING] - [SELF-HEALING] Failed to find element with id 'Object Repository/Page_Dashboard/button_Cancel'. Try using Self-healing.

2022-01-15 09:16:47 - [MESSAGE][WARNING] - [SELF-HEALING] The current locator of test object 'Object Repository/Page_Dashboard/button_Cancel' was broken. Propose an alternative one: '(.//*[normalize-space(text()) and normalize-space(.)='OK'])[1]/following::button[1]'.

2022-01-15 09:16:47 - [MESSAGE][PASSED] - Object: 'Object Repository/Page_Dashboard/button_Cancel' is clicked on

2022-01-15 09:16:47 - [TEST_STEP][PASSED] - closeBrowser(): Browser is closed

2022-01-15 09:16:47 - [MESSAGE][PASSED] - Browser is closed]]></system-out>
         <system-err><![CDATA[]]></system-err>
      </testcase>
      <testcase name="Test Cases/Chat/Block user" time="75.171" classname="Test Cases/Chat/Block user" status="PASSED">
         <system-out><![CDATA[2022-01-15 09:16:47 - [TEST_CASE][PASSED] - Test Cases/Chat/Block user: Test Cases/Chat/Block user

2022-01-15 09:16:48 - [TEST_STEP][PASSED] - openBrowser(""): Browser is opened with url: ''

2022-01-15 09:16:48 - [MESSAGE][INFO] - Starting 'Chrome' driver

2022-01-15 09:16:48 - [MESSAGE][INFO] - Action delay is set to 0 milliseconds

2022-01-15 09:16:49 - [MESSAGE][PASSED] - Browser is opened with url: ''

2022-01-15 09:16:49 - [TEST_STEP][PASSED] - navigateToUrl("http://localhost/"): Navigate to 'http://localhost/' successfully

2022-01-15 09:16:50 - [MESSAGE][PASSED] - Navigate to 'http://localhost/' successfully

2022-01-15 09:16:50 - [TEST_STEP][PASSED] - click(findTestObject("Object Repository/Page_L Tm Anh/a_Log in")): Object: 'Object Repository/Page_L Tm Anh/a_Log in' is clicked on

2022-01-15 09:16:50 - [MESSAGE][PASSED] - Object: 'Object Repository/Page_L Tm Anh/a_Log in' is clicked on

2022-01-15 09:16:50 - [TEST_STEP][PASSED] - click(findTestObject("Object Repository/Page_L Tm Anh Log in to the site/form_Username                              _635ab4")): Object: 'Object Repository/Page_L Tm Anh Log in to the site/form_Username                              _635ab4' is clicked on

2022-01-15 09:16:51 - [MESSAGE][PASSED] - Object: 'Object Repository/Page_L Tm Anh Log in to the site/form_Username                              _635ab4' is clicked on

2022-01-15 09:16:51 - [TEST_STEP][PASSED] - setText(findTestObject("Object Repository/Page_L Tm Anh Log in to the site/input_Username_username"), "admin"): Text 'admin' is set on object 'Object Repository/Page_L Tm Anh Log in to the site/input_Username_username'

2022-01-15 09:16:52 - [MESSAGE][PASSED] - Text 'admin' is set on object 'Object Repository/Page_L Tm Anh Log in to the site/input_Username_username'

2022-01-15 09:16:52 - [TEST_STEP][PASSED] - setEncryptedText(findTestObject("Object Repository/Page_L Tm Anh Log in to the site/input_Password_password"), "eGmz8XUbrLe3vUQiiiujBg=="): Text ****** has been set on object 'Object Repository/Page_L Tm Anh Log in to the site/input_Password_password'

2022-01-15 09:16:52 - [MESSAGE][PASSED] - Text ****** has been set on object 'Object Repository/Page_L Tm Anh Log in to the site/input_Password_password'

2022-01-15 09:16:52 - [TEST_STEP][PASSED] - click(findTestObject("Object Repository/Page_L Tm Anh Log in to the site/button_Log in")): Object: 'Object Repository/Page_L Tm Anh Log in to the site/button_Log in' is clicked on

2022-01-15 09:16:54 - [MESSAGE][PASSED] - Object: 'Object Repository/Page_L Tm Anh Log in to the site/button_Log in' is clicked on

2022-01-15 09:16:54 - [TEST_STEP][PASSED] - click(findTestObject("Object Repository/Page_Dashboard/a_0")): Object: 'Object Repository/Page_Dashboard/a_0' is clicked on

2022-01-15 09:17:25 - [MESSAGE][INFO] - Unable to find the element located by 'By.xpath: //a[@id='message-drawer-toggle-61dc107224f9a61dc1072131d45']'. Please recheck the objects properties to make sure the desired element is located. 

2022-01-15 09:17:25 - [MESSAGE][WARNING] - [SELF-HEALING] Failed to find element with id 'Object Repository/Page_Dashboard/a_0'. Try using Self-healing.

2022-01-15 09:17:25 - [MESSAGE][WARNING] - [SELF-HEALING] The current locator of test object 'Object Repository/Page_Dashboard/a_0' was broken. Propose an alternative one: '(.//*[normalize-space(text()) and normalize-space(.)='See all'])[1]/following::a[1]'.

2022-01-15 09:17:25 - [MESSAGE][PASSED] - Object: 'Object Repository/Page_Dashboard/a_0' is clicked on

2022-01-15 09:17:25 - [TEST_STEP][PASSED] - setText(findTestObject("Object Repository/Page_Dashboard/input_Messages selected_form-control"), "student"): Text 'student' is set on object 'Object Repository/Page_Dashboard/input_Messages selected_form-control'

2022-01-15 09:17:27 - [MESSAGE][PASSED] - Text 'student' is set on object 'Object Repository/Page_Dashboard/input_Messages selected_form-control'

2022-01-15 09:17:27 - [TEST_STEP][PASSED] - click(findTestObject("Object Repository/Page_Dashboard/button_Messages selected_btn btn-submit ico_2a7788")): Object: 'Object Repository/Page_Dashboard/button_Messages selected_btn btn-submit ico_2a7788' is clicked on

2022-01-15 09:17:27 - [MESSAGE][PASSED] - Object: 'Object Repository/Page_Dashboard/button_Messages selected_btn btn-submit ico_2a7788' is clicked on

2022-01-15 09:17:27 - [TEST_STEP][PASSED] - click(findTestObject("Object Repository/Page_Dashboard/a_Student Two")): Object: 'Object Repository/Page_Dashboard/a_Student Two' is clicked on

2022-01-15 09:17:58 - [MESSAGE][INFO] - Unable to find the element located by 'By.xpath: //div[@id='yui_3_17_2_1_1641382110919_25']/div[6]/div/div/div/div[2]/div/a[2]'. Please recheck the objects properties to make sure the desired element is located. 

2022-01-15 09:17:58 - [MESSAGE][WARNING] - [SELF-HEALING] Failed to find element with id 'Object Repository/Page_Dashboard/a_Student Two'. Try using Self-healing.

2022-01-15 09:17:59 - [MESSAGE][WARNING] - [SELF-HEALING] The current locator of test object 'Object Repository/Page_Dashboard/a_Student Two' was broken. Propose an alternative one: '(.//*[normalize-space(text()) and normalize-space(.)='Student'])[1]/following::a[1]'.

2022-01-15 09:17:59 - [MESSAGE][PASSED] - Object: 'Object Repository/Page_Dashboard/a_Student Two' is clicked on

2022-01-15 09:17:59 - [TEST_STEP][PASSED] - click(findTestObject("Object Repository/Page_Dashboard/i_Student Two_icon fa fa-ellipsis-h fa-fw")): Object: 'Object Repository/Page_Dashboard/i_Student Two_icon fa fa-ellipsis-h fa-fw' is clicked on

2022-01-15 09:18:00 - [MESSAGE][PASSED] - Object: 'Object Repository/Page_Dashboard/i_Student Two_icon fa fa-ellipsis-h fa-fw' is clicked on

2022-01-15 09:18:00 - [TEST_STEP][PASSED] - click(findTestObject("Object Repository/Page_Dashboard/a_User info")): Object: 'Object Repository/Page_Dashboard/a_User info' is clicked on

2022-01-15 09:18:01 - [MESSAGE][PASSED] - Object: 'Object Repository/Page_Dashboard/a_User info' is clicked on

2022-01-15 09:18:01 - [TEST_STEP][PASSED] - click(findTestObject("Object Repository/Page_Dashboard/button_Block user")): Object: 'Object Repository/Page_Dashboard/button_Block user' is clicked on

2022-01-15 09:18:01 - [MESSAGE][PASSED] - Object: 'Object Repository/Page_Dashboard/button_Block user' is clicked on

2022-01-15 09:18:01 - [TEST_STEP][PASSED] - click(findTestObject("Object Repository/Page_Dashboard/button_Block")): Object: 'Object Repository/Page_Dashboard/button_Block' is clicked on

2022-01-15 09:18:02 - [MESSAGE][PASSED] - Object: 'Object Repository/Page_Dashboard/button_Block' is clicked on

2022-01-15 09:18:02 - [TEST_STEP][PASSED] - closeBrowser(): Browser is closed

2022-01-15 09:18:03 - [MESSAGE][PASSED] - Browser is closed]]></system-out>
         <system-err><![CDATA[]]></system-err>
      </testcase>
      <testcase name="Test Cases/Chat/Unblock user" time="180.758" classname="Test Cases/Chat/Unblock user" status="PASSED">
         <system-out><![CDATA[2022-01-15 09:18:03 - [TEST_CASE][PASSED] - Test Cases/Chat/Unblock user: Test Cases/Chat/Unblock user

2022-01-15 09:18:03 - [TEST_STEP][PASSED] - openBrowser(""): Browser is opened with url: ''

2022-01-15 09:18:03 - [MESSAGE][INFO] - Starting 'Chrome' driver

2022-01-15 09:18:03 - [MESSAGE][INFO] - Action delay is set to 0 milliseconds

2022-01-15 09:18:05 - [MESSAGE][PASSED] - Browser is opened with url: ''

2022-01-15 09:18:05 - [TEST_STEP][PASSED] - navigateToUrl("http://localhost/"): Navigate to 'http://localhost/' successfully

2022-01-15 09:18:06 - [MESSAGE][PASSED] - Navigate to 'http://localhost/' successfully

2022-01-15 09:18:06 - [TEST_STEP][PASSED] - click(findTestObject("Object Repository/Page_L Tm Anh/a_Log in")): Object: 'Object Repository/Page_L Tm Anh/a_Log in' is clicked on

2022-01-15 09:18:07 - [MESSAGE][PASSED] - Object: 'Object Repository/Page_L Tm Anh/a_Log in' is clicked on

2022-01-15 09:18:07 - [TEST_STEP][PASSED] - setText(findTestObject("Object Repository/Page_L Tm Anh Log in to the site/input_Username_username"), "admin"): Text 'admin' is set on object 'Object Repository/Page_L Tm Anh Log in to the site/input_Username_username'

2022-01-15 09:18:08 - [MESSAGE][PASSED] - Text 'admin' is set on object 'Object Repository/Page_L Tm Anh Log in to the site/input_Username_username'

2022-01-15 09:18:08 - [TEST_STEP][PASSED] - setEncryptedText(findTestObject("Object Repository/Page_L Tm Anh Log in to the site/input_Password_password"), "eGmz8XUbrLe3vUQiiiujBg=="): Text ****** has been set on object 'Object Repository/Page_L Tm Anh Log in to the site/input_Password_password'

2022-01-15 09:18:09 - [MESSAGE][PASSED] - Text ****** has been set on object 'Object Repository/Page_L Tm Anh Log in to the site/input_Password_password'

2022-01-15 09:18:09 - [TEST_STEP][PASSED] - click(findTestObject("Object Repository/Page_L Tm Anh Log in to the site/button_Log in")): Object: 'Object Repository/Page_L Tm Anh Log in to the site/button_Log in' is clicked on

2022-01-15 09:18:11 - [MESSAGE][PASSED] - Object: 'Object Repository/Page_L Tm Anh Log in to the site/button_Log in' is clicked on

2022-01-15 09:18:11 - [TEST_STEP][PASSED] - click(findTestObject("Object Repository/Page_Dashboard/i_See all_icon fa fa-comment-o fa-fw")): Object: 'Object Repository/Page_Dashboard/i_See all_icon fa fa-comment-o fa-fw' is clicked on

2022-01-15 09:18:42 - [MESSAGE][INFO] - Unable to find the element located by 'By.xpath: //a[@id='message-drawer-toggle-61da31feb585e61da31fe9dea25']/i'. Please recheck the objects properties to make sure the desired element is located. 

2022-01-15 09:18:42 - [MESSAGE][WARNING] - [SELF-HEALING] Failed to find element with id 'Object Repository/Page_Dashboard/i_See all_icon fa fa-comment-o fa-fw'. Try using Self-healing.

2022-01-15 09:18:42 - [MESSAGE][WARNING] - [SELF-HEALING] The current locator of test object 'Object Repository/Page_Dashboard/i_See all_icon fa fa-comment-o fa-fw' was broken. Propose an alternative one: '//div[2]/a/i'.

2022-01-15 09:18:43 - [MESSAGE][PASSED] - Object: 'Object Repository/Page_Dashboard/i_See all_icon fa fa-comment-o fa-fw' is clicked on

2022-01-15 09:18:43 - [TEST_STEP][PASSED] - setText(findTestObject("Object Repository/Page_Dashboard/input_Messages selected_form-control"), "student"): Text 'student' is set on object 'Object Repository/Page_Dashboard/input_Messages selected_form-control'

2022-01-15 09:18:44 - [MESSAGE][PASSED] - Text 'student' is set on object 'Object Repository/Page_Dashboard/input_Messages selected_form-control'

2022-01-15 09:18:44 - [TEST_STEP][PASSED] - click(findTestObject("Object Repository/Page_Dashboard/i_Messages selected_icon fa fa-search fa-fw")): Object: 'Object Repository/Page_Dashboard/i_Messages selected_icon fa fa-search fa-fw' is clicked on

2022-01-15 09:19:17 - [MESSAGE][INFO] - Unable to find the element located by 'By.xpath: //div[@id='yui_3_17_2_1_1641689598842_31']/div[4]/div/div/div/button/span/i'. Please recheck the objects properties to make sure the desired element is located. 

2022-01-15 09:19:17 - [MESSAGE][WARNING] - [SELF-HEALING] Failed to find element with id 'Object Repository/Page_Dashboard/i_Messages selected_icon fa fa-search fa-fw'. Try using Self-healing.

2022-01-15 09:19:19 - [MESSAGE][WARNING] - [SELF-HEALING] The current locator of test object 'Object Repository/Page_Dashboard/i_Messages selected_icon fa fa-search fa-fw' was broken. Propose an alternative one: '//button/span/i'.

2022-01-15 09:19:19 - [MESSAGE][PASSED] - Object: 'Object Repository/Page_Dashboard/i_Messages selected_icon fa fa-search fa-fw' is clicked on

2022-01-15 09:19:19 - [TEST_STEP][PASSED] - click(findTestObject("Object Repository/Page_Dashboard/a_Student Two")): Object: 'Object Repository/Page_Dashboard/a_Student Two' is clicked on

2022-01-15 09:19:51 - [MESSAGE][INFO] - Unable to find the element located by 'By.xpath: //div[@id='yui_3_17_2_1_1641382110919_25']/div[6]/div/div/div/div[2]/div/a[2]'. Please recheck the objects properties to make sure the desired element is located. 

2022-01-15 09:19:51 - [MESSAGE][WARNING] - [SELF-HEALING] Failed to find element with id 'Object Repository/Page_Dashboard/a_Student Two'. Try using Self-healing.

2022-01-15 09:19:53 - [MESSAGE][WARNING] - [SELF-HEALING] The current locator of test object 'Object Repository/Page_Dashboard/a_Student Two' was broken. Propose an alternative one: '(.//*[normalize-space(text()) and normalize-space(.)='Student'])[1]/following::a[1]'.

2022-01-15 09:19:53 - [MESSAGE][PASSED] - Object: 'Object Repository/Page_Dashboard/a_Student Two' is clicked on

2022-01-15 09:19:53 - [TEST_STEP][PASSED] - click(findTestObject("Object Repository/Page_Dashboard/span_Unblock user")): Object: 'Object Repository/Page_Dashboard/span_Unblock user' is clicked on

2022-01-15 09:20:26 - [MESSAGE][INFO] - Unable to find the element located by 'By.xpath: //div[@id='message-drawer-61d57004667c961d570045584c7']/div[4]/div/div[4]/div/button/span'. Please recheck the objects properties to make sure the desired element is located. 

2022-01-15 09:20:26 - [MESSAGE][WARNING] - [SELF-HEALING] Failed to find element with id 'Object Repository/Page_Dashboard/span_Unblock user'. Try using Self-healing.

2022-01-15 09:20:28 - [MESSAGE][WARNING] - [SELF-HEALING] The current locator of test object 'Object Repository/Page_Dashboard/span_Unblock user' was broken. Propose an alternative one: '(.//*[normalize-space(text()) and normalize-space(.)='Send contact request'])[2]/following::span[3]'.

2022-01-15 09:20:28 - [MESSAGE][PASSED] - Object: 'Object Repository/Page_Dashboard/span_Unblock user' is clicked on

2022-01-15 09:20:28 - [TEST_STEP][PASSED] - click(findTestObject("Object Repository/Page_Dashboard/span_Unblock")): Object: 'Object Repository/Page_Dashboard/span_Unblock' is clicked on

2022-01-15 09:21:01 - [MESSAGE][INFO] - Unable to find the element located by 'By.xpath: //div[@id='yui_3_17_2_1_1641376457670_26']/div[3]/div/div[2]/div/button[2]/span'. Please recheck the objects properties to make sure the desired element is located. 

2022-01-15 09:21:01 - [MESSAGE][WARNING] - [SELF-HEALING] Failed to find element with id 'Object Repository/Page_Dashboard/span_Unblock'. Try using Self-healing.

2022-01-15 09:21:03 - [MESSAGE][WARNING] - [SELF-HEALING] The current locator of test object 'Object Repository/Page_Dashboard/span_Unblock' was broken. Propose an alternative one: '(.//*[normalize-space(text()) and normalize-space(.)='Block'])[1]/following::span[3]'.

2022-01-15 09:21:03 - [MESSAGE][PASSED] - Object: 'Object Repository/Page_Dashboard/span_Unblock' is clicked on

2022-01-15 09:21:03 - [TEST_STEP][PASSED] - closeBrowser(): Browser is closed

2022-01-15 09:21:03 - [MESSAGE][PASSED] - Browser is closed]]></system-out>
         <system-err><![CDATA[]]></system-err>
      </testcase>
      <testcase name="Test Cases/Chat/Delete conversation (message with another user)" time="138.756" classname="Test Cases/Chat/Delete conversation (message with another user)" status="PASSED">
         <system-out><![CDATA[2022-01-15 09:21:03 - [TEST_CASE][PASSED] - Test Cases/Chat/Delete conversation (message with another user): Test Cases/Chat/Delete conversation (message with another user)

2022-01-15 09:21:04 - [TEST_STEP][PASSED] - openBrowser(""): Browser is opened with url: ''

2022-01-15 09:21:04 - [MESSAGE][INFO] - Starting 'Chrome' driver

2022-01-15 09:21:04 - [MESSAGE][INFO] - Action delay is set to 0 milliseconds

2022-01-15 09:21:05 - [MESSAGE][PASSED] - Browser is opened with url: ''

2022-01-15 09:21:05 - [TEST_STEP][PASSED] - navigateToUrl("http://localhost/"): Navigate to 'http://localhost/' successfully

2022-01-15 09:21:07 - [MESSAGE][PASSED] - Navigate to 'http://localhost/' successfully

2022-01-15 09:21:07 - [TEST_STEP][PASSED] - click(findTestObject("Object Repository/Page_L Tm Anh/span_Log in")): Object: 'Object Repository/Page_L Tm Anh/span_Log in' is clicked on

2022-01-15 09:21:08 - [MESSAGE][PASSED] - Object: 'Object Repository/Page_L Tm Anh/span_Log in' is clicked on

2022-01-15 09:21:08 - [TEST_STEP][PASSED] - click(findTestObject("Object Repository/Page_L Tm Anh/a_Log in")): Object: 'Object Repository/Page_L Tm Anh/a_Log in' is clicked on

2022-01-15 09:21:39 - [MESSAGE][INFO] - Unable to find the element located by 'By.xpath: //div[@id='usernavigation']/div/div/span/a'. Please recheck the objects properties to make sure the desired element is located. 

2022-01-15 09:21:39 - [MESSAGE][WARNING] - [SELF-HEALING] Failed to find element with id 'Object Repository/Page_L Tm Anh/a_Log in'. Try using Self-healing.

2022-01-15 09:21:39 - [MESSAGE][WARNING] - [SELF-HEALING] The current locator of test object 'Object Repository/Page_L Tm Anh/a_Log in' was broken. Propose an alternative one: '//*/text()[normalize-space(.)='Log in']/parent::*'.

2022-01-15 09:21:40 - [MESSAGE][PASSED] - Object: 'Object Repository/Page_L Tm Anh/a_Log in' is clicked on

2022-01-15 09:21:40 - [TEST_STEP][PASSED] - setText(findTestObject("Object Repository/Page_L Tm Anh Log in to the site/input_Username_username"), "admin"): Text 'admin' is set on object 'Object Repository/Page_L Tm Anh Log in to the site/input_Username_username'

2022-01-15 09:21:40 - [MESSAGE][PASSED] - Text 'admin' is set on object 'Object Repository/Page_L Tm Anh Log in to the site/input_Username_username'

2022-01-15 09:21:40 - [TEST_STEP][PASSED] - setEncryptedText(findTestObject("Object Repository/Page_L Tm Anh Log in to the site/input_Password_password"), "eGmz8XUbrLe3vUQiiiujBg=="): Text ****** has been set on object 'Object Repository/Page_L Tm Anh Log in to the site/input_Password_password'

2022-01-15 09:21:41 - [MESSAGE][PASSED] - Text ****** has been set on object 'Object Repository/Page_L Tm Anh Log in to the site/input_Password_password'

2022-01-15 09:21:41 - [TEST_STEP][PASSED] - click(findTestObject("Object Repository/Page_L Tm Anh Log in to the site/button_Log in")): Object: 'Object Repository/Page_L Tm Anh Log in to the site/button_Log in' is clicked on

2022-01-15 09:21:43 - [MESSAGE][PASSED] - Object: 'Object Repository/Page_L Tm Anh Log in to the site/button_Log in' is clicked on

2022-01-15 09:21:43 - [TEST_STEP][PASSED] - click(findTestObject("Object Repository/Page_Dashboard/i_See all_icon fa fa-comment-o fa-fw")): Object: 'Object Repository/Page_Dashboard/i_See all_icon fa fa-comment-o fa-fw' is clicked on

2022-01-15 09:22:14 - [MESSAGE][INFO] - Unable to find the element located by 'By.xpath: //a[@id='message-drawer-toggle-61da31feb585e61da31fe9dea25']/i'. Please recheck the objects properties to make sure the desired element is located. 

2022-01-15 09:22:14 - [MESSAGE][WARNING] - [SELF-HEALING] Failed to find element with id 'Object Repository/Page_Dashboard/i_See all_icon fa fa-comment-o fa-fw'. Try using Self-healing.

2022-01-15 09:22:14 - [MESSAGE][WARNING] - [SELF-HEALING] The current locator of test object 'Object Repository/Page_Dashboard/i_See all_icon fa fa-comment-o fa-fw' was broken. Propose an alternative one: '//div[2]/a/i'.

2022-01-15 09:22:14 - [MESSAGE][PASSED] - Object: 'Object Repository/Page_Dashboard/i_See all_icon fa fa-comment-o fa-fw' is clicked on

2022-01-15 09:22:14 - [TEST_STEP][PASSED] - setText(findTestObject("Object Repository/Page_Dashboard/input_Messages selected_form-control"), "Anh Le"): Text 'Anh Le' is set on object 'Object Repository/Page_Dashboard/input_Messages selected_form-control'

2022-01-15 09:22:16 - [MESSAGE][PASSED] - Text 'Anh Le' is set on object 'Object Repository/Page_Dashboard/input_Messages selected_form-control'

2022-01-15 09:22:16 - [TEST_STEP][PASSED] - click(findTestObject("Object Repository/Page_Dashboard/i_Messages selected_icon fa fa-search fa-fw")): Object: 'Object Repository/Page_Dashboard/i_Messages selected_icon fa fa-search fa-fw' is clicked on

2022-01-15 09:22:47 - [MESSAGE][INFO] - Unable to find the element located by 'By.xpath: //div[@id='yui_3_17_2_1_1641689598842_31']/div[4]/div/div/div/button/span/i'. Please recheck the objects properties to make sure the desired element is located. 

2022-01-15 09:22:47 - [MESSAGE][WARNING] - [SELF-HEALING] Failed to find element with id 'Object Repository/Page_Dashboard/i_Messages selected_icon fa fa-search fa-fw'. Try using Self-healing.

2022-01-15 09:22:47 - [MESSAGE][WARNING] - [SELF-HEALING] The current locator of test object 'Object Repository/Page_Dashboard/i_Messages selected_icon fa fa-search fa-fw' was broken. Propose an alternative one: '//button/span/i'.

2022-01-15 09:22:47 - [MESSAGE][PASSED] - Object: 'Object Repository/Page_Dashboard/i_Messages selected_icon fa fa-search fa-fw' is clicked on

2022-01-15 09:22:47 - [TEST_STEP][PASSED] - click(findTestObject("Object Repository/Page_Dashboard/a_Anh Lee")): Object: 'Object Repository/Page_Dashboard/a_Anh Lee' is clicked on

2022-01-15 09:23:18 - [MESSAGE][INFO] - Unable to find the element located by 'By.xpath: //div[@id='yui_3_17_2_1_1641689598842_26']/div[6]/div/div/div/div[2]/div/a'. Please recheck the objects properties to make sure the desired element is located. 

2022-01-15 09:23:18 - [MESSAGE][WARNING] - [SELF-HEALING] Failed to find element with id 'Object Repository/Page_Dashboard/a_Anh Lee'. Try using Self-healing.

2022-01-15 09:23:19 - [MESSAGE][WARNING] - [SELF-HEALING] The current locator of test object 'Object Repository/Page_Dashboard/a_Anh Lee' was broken. Propose an alternative one: '(.//*[normalize-space(text()) and normalize-space(.)='Non-contacts'])[1]/following::a[1]'.

2022-01-15 09:23:19 - [MESSAGE][PASSED] - Object: 'Object Repository/Page_Dashboard/a_Anh Lee' is clicked on

2022-01-15 09:23:19 - [TEST_STEP][PASSED] - click(findTestObject("Object Repository/Page_Dashboard/i_Anh Lee_icon fa fa-ellipsis-h fa-fw")): Object: 'Object Repository/Page_Dashboard/i_Anh Lee_icon fa fa-ellipsis-h fa-fw' is clicked on

2022-01-15 09:23:20 - [MESSAGE][PASSED] - Object: 'Object Repository/Page_Dashboard/i_Anh Lee_icon fa fa-ellipsis-h fa-fw' is clicked on

2022-01-15 09:23:20 - [TEST_STEP][PASSED] - click(findTestObject("Object Repository/Page_Dashboard/a_Delete conversation")): Object: 'Object Repository/Page_Dashboard/a_Delete conversation' is clicked on

2022-01-15 09:23:21 - [MESSAGE][PASSED] - Object: 'Object Repository/Page_Dashboard/a_Delete conversation' is clicked on

2022-01-15 09:23:21 - [TEST_STEP][PASSED] - click(findTestObject("Object Repository/Page_Dashboard/button_Delete")): Object: 'Object Repository/Page_Dashboard/button_Delete' is clicked on

2022-01-15 09:23:21 - [MESSAGE][PASSED] - Object: 'Object Repository/Page_Dashboard/button_Delete' is clicked on

2022-01-15 09:23:21 - [TEST_STEP][PASSED] - closeBrowser(): Browser is closed

2022-01-15 09:23:22 - [MESSAGE][PASSED] - Browser is closed]]></system-out>
         <system-err><![CDATA[]]></system-err>
      </testcase>
      <testcase name="Test Cases/I1/Create a event category type (event button)" time="79.375" classname="Test Cases/I1/Create a event category type (event button)" status="PASSED">
         <system-out><![CDATA[2022-01-15 09:23:22 - [TEST_CASE][PASSED] - Test Cases/I1/Create a event category type (event button): Test Cases/I1/Create a event category type (event button)

2022-01-15 09:23:23 - [TEST_STEP][PASSED] - openBrowser(""): Browser is opened with url: ''

2022-01-15 09:23:23 - [MESSAGE][INFO] - Starting 'Chrome' driver

2022-01-15 09:23:23 - [MESSAGE][INFO] - Action delay is set to 0 milliseconds

2022-01-15 09:23:25 - [MESSAGE][PASSED] - Browser is opened with url: ''

2022-01-15 09:23:25 - [TEST_STEP][PASSED] - navigateToUrl("http://localhost/"): Navigate to 'http://localhost/' successfully

2022-01-15 09:23:27 - [MESSAGE][PASSED] - Navigate to 'http://localhost/' successfully

2022-01-15 09:23:27 - [TEST_STEP][PASSED] - click(findTestObject("Object Repository/Page_L Tm Anh/a_Log in")): Object: 'Object Repository/Page_L Tm Anh/a_Log in' is clicked on

2022-01-15 09:23:28 - [MESSAGE][PASSED] - Object: 'Object Repository/Page_L Tm Anh/a_Log in' is clicked on

2022-01-15 09:23:28 - [TEST_STEP][PASSED] - setText(findTestObject("Object Repository/Page_L Tm Anh Log in to the site/input_Username_username"), "admin"): Text 'admin' is set on object 'Object Repository/Page_L Tm Anh Log in to the site/input_Username_username'

2022-01-15 09:23:28 - [MESSAGE][PASSED] - Text 'admin' is set on object 'Object Repository/Page_L Tm Anh Log in to the site/input_Username_username'

2022-01-15 09:23:28 - [TEST_STEP][PASSED] - setEncryptedText(findTestObject("Object Repository/Page_L Tm Anh Log in to the site/input_Password_password"), "eGmz8XUbrLe3vUQiiiujBg=="): Text ****** has been set on object 'Object Repository/Page_L Tm Anh Log in to the site/input_Password_password'

2022-01-15 09:23:29 - [MESSAGE][PASSED] - Text ****** has been set on object 'Object Repository/Page_L Tm Anh Log in to the site/input_Password_password'

2022-01-15 09:23:29 - [TEST_STEP][PASSED] - click(findTestObject("Object Repository/Page_L Tm Anh Log in to the site/button_Log in")): Object: 'Object Repository/Page_L Tm Anh Log in to the site/button_Log in' is clicked on

2022-01-15 09:23:30 - [MESSAGE][PASSED] - Object: 'Object Repository/Page_L Tm Anh Log in to the site/button_Log in' is clicked on

2022-01-15 09:23:30 - [TEST_STEP][PASSED] - click(findTestObject("Object Repository/Page_Dashboard/button_New event")): Object: 'Object Repository/Page_Dashboard/button_New event' is clicked on

2022-01-15 09:24:02 - [MESSAGE][INFO] - Unable to find the element located by 'By.xpath: //div[@id='calendar-month-61de1c2e471ee61de1c2e3471f2-1']/div/button'. Please recheck the objects properties to make sure the desired element is located. 

2022-01-15 09:24:02 - [MESSAGE][WARNING] - [SELF-HEALING] Failed to find element with id 'Object Repository/Page_Dashboard/button_New event'. Try using Self-healing.

2022-01-15 09:24:02 - [MESSAGE][WARNING] - [SELF-HEALING] The current locator of test object 'Object Repository/Page_Dashboard/button_New event' was broken. Propose an alternative one: '(.//*[normalize-space(text()) and normalize-space(.)='List of courses'])[1]/following::button[1]'.

2022-01-15 09:24:02 - [MESSAGE][PASSED] - Object: 'Object Repository/Page_Dashboard/button_New event' is clicked on

2022-01-15 09:24:02 - [TEST_STEP][PASSED] - setText(findTestObject("Object Repository/Page_Dashboard/input_Event title_name"), "10"): Text '10' is set on object 'Object Repository/Page_Dashboard/input_Event title_name'

2022-01-15 09:24:08 - [MESSAGE][PASSED] - Text '10' is set on object 'Object Repository/Page_Dashboard/input_Event title_name'

2022-01-15 09:24:08 - [TEST_STEP][PASSED] - selectOptionByValue(findTestObject("Object Repository/Page_Dashboard/select_User            Group            Cou_43b121"), "category", true): All options with value 'category' are selected in object 'Object Repository/Page_Dashboard/select_User            Group            Cou_43b121'  using regular expression

2022-01-15 09:24:09 - [MESSAGE][PASSED] - All options with value 'category' are selected in object 'Object Repository/Page_Dashboard/select_User            Group            Cou_43b121'  using regular expression

2022-01-15 09:24:09 - [TEST_STEP][PASSED] - click(findTestObject("Object Repository/Page_Dashboard/button_Save")): Object: 'Object Repository/Page_Dashboard/button_Save' is clicked on

2022-01-15 09:24:41 - [MESSAGE][INFO] - Unable to find the element located by 'By.xpath: //button[@id='yui_3_17_2_1_1641946158383_192']'. Please recheck the objects properties to make sure the desired element is located. 

2022-01-15 09:24:41 - [MESSAGE][WARNING] - [SELF-HEALING] Failed to find element with id 'Object Repository/Page_Dashboard/button_Save'. Try using Self-healing.

2022-01-15 09:24:41 - [MESSAGE][WARNING] - [SELF-HEALING] The current locator of test object 'Object Repository/Page_Dashboard/button_Save' was broken. Propose an alternative one: '(.//*[normalize-space(text()) and normalize-space(.)='Repeat weekly, creating altogether'])[1]/following::button[1]'.

2022-01-15 09:24:41 - [MESSAGE][PASSED] - Object: 'Object Repository/Page_Dashboard/button_Save' is clicked on

2022-01-15 09:24:41 - [TEST_STEP][PASSED] - closeBrowser(): Browser is closed

2022-01-15 09:24:42 - [MESSAGE][PASSED] - Browser is closed]]></system-out>
         <system-err><![CDATA[]]></system-err>
      </testcase>
      <testcase name="Test Cases/I1/Create a event course type (event button)" time="144.048" classname="Test Cases/I1/Create a event course type (event button)" status="PASSED">
         <system-out><![CDATA[2022-01-15 09:24:42 - [TEST_CASE][PASSED] - Test Cases/I1/Create a event course type (event button): Test Cases/I1/Create a event course type (event button)

2022-01-15 09:24:42 - [TEST_STEP][PASSED] - openBrowser(""): Browser is opened with url: ''

2022-01-15 09:24:42 - [MESSAGE][INFO] - Starting 'Chrome' driver

2022-01-15 09:24:42 - [MESSAGE][INFO] - Action delay is set to 0 milliseconds

2022-01-15 09:24:44 - [MESSAGE][PASSED] - Browser is opened with url: ''

2022-01-15 09:24:44 - [TEST_STEP][PASSED] - navigateToUrl("http://localhost/"): Navigate to 'http://localhost/' successfully

2022-01-15 09:24:46 - [MESSAGE][PASSED] - Navigate to 'http://localhost/' successfully

2022-01-15 09:24:46 - [TEST_STEP][PASSED] - click(findTestObject("Object Repository/Page_L Tm Anh/a_Log in")): Object: 'Object Repository/Page_L Tm Anh/a_Log in' is clicked on

2022-01-15 09:24:47 - [MESSAGE][PASSED] - Object: 'Object Repository/Page_L Tm Anh/a_Log in' is clicked on

2022-01-15 09:24:47 - [TEST_STEP][PASSED] - setText(findTestObject("Object Repository/Page_L Tm Anh Log in to the site/input_Username_username"), "admin"): Text 'admin' is set on object 'Object Repository/Page_L Tm Anh Log in to the site/input_Username_username'

2022-01-15 09:24:48 - [MESSAGE][PASSED] - Text 'admin' is set on object 'Object Repository/Page_L Tm Anh Log in to the site/input_Username_username'

2022-01-15 09:24:48 - [TEST_STEP][PASSED] - setEncryptedText(findTestObject("Object Repository/Page_L Tm Anh Log in to the site/input_Password_password"), "eGmz8XUbrLe3vUQiiiujBg=="): Text ****** has been set on object 'Object Repository/Page_L Tm Anh Log in to the site/input_Password_password'

2022-01-15 09:24:48 - [MESSAGE][PASSED] - Text ****** has been set on object 'Object Repository/Page_L Tm Anh Log in to the site/input_Password_password'

2022-01-15 09:24:48 - [TEST_STEP][PASSED] - click(findTestObject("Object Repository/Page_L Tm Anh Log in to the site/button_Log in")): Object: 'Object Repository/Page_L Tm Anh Log in to the site/button_Log in' is clicked on

2022-01-15 09:24:50 - [MESSAGE][PASSED] - Object: 'Object Repository/Page_L Tm Anh Log in to the site/button_Log in' is clicked on

2022-01-15 09:24:50 - [TEST_STEP][PASSED] - click(findTestObject("Object Repository/Page_Dashboard/button_New event")): Object: 'Object Repository/Page_Dashboard/button_New event' is clicked on

2022-01-15 09:25:21 - [MESSAGE][INFO] - Unable to find the element located by 'By.xpath: //div[@id='calendar-month-61de1c2e471ee61de1c2e3471f2-1']/div/button'. Please recheck the objects properties to make sure the desired element is located. 

2022-01-15 09:25:21 - [MESSAGE][WARNING] - [SELF-HEALING] Failed to find element with id 'Object Repository/Page_Dashboard/button_New event'. Try using Self-healing.

2022-01-15 09:25:22 - [MESSAGE][WARNING] - [SELF-HEALING] The current locator of test object 'Object Repository/Page_Dashboard/button_New event' was broken. Propose an alternative one: '(.//*[normalize-space(text()) and normalize-space(.)='List of courses'])[1]/following::button[1]'.

2022-01-15 09:25:22 - [MESSAGE][PASSED] - Object: 'Object Repository/Page_Dashboard/button_New event' is clicked on

2022-01-15 09:25:22 - [TEST_STEP][PASSED] - setText(findTestObject("Object Repository/Page_Dashboard/input_Event title_name"), "10"): Text '10' is set on object 'Object Repository/Page_Dashboard/input_Event title_name'

2022-01-15 09:25:26 - [MESSAGE][PASSED] - Text '10' is set on object 'Object Repository/Page_Dashboard/input_Event title_name'

2022-01-15 09:25:26 - [TEST_STEP][PASSED] - selectOptionByValue(findTestObject("Object Repository/Page_Dashboard/select_January        February        March_78ea2e"), "12", true): All options with value '12' are selected in object 'Object Repository/Page_Dashboard/select_January        February        March_78ea2e'  using regular expression

2022-01-15 09:25:27 - [MESSAGE][PASSED] - All options with value '12' are selected in object 'Object Repository/Page_Dashboard/select_January        February        March_78ea2e'  using regular expression

2022-01-15 09:25:27 - [TEST_STEP][PASSED] - selectOptionByValue(findTestObject("Object Repository/Page_Dashboard/select_User            Group            Cou_43b121"), "course", true): All options with value 'course' are selected in object 'Object Repository/Page_Dashboard/select_User            Group            Cou_43b121'  using regular expression

2022-01-15 09:25:28 - [MESSAGE][PASSED] - All options with value 'course' are selected in object 'Object Repository/Page_Dashboard/select_User            Group            Cou_43b121'  using regular expression

2022-01-15 09:25:28 - [TEST_STEP][PASSED] - click(findTestObject("Object Repository/Page_Dashboard/span_")): Object: 'Object Repository/Page_Dashboard/span_' is clicked on

2022-01-15 09:26:00 - [MESSAGE][INFO] - Unable to find the element located by 'By.xpath: //span[@id='form_autocomplete_downarrow-1641946162631']'. Please recheck the objects properties to make sure the desired element is located. 

2022-01-15 09:26:00 - [MESSAGE][WARNING] - [SELF-HEALING] Failed to find element with id 'Object Repository/Page_Dashboard/span_'. Try using Self-healing.

2022-01-15 09:26:00 - [MESSAGE][WARNING] - [SELF-HEALING] The current locator of test object 'Object Repository/Page_Dashboard/span_' was broken. Propose an alternative one: '(.//*[normalize-space(text()) and normalize-space(.)='No selection'])[1]/following::span[1]'.

2022-01-15 09:26:00 - [MESSAGE][PASSED] - Object: 'Object Repository/Page_Dashboard/span_' is clicked on

2022-01-15 09:26:00 - [TEST_STEP][PASSED] - click(findTestObject("Object Repository/Page_Dashboard/li_8")): Object: 'Object Repository/Page_Dashboard/li_8' is clicked on

2022-01-15 09:26:31 - [MESSAGE][INFO] - Unable to find the element located by 'By.xpath: //li[@id='form_autocomplete_suggestions-1641946162631-0']'. Please recheck the objects properties to make sure the desired element is located. 

2022-01-15 09:26:31 - [MESSAGE][WARNING] - [SELF-HEALING] Failed to find element with id 'Object Repository/Page_Dashboard/li_8'. Try using Self-healing.

2022-01-15 09:26:31 - [MESSAGE][WARNING] - [SELF-HEALING] The current locator of test object 'Object Repository/Page_Dashboard/li_8' was broken. Propose an alternative one: '(.//*[normalize-space(text()) and normalize-space(.)='▼'])[2]/following::li[1]'.

2022-01-15 09:26:32 - [MESSAGE][PASSED] - Object: 'Object Repository/Page_Dashboard/li_8' is clicked on

2022-01-15 09:26:32 - [TEST_STEP][PASSED] - selectOptionByValue(findTestObject("Object Repository/Page_Dashboard/select_86754312"), "9", true): All options with value '9' are selected in object 'Object Repository/Page_Dashboard/select_86754312'  using regular expression

2022-01-15 09:26:33 - [MESSAGE][PASSED] - All options with value '9' are selected in object 'Object Repository/Page_Dashboard/select_86754312'  using regular expression

2022-01-15 09:26:33 - [TEST_STEP][PASSED] - click(findTestObject("Object Repository/Page_Dashboard/button_Save")): Object: 'Object Repository/Page_Dashboard/button_Save' is clicked on

2022-01-15 09:27:04 - [MESSAGE][INFO] - Unable to find the element located by 'By.xpath: //button[@id='yui_3_17_2_1_1641946158383_192']'. Please recheck the objects properties to make sure the desired element is located. 

2022-01-15 09:27:04 - [MESSAGE][WARNING] - [SELF-HEALING] Failed to find element with id 'Object Repository/Page_Dashboard/button_Save'. Try using Self-healing.

2022-01-15 09:27:05 - [MESSAGE][WARNING] - [SELF-HEALING] The current locator of test object 'Object Repository/Page_Dashboard/button_Save' was broken. Propose an alternative one: '(.//*[normalize-space(text()) and normalize-space(.)='Repeat weekly, creating altogether'])[1]/following::button[1]'.

2022-01-15 09:27:05 - [MESSAGE][PASSED] - Object: 'Object Repository/Page_Dashboard/button_Save' is clicked on

2022-01-15 09:27:05 - [TEST_STEP][PASSED] - closeBrowser(): Browser is closed

2022-01-15 09:27:06 - [MESSAGE][PASSED] - Browser is closed]]></system-out>
         <system-err><![CDATA[]]></system-err>
      </testcase>
      <testcase name="Test Cases/I1/Create a event site type (event button)" time="79.569" classname="Test Cases/I1/Create a event site type (event button)" status="PASSED">
         <system-out><![CDATA[2022-01-15 09:27:06 - [TEST_CASE][PASSED] - Test Cases/I1/Create a event site type (event button): Test Cases/I1/Create a event site type (event button)

2022-01-15 09:27:06 - [TEST_STEP][PASSED] - openBrowser(""): Browser is opened with url: ''

2022-01-15 09:27:06 - [MESSAGE][INFO] - Starting 'Chrome' driver

2022-01-15 09:27:06 - [MESSAGE][INFO] - Action delay is set to 0 milliseconds

2022-01-15 09:27:07 - [MESSAGE][PASSED] - Browser is opened with url: ''

2022-01-15 09:27:07 - [TEST_STEP][PASSED] - navigateToUrl("http://localhost/"): Navigate to 'http://localhost/' successfully

2022-01-15 09:27:10 - [MESSAGE][PASSED] - Navigate to 'http://localhost/' successfully

2022-01-15 09:27:10 - [TEST_STEP][PASSED] - click(findTestObject("Object Repository/Page_L Tm Anh/a_Log in")): Object: 'Object Repository/Page_L Tm Anh/a_Log in' is clicked on

2022-01-15 09:27:11 - [MESSAGE][PASSED] - Object: 'Object Repository/Page_L Tm Anh/a_Log in' is clicked on

2022-01-15 09:27:11 - [TEST_STEP][PASSED] - setText(findTestObject("Object Repository/Page_L Tm Anh Log in to the site/input_Username_username"), "admin"): Text 'admin' is set on object 'Object Repository/Page_L Tm Anh Log in to the site/input_Username_username'

2022-01-15 09:27:12 - [MESSAGE][PASSED] - Text 'admin' is set on object 'Object Repository/Page_L Tm Anh Log in to the site/input_Username_username'

2022-01-15 09:27:12 - [TEST_STEP][PASSED] - setEncryptedText(findTestObject("Object Repository/Page_L Tm Anh Log in to the site/input_Password_password"), "eGmz8XUbrLe3vUQiiiujBg=="): Text ****** has been set on object 'Object Repository/Page_L Tm Anh Log in to the site/input_Password_password'

2022-01-15 09:27:12 - [MESSAGE][PASSED] - Text ****** has been set on object 'Object Repository/Page_L Tm Anh Log in to the site/input_Password_password'

2022-01-15 09:27:12 - [TEST_STEP][PASSED] - click(findTestObject("Object Repository/Page_L Tm Anh Log in to the site/button_Log in")): Object: 'Object Repository/Page_L Tm Anh Log in to the site/button_Log in' is clicked on

2022-01-15 09:27:14 - [MESSAGE][PASSED] - Object: 'Object Repository/Page_L Tm Anh Log in to the site/button_Log in' is clicked on

2022-01-15 09:27:14 - [TEST_STEP][PASSED] - click(findTestObject("Object Repository/Page_Dashboard/button_New event")): Object: 'Object Repository/Page_Dashboard/button_New event' is clicked on

2022-01-15 09:27:46 - [MESSAGE][INFO] - Unable to find the element located by 'By.xpath: //div[@id='calendar-month-61de1c2e471ee61de1c2e3471f2-1']/div/button'. Please recheck the objects properties to make sure the desired element is located. 

2022-01-15 09:27:46 - [MESSAGE][WARNING] - [SELF-HEALING] Failed to find element with id 'Object Repository/Page_Dashboard/button_New event'. Try using Self-healing.

2022-01-15 09:27:46 - [MESSAGE][WARNING] - [SELF-HEALING] The current locator of test object 'Object Repository/Page_Dashboard/button_New event' was broken. Propose an alternative one: '(.//*[normalize-space(text()) and normalize-space(.)='List of courses'])[1]/following::button[1]'.

2022-01-15 09:27:46 - [MESSAGE][PASSED] - Object: 'Object Repository/Page_Dashboard/button_New event' is clicked on

2022-01-15 09:27:46 - [TEST_STEP][PASSED] - setText(findTestObject("Object Repository/Page_Dashboard/input_Event title_name"), "5"): Text '5' is set on object 'Object Repository/Page_Dashboard/input_Event title_name'

2022-01-15 09:27:50 - [MESSAGE][PASSED] - Text '5' is set on object 'Object Repository/Page_Dashboard/input_Event title_name'

2022-01-15 09:27:50 - [TEST_STEP][PASSED] - selectOptionByValue(findTestObject("Object Repository/Page_Dashboard/select_1        2        3        4        _45ea30"), "6", true): All options with value '6' are selected in object 'Object Repository/Page_Dashboard/select_1        2        3        4        _45ea30'  using regular expression

2022-01-15 09:27:52 - [MESSAGE][PASSED] - All options with value '6' are selected in object 'Object Repository/Page_Dashboard/select_1        2        3        4        _45ea30'  using regular expression

2022-01-15 09:27:52 - [TEST_STEP][PASSED] - selectOptionByValue(findTestObject("Object Repository/Page_Dashboard/select_User            Course            Ca_edc569"), "site", true): All options with value 'site' are selected in object 'Object Repository/Page_Dashboard/select_User            Course            Ca_edc569'  using regular expression

2022-01-15 09:27:53 - [MESSAGE][PASSED] - All options with value 'site' are selected in object 'Object Repository/Page_Dashboard/select_User            Course            Ca_edc569'  using regular expression

2022-01-15 09:27:53 - [TEST_STEP][PASSED] - click(findTestObject("Object Repository/Page_Dashboard/button_Save")): Object: 'Object Repository/Page_Dashboard/button_Save' is clicked on

2022-01-15 09:28:24 - [MESSAGE][INFO] - Unable to find the element located by 'By.xpath: //button[@id='yui_3_17_2_1_1641946158383_192']'. Please recheck the objects properties to make sure the desired element is located. 

2022-01-15 09:28:24 - [MESSAGE][WARNING] - [SELF-HEALING] Failed to find element with id 'Object Repository/Page_Dashboard/button_Save'. Try using Self-healing.

2022-01-15 09:28:24 - [MESSAGE][WARNING] - [SELF-HEALING] The current locator of test object 'Object Repository/Page_Dashboard/button_Save' was broken. Propose an alternative one: '(.//*[normalize-space(text()) and normalize-space(.)='Repeat weekly, creating altogether'])[1]/following::button[1]'.

2022-01-15 09:28:24 - [MESSAGE][PASSED] - Object: 'Object Repository/Page_Dashboard/button_Save' is clicked on

2022-01-15 09:28:24 - [TEST_STEP][PASSED] - closeBrowser(): Browser is closed

2022-01-15 09:28:25 - [MESSAGE][PASSED] - Browser is closed]]></system-out>
         <system-err><![CDATA[]]></system-err>
      </testcase>
      <testcase name="Test Cases/I1/Create a event user type (event button)" time="79.265" classname="Test Cases/I1/Create a event user type (event button)" status="PASSED">
         <system-out><![CDATA[2022-01-15 09:28:25 - [TEST_CASE][PASSED] - Test Cases/I1/Create a event user type (event button): Test Cases/I1/Create a event user type (event button)

2022-01-15 09:28:26 - [TEST_STEP][PASSED] - openBrowser(""): Browser is opened with url: ''

2022-01-15 09:28:26 - [MESSAGE][INFO] - Starting 'Chrome' driver

2022-01-15 09:28:26 - [MESSAGE][INFO] - Action delay is set to 0 milliseconds

2022-01-15 09:28:28 - [MESSAGE][PASSED] - Browser is opened with url: ''

2022-01-15 09:28:28 - [TEST_STEP][PASSED] - navigateToUrl("http://localhost/"): Navigate to 'http://localhost/' successfully

2022-01-15 09:28:31 - [MESSAGE][PASSED] - Navigate to 'http://localhost/' successfully

2022-01-15 09:28:31 - [TEST_STEP][PASSED] - click(findTestObject("Object Repository/Page_L Tm Anh/a_Log in")): Object: 'Object Repository/Page_L Tm Anh/a_Log in' is clicked on

2022-01-15 09:28:31 - [MESSAGE][PASSED] - Object: 'Object Repository/Page_L Tm Anh/a_Log in' is clicked on

2022-01-15 09:28:31 - [TEST_STEP][PASSED] - setText(findTestObject("Object Repository/Page_L Tm Anh Log in to the site/input_Username_username"), "admin"): Text 'admin' is set on object 'Object Repository/Page_L Tm Anh Log in to the site/input_Username_username'

2022-01-15 09:28:32 - [MESSAGE][PASSED] - Text 'admin' is set on object 'Object Repository/Page_L Tm Anh Log in to the site/input_Username_username'

2022-01-15 09:28:32 - [TEST_STEP][PASSED] - setEncryptedText(findTestObject("Object Repository/Page_L Tm Anh Log in to the site/input_Password_password"), "eGmz8XUbrLe3vUQiiiujBg=="): Text ****** has been set on object 'Object Repository/Page_L Tm Anh Log in to the site/input_Password_password'

2022-01-15 09:28:33 - [MESSAGE][PASSED] - Text ****** has been set on object 'Object Repository/Page_L Tm Anh Log in to the site/input_Password_password'

2022-01-15 09:28:33 - [TEST_STEP][PASSED] - click(findTestObject("Object Repository/Page_L Tm Anh Log in to the site/button_Log in")): Object: 'Object Repository/Page_L Tm Anh Log in to the site/button_Log in' is clicked on

2022-01-15 09:28:34 - [MESSAGE][PASSED] - Object: 'Object Repository/Page_L Tm Anh Log in to the site/button_Log in' is clicked on

2022-01-15 09:28:34 - [TEST_STEP][PASSED] - click(findTestObject("Object Repository/Page_Dashboard/button_New event")): Object: 'Object Repository/Page_Dashboard/button_New event' is clicked on

2022-01-15 09:29:05 - [MESSAGE][INFO] - Unable to find the element located by 'By.xpath: //div[@id='calendar-month-61de1c2e471ee61de1c2e3471f2-1']/div/button'. Please recheck the objects properties to make sure the desired element is located. 

2022-01-15 09:29:05 - [MESSAGE][WARNING] - [SELF-HEALING] Failed to find element with id 'Object Repository/Page_Dashboard/button_New event'. Try using Self-healing.

2022-01-15 09:29:06 - [MESSAGE][WARNING] - [SELF-HEALING] The current locator of test object 'Object Repository/Page_Dashboard/button_New event' was broken. Propose an alternative one: '(.//*[normalize-space(text()) and normalize-space(.)='List of courses'])[1]/following::button[1]'.

2022-01-15 09:29:06 - [MESSAGE][PASSED] - Object: 'Object Repository/Page_Dashboard/button_New event' is clicked on

2022-01-15 09:29:06 - [TEST_STEP][PASSED] - selectOptionByValue(findTestObject("Object Repository/Page_Dashboard/select_1        2        3        4        _45ea30"), "6", true): All options with value '6' are selected in object 'Object Repository/Page_Dashboard/select_1        2        3        4        _45ea30'  using regular expression

2022-01-15 09:29:12 - [MESSAGE][PASSED] - All options with value '6' are selected in object 'Object Repository/Page_Dashboard/select_1        2        3        4        _45ea30'  using regular expression

2022-01-15 09:29:12 - [TEST_STEP][PASSED] - setText(findTestObject("Object Repository/Page_Dashboard/input_Event title_name"), "Anhle"): Text 'Anhle' is set on object 'Object Repository/Page_Dashboard/input_Event title_name'

2022-01-15 09:29:12 - [MESSAGE][PASSED] - Text 'Anhle' is set on object 'Object Repository/Page_Dashboard/input_Event title_name'

2022-01-15 09:29:12 - [TEST_STEP][PASSED] - click(findTestObject("Object Repository/Page_Dashboard/button_Save")): Object: 'Object Repository/Page_Dashboard/button_Save' is clicked on

2022-01-15 09:29:44 - [MESSAGE][INFO] - Unable to find the element located by 'By.xpath: //button[@id='yui_3_17_2_1_1641946158383_192']'. Please recheck the objects properties to make sure the desired element is located. 

2022-01-15 09:29:44 - [MESSAGE][WARNING] - [SELF-HEALING] Failed to find element with id 'Object Repository/Page_Dashboard/button_Save'. Try using Self-healing.

2022-01-15 09:29:44 - [MESSAGE][WARNING] - [SELF-HEALING] The current locator of test object 'Object Repository/Page_Dashboard/button_Save' was broken. Propose an alternative one: '(.//*[normalize-space(text()) and normalize-space(.)='Repeat weekly, creating altogether'])[1]/following::button[1]'.

2022-01-15 09:29:44 - [MESSAGE][PASSED] - Object: 'Object Repository/Page_Dashboard/button_Save' is clicked on

2022-01-15 09:29:44 - [TEST_STEP][PASSED] - closeBrowser(): Browser is closed

2022-01-15 09:29:45 - [MESSAGE][PASSED] - Browser is closed]]></system-out>
         <system-err><![CDATA[]]></system-err>
      </testcase>
      <testcase name="Test Cases/I1/Add discussion topic" time="76.201" classname="Test Cases/I1/Add discussion topic" status="FAILED">
         <failure type="FAILED" message="Test Cases/I1/Add discussion topic FAILED.
Reason:
com.kms.katalon.core.exception.StepFailedException: Unable to set text '1' of object 'Object Repository/Page_Announcements/input_Subject_subject'
	at com.kms.katalon.core.webui.keyword.internal.WebUIKeywordMain.stepFailed(WebUIKeywordMain.groovy:64)
	at com.kms.katalon.core.webui.keyword.internal.WebUIKeywordMain.runKeyword(WebUIKeywordMain.groovy:26)
	at com.kms.katalon.core.webui.keyword.builtin.SetTextKeyword.setText(SetTextKeyword.groovy:66)
	at com.kms.katalon.core.webui.keyword.builtin.SetTextKeyword.execute(SetTextKeyword.groovy:37)
	at com.kms.katalon.core.keyword.internal.KeywordExecutor.executeKeywordForPlatform(KeywordExecutor.groovy:74)
	at com.kms.katalon.core.webui.keyword.WebUiBuiltInKeywords.setText(WebUiBuiltInKeywords.groovy:980)
	at com.kms.katalon.core.webui.keyword.WebUiBuiltInKeywords$setText$2.call(Unknown Source)
	at Add discussion topic.run(Add discussion topic:40)
	at com.kms.katalon.core.main.ScriptEngine.run(ScriptEngine.java:194)
	at com.kms.katalon.core.main.ScriptEngine.runScriptAsRawText(ScriptEngine.java:119)
	at com.kms.katalon.core.main.TestCaseExecutor.runScript(TestCaseExecutor.java:442)
	at com.kms.katalon.core.main.TestCaseExecutor.doExecute(TestCaseExecutor.java:433)
	at com.kms.katalon.core.main.TestCaseExecutor.processExecutionPhase(TestCaseExecutor.java:412)
	at com.kms.katalon.core.main.TestCaseExecutor.accessMainPhase(TestCaseExecutor.java:404)
	at com.kms.katalon.core.main.TestCaseExecutor.execute(TestCaseExecutor.java:281)
	at com.kms.katalon.core.main.TestCaseExecutor.execute(TestCaseExecutor.java:363)
	at com.kms.katalon.core.main.TestCaseExecutor.execute(TestCaseExecutor.java:363)
	at com.kms.katalon.core.main.TestCaseExecutor.execute(TestCaseExecutor.java:363)
	at com.kms.katalon.core.main.TestSuiteExecutor.accessTestCaseMainPhase(TestSuiteExecutor.java:202)
	at com.kms.katalon.core.main.TestSuiteExecutor.accessTestSuiteMainPhase(TestSuiteExecutor.java:164)
	at com.kms.katalon.core.main.TestSuiteExecutor.execute(TestSuiteExecutor.java:105)
	at com.kms.katalon.core.main.TestCaseMain.startTestSuite(TestCaseMain.java:181)
	at com.kms.katalon.core.main.TestCaseMain$startTestSuite$0.call(Unknown Source)
	at TempTestSuite1642211722550.run(TempTestSuite1642211722550.groovy:36)
Caused by: org.openqa.selenium.ElementNotInteractableException: element not interactable
  (Session info: chrome=97.0.4692.71)
Build info: version: '3.141.59', revision: 'e82be7d358', time: '2018-11-14T08:25:53'
System info: host: 'DESKTOP-5O7CBM9', ip: '192.168.16.1', os.name: 'Windows 10', os.arch: 'amd64', os.version: '10.0', java.version: '1.8.0_282'
Driver info: com.kms.katalon.selenium.driver.CChromeDriver
Capabilities {acceptInsecureCerts: false, browserName: chrome, browserVersion: 97.0.4692.71, chrome: {chromedriverVersion: 97.0.4692.71 (adefa7837d02a..., userDataDir: C:\Users\antra\AppData\Loca...}, goog:chromeOptions: {debuggerAddress: localhost:59865}, javascriptEnabled: true, networkConnectionEnabled: false, pageLoadStrategy: normal, platform: WINDOWS, platformName: WINDOWS, proxy: Proxy(), setWindowRect: true, strictFileInteractability: false, timeouts: {implicit: 0, pageLoad: 300000, script: 30000}, unhandledPromptBehavior: dismiss and notify, webauthn:extension:credBlob: true, webauthn:extension:largeBlob: true, webauthn:virtualAuthenticators: true}
Session ID: 06520c1f292f36cd83a9404f34bd871b
	at org.openqa.selenium.remote.http.W3CHttpResponseCodec.createException(W3CHttpResponseCodec.java:187)
	at org.openqa.selenium.remote.http.W3CHttpResponseCodec.decode(W3CHttpResponseCodec.java:122)
	at org.openqa.selenium.remote.http.W3CHttpResponseCodec.decode(W3CHttpResponseCodec.java:49)
	at org.openqa.selenium.remote.HttpCommandExecutor.execute(HttpCommandExecutor.java:158)
	at org.openqa.selenium.remote.service.DriverCommandExecutor.execute(DriverCommandExecutor.java:83)
	at org.openqa.selenium.remote.RemoteWebDriver.execute(RemoteWebDriver.java:552)
	at com.kms.katalon.selenium.driver.CChromeDriver.execute(CChromeDriver.java:19)
	at org.openqa.selenium.remote.RemoteWebElement.execute(RemoteWebElement.java:285)
	at org.openqa.selenium.remote.RemoteWebElement.clear(RemoteWebElement.java:124)
	at org.openqa.selenium.support.events.EventFiringWebDriver$EventFiringWebElement.lambda$new$0(EventFiringWebDriver.java:404)
	at com.sun.proxy.$Proxy11.clear(Unknown Source)
	at org.openqa.selenium.support.events.EventFiringWebDriver$EventFiringWebElement.clear(EventFiringWebDriver.java:436)
	at com.kms.katalon.core.webui.keyword.builtin.SetTextKeyword$_setText_closure1.doCall(SetTextKeyword.groovy:53)
	at com.kms.katalon.core.webui.keyword.builtin.SetTextKeyword$_setText_closure1.call(SetTextKeyword.groovy)
	at com.kms.katalon.core.webui.keyword.internal.WebUIKeywordMain.runKeyword(WebUIKeywordMain.groovy:20)
	... 22 more
"/>
         <system-out><![CDATA[2022-01-15 09:33:39 - [TEST_CASE][FAILED] - Test Cases/I1/Add discussion topic: Test Cases/I1/Add discussion topic FAILED.
Reason:
com.kms.katalon.core.exception.StepFailedException: Unable to set text '1' of object 'Object Repository/Page_Announcements/input_Subject_subject'
	at com.kms.katalon.core.webui.keyword.internal.WebUIKeywordMain.stepFailed(WebUIKeywordMain.groovy:64)
	at com.kms.katalon.core.webui.keyword.internal.WebUIKeywordMain.runKeyword(WebUIKeywordMain.groovy:26)
	at com.kms.katalon.core.webui.keyword.builtin.SetTextKeyword.setText(SetTextKeyword.groovy:66)
	at com.kms.katalon.core.webui.keyword.builtin.SetTextKeyword.execute(SetTextKeyword.groovy:37)
	at com.kms.katalon.core.keyword.internal.KeywordExecutor.executeKeywordForPlatform(KeywordExecutor.groovy:74)
	at com.kms.katalon.core.webui.keyword.WebUiBuiltInKeywords.setText(WebUiBuiltInKeywords.groovy:980)
	at com.kms.katalon.core.webui.keyword.WebUiBuiltInKeywords$setText$2.call(Unknown Source)
	at Add discussion topic.run(Add discussion topic:40)
	at com.kms.katalon.core.main.ScriptEngine.run(ScriptEngine.java:194)
	at com.kms.katalon.core.main.ScriptEngine.runScriptAsRawText(ScriptEngine.java:119)
	at com.kms.katalon.core.main.TestCaseExecutor.runScript(TestCaseExecutor.java:442)
	at com.kms.katalon.core.main.TestCaseExecutor.doExecute(TestCaseExecutor.java:433)
	at com.kms.katalon.core.main.TestCaseExecutor.processExecutionPhase(TestCaseExecutor.java:412)
	at com.kms.katalon.core.main.TestCaseExecutor.accessMainPhase(TestCaseExecutor.java:404)
	at com.kms.katalon.core.main.TestCaseExecutor.execute(TestCaseExecutor.java:281)
	at com.kms.katalon.core.main.TestCaseExecutor.execute(TestCaseExecutor.java:363)
	at com.kms.katalon.core.main.TestCaseExecutor.execute(TestCaseExecutor.java:363)
	at com.kms.katalon.core.main.TestCaseExecutor.execute(TestCaseExecutor.java:363)
	at com.kms.katalon.core.main.TestSuiteExecutor.accessTestCaseMainPhase(TestSuiteExecutor.java:202)
	at com.kms.katalon.core.main.TestSuiteExecutor.accessTestSuiteMainPhase(TestSuiteExecutor.java:164)
	at com.kms.katalon.core.main.TestSuiteExecutor.execute(TestSuiteExecutor.java:105)
	at com.kms.katalon.core.main.TestCaseMain.startTestSuite(TestCaseMain.java:181)
	at com.kms.katalon.core.main.TestCaseMain$startTestSuite$0.call(Unknown Source)
	at TempTestSuite1642211722550.run(TempTestSuite1642211722550.groovy:36)
Caused by: org.openqa.selenium.ElementNotInteractableException: element not interactable
  (Session info: chrome=97.0.4692.71)
Build info: version: '3.141.59', revision: 'e82be7d358', time: '2018-11-14T08:25:53'
System info: host: 'DESKTOP-5O7CBM9', ip: '192.168.16.1', os.name: 'Windows 10', os.arch: 'amd64', os.version: '10.0', java.version: '1.8.0_282'
Driver info: com.kms.katalon.selenium.driver.CChromeDriver
Capabilities {acceptInsecureCerts: false, browserName: chrome, browserVersion: 97.0.4692.71, chrome: {chromedriverVersion: 97.0.4692.71 (adefa7837d02a..., userDataDir: C:\Users\antra\AppData\Loca...}, goog:chromeOptions: {debuggerAddress: localhost:59865}, javascriptEnabled: true, networkConnectionEnabled: false, pageLoadStrategy: normal, platform: WINDOWS, platformName: WINDOWS, proxy: Proxy(), setWindowRect: true, strictFileInteractability: false, timeouts: {implicit: 0, pageLoad: 300000, script: 30000}, unhandledPromptBehavior: dismiss and notify, webauthn:extension:credBlob: true, webauthn:extension:largeBlob: true, webauthn:virtualAuthenticators: true}
Session ID: 06520c1f292f36cd83a9404f34bd871b
	at org.openqa.selenium.remote.http.W3CHttpResponseCodec.createException(W3CHttpResponseCodec.java:187)
	at org.openqa.selenium.remote.http.W3CHttpResponseCodec.decode(W3CHttpResponseCodec.java:122)
	at org.openqa.selenium.remote.http.W3CHttpResponseCodec.decode(W3CHttpResponseCodec.java:49)
	at org.openqa.selenium.remote.HttpCommandExecutor.execute(HttpCommandExecutor.java:158)
	at org.openqa.selenium.remote.service.DriverCommandExecutor.execute(DriverCommandExecutor.java:83)
	at org.openqa.selenium.remote.RemoteWebDriver.execute(RemoteWebDriver.java:552)
	at com.kms.katalon.selenium.driver.CChromeDriver.execute(CChromeDriver.java:19)
	at org.openqa.selenium.remote.RemoteWebElement.execute(RemoteWebElement.java:285)
	at org.openqa.selenium.remote.RemoteWebElement.clear(RemoteWebElement.java:124)
	at org.openqa.selenium.support.events.EventFiringWebDriver$EventFiringWebElement.lambda$new$0(EventFiringWebDriver.java:404)
	at com.sun.proxy.$Proxy11.clear(Unknown Source)
	at org.openqa.selenium.support.events.EventFiringWebDriver$EventFiringWebElement.clear(EventFiringWebDriver.java:436)
	at com.kms.katalon.core.webui.keyword.builtin.SetTextKeyword$_setText_closure1.doCall(SetTextKeyword.groovy:53)
	at com.kms.katalon.core.webui.keyword.builtin.SetTextKeyword$_setText_closure1.call(SetTextKeyword.groovy)
	at com.kms.katalon.core.webui.keyword.internal.WebUIKeywordMain.runKeyword(WebUIKeywordMain.groovy:20)
	... 22 more


2022-01-15 09:33:39 - [TEST_STEP][PASSED] - openBrowser(""): Browser is opened with url: ''

2022-01-15 09:33:39 - [MESSAGE][WARNING] - A browser is already opened. Closing browser and opening a new one

2022-01-15 09:33:39 - [MESSAGE][INFO] - Starting 'Chrome' driver

2022-01-15 09:33:39 - [MESSAGE][INFO] - Action delay is set to 0 milliseconds

2022-01-15 09:33:41 - [MESSAGE][PASSED] - Browser is opened with url: ''

2022-01-15 09:33:41 - [TEST_STEP][PASSED] - navigateToUrl("http://localhost/"): Navigate to 'http://localhost/' successfully

2022-01-15 09:33:42 - [MESSAGE][PASSED] - Navigate to 'http://localhost/' successfully

2022-01-15 09:33:42 - [TEST_STEP][PASSED] - click(findTestObject("Object Repository/Page_L Tm Anh/a_Log in")): Object: 'Object Repository/Page_L Tm Anh/a_Log in' is clicked on

2022-01-15 09:33:42 - [MESSAGE][PASSED] - Object: 'Object Repository/Page_L Tm Anh/a_Log in' is clicked on

2022-01-15 09:33:42 - [TEST_STEP][PASSED] - setText(findTestObject("Object Repository/Page_L Tm Anh Log in to the site/input_Username_username"), "admin"): Text 'admin' is set on object 'Object Repository/Page_L Tm Anh Log in to the site/input_Username_username'

2022-01-15 09:33:43 - [MESSAGE][PASSED] - Text 'admin' is set on object 'Object Repository/Page_L Tm Anh Log in to the site/input_Username_username'

2022-01-15 09:33:43 - [TEST_STEP][PASSED] - setEncryptedText(findTestObject("Object Repository/Page_L Tm Anh Log in to the site/input_Password_password"), "eGmz8XUbrLe3vUQiiiujBg=="): Text ****** has been set on object 'Object Repository/Page_L Tm Anh Log in to the site/input_Password_password'

2022-01-15 09:33:44 - [MESSAGE][PASSED] - Text ****** has been set on object 'Object Repository/Page_L Tm Anh Log in to the site/input_Password_password'

2022-01-15 09:33:44 - [TEST_STEP][PASSED] - click(findTestObject("Object Repository/Page_L Tm Anh Log in to the site/button_Log in")): Object: 'Object Repository/Page_L Tm Anh Log in to the site/button_Log in' is clicked on

2022-01-15 09:33:45 - [MESSAGE][PASSED] - Object: 'Object Repository/Page_L Tm Anh Log in to the site/button_Log in' is clicked on

2022-01-15 09:33:45 - [TEST_STEP][PASSED] - click(findTestObject("Object Repository/Page_Dashboard/a_My courses")): Object: 'Object Repository/Page_Dashboard/a_My courses' is clicked on

2022-01-15 09:34:17 - [MESSAGE][INFO] - Unable to find the element located by 'By.xpath: //ul[@id='moremenu-61e0e36aac914-navbar-nav']/li[3]/a'. Please recheck the objects properties to make sure the desired element is located. 

2022-01-15 09:34:17 - [MESSAGE][WARNING] - [SELF-HEALING] Failed to find element with id 'Object Repository/Page_Dashboard/a_My courses'. Try using Self-healing.

2022-01-15 09:34:17 - [MESSAGE][WARNING] - [SELF-HEALING] The current locator of test object 'Object Repository/Page_Dashboard/a_My courses' was broken. Propose an alternative one: '//a[contains(text(),'My courses')]'.

2022-01-15 09:34:17 - [MESSAGE][PASSED] - Object: 'Object Repository/Page_Dashboard/a_My courses' is clicked on

2022-01-15 09:34:17 - [TEST_STEP][PASSED] - click(findTestObject("Object Repository/Page_My courses/div_Course image")): Object: 'Object Repository/Page_My courses/div_Course image' is clicked on

2022-01-15 09:34:19 - [MESSAGE][PASSED] - Object: 'Object Repository/Page_My courses/div_Course image' is clicked on

2022-01-15 09:34:19 - [TEST_STEP][PASSED] - click(findTestObject("Object Repository/Page_Course 1/a_Announcements  Forum")): Object: 'Object Repository/Page_Course 1/a_Announcements  Forum' is clicked on

2022-01-15 09:34:21 - [MESSAGE][PASSED] - Object: 'Object Repository/Page_Course 1/a_Announcements  Forum' is clicked on

2022-01-15 09:34:21 - [TEST_STEP][PASSED] - click(findTestObject("Object Repository/Page_Announcements/a_Add discussion topic")): Object: 'Object Repository/Page_Announcements/a_Add discussion topic' is clicked on

2022-01-15 09:34:52 - [MESSAGE][INFO] - Unable to find the element located by 'By.xpath: //a[@id='yui_3_17_2_1_1641384514071_523']'. Please recheck the objects properties to make sure the desired element is located. 

2022-01-15 09:34:52 - [MESSAGE][WARNING] - [SELF-HEALING] Failed to find element with id 'Object Repository/Page_Announcements/a_Add discussion topic'. Try using Self-healing.

2022-01-15 09:34:53 - [MESSAGE][INFO] - Unable to find the element located by 'By.xpath: //a[contains(text(),'Add discussion topic')]'. Please recheck the objects properties to make sure the desired element is located. 

2022-01-15 09:34:54 - [MESSAGE][WARNING] - [SELF-HEALING] The current locator of test object 'Object Repository/Page_Announcements/a_Add discussion topic' was broken. Propose an alternative one: '(.//*[normalize-space(text()) and normalize-space(.)='Search forums'])[2]/following::a[1]'.

2022-01-15 09:34:54 - [MESSAGE][PASSED] - Object: 'Object Repository/Page_Announcements/a_Add discussion topic' is clicked on

2022-01-15 09:34:54 - [TEST_STEP][FAILED] - setText(findTestObject("Object Repository/Page_Announcements/input_Subject_subject"), "1"): Unable to set text '1' of object 'Object Repository/Page_Announcements/input_Subject_subject' (Root cause: com.kms.katalon.core.exception.StepFailedException: Unable to set text '1' of object 'Object Repository/Page_Announcements/input_Subject_subject'
	at com.kms.katalon.core.webui.keyword.internal.WebUIKeywordMain.stepFailed(WebUIKeywordMain.groovy:64)
	at com.kms.katalon.core.webui.keyword.internal.WebUIKeywordMain.runKeyword(WebUIKeywordMain.groovy:26)
	at com.kms.katalon.core.webui.keyword.builtin.SetTextKeyword.setText(SetTextKeyword.groovy:66)
	at com.kms.katalon.core.webui.keyword.builtin.SetTextKeyword.execute(SetTextKeyword.groovy:37)
	at com.kms.katalon.core.keyword.internal.KeywordExecutor.executeKeywordForPlatform(KeywordExecutor.groovy:74)
	at com.kms.katalon.core.webui.keyword.WebUiBuiltInKeywords.setText(WebUiBuiltInKeywords.groovy:980)
	at com.kms.katalon.core.webui.keyword.WebUiBuiltInKeywords$setText$2.call(Unknown Source)
	at Add discussion topic.run(Add discussion topic:40)
	at com.kms.katalon.core.main.ScriptEngine.run(ScriptEngine.java:194)
	at com.kms.katalon.core.main.ScriptEngine.runScriptAsRawText(ScriptEngine.java:119)
	at com.kms.katalon.core.main.TestCaseExecutor.runScript(TestCaseExecutor.java:442)
	at com.kms.katalon.core.main.TestCaseExecutor.doExecute(TestCaseExecutor.java:433)
	at com.kms.katalon.core.main.TestCaseExecutor.processExecutionPhase(TestCaseExecutor.java:412)
	at com.kms.katalon.core.main.TestCaseExecutor.accessMainPhase(TestCaseExecutor.java:404)
	at com.kms.katalon.core.main.TestCaseExecutor.execute(TestCaseExecutor.java:281)
	at com.kms.katalon.core.main.TestCaseExecutor.execute(TestCaseExecutor.java:363)
	at com.kms.katalon.core.main.TestCaseExecutor.execute(TestCaseExecutor.java:363)
	at com.kms.katalon.core.main.TestCaseExecutor.execute(TestCaseExecutor.java:363)
	at com.kms.katalon.core.main.TestSuiteExecutor.accessTestCaseMainPhase(TestSuiteExecutor.java:202)
	at com.kms.katalon.core.main.TestSuiteExecutor.accessTestSuiteMainPhase(TestSuiteExecutor.java:164)
	at com.kms.katalon.core.main.TestSuiteExecutor.execute(TestSuiteExecutor.java:105)
	at com.kms.katalon.core.main.TestCaseMain.startTestSuite(TestCaseMain.java:181)
	at com.kms.katalon.core.main.TestCaseMain$startTestSuite$0.call(Unknown Source)
	at TempTestSuite1642211722550.run(TempTestSuite1642211722550.groovy:36)
Caused by: org.openqa.selenium.ElementNotInteractableException: element not interactable
  (Session info: chrome=97.0.4692.71)
Build info: version: '3.141.59', revision: 'e82be7d358', time: '2018-11-14T08:25:53'
System info: host: 'DESKTOP-5O7CBM9', ip: '192.168.16.1', os.name: 'Windows 10', os.arch: 'amd64', os.version: '10.0', java.version: '1.8.0_282'
Driver info: com.kms.katalon.selenium.driver.CChromeDriver
Capabilities {acceptInsecureCerts: false, browserName: chrome, browserVersion: 97.0.4692.71, chrome: {chromedriverVersion: 97.0.4692.71 (adefa7837d02a..., userDataDir: C:\Users\antra\AppData\Loca...}, goog:chromeOptions: {debuggerAddress: localhost:59865}, javascriptEnabled: true, networkConnectionEnabled: false, pageLoadStrategy: normal, platform: WINDOWS, platformName: WINDOWS, proxy: Proxy(), setWindowRect: true, strictFileInteractability: false, timeouts: {implicit: 0, pageLoad: 300000, script: 30000}, unhandledPromptBehavior: dismiss and notify, webauthn:extension:credBlob: true, webauthn:extension:largeBlob: true, webauthn:virtualAuthenticators: true}
Session ID: 06520c1f292f36cd83a9404f34bd871b
	at org.openqa.selenium.remote.http.W3CHttpResponseCodec.createException(W3CHttpResponseCodec.java:187)
	at org.openqa.selenium.remote.http.W3CHttpResponseCodec.decode(W3CHttpResponseCodec.java:122)
	at org.openqa.selenium.remote.http.W3CHttpResponseCodec.decode(W3CHttpResponseCodec.java:49)
	at org.openqa.selenium.remote.HttpCommandExecutor.execute(HttpCommandExecutor.java:158)
	at org.openqa.selenium.remote.service.DriverCommandExecutor.execute(DriverCommandExecutor.java:83)
	at org.openqa.selenium.remote.RemoteWebDriver.execute(RemoteWebDriver.java:552)
	at com.kms.katalon.selenium.driver.CChromeDriver.execute(CChromeDriver.java:19)
	at org.openqa.selenium.remote.RemoteWebElement.execute(RemoteWebElement.java:285)
	at org.openqa.selenium.remote.RemoteWebElement.clear(RemoteWebElement.java:124)
	at org.openqa.selenium.support.events.EventFiringWebDriver$EventFiringWebElement.lambda$new$0(EventFiringWebDriver.java:404)
	at com.sun.proxy.$Proxy11.clear(Unknown Source)
	at org.openqa.selenium.support.events.EventFiringWebDriver$EventFiringWebElement.clear(EventFiringWebDriver.java:436)
	at com.kms.katalon.core.webui.keyword.builtin.SetTextKeyword$_setText_closure1.doCall(SetTextKeyword.groovy:53)
	at com.kms.katalon.core.webui.keyword.builtin.SetTextKeyword$_setText_closure1.call(SetTextKeyword.groovy)
	at com.kms.katalon.core.webui.keyword.internal.WebUIKeywordMain.runKeyword(WebUIKeywordMain.groovy:20)
	at com.kms.katalon.core.webui.keyword.builtin.SetTextKeyword.setText(SetTextKeyword.groovy:66)
	at com.kms.katalon.core.webui.keyword.builtin.SetTextKeyword.execute(SetTextKeyword.groovy:37)
	at com.kms.katalon.core.keyword.internal.KeywordExecutor.executeKeywordForPlatform(KeywordExecutor.groovy:74)
	at com.kms.katalon.core.webui.keyword.WebUiBuiltInKeywords.setText(WebUiBuiltInKeywords.groovy:980)
	at com.kms.katalon.core.webui.keyword.WebUiBuiltInKeywords$setText$2.call(Unknown Source)
	at Script1641383042210.run(Script1641383042210.groovy:40)
	... 16 more
)

2022-01-15 09:34:55 - [MESSAGE][FAILED] - Unable to set text '1' of object 'Object Repository/Page_Announcements/input_Subject_subject' (Root cause: com.kms.katalon.core.exception.StepFailedException: Unable to set text '1' of object 'Object Repository/Page_Announcements/input_Subject_subject'
	at com.kms.katalon.core.webui.keyword.internal.WebUIKeywordMain.stepFailed(WebUIKeywordMain.groovy:64)
	at com.kms.katalon.core.webui.keyword.internal.WebUIKeywordMain.runKeyword(WebUIKeywordMain.groovy:26)
	at com.kms.katalon.core.webui.keyword.builtin.SetTextKeyword.setText(SetTextKeyword.groovy:66)
	at com.kms.katalon.core.webui.keyword.builtin.SetTextKeyword.execute(SetTextKeyword.groovy:37)
	at com.kms.katalon.core.keyword.internal.KeywordExecutor.executeKeywordForPlatform(KeywordExecutor.groovy:74)
	at com.kms.katalon.core.webui.keyword.WebUiBuiltInKeywords.setText(WebUiBuiltInKeywords.groovy:980)
	at com.kms.katalon.core.webui.keyword.WebUiBuiltInKeywords$setText$2.call(Unknown Source)
	at Add discussion topic.run(Add discussion topic:40)
	at com.kms.katalon.core.main.ScriptEngine.run(ScriptEngine.java:194)
	at com.kms.katalon.core.main.ScriptEngine.runScriptAsRawText(ScriptEngine.java:119)
	at com.kms.katalon.core.main.TestCaseExecutor.runScript(TestCaseExecutor.java:442)
	at com.kms.katalon.core.main.TestCaseExecutor.doExecute(TestCaseExecutor.java:433)
	at com.kms.katalon.core.main.TestCaseExecutor.processExecutionPhase(TestCaseExecutor.java:412)
	at com.kms.katalon.core.main.TestCaseExecutor.accessMainPhase(TestCaseExecutor.java:404)
	at com.kms.katalon.core.main.TestCaseExecutor.execute(TestCaseExecutor.java:281)
	at com.kms.katalon.core.main.TestCaseExecutor.execute(TestCaseExecutor.java:363)
	at com.kms.katalon.core.main.TestCaseExecutor.execute(TestCaseExecutor.java:363)
	at com.kms.katalon.core.main.TestCaseExecutor.execute(TestCaseExecutor.java:363)
	at com.kms.katalon.core.main.TestSuiteExecutor.accessTestCaseMainPhase(TestSuiteExecutor.java:202)
	at com.kms.katalon.core.main.TestSuiteExecutor.accessTestSuiteMainPhase(TestSuiteExecutor.java:164)
	at com.kms.katalon.core.main.TestSuiteExecutor.execute(TestSuiteExecutor.java:105)
	at com.kms.katalon.core.main.TestCaseMain.startTestSuite(TestCaseMain.java:181)
	at com.kms.katalon.core.main.TestCaseMain$startTestSuite$0.call(Unknown Source)
	at TempTestSuite1642211722550.run(TempTestSuite1642211722550.groovy:36)
Caused by: org.openqa.selenium.ElementNotInteractableException: element not interactable
  (Session info: chrome=97.0.4692.71)
Build info: version: '3.141.59', revision: 'e82be7d358', time: '2018-11-14T08:25:53'
System info: host: 'DESKTOP-5O7CBM9', ip: '192.168.16.1', os.name: 'Windows 10', os.arch: 'amd64', os.version: '10.0', java.version: '1.8.0_282'
Driver info: com.kms.katalon.selenium.driver.CChromeDriver
Capabilities {acceptInsecureCerts: false, browserName: chrome, browserVersion: 97.0.4692.71, chrome: {chromedriverVersion: 97.0.4692.71 (adefa7837d02a..., userDataDir: C:\Users\antra\AppData\Loca...}, goog:chromeOptions: {debuggerAddress: localhost:59865}, javascriptEnabled: true, networkConnectionEnabled: false, pageLoadStrategy: normal, platform: WINDOWS, platformName: WINDOWS, proxy: Proxy(), setWindowRect: true, strictFileInteractability: false, timeouts: {implicit: 0, pageLoad: 300000, script: 30000}, unhandledPromptBehavior: dismiss and notify, webauthn:extension:credBlob: true, webauthn:extension:largeBlob: true, webauthn:virtualAuthenticators: true}
Session ID: 06520c1f292f36cd83a9404f34bd871b
	at org.openqa.selenium.remote.http.W3CHttpResponseCodec.createException(W3CHttpResponseCodec.java:187)
	at org.openqa.selenium.remote.http.W3CHttpResponseCodec.decode(W3CHttpResponseCodec.java:122)
	at org.openqa.selenium.remote.http.W3CHttpResponseCodec.decode(W3CHttpResponseCodec.java:49)
	at org.openqa.selenium.remote.HttpCommandExecutor.execute(HttpCommandExecutor.java:158)
	at org.openqa.selenium.remote.service.DriverCommandExecutor.execute(DriverCommandExecutor.java:83)
	at org.openqa.selenium.remote.RemoteWebDriver.execute(RemoteWebDriver.java:552)
	at com.kms.katalon.selenium.driver.CChromeDriver.execute(CChromeDriver.java:19)
	at org.openqa.selenium.remote.RemoteWebElement.execute(RemoteWebElement.java:285)
	at org.openqa.selenium.remote.RemoteWebElement.clear(RemoteWebElement.java:124)
	at org.openqa.selenium.support.events.EventFiringWebDriver$EventFiringWebElement.lambda$new$0(EventFiringWebDriver.java:404)
	at com.sun.proxy.$Proxy11.clear(Unknown Source)
	at org.openqa.selenium.support.events.EventFiringWebDriver$EventFiringWebElement.clear(EventFiringWebDriver.java:436)
	at com.kms.katalon.core.webui.keyword.builtin.SetTextKeyword$_setText_closure1.doCall(SetTextKeyword.groovy:53)
	at com.kms.katalon.core.webui.keyword.builtin.SetTextKeyword$_setText_closure1.call(SetTextKeyword.groovy)
	at com.kms.katalon.core.webui.keyword.internal.WebUIKeywordMain.runKeyword(WebUIKeywordMain.groovy:20)
	at com.kms.katalon.core.webui.keyword.builtin.SetTextKeyword.setText(SetTextKeyword.groovy:66)
	at com.kms.katalon.core.webui.keyword.builtin.SetTextKeyword.execute(SetTextKeyword.groovy:37)
	at com.kms.katalon.core.keyword.internal.KeywordExecutor.executeKeywordForPlatform(KeywordExecutor.groovy:74)
	at com.kms.katalon.core.webui.keyword.WebUiBuiltInKeywords.setText(WebUiBuiltInKeywords.groovy:980)
	at com.kms.katalon.core.webui.keyword.WebUiBuiltInKeywords$setText$2.call(Unknown Source)
	at Script1641383042210.run(Script1641383042210.groovy:40)
	... 16 more
)
[[ATTACHMENT|C:\\Users\\antra\\git\\SE-Bonus-Assginment-Group1\\Reports\\20220115_085522\\Run all test cases\\20220115_085522\\1642214095330.png]]]]></system-out>
         <system-err><![CDATA[2022-01-15 09:33:39 - [TEST_CASE][FAILED] - Test Cases/I1/Add discussion topic: Test Cases/I1/Add discussion topic FAILED.
Reason:
com.kms.katalon.core.exception.StepFailedException: Unable to set text '1' of object 'Object Repository/Page_Announcements/input_Subject_subject'
	at com.kms.katalon.core.webui.keyword.internal.WebUIKeywordMain.stepFailed(WebUIKeywordMain.groovy:64)
	at com.kms.katalon.core.webui.keyword.internal.WebUIKeywordMain.runKeyword(WebUIKeywordMain.groovy:26)
	at com.kms.katalon.core.webui.keyword.builtin.SetTextKeyword.setText(SetTextKeyword.groovy:66)
	at com.kms.katalon.core.webui.keyword.builtin.SetTextKeyword.execute(SetTextKeyword.groovy:37)
	at com.kms.katalon.core.keyword.internal.KeywordExecutor.executeKeywordForPlatform(KeywordExecutor.groovy:74)
	at com.kms.katalon.core.webui.keyword.WebUiBuiltInKeywords.setText(WebUiBuiltInKeywords.groovy:980)
	at com.kms.katalon.core.webui.keyword.WebUiBuiltInKeywords$setText$2.call(Unknown Source)
	at Add discussion topic.run(Add discussion topic:40)
	at com.kms.katalon.core.main.ScriptEngine.run(ScriptEngine.java:194)
	at com.kms.katalon.core.main.ScriptEngine.runScriptAsRawText(ScriptEngine.java:119)
	at com.kms.katalon.core.main.TestCaseExecutor.runScript(TestCaseExecutor.java:442)
	at com.kms.katalon.core.main.TestCaseExecutor.doExecute(TestCaseExecutor.java:433)
	at com.kms.katalon.core.main.TestCaseExecutor.processExecutionPhase(TestCaseExecutor.java:412)
	at com.kms.katalon.core.main.TestCaseExecutor.accessMainPhase(TestCaseExecutor.java:404)
	at com.kms.katalon.core.main.TestCaseExecutor.execute(TestCaseExecutor.java:281)
	at com.kms.katalon.core.main.TestCaseExecutor.execute(TestCaseExecutor.java:363)
	at com.kms.katalon.core.main.TestCaseExecutor.execute(TestCaseExecutor.java:363)
	at com.kms.katalon.core.main.TestCaseExecutor.execute(TestCaseExecutor.java:363)
	at com.kms.katalon.core.main.TestSuiteExecutor.accessTestCaseMainPhase(TestSuiteExecutor.java:202)
	at com.kms.katalon.core.main.TestSuiteExecutor.accessTestSuiteMainPhase(TestSuiteExecutor.java:164)
	at com.kms.katalon.core.main.TestSuiteExecutor.execute(TestSuiteExecutor.java:105)
	at com.kms.katalon.core.main.TestCaseMain.startTestSuite(TestCaseMain.java:181)
	at com.kms.katalon.core.main.TestCaseMain$startTestSuite$0.call(Unknown Source)
	at TempTestSuite1642211722550.run(TempTestSuite1642211722550.groovy:36)
Caused by: org.openqa.selenium.ElementNotInteractableException: element not interactable
  (Session info: chrome=97.0.4692.71)
Build info: version: '3.141.59', revision: 'e82be7d358', time: '2018-11-14T08:25:53'
System info: host: 'DESKTOP-5O7CBM9', ip: '192.168.16.1', os.name: 'Windows 10', os.arch: 'amd64', os.version: '10.0', java.version: '1.8.0_282'
Driver info: com.kms.katalon.selenium.driver.CChromeDriver
Capabilities {acceptInsecureCerts: false, browserName: chrome, browserVersion: 97.0.4692.71, chrome: {chromedriverVersion: 97.0.4692.71 (adefa7837d02a..., userDataDir: C:\Users\antra\AppData\Loca...}, goog:chromeOptions: {debuggerAddress: localhost:59865}, javascriptEnabled: true, networkConnectionEnabled: false, pageLoadStrategy: normal, platform: WINDOWS, platformName: WINDOWS, proxy: Proxy(), setWindowRect: true, strictFileInteractability: false, timeouts: {implicit: 0, pageLoad: 300000, script: 30000}, unhandledPromptBehavior: dismiss and notify, webauthn:extension:credBlob: true, webauthn:extension:largeBlob: true, webauthn:virtualAuthenticators: true}
Session ID: 06520c1f292f36cd83a9404f34bd871b
	at org.openqa.selenium.remote.http.W3CHttpResponseCodec.createException(W3CHttpResponseCodec.java:187)
	at org.openqa.selenium.remote.http.W3CHttpResponseCodec.decode(W3CHttpResponseCodec.java:122)
	at org.openqa.selenium.remote.http.W3CHttpResponseCodec.decode(W3CHttpResponseCodec.java:49)
	at org.openqa.selenium.remote.HttpCommandExecutor.execute(HttpCommandExecutor.java:158)
	at org.openqa.selenium.remote.service.DriverCommandExecutor.execute(DriverCommandExecutor.java:83)
	at org.openqa.selenium.remote.RemoteWebDriver.execute(RemoteWebDriver.java:552)
	at com.kms.katalon.selenium.driver.CChromeDriver.execute(CChromeDriver.java:19)
	at org.openqa.selenium.remote.RemoteWebElement.execute(RemoteWebElement.java:285)
	at org.openqa.selenium.remote.RemoteWebElement.clear(RemoteWebElement.java:124)
	at org.openqa.selenium.support.events.EventFiringWebDriver$EventFiringWebElement.lambda$new$0(EventFiringWebDriver.java:404)
	at com.sun.proxy.$Proxy11.clear(Unknown Source)
	at org.openqa.selenium.support.events.EventFiringWebDriver$EventFiringWebElement.clear(EventFiringWebDriver.java:436)
	at com.kms.katalon.core.webui.keyword.builtin.SetTextKeyword$_setText_closure1.doCall(SetTextKeyword.groovy:53)
	at com.kms.katalon.core.webui.keyword.builtin.SetTextKeyword$_setText_closure1.call(SetTextKeyword.groovy)
	at com.kms.katalon.core.webui.keyword.internal.WebUIKeywordMain.runKeyword(WebUIKeywordMain.groovy:20)
	... 22 more]]></system-err>
      </testcase>
      <testcase name="Test Cases/I2/View my profile" time="9.071" classname="Test Cases/I2/View my profile" status="PASSED">
         <system-out><![CDATA[2022-01-15 09:34:55 - [TEST_CASE][PASSED] - Test Cases/I2/View my profile: Test Cases/I2/View my profile

2022-01-15 09:34:56 - [TEST_STEP][PASSED] - openBrowser(""): Browser is opened with url: ''

2022-01-15 09:34:56 - [MESSAGE][WARNING] - A browser is already opened. Closing browser and opening a new one

2022-01-15 09:34:56 - [MESSAGE][INFO] - Starting 'Chrome' driver

2022-01-15 09:34:56 - [MESSAGE][INFO] - Action delay is set to 0 milliseconds

2022-01-15 09:34:58 - [MESSAGE][PASSED] - Browser is opened with url: ''

2022-01-15 09:34:58 - [TEST_STEP][PASSED] - navigateToUrl("http://localhost/"): Navigate to 'http://localhost/' successfully

2022-01-15 09:34:58 - [MESSAGE][PASSED] - Navigate to 'http://localhost/' successfully

2022-01-15 09:34:58 - [TEST_STEP][PASSED] - click(findTestObject("Object Repository/Page_L Tm Anh/a_Log in")): Object: 'Object Repository/Page_L Tm Anh/a_Log in' is clicked on

2022-01-15 09:34:59 - [MESSAGE][PASSED] - Object: 'Object Repository/Page_L Tm Anh/a_Log in' is clicked on

2022-01-15 09:34:59 - [TEST_STEP][PASSED] - setText(findTestObject("Object Repository/Page_L Tm Anh Log in to the site/input_Username_username"), "admin"): Text 'admin' is set on object 'Object Repository/Page_L Tm Anh Log in to the site/input_Username_username'

2022-01-15 09:35:00 - [MESSAGE][PASSED] - Text 'admin' is set on object 'Object Repository/Page_L Tm Anh Log in to the site/input_Username_username'

2022-01-15 09:35:00 - [TEST_STEP][PASSED] - setEncryptedText(findTestObject("Object Repository/Page_L Tm Anh Log in to the site/input_Password_password"), "eGmz8XUbrLe3vUQiiiujBg=="): Text ****** has been set on object 'Object Repository/Page_L Tm Anh Log in to the site/input_Password_password'

2022-01-15 09:35:00 - [MESSAGE][PASSED] - Text ****** has been set on object 'Object Repository/Page_L Tm Anh Log in to the site/input_Password_password'

2022-01-15 09:35:00 - [TEST_STEP][PASSED] - click(findTestObject("Object Repository/Page_L Tm Anh Log in to the site/button_Log in")): Object: 'Object Repository/Page_L Tm Anh Log in to the site/button_Log in' is clicked on

2022-01-15 09:35:01 - [MESSAGE][PASSED] - Object: 'Object Repository/Page_L Tm Anh Log in to the site/button_Log in' is clicked on

2022-01-15 09:35:01 - [TEST_STEP][PASSED] - click(findTestObject("Object Repository/Page_Dashboard/a_AU")): Object: 'Object Repository/Page_Dashboard/a_AU' is clicked on

2022-01-15 09:35:02 - [MESSAGE][PASSED] - Object: 'Object Repository/Page_Dashboard/a_AU' is clicked on

2022-01-15 09:35:02 - [TEST_STEP][PASSED] - click(findTestObject("Object Repository/Page_Dashboard/a_Profile")): Object: 'Object Repository/Page_Dashboard/a_Profile' is clicked on

2022-01-15 09:35:03 - [MESSAGE][PASSED] - Object: 'Object Repository/Page_Dashboard/a_Profile' is clicked on

2022-01-15 09:35:03 - [TEST_STEP][PASSED] - closeBrowser(): Browser is closed

2022-01-15 09:35:04 - [MESSAGE][PASSED] - Browser is closed]]></system-out>
         <system-err><![CDATA[]]></system-err>
      </testcase>
      <testcase name="Test Cases/I2/Edit my profile" time="15.074" classname="Test Cases/I2/Edit my profile" status="PASSED">
         <system-out><![CDATA[2022-01-15 09:35:04 - [TEST_CASE][PASSED] - Test Cases/I2/Edit my profile: Test Cases/I2/Edit my profile

2022-01-15 09:35:05 - [TEST_STEP][PASSED] - openBrowser(""): Browser is opened with url: ''

2022-01-15 09:35:05 - [MESSAGE][INFO] - Starting 'Chrome' driver

2022-01-15 09:35:05 - [MESSAGE][INFO] - Action delay is set to 0 milliseconds

2022-01-15 09:35:06 - [MESSAGE][PASSED] - Browser is opened with url: ''

2022-01-15 09:35:06 - [TEST_STEP][PASSED] - navigateToUrl("http://localhost/"): Navigate to 'http://localhost/' successfully

2022-01-15 09:35:06 - [MESSAGE][PASSED] - Navigate to 'http://localhost/' successfully

2022-01-15 09:35:06 - [TEST_STEP][PASSED] - click(findTestObject("Object Repository/Page_L Tm Anh/a_Log in")): Object: 'Object Repository/Page_L Tm Anh/a_Log in' is clicked on

2022-01-15 09:35:07 - [MESSAGE][PASSED] - Object: 'Object Repository/Page_L Tm Anh/a_Log in' is clicked on

2022-01-15 09:35:07 - [TEST_STEP][PASSED] - setText(findTestObject("Object Repository/Page_L Tm Anh Log in to the site/input_Username_username"), "admin"): Text 'admin' is set on object 'Object Repository/Page_L Tm Anh Log in to the site/input_Username_username'

2022-01-15 09:35:08 - [MESSAGE][PASSED] - Text 'admin' is set on object 'Object Repository/Page_L Tm Anh Log in to the site/input_Username_username'

2022-01-15 09:35:08 - [TEST_STEP][PASSED] - setEncryptedText(findTestObject("Object Repository/Page_L Tm Anh Log in to the site/input_Password_password"), "eGmz8XUbrLe3vUQiiiujBg=="): Text ****** has been set on object 'Object Repository/Page_L Tm Anh Log in to the site/input_Password_password'

2022-01-15 09:35:08 - [MESSAGE][PASSED] - Text ****** has been set on object 'Object Repository/Page_L Tm Anh Log in to the site/input_Password_password'

2022-01-15 09:35:08 - [TEST_STEP][PASSED] - click(findTestObject("Object Repository/Page_L Tm Anh Log in to the site/button_Log in")): Object: 'Object Repository/Page_L Tm Anh Log in to the site/button_Log in' is clicked on

2022-01-15 09:35:10 - [MESSAGE][PASSED] - Object: 'Object Repository/Page_L Tm Anh Log in to the site/button_Log in' is clicked on

2022-01-15 09:35:10 - [TEST_STEP][PASSED] - click(findTestObject("Object Repository/Page_Dashboard/a_AU")): Object: 'Object Repository/Page_Dashboard/a_AU' is clicked on

2022-01-15 09:35:11 - [MESSAGE][PASSED] - Object: 'Object Repository/Page_Dashboard/a_AU' is clicked on

2022-01-15 09:35:11 - [TEST_STEP][PASSED] - click(findTestObject("Object Repository/Page_Dashboard/a_Profile")): Object: 'Object Repository/Page_Dashboard/a_Profile' is clicked on

2022-01-15 09:35:12 - [MESSAGE][PASSED] - Object: 'Object Repository/Page_Dashboard/a_Profile' is clicked on

2022-01-15 09:35:12 - [TEST_STEP][PASSED] - click(findTestObject("Object Repository/Page_Admin User Public profile/a_Edit profile")): Object: 'Object Repository/Page_Admin User Public profile/a_Edit profile' is clicked on

2022-01-15 09:35:16 - [MESSAGE][PASSED] - Object: 'Object Repository/Page_Admin User Public profile/a_Edit profile' is clicked on

2022-01-15 09:35:16 - [TEST_STEP][PASSED] - scrollToElement(findTestObject("Object Repository/Page_Anh Lee Edit profile/input_Address_submitbutton"), 0): Scroll to object 'Object Repository/Page_Anh Lee Edit profile/input_Address_submitbutton' successfully

2022-01-15 09:35:16 - [MESSAGE][WARNING] - Timeout '0' is invalid. Using default page load timeout: '30'

2022-01-15 09:35:17 - [MESSAGE][PASSED] - Scroll to object 'Object Repository/Page_Anh Lee Edit profile/input_Address_submitbutton' successfully

2022-01-15 09:35:17 - [TEST_STEP][PASSED] - click(findTestObject("Object Repository/Page_Anh Lee Edit profile/input_Address_submitbutton")): Object: 'Object Repository/Page_Anh Lee Edit profile/input_Address_submitbutton' is clicked on

2022-01-15 09:35:19 - [MESSAGE][PASSED] - Object: 'Object Repository/Page_Anh Lee Edit profile/input_Address_submitbutton' is clicked on

2022-01-15 09:35:19 - [TEST_STEP][PASSED] - closeBrowser(): Browser is closed

2022-01-15 09:35:19 - [MESSAGE][PASSED] - Browser is closed]]></system-out>
         <system-err><![CDATA[]]></system-err>
      </testcase>
      <testcase name="Test Cases/I2/See all notifications" time="38.668" classname="Test Cases/I2/See all notifications" status="PASSED">
         <system-out><![CDATA[2022-01-15 09:35:19 - [TEST_CASE][PASSED] - Test Cases/I2/See all notifications: Test Cases/I2/See all notifications

2022-01-15 09:35:19 - [TEST_STEP][PASSED] - openBrowser(""): Browser is opened with url: ''

2022-01-15 09:35:19 - [MESSAGE][INFO] - Starting 'Chrome' driver

2022-01-15 09:35:19 - [MESSAGE][INFO] - Action delay is set to 0 milliseconds

2022-01-15 09:35:21 - [MESSAGE][PASSED] - Browser is opened with url: ''

2022-01-15 09:35:21 - [TEST_STEP][PASSED] - navigateToUrl("http://localhost/"): Navigate to 'http://localhost/' successfully

2022-01-15 09:35:21 - [MESSAGE][PASSED] - Navigate to 'http://localhost/' successfully

2022-01-15 09:35:21 - [TEST_STEP][PASSED] - click(findTestObject("Object Repository/Page_L Tm Anh/a_Log in")): Object: 'Object Repository/Page_L Tm Anh/a_Log in' is clicked on

2022-01-15 09:35:22 - [MESSAGE][PASSED] - Object: 'Object Repository/Page_L Tm Anh/a_Log in' is clicked on

2022-01-15 09:35:22 - [TEST_STEP][PASSED] - setText(findTestObject("Object Repository/Page_L Tm Anh Log in to the site/input_Username_username"), "admin"): Text 'admin' is set on object 'Object Repository/Page_L Tm Anh Log in to the site/input_Username_username'

2022-01-15 09:35:23 - [MESSAGE][PASSED] - Text 'admin' is set on object 'Object Repository/Page_L Tm Anh Log in to the site/input_Username_username'

2022-01-15 09:35:23 - [TEST_STEP][PASSED] - setEncryptedText(findTestObject("Object Repository/Page_L Tm Anh Log in to the site/input_Password_password"), "eGmz8XUbrLe3vUQiiiujBg=="): Text ****** has been set on object 'Object Repository/Page_L Tm Anh Log in to the site/input_Password_password'

2022-01-15 09:35:23 - [MESSAGE][PASSED] - Text ****** has been set on object 'Object Repository/Page_L Tm Anh Log in to the site/input_Password_password'

2022-01-15 09:35:23 - [TEST_STEP][PASSED] - click(findTestObject("Object Repository/Page_L Tm Anh Log in to the site/button_Log in")): Object: 'Object Repository/Page_L Tm Anh Log in to the site/button_Log in' is clicked on

2022-01-15 09:35:24 - [MESSAGE][PASSED] - Object: 'Object Repository/Page_L Tm Anh Log in to the site/button_Log in' is clicked on

2022-01-15 09:35:24 - [TEST_STEP][PASSED] - click(findTestObject("Object Repository/Page_Dashboard/i_Site administration_icon fa fa-bell-o fa-fw")): Object: 'Object Repository/Page_Dashboard/i_Site administration_icon fa fa-bell-o fa-fw' is clicked on

2022-01-15 09:35:25 - [MESSAGE][PASSED] - Object: 'Object Repository/Page_Dashboard/i_Site administration_icon fa fa-bell-o fa-fw' is clicked on

2022-01-15 09:35:25 - [TEST_STEP][PASSED] - click(findTestObject("Object Repository/Page_Dashboard/div_See all")): Object: 'Object Repository/Page_Dashboard/div_See all' is clicked on

2022-01-15 09:35:56 - [MESSAGE][INFO] - Unable to find the element located by 'By.xpath: //div[@id='popover-region-container-61da2d4595e0961da2d45767654']/a/div/div'. Please recheck the objects properties to make sure the desired element is located. 

2022-01-15 09:35:56 - [MESSAGE][WARNING] - [SELF-HEALING] Failed to find element with id 'Object Repository/Page_Dashboard/div_See all'. Try using Self-healing.

2022-01-15 09:35:57 - [MESSAGE][WARNING] - [SELF-HEALING] The current locator of test object 'Object Repository/Page_Dashboard/div_See all' was broken. Propose an alternative one: '(.//*[normalize-space(text()) and normalize-space(.)='AU'])[1]/preceding::div[3]'.

2022-01-15 09:35:57 - [MESSAGE][PASSED] - Object: 'Object Repository/Page_Dashboard/div_See all' is clicked on

2022-01-15 09:35:57 - [TEST_STEP][PASSED] - closeBrowser(): Browser is closed

2022-01-15 09:35:58 - [MESSAGE][PASSED] - Browser is closed]]></system-out>
         <system-err><![CDATA[]]></system-err>
      </testcase>
      <testcase name="Test Cases/I2/View a full notification" time="38.619" classname="Test Cases/I2/View a full notification" status="PASSED">
         <system-out><![CDATA[2022-01-15 09:35:58 - [TEST_CASE][PASSED] - Test Cases/I2/View a full notification: Test Cases/I2/View a full notification

2022-01-15 09:35:58 - [TEST_STEP][PASSED] - openBrowser(""): Browser is opened with url: ''

2022-01-15 09:35:58 - [MESSAGE][INFO] - Starting 'Chrome' driver

2022-01-15 09:35:58 - [MESSAGE][INFO] - Action delay is set to 0 milliseconds

2022-01-15 09:35:59 - [MESSAGE][PASSED] - Browser is opened with url: ''

2022-01-15 09:35:59 - [TEST_STEP][PASSED] - navigateToUrl("http://localhost/"): Navigate to 'http://localhost/' successfully

2022-01-15 09:36:00 - [MESSAGE][PASSED] - Navigate to 'http://localhost/' successfully

2022-01-15 09:36:00 - [TEST_STEP][PASSED] - click(findTestObject("Object Repository/Page_L Tm Anh/a_Log in")): Object: 'Object Repository/Page_L Tm Anh/a_Log in' is clicked on

2022-01-15 09:36:01 - [MESSAGE][PASSED] - Object: 'Object Repository/Page_L Tm Anh/a_Log in' is clicked on

2022-01-15 09:36:01 - [TEST_STEP][PASSED] - click(findTestObject("Object Repository/Page_L Tm Anh Log in to the site/form_Username                              _635ab4")): Object: 'Object Repository/Page_L Tm Anh Log in to the site/form_Username                              _635ab4' is clicked on

2022-01-15 09:36:01 - [MESSAGE][PASSED] - Object: 'Object Repository/Page_L Tm Anh Log in to the site/form_Username                              _635ab4' is clicked on

2022-01-15 09:36:01 - [TEST_STEP][PASSED] - setText(findTestObject("Object Repository/Page_L Tm Anh Log in to the site/input_Username_username"), "admin"): Text 'admin' is set on object 'Object Repository/Page_L Tm Anh Log in to the site/input_Username_username'

2022-01-15 09:36:02 - [MESSAGE][PASSED] - Text 'admin' is set on object 'Object Repository/Page_L Tm Anh Log in to the site/input_Username_username'

2022-01-15 09:36:02 - [TEST_STEP][PASSED] - setEncryptedText(findTestObject("Object Repository/Page_L Tm Anh Log in to the site/input_Password_password"), "eGmz8XUbrLe3vUQiiiujBg=="): Text ****** has been set on object 'Object Repository/Page_L Tm Anh Log in to the site/input_Password_password'

2022-01-15 09:36:02 - [MESSAGE][PASSED] - Text ****** has been set on object 'Object Repository/Page_L Tm Anh Log in to the site/input_Password_password'

2022-01-15 09:36:02 - [TEST_STEP][PASSED] - click(findTestObject("Object Repository/Page_L Tm Anh Log in to the site/button_Log in")): Object: 'Object Repository/Page_L Tm Anh Log in to the site/button_Log in' is clicked on

2022-01-15 09:36:03 - [MESSAGE][PASSED] - Object: 'Object Repository/Page_L Tm Anh Log in to the site/button_Log in' is clicked on

2022-01-15 09:36:03 - [TEST_STEP][PASSED] - click(findTestObject("Object Repository/Page_Dashboard/i_Site administration_icon fa fa-bell-o fa-fw")): Object: 'Object Repository/Page_Dashboard/i_Site administration_icon fa fa-bell-o fa-fw' is clicked on

2022-01-15 09:36:04 - [MESSAGE][PASSED] - Object: 'Object Repository/Page_Dashboard/i_Site administration_icon fa fa-bell-o fa-fw' is clicked on

2022-01-15 09:36:04 - [TEST_STEP][PASSED] - click(findTestObject("Object Repository/Page_Dashboard/a_View full notification")): Object: 'Object Repository/Page_Dashboard/a_View full notification' is clicked on

2022-01-15 09:36:35 - [MESSAGE][INFO] - Unable to find the element located by 'By.xpath: //div[@id='popover-region-container-61da2c529109e61da2c528055f4']/div[2]/div/div/div/a[2]'. Please recheck the objects properties to make sure the desired element is located. 

2022-01-15 09:36:35 - [MESSAGE][WARNING] - [SELF-HEALING] Failed to find element with id 'Object Repository/Page_Dashboard/a_View full notification'. Try using Self-healing.

2022-01-15 09:36:35 - [MESSAGE][WARNING] - [SELF-HEALING] The current locator of test object 'Object Repository/Page_Dashboard/a_View full notification' was broken. Propose an alternative one: '//a[contains(text(),'View full notification')]'.

2022-01-15 09:36:36 - [MESSAGE][PASSED] - Object: 'Object Repository/Page_Dashboard/a_View full notification' is clicked on

2022-01-15 09:36:36 - [TEST_STEP][PASSED] - closeBrowser(): Browser is closed

2022-01-15 09:36:37 - [MESSAGE][PASSED] - Browser is closed]]></system-out>
         <system-err><![CDATA[]]></system-err>
      </testcase>
      <testcase name="Test Cases/Question bank/Add a essay question in question bank" time="225.391" classname="Test Cases/Question bank/Add a essay question in question bank" status="PASSED">
         <system-out><![CDATA[2022-01-15 09:36:37 - [TEST_CASE][PASSED] - Test Cases/Question bank/Add a essay question in question bank: Test Cases/Question bank/Add a essay question in question bank

2022-01-15 09:36:37 - [TEST_STEP][PASSED] - openBrowser(""): Browser is opened with url: ''

2022-01-15 09:36:37 - [MESSAGE][INFO] - Starting 'Chrome' driver

2022-01-15 09:36:37 - [MESSAGE][INFO] - Action delay is set to 0 milliseconds

2022-01-15 09:36:39 - [MESSAGE][PASSED] - Browser is opened with url: ''

2022-01-15 09:36:39 - [TEST_STEP][PASSED] - navigateToUrl("http://localhost/"): Navigate to 'http://localhost/' successfully

2022-01-15 09:36:39 - [MESSAGE][PASSED] - Navigate to 'http://localhost/' successfully

2022-01-15 09:36:39 - [TEST_STEP][PASSED] - click(findTestObject("Object Repository/Page_L Tm Anh/a_Log in")): Object: 'Object Repository/Page_L Tm Anh/a_Log in' is clicked on

2022-01-15 09:36:40 - [MESSAGE][PASSED] - Object: 'Object Repository/Page_L Tm Anh/a_Log in' is clicked on

2022-01-15 09:36:40 - [TEST_STEP][PASSED] - setText(findTestObject("Object Repository/Page_L Tm Anh Log in to the site/input_Username_username"), "beta"): Text 'beta' is set on object 'Object Repository/Page_L Tm Anh Log in to the site/input_Username_username'

2022-01-15 09:36:41 - [MESSAGE][PASSED] - Text 'beta' is set on object 'Object Repository/Page_L Tm Anh Log in to the site/input_Username_username'

2022-01-15 09:36:41 - [TEST_STEP][PASSED] - setEncryptedText(findTestObject("Object Repository/Page_L Tm Anh Log in to the site/input_Password_password"), "eGmz8XUbrLe3vUQiiiujBg=="): Text ****** has been set on object 'Object Repository/Page_L Tm Anh Log in to the site/input_Password_password'

2022-01-15 09:36:41 - [MESSAGE][PASSED] - Text ****** has been set on object 'Object Repository/Page_L Tm Anh Log in to the site/input_Password_password'

2022-01-15 09:36:41 - [TEST_STEP][PASSED] - click(findTestObject("Object Repository/Page_L Tm Anh Log in to the site/button_Log in")): Object: 'Object Repository/Page_L Tm Anh Log in to the site/button_Log in' is clicked on

2022-01-15 09:36:44 - [MESSAGE][PASSED] - Object: 'Object Repository/Page_L Tm Anh Log in to the site/button_Log in' is clicked on

2022-01-15 09:36:44 - [TEST_STEP][PASSED] - click(findTestObject("Object Repository/Page_Dashboard/a_My courses")): Object: 'Object Repository/Page_Dashboard/a_My courses' is clicked on

2022-01-15 09:37:17 - [MESSAGE][INFO] - Unable to find the element located by 'By.xpath: //ul[@id='moremenu-61e0e36aac914-navbar-nav']/li[3]/a'. Please recheck the objects properties to make sure the desired element is located. 

2022-01-15 09:37:17 - [MESSAGE][WARNING] - [SELF-HEALING] Failed to find element with id 'Object Repository/Page_Dashboard/a_My courses'. Try using Self-healing.

2022-01-15 09:37:19 - [MESSAGE][WARNING] - [SELF-HEALING] The current locator of test object 'Object Repository/Page_Dashboard/a_My courses' was broken. Propose an alternative one: '//a[contains(text(),'My courses')]'.

2022-01-15 09:37:19 - [MESSAGE][PASSED] - Object: 'Object Repository/Page_Dashboard/a_My courses' is clicked on

2022-01-15 09:37:19 - [TEST_STEP][PASSED] - click(findTestObject("Object Repository/Page_My courses/div_Course image")): Object: 'Object Repository/Page_My courses/div_Course image' is clicked on

2022-01-15 09:37:52 - [MESSAGE][INFO] - Unable to find the element located by 'By.xpath: //div[@id='page-container-0']/div/div/div/a/div'. Please recheck the objects properties to make sure the desired element is located. 

2022-01-15 09:37:52 - [MESSAGE][WARNING] - [SELF-HEALING] Failed to find element with id 'Object Repository/Page_My courses/div_Course image'. Try using Self-healing.

2022-01-15 09:37:54 - [MESSAGE][INFO] - Unable to find the element located by 'By.xpath: //*[(text() = '
                Course image
            ' or . = '
                Course image
            ')]'. Please recheck the objects properties to make sure the desired element is located. 

2022-01-15 09:37:56 - [MESSAGE][INFO] - [SELF-HEALING] Failed Locator: '//div[@id='page-container-0']/div/div/div/a/div'.

2022-01-15 09:37:59 - [MESSAGE][INFO] - [SELF-HEALING] Working Locator: '(.//*[normalize-space(text()) and normalize-space(.)='Card'])[1]/following::div[8]'.

2022-01-15 09:37:59 - [MESSAGE][ERROR] - [SELF-HEALING] Cannot save screenshot to: C:\Users\antra\git\SE-Bonus-Assginment-Group1\Reports\Self-healing, reason: unknown error: unhandled inspector error: {"code":-32000,"message":"Cannot take screenshot with 0 height."}
  (Session info: chrome=97.0.4692.71)
Build info: version: '3.141.59', revision: 'e82be7d358', time: '2018-11-14T08:25:53'
System info: host: 'DESKTOP-5O7CBM9', ip: '192.168.16.1', os.name: 'Windows 10', os.arch: 'amd64', os.version: '10.0', java.version: '1.8.0_282'
Driver info: com.kms.katalon.selenium.driver.CChromeDriver
Capabilities {acceptInsecureCerts: false, browserName: chrome, browserVersion: 97.0.4692.71, chrome: {chromedriverVersion: 97.0.4692.71 (adefa7837d02a..., userDataDir: C:\Users\antra\AppData\Loca...}, goog:chromeOptions: {debuggerAddress: localhost:60285}, javascriptEnabled: true, networkConnectionEnabled: false, pageLoadStrategy: normal, platform: WINDOWS, platformName: WINDOWS, proxy: Proxy(), setWindowRect: true, strictFileInteractability: false, timeouts: {implicit: 0, pageLoad: 300000, script: 30000}, unhandledPromptBehavior: dismiss and notify, webauthn:extension:credBlob: true, webauthn:extension:largeBlob: true, webauthn:virtualAuthenticators: true}
Session ID: fd479764c259bb19ac94b76bbcdf72e8.

2022-01-15 09:37:59 - [MESSAGE][ERROR] - [SELF-HEALING] Cannot save screenshot to: C:\Users\antra\git\SE-Bonus-Assginment-Group1\Reports\Self-healing, reason: unknown error: unhandled inspector error: {"code":-32000,"message":"Cannot take screenshot with 0 height."}
  (Session info: chrome=97.0.4692.71)
Build info: version: '3.141.59', revision: 'e82be7d358', time: '2018-11-14T08:25:53'
System info: host: 'DESKTOP-5O7CBM9', ip: '192.168.16.1', os.name: 'Windows 10', os.arch: 'amd64', os.version: '10.0', java.version: '1.8.0_282'
Driver info: com.kms.katalon.selenium.driver.CChromeDriver
Capabilities {acceptInsecureCerts: false, browserName: chrome, browserVersion: 97.0.4692.71, chrome: {chromedriverVersion: 97.0.4692.71 (adefa7837d02a..., userDataDir: C:\Users\antra\AppData\Loca...}, goog:chromeOptions: {debuggerAddress: localhost:60285}, javascriptEnabled: true, networkConnectionEnabled: false, pageLoadStrategy: normal, platform: WINDOWS, platformName: WINDOWS, proxy: Proxy(), setWindowRect: true, strictFileInteractability: false, timeouts: {implicit: 0, pageLoad: 300000, script: 30000}, unhandledPromptBehavior: dismiss and notify, webauthn:extension:credBlob: true, webauthn:extension:largeBlob: true, webauthn:virtualAuthenticators: true}
Session ID: fd479764c259bb19ac94b76bbcdf72e8.

2022-01-15 09:37:59 - [MESSAGE][WARNING] - [SELF-HEALING] 'other' is different type of Path

2022-01-15 09:38:00 - [MESSAGE][INFO] - [SELF-HEALING] Screenshot: C:/Users/antra/git/SE-Bonus-Assginment-Group1/Reports/Self-healing/Object Repository/Page_My courses/div_Course image_BASIC.png

2022-01-15 09:38:00 - [MESSAGE][WARNING] - [SELF-HEALING] The current locator of test object 'Object Repository/Page_My courses/div_Course image' was broken. Propose an alternative one: '//*[(text() = '
                Course image
            ' or . = '
                Course image
            ')]'.

2022-01-15 09:38:02 - [MESSAGE][PASSED] - Object: 'Object Repository/Page_My courses/div_Course image' is clicked on

2022-01-15 09:38:02 - [TEST_STEP][PASSED] - click(findTestObject("Object Repository/Page_Course 2/a_More")): Object: 'Object Repository/Page_Course 2/a_More' is clicked on

2022-01-15 09:38:33 - [MESSAGE][INFO] - Unable to find the element located by 'By.xpath: //a[@id='moremenu-dropdown-61dcbc055a0de']'. Please recheck the objects properties to make sure the desired element is located. 

2022-01-15 09:38:33 - [MESSAGE][WARNING] - [SELF-HEALING] Failed to find element with id 'Object Repository/Page_Course 2/a_More'. Try using Self-healing.

2022-01-15 09:38:33 - [MESSAGE][WARNING] - [SELF-HEALING] The current locator of test object 'Object Repository/Page_Course 2/a_More' was broken. Propose an alternative one: '(//a[contains(text(),'More')])[2]'.

2022-01-15 09:38:33 - [MESSAGE][PASSED] - Object: 'Object Repository/Page_Course 2/a_More' is clicked on

2022-01-15 09:38:33 - [TEST_STEP][PASSED] - click(findTestObject("Object Repository/Page_Course 2/a_Question bank")): Object: 'Object Repository/Page_Course 2/a_Question bank' is clicked on

2022-01-15 09:39:04 - [MESSAGE][INFO] - Unable to find the element located by 'By.xpath: //li[@id='yui_3_17_2_1_1641856005443_47']/ul/li/a'. Please recheck the objects properties to make sure the desired element is located. 

2022-01-15 09:39:04 - [MESSAGE][WARNING] - [SELF-HEALING] Failed to find element with id 'Object Repository/Page_Course 2/a_Question bank'. Try using Self-healing.

2022-01-15 09:39:05 - [MESSAGE][WARNING] - [SELF-HEALING] The current locator of test object 'Object Repository/Page_Course 2/a_Question bank' was broken. Propose an alternative one: '//a[contains(text(),'Question bank')]'.

2022-01-15 09:39:09 - [MESSAGE][PASSED] - Object: 'Object Repository/Page_Course 2/a_Question bank' is clicked on

2022-01-15 09:39:09 - [TEST_STEP][PASSED] - click(findTestObject("Object Repository/Page_Edit questions/button_Create a new question")): Object: 'Object Repository/Page_Edit questions/button_Create a new question' is clicked on

2022-01-15 09:39:40 - [MESSAGE][INFO] - Unable to find the element located by 'By.xpath: //button[@id='single_button61dcb9be554e49']'. Please recheck the objects properties to make sure the desired element is located. 

2022-01-15 09:39:40 - [MESSAGE][WARNING] - [SELF-HEALING] Failed to find element with id 'Object Repository/Page_Edit questions/button_Create a new question'. Try using Self-healing.

2022-01-15 09:39:40 - [MESSAGE][WARNING] - [SELF-HEALING] The current locator of test object 'Object Repository/Page_Edit questions/button_Create a new question' was broken. Propose an alternative one: '//section[@id='region-main']/div/div[2]/div/div/form/button'.

2022-01-15 09:39:40 - [MESSAGE][PASSED] - Object: 'Object Repository/Page_Edit questions/button_Create a new question' is clicked on

2022-01-15 09:39:40 - [TEST_STEP][PASSED] - click(findTestObject("Object Repository/Page_Edit questions/input_Numerical_qtype")): Object: 'Object Repository/Page_Edit questions/input_Numerical_qtype' is clicked on

2022-01-15 09:39:41 - [MESSAGE][PASSED] - Object: 'Object Repository/Page_Edit questions/input_Numerical_qtype' is clicked on

2022-01-15 09:39:41 - [TEST_STEP][PASSED] - click(findTestObject("Object Repository/Page_Edit questions/input_Description_submitbutton")): Object: 'Object Repository/Page_Edit questions/input_Description_submitbutton' is clicked on

2022-01-15 09:40:12 - [MESSAGE][INFO] - Unable to find the element located by 'By.xpath: //input[@id='yui_3_17_2_1_1641855422405_351']'. Please recheck the objects properties to make sure the desired element is located. 

2022-01-15 09:40:12 - [MESSAGE][WARNING] - [SELF-HEALING] Failed to find element with id 'Object Repository/Page_Edit questions/input_Description_submitbutton'. Try using Self-healing.

2022-01-15 09:40:12 - [MESSAGE][WARNING] - [SELF-HEALING] The current locator of test object 'Object Repository/Page_Edit questions/input_Description_submitbutton' was broken. Propose an alternative one: '//div[3]/input'.

2022-01-15 09:40:14 - [MESSAGE][PASSED] - Object: 'Object Repository/Page_Edit questions/input_Description_submitbutton' is clicked on

2022-01-15 09:40:14 - [TEST_STEP][PASSED] - setText(findTestObject("Object Repository/Page_Editing an Essay question/input_Question name_name"), "Quiz 5"): Text 'Quiz 5' is set on object 'Object Repository/Page_Editing an Essay question/input_Question name_name'

2022-01-15 09:40:16 - [MESSAGE][PASSED] - Text 'Quiz 5' is set on object 'Object Repository/Page_Editing an Essay question/input_Question name_name'

2022-01-15 09:40:16 - [TEST_STEP][PASSED] - setText(findTestObject("Object Repository/Page_Editing an Essay question/div_Quiz 5"), "<p dir="ltr" style="text-align: left;" id="yui_3_17_2_1_1641855428617_1717">Quiz 5</p>"): Text '<p dir="ltr" style="text-align: left;" id="yui_3_17_2_1_1641855428617_1717">Quiz 5</p>' is set on object 'Object Repository/Page_Editing an Essay question/div_Quiz 5'

2022-01-15 09:40:17 - [MESSAGE][PASSED] - Text '<p dir="ltr" style="text-align: left;" id="yui_3_17_2_1_1641855428617_1717">Quiz 5</p>' is set on object 'Object Repository/Page_Editing an Essay question/div_Quiz 5'

2022-01-15 09:40:17 - [TEST_STEP][PASSED] - scrollToElement(findTestObject("Object Repository/Page_Editing an Essay question/input__submitbutton"), 0): Scroll to object 'Object Repository/Page_Editing an Essay question/input__submitbutton' successfully

2022-01-15 09:40:17 - [MESSAGE][WARNING] - Timeout '0' is invalid. Using default page load timeout: '30'

2022-01-15 09:40:17 - [MESSAGE][PASSED] - Scroll to object 'Object Repository/Page_Editing an Essay question/input__submitbutton' successfully

2022-01-15 09:40:17 - [TEST_STEP][PASSED] - click(findTestObject("Object Repository/Page_Editing an Essay question/input__submitbutton")): Object: 'Object Repository/Page_Editing an Essay question/input__submitbutton' is clicked on

2022-01-15 09:40:21 - [MESSAGE][PASSED] - Object: 'Object Repository/Page_Editing an Essay question/input__submitbutton' is clicked on

2022-01-15 09:40:21 - [TEST_STEP][PASSED] - closeBrowser(): Browser is closed

2022-01-15 09:40:22 - [MESSAGE][PASSED] - Browser is closed]]></system-out>
         <system-err><![CDATA[]]></system-err>
      </testcase>
      <testcase name="Test Cases/Question bank/Add a new multiple choice question" time="187.911" classname="Test Cases/Question bank/Add a new multiple choice question" status="PASSED">
         <system-out><![CDATA[2022-01-15 09:40:22 - [TEST_CASE][PASSED] - Test Cases/Question bank/Add a new multiple choice question: Test Cases/Question bank/Add a new multiple choice question

2022-01-15 09:40:22 - [TEST_STEP][PASSED] - openBrowser(""): Browser is opened with url: ''

2022-01-15 09:40:22 - [MESSAGE][INFO] - Starting 'Chrome' driver

2022-01-15 09:40:22 - [MESSAGE][INFO] - Action delay is set to 0 milliseconds

2022-01-15 09:40:23 - [MESSAGE][PASSED] - Browser is opened with url: ''

2022-01-15 09:40:23 - [TEST_STEP][PASSED] - navigateToUrl("http://localhost/"): Navigate to 'http://localhost/' successfully

2022-01-15 09:40:25 - [MESSAGE][PASSED] - Navigate to 'http://localhost/' successfully

2022-01-15 09:40:25 - [TEST_STEP][PASSED] - click(findTestObject("Object Repository/Page_L Tm Anh/a_Log in")): Object: 'Object Repository/Page_L Tm Anh/a_Log in' is clicked on

2022-01-15 09:40:26 - [MESSAGE][PASSED] - Object: 'Object Repository/Page_L Tm Anh/a_Log in' is clicked on

2022-01-15 09:40:26 - [TEST_STEP][PASSED] - setText(findTestObject("Object Repository/Page_L Tm Anh Log in to the site/input_Username_username"), "admin"): Text 'admin' is set on object 'Object Repository/Page_L Tm Anh Log in to the site/input_Username_username'

2022-01-15 09:40:27 - [MESSAGE][PASSED] - Text 'admin' is set on object 'Object Repository/Page_L Tm Anh Log in to the site/input_Username_username'

2022-01-15 09:40:27 - [TEST_STEP][PASSED] - setEncryptedText(findTestObject("Object Repository/Page_L Tm Anh Log in to the site/input_Password_password"), "eGmz8XUbrLe3vUQiiiujBg=="): Text ****** has been set on object 'Object Repository/Page_L Tm Anh Log in to the site/input_Password_password'

2022-01-15 09:40:27 - [MESSAGE][PASSED] - Text ****** has been set on object 'Object Repository/Page_L Tm Anh Log in to the site/input_Password_password'

2022-01-15 09:40:27 - [TEST_STEP][PASSED] - click(findTestObject("Object Repository/Page_L Tm Anh Log in to the site/div_Log in")): Object: 'Object Repository/Page_L Tm Anh Log in to the site/div_Log in' is clicked on

2022-01-15 09:40:27 - [MESSAGE][PASSED] - Object: 'Object Repository/Page_L Tm Anh Log in to the site/div_Log in' is clicked on

2022-01-15 09:40:27 - [TEST_STEP][PASSED] - click(findTestObject("Object Repository/Page_L Tm Anh Log in to the site/button_Log in")): Object: 'Object Repository/Page_L Tm Anh Log in to the site/button_Log in' is clicked on

2022-01-15 09:40:29 - [MESSAGE][PASSED] - Object: 'Object Repository/Page_L Tm Anh Log in to the site/button_Log in' is clicked on

2022-01-15 09:40:29 - [TEST_STEP][PASSED] - click(findTestObject("Object Repository/Page_Dashboard/a_My courses")): Object: 'Object Repository/Page_Dashboard/a_My courses' is clicked on

2022-01-15 09:41:00 - [MESSAGE][INFO] - Unable to find the element located by 'By.xpath: //ul[@id='moremenu-61e0e36aac914-navbar-nav']/li[3]/a'. Please recheck the objects properties to make sure the desired element is located. 

2022-01-15 09:41:00 - [MESSAGE][WARNING] - [SELF-HEALING] Failed to find element with id 'Object Repository/Page_Dashboard/a_My courses'. Try using Self-healing.

2022-01-15 09:41:00 - [MESSAGE][WARNING] - [SELF-HEALING] The current locator of test object 'Object Repository/Page_Dashboard/a_My courses' was broken. Propose an alternative one: '//a[contains(text(),'My courses')]'.

2022-01-15 09:41:01 - [MESSAGE][PASSED] - Object: 'Object Repository/Page_Dashboard/a_My courses' is clicked on

2022-01-15 09:41:01 - [TEST_STEP][PASSED] - click(findTestObject("Object Repository/Page_My courses/div_Course image")): Object: 'Object Repository/Page_My courses/div_Course image' is clicked on

2022-01-15 09:41:02 - [MESSAGE][PASSED] - Object: 'Object Repository/Page_My courses/div_Course image' is clicked on

2022-01-15 09:41:02 - [TEST_STEP][PASSED] - click(findTestObject("Object Repository/Page_Course 1/a_More")): Object: 'Object Repository/Page_Course 1/a_More' is clicked on

2022-01-15 09:41:34 - [MESSAGE][INFO] - Unable to find the element located by 'By.xpath: //a[@id='moremenu-dropdown-61dac5e62f398']'. Please recheck the objects properties to make sure the desired element is located. 

2022-01-15 09:41:34 - [MESSAGE][WARNING] - [SELF-HEALING] Failed to find element with id 'Object Repository/Page_Course 1/a_More'. Try using Self-healing.

2022-01-15 09:41:34 - [MESSAGE][WARNING] - [SELF-HEALING] The current locator of test object 'Object Repository/Page_Course 1/a_More' was broken. Propose an alternative one: '(//a[contains(text(),'More')])[2]'.

2022-01-15 09:41:34 - [MESSAGE][PASSED] - Object: 'Object Repository/Page_Course 1/a_More' is clicked on

2022-01-15 09:41:34 - [TEST_STEP][PASSED] - click(findTestObject("Object Repository/Page_Course 1/a_Question bank")): Object: 'Object Repository/Page_Course 1/a_Question bank' is clicked on

2022-01-15 09:42:05 - [MESSAGE][INFO] - Unable to find the element located by 'By.xpath: //li[@id='yui_3_17_2_1_1641727462260_71']/ul/li/a'. Please recheck the objects properties to make sure the desired element is located. 

2022-01-15 09:42:05 - [MESSAGE][WARNING] - [SELF-HEALING] Failed to find element with id 'Object Repository/Page_Course 1/a_Question bank'. Try using Self-healing.

2022-01-15 09:42:05 - [MESSAGE][WARNING] - [SELF-HEALING] The current locator of test object 'Object Repository/Page_Course 1/a_Question bank' was broken. Propose an alternative one: '//a[contains(text(),'Question bank')]'.

2022-01-15 09:42:08 - [MESSAGE][PASSED] - Object: 'Object Repository/Page_Course 1/a_Question bank' is clicked on

2022-01-15 09:42:08 - [TEST_STEP][PASSED] - click(findTestObject("Object Repository/Page_Edit questions/button_Create a new question")): Object: 'Object Repository/Page_Edit questions/button_Create a new question' is clicked on

2022-01-15 09:42:39 - [MESSAGE][INFO] - Unable to find the element located by 'By.xpath: //button[@id='single_button61dcb9be554e49']'. Please recheck the objects properties to make sure the desired element is located. 

2022-01-15 09:42:39 - [MESSAGE][WARNING] - [SELF-HEALING] Failed to find element with id 'Object Repository/Page_Edit questions/button_Create a new question'. Try using Self-healing.

2022-01-15 09:42:39 - [MESSAGE][WARNING] - [SELF-HEALING] The current locator of test object 'Object Repository/Page_Edit questions/button_Create a new question' was broken. Propose an alternative one: '//section[@id='region-main']/div/div[2]/div/div/form/button'.

2022-01-15 09:42:39 - [MESSAGE][PASSED] - Object: 'Object Repository/Page_Edit questions/button_Create a new question' is clicked on

2022-01-15 09:42:39 - [TEST_STEP][PASSED] - click(findTestObject("Object Repository/Page_Edit questions/input_Questions_qtype")): Object: 'Object Repository/Page_Edit questions/input_Questions_qtype' is clicked on

2022-01-15 09:42:40 - [MESSAGE][PASSED] - Object: 'Object Repository/Page_Edit questions/input_Questions_qtype' is clicked on

2022-01-15 09:42:40 - [TEST_STEP][PASSED] - click(findTestObject("Object Repository/Page_Edit questions/input_Description_submitbutton")): Object: 'Object Repository/Page_Edit questions/input_Description_submitbutton' is clicked on

2022-01-15 09:43:11 - [MESSAGE][INFO] - Unable to find the element located by 'By.xpath: //input[@id='yui_3_17_2_1_1641855422405_351']'. Please recheck the objects properties to make sure the desired element is located. 

2022-01-15 09:43:11 - [MESSAGE][WARNING] - [SELF-HEALING] Failed to find element with id 'Object Repository/Page_Edit questions/input_Description_submitbutton'. Try using Self-healing.

2022-01-15 09:43:11 - [MESSAGE][WARNING] - [SELF-HEALING] The current locator of test object 'Object Repository/Page_Edit questions/input_Description_submitbutton' was broken. Propose an alternative one: '//div[3]/input'.

2022-01-15 09:43:14 - [MESSAGE][PASSED] - Object: 'Object Repository/Page_Edit questions/input_Description_submitbutton' is clicked on

2022-01-15 09:43:14 - [TEST_STEP][PASSED] - setText(findTestObject("Object Repository/Page_Editing a Multiple choice question/input_Question name_name"), "Anh le la ai"): Text 'Anh le la ai' is set on object 'Object Repository/Page_Editing a Multiple choice question/input_Question name_name'

2022-01-15 09:43:15 - [MESSAGE][PASSED] - Text 'Anh le la ai' is set on object 'Object Repository/Page_Editing a Multiple choice question/input_Question name_name'

2022-01-15 09:43:15 - [TEST_STEP][PASSED] - setText(findTestObject("Object Repository/Page_Editing a Multiple choice question/div_Anh le la ai"), "<p dir="ltr" style="text-align: left;">Anh le la ai</p>"): Text '<p dir="ltr" style="text-align: left;">Anh le la ai</p>' is set on object 'Object Repository/Page_Editing a Multiple choice question/div_Anh le la ai'

2022-01-15 09:43:16 - [MESSAGE][PASSED] - Text '<p dir="ltr" style="text-align: left;">Anh le la ai</p>' is set on object 'Object Repository/Page_Editing a Multiple choice question/div_Anh le la ai'

2022-01-15 09:43:16 - [TEST_STEP][PASSED] - scrollToElement(findTestObject("Object Repository/Page_Editing a Multiple choice question/div_1"), 0): Scroll to object 'Object Repository/Page_Editing a Multiple choice question/div_1' successfully

2022-01-15 09:43:16 - [MESSAGE][WARNING] - Timeout '0' is invalid. Using default page load timeout: '30'

2022-01-15 09:43:17 - [MESSAGE][PASSED] - Scroll to object 'Object Repository/Page_Editing a Multiple choice question/div_1' successfully

2022-01-15 09:43:17 - [TEST_STEP][PASSED] - setText(findTestObject("Object Repository/Page_Editing a Multiple choice question/div_1"), "<p dir="ltr" style="text-align: left;" id="yui_3_17_2_1_1641727220527_6952">1</p>"): Text '<p dir="ltr" style="text-align: left;" id="yui_3_17_2_1_1641727220527_6952">1</p>' is set on object 'Object Repository/Page_Editing a Multiple choice question/div_1'

2022-01-15 09:43:18 - [MESSAGE][PASSED] - Text '<p dir="ltr" style="text-align: left;" id="yui_3_17_2_1_1641727220527_6952">1</p>' is set on object 'Object Repository/Page_Editing a Multiple choice question/div_1'

2022-01-15 09:43:18 - [TEST_STEP][PASSED] - selectOptionByValue(findTestObject("Object Repository/Page_Editing a Multiple choice question/select_None            100            90   _353130"), "1.0", true): All options with value '1.0' are selected in object 'Object Repository/Page_Editing a Multiple choice question/select_None            100            90   _353130'  using regular expression

2022-01-15 09:43:20 - [MESSAGE][PASSED] - All options with value '1.0' are selected in object 'Object Repository/Page_Editing a Multiple choice question/select_None            100            90   _353130'  using regular expression

2022-01-15 09:43:20 - [TEST_STEP][PASSED] - scrollToElement(findTestObject("Object Repository/Page_Editing a Multiple choice question/div_1_1"), 0): Scroll to object 'Object Repository/Page_Editing a Multiple choice question/div_1_1' successfully

2022-01-15 09:43:20 - [MESSAGE][WARNING] - Timeout '0' is invalid. Using default page load timeout: '30'

2022-01-15 09:43:20 - [MESSAGE][PASSED] - Scroll to object 'Object Repository/Page_Editing a Multiple choice question/div_1_1' successfully

2022-01-15 09:43:20 - [TEST_STEP][PASSED] - setText(findTestObject("Object Repository/Page_Editing a Multiple choice question/div_1_1"), "<p dir="ltr" style="text-align: left;" id="yui_3_17_2_1_1641727220527_6971">1</p>"): Text '<p dir="ltr" style="text-align: left;" id="yui_3_17_2_1_1641727220527_6971">1</p>' is set on object 'Object Repository/Page_Editing a Multiple choice question/div_1_1'

2022-01-15 09:43:21 - [MESSAGE][PASSED] - Text '<p dir="ltr" style="text-align: left;" id="yui_3_17_2_1_1641727220527_6971">1</p>' is set on object 'Object Repository/Page_Editing a Multiple choice question/div_1_1'

2022-01-15 09:43:21 - [TEST_STEP][PASSED] - selectOptionByValue(findTestObject("Object Repository/Page_Editing a Multiple choice question/select_None            100            90   _353130_1"), "0.5", true): All options with value '0.5' are selected in object 'Object Repository/Page_Editing a Multiple choice question/select_None            100            90   _353130_1'  using regular expression

2022-01-15 09:43:23 - [MESSAGE][PASSED] - All options with value '0.5' are selected in object 'Object Repository/Page_Editing a Multiple choice question/select_None            100            90   _353130_1'  using regular expression

2022-01-15 09:43:23 - [TEST_STEP][PASSED] - scrollToElement(findTestObject("Object Repository/Page_Editing a Multiple choice question/div_2"), 0): Scroll to object 'Object Repository/Page_Editing a Multiple choice question/div_2' successfully

2022-01-15 09:43:23 - [MESSAGE][WARNING] - Timeout '0' is invalid. Using default page load timeout: '30'

2022-01-15 09:43:24 - [MESSAGE][PASSED] - Scroll to object 'Object Repository/Page_Editing a Multiple choice question/div_2' successfully

2022-01-15 09:43:24 - [TEST_STEP][PASSED] - setText(findTestObject("Object Repository/Page_Editing a Multiple choice question/div_2"), "<p dir="ltr" style="text-align: left;" id="yui_3_17_2_1_1641727220527_6988">2</p>"): Text '<p dir="ltr" style="text-align: left;" id="yui_3_17_2_1_1641727220527_6988">2</p>' is set on object 'Object Repository/Page_Editing a Multiple choice question/div_2'

2022-01-15 09:43:25 - [MESSAGE][PASSED] - Text '<p dir="ltr" style="text-align: left;" id="yui_3_17_2_1_1641727220527_6988">2</p>' is set on object 'Object Repository/Page_Editing a Multiple choice question/div_2'

2022-01-15 09:43:25 - [TEST_STEP][PASSED] - selectOptionByValue(findTestObject("Object Repository/Page_Editing a Multiple choice question/select_None            100            90   _353130_1_2"), "0.3", true): All options with value '0.3' are selected in object 'Object Repository/Page_Editing a Multiple choice question/select_None            100            90   _353130_1_2'  using regular expression

2022-01-15 09:43:27 - [MESSAGE][PASSED] - All options with value '0.3' are selected in object 'Object Repository/Page_Editing a Multiple choice question/select_None            100            90   _353130_1_2'  using regular expression

2022-01-15 09:43:27 - [TEST_STEP][PASSED] - scrollToElement(findTestObject("Object Repository/Page_Editing a Multiple choice question/input__submitbutton"), 0): Scroll to object 'Object Repository/Page_Editing a Multiple choice question/input__submitbutton' successfully

2022-01-15 09:43:27 - [MESSAGE][WARNING] - Timeout '0' is invalid. Using default page load timeout: '30'

2022-01-15 09:43:27 - [MESSAGE][PASSED] - Scroll to object 'Object Repository/Page_Editing a Multiple choice question/input__submitbutton' successfully

2022-01-15 09:43:27 - [TEST_STEP][PASSED] - click(findTestObject("Object Repository/Page_Editing a Multiple choice question/input__submitbutton")): Object: 'Object Repository/Page_Editing a Multiple choice question/input__submitbutton' is clicked on

2022-01-15 09:43:29 - [MESSAGE][PASSED] - Object: 'Object Repository/Page_Editing a Multiple choice question/input__submitbutton' is clicked on

2022-01-15 09:43:29 - [TEST_STEP][PASSED] - closeBrowser(): Browser is closed

2022-01-15 09:43:30 - [MESSAGE][PASSED] - Browser is closed]]></system-out>
         <system-err><![CDATA[]]></system-err>
      </testcase>
      <testcase name="Test Cases/Question bank/Add a new Short answer question" time="177.776" classname="Test Cases/Question bank/Add a new Short answer question" status="PASSED">
         <system-out><![CDATA[2022-01-15 09:43:30 - [TEST_CASE][PASSED] - Test Cases/Question bank/Add a new Short answer question: Test Cases/Question bank/Add a new Short answer question

2022-01-15 09:43:30 - [TEST_STEP][PASSED] - openBrowser(""): Browser is opened with url: ''

2022-01-15 09:43:30 - [MESSAGE][INFO] - Starting 'Chrome' driver

2022-01-15 09:43:30 - [MESSAGE][INFO] - Action delay is set to 0 milliseconds

2022-01-15 09:43:32 - [MESSAGE][PASSED] - Browser is opened with url: ''

2022-01-15 09:43:32 - [TEST_STEP][PASSED] - navigateToUrl("http://localhost/"): Navigate to 'http://localhost/' successfully

2022-01-15 09:43:34 - [MESSAGE][PASSED] - Navigate to 'http://localhost/' successfully

2022-01-15 09:43:34 - [TEST_STEP][PASSED] - click(findTestObject("Object Repository/Page_L Tm Anh/a_Log in")): Object: 'Object Repository/Page_L Tm Anh/a_Log in' is clicked on

2022-01-15 09:43:34 - [MESSAGE][PASSED] - Object: 'Object Repository/Page_L Tm Anh/a_Log in' is clicked on

2022-01-15 09:43:34 - [TEST_STEP][PASSED] - setText(findTestObject("Object Repository/Page_L Tm Anh Log in to the site/input_Username_username"), "admin"): Text 'admin' is set on object 'Object Repository/Page_L Tm Anh Log in to the site/input_Username_username'

2022-01-15 09:43:35 - [MESSAGE][PASSED] - Text 'admin' is set on object 'Object Repository/Page_L Tm Anh Log in to the site/input_Username_username'

2022-01-15 09:43:35 - [TEST_STEP][PASSED] - setEncryptedText(findTestObject("Object Repository/Page_L Tm Anh Log in to the site/input_Password_password"), "eGmz8XUbrLe3vUQiiiujBg=="): Text ****** has been set on object 'Object Repository/Page_L Tm Anh Log in to the site/input_Password_password'

2022-01-15 09:43:36 - [MESSAGE][PASSED] - Text ****** has been set on object 'Object Repository/Page_L Tm Anh Log in to the site/input_Password_password'

2022-01-15 09:43:36 - [TEST_STEP][PASSED] - click(findTestObject("Object Repository/Page_L Tm Anh Log in to the site/button_Log in")): Object: 'Object Repository/Page_L Tm Anh Log in to the site/button_Log in' is clicked on

2022-01-15 09:43:37 - [MESSAGE][PASSED] - Object: 'Object Repository/Page_L Tm Anh Log in to the site/button_Log in' is clicked on

2022-01-15 09:43:37 - [TEST_STEP][PASSED] - click(findTestObject("Object Repository/Page_Dashboard/a_My courses")): Object: 'Object Repository/Page_Dashboard/a_My courses' is clicked on

2022-01-15 09:44:08 - [MESSAGE][INFO] - Unable to find the element located by 'By.xpath: //ul[@id='moremenu-61e0e36aac914-navbar-nav']/li[3]/a'. Please recheck the objects properties to make sure the desired element is located. 

2022-01-15 09:44:08 - [MESSAGE][WARNING] - [SELF-HEALING] Failed to find element with id 'Object Repository/Page_Dashboard/a_My courses'. Try using Self-healing.

2022-01-15 09:44:09 - [MESSAGE][WARNING] - [SELF-HEALING] The current locator of test object 'Object Repository/Page_Dashboard/a_My courses' was broken. Propose an alternative one: '//a[contains(text(),'My courses')]'.

2022-01-15 09:44:09 - [MESSAGE][PASSED] - Object: 'Object Repository/Page_Dashboard/a_My courses' is clicked on

2022-01-15 09:44:09 - [TEST_STEP][PASSED] - click(findTestObject("Object Repository/Page_My courses/div_Course image")): Object: 'Object Repository/Page_My courses/div_Course image' is clicked on

2022-01-15 09:44:11 - [MESSAGE][PASSED] - Object: 'Object Repository/Page_My courses/div_Course image' is clicked on

2022-01-15 09:44:11 - [TEST_STEP][PASSED] - click(findTestObject("Object Repository/Page_Course 1/a_More")): Object: 'Object Repository/Page_Course 1/a_More' is clicked on

2022-01-15 09:44:42 - [MESSAGE][INFO] - Unable to find the element located by 'By.xpath: //a[@id='moremenu-dropdown-61dac5e62f398']'. Please recheck the objects properties to make sure the desired element is located. 

2022-01-15 09:44:42 - [MESSAGE][WARNING] - [SELF-HEALING] Failed to find element with id 'Object Repository/Page_Course 1/a_More'. Try using Self-healing.

2022-01-15 09:44:42 - [MESSAGE][WARNING] - [SELF-HEALING] The current locator of test object 'Object Repository/Page_Course 1/a_More' was broken. Propose an alternative one: '(//a[contains(text(),'More')])[2]'.

2022-01-15 09:44:42 - [MESSAGE][PASSED] - Object: 'Object Repository/Page_Course 1/a_More' is clicked on

2022-01-15 09:44:42 - [TEST_STEP][PASSED] - click(findTestObject("Object Repository/Page_Course 1/a_Question bank")): Object: 'Object Repository/Page_Course 1/a_Question bank' is clicked on

2022-01-15 09:45:14 - [MESSAGE][INFO] - Unable to find the element located by 'By.xpath: //li[@id='yui_3_17_2_1_1641727462260_71']/ul/li/a'. Please recheck the objects properties to make sure the desired element is located. 

2022-01-15 09:45:14 - [MESSAGE][WARNING] - [SELF-HEALING] Failed to find element with id 'Object Repository/Page_Course 1/a_Question bank'. Try using Self-healing.

2022-01-15 09:45:14 - [MESSAGE][WARNING] - [SELF-HEALING] The current locator of test object 'Object Repository/Page_Course 1/a_Question bank' was broken. Propose an alternative one: '//a[contains(text(),'Question bank')]'.

2022-01-15 09:45:15 - [MESSAGE][PASSED] - Object: 'Object Repository/Page_Course 1/a_Question bank' is clicked on

2022-01-15 09:45:15 - [TEST_STEP][PASSED] - click(findTestObject("Object Repository/Page_Edit questions/button_Create a new question")): Object: 'Object Repository/Page_Edit questions/button_Create a new question' is clicked on

2022-01-15 09:45:46 - [MESSAGE][INFO] - Unable to find the element located by 'By.xpath: //button[@id='single_button61dcb9be554e49']'. Please recheck the objects properties to make sure the desired element is located. 

2022-01-15 09:45:46 - [MESSAGE][WARNING] - [SELF-HEALING] Failed to find element with id 'Object Repository/Page_Edit questions/button_Create a new question'. Try using Self-healing.

2022-01-15 09:45:46 - [MESSAGE][WARNING] - [SELF-HEALING] The current locator of test object 'Object Repository/Page_Edit questions/button_Create a new question' was broken. Propose an alternative one: '//section[@id='region-main']/div/div[2]/div/div/form/button'.

2022-01-15 09:45:46 - [MESSAGE][PASSED] - Object: 'Object Repository/Page_Edit questions/button_Create a new question' is clicked on

2022-01-15 09:45:46 - [TEST_STEP][PASSED] - click(findTestObject("Object Repository/Page_Edit questions/input_Matching_qtype")): Object: 'Object Repository/Page_Edit questions/input_Matching_qtype' is clicked on

2022-01-15 09:45:47 - [MESSAGE][PASSED] - Object: 'Object Repository/Page_Edit questions/input_Matching_qtype' is clicked on

2022-01-15 09:45:47 - [TEST_STEP][PASSED] - click(findTestObject("Object Repository/Page_Edit questions/input_Description_submitbutton")): Object: 'Object Repository/Page_Edit questions/input_Description_submitbutton' is clicked on

2022-01-15 09:46:19 - [MESSAGE][INFO] - Unable to find the element located by 'By.xpath: //input[@id='yui_3_17_2_1_1641855422405_351']'. Please recheck the objects properties to make sure the desired element is located. 

2022-01-15 09:46:19 - [MESSAGE][WARNING] - [SELF-HEALING] Failed to find element with id 'Object Repository/Page_Edit questions/input_Description_submitbutton'. Try using Self-healing.

2022-01-15 09:46:19 - [MESSAGE][WARNING] - [SELF-HEALING] The current locator of test object 'Object Repository/Page_Edit questions/input_Description_submitbutton' was broken. Propose an alternative one: '//div[3]/input'.

2022-01-15 09:46:20 - [MESSAGE][PASSED] - Object: 'Object Repository/Page_Edit questions/input_Description_submitbutton' is clicked on

2022-01-15 09:46:20 - [TEST_STEP][PASSED] - setText(findTestObject("Object Repository/Page_Editing a Short answer question/input_Question name_name"), "Anh le la ai"): Text 'Anh le la ai' is set on object 'Object Repository/Page_Editing a Short answer question/input_Question name_name'

2022-01-15 09:46:21 - [MESSAGE][PASSED] - Text 'Anh le la ai' is set on object 'Object Repository/Page_Editing a Short answer question/input_Question name_name'

2022-01-15 09:46:21 - [TEST_STEP][PASSED] - setText(findTestObject("Object Repository/Page_Editing a Short answer question/div_Anh le la ai"), "<p dir="ltr" style="text-align: left;" id="yui_3_17_2_1_1641726965698_2888">Anh le la ai</p>"): Text '<p dir="ltr" style="text-align: left;" id="yui_3_17_2_1_1641726965698_2888">Anh le la ai</p>' is set on object 'Object Repository/Page_Editing a Short answer question/div_Anh le la ai'

2022-01-15 09:46:22 - [MESSAGE][PASSED] - Text '<p dir="ltr" style="text-align: left;" id="yui_3_17_2_1_1641726965698_2888">Anh le la ai</p>' is set on object 'Object Repository/Page_Editing a Short answer question/div_Anh le la ai'

2022-01-15 09:46:22 - [TEST_STEP][PASSED] - scrollToElement(findTestObject("Object Repository/Page_Editing a Short answer question/input_Answer 1_answer0"), 0): Scroll to object 'Object Repository/Page_Editing a Short answer question/input_Answer 1_answer0' successfully

2022-01-15 09:46:23 - [MESSAGE][WARNING] - Timeout '0' is invalid. Using default page load timeout: '30'

2022-01-15 09:46:23 - [MESSAGE][PASSED] - Scroll to object 'Object Repository/Page_Editing a Short answer question/input_Answer 1_answer0' successfully

2022-01-15 09:46:23 - [TEST_STEP][PASSED] - setText(findTestObject("Object Repository/Page_Editing a Short answer question/input_Answer 1_answer0"), "1"): Text '1' is set on object 'Object Repository/Page_Editing a Short answer question/input_Answer 1_answer0'

2022-01-15 09:46:24 - [MESSAGE][PASSED] - Text '1' is set on object 'Object Repository/Page_Editing a Short answer question/input_Answer 1_answer0'

2022-01-15 09:46:24 - [TEST_STEP][PASSED] - selectOptionByValue(findTestObject("Object Repository/Page_Editing a Short answer question/select_None        100        90        83._8cdef3"), "1.0", true): All options with value '1.0' are selected in object 'Object Repository/Page_Editing a Short answer question/select_None        100        90        83._8cdef3'  using regular expression

2022-01-15 09:46:25 - [MESSAGE][PASSED] - All options with value '1.0' are selected in object 'Object Repository/Page_Editing a Short answer question/select_None        100        90        83._8cdef3'  using regular expression

2022-01-15 09:46:25 - [TEST_STEP][PASSED] - scrollToElement(findTestObject("Object Repository/Page_Editing a Short answer question/input__submitbutton"), 0): Scroll to object 'Object Repository/Page_Editing a Short answer question/input__submitbutton' successfully

2022-01-15 09:46:25 - [MESSAGE][WARNING] - Timeout '0' is invalid. Using default page load timeout: '30'

2022-01-15 09:46:26 - [MESSAGE][PASSED] - Scroll to object 'Object Repository/Page_Editing a Short answer question/input__submitbutton' successfully

2022-01-15 09:46:26 - [TEST_STEP][PASSED] - click(findTestObject("Object Repository/Page_Editing a Short answer question/input__submitbutton")): Object: 'Object Repository/Page_Editing a Short answer question/input__submitbutton' is clicked on

2022-01-15 09:46:27 - [MESSAGE][PASSED] - Object: 'Object Repository/Page_Editing a Short answer question/input__submitbutton' is clicked on

2022-01-15 09:46:27 - [TEST_STEP][PASSED] - closeBrowser(): Browser is closed

2022-01-15 09:46:28 - [MESSAGE][PASSED] - Browser is closed]]></system-out>
         <system-err><![CDATA[]]></system-err>
      </testcase>
      <testcase name="Test Cases/Question bank/Add a numerical question" time="175.828" classname="Test Cases/Question bank/Add a numerical question" status="PASSED">
         <system-out><![CDATA[2022-01-15 09:46:28 - [TEST_CASE][PASSED] - Test Cases/Question bank/Add a numerical question: Test Cases/Question bank/Add a numerical question

2022-01-15 09:46:28 - [TEST_STEP][PASSED] - openBrowser(""): Browser is opened with url: ''

2022-01-15 09:46:28 - [MESSAGE][INFO] - Starting 'Chrome' driver

2022-01-15 09:46:28 - [MESSAGE][INFO] - Action delay is set to 0 milliseconds

2022-01-15 09:46:30 - [MESSAGE][PASSED] - Browser is opened with url: ''

2022-01-15 09:46:30 - [TEST_STEP][PASSED] - navigateToUrl("http://localhost/"): Navigate to 'http://localhost/' successfully

2022-01-15 09:46:31 - [MESSAGE][PASSED] - Navigate to 'http://localhost/' successfully

2022-01-15 09:46:31 - [TEST_STEP][PASSED] - click(findTestObject("Object Repository/Page_L Tm Anh/a_Log in")): Object: 'Object Repository/Page_L Tm Anh/a_Log in' is clicked on

2022-01-15 09:46:31 - [MESSAGE][PASSED] - Object: 'Object Repository/Page_L Tm Anh/a_Log in' is clicked on

2022-01-15 09:46:31 - [TEST_STEP][PASSED] - setText(findTestObject("Object Repository/Page_L Tm Anh Log in to the site/input_Username_username"), "admin"): Text 'admin' is set on object 'Object Repository/Page_L Tm Anh Log in to the site/input_Username_username'

2022-01-15 09:46:32 - [MESSAGE][PASSED] - Text 'admin' is set on object 'Object Repository/Page_L Tm Anh Log in to the site/input_Username_username'

2022-01-15 09:46:32 - [TEST_STEP][PASSED] - setEncryptedText(findTestObject("Object Repository/Page_L Tm Anh Log in to the site/input_Password_password"), "eGmz8XUbrLe3vUQiiiujBg=="): Text ****** has been set on object 'Object Repository/Page_L Tm Anh Log in to the site/input_Password_password'

2022-01-15 09:46:32 - [MESSAGE][PASSED] - Text ****** has been set on object 'Object Repository/Page_L Tm Anh Log in to the site/input_Password_password'

2022-01-15 09:46:32 - [TEST_STEP][PASSED] - click(findTestObject("Object Repository/Page_L Tm Anh Log in to the site/button_Log in")): Object: 'Object Repository/Page_L Tm Anh Log in to the site/button_Log in' is clicked on

2022-01-15 09:46:34 - [MESSAGE][PASSED] - Object: 'Object Repository/Page_L Tm Anh Log in to the site/button_Log in' is clicked on

2022-01-15 09:46:34 - [TEST_STEP][PASSED] - click(findTestObject("Object Repository/Page_Dashboard/a_My courses")): Object: 'Object Repository/Page_Dashboard/a_My courses' is clicked on

2022-01-15 09:47:05 - [MESSAGE][INFO] - Unable to find the element located by 'By.xpath: //ul[@id='moremenu-61e0e36aac914-navbar-nav']/li[3]/a'. Please recheck the objects properties to make sure the desired element is located. 

2022-01-15 09:47:05 - [MESSAGE][WARNING] - [SELF-HEALING] Failed to find element with id 'Object Repository/Page_Dashboard/a_My courses'. Try using Self-healing.

2022-01-15 09:47:05 - [MESSAGE][WARNING] - [SELF-HEALING] The current locator of test object 'Object Repository/Page_Dashboard/a_My courses' was broken. Propose an alternative one: '//a[contains(text(),'My courses')]'.

2022-01-15 09:47:06 - [MESSAGE][PASSED] - Object: 'Object Repository/Page_Dashboard/a_My courses' is clicked on

2022-01-15 09:47:06 - [TEST_STEP][PASSED] - click(findTestObject("Object Repository/Page_My courses/div_Course image")): Object: 'Object Repository/Page_My courses/div_Course image' is clicked on

2022-01-15 09:47:07 - [MESSAGE][PASSED] - Object: 'Object Repository/Page_My courses/div_Course image' is clicked on

2022-01-15 09:47:07 - [TEST_STEP][PASSED] - click(findTestObject("Object Repository/Page_Course 1/a_More")): Object: 'Object Repository/Page_Course 1/a_More' is clicked on

2022-01-15 09:47:39 - [MESSAGE][INFO] - Unable to find the element located by 'By.xpath: //a[@id='moremenu-dropdown-61dac5e62f398']'. Please recheck the objects properties to make sure the desired element is located. 

2022-01-15 09:47:39 - [MESSAGE][WARNING] - [SELF-HEALING] Failed to find element with id 'Object Repository/Page_Course 1/a_More'. Try using Self-healing.

2022-01-15 09:47:39 - [MESSAGE][WARNING] - [SELF-HEALING] The current locator of test object 'Object Repository/Page_Course 1/a_More' was broken. Propose an alternative one: '(//a[contains(text(),'More')])[2]'.

2022-01-15 09:47:39 - [MESSAGE][PASSED] - Object: 'Object Repository/Page_Course 1/a_More' is clicked on

2022-01-15 09:47:39 - [TEST_STEP][PASSED] - click(findTestObject("Object Repository/Page_Course 1/a_Question bank")): Object: 'Object Repository/Page_Course 1/a_Question bank' is clicked on

2022-01-15 09:48:10 - [MESSAGE][INFO] - Unable to find the element located by 'By.xpath: //li[@id='yui_3_17_2_1_1641727462260_71']/ul/li/a'. Please recheck the objects properties to make sure the desired element is located. 

2022-01-15 09:48:10 - [MESSAGE][WARNING] - [SELF-HEALING] Failed to find element with id 'Object Repository/Page_Course 1/a_Question bank'. Try using Self-healing.

2022-01-15 09:48:11 - [MESSAGE][WARNING] - [SELF-HEALING] The current locator of test object 'Object Repository/Page_Course 1/a_Question bank' was broken. Propose an alternative one: '//a[contains(text(),'Question bank')]'.

2022-01-15 09:48:11 - [MESSAGE][PASSED] - Object: 'Object Repository/Page_Course 1/a_Question bank' is clicked on

2022-01-15 09:48:11 - [TEST_STEP][PASSED] - click(findTestObject("Object Repository/Page_Edit questions/button_Create a new question")): Object: 'Object Repository/Page_Edit questions/button_Create a new question' is clicked on

2022-01-15 09:48:42 - [MESSAGE][INFO] - Unable to find the element located by 'By.xpath: //button[@id='single_button61dcb9be554e49']'. Please recheck the objects properties to make sure the desired element is located. 

2022-01-15 09:48:42 - [MESSAGE][WARNING] - [SELF-HEALING] Failed to find element with id 'Object Repository/Page_Edit questions/button_Create a new question'. Try using Self-healing.

2022-01-15 09:48:43 - [MESSAGE][WARNING] - [SELF-HEALING] The current locator of test object 'Object Repository/Page_Edit questions/button_Create a new question' was broken. Propose an alternative one: '//section[@id='region-main']/div/div[2]/div/div/form/button'.

2022-01-15 09:48:43 - [MESSAGE][PASSED] - Object: 'Object Repository/Page_Edit questions/button_Create a new question' is clicked on

2022-01-15 09:48:43 - [TEST_STEP][PASSED] - click(findTestObject("Object Repository/Page_Edit questions/input_Short answer_qtype")): Object: 'Object Repository/Page_Edit questions/input_Short answer_qtype' is clicked on

2022-01-15 09:48:43 - [MESSAGE][PASSED] - Object: 'Object Repository/Page_Edit questions/input_Short answer_qtype' is clicked on

2022-01-15 09:48:43 - [TEST_STEP][PASSED] - click(findTestObject("Object Repository/Page_Edit questions/input_Description_submitbutton")): Object: 'Object Repository/Page_Edit questions/input_Description_submitbutton' is clicked on

2022-01-15 09:49:15 - [MESSAGE][INFO] - Unable to find the element located by 'By.xpath: //input[@id='yui_3_17_2_1_1641855422405_351']'. Please recheck the objects properties to make sure the desired element is located. 

2022-01-15 09:49:15 - [MESSAGE][WARNING] - [SELF-HEALING] Failed to find element with id 'Object Repository/Page_Edit questions/input_Description_submitbutton'. Try using Self-healing.

2022-01-15 09:49:15 - [MESSAGE][WARNING] - [SELF-HEALING] The current locator of test object 'Object Repository/Page_Edit questions/input_Description_submitbutton' was broken. Propose an alternative one: '//div[3]/input'.

2022-01-15 09:49:16 - [MESSAGE][PASSED] - Object: 'Object Repository/Page_Edit questions/input_Description_submitbutton' is clicked on

2022-01-15 09:49:16 - [TEST_STEP][PASSED] - setText(findTestObject("Object Repository/Page_Editing a Numerical question/input_Question name_name"), "Anh le la ai"): Text 'Anh le la ai' is set on object 'Object Repository/Page_Editing a Numerical question/input_Question name_name'

2022-01-15 09:49:17 - [MESSAGE][PASSED] - Text 'Anh le la ai' is set on object 'Object Repository/Page_Editing a Numerical question/input_Question name_name'

2022-01-15 09:49:17 - [TEST_STEP][PASSED] - setText(findTestObject("Object Repository/Page_Editing a Numerical question/div_Anh le la ai"), "<p dir="ltr" style="text-align: left;">Anh le la ai</p>"): Text '<p dir="ltr" style="text-align: left;">Anh le la ai</p>' is set on object 'Object Repository/Page_Editing a Numerical question/div_Anh le la ai'

2022-01-15 09:49:19 - [MESSAGE][PASSED] - Text '<p dir="ltr" style="text-align: left;">Anh le la ai</p>' is set on object 'Object Repository/Page_Editing a Numerical question/div_Anh le la ai'

2022-01-15 09:49:19 - [TEST_STEP][PASSED] - scrollToElement(findTestObject("Object Repository/Page_Editing a Numerical question/input_Answer 1_answer0"), 0): Scroll to object 'Object Repository/Page_Editing a Numerical question/input_Answer 1_answer0' successfully

2022-01-15 09:49:19 - [MESSAGE][WARNING] - Timeout '0' is invalid. Using default page load timeout: '30'

2022-01-15 09:49:19 - [MESSAGE][PASSED] - Scroll to object 'Object Repository/Page_Editing a Numerical question/input_Answer 1_answer0' successfully

2022-01-15 09:49:19 - [TEST_STEP][PASSED] - setText(findTestObject("Object Repository/Page_Editing a Numerical question/input_Answer 1_answer0"), "1"): Text '1' is set on object 'Object Repository/Page_Editing a Numerical question/input_Answer 1_answer0'

2022-01-15 09:49:20 - [MESSAGE][PASSED] - Text '1' is set on object 'Object Repository/Page_Editing a Numerical question/input_Answer 1_answer0'

2022-01-15 09:49:20 - [TEST_STEP][PASSED] - selectOptionByValue(findTestObject("Object Repository/Page_Editing a Numerical question/select_None        100        90        83._8cdef3"), "1.0", true): All options with value '1.0' are selected in object 'Object Repository/Page_Editing a Numerical question/select_None        100        90        83._8cdef3'  using regular expression

2022-01-15 09:49:21 - [MESSAGE][PASSED] - All options with value '1.0' are selected in object 'Object Repository/Page_Editing a Numerical question/select_None        100        90        83._8cdef3'  using regular expression

2022-01-15 09:49:21 - [TEST_STEP][PASSED] - scrollToElement(findTestObject("Object Repository/Page_Editing a Numerical question/input__submitbutton"), 0): Scroll to object 'Object Repository/Page_Editing a Numerical question/input__submitbutton' successfully

2022-01-15 09:49:21 - [MESSAGE][WARNING] - Timeout '0' is invalid. Using default page load timeout: '30'

2022-01-15 09:49:22 - [MESSAGE][PASSED] - Scroll to object 'Object Repository/Page_Editing a Numerical question/input__submitbutton' successfully

2022-01-15 09:49:22 - [TEST_STEP][PASSED] - click(findTestObject("Object Repository/Page_Editing a Numerical question/input__submitbutton")): Object: 'Object Repository/Page_Editing a Numerical question/input__submitbutton' is clicked on

2022-01-15 09:49:23 - [MESSAGE][PASSED] - Object: 'Object Repository/Page_Editing a Numerical question/input__submitbutton' is clicked on

2022-01-15 09:49:23 - [TEST_STEP][PASSED] - closeBrowser(): Browser is closed

2022-01-15 09:49:24 - [MESSAGE][PASSED] - Browser is closed]]></system-out>
         <system-err><![CDATA[]]></system-err>
      </testcase>
      <testcase name="Test Cases/Question bank/Add a True False question" time="204.284" classname="Test Cases/Question bank/Add a True False question" status="PASSED">
         <system-out><![CDATA[2022-01-15 09:49:24 - [TEST_CASE][PASSED] - Test Cases/Question bank/Add a True False question: Test Cases/Question bank/Add a True False question

2022-01-15 09:49:24 - [TEST_STEP][PASSED] - openBrowser(""): Browser is opened with url: ''

2022-01-15 09:49:24 - [MESSAGE][INFO] - Starting 'Chrome' driver

2022-01-15 09:49:24 - [MESSAGE][INFO] - Action delay is set to 0 milliseconds

2022-01-15 09:49:25 - [MESSAGE][PASSED] - Browser is opened with url: ''

2022-01-15 09:49:25 - [TEST_STEP][PASSED] - navigateToUrl("http://localhost/"): Navigate to 'http://localhost/' successfully

2022-01-15 09:49:26 - [MESSAGE][PASSED] - Navigate to 'http://localhost/' successfully

2022-01-15 09:49:26 - [TEST_STEP][PASSED] - click(findTestObject("Object Repository/Page_L Tm Anh/a_Log in")): Object: 'Object Repository/Page_L Tm Anh/a_Log in' is clicked on

2022-01-15 09:49:26 - [MESSAGE][PASSED] - Object: 'Object Repository/Page_L Tm Anh/a_Log in' is clicked on

2022-01-15 09:49:26 - [TEST_STEP][PASSED] - setText(findTestObject("Object Repository/Page_L Tm Anh Log in to the site/input_Username_username"), "admin"): Text 'admin' is set on object 'Object Repository/Page_L Tm Anh Log in to the site/input_Username_username'

2022-01-15 09:49:27 - [MESSAGE][PASSED] - Text 'admin' is set on object 'Object Repository/Page_L Tm Anh Log in to the site/input_Username_username'

2022-01-15 09:49:27 - [TEST_STEP][PASSED] - setEncryptedText(findTestObject("Object Repository/Page_L Tm Anh Log in to the site/input_Password_password"), "eGmz8XUbrLe3vUQiiiujBg=="): Text ****** has been set on object 'Object Repository/Page_L Tm Anh Log in to the site/input_Password_password'

2022-01-15 09:49:28 - [MESSAGE][PASSED] - Text ****** has been set on object 'Object Repository/Page_L Tm Anh Log in to the site/input_Password_password'

2022-01-15 09:49:28 - [TEST_STEP][PASSED] - click(findTestObject("Object Repository/Page_L Tm Anh Log in to the site/button_Log in")): Object: 'Object Repository/Page_L Tm Anh Log in to the site/button_Log in' is clicked on

2022-01-15 09:49:29 - [MESSAGE][PASSED] - Object: 'Object Repository/Page_L Tm Anh Log in to the site/button_Log in' is clicked on

2022-01-15 09:49:29 - [TEST_STEP][PASSED] - click(findTestObject("Object Repository/Page_Dashboard/a_My courses")): Object: 'Object Repository/Page_Dashboard/a_My courses' is clicked on

2022-01-15 09:50:00 - [MESSAGE][INFO] - Unable to find the element located by 'By.xpath: //ul[@id='moremenu-61e0e36aac914-navbar-nav']/li[3]/a'. Please recheck the objects properties to make sure the desired element is located. 

2022-01-15 09:50:00 - [MESSAGE][WARNING] - [SELF-HEALING] Failed to find element with id 'Object Repository/Page_Dashboard/a_My courses'. Try using Self-healing.

2022-01-15 09:50:01 - [MESSAGE][WARNING] - [SELF-HEALING] The current locator of test object 'Object Repository/Page_Dashboard/a_My courses' was broken. Propose an alternative one: '//a[contains(text(),'My courses')]'.

2022-01-15 09:50:01 - [MESSAGE][PASSED] - Object: 'Object Repository/Page_Dashboard/a_My courses' is clicked on

2022-01-15 09:50:01 - [TEST_STEP][PASSED] - click(findTestObject("Object Repository/Page_My courses/div_Course image")): Object: 'Object Repository/Page_My courses/div_Course image' is clicked on

2022-01-15 09:50:03 - [MESSAGE][PASSED] - Object: 'Object Repository/Page_My courses/div_Course image' is clicked on

2022-01-15 09:50:03 - [TEST_STEP][PASSED] - click(findTestObject("Object Repository/Page_Course 1/a_More")): Object: 'Object Repository/Page_Course 1/a_More' is clicked on

2022-01-15 09:50:34 - [MESSAGE][INFO] - Unable to find the element located by 'By.xpath: //a[@id='moremenu-dropdown-61dac5e62f398']'. Please recheck the objects properties to make sure the desired element is located. 

2022-01-15 09:50:34 - [MESSAGE][WARNING] - [SELF-HEALING] Failed to find element with id 'Object Repository/Page_Course 1/a_More'. Try using Self-healing.

2022-01-15 09:50:34 - [MESSAGE][WARNING] - [SELF-HEALING] The current locator of test object 'Object Repository/Page_Course 1/a_More' was broken. Propose an alternative one: '(//a[contains(text(),'More')])[2]'.

2022-01-15 09:50:34 - [MESSAGE][PASSED] - Object: 'Object Repository/Page_Course 1/a_More' is clicked on

2022-01-15 09:50:34 - [TEST_STEP][PASSED] - click(findTestObject("Object Repository/Page_Course 1/a_Question bank")): Object: 'Object Repository/Page_Course 1/a_Question bank' is clicked on

2022-01-15 09:51:05 - [MESSAGE][INFO] - Unable to find the element located by 'By.xpath: //li[@id='yui_3_17_2_1_1641727462260_71']/ul/li/a'. Please recheck the objects properties to make sure the desired element is located. 

2022-01-15 09:51:05 - [MESSAGE][WARNING] - [SELF-HEALING] Failed to find element with id 'Object Repository/Page_Course 1/a_Question bank'. Try using Self-healing.

2022-01-15 09:51:06 - [MESSAGE][WARNING] - [SELF-HEALING] The current locator of test object 'Object Repository/Page_Course 1/a_Question bank' was broken. Propose an alternative one: '//a[contains(text(),'Question bank')]'.

2022-01-15 09:51:07 - [MESSAGE][PASSED] - Object: 'Object Repository/Page_Course 1/a_Question bank' is clicked on

2022-01-15 09:51:07 - [TEST_STEP][PASSED] - click(findTestObject("Object Repository/Page_Edit questions/button_Create a new question")): Object: 'Object Repository/Page_Edit questions/button_Create a new question' is clicked on

2022-01-15 09:51:38 - [MESSAGE][INFO] - Unable to find the element located by 'By.xpath: //button[@id='single_button61dcb9be554e49']'. Please recheck the objects properties to make sure the desired element is located. 

2022-01-15 09:51:38 - [MESSAGE][WARNING] - [SELF-HEALING] Failed to find element with id 'Object Repository/Page_Edit questions/button_Create a new question'. Try using Self-healing.

2022-01-15 09:51:38 - [MESSAGE][WARNING] - [SELF-HEALING] The current locator of test object 'Object Repository/Page_Edit questions/button_Create a new question' was broken. Propose an alternative one: '//section[@id='region-main']/div/div[2]/div/div/form/button'.

2022-01-15 09:51:38 - [MESSAGE][PASSED] - Object: 'Object Repository/Page_Edit questions/button_Create a new question' is clicked on

2022-01-15 09:51:38 - [TEST_STEP][PASSED] - click(findTestObject("Object Repository/Page_Edit questions/label_TrueFalse                            _836f0e")): Object: 'Object Repository/Page_Edit questions/label_TrueFalse                            _836f0e' is clicked on

2022-01-15 09:52:10 - [MESSAGE][INFO] - Unable to find the element located by 'By.xpath: //label[@id='yui_3_17_2_1_1641726634670_331']'. Please recheck the objects properties to make sure the desired element is located. 

2022-01-15 09:52:10 - [MESSAGE][WARNING] - [SELF-HEALING] Failed to find element with id 'Object Repository/Page_Edit questions/label_TrueFalse                            _836f0e'. Try using Self-healing.

2022-01-15 09:52:10 - [MESSAGE][WARNING] - [SELF-HEALING] The current locator of test object 'Object Repository/Page_Edit questions/label_TrueFalse                            _836f0e' was broken. Propose an alternative one: '(.//*[normalize-space(text()) and normalize-space(.)='Multiple choice'])[1]/following::label[1]'.

2022-01-15 09:52:10 - [MESSAGE][PASSED] - Object: 'Object Repository/Page_Edit questions/label_TrueFalse                            _836f0e' is clicked on

2022-01-15 09:52:10 - [TEST_STEP][PASSED] - click(findTestObject("Object Repository/Page_Edit questions/input_Description_submitbutton")): Object: 'Object Repository/Page_Edit questions/input_Description_submitbutton' is clicked on

2022-01-15 09:52:41 - [MESSAGE][INFO] - Unable to find the element located by 'By.xpath: //input[@id='yui_3_17_2_1_1641855422405_351']'. Please recheck the objects properties to make sure the desired element is located. 

2022-01-15 09:52:41 - [MESSAGE][WARNING] - [SELF-HEALING] Failed to find element with id 'Object Repository/Page_Edit questions/input_Description_submitbutton'. Try using Self-healing.

2022-01-15 09:52:42 - [MESSAGE][WARNING] - [SELF-HEALING] The current locator of test object 'Object Repository/Page_Edit questions/input_Description_submitbutton' was broken. Propose an alternative one: '//div[3]/input'.

2022-01-15 09:52:43 - [MESSAGE][PASSED] - Object: 'Object Repository/Page_Edit questions/input_Description_submitbutton' is clicked on

2022-01-15 09:52:43 - [TEST_STEP][PASSED] - setText(findTestObject("Object Repository/Page_Editing a TrueFalse question/input_Question name_name"), "Anh le la ai"): Text 'Anh le la ai' is set on object 'Object Repository/Page_Editing a TrueFalse question/input_Question name_name'

2022-01-15 09:52:44 - [MESSAGE][PASSED] - Text 'Anh le la ai' is set on object 'Object Repository/Page_Editing a TrueFalse question/input_Question name_name'

2022-01-15 09:52:44 - [TEST_STEP][PASSED] - setText(findTestObject("Object Repository/Page_Editing a TrueFalse question/div_Anh le la ai"), "<p dir="ltr" style="text-align: left;" id="yui_3_17_2_1_1641726640458_1708">Anh le la ai</p>"): Text '<p dir="ltr" style="text-align: left;" id="yui_3_17_2_1_1641726640458_1708">Anh le la ai</p>' is set on object 'Object Repository/Page_Editing a TrueFalse question/div_Anh le la ai'

2022-01-15 09:52:45 - [MESSAGE][PASSED] - Text '<p dir="ltr" style="text-align: left;" id="yui_3_17_2_1_1641726640458_1708">Anh le la ai</p>' is set on object 'Object Repository/Page_Editing a TrueFalse question/div_Anh le la ai'

2022-01-15 09:52:45 - [TEST_STEP][PASSED] - scrollToElement(findTestObject("Object Repository/Page_Editing a TrueFalse question/input__submitbutton"), 0): Scroll to object 'Object Repository/Page_Editing a TrueFalse question/input__submitbutton' successfully

2022-01-15 09:52:45 - [MESSAGE][WARNING] - Timeout '0' is invalid. Using default page load timeout: '30'

2022-01-15 09:52:46 - [MESSAGE][PASSED] - Scroll to object 'Object Repository/Page_Editing a TrueFalse question/input__submitbutton' successfully

2022-01-15 09:52:46 - [TEST_STEP][PASSED] - click(findTestObject("Object Repository/Page_Editing a TrueFalse question/input__submitbutton")): Object: 'Object Repository/Page_Editing a TrueFalse question/input__submitbutton' is clicked on

2022-01-15 09:52:47 - [MESSAGE][PASSED] - Object: 'Object Repository/Page_Editing a TrueFalse question/input__submitbutton' is clicked on

2022-01-15 09:52:47 - [TEST_STEP][PASSED] - closeBrowser(): Browser is closed

2022-01-15 09:52:48 - [MESSAGE][PASSED] - Browser is closed]]></system-out>
         <system-err><![CDATA[]]></system-err>
      </testcase>
      <testcase name="Test Cases/Question bank/Duplicate a essay question" time="109.648" classname="Test Cases/Question bank/Duplicate a essay question" status="PASSED">
         <system-out><![CDATA[2022-01-15 09:52:48 - [TEST_CASE][PASSED] - Test Cases/Question bank/Duplicate a essay question: Test Cases/Question bank/Duplicate a essay question

2022-01-15 09:52:48 - [TEST_STEP][PASSED] - openBrowser(""): Browser is opened with url: ''

2022-01-15 09:52:48 - [MESSAGE][INFO] - Starting 'Chrome' driver

2022-01-15 09:52:48 - [MESSAGE][INFO] - Action delay is set to 0 milliseconds

2022-01-15 09:52:50 - [MESSAGE][PASSED] - Browser is opened with url: ''

2022-01-15 09:52:50 - [TEST_STEP][PASSED] - navigateToUrl("http://localhost/"): Navigate to 'http://localhost/' successfully

2022-01-15 09:52:51 - [MESSAGE][PASSED] - Navigate to 'http://localhost/' successfully

2022-01-15 09:52:51 - [TEST_STEP][PASSED] - click(findTestObject("Object Repository/Page_L Tm Anh/a_Log in")): Object: 'Object Repository/Page_L Tm Anh/a_Log in' is clicked on

2022-01-15 09:52:52 - [MESSAGE][PASSED] - Object: 'Object Repository/Page_L Tm Anh/a_Log in' is clicked on

2022-01-15 09:52:52 - [TEST_STEP][PASSED] - setText(findTestObject("Object Repository/Page_L Tm Anh Log in to the site/input_Username_username"), "beta"): Text 'beta' is set on object 'Object Repository/Page_L Tm Anh Log in to the site/input_Username_username'

2022-01-15 09:52:52 - [MESSAGE][PASSED] - Text 'beta' is set on object 'Object Repository/Page_L Tm Anh Log in to the site/input_Username_username'

2022-01-15 09:52:52 - [TEST_STEP][PASSED] - setEncryptedText(findTestObject("Object Repository/Page_L Tm Anh Log in to the site/input_Password_password"), "eGmz8XUbrLe3vUQiiiujBg=="): Text ****** has been set on object 'Object Repository/Page_L Tm Anh Log in to the site/input_Password_password'

2022-01-15 09:52:53 - [MESSAGE][PASSED] - Text ****** has been set on object 'Object Repository/Page_L Tm Anh Log in to the site/input_Password_password'

2022-01-15 09:52:53 - [TEST_STEP][PASSED] - click(findTestObject("Object Repository/Page_L Tm Anh Log in to the site/button_Log in")): Object: 'Object Repository/Page_L Tm Anh Log in to the site/button_Log in' is clicked on

2022-01-15 09:52:54 - [MESSAGE][PASSED] - Object: 'Object Repository/Page_L Tm Anh Log in to the site/button_Log in' is clicked on

2022-01-15 09:52:54 - [TEST_STEP][PASSED] - click(findTestObject("Object Repository/Page_Dashboard/a_My courses")): Object: 'Object Repository/Page_Dashboard/a_My courses' is clicked on

2022-01-15 09:53:26 - [MESSAGE][INFO] - Unable to find the element located by 'By.xpath: //ul[@id='moremenu-61e0e36aac914-navbar-nav']/li[3]/a'. Please recheck the objects properties to make sure the desired element is located. 

2022-01-15 09:53:26 - [MESSAGE][WARNING] - [SELF-HEALING] Failed to find element with id 'Object Repository/Page_Dashboard/a_My courses'. Try using Self-healing.

2022-01-15 09:53:26 - [MESSAGE][WARNING] - [SELF-HEALING] The current locator of test object 'Object Repository/Page_Dashboard/a_My courses' was broken. Propose an alternative one: '//a[contains(text(),'My courses')]'.

2022-01-15 09:53:26 - [MESSAGE][PASSED] - Object: 'Object Repository/Page_Dashboard/a_My courses' is clicked on

2022-01-15 09:53:26 - [TEST_STEP][PASSED] - click(findTestObject("Object Repository/Page_My courses/div_Course image")): Object: 'Object Repository/Page_My courses/div_Course image' is clicked on

2022-01-15 09:53:28 - [MESSAGE][PASSED] - Object: 'Object Repository/Page_My courses/div_Course image' is clicked on

2022-01-15 09:53:28 - [TEST_STEP][PASSED] - click(findTestObject("Object Repository/Page_Course 2/a_More")): Object: 'Object Repository/Page_Course 2/a_More' is clicked on

2022-01-15 09:53:59 - [MESSAGE][INFO] - Unable to find the element located by 'By.xpath: //a[@id='moremenu-dropdown-61dcbc055a0de']'. Please recheck the objects properties to make sure the desired element is located. 

2022-01-15 09:53:59 - [MESSAGE][WARNING] - [SELF-HEALING] Failed to find element with id 'Object Repository/Page_Course 2/a_More'. Try using Self-healing.

2022-01-15 09:53:59 - [MESSAGE][WARNING] - [SELF-HEALING] The current locator of test object 'Object Repository/Page_Course 2/a_More' was broken. Propose an alternative one: '(//a[contains(text(),'More')])[2]'.

2022-01-15 09:53:59 - [MESSAGE][PASSED] - Object: 'Object Repository/Page_Course 2/a_More' is clicked on

2022-01-15 09:53:59 - [TEST_STEP][PASSED] - click(findTestObject("Object Repository/Page_Course 2/a_Question bank")): Object: 'Object Repository/Page_Course 2/a_Question bank' is clicked on

2022-01-15 09:54:31 - [MESSAGE][INFO] - Unable to find the element located by 'By.xpath: //li[@id='yui_3_17_2_1_1641856005443_47']/ul/li/a'. Please recheck the objects properties to make sure the desired element is located. 

2022-01-15 09:54:31 - [MESSAGE][WARNING] - [SELF-HEALING] Failed to find element with id 'Object Repository/Page_Course 2/a_Question bank'. Try using Self-healing.

2022-01-15 09:54:31 - [MESSAGE][WARNING] - [SELF-HEALING] The current locator of test object 'Object Repository/Page_Course 2/a_Question bank' was broken. Propose an alternative one: '//a[contains(text(),'Question bank')]'.

2022-01-15 09:54:31 - [MESSAGE][PASSED] - Object: 'Object Repository/Page_Course 2/a_Question bank' is clicked on

2022-01-15 09:54:31 - [TEST_STEP][PASSED] - scrollToElement(findTestObject("Object Repository/Page_Edit questions/a_Edit"), 0): Scroll to object 'Object Repository/Page_Edit questions/a_Edit' successfully

2022-01-15 09:54:32 - [MESSAGE][WARNING] - Timeout '0' is invalid. Using default page load timeout: '30'

2022-01-15 09:54:32 - [MESSAGE][PASSED] - Scroll to object 'Object Repository/Page_Edit questions/a_Edit' successfully

2022-01-15 09:54:32 - [TEST_STEP][PASSED] - click(findTestObject("Object Repository/Page_Edit questions/a_Edit")): Object: 'Object Repository/Page_Edit questions/a_Edit' is clicked on

2022-01-15 09:54:33 - [MESSAGE][PASSED] - Object: 'Object Repository/Page_Edit questions/a_Edit' is clicked on

2022-01-15 09:54:33 - [TEST_STEP][PASSED] - click(findTestObject("Object Repository/Page_Edit questions/a_Duplicate")): Object: 'Object Repository/Page_Edit questions/a_Duplicate' is clicked on

2022-01-15 09:54:34 - [MESSAGE][PASSED] - Object: 'Object Repository/Page_Edit questions/a_Duplicate' is clicked on

2022-01-15 09:54:34 - [TEST_STEP][PASSED] - setText(findTestObject("Object Repository/Page_Editing an Essay question/input_Question name_name"), "Quiz 5"): Text 'Quiz 5' is set on object 'Object Repository/Page_Editing an Essay question/input_Question name_name'

2022-01-15 09:54:35 - [MESSAGE][PASSED] - Text 'Quiz 5' is set on object 'Object Repository/Page_Editing an Essay question/input_Question name_name'

2022-01-15 09:54:35 - [TEST_STEP][PASSED] - scrollToElement(findTestObject("Object Repository/Page_Editing an Essay question/input_Tuesday, 11 January 2022, 657 AM_subm_3b0f34"), 0): Scroll to object 'Object Repository/Page_Editing an Essay question/input_Tuesday, 11 January 2022, 657 AM_subm_3b0f34' successfully

2022-01-15 09:54:35 - [MESSAGE][WARNING] - Timeout '0' is invalid. Using default page load timeout: '30'

2022-01-15 09:54:36 - [MESSAGE][PASSED] - Scroll to object 'Object Repository/Page_Editing an Essay question/input_Tuesday, 11 January 2022, 657 AM_subm_3b0f34' successfully

2022-01-15 09:54:36 - [TEST_STEP][PASSED] - click(findTestObject("Object Repository/Page_Editing an Essay question/input_Tuesday, 11 January 2022, 657 AM_subm_3b0f34")): Object: 'Object Repository/Page_Editing an Essay question/input_Tuesday, 11 January 2022, 657 AM_subm_3b0f34' is clicked on

2022-01-15 09:54:37 - [MESSAGE][PASSED] - Object: 'Object Repository/Page_Editing an Essay question/input_Tuesday, 11 January 2022, 657 AM_subm_3b0f34' is clicked on

2022-01-15 09:54:37 - [TEST_STEP][PASSED] - closeBrowser(): Browser is closed

2022-01-15 09:54:38 - [MESSAGE][PASSED] - Browser is closed]]></system-out>
         <system-err><![CDATA[]]></system-err>
      </testcase>
      <testcase name="Test Cases/Question bank/Edit a essay question" time="108.463" classname="Test Cases/Question bank/Edit a essay question" status="PASSED">
         <system-out><![CDATA[2022-01-15 09:54:38 - [TEST_CASE][PASSED] - Test Cases/Question bank/Edit a essay question: Test Cases/Question bank/Edit a essay question

2022-01-15 09:54:38 - [TEST_STEP][PASSED] - openBrowser(""): Browser is opened with url: ''

2022-01-15 09:54:38 - [MESSAGE][INFO] - Starting 'Chrome' driver

2022-01-15 09:54:38 - [MESSAGE][INFO] - Action delay is set to 0 milliseconds

2022-01-15 09:54:39 - [MESSAGE][PASSED] - Browser is opened with url: ''

2022-01-15 09:54:39 - [TEST_STEP][PASSED] - navigateToUrl("http://localhost/"): Navigate to 'http://localhost/' successfully

2022-01-15 09:54:40 - [MESSAGE][PASSED] - Navigate to 'http://localhost/' successfully

2022-01-15 09:54:40 - [TEST_STEP][PASSED] - click(findTestObject("Object Repository/Page_L Tm Anh/a_Log in")): Object: 'Object Repository/Page_L Tm Anh/a_Log in' is clicked on

2022-01-15 09:54:40 - [MESSAGE][PASSED] - Object: 'Object Repository/Page_L Tm Anh/a_Log in' is clicked on

2022-01-15 09:54:40 - [TEST_STEP][PASSED] - setText(findTestObject("Object Repository/Page_L Tm Anh Log in to the site/input_Username_username"), "beta"): Text 'beta' is set on object 'Object Repository/Page_L Tm Anh Log in to the site/input_Username_username'

2022-01-15 09:54:41 - [MESSAGE][PASSED] - Text 'beta' is set on object 'Object Repository/Page_L Tm Anh Log in to the site/input_Username_username'

2022-01-15 09:54:41 - [TEST_STEP][PASSED] - setEncryptedText(findTestObject("Object Repository/Page_L Tm Anh Log in to the site/input_Password_password"), "eGmz8XUbrLe3vUQiiiujBg=="): Text ****** has been set on object 'Object Repository/Page_L Tm Anh Log in to the site/input_Password_password'

2022-01-15 09:54:42 - [MESSAGE][PASSED] - Text ****** has been set on object 'Object Repository/Page_L Tm Anh Log in to the site/input_Password_password'

2022-01-15 09:54:42 - [TEST_STEP][PASSED] - click(findTestObject("Object Repository/Page_L Tm Anh Log in to the site/button_Log in")): Object: 'Object Repository/Page_L Tm Anh Log in to the site/button_Log in' is clicked on

2022-01-15 09:54:43 - [MESSAGE][PASSED] - Object: 'Object Repository/Page_L Tm Anh Log in to the site/button_Log in' is clicked on

2022-01-15 09:54:43 - [TEST_STEP][PASSED] - click(findTestObject("Object Repository/Page_Dashboard/a_My courses")): Object: 'Object Repository/Page_Dashboard/a_My courses' is clicked on

2022-01-15 09:55:14 - [MESSAGE][INFO] - Unable to find the element located by 'By.xpath: //ul[@id='moremenu-61e0e36aac914-navbar-nav']/li[3]/a'. Please recheck the objects properties to make sure the desired element is located. 

2022-01-15 09:55:14 - [MESSAGE][WARNING] - [SELF-HEALING] Failed to find element with id 'Object Repository/Page_Dashboard/a_My courses'. Try using Self-healing.

2022-01-15 09:55:14 - [MESSAGE][WARNING] - [SELF-HEALING] The current locator of test object 'Object Repository/Page_Dashboard/a_My courses' was broken. Propose an alternative one: '//a[contains(text(),'My courses')]'.

2022-01-15 09:55:14 - [MESSAGE][PASSED] - Object: 'Object Repository/Page_Dashboard/a_My courses' is clicked on

2022-01-15 09:55:14 - [TEST_STEP][PASSED] - click(findTestObject("Object Repository/Page_My courses/div_Course image")): Object: 'Object Repository/Page_My courses/div_Course image' is clicked on

2022-01-15 09:55:16 - [MESSAGE][PASSED] - Object: 'Object Repository/Page_My courses/div_Course image' is clicked on

2022-01-15 09:55:16 - [TEST_STEP][PASSED] - click(findTestObject("Object Repository/Page_Course 2/a_More")): Object: 'Object Repository/Page_Course 2/a_More' is clicked on

2022-01-15 09:55:47 - [MESSAGE][INFO] - Unable to find the element located by 'By.xpath: //a[@id='moremenu-dropdown-61dcbc055a0de']'. Please recheck the objects properties to make sure the desired element is located. 

2022-01-15 09:55:47 - [MESSAGE][WARNING] - [SELF-HEALING] Failed to find element with id 'Object Repository/Page_Course 2/a_More'. Try using Self-healing.

2022-01-15 09:55:48 - [MESSAGE][WARNING] - [SELF-HEALING] The current locator of test object 'Object Repository/Page_Course 2/a_More' was broken. Propose an alternative one: '(//a[contains(text(),'More')])[2]'.

2022-01-15 09:55:48 - [MESSAGE][PASSED] - Object: 'Object Repository/Page_Course 2/a_More' is clicked on

2022-01-15 09:55:48 - [TEST_STEP][PASSED] - click(findTestObject("Object Repository/Page_Course 2/a_Question bank")): Object: 'Object Repository/Page_Course 2/a_Question bank' is clicked on

2022-01-15 09:56:19 - [MESSAGE][INFO] - Unable to find the element located by 'By.xpath: //li[@id='yui_3_17_2_1_1641856005443_47']/ul/li/a'. Please recheck the objects properties to make sure the desired element is located. 

2022-01-15 09:56:19 - [MESSAGE][WARNING] - [SELF-HEALING] Failed to find element with id 'Object Repository/Page_Course 2/a_Question bank'. Try using Self-healing.

2022-01-15 09:56:19 - [MESSAGE][WARNING] - [SELF-HEALING] The current locator of test object 'Object Repository/Page_Course 2/a_Question bank' was broken. Propose an alternative one: '//a[contains(text(),'Question bank')]'.

2022-01-15 09:56:20 - [MESSAGE][PASSED] - Object: 'Object Repository/Page_Course 2/a_Question bank' is clicked on

2022-01-15 09:56:20 - [TEST_STEP][PASSED] - scrollToElement(findTestObject("Object Repository/Page_Edit questions/a_Edit"), 0): Scroll to object 'Object Repository/Page_Edit questions/a_Edit' successfully

2022-01-15 09:56:20 - [MESSAGE][WARNING] - Timeout '0' is invalid. Using default page load timeout: '30'

2022-01-15 09:56:21 - [MESSAGE][PASSED] - Scroll to object 'Object Repository/Page_Edit questions/a_Edit' successfully

2022-01-15 09:56:21 - [TEST_STEP][PASSED] - click(findTestObject("Object Repository/Page_Edit questions/a_Edit")): Object: 'Object Repository/Page_Edit questions/a_Edit' is clicked on

2022-01-15 09:56:21 - [MESSAGE][PASSED] - Object: 'Object Repository/Page_Edit questions/a_Edit' is clicked on

2022-01-15 09:56:21 - [TEST_STEP][PASSED] - click(findTestObject("Object Repository/Page_Edit questions/a_Edit question")): Object: 'Object Repository/Page_Edit questions/a_Edit question' is clicked on

2022-01-15 09:56:22 - [MESSAGE][PASSED] - Object: 'Object Repository/Page_Edit questions/a_Edit question' is clicked on

2022-01-15 09:56:22 - [TEST_STEP][PASSED] - click(findTestObject("Object Repository/Page_Editing an Essay question/div_Question name")): Object: 'Object Repository/Page_Editing an Essay question/div_Question name' is clicked on

2022-01-15 09:56:23 - [MESSAGE][PASSED] - Object: 'Object Repository/Page_Editing an Essay question/div_Question name' is clicked on

2022-01-15 09:56:23 - [TEST_STEP][PASSED] - setText(findTestObject("Object Repository/Page_Editing an Essay question/input_Question name_name"), "Quiz 5"): Text 'Quiz 5' is set on object 'Object Repository/Page_Editing an Essay question/input_Question name_name'

2022-01-15 09:56:24 - [MESSAGE][PASSED] - Text 'Quiz 5' is set on object 'Object Repository/Page_Editing an Essay question/input_Question name_name'

2022-01-15 09:56:24 - [TEST_STEP][PASSED] - click(findTestObject("Object Repository/Page_Editing an Essay question/input_Preview_submitbutton")): Object: 'Object Repository/Page_Editing an Essay question/input_Preview_submitbutton' is clicked on

2022-01-15 09:56:26 - [MESSAGE][PASSED] - Object: 'Object Repository/Page_Editing an Essay question/input_Preview_submitbutton' is clicked on

2022-01-15 09:56:26 - [TEST_STEP][PASSED] - closeBrowser(): Browser is closed

2022-01-15 09:56:26 - [MESSAGE][PASSED] - Browser is closed]]></system-out>
         <system-err><![CDATA[]]></system-err>
      </testcase>
      <testcase name="Test Cases/Question bank/Preview a question in question bank" time="110.245" classname="Test Cases/Question bank/Preview a question in question bank" status="PASSED">
         <system-out><![CDATA[2022-01-15 09:56:26 - [TEST_CASE][PASSED] - Test Cases/Question bank/Preview a question in question bank: Test Cases/Question bank/Preview a question in question bank

2022-01-15 09:56:27 - [TEST_STEP][PASSED] - openBrowser(""): Browser is opened with url: ''

2022-01-15 09:56:27 - [MESSAGE][INFO] - Starting 'Chrome' driver

2022-01-15 09:56:27 - [MESSAGE][INFO] - Action delay is set to 0 milliseconds

2022-01-15 09:56:28 - [MESSAGE][PASSED] - Browser is opened with url: ''

2022-01-15 09:56:28 - [TEST_STEP][PASSED] - navigateToUrl("http://localhost/"): Navigate to 'http://localhost/' successfully

2022-01-15 09:56:28 - [MESSAGE][PASSED] - Navigate to 'http://localhost/' successfully

2022-01-15 09:56:28 - [TEST_STEP][PASSED] - click(findTestObject("Object Repository/Page_L Tm Anh/a_Log in")): Object: 'Object Repository/Page_L Tm Anh/a_Log in' is clicked on

2022-01-15 09:56:29 - [MESSAGE][PASSED] - Object: 'Object Repository/Page_L Tm Anh/a_Log in' is clicked on

2022-01-15 09:56:29 - [TEST_STEP][PASSED] - setText(findTestObject("Object Repository/Page_L Tm Anh Log in to the site/input_Username_username"), "beta"): Text 'beta' is set on object 'Object Repository/Page_L Tm Anh Log in to the site/input_Username_username'

2022-01-15 09:56:30 - [MESSAGE][PASSED] - Text 'beta' is set on object 'Object Repository/Page_L Tm Anh Log in to the site/input_Username_username'

2022-01-15 09:56:30 - [TEST_STEP][PASSED] - setEncryptedText(findTestObject("Object Repository/Page_L Tm Anh Log in to the site/input_Password_password"), "eGmz8XUbrLe3vUQiiiujBg=="): Text ****** has been set on object 'Object Repository/Page_L Tm Anh Log in to the site/input_Password_password'

2022-01-15 09:56:30 - [MESSAGE][PASSED] - Text ****** has been set on object 'Object Repository/Page_L Tm Anh Log in to the site/input_Password_password'

2022-01-15 09:56:30 - [TEST_STEP][PASSED] - click(findTestObject("Object Repository/Page_L Tm Anh Log in to the site/button_Log in")): Object: 'Object Repository/Page_L Tm Anh Log in to the site/button_Log in' is clicked on

2022-01-15 09:56:31 - [MESSAGE][PASSED] - Object: 'Object Repository/Page_L Tm Anh Log in to the site/button_Log in' is clicked on

2022-01-15 09:56:31 - [TEST_STEP][PASSED] - click(findTestObject("Object Repository/Page_Dashboard/a_My courses")): Object: 'Object Repository/Page_Dashboard/a_My courses' is clicked on

2022-01-15 09:57:03 - [MESSAGE][INFO] - Unable to find the element located by 'By.xpath: //ul[@id='moremenu-61e0e36aac914-navbar-nav']/li[3]/a'. Please recheck the objects properties to make sure the desired element is located. 

2022-01-15 09:57:03 - [MESSAGE][WARNING] - [SELF-HEALING] Failed to find element with id 'Object Repository/Page_Dashboard/a_My courses'. Try using Self-healing.

2022-01-15 09:57:03 - [MESSAGE][WARNING] - [SELF-HEALING] The current locator of test object 'Object Repository/Page_Dashboard/a_My courses' was broken. Propose an alternative one: '//a[contains(text(),'My courses')]'.

2022-01-15 09:57:03 - [MESSAGE][PASSED] - Object: 'Object Repository/Page_Dashboard/a_My courses' is clicked on

2022-01-15 09:57:03 - [TEST_STEP][PASSED] - click(findTestObject("Object Repository/Page_My courses/div_Course image")): Object: 'Object Repository/Page_My courses/div_Course image' is clicked on

2022-01-15 09:57:05 - [MESSAGE][PASSED] - Object: 'Object Repository/Page_My courses/div_Course image' is clicked on

2022-01-15 09:57:05 - [TEST_STEP][PASSED] - click(findTestObject("Object Repository/Page_Course 2/a_More")): Object: 'Object Repository/Page_Course 2/a_More' is clicked on

2022-01-15 09:57:36 - [MESSAGE][INFO] - Unable to find the element located by 'By.xpath: //a[@id='moremenu-dropdown-61dcbc055a0de']'. Please recheck the objects properties to make sure the desired element is located. 

2022-01-15 09:57:36 - [MESSAGE][WARNING] - [SELF-HEALING] Failed to find element with id 'Object Repository/Page_Course 2/a_More'. Try using Self-healing.

2022-01-15 09:57:36 - [MESSAGE][WARNING] - [SELF-HEALING] The current locator of test object 'Object Repository/Page_Course 2/a_More' was broken. Propose an alternative one: '(//a[contains(text(),'More')])[2]'.

2022-01-15 09:57:36 - [MESSAGE][PASSED] - Object: 'Object Repository/Page_Course 2/a_More' is clicked on

2022-01-15 09:57:36 - [TEST_STEP][PASSED] - click(findTestObject("Object Repository/Page_Course 2/a_Question bank")): Object: 'Object Repository/Page_Course 2/a_Question bank' is clicked on

2022-01-15 09:58:08 - [MESSAGE][INFO] - Unable to find the element located by 'By.xpath: //li[@id='yui_3_17_2_1_1641856005443_47']/ul/li/a'. Please recheck the objects properties to make sure the desired element is located. 

2022-01-15 09:58:08 - [MESSAGE][WARNING] - [SELF-HEALING] Failed to find element with id 'Object Repository/Page_Course 2/a_Question bank'. Try using Self-healing.

2022-01-15 09:58:08 - [MESSAGE][WARNING] - [SELF-HEALING] The current locator of test object 'Object Repository/Page_Course 2/a_Question bank' was broken. Propose an alternative one: '//a[contains(text(),'Question bank')]'.

2022-01-15 09:58:08 - [MESSAGE][PASSED] - Object: 'Object Repository/Page_Course 2/a_Question bank' is clicked on

2022-01-15 09:58:08 - [TEST_STEP][PASSED] - scrollToElement(findTestObject("Object Repository/Page_Edit questions/a_Edit"), 0): Scroll to object 'Object Repository/Page_Edit questions/a_Edit' successfully

2022-01-15 09:58:09 - [MESSAGE][WARNING] - Timeout '0' is invalid. Using default page load timeout: '30'

2022-01-15 09:58:09 - [MESSAGE][PASSED] - Scroll to object 'Object Repository/Page_Edit questions/a_Edit' successfully

2022-01-15 09:58:09 - [TEST_STEP][PASSED] - click(findTestObject("Object Repository/Page_Edit questions/a_Edit")): Object: 'Object Repository/Page_Edit questions/a_Edit' is clicked on

2022-01-15 09:58:10 - [MESSAGE][PASSED] - Object: 'Object Repository/Page_Edit questions/a_Edit' is clicked on

2022-01-15 09:58:10 - [TEST_STEP][PASSED] - click(findTestObject("Object Repository/Page_Edit questions/span_Preview")): Object: 'Object Repository/Page_Edit questions/span_Preview' is clicked on

2022-01-15 09:58:13 - [MESSAGE][PASSED] - Object: 'Object Repository/Page_Edit questions/span_Preview' is clicked on

2022-01-15 09:58:13 - [TEST_STEP][PASSED] - click(findTestObject("Object Repository/Page_Preview question Quiz 5/input_Rich text editor_finish")): Object: 'Object Repository/Page_Preview question Quiz 5/input_Rich text editor_finish' is clicked on

2022-01-15 09:58:15 - [MESSAGE][PASSED] - Object: 'Object Repository/Page_Preview question Quiz 5/input_Rich text editor_finish' is clicked on

2022-01-15 09:58:15 - [TEST_STEP][PASSED] - click(findTestObject("Object Repository/Page_Preview question Quiz 5/a_Close preview")): Object: 'Object Repository/Page_Preview question Quiz 5/a_Close preview' is clicked on

2022-01-15 09:58:16 - [MESSAGE][PASSED] - Object: 'Object Repository/Page_Preview question Quiz 5/a_Close preview' is clicked on

2022-01-15 09:58:16 - [TEST_STEP][PASSED] - closeBrowser(): Browser is closed

2022-01-15 09:58:17 - [MESSAGE][PASSED] - Browser is closed]]></system-out>
         <system-err><![CDATA[]]></system-err>
      </testcase>
      <testcase name="Test Cases/Question bank/Export essay quesion as XML" time="104.501" classname="Test Cases/Question bank/Export essay quesion as XML" status="PASSED">
         <system-out><![CDATA[2022-01-15 09:58:17 - [TEST_CASE][PASSED] - Test Cases/Question bank/Export essay quesion as XML: Test Cases/Question bank/Export essay quesion as XML

2022-01-15 09:58:17 - [TEST_STEP][PASSED] - openBrowser(""): Browser is opened with url: ''

2022-01-15 09:58:17 - [MESSAGE][INFO] - Starting 'Chrome' driver

2022-01-15 09:58:17 - [MESSAGE][INFO] - Action delay is set to 0 milliseconds

2022-01-15 09:58:18 - [MESSAGE][PASSED] - Browser is opened with url: ''

2022-01-15 09:58:18 - [TEST_STEP][PASSED] - navigateToUrl("http://localhost/"): Navigate to 'http://localhost/' successfully

2022-01-15 09:58:19 - [MESSAGE][PASSED] - Navigate to 'http://localhost/' successfully

2022-01-15 09:58:19 - [TEST_STEP][PASSED] - click(findTestObject("Object Repository/Page_L Tm Anh/a_Log in")): Object: 'Object Repository/Page_L Tm Anh/a_Log in' is clicked on

2022-01-15 09:58:19 - [MESSAGE][PASSED] - Object: 'Object Repository/Page_L Tm Anh/a_Log in' is clicked on

2022-01-15 09:58:19 - [TEST_STEP][PASSED] - setText(findTestObject("Object Repository/Page_L Tm Anh Log in to the site/input_Username_username"), "beta"): Text 'beta' is set on object 'Object Repository/Page_L Tm Anh Log in to the site/input_Username_username'

2022-01-15 09:58:20 - [MESSAGE][PASSED] - Text 'beta' is set on object 'Object Repository/Page_L Tm Anh Log in to the site/input_Username_username'

2022-01-15 09:58:20 - [TEST_STEP][PASSED] - setEncryptedText(findTestObject("Object Repository/Page_L Tm Anh Log in to the site/input_Password_password"), "eGmz8XUbrLe3vUQiiiujBg=="): Text ****** has been set on object 'Object Repository/Page_L Tm Anh Log in to the site/input_Password_password'

2022-01-15 09:58:20 - [MESSAGE][PASSED] - Text ****** has been set on object 'Object Repository/Page_L Tm Anh Log in to the site/input_Password_password'

2022-01-15 09:58:20 - [TEST_STEP][PASSED] - click(findTestObject("Object Repository/Page_L Tm Anh Log in to the site/button_Log in")): Object: 'Object Repository/Page_L Tm Anh Log in to the site/button_Log in' is clicked on

2022-01-15 09:58:22 - [MESSAGE][PASSED] - Object: 'Object Repository/Page_L Tm Anh Log in to the site/button_Log in' is clicked on

2022-01-15 09:58:22 - [TEST_STEP][PASSED] - click(findTestObject("Object Repository/Page_Dashboard/a_My courses")): Object: 'Object Repository/Page_Dashboard/a_My courses' is clicked on

2022-01-15 09:58:53 - [MESSAGE][INFO] - Unable to find the element located by 'By.xpath: //ul[@id='moremenu-61e0e36aac914-navbar-nav']/li[3]/a'. Please recheck the objects properties to make sure the desired element is located. 

2022-01-15 09:58:53 - [MESSAGE][WARNING] - [SELF-HEALING] Failed to find element with id 'Object Repository/Page_Dashboard/a_My courses'. Try using Self-healing.

2022-01-15 09:58:53 - [MESSAGE][WARNING] - [SELF-HEALING] The current locator of test object 'Object Repository/Page_Dashboard/a_My courses' was broken. Propose an alternative one: '//a[contains(text(),'My courses')]'.

2022-01-15 09:58:53 - [MESSAGE][PASSED] - Object: 'Object Repository/Page_Dashboard/a_My courses' is clicked on

2022-01-15 09:58:53 - [TEST_STEP][PASSED] - click(findTestObject("Object Repository/Page_My courses/div_Course image")): Object: 'Object Repository/Page_My courses/div_Course image' is clicked on

2022-01-15 09:58:55 - [MESSAGE][PASSED] - Object: 'Object Repository/Page_My courses/div_Course image' is clicked on

2022-01-15 09:58:55 - [TEST_STEP][PASSED] - click(findTestObject("Object Repository/Page_Course 2/a_More")): Object: 'Object Repository/Page_Course 2/a_More' is clicked on

2022-01-15 09:59:26 - [MESSAGE][INFO] - Unable to find the element located by 'By.xpath: //a[@id='moremenu-dropdown-61dcbc055a0de']'. Please recheck the objects properties to make sure the desired element is located. 

2022-01-15 09:59:26 - [MESSAGE][WARNING] - [SELF-HEALING] Failed to find element with id 'Object Repository/Page_Course 2/a_More'. Try using Self-healing.

2022-01-15 09:59:26 - [MESSAGE][WARNING] - [SELF-HEALING] The current locator of test object 'Object Repository/Page_Course 2/a_More' was broken. Propose an alternative one: '(//a[contains(text(),'More')])[2]'.

2022-01-15 09:59:27 - [MESSAGE][PASSED] - Object: 'Object Repository/Page_Course 2/a_More' is clicked on

2022-01-15 09:59:27 - [TEST_STEP][PASSED] - click(findTestObject("Object Repository/Page_Course 2/a_Question bank")): Object: 'Object Repository/Page_Course 2/a_Question bank' is clicked on

2022-01-15 09:59:58 - [MESSAGE][INFO] - Unable to find the element located by 'By.xpath: //li[@id='yui_3_17_2_1_1641856005443_47']/ul/li/a'. Please recheck the objects properties to make sure the desired element is located. 

2022-01-15 09:59:58 - [MESSAGE][WARNING] - [SELF-HEALING] Failed to find element with id 'Object Repository/Page_Course 2/a_Question bank'. Try using Self-healing.

2022-01-15 09:59:58 - [MESSAGE][WARNING] - [SELF-HEALING] The current locator of test object 'Object Repository/Page_Course 2/a_Question bank' was broken. Propose an alternative one: '//a[contains(text(),'Question bank')]'.

2022-01-15 09:59:59 - [MESSAGE][PASSED] - Object: 'Object Repository/Page_Course 2/a_Question bank' is clicked on

2022-01-15 09:59:59 - [TEST_STEP][PASSED] - scrollToElement(findTestObject("Object Repository/Page_Edit questions/a_Edit"), 0): Scroll to object 'Object Repository/Page_Edit questions/a_Edit' successfully

2022-01-15 09:59:59 - [MESSAGE][WARNING] - Timeout '0' is invalid. Using default page load timeout: '30'

2022-01-15 09:59:59 - [MESSAGE][PASSED] - Scroll to object 'Object Repository/Page_Edit questions/a_Edit' successfully

2022-01-15 09:59:59 - [TEST_STEP][PASSED] - click(findTestObject("Object Repository/Page_Edit questions/a_Edit")): Object: 'Object Repository/Page_Edit questions/a_Edit' is clicked on

2022-01-15 10:00:00 - [MESSAGE][PASSED] - Object: 'Object Repository/Page_Edit questions/a_Edit' is clicked on

2022-01-15 10:00:00 - [TEST_STEP][PASSED] - click(findTestObject("Object Repository/Page_Edit questions/span_Export as Moodle XML")): Object: 'Object Repository/Page_Edit questions/span_Export as Moodle XML' is clicked on

2022-01-15 10:00:00 - [MESSAGE][PASSED] - Object: 'Object Repository/Page_Edit questions/span_Export as Moodle XML' is clicked on

2022-01-15 10:00:00 - [TEST_STEP][PASSED] - closeBrowser(): Browser is closed

2022-01-15 10:00:01 - [MESSAGE][PASSED] - Browser is closed]]></system-out>
         <system-err><![CDATA[]]></system-err>
      </testcase>
      <testcase name="Test Cases/Question bank/Delete a question in question bank" time="136.899" classname="Test Cases/Question bank/Delete a question in question bank" status="PASSED">
         <system-out><![CDATA[2022-01-15 10:00:01 - [TEST_CASE][PASSED] - Test Cases/Question bank/Delete a question in question bank: Test Cases/Question bank/Delete a question in question bank

2022-01-15 10:00:01 - [TEST_STEP][PASSED] - openBrowser(""): Browser is opened with url: ''

2022-01-15 10:00:01 - [MESSAGE][INFO] - Starting 'Chrome' driver

2022-01-15 10:00:01 - [MESSAGE][INFO] - Action delay is set to 0 milliseconds

2022-01-15 10:00:03 - [MESSAGE][PASSED] - Browser is opened with url: ''

2022-01-15 10:00:03 - [TEST_STEP][PASSED] - navigateToUrl("http://localhost/"): Navigate to 'http://localhost/' successfully

2022-01-15 10:00:03 - [MESSAGE][PASSED] - Navigate to 'http://localhost/' successfully

2022-01-15 10:00:03 - [TEST_STEP][PASSED] - click(findTestObject("Object Repository/Page_L Tm Anh/a_Log in")): Object: 'Object Repository/Page_L Tm Anh/a_Log in' is clicked on

2022-01-15 10:00:04 - [MESSAGE][PASSED] - Object: 'Object Repository/Page_L Tm Anh/a_Log in' is clicked on

2022-01-15 10:00:04 - [TEST_STEP][PASSED] - setText(findTestObject("Object Repository/Page_L Tm Anh Log in to the site/input_Username_username"), "beta"): Text 'beta' is set on object 'Object Repository/Page_L Tm Anh Log in to the site/input_Username_username'

2022-01-15 10:00:05 - [MESSAGE][PASSED] - Text 'beta' is set on object 'Object Repository/Page_L Tm Anh Log in to the site/input_Username_username'

2022-01-15 10:00:05 - [TEST_STEP][PASSED] - setEncryptedText(findTestObject("Object Repository/Page_L Tm Anh Log in to the site/input_Password_password"), "eGmz8XUbrLe3vUQiiiujBg=="): Text ****** has been set on object 'Object Repository/Page_L Tm Anh Log in to the site/input_Password_password'

2022-01-15 10:00:05 - [MESSAGE][PASSED] - Text ****** has been set on object 'Object Repository/Page_L Tm Anh Log in to the site/input_Password_password'

2022-01-15 10:00:05 - [TEST_STEP][PASSED] - click(findTestObject("Object Repository/Page_L Tm Anh Log in to the site/button_Log in")): Object: 'Object Repository/Page_L Tm Anh Log in to the site/button_Log in' is clicked on

2022-01-15 10:00:06 - [MESSAGE][PASSED] - Object: 'Object Repository/Page_L Tm Anh Log in to the site/button_Log in' is clicked on

2022-01-15 10:00:06 - [TEST_STEP][PASSED] - click(findTestObject("Object Repository/Page_Dashboard/a_My courses")): Object: 'Object Repository/Page_Dashboard/a_My courses' is clicked on

2022-01-15 10:00:37 - [MESSAGE][INFO] - Unable to find the element located by 'By.xpath: //ul[@id='moremenu-61e0e36aac914-navbar-nav']/li[3]/a'. Please recheck the objects properties to make sure the desired element is located. 

2022-01-15 10:00:37 - [MESSAGE][WARNING] - [SELF-HEALING] Failed to find element with id 'Object Repository/Page_Dashboard/a_My courses'. Try using Self-healing.

2022-01-15 10:00:37 - [MESSAGE][WARNING] - [SELF-HEALING] The current locator of test object 'Object Repository/Page_Dashboard/a_My courses' was broken. Propose an alternative one: '//a[contains(text(),'My courses')]'.

2022-01-15 10:00:38 - [MESSAGE][PASSED] - Object: 'Object Repository/Page_Dashboard/a_My courses' is clicked on

2022-01-15 10:00:38 - [TEST_STEP][PASSED] - click(findTestObject("Object Repository/Page_My courses/div_Course image")): Object: 'Object Repository/Page_My courses/div_Course image' is clicked on

2022-01-15 10:00:39 - [MESSAGE][PASSED] - Object: 'Object Repository/Page_My courses/div_Course image' is clicked on

2022-01-15 10:00:39 - [TEST_STEP][PASSED] - click(findTestObject("Object Repository/Page_Course 2/a_More")): Object: 'Object Repository/Page_Course 2/a_More' is clicked on

2022-01-15 10:01:11 - [MESSAGE][INFO] - Unable to find the element located by 'By.xpath: //a[@id='moremenu-dropdown-61dcbc055a0de']'. Please recheck the objects properties to make sure the desired element is located. 

2022-01-15 10:01:11 - [MESSAGE][WARNING] - [SELF-HEALING] Failed to find element with id 'Object Repository/Page_Course 2/a_More'. Try using Self-healing.

2022-01-15 10:01:11 - [MESSAGE][WARNING] - [SELF-HEALING] The current locator of test object 'Object Repository/Page_Course 2/a_More' was broken. Propose an alternative one: '(//a[contains(text(),'More')])[2]'.

2022-01-15 10:01:11 - [MESSAGE][PASSED] - Object: 'Object Repository/Page_Course 2/a_More' is clicked on

2022-01-15 10:01:11 - [TEST_STEP][PASSED] - click(findTestObject("Object Repository/Page_Course 2/a_Question bank")): Object: 'Object Repository/Page_Course 2/a_Question bank' is clicked on

2022-01-15 10:01:42 - [MESSAGE][INFO] - Unable to find the element located by 'By.xpath: //li[@id='yui_3_17_2_1_1641856005443_47']/ul/li/a'. Please recheck the objects properties to make sure the desired element is located. 

2022-01-15 10:01:42 - [MESSAGE][WARNING] - [SELF-HEALING] Failed to find element with id 'Object Repository/Page_Course 2/a_Question bank'. Try using Self-healing.

2022-01-15 10:01:42 - [MESSAGE][WARNING] - [SELF-HEALING] The current locator of test object 'Object Repository/Page_Course 2/a_Question bank' was broken. Propose an alternative one: '//a[contains(text(),'Question bank')]'.

2022-01-15 10:01:43 - [MESSAGE][PASSED] - Object: 'Object Repository/Page_Course 2/a_Question bank' is clicked on

2022-01-15 10:01:43 - [TEST_STEP][PASSED] - scrollToElement(findTestObject("Object Repository/Page_Edit questions/a_Edit"), 0): Scroll to object 'Object Repository/Page_Edit questions/a_Edit' successfully

2022-01-15 10:01:43 - [MESSAGE][WARNING] - Timeout '0' is invalid. Using default page load timeout: '30'

2022-01-15 10:01:44 - [MESSAGE][PASSED] - Scroll to object 'Object Repository/Page_Edit questions/a_Edit' successfully

2022-01-15 10:01:44 - [TEST_STEP][PASSED] - click(findTestObject("Object Repository/Page_Edit questions/a_Edit")): Object: 'Object Repository/Page_Edit questions/a_Edit' is clicked on

2022-01-15 10:01:44 - [MESSAGE][PASSED] - Object: 'Object Repository/Page_Edit questions/a_Edit' is clicked on

2022-01-15 10:01:44 - [TEST_STEP][PASSED] - click(findTestObject("Object Repository/Page_Edit questions/a_Delete")): Object: 'Object Repository/Page_Edit questions/a_Delete' is clicked on

2022-01-15 10:01:45 - [MESSAGE][PASSED] - Object: 'Object Repository/Page_Edit questions/a_Delete' is clicked on

2022-01-15 10:01:45 - [TEST_STEP][PASSED] - click(findTestObject("Object Repository/Page_Delete selected question/button_Delete")): Object: 'Object Repository/Page_Delete selected question/button_Delete' is clicked on

2022-01-15 10:02:16 - [MESSAGE][INFO] - Unable to find the element located by 'By.xpath: //button[@id='single_button61dcbc1b7f5f96']'. Please recheck the objects properties to make sure the desired element is located. 

2022-01-15 10:02:16 - [MESSAGE][WARNING] - [SELF-HEALING] Failed to find element with id 'Object Repository/Page_Delete selected question/button_Delete'. Try using Self-healing.

2022-01-15 10:02:17 - [MESSAGE][WARNING] - [SELF-HEALING] The current locator of test object 'Object Repository/Page_Delete selected question/button_Delete' was broken. Propose an alternative one: '//div[@id='modal-footer']/div/div/form/button'.

2022-01-15 10:02:17 - [MESSAGE][PASSED] - Object: 'Object Repository/Page_Delete selected question/button_Delete' is clicked on

2022-01-15 10:02:17 - [TEST_STEP][PASSED] - closeBrowser(): Browser is closed

2022-01-15 10:02:18 - [MESSAGE][PASSED] - Browser is closed]]></system-out>
         <system-err><![CDATA[]]></system-err>
      </testcase>
      <testcase name="Test Cases/Quiz/Preview a quiz by teacher" time="142.66" classname="Test Cases/Quiz/Preview a quiz by teacher" status="PASSED">
         <system-out><![CDATA[2022-01-15 10:02:18 - [TEST_CASE][PASSED] - Test Cases/Quiz/Preview a quiz by teacher: Test Cases/Quiz/Preview a quiz by teacher

2022-01-15 10:02:18 - [TEST_STEP][PASSED] - openBrowser(""): Browser is opened with url: ''

2022-01-15 10:02:18 - [MESSAGE][INFO] - Starting 'Chrome' driver

2022-01-15 10:02:18 - [MESSAGE][INFO] - Action delay is set to 0 milliseconds

2022-01-15 10:02:19 - [MESSAGE][PASSED] - Browser is opened with url: ''

2022-01-15 10:02:19 - [TEST_STEP][PASSED] - navigateToUrl("http://localhost/"): Navigate to 'http://localhost/' successfully

2022-01-15 10:02:20 - [MESSAGE][PASSED] - Navigate to 'http://localhost/' successfully

2022-01-15 10:02:20 - [TEST_STEP][PASSED] - click(findTestObject("Object Repository/Page_L Tm Anh/a_Log in")): Object: 'Object Repository/Page_L Tm Anh/a_Log in' is clicked on

2022-01-15 10:02:21 - [MESSAGE][PASSED] - Object: 'Object Repository/Page_L Tm Anh/a_Log in' is clicked on

2022-01-15 10:02:21 - [TEST_STEP][PASSED] - setText(findTestObject("Object Repository/Page_L Tm Anh Log in to the site/input_Username_username"), "admin"): Text 'admin' is set on object 'Object Repository/Page_L Tm Anh Log in to the site/input_Username_username'

2022-01-15 10:02:22 - [MESSAGE][PASSED] - Text 'admin' is set on object 'Object Repository/Page_L Tm Anh Log in to the site/input_Username_username'

2022-01-15 10:02:22 - [TEST_STEP][PASSED] - setEncryptedText(findTestObject("Object Repository/Page_L Tm Anh Log in to the site/input_Password_password"), "eGmz8XUbrLe3vUQiiiujBg=="): Text ****** has been set on object 'Object Repository/Page_L Tm Anh Log in to the site/input_Password_password'

2022-01-15 10:02:22 - [MESSAGE][PASSED] - Text ****** has been set on object 'Object Repository/Page_L Tm Anh Log in to the site/input_Password_password'

2022-01-15 10:02:22 - [TEST_STEP][PASSED] - click(findTestObject("Object Repository/Page_L Tm Anh Log in to the site/button_Log in")): Object: 'Object Repository/Page_L Tm Anh Log in to the site/button_Log in' is clicked on

2022-01-15 10:02:23 - [MESSAGE][PASSED] - Object: 'Object Repository/Page_L Tm Anh Log in to the site/button_Log in' is clicked on

2022-01-15 10:02:23 - [TEST_STEP][PASSED] - click(findTestObject("Object Repository/Page_Dashboard/a_My courses")): Object: 'Object Repository/Page_Dashboard/a_My courses' is clicked on

2022-01-15 10:02:55 - [MESSAGE][INFO] - Unable to find the element located by 'By.xpath: //ul[@id='moremenu-61e0e36aac914-navbar-nav']/li[3]/a'. Please recheck the objects properties to make sure the desired element is located. 

2022-01-15 10:02:55 - [MESSAGE][WARNING] - [SELF-HEALING] Failed to find element with id 'Object Repository/Page_Dashboard/a_My courses'. Try using Self-healing.

2022-01-15 10:02:55 - [MESSAGE][WARNING] - [SELF-HEALING] The current locator of test object 'Object Repository/Page_Dashboard/a_My courses' was broken. Propose an alternative one: '//a[contains(text(),'My courses')]'.

2022-01-15 10:02:55 - [MESSAGE][PASSED] - Object: 'Object Repository/Page_Dashboard/a_My courses' is clicked on

2022-01-15 10:02:55 - [TEST_STEP][PASSED] - click(findTestObject("Object Repository/Page_My courses/div_Course image")): Object: 'Object Repository/Page_My courses/div_Course image' is clicked on

2022-01-15 10:02:57 - [MESSAGE][PASSED] - Object: 'Object Repository/Page_My courses/div_Course image' is clicked on

2022-01-15 10:02:57 - [TEST_STEP][PASSED] - scrollToElement(findTestObject("Object Repository/Page_Course 1/a_Quiz 3"), 0): Scroll to object 'Object Repository/Page_Course 1/a_Quiz 3' successfully

2022-01-15 10:02:57 - [MESSAGE][WARNING] - Timeout '0' is invalid. Using default page load timeout: '30'

2022-01-15 10:02:58 - [MESSAGE][PASSED] - Scroll to object 'Object Repository/Page_Course 1/a_Quiz 3' successfully

2022-01-15 10:02:58 - [TEST_STEP][PASSED] - click(findTestObject("Object Repository/Page_Course 1/a_Quiz 3")): Object: 'Object Repository/Page_Course 1/a_Quiz 3' is clicked on

2022-01-15 10:03:00 - [MESSAGE][PASSED] - Object: 'Object Repository/Page_Course 1/a_Quiz 3' is clicked on

2022-01-15 10:03:00 - [TEST_STEP][PASSED] - click(findTestObject("Object Repository/Page_1 Quiz 3/a_Preview quiz")): Object: 'Object Repository/Page_1 Quiz 3/a_Preview quiz' is clicked on

2022-01-15 10:03:03 - [MESSAGE][PASSED] - Object: 'Object Repository/Page_1 Quiz 3/a_Preview quiz' is clicked on

2022-01-15 10:03:03 - [TEST_STEP][PASSED] - scrollToElement(findTestObject("Object Repository/Page_Quiz 3/input_Rich text editor_next"), 0): Scroll to object 'Object Repository/Page_Quiz 3/input_Rich text editor_next' successfully

2022-01-15 10:03:03 - [MESSAGE][WARNING] - Timeout '0' is invalid. Using default page load timeout: '30'

2022-01-15 10:03:04 - [MESSAGE][PASSED] - Scroll to object 'Object Repository/Page_Quiz 3/input_Rich text editor_next' successfully

2022-01-15 10:03:04 - [TEST_STEP][PASSED] - click(findTestObject("Object Repository/Page_Quiz 3/input_Rich text editor_next")): Object: 'Object Repository/Page_Quiz 3/input_Rich text editor_next' is clicked on

2022-01-15 10:03:05 - [MESSAGE][PASSED] - Object: 'Object Repository/Page_Quiz 3/input_Rich text editor_next' is clicked on

2022-01-15 10:03:05 - [TEST_STEP][PASSED] - scrollToElement(findTestObject("Object Repository/Page_Quiz 3 Attempt summary/button_Submit all and finish"), 0): Scroll to object 'Object Repository/Page_Quiz 3 Attempt summary/button_Submit all and finish' successfully

2022-01-15 10:03:05 - [MESSAGE][WARNING] - Timeout '0' is invalid. Using default page load timeout: '30'

2022-01-15 10:03:36 - [MESSAGE][INFO] - Unable to find the element located by 'By.xpath: //button[@id='single_button61dbe1d0515e48']'. Please recheck the objects properties to make sure the desired element is located. 

2022-01-15 10:03:36 - [MESSAGE][WARNING] - [SELF-HEALING] Failed to find element with id 'Object Repository/Page_Quiz 3 Attempt summary/button_Submit all and finish'. Try using Self-healing.

2022-01-15 10:03:36 - [MESSAGE][WARNING] - [SELF-HEALING] The current locator of test object 'Object Repository/Page_Quiz 3 Attempt summary/button_Submit all and finish' was broken. Propose an alternative one: '//section[@id='region-main']/div/div[4]/div/div/form/button'.

2022-01-15 10:03:36 - [MESSAGE][PASSED] - Scroll to object 'Object Repository/Page_Quiz 3 Attempt summary/button_Submit all and finish' successfully

2022-01-15 10:03:36 - [TEST_STEP][PASSED] - click(findTestObject("Object Repository/Page_Quiz 3 Attempt summary/button_Submit all and finish")): Object: 'Object Repository/Page_Quiz 3 Attempt summary/button_Submit all and finish' is clicked on

2022-01-15 10:04:07 - [MESSAGE][INFO] - Unable to find the element located by 'By.xpath: //button[@id='single_button61dbe1d0515e48']'. Please recheck the objects properties to make sure the desired element is located. 

2022-01-15 10:04:07 - [MESSAGE][WARNING] - [SELF-HEALING] Failed to find element with id 'Object Repository/Page_Quiz 3 Attempt summary/button_Submit all and finish'. Try using Self-healing.

2022-01-15 10:04:08 - [MESSAGE][WARNING] - [SELF-HEALING] The current locator of test object 'Object Repository/Page_Quiz 3 Attempt summary/button_Submit all and finish' was broken. Propose an alternative one: '//section[@id='region-main']/div/div[4]/div/div/form/button'.

2022-01-15 10:04:08 - [MESSAGE][PASSED] - Object: 'Object Repository/Page_Quiz 3 Attempt summary/button_Submit all and finish' is clicked on

2022-01-15 10:04:08 - [TEST_STEP][PASSED] - click(findTestObject("Object Repository/Page_Quiz 3 Attempt summary/input_Once you submit, you will no longer b_9708c7")): Object: 'Object Repository/Page_Quiz 3 Attempt summary/input_Once you submit, you will no longer b_9708c7' is clicked on

2022-01-15 10:04:39 - [MESSAGE][INFO] - Unable to find the element located by 'By.xpath: //input[@id='id_yuiconfirmyes-yui_3_17_2_2_1641799701392_8']'. Please recheck the objects properties to make sure the desired element is located. 

2022-01-15 10:04:39 - [MESSAGE][WARNING] - [SELF-HEALING] Failed to find element with id 'Object Repository/Page_Quiz 3 Attempt summary/input_Once you submit, you will no longer b_9708c7'. Try using Self-healing.

2022-01-15 10:04:39 - [MESSAGE][WARNING] - [SELF-HEALING] The current locator of test object 'Object Repository/Page_Quiz 3 Attempt summary/input_Once you submit, you will no longer b_9708c7' was broken. Propose an alternative one: '//div/div[2]/input'.

2022-01-15 10:04:40 - [MESSAGE][PASSED] - Object: 'Object Repository/Page_Quiz 3 Attempt summary/input_Once you submit, you will no longer b_9708c7' is clicked on

2022-01-15 10:04:40 - [TEST_STEP][PASSED] - closeBrowser(): Browser is closed

2022-01-15 10:04:41 - [MESSAGE][PASSED] - Browser is closed]]></system-out>
         <system-err><![CDATA[]]></system-err>
      </testcase>
      <testcase name="Test Cases/Quiz/Attempt quiz by student" time="140.787" classname="Test Cases/Quiz/Attempt quiz by student" status="PASSED">
         <system-out><![CDATA[2022-01-15 10:04:41 - [TEST_CASE][PASSED] - Test Cases/Quiz/Attempt quiz by student: Test Cases/Quiz/Attempt quiz by student

2022-01-15 10:04:41 - [TEST_STEP][PASSED] - openBrowser(""): Browser is opened with url: ''

2022-01-15 10:04:41 - [MESSAGE][INFO] - Starting 'Chrome' driver

2022-01-15 10:04:41 - [MESSAGE][INFO] - Action delay is set to 0 milliseconds

2022-01-15 10:04:42 - [MESSAGE][PASSED] - Browser is opened with url: ''

2022-01-15 10:04:42 - [TEST_STEP][PASSED] - navigateToUrl("http://localhost/"): Navigate to 'http://localhost/' successfully

2022-01-15 10:04:43 - [MESSAGE][PASSED] - Navigate to 'http://localhost/' successfully

2022-01-15 10:04:43 - [TEST_STEP][PASSED] - click(findTestObject("Object Repository/Page_L Tm Anh/a_Log in")): Object: 'Object Repository/Page_L Tm Anh/a_Log in' is clicked on

2022-01-15 10:04:44 - [MESSAGE][PASSED] - Object: 'Object Repository/Page_L Tm Anh/a_Log in' is clicked on

2022-01-15 10:04:44 - [TEST_STEP][PASSED] - setText(findTestObject("Object Repository/Page_L Tm Anh Log in to the site/input_Username_username"), "anhle2"): Text 'anhle2' is set on object 'Object Repository/Page_L Tm Anh Log in to the site/input_Username_username'

2022-01-15 10:04:45 - [MESSAGE][PASSED] - Text 'anhle2' is set on object 'Object Repository/Page_L Tm Anh Log in to the site/input_Username_username'

2022-01-15 10:04:45 - [TEST_STEP][PASSED] - setEncryptedText(findTestObject("Object Repository/Page_L Tm Anh Log in to the site/input_Password_password"), "eGmz8XUbrLe3vUQiiiujBg=="): Text ****** has been set on object 'Object Repository/Page_L Tm Anh Log in to the site/input_Password_password'

2022-01-15 10:04:45 - [MESSAGE][PASSED] - Text ****** has been set on object 'Object Repository/Page_L Tm Anh Log in to the site/input_Password_password'

2022-01-15 10:04:45 - [TEST_STEP][PASSED] - click(findTestObject("Object Repository/Page_L Tm Anh Log in to the site/button_Log in")): Object: 'Object Repository/Page_L Tm Anh Log in to the site/button_Log in' is clicked on

2022-01-15 10:04:47 - [MESSAGE][PASSED] - Object: 'Object Repository/Page_L Tm Anh Log in to the site/button_Log in' is clicked on

2022-01-15 10:04:47 - [TEST_STEP][PASSED] - click(findTestObject("Object Repository/Page_Dashboard/a_My courses")): Object: 'Object Repository/Page_Dashboard/a_My courses' is clicked on

2022-01-15 10:05:18 - [MESSAGE][INFO] - Unable to find the element located by 'By.xpath: //ul[@id='moremenu-61e0e36aac914-navbar-nav']/li[3]/a'. Please recheck the objects properties to make sure the desired element is located. 

2022-01-15 10:05:18 - [MESSAGE][WARNING] - [SELF-HEALING] Failed to find element with id 'Object Repository/Page_Dashboard/a_My courses'. Try using Self-healing.

2022-01-15 10:05:18 - [MESSAGE][WARNING] - [SELF-HEALING] The current locator of test object 'Object Repository/Page_Dashboard/a_My courses' was broken. Propose an alternative one: '//a[contains(text(),'My courses')]'.

2022-01-15 10:05:19 - [MESSAGE][PASSED] - Object: 'Object Repository/Page_Dashboard/a_My courses' is clicked on

2022-01-15 10:05:19 - [TEST_STEP][PASSED] - click(findTestObject("Object Repository/Page_My courses/div_Course image")): Object: 'Object Repository/Page_My courses/div_Course image' is clicked on

2022-01-15 10:05:20 - [MESSAGE][PASSED] - Object: 'Object Repository/Page_My courses/div_Course image' is clicked on

2022-01-15 10:05:20 - [TEST_STEP][PASSED] - click(findTestObject("Object Repository/Page_Course 1/a_Quiz 3")): Object: 'Object Repository/Page_Course 1/a_Quiz 3' is clicked on

2022-01-15 10:05:21 - [MESSAGE][PASSED] - Object: 'Object Repository/Page_Course 1/a_Quiz 3' is clicked on

2022-01-15 10:05:21 - [TEST_STEP][PASSED] - click(findTestObject("Object Repository/Page_1 Quiz 3/a_Attempt quiz")): Object: 'Object Repository/Page_1 Quiz 3/a_Attempt quiz' is clicked on

2022-01-15 10:05:23 - [MESSAGE][PASSED] - Object: 'Object Repository/Page_1 Quiz 3/a_Attempt quiz' is clicked on

2022-01-15 10:05:23 - [TEST_STEP][PASSED] - scrollToElement(findTestObject("Object Repository/Page_Quiz 3/input_Rich text editor_next"), 0): Scroll to object 'Object Repository/Page_Quiz 3/input_Rich text editor_next' successfully

2022-01-15 10:05:24 - [MESSAGE][WARNING] - Timeout '0' is invalid. Using default page load timeout: '30'

2022-01-15 10:05:24 - [MESSAGE][PASSED] - Scroll to object 'Object Repository/Page_Quiz 3/input_Rich text editor_next' successfully

2022-01-15 10:05:24 - [TEST_STEP][PASSED] - click(findTestObject("Object Repository/Page_Quiz 3/input_Rich text editor_next")): Object: 'Object Repository/Page_Quiz 3/input_Rich text editor_next' is clicked on

2022-01-15 10:05:25 - [MESSAGE][PASSED] - Object: 'Object Repository/Page_Quiz 3/input_Rich text editor_next' is clicked on

2022-01-15 10:05:25 - [TEST_STEP][PASSED] - scrollToElement(findTestObject("Object Repository/Page_Quiz 3 Attempt summary/button_Submit all and finish"), 0): Scroll to object 'Object Repository/Page_Quiz 3 Attempt summary/button_Submit all and finish' successfully

2022-01-15 10:05:25 - [MESSAGE][WARNING] - Timeout '0' is invalid. Using default page load timeout: '30'

2022-01-15 10:05:56 - [MESSAGE][INFO] - Unable to find the element located by 'By.xpath: //button[@id='single_button61dbe1d0515e48']'. Please recheck the objects properties to make sure the desired element is located. 

2022-01-15 10:05:56 - [MESSAGE][WARNING] - [SELF-HEALING] Failed to find element with id 'Object Repository/Page_Quiz 3 Attempt summary/button_Submit all and finish'. Try using Self-healing.

2022-01-15 10:05:57 - [MESSAGE][WARNING] - [SELF-HEALING] The current locator of test object 'Object Repository/Page_Quiz 3 Attempt summary/button_Submit all and finish' was broken. Propose an alternative one: '//section[@id='region-main']/div/div[4]/div/div/form/button'.

2022-01-15 10:05:57 - [MESSAGE][PASSED] - Scroll to object 'Object Repository/Page_Quiz 3 Attempt summary/button_Submit all and finish' successfully

2022-01-15 10:05:57 - [TEST_STEP][PASSED] - click(findTestObject("Object Repository/Page_Quiz 3 Attempt summary/button_Submit all and finish")): Object: 'Object Repository/Page_Quiz 3 Attempt summary/button_Submit all and finish' is clicked on

2022-01-15 10:06:28 - [MESSAGE][INFO] - Unable to find the element located by 'By.xpath: //button[@id='single_button61dbe1d0515e48']'. Please recheck the objects properties to make sure the desired element is located. 

2022-01-15 10:06:28 - [MESSAGE][WARNING] - [SELF-HEALING] Failed to find element with id 'Object Repository/Page_Quiz 3 Attempt summary/button_Submit all and finish'. Try using Self-healing.

2022-01-15 10:06:28 - [MESSAGE][WARNING] - [SELF-HEALING] The current locator of test object 'Object Repository/Page_Quiz 3 Attempt summary/button_Submit all and finish' was broken. Propose an alternative one: '//section[@id='region-main']/div/div[4]/div/div/form/button'.

2022-01-15 10:06:28 - [MESSAGE][PASSED] - Object: 'Object Repository/Page_Quiz 3 Attempt summary/button_Submit all and finish' is clicked on

2022-01-15 10:06:28 - [TEST_STEP][PASSED] - click(findTestObject("Object Repository/Page_Quiz 3 Attempt summary/input_Once you submit, you will no longer b_0cc48a")): Object: 'Object Repository/Page_Quiz 3 Attempt summary/input_Once you submit, you will no longer b_0cc48a' is clicked on

2022-01-15 10:06:59 - [MESSAGE][INFO] - Unable to find the element located by 'By.xpath: //input[@id='id_yuiconfirmyes-yui_3_17_2_2_1641800144491_8']'. Please recheck the objects properties to make sure the desired element is located. 

2022-01-15 10:06:59 - [MESSAGE][WARNING] - [SELF-HEALING] Failed to find element with id 'Object Repository/Page_Quiz 3 Attempt summary/input_Once you submit, you will no longer b_0cc48a'. Try using Self-healing.

2022-01-15 10:07:00 - [MESSAGE][WARNING] - [SELF-HEALING] The current locator of test object 'Object Repository/Page_Quiz 3 Attempt summary/input_Once you submit, you will no longer b_0cc48a' was broken. Propose an alternative one: '//div/div[2]/input'.

2022-01-15 10:07:01 - [MESSAGE][PASSED] - Object: 'Object Repository/Page_Quiz 3 Attempt summary/input_Once you submit, you will no longer b_0cc48a' is clicked on

2022-01-15 10:07:01 - [TEST_STEP][PASSED] - closeBrowser(): Browser is closed

2022-01-15 10:07:01 - [MESSAGE][PASSED] - Browser is closed]]></system-out>
         <system-err><![CDATA[]]></system-err>
      </testcase>
      <testcase name="Test Cases/Quiz/Add new question to quiz (edit quiz)" time="109.061" classname="Test Cases/Quiz/Add new question to quiz (edit quiz)" status="PASSED">
         <system-out><![CDATA[2022-01-15 10:07:02 - [TEST_CASE][PASSED] - Test Cases/Quiz/Add new question to quiz (edit quiz): Test Cases/Quiz/Add new question to quiz (edit quiz)

2022-01-15 10:07:02 - [TEST_STEP][PASSED] - openBrowser(""): Browser is opened with url: ''

2022-01-15 10:07:02 - [MESSAGE][INFO] - Starting 'Chrome' driver

2022-01-15 10:07:02 - [MESSAGE][INFO] - Action delay is set to 0 milliseconds

2022-01-15 10:07:03 - [MESSAGE][PASSED] - Browser is opened with url: ''

2022-01-15 10:07:03 - [TEST_STEP][PASSED] - navigateToUrl("http://localhost/"): Navigate to 'http://localhost/' successfully

2022-01-15 10:07:04 - [MESSAGE][PASSED] - Navigate to 'http://localhost/' successfully

2022-01-15 10:07:04 - [TEST_STEP][PASSED] - click(findTestObject("Object Repository/Page_L Tm Anh/a_Log in")): Object: 'Object Repository/Page_L Tm Anh/a_Log in' is clicked on

2022-01-15 10:07:04 - [MESSAGE][PASSED] - Object: 'Object Repository/Page_L Tm Anh/a_Log in' is clicked on

2022-01-15 10:07:04 - [TEST_STEP][PASSED] - setText(findTestObject("Object Repository/Page_L Tm Anh Log in to the site/input_Username_username"), "anhle8"): Text 'anhle8' is set on object 'Object Repository/Page_L Tm Anh Log in to the site/input_Username_username'

2022-01-15 10:07:05 - [MESSAGE][PASSED] - Text 'anhle8' is set on object 'Object Repository/Page_L Tm Anh Log in to the site/input_Username_username'

2022-01-15 10:07:05 - [TEST_STEP][PASSED] - setEncryptedText(findTestObject("Object Repository/Page_L Tm Anh Log in to the site/input_Password_password"), "eGmz8XUbrLe3vUQiiiujBg=="): Text ****** has been set on object 'Object Repository/Page_L Tm Anh Log in to the site/input_Password_password'

2022-01-15 10:07:06 - [MESSAGE][PASSED] - Text ****** has been set on object 'Object Repository/Page_L Tm Anh Log in to the site/input_Password_password'

2022-01-15 10:07:06 - [TEST_STEP][PASSED] - click(findTestObject("Object Repository/Page_L Tm Anh Log in to the site/button_Log in")): Object: 'Object Repository/Page_L Tm Anh Log in to the site/button_Log in' is clicked on

2022-01-15 10:07:07 - [MESSAGE][PASSED] - Object: 'Object Repository/Page_L Tm Anh Log in to the site/button_Log in' is clicked on

2022-01-15 10:07:07 - [TEST_STEP][PASSED] - click(findTestObject("Object Repository/Page_Dashboard/a_My courses")): Object: 'Object Repository/Page_Dashboard/a_My courses' is clicked on

2022-01-15 10:07:38 - [MESSAGE][INFO] - Unable to find the element located by 'By.xpath: //ul[@id='moremenu-61e0e36aac914-navbar-nav']/li[3]/a'. Please recheck the objects properties to make sure the desired element is located. 

2022-01-15 10:07:38 - [MESSAGE][WARNING] - [SELF-HEALING] Failed to find element with id 'Object Repository/Page_Dashboard/a_My courses'. Try using Self-healing.

2022-01-15 10:07:38 - [MESSAGE][WARNING] - [SELF-HEALING] The current locator of test object 'Object Repository/Page_Dashboard/a_My courses' was broken. Propose an alternative one: '//a[contains(text(),'My courses')]'.

2022-01-15 10:07:39 - [MESSAGE][PASSED] - Object: 'Object Repository/Page_Dashboard/a_My courses' is clicked on

2022-01-15 10:07:39 - [TEST_STEP][PASSED] - click(findTestObject("Object Repository/Page_My courses/div_Course image")): Object: 'Object Repository/Page_My courses/div_Course image' is clicked on

2022-01-15 10:07:40 - [MESSAGE][PASSED] - Object: 'Object Repository/Page_My courses/div_Course image' is clicked on

2022-01-15 10:07:40 - [TEST_STEP][PASSED] - click(findTestObject("Object Repository/Page_Course 6/a_quiz 6")): Object: 'Object Repository/Page_Course 6/a_quiz 6' is clicked on

2022-01-15 10:07:42 - [MESSAGE][PASSED] - Object: 'Object Repository/Page_Course 6/a_quiz 6' is clicked on

2022-01-15 10:07:42 - [TEST_STEP][PASSED] - click(findTestObject("Object Repository/Page_6 quiz 6/a_Edit quiz")): Object: 'Object Repository/Page_6 quiz 6/a_Edit quiz' is clicked on

2022-01-15 10:07:45 - [MESSAGE][PASSED] - Object: 'Object Repository/Page_6 quiz 6/a_Edit quiz' is clicked on

2022-01-15 10:07:45 - [TEST_STEP][PASSED] - click(findTestObject("Object Repository/Page_Editing quiz quiz 6/span_Add")): Object: 'Object Repository/Page_Editing quiz quiz 6/span_Add' is clicked on

2022-01-15 10:08:16 - [MESSAGE][INFO] - Unable to find the element located by 'By.xpath: //span[@id='yui_3_17_2_1_1642035243872_428']'. Please recheck the objects properties to make sure the desired element is located. 

2022-01-15 10:08:16 - [MESSAGE][WARNING] - [SELF-HEALING] Failed to find element with id 'Object Repository/Page_Editing quiz quiz 6/span_Add'. Try using Self-healing.

2022-01-15 10:08:17 - [MESSAGE][WARNING] - [SELF-HEALING] The current locator of test object 'Object Repository/Page_Editing quiz quiz 6/span_Add' was broken. Propose an alternative one: '//a[@id='action-menu-toggle-1']/span'.

2022-01-15 10:08:17 - [MESSAGE][PASSED] - Object: 'Object Repository/Page_Editing quiz quiz 6/span_Add' is clicked on

2022-01-15 10:08:17 - [TEST_STEP][PASSED] - click(findTestObject("Object Repository/Page_Editing quiz quiz 6/a_from question bank")): Object: 'Object Repository/Page_Editing quiz quiz 6/a_from question bank' is clicked on

2022-01-15 10:08:48 - [MESSAGE][INFO] - Unable to find the element located by 'By.xpath: //a[@id='yui_3_17_2_1_1642035243872_454']'. Please recheck the objects properties to make sure the desired element is located. 

2022-01-15 10:08:48 - [MESSAGE][WARNING] - [SELF-HEALING] Failed to find element with id 'Object Repository/Page_Editing quiz quiz 6/a_from question bank'. Try using Self-healing.

2022-01-15 10:08:48 - [MESSAGE][WARNING] - [SELF-HEALING] The current locator of test object 'Object Repository/Page_Editing quiz quiz 6/a_from question bank' was broken. Propose an alternative one: '//div[@id='action-menu-1-menu']/a[2]'.

2022-01-15 10:08:48 - [MESSAGE][PASSED] - Object: 'Object Repository/Page_Editing quiz quiz 6/a_from question bank' is clicked on

2022-01-15 10:08:48 - [TEST_STEP][PASSED] - click(findTestObject("Object Repository/Page_Editing quiz quiz 6/input_Question_q151")): Object: 'Object Repository/Page_Editing quiz quiz 6/input_Question_q151' is clicked on

2022-01-15 10:08:50 - [MESSAGE][PASSED] - Object: 'Object Repository/Page_Editing quiz quiz 6/input_Question_q151' is clicked on

2022-01-15 10:08:50 - [TEST_STEP][PASSED] - click(findTestObject("Object Repository/Page_Editing quiz quiz 6/input_Select_add")): Object: 'Object Repository/Page_Editing quiz quiz 6/input_Select_add' is clicked on

2022-01-15 10:08:51 - [MESSAGE][PASSED] - Object: 'Object Repository/Page_Editing quiz quiz 6/input_Select_add' is clicked on]]></system-out>
         <system-err><![CDATA[]]></system-err>
      </testcase>
      <testcase name="Test Cases/Deadline/View a deadline by student" time="41.522" classname="Test Cases/Deadline/View a deadline by student" status="PASSED">
         <system-out><![CDATA[2022-01-15 10:08:51 - [TEST_CASE][PASSED] - Test Cases/Deadline/View a deadline by student: Test Cases/Deadline/View a deadline by student

2022-01-15 10:08:51 - [TEST_STEP][PASSED] - openBrowser(""): Browser is opened with url: ''

2022-01-15 10:08:51 - [MESSAGE][WARNING] - A browser is already opened. Closing browser and opening a new one

2022-01-15 10:08:52 - [MESSAGE][INFO] - Starting 'Chrome' driver

2022-01-15 10:08:52 - [MESSAGE][INFO] - Action delay is set to 0 milliseconds

2022-01-15 10:08:53 - [MESSAGE][PASSED] - Browser is opened with url: ''

2022-01-15 10:08:53 - [TEST_STEP][PASSED] - navigateToUrl("http://localhost/"): Navigate to 'http://localhost/' successfully

2022-01-15 10:08:54 - [MESSAGE][PASSED] - Navigate to 'http://localhost/' successfully

2022-01-15 10:08:54 - [TEST_STEP][PASSED] - click(findTestObject("Object Repository/Page_L Tm Anh/a_Log in")): Object: 'Object Repository/Page_L Tm Anh/a_Log in' is clicked on

2022-01-15 10:08:54 - [MESSAGE][PASSED] - Object: 'Object Repository/Page_L Tm Anh/a_Log in' is clicked on

2022-01-15 10:08:54 - [TEST_STEP][PASSED] - setText(findTestObject("Object Repository/Page_L Tm Anh Log in to the site/input_Username_username"), "anhle2"): Text 'anhle2' is set on object 'Object Repository/Page_L Tm Anh Log in to the site/input_Username_username'

2022-01-15 10:08:55 - [MESSAGE][PASSED] - Text 'anhle2' is set on object 'Object Repository/Page_L Tm Anh Log in to the site/input_Username_username'

2022-01-15 10:08:55 - [TEST_STEP][PASSED] - setEncryptedText(findTestObject("Object Repository/Page_L Tm Anh Log in to the site/input_Password_password"), "eGmz8XUbrLe3vUQiiiujBg=="): Text ****** has been set on object 'Object Repository/Page_L Tm Anh Log in to the site/input_Password_password'

2022-01-15 10:08:56 - [MESSAGE][PASSED] - Text ****** has been set on object 'Object Repository/Page_L Tm Anh Log in to the site/input_Password_password'

2022-01-15 10:08:56 - [TEST_STEP][PASSED] - click(findTestObject("Object Repository/Page_L Tm Anh Log in to the site/button_Log in")): Object: 'Object Repository/Page_L Tm Anh Log in to the site/button_Log in' is clicked on

2022-01-15 10:08:57 - [MESSAGE][PASSED] - Object: 'Object Repository/Page_L Tm Anh Log in to the site/button_Log in' is clicked on

2022-01-15 10:08:57 - [TEST_STEP][PASSED] - click(findTestObject("Object Repository/Page_Dashboard/a_My courses")): Object: 'Object Repository/Page_Dashboard/a_My courses' is clicked on

2022-01-15 10:09:28 - [MESSAGE][INFO] - Unable to find the element located by 'By.xpath: //ul[@id='moremenu-61e0e36aac914-navbar-nav']/li[3]/a'. Please recheck the objects properties to make sure the desired element is located. 

2022-01-15 10:09:28 - [MESSAGE][WARNING] - [SELF-HEALING] Failed to find element with id 'Object Repository/Page_Dashboard/a_My courses'. Try using Self-healing.

2022-01-15 10:09:28 - [MESSAGE][WARNING] - [SELF-HEALING] The current locator of test object 'Object Repository/Page_Dashboard/a_My courses' was broken. Propose an alternative one: '//a[contains(text(),'My courses')]'.

2022-01-15 10:09:29 - [MESSAGE][PASSED] - Object: 'Object Repository/Page_Dashboard/a_My courses' is clicked on

2022-01-15 10:09:29 - [TEST_STEP][PASSED] - click(findTestObject("Object Repository/Page_My courses/div_Course image")): Object: 'Object Repository/Page_My courses/div_Course image' is clicked on

2022-01-15 10:09:30 - [MESSAGE][PASSED] - Object: 'Object Repository/Page_My courses/div_Course image' is clicked on

2022-01-15 10:09:30 - [TEST_STEP][PASSED] - click(findTestObject("Object Repository/Page_Course 1/a_Deadline 1  Assignment")): Object: 'Object Repository/Page_Course 1/a_Deadline 1  Assignment' is clicked on

2022-01-15 10:09:32 - [MESSAGE][PASSED] - Object: 'Object Repository/Page_Course 1/a_Deadline 1  Assignment' is clicked on

2022-01-15 10:09:32 - [TEST_STEP][PASSED] - closeBrowser(): Browser is closed

2022-01-15 10:09:32 - [MESSAGE][PASSED] - Browser is closed]]></system-out>
         <system-err><![CDATA[]]></system-err>
      </testcase>
      <testcase name="Test Cases/Deadline/Submit assignment in a deadline by student" time="106.858" classname="Test Cases/Deadline/Submit assignment in a deadline by student" status="FAILED">
         <failure type="FAILED" message="Test Cases/Deadline/Submit assignment in a deadline by student FAILED.
Reason:
com.kms.katalon.core.exception.StepFailedException: Unable to click on object 'Object Repository/Page_1 Deadline 1 - Edit submission/i_- drag and drop not supported_icon fa fa-_916087'
	at com.kms.katalon.core.webui.keyword.internal.WebUIKeywordMain.stepFailed(WebUIKeywordMain.groovy:64)
	at com.kms.katalon.core.webui.keyword.internal.WebUIKeywordMain.runKeyword(WebUIKeywordMain.groovy:26)
	at com.kms.katalon.core.webui.keyword.builtin.ClickKeyword.click(ClickKeyword.groovy:74)
	at com.kms.katalon.core.webui.keyword.builtin.ClickKeyword.execute(ClickKeyword.groovy:40)
	at com.kms.katalon.core.keyword.internal.KeywordExecutor.executeKeywordForPlatform(KeywordExecutor.groovy:74)
	at com.kms.katalon.core.webui.keyword.WebUiBuiltInKeywords.click(WebUiBuiltInKeywords.groovy:620)
	at com.kms.katalon.core.webui.keyword.WebUiBuiltInKeywords$click$1.call(Unknown Source)
	at Submit assignment in a deadline by student.run(Submit assignment in a deadline by student:40)
	at com.kms.katalon.core.main.ScriptEngine.run(ScriptEngine.java:194)
	at com.kms.katalon.core.main.ScriptEngine.runScriptAsRawText(ScriptEngine.java:119)
	at com.kms.katalon.core.main.TestCaseExecutor.runScript(TestCaseExecutor.java:442)
	at com.kms.katalon.core.main.TestCaseExecutor.doExecute(TestCaseExecutor.java:433)
	at com.kms.katalon.core.main.TestCaseExecutor.processExecutionPhase(TestCaseExecutor.java:412)
	at com.kms.katalon.core.main.TestCaseExecutor.accessMainPhase(TestCaseExecutor.java:404)
	at com.kms.katalon.core.main.TestCaseExecutor.execute(TestCaseExecutor.java:281)
	at com.kms.katalon.core.main.TestCaseExecutor.execute(TestCaseExecutor.java:363)
	at com.kms.katalon.core.main.TestCaseExecutor.execute(TestCaseExecutor.java:363)
	at com.kms.katalon.core.main.TestCaseExecutor.execute(TestCaseExecutor.java:363)
	at com.kms.katalon.core.main.TestSuiteExecutor.accessTestCaseMainPhase(TestSuiteExecutor.java:202)
	at com.kms.katalon.core.main.TestSuiteExecutor.accessTestSuiteMainPhase(TestSuiteExecutor.java:164)
	at com.kms.katalon.core.main.TestSuiteExecutor.execute(TestSuiteExecutor.java:105)
	at com.kms.katalon.core.main.TestCaseMain.startTestSuite(TestCaseMain.java:181)
	at com.kms.katalon.core.main.TestCaseMain$startTestSuite$0.call(Unknown Source)
	at TempTestSuite1642211722550.run(TempTestSuite1642211722550.groovy:36)
Caused by: org.openqa.selenium.ElementNotInteractableException: element not interactable
  (Session info: chrome=97.0.4692.71)
Build info: version: '3.141.59', revision: 'e82be7d358', time: '2018-11-14T08:25:53'
System info: host: 'DESKTOP-5O7CBM9', ip: '192.168.16.1', os.name: 'Windows 10', os.arch: 'amd64', os.version: '10.0', java.version: '1.8.0_282'
Driver info: com.kms.katalon.selenium.driver.CChromeDriver
Capabilities {acceptInsecureCerts: false, browserName: chrome, browserVersion: 97.0.4692.71, chrome: {chromedriverVersion: 97.0.4692.71 (adefa7837d02a..., userDataDir: C:\Users\antra\AppData\Loca...}, goog:chromeOptions: {debuggerAddress: localhost:55062}, javascriptEnabled: true, networkConnectionEnabled: false, pageLoadStrategy: normal, platform: WINDOWS, platformName: WINDOWS, proxy: Proxy(), setWindowRect: true, strictFileInteractability: false, timeouts: {implicit: 0, pageLoad: 300000, script: 30000}, unhandledPromptBehavior: dismiss and notify, webauthn:extension:credBlob: true, webauthn:extension:largeBlob: true, webauthn:virtualAuthenticators: true}
Session ID: 4e0a6b2ea76f84b3169f591ab8deae27
	at org.openqa.selenium.remote.http.W3CHttpResponseCodec.createException(W3CHttpResponseCodec.java:187)
	at org.openqa.selenium.remote.http.W3CHttpResponseCodec.decode(W3CHttpResponseCodec.java:122)
	at org.openqa.selenium.remote.http.W3CHttpResponseCodec.decode(W3CHttpResponseCodec.java:49)
	at org.openqa.selenium.remote.HttpCommandExecutor.execute(HttpCommandExecutor.java:158)
	at org.openqa.selenium.remote.service.DriverCommandExecutor.execute(DriverCommandExecutor.java:83)
	at org.openqa.selenium.remote.RemoteWebDriver.execute(RemoteWebDriver.java:552)
	at com.kms.katalon.selenium.driver.CChromeDriver.execute(CChromeDriver.java:19)
	at org.openqa.selenium.remote.RemoteWebElement.execute(RemoteWebElement.java:285)
	at org.openqa.selenium.remote.RemoteWebElement.click(RemoteWebElement.java:84)
	at org.openqa.selenium.support.events.EventFiringWebDriver$EventFiringWebElement.lambda$new$0(EventFiringWebDriver.java:404)
	at com.sun.proxy.$Proxy11.click(Unknown Source)
	at org.openqa.selenium.support.events.EventFiringWebDriver$EventFiringWebElement.click(EventFiringWebDriver.java:417)
	at org.openqa.selenium.WebElement$click.call(Unknown Source)
	at com.kms.katalon.core.webui.keyword.builtin.ClickKeyword.clickUntilSuccessWithTimeout(ClickKeyword.groovy:81)
	at com.kms.katalon.core.webui.keyword.builtin.ClickKeyword.clickUntilSuccessWithTimeout(ClickKeyword.groovy)
	at com.kms.katalon.core.webui.keyword.builtin.ClickKeyword$_click_closure1.doCall(ClickKeyword.groovy:67)
	at com.kms.katalon.core.webui.keyword.builtin.ClickKeyword$_click_closure1.call(ClickKeyword.groovy)
	at com.kms.katalon.core.webui.keyword.internal.WebUIKeywordMain.runKeyword(WebUIKeywordMain.groovy:20)
	... 22 more
"/>
         <system-out><![CDATA[2022-01-15 10:14:45 - [TEST_CASE][FAILED] - Test Cases/Deadline/Submit assignment in a deadline by student: Test Cases/Deadline/Submit assignment in a deadline by student FAILED.
Reason:
com.kms.katalon.core.exception.StepFailedException: Unable to click on object 'Object Repository/Page_1 Deadline 1 - Edit submission/i_- drag and drop not supported_icon fa fa-_916087'
	at com.kms.katalon.core.webui.keyword.internal.WebUIKeywordMain.stepFailed(WebUIKeywordMain.groovy:64)
	at com.kms.katalon.core.webui.keyword.internal.WebUIKeywordMain.runKeyword(WebUIKeywordMain.groovy:26)
	at com.kms.katalon.core.webui.keyword.builtin.ClickKeyword.click(ClickKeyword.groovy:74)
	at com.kms.katalon.core.webui.keyword.builtin.ClickKeyword.execute(ClickKeyword.groovy:40)
	at com.kms.katalon.core.keyword.internal.KeywordExecutor.executeKeywordForPlatform(KeywordExecutor.groovy:74)
	at com.kms.katalon.core.webui.keyword.WebUiBuiltInKeywords.click(WebUiBuiltInKeywords.groovy:620)
	at com.kms.katalon.core.webui.keyword.WebUiBuiltInKeywords$click$1.call(Unknown Source)
	at Submit assignment in a deadline by student.run(Submit assignment in a deadline by student:40)
	at com.kms.katalon.core.main.ScriptEngine.run(ScriptEngine.java:194)
	at com.kms.katalon.core.main.ScriptEngine.runScriptAsRawText(ScriptEngine.java:119)
	at com.kms.katalon.core.main.TestCaseExecutor.runScript(TestCaseExecutor.java:442)
	at com.kms.katalon.core.main.TestCaseExecutor.doExecute(TestCaseExecutor.java:433)
	at com.kms.katalon.core.main.TestCaseExecutor.processExecutionPhase(TestCaseExecutor.java:412)
	at com.kms.katalon.core.main.TestCaseExecutor.accessMainPhase(TestCaseExecutor.java:404)
	at com.kms.katalon.core.main.TestCaseExecutor.execute(TestCaseExecutor.java:281)
	at com.kms.katalon.core.main.TestCaseExecutor.execute(TestCaseExecutor.java:363)
	at com.kms.katalon.core.main.TestCaseExecutor.execute(TestCaseExecutor.java:363)
	at com.kms.katalon.core.main.TestCaseExecutor.execute(TestCaseExecutor.java:363)
	at com.kms.katalon.core.main.TestSuiteExecutor.accessTestCaseMainPhase(TestSuiteExecutor.java:202)
	at com.kms.katalon.core.main.TestSuiteExecutor.accessTestSuiteMainPhase(TestSuiteExecutor.java:164)
	at com.kms.katalon.core.main.TestSuiteExecutor.execute(TestSuiteExecutor.java:105)
	at com.kms.katalon.core.main.TestCaseMain.startTestSuite(TestCaseMain.java:181)
	at com.kms.katalon.core.main.TestCaseMain$startTestSuite$0.call(Unknown Source)
	at TempTestSuite1642211722550.run(TempTestSuite1642211722550.groovy:36)
Caused by: org.openqa.selenium.ElementNotInteractableException: element not interactable
  (Session info: chrome=97.0.4692.71)
Build info: version: '3.141.59', revision: 'e82be7d358', time: '2018-11-14T08:25:53'
System info: host: 'DESKTOP-5O7CBM9', ip: '192.168.16.1', os.name: 'Windows 10', os.arch: 'amd64', os.version: '10.0', java.version: '1.8.0_282'
Driver info: com.kms.katalon.selenium.driver.CChromeDriver
Capabilities {acceptInsecureCerts: false, browserName: chrome, browserVersion: 97.0.4692.71, chrome: {chromedriverVersion: 97.0.4692.71 (adefa7837d02a..., userDataDir: C:\Users\antra\AppData\Loca...}, goog:chromeOptions: {debuggerAddress: localhost:55062}, javascriptEnabled: true, networkConnectionEnabled: false, pageLoadStrategy: normal, platform: WINDOWS, platformName: WINDOWS, proxy: Proxy(), setWindowRect: true, strictFileInteractability: false, timeouts: {implicit: 0, pageLoad: 300000, script: 30000}, unhandledPromptBehavior: dismiss and notify, webauthn:extension:credBlob: true, webauthn:extension:largeBlob: true, webauthn:virtualAuthenticators: true}
Session ID: 4e0a6b2ea76f84b3169f591ab8deae27
	at org.openqa.selenium.remote.http.W3CHttpResponseCodec.createException(W3CHttpResponseCodec.java:187)
	at org.openqa.selenium.remote.http.W3CHttpResponseCodec.decode(W3CHttpResponseCodec.java:122)
	at org.openqa.selenium.remote.http.W3CHttpResponseCodec.decode(W3CHttpResponseCodec.java:49)
	at org.openqa.selenium.remote.HttpCommandExecutor.execute(HttpCommandExecutor.java:158)
	at org.openqa.selenium.remote.service.DriverCommandExecutor.execute(DriverCommandExecutor.java:83)
	at org.openqa.selenium.remote.RemoteWebDriver.execute(RemoteWebDriver.java:552)
	at com.kms.katalon.selenium.driver.CChromeDriver.execute(CChromeDriver.java:19)
	at org.openqa.selenium.remote.RemoteWebElement.execute(RemoteWebElement.java:285)
	at org.openqa.selenium.remote.RemoteWebElement.click(RemoteWebElement.java:84)
	at org.openqa.selenium.support.events.EventFiringWebDriver$EventFiringWebElement.lambda$new$0(EventFiringWebDriver.java:404)
	at com.sun.proxy.$Proxy11.click(Unknown Source)
	at org.openqa.selenium.support.events.EventFiringWebDriver$EventFiringWebElement.click(EventFiringWebDriver.java:417)
	at org.openqa.selenium.WebElement$click.call(Unknown Source)
	at com.kms.katalon.core.webui.keyword.builtin.ClickKeyword.clickUntilSuccessWithTimeout(ClickKeyword.groovy:81)
	at com.kms.katalon.core.webui.keyword.builtin.ClickKeyword.clickUntilSuccessWithTimeout(ClickKeyword.groovy)
	at com.kms.katalon.core.webui.keyword.builtin.ClickKeyword$_click_closure1.doCall(ClickKeyword.groovy:67)
	at com.kms.katalon.core.webui.keyword.builtin.ClickKeyword$_click_closure1.call(ClickKeyword.groovy)
	at com.kms.katalon.core.webui.keyword.internal.WebUIKeywordMain.runKeyword(WebUIKeywordMain.groovy:20)
	... 22 more


2022-01-15 10:14:45 - [TEST_STEP][PASSED] - openBrowser(""): Browser is opened with url: ''

2022-01-15 10:14:45 - [MESSAGE][WARNING] - A browser is already opened. Closing browser and opening a new one

2022-01-15 10:14:46 - [MESSAGE][INFO] - Starting 'Chrome' driver

2022-01-15 10:14:46 - [MESSAGE][INFO] - Action delay is set to 0 milliseconds

2022-01-15 10:14:48 - [MESSAGE][PASSED] - Browser is opened with url: ''

2022-01-15 10:14:48 - [TEST_STEP][PASSED] - navigateToUrl("http://localhost/"): Navigate to 'http://localhost/' successfully

2022-01-15 10:14:48 - [MESSAGE][PASSED] - Navigate to 'http://localhost/' successfully

2022-01-15 10:14:48 - [TEST_STEP][PASSED] - click(findTestObject("Object Repository/Page_L Tm Anh/a_Log in")): Object: 'Object Repository/Page_L Tm Anh/a_Log in' is clicked on

2022-01-15 10:14:49 - [MESSAGE][PASSED] - Object: 'Object Repository/Page_L Tm Anh/a_Log in' is clicked on

2022-01-15 10:14:49 - [TEST_STEP][PASSED] - setText(findTestObject("Object Repository/Page_L Tm Anh Log in to the site/input_Username_username"), "anhle2"): Text 'anhle2' is set on object 'Object Repository/Page_L Tm Anh Log in to the site/input_Username_username'

2022-01-15 10:14:50 - [MESSAGE][PASSED] - Text 'anhle2' is set on object 'Object Repository/Page_L Tm Anh Log in to the site/input_Username_username'

2022-01-15 10:14:50 - [TEST_STEP][PASSED] - setEncryptedText(findTestObject("Object Repository/Page_L Tm Anh Log in to the site/input_Password_password"), "eGmz8XUbrLe3vUQiiiujBg=="): Text ****** has been set on object 'Object Repository/Page_L Tm Anh Log in to the site/input_Password_password'

2022-01-15 10:14:51 - [MESSAGE][PASSED] - Text ****** has been set on object 'Object Repository/Page_L Tm Anh Log in to the site/input_Password_password'

2022-01-15 10:14:51 - [TEST_STEP][PASSED] - click(findTestObject("Object Repository/Page_L Tm Anh Log in to the site/button_Log in")): Object: 'Object Repository/Page_L Tm Anh Log in to the site/button_Log in' is clicked on

2022-01-15 10:14:53 - [MESSAGE][PASSED] - Object: 'Object Repository/Page_L Tm Anh Log in to the site/button_Log in' is clicked on

2022-01-15 10:14:53 - [TEST_STEP][PASSED] - click(findTestObject("Object Repository/Page_Dashboard/a_My courses")): Object: 'Object Repository/Page_Dashboard/a_My courses' is clicked on

2022-01-15 10:15:25 - [MESSAGE][INFO] - Unable to find the element located by 'By.xpath: //ul[@id='moremenu-61e0e36aac914-navbar-nav']/li[3]/a'. Please recheck the objects properties to make sure the desired element is located. 

2022-01-15 10:15:25 - [MESSAGE][WARNING] - [SELF-HEALING] Failed to find element with id 'Object Repository/Page_Dashboard/a_My courses'. Try using Self-healing.

2022-01-15 10:15:25 - [MESSAGE][WARNING] - [SELF-HEALING] The current locator of test object 'Object Repository/Page_Dashboard/a_My courses' was broken. Propose an alternative one: '//a[contains(text(),'My courses')]'.

2022-01-15 10:15:25 - [MESSAGE][PASSED] - Object: 'Object Repository/Page_Dashboard/a_My courses' is clicked on

2022-01-15 10:15:25 - [TEST_STEP][PASSED] - click(findTestObject("Object Repository/Page_My courses/div_Course image")): Object: 'Object Repository/Page_My courses/div_Course image' is clicked on

2022-01-15 10:15:27 - [MESSAGE][PASSED] - Object: 'Object Repository/Page_My courses/div_Course image' is clicked on

2022-01-15 10:15:27 - [TEST_STEP][PASSED] - click(findTestObject("Object Repository/Page_Course 1/a_Deadline 1  Assignment")): Object: 'Object Repository/Page_Course 1/a_Deadline 1  Assignment' is clicked on

2022-01-15 10:15:28 - [MESSAGE][PASSED] - Object: 'Object Repository/Page_Course 1/a_Deadline 1  Assignment' is clicked on

2022-01-15 10:15:28 - [TEST_STEP][PASSED] - click(findTestObject("Object Repository/Page_1 Deadline 1/button_Add submission")): Object: 'Object Repository/Page_1 Deadline 1/button_Add submission' is clicked on

2022-01-15 10:16:00 - [MESSAGE][INFO] - Unable to find the element located by 'By.xpath: //button[@id='single_button61dad83a029a47']'. Please recheck the objects properties to make sure the desired element is located. 

2022-01-15 10:16:00 - [MESSAGE][WARNING] - [SELF-HEALING] Failed to find element with id 'Object Repository/Page_1 Deadline 1/button_Add submission'. Try using Self-healing.

2022-01-15 10:16:00 - [MESSAGE][WARNING] - [SELF-HEALING] The current locator of test object 'Object Repository/Page_1 Deadline 1/button_Add submission' was broken. Propose an alternative one: '//section[@id='region-main']/div[3]/div/div/div/div/form/button'.

2022-01-15 10:16:00 - [MESSAGE][PASSED] - Object: 'Object Repository/Page_1 Deadline 1/button_Add submission' is clicked on

2022-01-15 10:16:00 - [TEST_STEP][FAILED] - click(findTestObject("Object Repository/Page_1 Deadline 1 - Edit submission/i_- drag and drop not supported_icon fa fa-_916087")): Unable to click on object 'Object Repository/Page_1 Deadline 1 - Edit submission/i_- drag and drop not supported_icon fa fa-_916087' (Root cause: com.kms.katalon.core.exception.StepFailedException: Unable to click on object 'Object Repository/Page_1 Deadline 1 - Edit submission/i_- drag and drop not supported_icon fa fa-_916087'
	at com.kms.katalon.core.webui.keyword.internal.WebUIKeywordMain.stepFailed(WebUIKeywordMain.groovy:64)
	at com.kms.katalon.core.webui.keyword.internal.WebUIKeywordMain.runKeyword(WebUIKeywordMain.groovy:26)
	at com.kms.katalon.core.webui.keyword.builtin.ClickKeyword.click(ClickKeyword.groovy:74)
	at com.kms.katalon.core.webui.keyword.builtin.ClickKeyword.execute(ClickKeyword.groovy:40)
	at com.kms.katalon.core.keyword.internal.KeywordExecutor.executeKeywordForPlatform(KeywordExecutor.groovy:74)
	at com.kms.katalon.core.webui.keyword.WebUiBuiltInKeywords.click(WebUiBuiltInKeywords.groovy:620)
	at com.kms.katalon.core.webui.keyword.WebUiBuiltInKeywords$click$1.call(Unknown Source)
	at Submit assignment in a deadline by student.run(Submit assignment in a deadline by student:40)
	at com.kms.katalon.core.main.ScriptEngine.run(ScriptEngine.java:194)
	at com.kms.katalon.core.main.ScriptEngine.runScriptAsRawText(ScriptEngine.java:119)
	at com.kms.katalon.core.main.TestCaseExecutor.runScript(TestCaseExecutor.java:442)
	at com.kms.katalon.core.main.TestCaseExecutor.doExecute(TestCaseExecutor.java:433)
	at com.kms.katalon.core.main.TestCaseExecutor.processExecutionPhase(TestCaseExecutor.java:412)
	at com.kms.katalon.core.main.TestCaseExecutor.accessMainPhase(TestCaseExecutor.java:404)
	at com.kms.katalon.core.main.TestCaseExecutor.execute(TestCaseExecutor.java:281)
	at com.kms.katalon.core.main.TestCaseExecutor.execute(TestCaseExecutor.java:363)
	at com.kms.katalon.core.main.TestCaseExecutor.execute(TestCaseExecutor.java:363)
	at com.kms.katalon.core.main.TestCaseExecutor.execute(TestCaseExecutor.java:363)
	at com.kms.katalon.core.main.TestSuiteExecutor.accessTestCaseMainPhase(TestSuiteExecutor.java:202)
	at com.kms.katalon.core.main.TestSuiteExecutor.accessTestSuiteMainPhase(TestSuiteExecutor.java:164)
	at com.kms.katalon.core.main.TestSuiteExecutor.execute(TestSuiteExecutor.java:105)
	at com.kms.katalon.core.main.TestCaseMain.startTestSuite(TestCaseMain.java:181)
	at com.kms.katalon.core.main.TestCaseMain$startTestSuite$0.call(Unknown Source)
	at TempTestSuite1642211722550.run(TempTestSuite1642211722550.groovy:36)
Caused by: org.openqa.selenium.ElementNotInteractableException: element not interactable
  (Session info: chrome=97.0.4692.71)
Build info: version: '3.141.59', revision: 'e82be7d358', time: '2018-11-14T08:25:53'
System info: host: 'DESKTOP-5O7CBM9', ip: '192.168.16.1', os.name: 'Windows 10', os.arch: 'amd64', os.version: '10.0', java.version: '1.8.0_282'
Driver info: com.kms.katalon.selenium.driver.CChromeDriver
Capabilities {acceptInsecureCerts: false, browserName: chrome, browserVersion: 97.0.4692.71, chrome: {chromedriverVersion: 97.0.4692.71 (adefa7837d02a..., userDataDir: C:\Users\antra\AppData\Loca...}, goog:chromeOptions: {debuggerAddress: localhost:55062}, javascriptEnabled: true, networkConnectionEnabled: false, pageLoadStrategy: normal, platform: WINDOWS, platformName: WINDOWS, proxy: Proxy(), setWindowRect: true, strictFileInteractability: false, timeouts: {implicit: 0, pageLoad: 300000, script: 30000}, unhandledPromptBehavior: dismiss and notify, webauthn:extension:credBlob: true, webauthn:extension:largeBlob: true, webauthn:virtualAuthenticators: true}
Session ID: 4e0a6b2ea76f84b3169f591ab8deae27
	at org.openqa.selenium.remote.http.W3CHttpResponseCodec.createException(W3CHttpResponseCodec.java:187)
	at org.openqa.selenium.remote.http.W3CHttpResponseCodec.decode(W3CHttpResponseCodec.java:122)
	at org.openqa.selenium.remote.http.W3CHttpResponseCodec.decode(W3CHttpResponseCodec.java:49)
	at org.openqa.selenium.remote.HttpCommandExecutor.execute(HttpCommandExecutor.java:158)
	at org.openqa.selenium.remote.service.DriverCommandExecutor.execute(DriverCommandExecutor.java:83)
	at org.openqa.selenium.remote.RemoteWebDriver.execute(RemoteWebDriver.java:552)
	at com.kms.katalon.selenium.driver.CChromeDriver.execute(CChromeDriver.java:19)
	at org.openqa.selenium.remote.RemoteWebElement.execute(RemoteWebElement.java:285)
	at org.openqa.selenium.remote.RemoteWebElement.click(RemoteWebElement.java:84)
	at org.openqa.selenium.support.events.EventFiringWebDriver$EventFiringWebElement.lambda$new$0(EventFiringWebDriver.java:404)
	at com.sun.proxy.$Proxy11.click(Unknown Source)
	at org.openqa.selenium.support.events.EventFiringWebDriver$EventFiringWebElement.click(EventFiringWebDriver.java:417)
	at org.openqa.selenium.WebElement$click.call(Unknown Source)
	at com.kms.katalon.core.webui.keyword.builtin.ClickKeyword.clickUntilSuccessWithTimeout(ClickKeyword.groovy:81)
	at com.kms.katalon.core.webui.keyword.builtin.ClickKeyword.clickUntilSuccessWithTimeout(ClickKeyword.groovy)
	at com.kms.katalon.core.webui.keyword.builtin.ClickKeyword$_click_closure1.doCall(ClickKeyword.groovy:67)
	at com.kms.katalon.core.webui.keyword.builtin.ClickKeyword$_click_closure1.call(ClickKeyword.groovy)
	at com.kms.katalon.core.webui.keyword.internal.WebUIKeywordMain.runKeyword(WebUIKeywordMain.groovy:20)
	at com.kms.katalon.core.webui.keyword.builtin.ClickKeyword.click(ClickKeyword.groovy:74)
	at com.kms.katalon.core.webui.keyword.builtin.ClickKeyword.execute(ClickKeyword.groovy:40)
	at com.kms.katalon.core.keyword.internal.KeywordExecutor.executeKeywordForPlatform(KeywordExecutor.groovy:74)
	at com.kms.katalon.core.webui.keyword.WebUiBuiltInKeywords.click(WebUiBuiltInKeywords.groovy:620)
	at com.kms.katalon.core.webui.keyword.WebUiBuiltInKeywords$click$1.call(Unknown Source)
	at Script1641897209419.run(Script1641897209419.groovy:40)
	... 16 more
)

2022-01-15 10:16:31 - [MESSAGE][INFO] - Unable to find the element located by 'By.xpath: //a[@id='yui_3_17_2_1_1641732156465_357']/i'. Please recheck the objects properties to make sure the desired element is located. 

2022-01-15 10:16:31 - [MESSAGE][WARNING] - [SELF-HEALING] Failed to find element with id 'Object Repository/Page_1 Deadline 1 - Edit submission/i_- drag and drop not supported_icon fa fa-_916087'. Try using Self-healing.

2022-01-15 10:16:32 - [MESSAGE][WARNING] - [SELF-HEALING] The current locator of test object 'Object Repository/Page_1 Deadline 1 - Edit submission/i_- drag and drop not supported_icon fa fa-_916087' was broken. Propose an alternative one: '//div[2]/div/div/div[2]/a/i'.

2022-01-15 10:16:32 - [MESSAGE][FAILED] - Unable to click on object 'Object Repository/Page_1 Deadline 1 - Edit submission/i_- drag and drop not supported_icon fa fa-_916087' (Root cause: com.kms.katalon.core.exception.StepFailedException: Unable to click on object 'Object Repository/Page_1 Deadline 1 - Edit submission/i_- drag and drop not supported_icon fa fa-_916087'
	at com.kms.katalon.core.webui.keyword.internal.WebUIKeywordMain.stepFailed(WebUIKeywordMain.groovy:64)
	at com.kms.katalon.core.webui.keyword.internal.WebUIKeywordMain.runKeyword(WebUIKeywordMain.groovy:26)
	at com.kms.katalon.core.webui.keyword.builtin.ClickKeyword.click(ClickKeyword.groovy:74)
	at com.kms.katalon.core.webui.keyword.builtin.ClickKeyword.execute(ClickKeyword.groovy:40)
	at com.kms.katalon.core.keyword.internal.KeywordExecutor.executeKeywordForPlatform(KeywordExecutor.groovy:74)
	at com.kms.katalon.core.webui.keyword.WebUiBuiltInKeywords.click(WebUiBuiltInKeywords.groovy:620)
	at com.kms.katalon.core.webui.keyword.WebUiBuiltInKeywords$click$1.call(Unknown Source)
	at Submit assignment in a deadline by student.run(Submit assignment in a deadline by student:40)
	at com.kms.katalon.core.main.ScriptEngine.run(ScriptEngine.java:194)
	at com.kms.katalon.core.main.ScriptEngine.runScriptAsRawText(ScriptEngine.java:119)
	at com.kms.katalon.core.main.TestCaseExecutor.runScript(TestCaseExecutor.java:442)
	at com.kms.katalon.core.main.TestCaseExecutor.doExecute(TestCaseExecutor.java:433)
	at com.kms.katalon.core.main.TestCaseExecutor.processExecutionPhase(TestCaseExecutor.java:412)
	at com.kms.katalon.core.main.TestCaseExecutor.accessMainPhase(TestCaseExecutor.java:404)
	at com.kms.katalon.core.main.TestCaseExecutor.execute(TestCaseExecutor.java:281)
	at com.kms.katalon.core.main.TestCaseExecutor.execute(TestCaseExecutor.java:363)
	at com.kms.katalon.core.main.TestCaseExecutor.execute(TestCaseExecutor.java:363)
	at com.kms.katalon.core.main.TestCaseExecutor.execute(TestCaseExecutor.java:363)
	at com.kms.katalon.core.main.TestSuiteExecutor.accessTestCaseMainPhase(TestSuiteExecutor.java:202)
	at com.kms.katalon.core.main.TestSuiteExecutor.accessTestSuiteMainPhase(TestSuiteExecutor.java:164)
	at com.kms.katalon.core.main.TestSuiteExecutor.execute(TestSuiteExecutor.java:105)
	at com.kms.katalon.core.main.TestCaseMain.startTestSuite(TestCaseMain.java:181)
	at com.kms.katalon.core.main.TestCaseMain$startTestSuite$0.call(Unknown Source)
	at TempTestSuite1642211722550.run(TempTestSuite1642211722550.groovy:36)
Caused by: org.openqa.selenium.ElementNotInteractableException: element not interactable
  (Session info: chrome=97.0.4692.71)
Build info: version: '3.141.59', revision: 'e82be7d358', time: '2018-11-14T08:25:53'
System info: host: 'DESKTOP-5O7CBM9', ip: '192.168.16.1', os.name: 'Windows 10', os.arch: 'amd64', os.version: '10.0', java.version: '1.8.0_282'
Driver info: com.kms.katalon.selenium.driver.CChromeDriver
Capabilities {acceptInsecureCerts: false, browserName: chrome, browserVersion: 97.0.4692.71, chrome: {chromedriverVersion: 97.0.4692.71 (adefa7837d02a..., userDataDir: C:\Users\antra\AppData\Loca...}, goog:chromeOptions: {debuggerAddress: localhost:55062}, javascriptEnabled: true, networkConnectionEnabled: false, pageLoadStrategy: normal, platform: WINDOWS, platformName: WINDOWS, proxy: Proxy(), setWindowRect: true, strictFileInteractability: false, timeouts: {implicit: 0, pageLoad: 300000, script: 30000}, unhandledPromptBehavior: dismiss and notify, webauthn:extension:credBlob: true, webauthn:extension:largeBlob: true, webauthn:virtualAuthenticators: true}
Session ID: 4e0a6b2ea76f84b3169f591ab8deae27
	at org.openqa.selenium.remote.http.W3CHttpResponseCodec.createException(W3CHttpResponseCodec.java:187)
	at org.openqa.selenium.remote.http.W3CHttpResponseCodec.decode(W3CHttpResponseCodec.java:122)
	at org.openqa.selenium.remote.http.W3CHttpResponseCodec.decode(W3CHttpResponseCodec.java:49)
	at org.openqa.selenium.remote.HttpCommandExecutor.execute(HttpCommandExecutor.java:158)
	at org.openqa.selenium.remote.service.DriverCommandExecutor.execute(DriverCommandExecutor.java:83)
	at org.openqa.selenium.remote.RemoteWebDriver.execute(RemoteWebDriver.java:552)
	at com.kms.katalon.selenium.driver.CChromeDriver.execute(CChromeDriver.java:19)
	at org.openqa.selenium.remote.RemoteWebElement.execute(RemoteWebElement.java:285)
	at org.openqa.selenium.remote.RemoteWebElement.click(RemoteWebElement.java:84)
	at org.openqa.selenium.support.events.EventFiringWebDriver$EventFiringWebElement.lambda$new$0(EventFiringWebDriver.java:404)
	at com.sun.proxy.$Proxy11.click(Unknown Source)
	at org.openqa.selenium.support.events.EventFiringWebDriver$EventFiringWebElement.click(EventFiringWebDriver.java:417)
	at org.openqa.selenium.WebElement$click.call(Unknown Source)
	at com.kms.katalon.core.webui.keyword.builtin.ClickKeyword.clickUntilSuccessWithTimeout(ClickKeyword.groovy:81)
	at com.kms.katalon.core.webui.keyword.builtin.ClickKeyword.clickUntilSuccessWithTimeout(ClickKeyword.groovy)
	at com.kms.katalon.core.webui.keyword.builtin.ClickKeyword$_click_closure1.doCall(ClickKeyword.groovy:67)
	at com.kms.katalon.core.webui.keyword.builtin.ClickKeyword$_click_closure1.call(ClickKeyword.groovy)
	at com.kms.katalon.core.webui.keyword.internal.WebUIKeywordMain.runKeyword(WebUIKeywordMain.groovy:20)
	at com.kms.katalon.core.webui.keyword.builtin.ClickKeyword.click(ClickKeyword.groovy:74)
	at com.kms.katalon.core.webui.keyword.builtin.ClickKeyword.execute(ClickKeyword.groovy:40)
	at com.kms.katalon.core.keyword.internal.KeywordExecutor.executeKeywordForPlatform(KeywordExecutor.groovy:74)
	at com.kms.katalon.core.webui.keyword.WebUiBuiltInKeywords.click(WebUiBuiltInKeywords.groovy:620)
	at com.kms.katalon.core.webui.keyword.WebUiBuiltInKeywords$click$1.call(Unknown Source)
	at Script1641897209419.run(Script1641897209419.groovy:40)
	... 16 more
)
[[ATTACHMENT|C:\\Users\\antra\\git\\SE-Bonus-Assginment-Group1\\Reports\\20220115_085522\\Run all test cases\\20220115_085522\\1642216592304.png]]]]></system-out>
         <system-err><![CDATA[2022-01-15 10:14:45 - [TEST_CASE][FAILED] - Test Cases/Deadline/Submit assignment in a deadline by student: Test Cases/Deadline/Submit assignment in a deadline by student FAILED.
Reason:
com.kms.katalon.core.exception.StepFailedException: Unable to click on object 'Object Repository/Page_1 Deadline 1 - Edit submission/i_- drag and drop not supported_icon fa fa-_916087'
	at com.kms.katalon.core.webui.keyword.internal.WebUIKeywordMain.stepFailed(WebUIKeywordMain.groovy:64)
	at com.kms.katalon.core.webui.keyword.internal.WebUIKeywordMain.runKeyword(WebUIKeywordMain.groovy:26)
	at com.kms.katalon.core.webui.keyword.builtin.ClickKeyword.click(ClickKeyword.groovy:74)
	at com.kms.katalon.core.webui.keyword.builtin.ClickKeyword.execute(ClickKeyword.groovy:40)
	at com.kms.katalon.core.keyword.internal.KeywordExecutor.executeKeywordForPlatform(KeywordExecutor.groovy:74)
	at com.kms.katalon.core.webui.keyword.WebUiBuiltInKeywords.click(WebUiBuiltInKeywords.groovy:620)
	at com.kms.katalon.core.webui.keyword.WebUiBuiltInKeywords$click$1.call(Unknown Source)
	at Submit assignment in a deadline by student.run(Submit assignment in a deadline by student:40)
	at com.kms.katalon.core.main.ScriptEngine.run(ScriptEngine.java:194)
	at com.kms.katalon.core.main.ScriptEngine.runScriptAsRawText(ScriptEngine.java:119)
	at com.kms.katalon.core.main.TestCaseExecutor.runScript(TestCaseExecutor.java:442)
	at com.kms.katalon.core.main.TestCaseExecutor.doExecute(TestCaseExecutor.java:433)
	at com.kms.katalon.core.main.TestCaseExecutor.processExecutionPhase(TestCaseExecutor.java:412)
	at com.kms.katalon.core.main.TestCaseExecutor.accessMainPhase(TestCaseExecutor.java:404)
	at com.kms.katalon.core.main.TestCaseExecutor.execute(TestCaseExecutor.java:281)
	at com.kms.katalon.core.main.TestCaseExecutor.execute(TestCaseExecutor.java:363)
	at com.kms.katalon.core.main.TestCaseExecutor.execute(TestCaseExecutor.java:363)
	at com.kms.katalon.core.main.TestCaseExecutor.execute(TestCaseExecutor.java:363)
	at com.kms.katalon.core.main.TestSuiteExecutor.accessTestCaseMainPhase(TestSuiteExecutor.java:202)
	at com.kms.katalon.core.main.TestSuiteExecutor.accessTestSuiteMainPhase(TestSuiteExecutor.java:164)
	at com.kms.katalon.core.main.TestSuiteExecutor.execute(TestSuiteExecutor.java:105)
	at com.kms.katalon.core.main.TestCaseMain.startTestSuite(TestCaseMain.java:181)
	at com.kms.katalon.core.main.TestCaseMain$startTestSuite$0.call(Unknown Source)
	at TempTestSuite1642211722550.run(TempTestSuite1642211722550.groovy:36)
Caused by: org.openqa.selenium.ElementNotInteractableException: element not interactable
  (Session info: chrome=97.0.4692.71)
Build info: version: '3.141.59', revision: 'e82be7d358', time: '2018-11-14T08:25:53'
System info: host: 'DESKTOP-5O7CBM9', ip: '192.168.16.1', os.name: 'Windows 10', os.arch: 'amd64', os.version: '10.0', java.version: '1.8.0_282'
Driver info: com.kms.katalon.selenium.driver.CChromeDriver
Capabilities {acceptInsecureCerts: false, browserName: chrome, browserVersion: 97.0.4692.71, chrome: {chromedriverVersion: 97.0.4692.71 (adefa7837d02a..., userDataDir: C:\Users\antra\AppData\Loca...}, goog:chromeOptions: {debuggerAddress: localhost:55062}, javascriptEnabled: true, networkConnectionEnabled: false, pageLoadStrategy: normal, platform: WINDOWS, platformName: WINDOWS, proxy: Proxy(), setWindowRect: true, strictFileInteractability: false, timeouts: {implicit: 0, pageLoad: 300000, script: 30000}, unhandledPromptBehavior: dismiss and notify, webauthn:extension:credBlob: true, webauthn:extension:largeBlob: true, webauthn:virtualAuthenticators: true}
Session ID: 4e0a6b2ea76f84b3169f591ab8deae27
	at org.openqa.selenium.remote.http.W3CHttpResponseCodec.createException(W3CHttpResponseCodec.java:187)
	at org.openqa.selenium.remote.http.W3CHttpResponseCodec.decode(W3CHttpResponseCodec.java:122)
	at org.openqa.selenium.remote.http.W3CHttpResponseCodec.decode(W3CHttpResponseCodec.java:49)
	at org.openqa.selenium.remote.HttpCommandExecutor.execute(HttpCommandExecutor.java:158)
	at org.openqa.selenium.remote.service.DriverCommandExecutor.execute(DriverCommandExecutor.java:83)
	at org.openqa.selenium.remote.RemoteWebDriver.execute(RemoteWebDriver.java:552)
	at com.kms.katalon.selenium.driver.CChromeDriver.execute(CChromeDriver.java:19)
	at org.openqa.selenium.remote.RemoteWebElement.execute(RemoteWebElement.java:285)
	at org.openqa.selenium.remote.RemoteWebElement.click(RemoteWebElement.java:84)
	at org.openqa.selenium.support.events.EventFiringWebDriver$EventFiringWebElement.lambda$new$0(EventFiringWebDriver.java:404)
	at com.sun.proxy.$Proxy11.click(Unknown Source)
	at org.openqa.selenium.support.events.EventFiringWebDriver$EventFiringWebElement.click(EventFiringWebDriver.java:417)
	at org.openqa.selenium.WebElement$click.call(Unknown Source)
	at com.kms.katalon.core.webui.keyword.builtin.ClickKeyword.clickUntilSuccessWithTimeout(ClickKeyword.groovy:81)
	at com.kms.katalon.core.webui.keyword.builtin.ClickKeyword.clickUntilSuccessWithTimeout(ClickKeyword.groovy)
	at com.kms.katalon.core.webui.keyword.builtin.ClickKeyword$_click_closure1.doCall(ClickKeyword.groovy:67)
	at com.kms.katalon.core.webui.keyword.builtin.ClickKeyword$_click_closure1.call(ClickKeyword.groovy)
	at com.kms.katalon.core.webui.keyword.internal.WebUIKeywordMain.runKeyword(WebUIKeywordMain.groovy:20)
	... 22 more]]></system-err>
      </testcase>
      <testcase name="Test Cases/Deadline/Edit a submission in deadline by student" time="74.714" classname="Test Cases/Deadline/Edit a submission in deadline by student" status="PASSED">
         <system-out><![CDATA[2022-01-15 10:16:32 - [TEST_CASE][PASSED] - Test Cases/Deadline/Edit a submission in deadline by student: Test Cases/Deadline/Edit a submission in deadline by student

2022-01-15 10:16:32 - [TEST_STEP][PASSED] - openBrowser(""): Browser is opened with url: ''

2022-01-15 10:16:32 - [MESSAGE][WARNING] - A browser is already opened. Closing browser and opening a new one

2022-01-15 10:16:33 - [MESSAGE][INFO] - Starting 'Chrome' driver

2022-01-15 10:16:33 - [MESSAGE][INFO] - Action delay is set to 0 milliseconds

2022-01-15 10:16:34 - [MESSAGE][PASSED] - Browser is opened with url: ''

2022-01-15 10:16:34 - [TEST_STEP][PASSED] - navigateToUrl("http://localhost/"): Navigate to 'http://localhost/' successfully

2022-01-15 10:16:35 - [MESSAGE][PASSED] - Navigate to 'http://localhost/' successfully

2022-01-15 10:16:35 - [TEST_STEP][PASSED] - click(findTestObject("Object Repository/Page_L Tm Anh/a_Log in")): Object: 'Object Repository/Page_L Tm Anh/a_Log in' is clicked on

2022-01-15 10:16:35 - [MESSAGE][PASSED] - Object: 'Object Repository/Page_L Tm Anh/a_Log in' is clicked on

2022-01-15 10:16:35 - [TEST_STEP][PASSED] - setText(findTestObject("Object Repository/Page_L Tm Anh Log in to the site/input_Username_username"), "anhle2"): Text 'anhle2' is set on object 'Object Repository/Page_L Tm Anh Log in to the site/input_Username_username'

2022-01-15 10:16:36 - [MESSAGE][PASSED] - Text 'anhle2' is set on object 'Object Repository/Page_L Tm Anh Log in to the site/input_Username_username'

2022-01-15 10:16:36 - [TEST_STEP][PASSED] - setEncryptedText(findTestObject("Object Repository/Page_L Tm Anh Log in to the site/input_Password_password"), "eGmz8XUbrLe3vUQiiiujBg=="): Text ****** has been set on object 'Object Repository/Page_L Tm Anh Log in to the site/input_Password_password'

2022-01-15 10:16:37 - [MESSAGE][PASSED] - Text ****** has been set on object 'Object Repository/Page_L Tm Anh Log in to the site/input_Password_password'

2022-01-15 10:16:37 - [TEST_STEP][PASSED] - click(findTestObject("Object Repository/Page_L Tm Anh Log in to the site/button_Log in")): Object: 'Object Repository/Page_L Tm Anh Log in to the site/button_Log in' is clicked on

2022-01-15 10:16:38 - [MESSAGE][PASSED] - Object: 'Object Repository/Page_L Tm Anh Log in to the site/button_Log in' is clicked on

2022-01-15 10:16:38 - [TEST_STEP][PASSED] - click(findTestObject("Object Repository/Page_Dashboard/a_My courses")): Object: 'Object Repository/Page_Dashboard/a_My courses' is clicked on

2022-01-15 10:17:09 - [MESSAGE][INFO] - Unable to find the element located by 'By.xpath: //ul[@id='moremenu-61e0e36aac914-navbar-nav']/li[3]/a'. Please recheck the objects properties to make sure the desired element is located. 

2022-01-15 10:17:09 - [MESSAGE][WARNING] - [SELF-HEALING] Failed to find element with id 'Object Repository/Page_Dashboard/a_My courses'. Try using Self-healing.

2022-01-15 10:17:09 - [MESSAGE][WARNING] - [SELF-HEALING] The current locator of test object 'Object Repository/Page_Dashboard/a_My courses' was broken. Propose an alternative one: '//a[contains(text(),'My courses')]'.

2022-01-15 10:17:10 - [MESSAGE][PASSED] - Object: 'Object Repository/Page_Dashboard/a_My courses' is clicked on

2022-01-15 10:17:10 - [TEST_STEP][PASSED] - click(findTestObject("Object Repository/Page_My courses/div_Course image")): Object: 'Object Repository/Page_My courses/div_Course image' is clicked on

2022-01-15 10:17:11 - [MESSAGE][PASSED] - Object: 'Object Repository/Page_My courses/div_Course image' is clicked on

2022-01-15 10:17:11 - [TEST_STEP][PASSED] - click(findTestObject("Object Repository/Page_Course 1/a_Deadline 1  Assignment")): Object: 'Object Repository/Page_Course 1/a_Deadline 1  Assignment' is clicked on

2022-01-15 10:17:12 - [MESSAGE][PASSED] - Object: 'Object Repository/Page_Course 1/a_Deadline 1  Assignment' is clicked on

2022-01-15 10:17:12 - [TEST_STEP][PASSED] - click(findTestObject("Object Repository/Page_1 Deadline 1/button_Edit submission")): Object: 'Object Repository/Page_1 Deadline 1/button_Edit submission' is clicked on

2022-01-15 10:17:43 - [MESSAGE][INFO] - Unable to find the element located by 'By.xpath: //button[@id='single_button61dbabd014cde6']'. Please recheck the objects properties to make sure the desired element is located. 

2022-01-15 10:17:43 - [MESSAGE][WARNING] - [SELF-HEALING] Failed to find element with id 'Object Repository/Page_1 Deadline 1/button_Edit submission'. Try using Self-healing.

2022-01-15 10:17:44 - [MESSAGE][WARNING] - [SELF-HEALING] The current locator of test object 'Object Repository/Page_1 Deadline 1/button_Edit submission' was broken. Propose an alternative one: '//section[@id='region-main']/div[3]/div/div/div/div/form/button'.

2022-01-15 10:17:44 - [MESSAGE][PASSED] - Object: 'Object Repository/Page_1 Deadline 1/button_Edit submission' is clicked on

2022-01-15 10:17:44 - [TEST_STEP][PASSED] - scrollToElement(findTestObject("Page_1 Deadline 1 - Edit submission/input_Loading_submitbutton"), 0): Scroll to object 'Object Repository/Page_1 Deadline 1 - Edit submission/input_Loading_submitbutton' successfully

2022-01-15 10:17:44 - [MESSAGE][WARNING] - Timeout '0' is invalid. Using default page load timeout: '30'

2022-01-15 10:17:45 - [MESSAGE][PASSED] - Scroll to object 'Object Repository/Page_1 Deadline 1 - Edit submission/input_Loading_submitbutton' successfully

2022-01-15 10:17:45 - [TEST_STEP][PASSED] - click(findTestObject("Object Repository/Page_1 Deadline 1 - Edit submission/input_Loading_submitbutton")): Object: 'Object Repository/Page_1 Deadline 1 - Edit submission/input_Loading_submitbutton' is clicked on

2022-01-15 10:17:46 - [MESSAGE][PASSED] - Object: 'Object Repository/Page_1 Deadline 1 - Edit submission/input_Loading_submitbutton' is clicked on

2022-01-15 10:17:46 - [TEST_STEP][PASSED] - closeBrowser(): Browser is closed

2022-01-15 10:17:47 - [MESSAGE][PASSED] - Browser is closed]]></system-out>
         <system-err><![CDATA[]]></system-err>
      </testcase>
      <testcase name="Test Cases/Deadline/Download the submission in deadine by student" time="104.692" classname="Test Cases/Deadline/Download the submission in deadine by student" status="FAILED">
         <failure type="FAILED" message="Test Cases/Deadline/Download the submission in deadine by student FAILED.
Reason:
com.kms.katalon.core.exception.StepFailedException: Unable to click on object 'Object Repository/Page_1 Deadline 1 - Edit submission/i_- drag and drop not supported_icon fa fa-_ea7f6f'
	at com.kms.katalon.core.webui.keyword.internal.WebUIKeywordMain.stepFailed(WebUIKeywordMain.groovy:64)
	at com.kms.katalon.core.webui.keyword.internal.WebUIKeywordMain.runKeyword(WebUIKeywordMain.groovy:26)
	at com.kms.katalon.core.webui.keyword.builtin.ClickKeyword.click(ClickKeyword.groovy:74)
	at com.kms.katalon.core.webui.keyword.builtin.ClickKeyword.execute(ClickKeyword.groovy:40)
	at com.kms.katalon.core.keyword.internal.KeywordExecutor.executeKeywordForPlatform(KeywordExecutor.groovy:74)
	at com.kms.katalon.core.webui.keyword.WebUiBuiltInKeywords.click(WebUiBuiltInKeywords.groovy:620)
	at com.kms.katalon.core.webui.keyword.WebUiBuiltInKeywords$click$1.call(Unknown Source)
	at Download the submission in deadine by student.run(Download the submission in deadine by student:40)
	at com.kms.katalon.core.main.ScriptEngine.run(ScriptEngine.java:194)
	at com.kms.katalon.core.main.ScriptEngine.runScriptAsRawText(ScriptEngine.java:119)
	at com.kms.katalon.core.main.TestCaseExecutor.runScript(TestCaseExecutor.java:442)
	at com.kms.katalon.core.main.TestCaseExecutor.doExecute(TestCaseExecutor.java:433)
	at com.kms.katalon.core.main.TestCaseExecutor.processExecutionPhase(TestCaseExecutor.java:412)
	at com.kms.katalon.core.main.TestCaseExecutor.accessMainPhase(TestCaseExecutor.java:404)
	at com.kms.katalon.core.main.TestCaseExecutor.execute(TestCaseExecutor.java:281)
	at com.kms.katalon.core.main.TestCaseExecutor.execute(TestCaseExecutor.java:363)
	at com.kms.katalon.core.main.TestCaseExecutor.execute(TestCaseExecutor.java:363)
	at com.kms.katalon.core.main.TestCaseExecutor.execute(TestCaseExecutor.java:363)
	at com.kms.katalon.core.main.TestSuiteExecutor.accessTestCaseMainPhase(TestSuiteExecutor.java:202)
	at com.kms.katalon.core.main.TestSuiteExecutor.accessTestSuiteMainPhase(TestSuiteExecutor.java:164)
	at com.kms.katalon.core.main.TestSuiteExecutor.execute(TestSuiteExecutor.java:105)
	at com.kms.katalon.core.main.TestCaseMain.startTestSuite(TestCaseMain.java:181)
	at com.kms.katalon.core.main.TestCaseMain$startTestSuite$0.call(Unknown Source)
	at TempTestSuite1642211722550.run(TempTestSuite1642211722550.groovy:36)
Caused by: org.openqa.selenium.ElementNotInteractableException: element not interactable
  (Session info: chrome=97.0.4692.71)
Build info: version: '3.141.59', revision: 'e82be7d358', time: '2018-11-14T08:25:53'
System info: host: 'DESKTOP-5O7CBM9', ip: '192.168.16.1', os.name: 'Windows 10', os.arch: 'amd64', os.version: '10.0', java.version: '1.8.0_282'
Driver info: com.kms.katalon.selenium.driver.CChromeDriver
Capabilities {acceptInsecureCerts: false, browserName: chrome, browserVersion: 97.0.4692.71, chrome: {chromedriverVersion: 97.0.4692.71 (adefa7837d02a..., userDataDir: C:\Users\antra\AppData\Loca...}, goog:chromeOptions: {debuggerAddress: localhost:55778}, javascriptEnabled: true, networkConnectionEnabled: false, pageLoadStrategy: normal, platform: WINDOWS, platformName: WINDOWS, proxy: Proxy(), setWindowRect: true, strictFileInteractability: false, timeouts: {implicit: 0, pageLoad: 300000, script: 30000}, unhandledPromptBehavior: dismiss and notify, webauthn:extension:credBlob: true, webauthn:extension:largeBlob: true, webauthn:virtualAuthenticators: true}
Session ID: c0914cdd95d8129d3be86438c7ae058e
	at org.openqa.selenium.remote.http.W3CHttpResponseCodec.createException(W3CHttpResponseCodec.java:187)
	at org.openqa.selenium.remote.http.W3CHttpResponseCodec.decode(W3CHttpResponseCodec.java:122)
	at org.openqa.selenium.remote.http.W3CHttpResponseCodec.decode(W3CHttpResponseCodec.java:49)
	at org.openqa.selenium.remote.HttpCommandExecutor.execute(HttpCommandExecutor.java:158)
	at org.openqa.selenium.remote.service.DriverCommandExecutor.execute(DriverCommandExecutor.java:83)
	at org.openqa.selenium.remote.RemoteWebDriver.execute(RemoteWebDriver.java:552)
	at com.kms.katalon.selenium.driver.CChromeDriver.execute(CChromeDriver.java:19)
	at org.openqa.selenium.remote.RemoteWebElement.execute(RemoteWebElement.java:285)
	at org.openqa.selenium.remote.RemoteWebElement.click(RemoteWebElement.java:84)
	at org.openqa.selenium.support.events.EventFiringWebDriver$EventFiringWebElement.lambda$new$0(EventFiringWebDriver.java:404)
	at com.sun.proxy.$Proxy11.click(Unknown Source)
	at org.openqa.selenium.support.events.EventFiringWebDriver$EventFiringWebElement.click(EventFiringWebDriver.java:417)
	at org.openqa.selenium.WebElement$click.call(Unknown Source)
	at com.kms.katalon.core.webui.keyword.builtin.ClickKeyword.clickUntilSuccessWithTimeout(ClickKeyword.groovy:81)
	at com.kms.katalon.core.webui.keyword.builtin.ClickKeyword.clickUntilSuccessWithTimeout(ClickKeyword.groovy)
	at com.kms.katalon.core.webui.keyword.builtin.ClickKeyword$_click_closure1.doCall(ClickKeyword.groovy:67)
	at com.kms.katalon.core.webui.keyword.builtin.ClickKeyword$_click_closure1.call(ClickKeyword.groovy)
	at com.kms.katalon.core.webui.keyword.internal.WebUIKeywordMain.runKeyword(WebUIKeywordMain.groovy:20)
	... 22 more
"/>
         <system-out><![CDATA[2022-01-15 10:22:59 - [TEST_CASE][FAILED] - Test Cases/Deadline/Download the submission in deadine by student: Test Cases/Deadline/Download the submission in deadine by student FAILED.
Reason:
com.kms.katalon.core.exception.StepFailedException: Unable to click on object 'Object Repository/Page_1 Deadline 1 - Edit submission/i_- drag and drop not supported_icon fa fa-_ea7f6f'
	at com.kms.katalon.core.webui.keyword.internal.WebUIKeywordMain.stepFailed(WebUIKeywordMain.groovy:64)
	at com.kms.katalon.core.webui.keyword.internal.WebUIKeywordMain.runKeyword(WebUIKeywordMain.groovy:26)
	at com.kms.katalon.core.webui.keyword.builtin.ClickKeyword.click(ClickKeyword.groovy:74)
	at com.kms.katalon.core.webui.keyword.builtin.ClickKeyword.execute(ClickKeyword.groovy:40)
	at com.kms.katalon.core.keyword.internal.KeywordExecutor.executeKeywordForPlatform(KeywordExecutor.groovy:74)
	at com.kms.katalon.core.webui.keyword.WebUiBuiltInKeywords.click(WebUiBuiltInKeywords.groovy:620)
	at com.kms.katalon.core.webui.keyword.WebUiBuiltInKeywords$click$1.call(Unknown Source)
	at Download the submission in deadine by student.run(Download the submission in deadine by student:40)
	at com.kms.katalon.core.main.ScriptEngine.run(ScriptEngine.java:194)
	at com.kms.katalon.core.main.ScriptEngine.runScriptAsRawText(ScriptEngine.java:119)
	at com.kms.katalon.core.main.TestCaseExecutor.runScript(TestCaseExecutor.java:442)
	at com.kms.katalon.core.main.TestCaseExecutor.doExecute(TestCaseExecutor.java:433)
	at com.kms.katalon.core.main.TestCaseExecutor.processExecutionPhase(TestCaseExecutor.java:412)
	at com.kms.katalon.core.main.TestCaseExecutor.accessMainPhase(TestCaseExecutor.java:404)
	at com.kms.katalon.core.main.TestCaseExecutor.execute(TestCaseExecutor.java:281)
	at com.kms.katalon.core.main.TestCaseExecutor.execute(TestCaseExecutor.java:363)
	at com.kms.katalon.core.main.TestCaseExecutor.execute(TestCaseExecutor.java:363)
	at com.kms.katalon.core.main.TestCaseExecutor.execute(TestCaseExecutor.java:363)
	at com.kms.katalon.core.main.TestSuiteExecutor.accessTestCaseMainPhase(TestSuiteExecutor.java:202)
	at com.kms.katalon.core.main.TestSuiteExecutor.accessTestSuiteMainPhase(TestSuiteExecutor.java:164)
	at com.kms.katalon.core.main.TestSuiteExecutor.execute(TestSuiteExecutor.java:105)
	at com.kms.katalon.core.main.TestCaseMain.startTestSuite(TestCaseMain.java:181)
	at com.kms.katalon.core.main.TestCaseMain$startTestSuite$0.call(Unknown Source)
	at TempTestSuite1642211722550.run(TempTestSuite1642211722550.groovy:36)
Caused by: org.openqa.selenium.ElementNotInteractableException: element not interactable
  (Session info: chrome=97.0.4692.71)
Build info: version: '3.141.59', revision: 'e82be7d358', time: '2018-11-14T08:25:53'
System info: host: 'DESKTOP-5O7CBM9', ip: '192.168.16.1', os.name: 'Windows 10', os.arch: 'amd64', os.version: '10.0', java.version: '1.8.0_282'
Driver info: com.kms.katalon.selenium.driver.CChromeDriver
Capabilities {acceptInsecureCerts: false, browserName: chrome, browserVersion: 97.0.4692.71, chrome: {chromedriverVersion: 97.0.4692.71 (adefa7837d02a..., userDataDir: C:\Users\antra\AppData\Loca...}, goog:chromeOptions: {debuggerAddress: localhost:55778}, javascriptEnabled: true, networkConnectionEnabled: false, pageLoadStrategy: normal, platform: WINDOWS, platformName: WINDOWS, proxy: Proxy(), setWindowRect: true, strictFileInteractability: false, timeouts: {implicit: 0, pageLoad: 300000, script: 30000}, unhandledPromptBehavior: dismiss and notify, webauthn:extension:credBlob: true, webauthn:extension:largeBlob: true, webauthn:virtualAuthenticators: true}
Session ID: c0914cdd95d8129d3be86438c7ae058e
	at org.openqa.selenium.remote.http.W3CHttpResponseCodec.createException(W3CHttpResponseCodec.java:187)
	at org.openqa.selenium.remote.http.W3CHttpResponseCodec.decode(W3CHttpResponseCodec.java:122)
	at org.openqa.selenium.remote.http.W3CHttpResponseCodec.decode(W3CHttpResponseCodec.java:49)
	at org.openqa.selenium.remote.HttpCommandExecutor.execute(HttpCommandExecutor.java:158)
	at org.openqa.selenium.remote.service.DriverCommandExecutor.execute(DriverCommandExecutor.java:83)
	at org.openqa.selenium.remote.RemoteWebDriver.execute(RemoteWebDriver.java:552)
	at com.kms.katalon.selenium.driver.CChromeDriver.execute(CChromeDriver.java:19)
	at org.openqa.selenium.remote.RemoteWebElement.execute(RemoteWebElement.java:285)
	at org.openqa.selenium.remote.RemoteWebElement.click(RemoteWebElement.java:84)
	at org.openqa.selenium.support.events.EventFiringWebDriver$EventFiringWebElement.lambda$new$0(EventFiringWebDriver.java:404)
	at com.sun.proxy.$Proxy11.click(Unknown Source)
	at org.openqa.selenium.support.events.EventFiringWebDriver$EventFiringWebElement.click(EventFiringWebDriver.java:417)
	at org.openqa.selenium.WebElement$click.call(Unknown Source)
	at com.kms.katalon.core.webui.keyword.builtin.ClickKeyword.clickUntilSuccessWithTimeout(ClickKeyword.groovy:81)
	at com.kms.katalon.core.webui.keyword.builtin.ClickKeyword.clickUntilSuccessWithTimeout(ClickKeyword.groovy)
	at com.kms.katalon.core.webui.keyword.builtin.ClickKeyword$_click_closure1.doCall(ClickKeyword.groovy:67)
	at com.kms.katalon.core.webui.keyword.builtin.ClickKeyword$_click_closure1.call(ClickKeyword.groovy)
	at com.kms.katalon.core.webui.keyword.internal.WebUIKeywordMain.runKeyword(WebUIKeywordMain.groovy:20)
	... 22 more


2022-01-15 10:22:59 - [TEST_STEP][PASSED] - openBrowser(""): Browser is opened with url: ''

2022-01-15 10:22:59 - [MESSAGE][WARNING] - A browser is already opened. Closing browser and opening a new one

2022-01-15 10:23:00 - [MESSAGE][INFO] - Starting 'Chrome' driver

2022-01-15 10:23:00 - [MESSAGE][INFO] - Action delay is set to 0 milliseconds

2022-01-15 10:23:01 - [MESSAGE][PASSED] - Browser is opened with url: ''

2022-01-15 10:23:01 - [TEST_STEP][PASSED] - navigateToUrl("http://localhost/"): Navigate to 'http://localhost/' successfully

2022-01-15 10:23:02 - [MESSAGE][PASSED] - Navigate to 'http://localhost/' successfully

2022-01-15 10:23:02 - [TEST_STEP][PASSED] - click(findTestObject("Object Repository/Page_L Tm Anh/a_Log in")): Object: 'Object Repository/Page_L Tm Anh/a_Log in' is clicked on

2022-01-15 10:23:02 - [MESSAGE][PASSED] - Object: 'Object Repository/Page_L Tm Anh/a_Log in' is clicked on

2022-01-15 10:23:02 - [TEST_STEP][PASSED] - setText(findTestObject("Object Repository/Page_L Tm Anh Log in to the site/input_Username_username"), "anhle1"): Text 'anhle1' is set on object 'Object Repository/Page_L Tm Anh Log in to the site/input_Username_username'

2022-01-15 10:23:03 - [MESSAGE][PASSED] - Text 'anhle1' is set on object 'Object Repository/Page_L Tm Anh Log in to the site/input_Username_username'

2022-01-15 10:23:03 - [TEST_STEP][PASSED] - setEncryptedText(findTestObject("Object Repository/Page_L Tm Anh Log in to the site/input_Password_password"), "eGmz8XUbrLe3vUQiiiujBg=="): Text ****** has been set on object 'Object Repository/Page_L Tm Anh Log in to the site/input_Password_password'

2022-01-15 10:23:04 - [MESSAGE][PASSED] - Text ****** has been set on object 'Object Repository/Page_L Tm Anh Log in to the site/input_Password_password'

2022-01-15 10:23:04 - [TEST_STEP][PASSED] - click(findTestObject("Object Repository/Page_L Tm Anh Log in to the site/button_Log in")): Object: 'Object Repository/Page_L Tm Anh Log in to the site/button_Log in' is clicked on

2022-01-15 10:23:05 - [MESSAGE][PASSED] - Object: 'Object Repository/Page_L Tm Anh Log in to the site/button_Log in' is clicked on

2022-01-15 10:23:05 - [TEST_STEP][PASSED] - click(findTestObject("Object Repository/Page_Dashboard/a_My courses")): Object: 'Object Repository/Page_Dashboard/a_My courses' is clicked on

2022-01-15 10:23:36 - [MESSAGE][INFO] - Unable to find the element located by 'By.xpath: //ul[@id='moremenu-61e0e36aac914-navbar-nav']/li[3]/a'. Please recheck the objects properties to make sure the desired element is located. 

2022-01-15 10:23:36 - [MESSAGE][WARNING] - [SELF-HEALING] Failed to find element with id 'Object Repository/Page_Dashboard/a_My courses'. Try using Self-healing.

2022-01-15 10:23:36 - [MESSAGE][WARNING] - [SELF-HEALING] The current locator of test object 'Object Repository/Page_Dashboard/a_My courses' was broken. Propose an alternative one: '//a[contains(text(),'My courses')]'.

2022-01-15 10:23:37 - [MESSAGE][PASSED] - Object: 'Object Repository/Page_Dashboard/a_My courses' is clicked on

2022-01-15 10:23:37 - [TEST_STEP][PASSED] - click(findTestObject("Object Repository/Page_My courses/div_Course image")): Object: 'Object Repository/Page_My courses/div_Course image' is clicked on

2022-01-15 10:23:38 - [MESSAGE][PASSED] - Object: 'Object Repository/Page_My courses/div_Course image' is clicked on

2022-01-15 10:23:38 - [TEST_STEP][PASSED] - click(findTestObject("Object Repository/Page_Course 1/a_Deadline 1  Assignment")): Object: 'Object Repository/Page_Course 1/a_Deadline 1  Assignment' is clicked on

2022-01-15 10:23:40 - [MESSAGE][PASSED] - Object: 'Object Repository/Page_Course 1/a_Deadline 1  Assignment' is clicked on

2022-01-15 10:23:40 - [TEST_STEP][PASSED] - click(findTestObject("Object Repository/Page_1 Deadline 1/button_Edit submission")): Object: 'Object Repository/Page_1 Deadline 1/button_Edit submission' is clicked on

2022-01-15 10:24:11 - [MESSAGE][INFO] - Unable to find the element located by 'By.xpath: //button[@id='single_button61dbabd014cde6']'. Please recheck the objects properties to make sure the desired element is located. 

2022-01-15 10:24:11 - [MESSAGE][WARNING] - [SELF-HEALING] Failed to find element with id 'Object Repository/Page_1 Deadline 1/button_Edit submission'. Try using Self-healing.

2022-01-15 10:24:12 - [MESSAGE][WARNING] - [SELF-HEALING] The current locator of test object 'Object Repository/Page_1 Deadline 1/button_Edit submission' was broken. Propose an alternative one: '//section[@id='region-main']/div[3]/div/div/div/div/form/button'.

2022-01-15 10:24:12 - [MESSAGE][PASSED] - Object: 'Object Repository/Page_1 Deadline 1/button_Edit submission' is clicked on

2022-01-15 10:24:12 - [TEST_STEP][FAILED] - click(findTestObject("Object Repository/Page_1 Deadline 1 - Edit submission/i_- drag and drop not supported_icon fa fa-_ea7f6f")): Unable to click on object 'Object Repository/Page_1 Deadline 1 - Edit submission/i_- drag and drop not supported_icon fa fa-_ea7f6f' (Root cause: com.kms.katalon.core.exception.StepFailedException: Unable to click on object 'Object Repository/Page_1 Deadline 1 - Edit submission/i_- drag and drop not supported_icon fa fa-_ea7f6f'
	at com.kms.katalon.core.webui.keyword.internal.WebUIKeywordMain.stepFailed(WebUIKeywordMain.groovy:64)
	at com.kms.katalon.core.webui.keyword.internal.WebUIKeywordMain.runKeyword(WebUIKeywordMain.groovy:26)
	at com.kms.katalon.core.webui.keyword.builtin.ClickKeyword.click(ClickKeyword.groovy:74)
	at com.kms.katalon.core.webui.keyword.builtin.ClickKeyword.execute(ClickKeyword.groovy:40)
	at com.kms.katalon.core.keyword.internal.KeywordExecutor.executeKeywordForPlatform(KeywordExecutor.groovy:74)
	at com.kms.katalon.core.webui.keyword.WebUiBuiltInKeywords.click(WebUiBuiltInKeywords.groovy:620)
	at com.kms.katalon.core.webui.keyword.WebUiBuiltInKeywords$click$1.call(Unknown Source)
	at Download the submission in deadine by student.run(Download the submission in deadine by student:40)
	at com.kms.katalon.core.main.ScriptEngine.run(ScriptEngine.java:194)
	at com.kms.katalon.core.main.ScriptEngine.runScriptAsRawText(ScriptEngine.java:119)
	at com.kms.katalon.core.main.TestCaseExecutor.runScript(TestCaseExecutor.java:442)
	at com.kms.katalon.core.main.TestCaseExecutor.doExecute(TestCaseExecutor.java:433)
	at com.kms.katalon.core.main.TestCaseExecutor.processExecutionPhase(TestCaseExecutor.java:412)
	at com.kms.katalon.core.main.TestCaseExecutor.accessMainPhase(TestCaseExecutor.java:404)
	at com.kms.katalon.core.main.TestCaseExecutor.execute(TestCaseExecutor.java:281)
	at com.kms.katalon.core.main.TestCaseExecutor.execute(TestCaseExecutor.java:363)
	at com.kms.katalon.core.main.TestCaseExecutor.execute(TestCaseExecutor.java:363)
	at com.kms.katalon.core.main.TestCaseExecutor.execute(TestCaseExecutor.java:363)
	at com.kms.katalon.core.main.TestSuiteExecutor.accessTestCaseMainPhase(TestSuiteExecutor.java:202)
	at com.kms.katalon.core.main.TestSuiteExecutor.accessTestSuiteMainPhase(TestSuiteExecutor.java:164)
	at com.kms.katalon.core.main.TestSuiteExecutor.execute(TestSuiteExecutor.java:105)
	at com.kms.katalon.core.main.TestCaseMain.startTestSuite(TestCaseMain.java:181)
	at com.kms.katalon.core.main.TestCaseMain$startTestSuite$0.call(Unknown Source)
	at TempTestSuite1642211722550.run(TempTestSuite1642211722550.groovy:36)
Caused by: org.openqa.selenium.ElementNotInteractableException: element not interactable
  (Session info: chrome=97.0.4692.71)
Build info: version: '3.141.59', revision: 'e82be7d358', time: '2018-11-14T08:25:53'
System info: host: 'DESKTOP-5O7CBM9', ip: '192.168.16.1', os.name: 'Windows 10', os.arch: 'amd64', os.version: '10.0', java.version: '1.8.0_282'
Driver info: com.kms.katalon.selenium.driver.CChromeDriver
Capabilities {acceptInsecureCerts: false, browserName: chrome, browserVersion: 97.0.4692.71, chrome: {chromedriverVersion: 97.0.4692.71 (adefa7837d02a..., userDataDir: C:\Users\antra\AppData\Loca...}, goog:chromeOptions: {debuggerAddress: localhost:55778}, javascriptEnabled: true, networkConnectionEnabled: false, pageLoadStrategy: normal, platform: WINDOWS, platformName: WINDOWS, proxy: Proxy(), setWindowRect: true, strictFileInteractability: false, timeouts: {implicit: 0, pageLoad: 300000, script: 30000}, unhandledPromptBehavior: dismiss and notify, webauthn:extension:credBlob: true, webauthn:extension:largeBlob: true, webauthn:virtualAuthenticators: true}
Session ID: c0914cdd95d8129d3be86438c7ae058e
	at org.openqa.selenium.remote.http.W3CHttpResponseCodec.createException(W3CHttpResponseCodec.java:187)
	at org.openqa.selenium.remote.http.W3CHttpResponseCodec.decode(W3CHttpResponseCodec.java:122)
	at org.openqa.selenium.remote.http.W3CHttpResponseCodec.decode(W3CHttpResponseCodec.java:49)
	at org.openqa.selenium.remote.HttpCommandExecutor.execute(HttpCommandExecutor.java:158)
	at org.openqa.selenium.remote.service.DriverCommandExecutor.execute(DriverCommandExecutor.java:83)
	at org.openqa.selenium.remote.RemoteWebDriver.execute(RemoteWebDriver.java:552)
	at com.kms.katalon.selenium.driver.CChromeDriver.execute(CChromeDriver.java:19)
	at org.openqa.selenium.remote.RemoteWebElement.execute(RemoteWebElement.java:285)
	at org.openqa.selenium.remote.RemoteWebElement.click(RemoteWebElement.java:84)
	at org.openqa.selenium.support.events.EventFiringWebDriver$EventFiringWebElement.lambda$new$0(EventFiringWebDriver.java:404)
	at com.sun.proxy.$Proxy11.click(Unknown Source)
	at org.openqa.selenium.support.events.EventFiringWebDriver$EventFiringWebElement.click(EventFiringWebDriver.java:417)
	at org.openqa.selenium.WebElement$click.call(Unknown Source)
	at com.kms.katalon.core.webui.keyword.builtin.ClickKeyword.clickUntilSuccessWithTimeout(ClickKeyword.groovy:81)
	at com.kms.katalon.core.webui.keyword.builtin.ClickKeyword.clickUntilSuccessWithTimeout(ClickKeyword.groovy)
	at com.kms.katalon.core.webui.keyword.builtin.ClickKeyword$_click_closure1.doCall(ClickKeyword.groovy:67)
	at com.kms.katalon.core.webui.keyword.builtin.ClickKeyword$_click_closure1.call(ClickKeyword.groovy)
	at com.kms.katalon.core.webui.keyword.internal.WebUIKeywordMain.runKeyword(WebUIKeywordMain.groovy:20)
	at com.kms.katalon.core.webui.keyword.builtin.ClickKeyword.click(ClickKeyword.groovy:74)
	at com.kms.katalon.core.webui.keyword.builtin.ClickKeyword.execute(ClickKeyword.groovy:40)
	at com.kms.katalon.core.keyword.internal.KeywordExecutor.executeKeywordForPlatform(KeywordExecutor.groovy:74)
	at com.kms.katalon.core.webui.keyword.WebUiBuiltInKeywords.click(WebUiBuiltInKeywords.groovy:620)
	at com.kms.katalon.core.webui.keyword.WebUiBuiltInKeywords$click$1.call(Unknown Source)
	at Script1641786275743.run(Script1641786275743.groovy:40)
	... 16 more
)

2022-01-15 10:24:44 - [MESSAGE][INFO] - Unable to find the element located by 'By.xpath: //a[@id='yui_3_17_2_1_1641786322657_385']/i'. Please recheck the objects properties to make sure the desired element is located. 

2022-01-15 10:24:44 - [MESSAGE][WARNING] - [SELF-HEALING] Failed to find element with id 'Object Repository/Page_1 Deadline 1 - Edit submission/i_- drag and drop not supported_icon fa fa-_ea7f6f'. Try using Self-healing.

2022-01-15 10:24:44 - [MESSAGE][WARNING] - [SELF-HEALING] The current locator of test object 'Object Repository/Page_1 Deadline 1 - Edit submission/i_- drag and drop not supported_icon fa fa-_ea7f6f' was broken. Propose an alternative one: '//div[3]/a/i'.

2022-01-15 10:24:44 - [MESSAGE][FAILED] - Unable to click on object 'Object Repository/Page_1 Deadline 1 - Edit submission/i_- drag and drop not supported_icon fa fa-_ea7f6f' (Root cause: com.kms.katalon.core.exception.StepFailedException: Unable to click on object 'Object Repository/Page_1 Deadline 1 - Edit submission/i_- drag and drop not supported_icon fa fa-_ea7f6f'
	at com.kms.katalon.core.webui.keyword.internal.WebUIKeywordMain.stepFailed(WebUIKeywordMain.groovy:64)
	at com.kms.katalon.core.webui.keyword.internal.WebUIKeywordMain.runKeyword(WebUIKeywordMain.groovy:26)
	at com.kms.katalon.core.webui.keyword.builtin.ClickKeyword.click(ClickKeyword.groovy:74)
	at com.kms.katalon.core.webui.keyword.builtin.ClickKeyword.execute(ClickKeyword.groovy:40)
	at com.kms.katalon.core.keyword.internal.KeywordExecutor.executeKeywordForPlatform(KeywordExecutor.groovy:74)
	at com.kms.katalon.core.webui.keyword.WebUiBuiltInKeywords.click(WebUiBuiltInKeywords.groovy:620)
	at com.kms.katalon.core.webui.keyword.WebUiBuiltInKeywords$click$1.call(Unknown Source)
	at Download the submission in deadine by student.run(Download the submission in deadine by student:40)
	at com.kms.katalon.core.main.ScriptEngine.run(ScriptEngine.java:194)
	at com.kms.katalon.core.main.ScriptEngine.runScriptAsRawText(ScriptEngine.java:119)
	at com.kms.katalon.core.main.TestCaseExecutor.runScript(TestCaseExecutor.java:442)
	at com.kms.katalon.core.main.TestCaseExecutor.doExecute(TestCaseExecutor.java:433)
	at com.kms.katalon.core.main.TestCaseExecutor.processExecutionPhase(TestCaseExecutor.java:412)
	at com.kms.katalon.core.main.TestCaseExecutor.accessMainPhase(TestCaseExecutor.java:404)
	at com.kms.katalon.core.main.TestCaseExecutor.execute(TestCaseExecutor.java:281)
	at com.kms.katalon.core.main.TestCaseExecutor.execute(TestCaseExecutor.java:363)
	at com.kms.katalon.core.main.TestCaseExecutor.execute(TestCaseExecutor.java:363)
	at com.kms.katalon.core.main.TestCaseExecutor.execute(TestCaseExecutor.java:363)
	at com.kms.katalon.core.main.TestSuiteExecutor.accessTestCaseMainPhase(TestSuiteExecutor.java:202)
	at com.kms.katalon.core.main.TestSuiteExecutor.accessTestSuiteMainPhase(TestSuiteExecutor.java:164)
	at com.kms.katalon.core.main.TestSuiteExecutor.execute(TestSuiteExecutor.java:105)
	at com.kms.katalon.core.main.TestCaseMain.startTestSuite(TestCaseMain.java:181)
	at com.kms.katalon.core.main.TestCaseMain$startTestSuite$0.call(Unknown Source)
	at TempTestSuite1642211722550.run(TempTestSuite1642211722550.groovy:36)
Caused by: org.openqa.selenium.ElementNotInteractableException: element not interactable
  (Session info: chrome=97.0.4692.71)
Build info: version: '3.141.59', revision: 'e82be7d358', time: '2018-11-14T08:25:53'
System info: host: 'DESKTOP-5O7CBM9', ip: '192.168.16.1', os.name: 'Windows 10', os.arch: 'amd64', os.version: '10.0', java.version: '1.8.0_282'
Driver info: com.kms.katalon.selenium.driver.CChromeDriver
Capabilities {acceptInsecureCerts: false, browserName: chrome, browserVersion: 97.0.4692.71, chrome: {chromedriverVersion: 97.0.4692.71 (adefa7837d02a..., userDataDir: C:\Users\antra\AppData\Loca...}, goog:chromeOptions: {debuggerAddress: localhost:55778}, javascriptEnabled: true, networkConnectionEnabled: false, pageLoadStrategy: normal, platform: WINDOWS, platformName: WINDOWS, proxy: Proxy(), setWindowRect: true, strictFileInteractability: false, timeouts: {implicit: 0, pageLoad: 300000, script: 30000}, unhandledPromptBehavior: dismiss and notify, webauthn:extension:credBlob: true, webauthn:extension:largeBlob: true, webauthn:virtualAuthenticators: true}
Session ID: c0914cdd95d8129d3be86438c7ae058e
	at org.openqa.selenium.remote.http.W3CHttpResponseCodec.createException(W3CHttpResponseCodec.java:187)
	at org.openqa.selenium.remote.http.W3CHttpResponseCodec.decode(W3CHttpResponseCodec.java:122)
	at org.openqa.selenium.remote.http.W3CHttpResponseCodec.decode(W3CHttpResponseCodec.java:49)
	at org.openqa.selenium.remote.HttpCommandExecutor.execute(HttpCommandExecutor.java:158)
	at org.openqa.selenium.remote.service.DriverCommandExecutor.execute(DriverCommandExecutor.java:83)
	at org.openqa.selenium.remote.RemoteWebDriver.execute(RemoteWebDriver.java:552)
	at com.kms.katalon.selenium.driver.CChromeDriver.execute(CChromeDriver.java:19)
	at org.openqa.selenium.remote.RemoteWebElement.execute(RemoteWebElement.java:285)
	at org.openqa.selenium.remote.RemoteWebElement.click(RemoteWebElement.java:84)
	at org.openqa.selenium.support.events.EventFiringWebDriver$EventFiringWebElement.lambda$new$0(EventFiringWebDriver.java:404)
	at com.sun.proxy.$Proxy11.click(Unknown Source)
	at org.openqa.selenium.support.events.EventFiringWebDriver$EventFiringWebElement.click(EventFiringWebDriver.java:417)
	at org.openqa.selenium.WebElement$click.call(Unknown Source)
	at com.kms.katalon.core.webui.keyword.builtin.ClickKeyword.clickUntilSuccessWithTimeout(ClickKeyword.groovy:81)
	at com.kms.katalon.core.webui.keyword.builtin.ClickKeyword.clickUntilSuccessWithTimeout(ClickKeyword.groovy)
	at com.kms.katalon.core.webui.keyword.builtin.ClickKeyword$_click_closure1.doCall(ClickKeyword.groovy:67)
	at com.kms.katalon.core.webui.keyword.builtin.ClickKeyword$_click_closure1.call(ClickKeyword.groovy)
	at com.kms.katalon.core.webui.keyword.internal.WebUIKeywordMain.runKeyword(WebUIKeywordMain.groovy:20)
	at com.kms.katalon.core.webui.keyword.builtin.ClickKeyword.click(ClickKeyword.groovy:74)
	at com.kms.katalon.core.webui.keyword.builtin.ClickKeyword.execute(ClickKeyword.groovy:40)
	at com.kms.katalon.core.keyword.internal.KeywordExecutor.executeKeywordForPlatform(KeywordExecutor.groovy:74)
	at com.kms.katalon.core.webui.keyword.WebUiBuiltInKeywords.click(WebUiBuiltInKeywords.groovy:620)
	at com.kms.katalon.core.webui.keyword.WebUiBuiltInKeywords$click$1.call(Unknown Source)
	at Script1641786275743.run(Script1641786275743.groovy:40)
	... 16 more
)
[[ATTACHMENT|C:\\Users\\antra\\git\\SE-Bonus-Assginment-Group1\\Reports\\20220115_085522\\Run all test cases\\20220115_085522\\1642217084312.png]]]]></system-out>
         <system-err><![CDATA[2022-01-15 10:22:59 - [TEST_CASE][FAILED] - Test Cases/Deadline/Download the submission in deadine by student: Test Cases/Deadline/Download the submission in deadine by student FAILED.
Reason:
com.kms.katalon.core.exception.StepFailedException: Unable to click on object 'Object Repository/Page_1 Deadline 1 - Edit submission/i_- drag and drop not supported_icon fa fa-_ea7f6f'
	at com.kms.katalon.core.webui.keyword.internal.WebUIKeywordMain.stepFailed(WebUIKeywordMain.groovy:64)
	at com.kms.katalon.core.webui.keyword.internal.WebUIKeywordMain.runKeyword(WebUIKeywordMain.groovy:26)
	at com.kms.katalon.core.webui.keyword.builtin.ClickKeyword.click(ClickKeyword.groovy:74)
	at com.kms.katalon.core.webui.keyword.builtin.ClickKeyword.execute(ClickKeyword.groovy:40)
	at com.kms.katalon.core.keyword.internal.KeywordExecutor.executeKeywordForPlatform(KeywordExecutor.groovy:74)
	at com.kms.katalon.core.webui.keyword.WebUiBuiltInKeywords.click(WebUiBuiltInKeywords.groovy:620)
	at com.kms.katalon.core.webui.keyword.WebUiBuiltInKeywords$click$1.call(Unknown Source)
	at Download the submission in deadine by student.run(Download the submission in deadine by student:40)
	at com.kms.katalon.core.main.ScriptEngine.run(ScriptEngine.java:194)
	at com.kms.katalon.core.main.ScriptEngine.runScriptAsRawText(ScriptEngine.java:119)
	at com.kms.katalon.core.main.TestCaseExecutor.runScript(TestCaseExecutor.java:442)
	at com.kms.katalon.core.main.TestCaseExecutor.doExecute(TestCaseExecutor.java:433)
	at com.kms.katalon.core.main.TestCaseExecutor.processExecutionPhase(TestCaseExecutor.java:412)
	at com.kms.katalon.core.main.TestCaseExecutor.accessMainPhase(TestCaseExecutor.java:404)
	at com.kms.katalon.core.main.TestCaseExecutor.execute(TestCaseExecutor.java:281)
	at com.kms.katalon.core.main.TestCaseExecutor.execute(TestCaseExecutor.java:363)
	at com.kms.katalon.core.main.TestCaseExecutor.execute(TestCaseExecutor.java:363)
	at com.kms.katalon.core.main.TestCaseExecutor.execute(TestCaseExecutor.java:363)
	at com.kms.katalon.core.main.TestSuiteExecutor.accessTestCaseMainPhase(TestSuiteExecutor.java:202)
	at com.kms.katalon.core.main.TestSuiteExecutor.accessTestSuiteMainPhase(TestSuiteExecutor.java:164)
	at com.kms.katalon.core.main.TestSuiteExecutor.execute(TestSuiteExecutor.java:105)
	at com.kms.katalon.core.main.TestCaseMain.startTestSuite(TestCaseMain.java:181)
	at com.kms.katalon.core.main.TestCaseMain$startTestSuite$0.call(Unknown Source)
	at TempTestSuite1642211722550.run(TempTestSuite1642211722550.groovy:36)
Caused by: org.openqa.selenium.ElementNotInteractableException: element not interactable
  (Session info: chrome=97.0.4692.71)
Build info: version: '3.141.59', revision: 'e82be7d358', time: '2018-11-14T08:25:53'
System info: host: 'DESKTOP-5O7CBM9', ip: '192.168.16.1', os.name: 'Windows 10', os.arch: 'amd64', os.version: '10.0', java.version: '1.8.0_282'
Driver info: com.kms.katalon.selenium.driver.CChromeDriver
Capabilities {acceptInsecureCerts: false, browserName: chrome, browserVersion: 97.0.4692.71, chrome: {chromedriverVersion: 97.0.4692.71 (adefa7837d02a..., userDataDir: C:\Users\antra\AppData\Loca...}, goog:chromeOptions: {debuggerAddress: localhost:55778}, javascriptEnabled: true, networkConnectionEnabled: false, pageLoadStrategy: normal, platform: WINDOWS, platformName: WINDOWS, proxy: Proxy(), setWindowRect: true, strictFileInteractability: false, timeouts: {implicit: 0, pageLoad: 300000, script: 30000}, unhandledPromptBehavior: dismiss and notify, webauthn:extension:credBlob: true, webauthn:extension:largeBlob: true, webauthn:virtualAuthenticators: true}
Session ID: c0914cdd95d8129d3be86438c7ae058e
	at org.openqa.selenium.remote.http.W3CHttpResponseCodec.createException(W3CHttpResponseCodec.java:187)
	at org.openqa.selenium.remote.http.W3CHttpResponseCodec.decode(W3CHttpResponseCodec.java:122)
	at org.openqa.selenium.remote.http.W3CHttpResponseCodec.decode(W3CHttpResponseCodec.java:49)
	at org.openqa.selenium.remote.HttpCommandExecutor.execute(HttpCommandExecutor.java:158)
	at org.openqa.selenium.remote.service.DriverCommandExecutor.execute(DriverCommandExecutor.java:83)
	at org.openqa.selenium.remote.RemoteWebDriver.execute(RemoteWebDriver.java:552)
	at com.kms.katalon.selenium.driver.CChromeDriver.execute(CChromeDriver.java:19)
	at org.openqa.selenium.remote.RemoteWebElement.execute(RemoteWebElement.java:285)
	at org.openqa.selenium.remote.RemoteWebElement.click(RemoteWebElement.java:84)
	at org.openqa.selenium.support.events.EventFiringWebDriver$EventFiringWebElement.lambda$new$0(EventFiringWebDriver.java:404)
	at com.sun.proxy.$Proxy11.click(Unknown Source)
	at org.openqa.selenium.support.events.EventFiringWebDriver$EventFiringWebElement.click(EventFiringWebDriver.java:417)
	at org.openqa.selenium.WebElement$click.call(Unknown Source)
	at com.kms.katalon.core.webui.keyword.builtin.ClickKeyword.clickUntilSuccessWithTimeout(ClickKeyword.groovy:81)
	at com.kms.katalon.core.webui.keyword.builtin.ClickKeyword.clickUntilSuccessWithTimeout(ClickKeyword.groovy)
	at com.kms.katalon.core.webui.keyword.builtin.ClickKeyword$_click_closure1.doCall(ClickKeyword.groovy:67)
	at com.kms.katalon.core.webui.keyword.builtin.ClickKeyword$_click_closure1.call(ClickKeyword.groovy)
	at com.kms.katalon.core.webui.keyword.internal.WebUIKeywordMain.runKeyword(WebUIKeywordMain.groovy:20)
	... 22 more]]></system-err>
      </testcase>
      <testcase name="Test Cases/Deadline/Cancel remove a submission in deadline" time="107.899" classname="Test Cases/Deadline/Cancel remove a submission in deadline" status="PASSED">
         <system-out><![CDATA[2022-01-15 10:24:44 - [TEST_CASE][PASSED] - Test Cases/Deadline/Cancel remove a submission in deadline: Test Cases/Deadline/Cancel remove a submission in deadline

2022-01-15 10:24:44 - [TEST_STEP][PASSED] - openBrowser(""): Browser is opened with url: ''

2022-01-15 10:24:44 - [MESSAGE][WARNING] - A browser is already opened. Closing browser and opening a new one

2022-01-15 10:24:45 - [MESSAGE][INFO] - Starting 'Chrome' driver

2022-01-15 10:24:45 - [MESSAGE][INFO] - Action delay is set to 0 milliseconds

2022-01-15 10:24:46 - [MESSAGE][PASSED] - Browser is opened with url: ''

2022-01-15 10:24:46 - [TEST_STEP][PASSED] - navigateToUrl("http://localhost/"): Navigate to 'http://localhost/' successfully

2022-01-15 10:24:46 - [MESSAGE][PASSED] - Navigate to 'http://localhost/' successfully

2022-01-15 10:24:46 - [TEST_STEP][PASSED] - click(findTestObject("Object Repository/Page_L Tm Anh/a_Log in")): Object: 'Object Repository/Page_L Tm Anh/a_Log in' is clicked on

2022-01-15 10:24:47 - [MESSAGE][PASSED] - Object: 'Object Repository/Page_L Tm Anh/a_Log in' is clicked on

2022-01-15 10:24:47 - [TEST_STEP][PASSED] - setText(findTestObject("Object Repository/Page_L Tm Anh Log in to the site/input_Username_username"), "anhle2"): Text 'anhle2' is set on object 'Object Repository/Page_L Tm Anh Log in to the site/input_Username_username'

2022-01-15 10:24:48 - [MESSAGE][PASSED] - Text 'anhle2' is set on object 'Object Repository/Page_L Tm Anh Log in to the site/input_Username_username'

2022-01-15 10:24:48 - [TEST_STEP][PASSED] - setEncryptedText(findTestObject("Object Repository/Page_L Tm Anh Log in to the site/input_Password_password"), "eGmz8XUbrLe3vUQiiiujBg=="): Text ****** has been set on object 'Object Repository/Page_L Tm Anh Log in to the site/input_Password_password'

2022-01-15 10:24:48 - [MESSAGE][PASSED] - Text ****** has been set on object 'Object Repository/Page_L Tm Anh Log in to the site/input_Password_password'

2022-01-15 10:24:48 - [TEST_STEP][PASSED] - click(findTestObject("Object Repository/Page_L Tm Anh Log in to the site/button_Log in")): Object: 'Object Repository/Page_L Tm Anh Log in to the site/button_Log in' is clicked on

2022-01-15 10:24:50 - [MESSAGE][PASSED] - Object: 'Object Repository/Page_L Tm Anh Log in to the site/button_Log in' is clicked on

2022-01-15 10:24:50 - [TEST_STEP][PASSED] - click(findTestObject("Object Repository/Page_Dashboard/a_My courses")): Object: 'Object Repository/Page_Dashboard/a_My courses' is clicked on

2022-01-15 10:25:21 - [MESSAGE][INFO] - Unable to find the element located by 'By.xpath: //ul[@id='moremenu-61e0e36aac914-navbar-nav']/li[3]/a'. Please recheck the objects properties to make sure the desired element is located. 

2022-01-15 10:25:21 - [MESSAGE][WARNING] - [SELF-HEALING] Failed to find element with id 'Object Repository/Page_Dashboard/a_My courses'. Try using Self-healing.

2022-01-15 10:25:21 - [MESSAGE][WARNING] - [SELF-HEALING] The current locator of test object 'Object Repository/Page_Dashboard/a_My courses' was broken. Propose an alternative one: '//a[contains(text(),'My courses')]'.

2022-01-15 10:25:21 - [MESSAGE][PASSED] - Object: 'Object Repository/Page_Dashboard/a_My courses' is clicked on

2022-01-15 10:25:21 - [TEST_STEP][PASSED] - click(findTestObject("Object Repository/Page_My courses/div_Course image")): Object: 'Object Repository/Page_My courses/div_Course image' is clicked on

2022-01-15 10:25:23 - [MESSAGE][PASSED] - Object: 'Object Repository/Page_My courses/div_Course image' is clicked on

2022-01-15 10:25:23 - [TEST_STEP][PASSED] - click(findTestObject("Object Repository/Page_Course 1/a_Deadline 1  Assignment")): Object: 'Object Repository/Page_Course 1/a_Deadline 1  Assignment' is clicked on

2022-01-15 10:25:24 - [MESSAGE][PASSED] - Object: 'Object Repository/Page_Course 1/a_Deadline 1  Assignment' is clicked on

2022-01-15 10:25:24 - [TEST_STEP][PASSED] - click(findTestObject("Object Repository/Page_1 Deadline 1/button_Remove submission")): Object: 'Object Repository/Page_1 Deadline 1/button_Remove submission' is clicked on

2022-01-15 10:25:55 - [MESSAGE][INFO] - Unable to find the element located by 'By.xpath: //button[@id='single_button61da3def500197']'. Please recheck the objects properties to make sure the desired element is located. 

2022-01-15 10:25:55 - [MESSAGE][WARNING] - [SELF-HEALING] Failed to find element with id 'Object Repository/Page_1 Deadline 1/button_Remove submission'. Try using Self-healing.

2022-01-15 10:25:56 - [MESSAGE][INFO] - Unable to find the element located by 'By.xpath: //section[@id='region-main']/div[3]/div/div/div[2]/div/form/button'. Please recheck the objects properties to make sure the desired element is located. 

2022-01-15 10:25:57 - [MESSAGE][WARNING] - [SELF-HEALING] The current locator of test object 'Object Repository/Page_1 Deadline 1/button_Remove submission' was broken. Propose an alternative one: '(.//*[normalize-space(text()) and normalize-space(.)='Submission status'])[1]/preceding::button[1]'.

2022-01-15 10:25:57 - [MESSAGE][PASSED] - Object: 'Object Repository/Page_1 Deadline 1/button_Remove submission' is clicked on

2022-01-15 10:25:57 - [TEST_STEP][PASSED] - click(findTestObject("Object Repository/Page_1 Deadline 1/button_Cancel")): Object: 'Object Repository/Page_1 Deadline 1/button_Cancel' is clicked on

2022-01-15 10:26:28 - [MESSAGE][INFO] - Unable to find the element located by 'By.xpath: //button[@id='single_button61da3df1292357']'. Please recheck the objects properties to make sure the desired element is located. 

2022-01-15 10:26:28 - [MESSAGE][WARNING] - [SELF-HEALING] Failed to find element with id 'Object Repository/Page_1 Deadline 1/button_Cancel'. Try using Self-healing.

2022-01-15 10:26:29 - [MESSAGE][INFO] - Unable to find the element located by 'By.xpath: //div[@id='modal-footer']/div/div[2]/form/button'. Please recheck the objects properties to make sure the desired element is located. 

2022-01-15 10:26:30 - [MESSAGE][INFO] - [SELF-HEALING] Failed Locator: '//button[@id='single_button61da3df1292357']'.

2022-01-15 10:26:30 - [MESSAGE][INFO] - [SELF-HEALING] Failed Locator: '//div[@id='modal-footer']/div/div[2]/form/button'.

2022-01-15 10:26:30 - [MESSAGE][INFO] - [SELF-HEALING] Failed Locator: '(.//*[normalize-space(text()) and normalize-space(.)='Continue'])[1]/following::button[1]'.

2022-01-15 10:26:31 - [MESSAGE][INFO] - [SELF-HEALING] Failed Locator: '(.//*[normalize-space(text()) and normalize-space(.)='Confirm'])[1]/following::button[2]'.

2022-01-15 10:26:31 - [MESSAGE][INFO] - [SELF-HEALING] Working Locator: '(.//*[normalize-space(text()) and normalize-space(.)='Contact site support'])[1]/preceding::button[2]'.

2022-01-15 10:26:31 - [MESSAGE][INFO] - [SELF-HEALING] Screenshot: C:/Users/antra/git/SE-Bonus-Assginment-Group1/Reports/Self-healing/Object Repository/Page_1 Deadline 1/button_Cancel_neighbor.png

2022-01-15 10:26:31 - [MESSAGE][WARNING] - [SELF-HEALING] The current locator of test object 'Object Repository/Page_1 Deadline 1/button_Cancel' was broken. Propose an alternative one: '(.//*[normalize-space(text()) and normalize-space(.)='Contact site support'])[1]/preceding::button[2]'.

2022-01-15 10:26:31 - [MESSAGE][PASSED] - Object: 'Object Repository/Page_1 Deadline 1/button_Cancel' is clicked on

2022-01-15 10:26:31 - [TEST_STEP][PASSED] - closeBrowser(): Browser is closed

2022-01-15 10:26:32 - [MESSAGE][PASSED] - Browser is closed]]></system-out>
         <system-err><![CDATA[]]></system-err>
      </testcase>
      <testcase name="Test Cases/Deadline/Remove the submission in a deadline by student" time="110.907" classname="Test Cases/Deadline/Remove the submission in a deadline by student" status="FAILED">
         <failure type="FAILED" message="Test Cases/Deadline/Remove the submission in a deadline by student FAILED.
Reason:
com.kms.katalon.core.exception.StepFailedException: Unable to click on object 'Object Repository/Page_1 Deadline 1/button_Continue'
	at com.kms.katalon.core.webui.keyword.internal.WebUIKeywordMain.stepFailed(WebUIKeywordMain.groovy:64)
	at com.kms.katalon.core.webui.keyword.internal.WebUIKeywordMain.runKeyword(WebUIKeywordMain.groovy:26)
	at com.kms.katalon.core.webui.keyword.builtin.ClickKeyword.click(ClickKeyword.groovy:74)
	at com.kms.katalon.core.webui.keyword.builtin.ClickKeyword.execute(ClickKeyword.groovy:40)
	at com.kms.katalon.core.keyword.internal.KeywordExecutor.executeKeywordForPlatform(KeywordExecutor.groovy:74)
	at com.kms.katalon.core.webui.keyword.WebUiBuiltInKeywords.click(WebUiBuiltInKeywords.groovy:620)
	at com.kms.katalon.core.webui.keyword.WebUiBuiltInKeywords$click$1.call(Unknown Source)
	at Remove the submission in a deadline by student.run(Remove the submission in a deadline by student:40)
	at com.kms.katalon.core.main.ScriptEngine.run(ScriptEngine.java:194)
	at com.kms.katalon.core.main.ScriptEngine.runScriptAsRawText(ScriptEngine.java:119)
	at com.kms.katalon.core.main.TestCaseExecutor.runScript(TestCaseExecutor.java:442)
	at com.kms.katalon.core.main.TestCaseExecutor.doExecute(TestCaseExecutor.java:433)
	at com.kms.katalon.core.main.TestCaseExecutor.processExecutionPhase(TestCaseExecutor.java:412)
	at com.kms.katalon.core.main.TestCaseExecutor.accessMainPhase(TestCaseExecutor.java:404)
	at com.kms.katalon.core.main.TestCaseExecutor.execute(TestCaseExecutor.java:281)
	at com.kms.katalon.core.main.TestCaseExecutor.execute(TestCaseExecutor.java:363)
	at com.kms.katalon.core.main.TestCaseExecutor.execute(TestCaseExecutor.java:363)
	at com.kms.katalon.core.main.TestCaseExecutor.execute(TestCaseExecutor.java:363)
	at com.kms.katalon.core.main.TestSuiteExecutor.accessTestCaseMainPhase(TestSuiteExecutor.java:202)
	at com.kms.katalon.core.main.TestSuiteExecutor.accessTestSuiteMainPhase(TestSuiteExecutor.java:164)
	at com.kms.katalon.core.main.TestSuiteExecutor.execute(TestSuiteExecutor.java:105)
	at com.kms.katalon.core.main.TestCaseMain.startTestSuite(TestCaseMain.java:181)
	at com.kms.katalon.core.main.TestCaseMain$startTestSuite$0.call(Unknown Source)
	at TempTestSuite1642211722550.run(TempTestSuite1642211722550.groovy:36)
Caused by: com.kms.katalon.core.webui.exception.WebElementNotFoundException: Web element with id: 'Object Repository/Page_1 Deadline 1/button_Continue' located by '//button[@id='single_button61da2e4a4a4336']' not found
	at com.kms.katalon.core.webui.common.WebUiCommonHelper.findWebElement(WebUiCommonHelper.java:1368)
	at com.kms.katalon.core.webui.keyword.internal.WebUIAbstractKeyword.findWebElement(WebUIAbstractKeyword.groovy:27)
	at com.kms.katalon.core.webui.keyword.builtin.ClickKeyword$_click_closure1.doCall(ClickKeyword.groovy:65)
	at com.kms.katalon.core.webui.keyword.builtin.ClickKeyword$_click_closure1.call(ClickKeyword.groovy)
	at com.kms.katalon.core.webui.keyword.internal.WebUIKeywordMain.runKeyword(WebUIKeywordMain.groovy:20)
	... 22 more
"/>
         <system-out><![CDATA[2022-01-15 10:32:03 - [TEST_CASE][FAILED] - Test Cases/Deadline/Remove the submission in a deadline by student: Test Cases/Deadline/Remove the submission in a deadline by student FAILED.
Reason:
com.kms.katalon.core.exception.StepFailedException: Unable to click on object 'Object Repository/Page_1 Deadline 1/button_Continue'
	at com.kms.katalon.core.webui.keyword.internal.WebUIKeywordMain.stepFailed(WebUIKeywordMain.groovy:64)
	at com.kms.katalon.core.webui.keyword.internal.WebUIKeywordMain.runKeyword(WebUIKeywordMain.groovy:26)
	at com.kms.katalon.core.webui.keyword.builtin.ClickKeyword.click(ClickKeyword.groovy:74)
	at com.kms.katalon.core.webui.keyword.builtin.ClickKeyword.execute(ClickKeyword.groovy:40)
	at com.kms.katalon.core.keyword.internal.KeywordExecutor.executeKeywordForPlatform(KeywordExecutor.groovy:74)
	at com.kms.katalon.core.webui.keyword.WebUiBuiltInKeywords.click(WebUiBuiltInKeywords.groovy:620)
	at com.kms.katalon.core.webui.keyword.WebUiBuiltInKeywords$click$1.call(Unknown Source)
	at Remove the submission in a deadline by student.run(Remove the submission in a deadline by student:40)
	at com.kms.katalon.core.main.ScriptEngine.run(ScriptEngine.java:194)
	at com.kms.katalon.core.main.ScriptEngine.runScriptAsRawText(ScriptEngine.java:119)
	at com.kms.katalon.core.main.TestCaseExecutor.runScript(TestCaseExecutor.java:442)
	at com.kms.katalon.core.main.TestCaseExecutor.doExecute(TestCaseExecutor.java:433)
	at com.kms.katalon.core.main.TestCaseExecutor.processExecutionPhase(TestCaseExecutor.java:412)
	at com.kms.katalon.core.main.TestCaseExecutor.accessMainPhase(TestCaseExecutor.java:404)
	at com.kms.katalon.core.main.TestCaseExecutor.execute(TestCaseExecutor.java:281)
	at com.kms.katalon.core.main.TestCaseExecutor.execute(TestCaseExecutor.java:363)
	at com.kms.katalon.core.main.TestCaseExecutor.execute(TestCaseExecutor.java:363)
	at com.kms.katalon.core.main.TestCaseExecutor.execute(TestCaseExecutor.java:363)
	at com.kms.katalon.core.main.TestSuiteExecutor.accessTestCaseMainPhase(TestSuiteExecutor.java:202)
	at com.kms.katalon.core.main.TestSuiteExecutor.accessTestSuiteMainPhase(TestSuiteExecutor.java:164)
	at com.kms.katalon.core.main.TestSuiteExecutor.execute(TestSuiteExecutor.java:105)
	at com.kms.katalon.core.main.TestCaseMain.startTestSuite(TestCaseMain.java:181)
	at com.kms.katalon.core.main.TestCaseMain$startTestSuite$0.call(Unknown Source)
	at TempTestSuite1642211722550.run(TempTestSuite1642211722550.groovy:36)
Caused by: com.kms.katalon.core.webui.exception.WebElementNotFoundException: Web element with id: 'Object Repository/Page_1 Deadline 1/button_Continue' located by '//button[@id='single_button61da2e4a4a4336']' not found
	at com.kms.katalon.core.webui.common.WebUiCommonHelper.findWebElement(WebUiCommonHelper.java:1368)
	at com.kms.katalon.core.webui.keyword.internal.WebUIAbstractKeyword.findWebElement(WebUIAbstractKeyword.groovy:27)
	at com.kms.katalon.core.webui.keyword.builtin.ClickKeyword$_click_closure1.doCall(ClickKeyword.groovy:65)
	at com.kms.katalon.core.webui.keyword.builtin.ClickKeyword$_click_closure1.call(ClickKeyword.groovy)
	at com.kms.katalon.core.webui.keyword.internal.WebUIKeywordMain.runKeyword(WebUIKeywordMain.groovy:20)
	... 22 more


2022-01-15 10:32:03 - [TEST_STEP][PASSED] - openBrowser(""): Browser is opened with url: ''

2022-01-15 10:32:03 - [MESSAGE][WARNING] - A browser is already opened. Closing browser and opening a new one

2022-01-15 10:32:04 - [MESSAGE][INFO] - Starting 'Chrome' driver

2022-01-15 10:32:04 - [MESSAGE][INFO] - Action delay is set to 0 milliseconds

2022-01-15 10:32:06 - [MESSAGE][PASSED] - Browser is opened with url: ''

2022-01-15 10:32:06 - [TEST_STEP][PASSED] - navigateToUrl("http://localhost/"): Navigate to 'http://localhost/' successfully

2022-01-15 10:32:06 - [MESSAGE][PASSED] - Navigate to 'http://localhost/' successfully

2022-01-15 10:32:06 - [TEST_STEP][PASSED] - click(findTestObject("Object Repository/Page_L Tm Anh/a_Log in")): Object: 'Object Repository/Page_L Tm Anh/a_Log in' is clicked on

2022-01-15 10:32:07 - [MESSAGE][PASSED] - Object: 'Object Repository/Page_L Tm Anh/a_Log in' is clicked on

2022-01-15 10:32:07 - [TEST_STEP][PASSED] - setText(findTestObject("Object Repository/Page_L Tm Anh Log in to the site/input_Username_username"), "anhle2"): Text 'anhle2' is set on object 'Object Repository/Page_L Tm Anh Log in to the site/input_Username_username'

2022-01-15 10:32:08 - [MESSAGE][PASSED] - Text 'anhle2' is set on object 'Object Repository/Page_L Tm Anh Log in to the site/input_Username_username'

2022-01-15 10:32:08 - [TEST_STEP][PASSED] - setEncryptedText(findTestObject("Object Repository/Page_L Tm Anh Log in to the site/input_Password_password"), "eGmz8XUbrLe3vUQiiiujBg=="): Text ****** has been set on object 'Object Repository/Page_L Tm Anh Log in to the site/input_Password_password'

2022-01-15 10:32:08 - [MESSAGE][PASSED] - Text ****** has been set on object 'Object Repository/Page_L Tm Anh Log in to the site/input_Password_password'

2022-01-15 10:32:08 - [TEST_STEP][PASSED] - click(findTestObject("Object Repository/Page_L Tm Anh Log in to the site/button_Log in")): Object: 'Object Repository/Page_L Tm Anh Log in to the site/button_Log in' is clicked on

2022-01-15 10:32:10 - [MESSAGE][PASSED] - Object: 'Object Repository/Page_L Tm Anh Log in to the site/button_Log in' is clicked on

2022-01-15 10:32:10 - [TEST_STEP][PASSED] - click(findTestObject("Object Repository/Page_Dashboard/a_My courses")): Object: 'Object Repository/Page_Dashboard/a_My courses' is clicked on

2022-01-15 10:32:41 - [MESSAGE][INFO] - Unable to find the element located by 'By.xpath: //ul[@id='moremenu-61e0e36aac914-navbar-nav']/li[3]/a'. Please recheck the objects properties to make sure the desired element is located. 

2022-01-15 10:32:41 - [MESSAGE][WARNING] - [SELF-HEALING] Failed to find element with id 'Object Repository/Page_Dashboard/a_My courses'. Try using Self-healing.

2022-01-15 10:32:41 - [MESSAGE][WARNING] - [SELF-HEALING] The current locator of test object 'Object Repository/Page_Dashboard/a_My courses' was broken. Propose an alternative one: '//a[contains(text(),'My courses')]'.

2022-01-15 10:32:42 - [MESSAGE][PASSED] - Object: 'Object Repository/Page_Dashboard/a_My courses' is clicked on

2022-01-15 10:32:42 - [TEST_STEP][PASSED] - click(findTestObject("Object Repository/Page_My courses/div_Course image")): Object: 'Object Repository/Page_My courses/div_Course image' is clicked on

2022-01-15 10:32:43 - [MESSAGE][PASSED] - Object: 'Object Repository/Page_My courses/div_Course image' is clicked on

2022-01-15 10:32:43 - [TEST_STEP][PASSED] - click(findTestObject("Object Repository/Page_Course 1/a_Deadline 1  Assignment")): Object: 'Object Repository/Page_Course 1/a_Deadline 1  Assignment' is clicked on

2022-01-15 10:32:45 - [MESSAGE][PASSED] - Object: 'Object Repository/Page_Course 1/a_Deadline 1  Assignment' is clicked on

2022-01-15 10:32:45 - [TEST_STEP][PASSED] - click(findTestObject("Object Repository/Page_1 Deadline 1/button_Remove submission")): Object: 'Object Repository/Page_1 Deadline 1/button_Remove submission' is clicked on

2022-01-15 10:33:16 - [MESSAGE][INFO] - Unable to find the element located by 'By.xpath: //button[@id='single_button61da3def500197']'. Please recheck the objects properties to make sure the desired element is located. 

2022-01-15 10:33:16 - [MESSAGE][WARNING] - [SELF-HEALING] Failed to find element with id 'Object Repository/Page_1 Deadline 1/button_Remove submission'. Try using Self-healing.

2022-01-15 10:33:17 - [MESSAGE][INFO] - Unable to find the element located by 'By.xpath: //section[@id='region-main']/div[3]/div/div/div[2]/div/form/button'. Please recheck the objects properties to make sure the desired element is located. 

2022-01-15 10:33:18 - [MESSAGE][WARNING] - [SELF-HEALING] The current locator of test object 'Object Repository/Page_1 Deadline 1/button_Remove submission' was broken. Propose an alternative one: '(.//*[normalize-space(text()) and normalize-space(.)='Submission status'])[1]/preceding::button[1]'.

2022-01-15 10:33:18 - [MESSAGE][PASSED] - Object: 'Object Repository/Page_1 Deadline 1/button_Remove submission' is clicked on

2022-01-15 10:33:18 - [TEST_STEP][FAILED] - click(findTestObject("Object Repository/Page_1 Deadline 1/button_Continue")): Unable to click on object 'Object Repository/Page_1 Deadline 1/button_Continue' (Root cause: com.kms.katalon.core.exception.StepFailedException: Unable to click on object 'Object Repository/Page_1 Deadline 1/button_Continue'
	at com.kms.katalon.core.webui.keyword.internal.WebUIKeywordMain.stepFailed(WebUIKeywordMain.groovy:64)
	at com.kms.katalon.core.webui.keyword.internal.WebUIKeywordMain.runKeyword(WebUIKeywordMain.groovy:26)
	at com.kms.katalon.core.webui.keyword.builtin.ClickKeyword.click(ClickKeyword.groovy:74)
	at com.kms.katalon.core.webui.keyword.builtin.ClickKeyword.execute(ClickKeyword.groovy:40)
	at com.kms.katalon.core.keyword.internal.KeywordExecutor.executeKeywordForPlatform(KeywordExecutor.groovy:74)
	at com.kms.katalon.core.webui.keyword.WebUiBuiltInKeywords.click(WebUiBuiltInKeywords.groovy:620)
	at com.kms.katalon.core.webui.keyword.WebUiBuiltInKeywords$click$1.call(Unknown Source)
	at Remove the submission in a deadline by student.run(Remove the submission in a deadline by student:40)
	at com.kms.katalon.core.main.ScriptEngine.run(ScriptEngine.java:194)
	at com.kms.katalon.core.main.ScriptEngine.runScriptAsRawText(ScriptEngine.java:119)
	at com.kms.katalon.core.main.TestCaseExecutor.runScript(TestCaseExecutor.java:442)
	at com.kms.katalon.core.main.TestCaseExecutor.doExecute(TestCaseExecutor.java:433)
	at com.kms.katalon.core.main.TestCaseExecutor.processExecutionPhase(TestCaseExecutor.java:412)
	at com.kms.katalon.core.main.TestCaseExecutor.accessMainPhase(TestCaseExecutor.java:404)
	at com.kms.katalon.core.main.TestCaseExecutor.execute(TestCaseExecutor.java:281)
	at com.kms.katalon.core.main.TestCaseExecutor.execute(TestCaseExecutor.java:363)
	at com.kms.katalon.core.main.TestCaseExecutor.execute(TestCaseExecutor.java:363)
	at com.kms.katalon.core.main.TestCaseExecutor.execute(TestCaseExecutor.java:363)
	at com.kms.katalon.core.main.TestSuiteExecutor.accessTestCaseMainPhase(TestSuiteExecutor.java:202)
	at com.kms.katalon.core.main.TestSuiteExecutor.accessTestSuiteMainPhase(TestSuiteExecutor.java:164)
	at com.kms.katalon.core.main.TestSuiteExecutor.execute(TestSuiteExecutor.java:105)
	at com.kms.katalon.core.main.TestCaseMain.startTestSuite(TestCaseMain.java:181)
	at com.kms.katalon.core.main.TestCaseMain$startTestSuite$0.call(Unknown Source)
	at TempTestSuite1642211722550.run(TempTestSuite1642211722550.groovy:36)
Caused by: com.kms.katalon.core.webui.exception.WebElementNotFoundException: Web element with id: 'Object Repository/Page_1 Deadline 1/button_Continue' located by '//button[@id='single_button61da2e4a4a4336']' not found
	at com.kms.katalon.core.webui.common.WebUiCommonHelper.findWebElement(WebUiCommonHelper.java:1368)
	at com.kms.katalon.core.webui.keyword.internal.WebUIAbstractKeyword.findWebElement(WebUIAbstractKeyword.groovy:27)
	at com.kms.katalon.core.webui.keyword.builtin.ClickKeyword$_click_closure1.doCall(ClickKeyword.groovy:65)
	at com.kms.katalon.core.webui.keyword.builtin.ClickKeyword$_click_closure1.call(ClickKeyword.groovy)
	at com.kms.katalon.core.webui.keyword.internal.WebUIKeywordMain.runKeyword(WebUIKeywordMain.groovy:20)
	at com.kms.katalon.core.webui.keyword.builtin.ClickKeyword.click(ClickKeyword.groovy:74)
	at com.kms.katalon.core.webui.keyword.builtin.ClickKeyword.execute(ClickKeyword.groovy:40)
	at com.kms.katalon.core.keyword.internal.KeywordExecutor.executeKeywordForPlatform(KeywordExecutor.groovy:74)
	at com.kms.katalon.core.webui.keyword.WebUiBuiltInKeywords.click(WebUiBuiltInKeywords.groovy:620)
	at com.kms.katalon.core.webui.keyword.WebUiBuiltInKeywords$click$1.call(Unknown Source)
	at Script1641897219672.run(Script1641897219672.groovy:40)
	... 16 more
)

2022-01-15 10:33:49 - [MESSAGE][INFO] - Unable to find the element located by 'By.xpath: //button[@id='single_button61da2e4a4a4336']'. Please recheck the objects properties to make sure the desired element is located. 

2022-01-15 10:33:49 - [MESSAGE][WARNING] - [SELF-HEALING] Failed to find element with id 'Object Repository/Page_1 Deadline 1/button_Continue'. Try using Self-healing.

2022-01-15 10:33:50 - [MESSAGE][INFO] - Unable to find the element located by 'By.xpath: //div[@id='modal-footer']/div/div/form/button'. Please recheck the objects properties to make sure the desired element is located. 

2022-01-15 10:33:51 - [MESSAGE][INFO] - [SELF-HEALING] Failed Locator: '//button[@id='single_button61da2e4a4a4336']'.

2022-01-15 10:33:51 - [MESSAGE][INFO] - [SELF-HEALING] Failed Locator: '//div[@id='modal-footer']/div/div/form/button'.

2022-01-15 10:33:51 - [MESSAGE][INFO] - [SELF-HEALING] Failed Locator: '(.//*[normalize-space(text()) and normalize-space(.)='Confirm'])[1]/following::button[1]'.

2022-01-15 10:33:52 - [MESSAGE][INFO] - [SELF-HEALING] Working Locator: '(.//*[normalize-space(text()) and normalize-space(.)='Cancel'])[1]/preceding::button[1]'.

2022-01-15 10:33:52 - [MESSAGE][ERROR] - [SELF-HEALING] Cannot save screenshot to: C:\Users\antra\git\SE-Bonus-Assginment-Group1\Reports\Self-healing, reason: unknown error: unhandled inspector error: {"code":-32000,"message":"Cannot take screenshot with 0 width."}
  (Session info: chrome=97.0.4692.71)
Build info: version: '3.141.59', revision: 'e82be7d358', time: '2018-11-14T08:25:53'
System info: host: 'DESKTOP-5O7CBM9', ip: '192.168.16.1', os.name: 'Windows 10', os.arch: 'amd64', os.version: '10.0', java.version: '1.8.0_282'
Driver info: com.kms.katalon.selenium.driver.CChromeDriver
Capabilities {acceptInsecureCerts: false, browserName: chrome, browserVersion: 97.0.4692.71, chrome: {chromedriverVersion: 97.0.4692.71 (adefa7837d02a..., userDataDir: C:\Users\antra\AppData\Loca...}, goog:chromeOptions: {debuggerAddress: localhost:56506}, javascriptEnabled: true, networkConnectionEnabled: false, pageLoadStrategy: normal, platform: WINDOWS, platformName: WINDOWS, proxy: Proxy(), setWindowRect: true, strictFileInteractability: false, timeouts: {implicit: 0, pageLoad: 300000, script: 30000}, unhandledPromptBehavior: dismiss and notify, webauthn:extension:credBlob: true, webauthn:extension:largeBlob: true, webauthn:virtualAuthenticators: true}
Session ID: 221768cd51345c1d7b4e7c340e9c4bcc.

2022-01-15 10:33:52 - [MESSAGE][ERROR] - [SELF-HEALING] Cannot save screenshot to: C:\Users\antra\git\SE-Bonus-Assginment-Group1\Reports\Self-healing, reason: unknown error: unhandled inspector error: {"code":-32000,"message":"Cannot take screenshot with 0 width."}
  (Session info: chrome=97.0.4692.71)
Build info: version: '3.141.59', revision: 'e82be7d358', time: '2018-11-14T08:25:53'
System info: host: 'DESKTOP-5O7CBM9', ip: '192.168.16.1', os.name: 'Windows 10', os.arch: 'amd64', os.version: '10.0', java.version: '1.8.0_282'
Driver info: com.kms.katalon.selenium.driver.CChromeDriver
Capabilities {acceptInsecureCerts: false, browserName: chrome, browserVersion: 97.0.4692.71, chrome: {chromedriverVersion: 97.0.4692.71 (adefa7837d02a..., userDataDir: C:\Users\antra\AppData\Loca...}, goog:chromeOptions: {debuggerAddress: localhost:56506}, javascriptEnabled: true, networkConnectionEnabled: false, pageLoadStrategy: normal, platform: WINDOWS, platformName: WINDOWS, proxy: Proxy(), setWindowRect: true, strictFileInteractability: false, timeouts: {implicit: 0, pageLoad: 300000, script: 30000}, unhandledPromptBehavior: dismiss and notify, webauthn:extension:credBlob: true, webauthn:extension:largeBlob: true, webauthn:virtualAuthenticators: true}
Session ID: 221768cd51345c1d7b4e7c340e9c4bcc.

2022-01-15 10:33:52 - [MESSAGE][WARNING] - [SELF-HEALING] 'other' is different type of Path

2022-01-15 10:33:53 - [MESSAGE][INFO] - Unable to find the element located by 'By.xpath: //*[@type = 'submit' and @id = 'single_button61da2e4a4a4336' and (text() = 'Continue' or . = 'Continue')]'. Please recheck the objects properties to make sure the desired element is located. 

2022-01-15 10:33:54 - [MESSAGE][INFO] - Unable to find the element located by 'By.cssSelector: #single_button61da2e4a4a4336'. Please recheck the objects properties to make sure the desired element is located. 

2022-01-15 10:33:54 - [MESSAGE][FAILED] - Unable to click on object 'Object Repository/Page_1 Deadline 1/button_Continue' (Root cause: com.kms.katalon.core.exception.StepFailedException: Unable to click on object 'Object Repository/Page_1 Deadline 1/button_Continue'
	at com.kms.katalon.core.webui.keyword.internal.WebUIKeywordMain.stepFailed(WebUIKeywordMain.groovy:64)
	at com.kms.katalon.core.webui.keyword.internal.WebUIKeywordMain.runKeyword(WebUIKeywordMain.groovy:26)
	at com.kms.katalon.core.webui.keyword.builtin.ClickKeyword.click(ClickKeyword.groovy:74)
	at com.kms.katalon.core.webui.keyword.builtin.ClickKeyword.execute(ClickKeyword.groovy:40)
	at com.kms.katalon.core.keyword.internal.KeywordExecutor.executeKeywordForPlatform(KeywordExecutor.groovy:74)
	at com.kms.katalon.core.webui.keyword.WebUiBuiltInKeywords.click(WebUiBuiltInKeywords.groovy:620)
	at com.kms.katalon.core.webui.keyword.WebUiBuiltInKeywords$click$1.call(Unknown Source)
	at Remove the submission in a deadline by student.run(Remove the submission in a deadline by student:40)
	at com.kms.katalon.core.main.ScriptEngine.run(ScriptEngine.java:194)
	at com.kms.katalon.core.main.ScriptEngine.runScriptAsRawText(ScriptEngine.java:119)
	at com.kms.katalon.core.main.TestCaseExecutor.runScript(TestCaseExecutor.java:442)
	at com.kms.katalon.core.main.TestCaseExecutor.doExecute(TestCaseExecutor.java:433)
	at com.kms.katalon.core.main.TestCaseExecutor.processExecutionPhase(TestCaseExecutor.java:412)
	at com.kms.katalon.core.main.TestCaseExecutor.accessMainPhase(TestCaseExecutor.java:404)
	at com.kms.katalon.core.main.TestCaseExecutor.execute(TestCaseExecutor.java:281)
	at com.kms.katalon.core.main.TestCaseExecutor.execute(TestCaseExecutor.java:363)
	at com.kms.katalon.core.main.TestCaseExecutor.execute(TestCaseExecutor.java:363)
	at com.kms.katalon.core.main.TestCaseExecutor.execute(TestCaseExecutor.java:363)
	at com.kms.katalon.core.main.TestSuiteExecutor.accessTestCaseMainPhase(TestSuiteExecutor.java:202)
	at com.kms.katalon.core.main.TestSuiteExecutor.accessTestSuiteMainPhase(TestSuiteExecutor.java:164)
	at com.kms.katalon.core.main.TestSuiteExecutor.execute(TestSuiteExecutor.java:105)
	at com.kms.katalon.core.main.TestCaseMain.startTestSuite(TestCaseMain.java:181)
	at com.kms.katalon.core.main.TestCaseMain$startTestSuite$0.call(Unknown Source)
	at TempTestSuite1642211722550.run(TempTestSuite1642211722550.groovy:36)
Caused by: com.kms.katalon.core.webui.exception.WebElementNotFoundException: Web element with id: 'Object Repository/Page_1 Deadline 1/button_Continue' located by '//button[@id='single_button61da2e4a4a4336']' not found
	at com.kms.katalon.core.webui.common.WebUiCommonHelper.findWebElement(WebUiCommonHelper.java:1368)
	at com.kms.katalon.core.webui.keyword.internal.WebUIAbstractKeyword.findWebElement(WebUIAbstractKeyword.groovy:27)
	at com.kms.katalon.core.webui.keyword.builtin.ClickKeyword$_click_closure1.doCall(ClickKeyword.groovy:65)
	at com.kms.katalon.core.webui.keyword.builtin.ClickKeyword$_click_closure1.call(ClickKeyword.groovy)
	at com.kms.katalon.core.webui.keyword.internal.WebUIKeywordMain.runKeyword(WebUIKeywordMain.groovy:20)
	at com.kms.katalon.core.webui.keyword.builtin.ClickKeyword.click(ClickKeyword.groovy:74)
	at com.kms.katalon.core.webui.keyword.builtin.ClickKeyword.execute(ClickKeyword.groovy:40)
	at com.kms.katalon.core.keyword.internal.KeywordExecutor.executeKeywordForPlatform(KeywordExecutor.groovy:74)
	at com.kms.katalon.core.webui.keyword.WebUiBuiltInKeywords.click(WebUiBuiltInKeywords.groovy:620)
	at com.kms.katalon.core.webui.keyword.WebUiBuiltInKeywords$click$1.call(Unknown Source)
	at Script1641897219672.run(Script1641897219672.groovy:40)
	... 16 more
)
[[ATTACHMENT|C:\\Users\\antra\\git\\SE-Bonus-Assginment-Group1\\Reports\\20220115_085522\\Run all test cases\\20220115_085522\\1642217634445.png]]]]></system-out>
         <system-err><![CDATA[2022-01-15 10:32:03 - [TEST_CASE][FAILED] - Test Cases/Deadline/Remove the submission in a deadline by student: Test Cases/Deadline/Remove the submission in a deadline by student FAILED.
Reason:
com.kms.katalon.core.exception.StepFailedException: Unable to click on object 'Object Repository/Page_1 Deadline 1/button_Continue'
	at com.kms.katalon.core.webui.keyword.internal.WebUIKeywordMain.stepFailed(WebUIKeywordMain.groovy:64)
	at com.kms.katalon.core.webui.keyword.internal.WebUIKeywordMain.runKeyword(WebUIKeywordMain.groovy:26)
	at com.kms.katalon.core.webui.keyword.builtin.ClickKeyword.click(ClickKeyword.groovy:74)
	at com.kms.katalon.core.webui.keyword.builtin.ClickKeyword.execute(ClickKeyword.groovy:40)
	at com.kms.katalon.core.keyword.internal.KeywordExecutor.executeKeywordForPlatform(KeywordExecutor.groovy:74)
	at com.kms.katalon.core.webui.keyword.WebUiBuiltInKeywords.click(WebUiBuiltInKeywords.groovy:620)
	at com.kms.katalon.core.webui.keyword.WebUiBuiltInKeywords$click$1.call(Unknown Source)
	at Remove the submission in a deadline by student.run(Remove the submission in a deadline by student:40)
	at com.kms.katalon.core.main.ScriptEngine.run(ScriptEngine.java:194)
	at com.kms.katalon.core.main.ScriptEngine.runScriptAsRawText(ScriptEngine.java:119)
	at com.kms.katalon.core.main.TestCaseExecutor.runScript(TestCaseExecutor.java:442)
	at com.kms.katalon.core.main.TestCaseExecutor.doExecute(TestCaseExecutor.java:433)
	at com.kms.katalon.core.main.TestCaseExecutor.processExecutionPhase(TestCaseExecutor.java:412)
	at com.kms.katalon.core.main.TestCaseExecutor.accessMainPhase(TestCaseExecutor.java:404)
	at com.kms.katalon.core.main.TestCaseExecutor.execute(TestCaseExecutor.java:281)
	at com.kms.katalon.core.main.TestCaseExecutor.execute(TestCaseExecutor.java:363)
	at com.kms.katalon.core.main.TestCaseExecutor.execute(TestCaseExecutor.java:363)
	at com.kms.katalon.core.main.TestCaseExecutor.execute(TestCaseExecutor.java:363)
	at com.kms.katalon.core.main.TestSuiteExecutor.accessTestCaseMainPhase(TestSuiteExecutor.java:202)
	at com.kms.katalon.core.main.TestSuiteExecutor.accessTestSuiteMainPhase(TestSuiteExecutor.java:164)
	at com.kms.katalon.core.main.TestSuiteExecutor.execute(TestSuiteExecutor.java:105)
	at com.kms.katalon.core.main.TestCaseMain.startTestSuite(TestCaseMain.java:181)
	at com.kms.katalon.core.main.TestCaseMain$startTestSuite$0.call(Unknown Source)
	at TempTestSuite1642211722550.run(TempTestSuite1642211722550.groovy:36)
Caused by: com.kms.katalon.core.webui.exception.WebElementNotFoundException: Web element with id: 'Object Repository/Page_1 Deadline 1/button_Continue' located by '//button[@id='single_button61da2e4a4a4336']' not found
	at com.kms.katalon.core.webui.common.WebUiCommonHelper.findWebElement(WebUiCommonHelper.java:1368)
	at com.kms.katalon.core.webui.keyword.internal.WebUIAbstractKeyword.findWebElement(WebUIAbstractKeyword.groovy:27)
	at com.kms.katalon.core.webui.keyword.builtin.ClickKeyword$_click_closure1.doCall(ClickKeyword.groovy:65)
	at com.kms.katalon.core.webui.keyword.builtin.ClickKeyword$_click_closure1.call(ClickKeyword.groovy)
	at com.kms.katalon.core.webui.keyword.internal.WebUIKeywordMain.runKeyword(WebUIKeywordMain.groovy:20)
	... 22 more]]></system-err>
      </testcase>
      <testcase name="Test Cases/I1/Cancel add discussion topic" time="117.318" classname="Test Cases/I1/Cancel add discussion topic" status="FAILED">
         <failure type="FAILED" message="Test Cases/I1/Cancel add discussion topic FAILED.
Reason:
com.kms.katalon.core.exception.StepFailedException: Unable to click on object 'Object Repository/Page_Announcements/input_Subject_subject'
	at com.kms.katalon.core.webui.keyword.internal.WebUIKeywordMain.stepFailed(WebUIKeywordMain.groovy:64)
	at com.kms.katalon.core.webui.keyword.internal.WebUIKeywordMain.runKeyword(WebUIKeywordMain.groovy:26)
	at com.kms.katalon.core.webui.keyword.builtin.ClickKeyword.click(ClickKeyword.groovy:74)
	at com.kms.katalon.core.webui.keyword.builtin.ClickKeyword.execute(ClickKeyword.groovy:40)
	at com.kms.katalon.core.keyword.internal.KeywordExecutor.executeKeywordForPlatform(KeywordExecutor.groovy:74)
	at com.kms.katalon.core.webui.keyword.WebUiBuiltInKeywords.click(WebUiBuiltInKeywords.groovy:620)
	at com.kms.katalon.core.webui.keyword.WebUiBuiltInKeywords$click$1.call(Unknown Source)
	at Cancel add discussion topic.run(Cancel add discussion topic:40)
	at com.kms.katalon.core.main.ScriptEngine.run(ScriptEngine.java:194)
	at com.kms.katalon.core.main.ScriptEngine.runScriptAsRawText(ScriptEngine.java:119)
	at com.kms.katalon.core.main.TestCaseExecutor.runScript(TestCaseExecutor.java:442)
	at com.kms.katalon.core.main.TestCaseExecutor.doExecute(TestCaseExecutor.java:433)
	at com.kms.katalon.core.main.TestCaseExecutor.processExecutionPhase(TestCaseExecutor.java:412)
	at com.kms.katalon.core.main.TestCaseExecutor.accessMainPhase(TestCaseExecutor.java:404)
	at com.kms.katalon.core.main.TestCaseExecutor.execute(TestCaseExecutor.java:281)
	at com.kms.katalon.core.main.TestCaseExecutor.execute(TestCaseExecutor.java:363)
	at com.kms.katalon.core.main.TestCaseExecutor.execute(TestCaseExecutor.java:363)
	at com.kms.katalon.core.main.TestCaseExecutor.execute(TestCaseExecutor.java:363)
	at com.kms.katalon.core.main.TestSuiteExecutor.accessTestCaseMainPhase(TestSuiteExecutor.java:202)
	at com.kms.katalon.core.main.TestSuiteExecutor.accessTestSuiteMainPhase(TestSuiteExecutor.java:164)
	at com.kms.katalon.core.main.TestSuiteExecutor.execute(TestSuiteExecutor.java:105)
	at com.kms.katalon.core.main.TestCaseMain.startTestSuite(TestCaseMain.java:181)
	at com.kms.katalon.core.main.TestCaseMain$startTestSuite$0.call(Unknown Source)
	at TempTestSuite1642211722550.run(TempTestSuite1642211722550.groovy:36)
Caused by: org.openqa.selenium.ElementNotInteractableException: element not interactable
  (Session info: chrome=97.0.4692.71)
Build info: version: '3.141.59', revision: 'e82be7d358', time: '2018-11-14T08:25:53'
System info: host: 'DESKTOP-5O7CBM9', ip: '192.168.16.1', os.name: 'Windows 10', os.arch: 'amd64', os.version: '10.0', java.version: '1.8.0_282'
Driver info: com.kms.katalon.selenium.driver.CChromeDriver
Capabilities {acceptInsecureCerts: false, browserName: chrome, browserVersion: 97.0.4692.71, chrome: {chromedriverVersion: 97.0.4692.71 (adefa7837d02a..., userDataDir: C:\Users\antra\AppData\Loca...}, goog:chromeOptions: {debuggerAddress: localhost:57029}, javascriptEnabled: true, networkConnectionEnabled: false, pageLoadStrategy: normal, platform: WINDOWS, platformName: WINDOWS, proxy: Proxy(), setWindowRect: true, strictFileInteractability: false, timeouts: {implicit: 0, pageLoad: 300000, script: 30000}, unhandledPromptBehavior: dismiss and notify, webauthn:extension:credBlob: true, webauthn:extension:largeBlob: true, webauthn:virtualAuthenticators: true}
Session ID: 4a001d4a7828cfd96a0443748649faa6
	at org.openqa.selenium.remote.http.W3CHttpResponseCodec.createException(W3CHttpResponseCodec.java:187)
	at org.openqa.selenium.remote.http.W3CHttpResponseCodec.decode(W3CHttpResponseCodec.java:122)
	at org.openqa.selenium.remote.http.W3CHttpResponseCodec.decode(W3CHttpResponseCodec.java:49)
	at org.openqa.selenium.remote.HttpCommandExecutor.execute(HttpCommandExecutor.java:158)
	at org.openqa.selenium.remote.service.DriverCommandExecutor.execute(DriverCommandExecutor.java:83)
	at org.openqa.selenium.remote.RemoteWebDriver.execute(RemoteWebDriver.java:552)
	at com.kms.katalon.selenium.driver.CChromeDriver.execute(CChromeDriver.java:19)
	at org.openqa.selenium.remote.RemoteWebElement.execute(RemoteWebElement.java:285)
	at org.openqa.selenium.remote.RemoteWebElement.click(RemoteWebElement.java:84)
	at org.openqa.selenium.support.events.EventFiringWebDriver$EventFiringWebElement.lambda$new$0(EventFiringWebDriver.java:404)
	at com.sun.proxy.$Proxy11.click(Unknown Source)
	at org.openqa.selenium.support.events.EventFiringWebDriver$EventFiringWebElement.click(EventFiringWebDriver.java:417)
	at org.openqa.selenium.WebElement$click.call(Unknown Source)
	at com.kms.katalon.core.webui.keyword.builtin.ClickKeyword.clickUntilSuccessWithTimeout(ClickKeyword.groovy:81)
	at com.kms.katalon.core.webui.keyword.builtin.ClickKeyword.clickUntilSuccessWithTimeout(ClickKeyword.groovy)
	at com.kms.katalon.core.webui.keyword.builtin.ClickKeyword$_click_closure1.doCall(ClickKeyword.groovy:67)
	at com.kms.katalon.core.webui.keyword.builtin.ClickKeyword$_click_closure1.call(ClickKeyword.groovy)
	at com.kms.katalon.core.webui.keyword.internal.WebUIKeywordMain.runKeyword(WebUIKeywordMain.groovy:20)
	... 22 more
"/>
         <system-out><![CDATA[2022-01-15 10:37:43 - [TEST_CASE][FAILED] - Test Cases/I1/Cancel add discussion topic: Test Cases/I1/Cancel add discussion topic FAILED.
Reason:
com.kms.katalon.core.exception.StepFailedException: Unable to click on object 'Object Repository/Page_Announcements/input_Subject_subject'
	at com.kms.katalon.core.webui.keyword.internal.WebUIKeywordMain.stepFailed(WebUIKeywordMain.groovy:64)
	at com.kms.katalon.core.webui.keyword.internal.WebUIKeywordMain.runKeyword(WebUIKeywordMain.groovy:26)
	at com.kms.katalon.core.webui.keyword.builtin.ClickKeyword.click(ClickKeyword.groovy:74)
	at com.kms.katalon.core.webui.keyword.builtin.ClickKeyword.execute(ClickKeyword.groovy:40)
	at com.kms.katalon.core.keyword.internal.KeywordExecutor.executeKeywordForPlatform(KeywordExecutor.groovy:74)
	at com.kms.katalon.core.webui.keyword.WebUiBuiltInKeywords.click(WebUiBuiltInKeywords.groovy:620)
	at com.kms.katalon.core.webui.keyword.WebUiBuiltInKeywords$click$1.call(Unknown Source)
	at Cancel add discussion topic.run(Cancel add discussion topic:40)
	at com.kms.katalon.core.main.ScriptEngine.run(ScriptEngine.java:194)
	at com.kms.katalon.core.main.ScriptEngine.runScriptAsRawText(ScriptEngine.java:119)
	at com.kms.katalon.core.main.TestCaseExecutor.runScript(TestCaseExecutor.java:442)
	at com.kms.katalon.core.main.TestCaseExecutor.doExecute(TestCaseExecutor.java:433)
	at com.kms.katalon.core.main.TestCaseExecutor.processExecutionPhase(TestCaseExecutor.java:412)
	at com.kms.katalon.core.main.TestCaseExecutor.accessMainPhase(TestCaseExecutor.java:404)
	at com.kms.katalon.core.main.TestCaseExecutor.execute(TestCaseExecutor.java:281)
	at com.kms.katalon.core.main.TestCaseExecutor.execute(TestCaseExecutor.java:363)
	at com.kms.katalon.core.main.TestCaseExecutor.execute(TestCaseExecutor.java:363)
	at com.kms.katalon.core.main.TestCaseExecutor.execute(TestCaseExecutor.java:363)
	at com.kms.katalon.core.main.TestSuiteExecutor.accessTestCaseMainPhase(TestSuiteExecutor.java:202)
	at com.kms.katalon.core.main.TestSuiteExecutor.accessTestSuiteMainPhase(TestSuiteExecutor.java:164)
	at com.kms.katalon.core.main.TestSuiteExecutor.execute(TestSuiteExecutor.java:105)
	at com.kms.katalon.core.main.TestCaseMain.startTestSuite(TestCaseMain.java:181)
	at com.kms.katalon.core.main.TestCaseMain$startTestSuite$0.call(Unknown Source)
	at TempTestSuite1642211722550.run(TempTestSuite1642211722550.groovy:36)
Caused by: org.openqa.selenium.ElementNotInteractableException: element not interactable
  (Session info: chrome=97.0.4692.71)
Build info: version: '3.141.59', revision: 'e82be7d358', time: '2018-11-14T08:25:53'
System info: host: 'DESKTOP-5O7CBM9', ip: '192.168.16.1', os.name: 'Windows 10', os.arch: 'amd64', os.version: '10.0', java.version: '1.8.0_282'
Driver info: com.kms.katalon.selenium.driver.CChromeDriver
Capabilities {acceptInsecureCerts: false, browserName: chrome, browserVersion: 97.0.4692.71, chrome: {chromedriverVersion: 97.0.4692.71 (adefa7837d02a..., userDataDir: C:\Users\antra\AppData\Loca...}, goog:chromeOptions: {debuggerAddress: localhost:57029}, javascriptEnabled: true, networkConnectionEnabled: false, pageLoadStrategy: normal, platform: WINDOWS, platformName: WINDOWS, proxy: Proxy(), setWindowRect: true, strictFileInteractability: false, timeouts: {implicit: 0, pageLoad: 300000, script: 30000}, unhandledPromptBehavior: dismiss and notify, webauthn:extension:credBlob: true, webauthn:extension:largeBlob: true, webauthn:virtualAuthenticators: true}
Session ID: 4a001d4a7828cfd96a0443748649faa6
	at org.openqa.selenium.remote.http.W3CHttpResponseCodec.createException(W3CHttpResponseCodec.java:187)
	at org.openqa.selenium.remote.http.W3CHttpResponseCodec.decode(W3CHttpResponseCodec.java:122)
	at org.openqa.selenium.remote.http.W3CHttpResponseCodec.decode(W3CHttpResponseCodec.java:49)
	at org.openqa.selenium.remote.HttpCommandExecutor.execute(HttpCommandExecutor.java:158)
	at org.openqa.selenium.remote.service.DriverCommandExecutor.execute(DriverCommandExecutor.java:83)
	at org.openqa.selenium.remote.RemoteWebDriver.execute(RemoteWebDriver.java:552)
	at com.kms.katalon.selenium.driver.CChromeDriver.execute(CChromeDriver.java:19)
	at org.openqa.selenium.remote.RemoteWebElement.execute(RemoteWebElement.java:285)
	at org.openqa.selenium.remote.RemoteWebElement.click(RemoteWebElement.java:84)
	at org.openqa.selenium.support.events.EventFiringWebDriver$EventFiringWebElement.lambda$new$0(EventFiringWebDriver.java:404)
	at com.sun.proxy.$Proxy11.click(Unknown Source)
	at org.openqa.selenium.support.events.EventFiringWebDriver$EventFiringWebElement.click(EventFiringWebDriver.java:417)
	at org.openqa.selenium.WebElement$click.call(Unknown Source)
	at com.kms.katalon.core.webui.keyword.builtin.ClickKeyword.clickUntilSuccessWithTimeout(ClickKeyword.groovy:81)
	at com.kms.katalon.core.webui.keyword.builtin.ClickKeyword.clickUntilSuccessWithTimeout(ClickKeyword.groovy)
	at com.kms.katalon.core.webui.keyword.builtin.ClickKeyword$_click_closure1.doCall(ClickKeyword.groovy:67)
	at com.kms.katalon.core.webui.keyword.builtin.ClickKeyword$_click_closure1.call(ClickKeyword.groovy)
	at com.kms.katalon.core.webui.keyword.internal.WebUIKeywordMain.runKeyword(WebUIKeywordMain.groovy:20)
	... 22 more


2022-01-15 10:37:43 - [TEST_STEP][PASSED] - openBrowser(""): Browser is opened with url: ''

2022-01-15 10:37:43 - [MESSAGE][WARNING] - A browser is already opened. Closing browser and opening a new one

2022-01-15 10:37:44 - [MESSAGE][INFO] - Starting 'Chrome' driver

2022-01-15 10:37:44 - [MESSAGE][INFO] - Action delay is set to 0 milliseconds

2022-01-15 10:37:45 - [MESSAGE][PASSED] - Browser is opened with url: ''

2022-01-15 10:37:45 - [TEST_STEP][PASSED] - navigateToUrl("http://localhost/"): Navigate to 'http://localhost/' successfully

2022-01-15 10:37:45 - [MESSAGE][PASSED] - Navigate to 'http://localhost/' successfully

2022-01-15 10:37:45 - [TEST_STEP][PASSED] - click(findTestObject("Object Repository/Page_L Tm Anh/a_Log in")): Object: 'Object Repository/Page_L Tm Anh/a_Log in' is clicked on

2022-01-15 10:37:46 - [MESSAGE][PASSED] - Object: 'Object Repository/Page_L Tm Anh/a_Log in' is clicked on

2022-01-15 10:37:46 - [TEST_STEP][PASSED] - setText(findTestObject("Object Repository/Page_L Tm Anh Log in to the site/input_Username_username"), "admin"): Text 'admin' is set on object 'Object Repository/Page_L Tm Anh Log in to the site/input_Username_username'

2022-01-15 10:37:47 - [MESSAGE][PASSED] - Text 'admin' is set on object 'Object Repository/Page_L Tm Anh Log in to the site/input_Username_username'

2022-01-15 10:37:47 - [TEST_STEP][PASSED] - setEncryptedText(findTestObject("Object Repository/Page_L Tm Anh Log in to the site/input_Password_password"), "eGmz8XUbrLe3vUQiiiujBg=="): Text ****** has been set on object 'Object Repository/Page_L Tm Anh Log in to the site/input_Password_password'

2022-01-15 10:37:47 - [MESSAGE][PASSED] - Text ****** has been set on object 'Object Repository/Page_L Tm Anh Log in to the site/input_Password_password'

2022-01-15 10:37:47 - [TEST_STEP][PASSED] - click(findTestObject("Object Repository/Page_L Tm Anh Log in to the site/button_Log in")): Object: 'Object Repository/Page_L Tm Anh Log in to the site/button_Log in' is clicked on

2022-01-15 10:37:49 - [MESSAGE][PASSED] - Object: 'Object Repository/Page_L Tm Anh Log in to the site/button_Log in' is clicked on

2022-01-15 10:37:49 - [TEST_STEP][PASSED] - click(findTestObject("Object Repository/Page_Dashboard/a_My courses")): Object: 'Object Repository/Page_Dashboard/a_My courses' is clicked on

2022-01-15 10:38:21 - [MESSAGE][INFO] - Unable to find the element located by 'By.xpath: //ul[@id='moremenu-61e0e36aac914-navbar-nav']/li[3]/a'. Please recheck the objects properties to make sure the desired element is located. 

2022-01-15 10:38:21 - [MESSAGE][WARNING] - [SELF-HEALING] Failed to find element with id 'Object Repository/Page_Dashboard/a_My courses'. Try using Self-healing.

2022-01-15 10:38:23 - [MESSAGE][WARNING] - [SELF-HEALING] The current locator of test object 'Object Repository/Page_Dashboard/a_My courses' was broken. Propose an alternative one: '//a[contains(text(),'My courses')]'.

2022-01-15 10:38:23 - [MESSAGE][PASSED] - Object: 'Object Repository/Page_Dashboard/a_My courses' is clicked on

2022-01-15 10:38:23 - [TEST_STEP][PASSED] - click(findTestObject("Object Repository/Page_My courses/div_Course image")): Object: 'Object Repository/Page_My courses/div_Course image' is clicked on

2022-01-15 10:38:56 - [MESSAGE][INFO] - Unable to find the element located by 'By.xpath: //div[@id='page-container-0']/div/div/div/a/div'. Please recheck the objects properties to make sure the desired element is located. 

2022-01-15 10:38:56 - [MESSAGE][WARNING] - [SELF-HEALING] Failed to find element with id 'Object Repository/Page_My courses/div_Course image'. Try using Self-healing.

2022-01-15 10:38:58 - [MESSAGE][INFO] - Unable to find the element located by 'By.xpath: //*[(text() = '
                Course image
            ' or . = '
                Course image
            ')]'. Please recheck the objects properties to make sure the desired element is located. 

2022-01-15 10:39:00 - [MESSAGE][INFO] - [SELF-HEALING] Failed Locator: '//div[@id='page-container-0']/div/div/div/a/div'.

2022-01-15 10:39:03 - [MESSAGE][INFO] - [SELF-HEALING] Working Locator: '(.//*[normalize-space(text()) and normalize-space(.)='Card'])[1]/following::div[8]'.

2022-01-15 10:39:03 - [MESSAGE][ERROR] - [SELF-HEALING] Cannot save screenshot to: C:\Users\antra\git\SE-Bonus-Assginment-Group1\Reports\Self-healing, reason: unknown error: unhandled inspector error: {"code":-32000,"message":"Cannot take screenshot with 0 height."}
  (Session info: chrome=97.0.4692.71)
Build info: version: '3.141.59', revision: 'e82be7d358', time: '2018-11-14T08:25:53'
System info: host: 'DESKTOP-5O7CBM9', ip: '192.168.16.1', os.name: 'Windows 10', os.arch: 'amd64', os.version: '10.0', java.version: '1.8.0_282'
Driver info: com.kms.katalon.selenium.driver.CChromeDriver
Capabilities {acceptInsecureCerts: false, browserName: chrome, browserVersion: 97.0.4692.71, chrome: {chromedriverVersion: 97.0.4692.71 (adefa7837d02a..., userDataDir: C:\Users\antra\AppData\Loca...}, goog:chromeOptions: {debuggerAddress: localhost:57029}, javascriptEnabled: true, networkConnectionEnabled: false, pageLoadStrategy: normal, platform: WINDOWS, platformName: WINDOWS, proxy: Proxy(), setWindowRect: true, strictFileInteractability: false, timeouts: {implicit: 0, pageLoad: 300000, script: 30000}, unhandledPromptBehavior: dismiss and notify, webauthn:extension:credBlob: true, webauthn:extension:largeBlob: true, webauthn:virtualAuthenticators: true}
Session ID: 4a001d4a7828cfd96a0443748649faa6.

2022-01-15 10:39:03 - [MESSAGE][ERROR] - [SELF-HEALING] Cannot save screenshot to: C:\Users\antra\git\SE-Bonus-Assginment-Group1\Reports\Self-healing, reason: unknown error: unhandled inspector error: {"code":-32000,"message":"Cannot take screenshot with 0 height."}
  (Session info: chrome=97.0.4692.71)
Build info: version: '3.141.59', revision: 'e82be7d358', time: '2018-11-14T08:25:53'
System info: host: 'DESKTOP-5O7CBM9', ip: '192.168.16.1', os.name: 'Windows 10', os.arch: 'amd64', os.version: '10.0', java.version: '1.8.0_282'
Driver info: com.kms.katalon.selenium.driver.CChromeDriver
Capabilities {acceptInsecureCerts: false, browserName: chrome, browserVersion: 97.0.4692.71, chrome: {chromedriverVersion: 97.0.4692.71 (adefa7837d02a..., userDataDir: C:\Users\antra\AppData\Loca...}, goog:chromeOptions: {debuggerAddress: localhost:57029}, javascriptEnabled: true, networkConnectionEnabled: false, pageLoadStrategy: normal, platform: WINDOWS, platformName: WINDOWS, proxy: Proxy(), setWindowRect: true, strictFileInteractability: false, timeouts: {implicit: 0, pageLoad: 300000, script: 30000}, unhandledPromptBehavior: dismiss and notify, webauthn:extension:credBlob: true, webauthn:extension:largeBlob: true, webauthn:virtualAuthenticators: true}
Session ID: 4a001d4a7828cfd96a0443748649faa6.

2022-01-15 10:39:03 - [MESSAGE][WARNING] - [SELF-HEALING] 'other' is different type of Path

2022-01-15 10:39:04 - [MESSAGE][INFO] - [SELF-HEALING] Screenshot: C:/Users/antra/git/SE-Bonus-Assginment-Group1/Reports/Self-healing/Object Repository/Page_My courses/div_Course image_BASIC.png

2022-01-15 10:39:04 - [MESSAGE][WARNING] - [SELF-HEALING] The current locator of test object 'Object Repository/Page_My courses/div_Course image' was broken. Propose an alternative one: '//*[(text() = '
                Course image
            ' or . = '
                Course image
            ')]'.

2022-01-15 10:39:04 - [MESSAGE][PASSED] - Object: 'Object Repository/Page_My courses/div_Course image' is clicked on

2022-01-15 10:39:04 - [TEST_STEP][PASSED] - click(findTestObject("Object Repository/Page_Course 1/a_Announcements  Forum")): Object: 'Object Repository/Page_Course 1/a_Announcements  Forum' is clicked on

2022-01-15 10:39:06 - [MESSAGE][PASSED] - Object: 'Object Repository/Page_Course 1/a_Announcements  Forum' is clicked on

2022-01-15 10:39:06 - [TEST_STEP][PASSED] - click(findTestObject("Object Repository/Page_Announcements/a_Add discussion topic")): Object: 'Object Repository/Page_Announcements/a_Add discussion topic' is clicked on

2022-01-15 10:39:37 - [MESSAGE][INFO] - Unable to find the element located by 'By.xpath: //a[@id='yui_3_17_2_1_1641384514071_523']'. Please recheck the objects properties to make sure the desired element is located. 

2022-01-15 10:39:37 - [MESSAGE][WARNING] - [SELF-HEALING] Failed to find element with id 'Object Repository/Page_Announcements/a_Add discussion topic'. Try using Self-healing.

2022-01-15 10:39:38 - [MESSAGE][INFO] - Unable to find the element located by 'By.xpath: //a[contains(text(),'Add discussion topic')]'. Please recheck the objects properties to make sure the desired element is located. 

2022-01-15 10:39:39 - [MESSAGE][WARNING] - [SELF-HEALING] The current locator of test object 'Object Repository/Page_Announcements/a_Add discussion topic' was broken. Propose an alternative one: '(.//*[normalize-space(text()) and normalize-space(.)='Search forums'])[2]/following::a[1]'.

2022-01-15 10:39:39 - [MESSAGE][PASSED] - Object: 'Object Repository/Page_Announcements/a_Add discussion topic' is clicked on

2022-01-15 10:39:39 - [TEST_STEP][FAILED] - click(findTestObject("Object Repository/Page_Announcements/input_Subject_subject")): Unable to click on object 'Object Repository/Page_Announcements/input_Subject_subject' (Root cause: com.kms.katalon.core.exception.StepFailedException: Unable to click on object 'Object Repository/Page_Announcements/input_Subject_subject'
	at com.kms.katalon.core.webui.keyword.internal.WebUIKeywordMain.stepFailed(WebUIKeywordMain.groovy:64)
	at com.kms.katalon.core.webui.keyword.internal.WebUIKeywordMain.runKeyword(WebUIKeywordMain.groovy:26)
	at com.kms.katalon.core.webui.keyword.builtin.ClickKeyword.click(ClickKeyword.groovy:74)
	at com.kms.katalon.core.webui.keyword.builtin.ClickKeyword.execute(ClickKeyword.groovy:40)
	at com.kms.katalon.core.keyword.internal.KeywordExecutor.executeKeywordForPlatform(KeywordExecutor.groovy:74)
	at com.kms.katalon.core.webui.keyword.WebUiBuiltInKeywords.click(WebUiBuiltInKeywords.groovy:620)
	at com.kms.katalon.core.webui.keyword.WebUiBuiltInKeywords$click$1.call(Unknown Source)
	at Cancel add discussion topic.run(Cancel add discussion topic:40)
	at com.kms.katalon.core.main.ScriptEngine.run(ScriptEngine.java:194)
	at com.kms.katalon.core.main.ScriptEngine.runScriptAsRawText(ScriptEngine.java:119)
	at com.kms.katalon.core.main.TestCaseExecutor.runScript(TestCaseExecutor.java:442)
	at com.kms.katalon.core.main.TestCaseExecutor.doExecute(TestCaseExecutor.java:433)
	at com.kms.katalon.core.main.TestCaseExecutor.processExecutionPhase(TestCaseExecutor.java:412)
	at com.kms.katalon.core.main.TestCaseExecutor.accessMainPhase(TestCaseExecutor.java:404)
	at com.kms.katalon.core.main.TestCaseExecutor.execute(TestCaseExecutor.java:281)
	at com.kms.katalon.core.main.TestCaseExecutor.execute(TestCaseExecutor.java:363)
	at com.kms.katalon.core.main.TestCaseExecutor.execute(TestCaseExecutor.java:363)
	at com.kms.katalon.core.main.TestCaseExecutor.execute(TestCaseExecutor.java:363)
	at com.kms.katalon.core.main.TestSuiteExecutor.accessTestCaseMainPhase(TestSuiteExecutor.java:202)
	at com.kms.katalon.core.main.TestSuiteExecutor.accessTestSuiteMainPhase(TestSuiteExecutor.java:164)
	at com.kms.katalon.core.main.TestSuiteExecutor.execute(TestSuiteExecutor.java:105)
	at com.kms.katalon.core.main.TestCaseMain.startTestSuite(TestCaseMain.java:181)
	at com.kms.katalon.core.main.TestCaseMain$startTestSuite$0.call(Unknown Source)
	at TempTestSuite1642211722550.run(TempTestSuite1642211722550.groovy:36)
Caused by: org.openqa.selenium.ElementNotInteractableException: element not interactable
  (Session info: chrome=97.0.4692.71)
Build info: version: '3.141.59', revision: 'e82be7d358', time: '2018-11-14T08:25:53'
System info: host: 'DESKTOP-5O7CBM9', ip: '192.168.16.1', os.name: 'Windows 10', os.arch: 'amd64', os.version: '10.0', java.version: '1.8.0_282'
Driver info: com.kms.katalon.selenium.driver.CChromeDriver
Capabilities {acceptInsecureCerts: false, browserName: chrome, browserVersion: 97.0.4692.71, chrome: {chromedriverVersion: 97.0.4692.71 (adefa7837d02a..., userDataDir: C:\Users\antra\AppData\Loca...}, goog:chromeOptions: {debuggerAddress: localhost:57029}, javascriptEnabled: true, networkConnectionEnabled: false, pageLoadStrategy: normal, platform: WINDOWS, platformName: WINDOWS, proxy: Proxy(), setWindowRect: true, strictFileInteractability: false, timeouts: {implicit: 0, pageLoad: 300000, script: 30000}, unhandledPromptBehavior: dismiss and notify, webauthn:extension:credBlob: true, webauthn:extension:largeBlob: true, webauthn:virtualAuthenticators: true}
Session ID: 4a001d4a7828cfd96a0443748649faa6
	at org.openqa.selenium.remote.http.W3CHttpResponseCodec.createException(W3CHttpResponseCodec.java:187)
	at org.openqa.selenium.remote.http.W3CHttpResponseCodec.decode(W3CHttpResponseCodec.java:122)
	at org.openqa.selenium.remote.http.W3CHttpResponseCodec.decode(W3CHttpResponseCodec.java:49)
	at org.openqa.selenium.remote.HttpCommandExecutor.execute(HttpCommandExecutor.java:158)
	at org.openqa.selenium.remote.service.DriverCommandExecutor.execute(DriverCommandExecutor.java:83)
	at org.openqa.selenium.remote.RemoteWebDriver.execute(RemoteWebDriver.java:552)
	at com.kms.katalon.selenium.driver.CChromeDriver.execute(CChromeDriver.java:19)
	at org.openqa.selenium.remote.RemoteWebElement.execute(RemoteWebElement.java:285)
	at org.openqa.selenium.remote.RemoteWebElement.click(RemoteWebElement.java:84)
	at org.openqa.selenium.support.events.EventFiringWebDriver$EventFiringWebElement.lambda$new$0(EventFiringWebDriver.java:404)
	at com.sun.proxy.$Proxy11.click(Unknown Source)
	at org.openqa.selenium.support.events.EventFiringWebDriver$EventFiringWebElement.click(EventFiringWebDriver.java:417)
	at org.openqa.selenium.WebElement$click.call(Unknown Source)
	at com.kms.katalon.core.webui.keyword.builtin.ClickKeyword.clickUntilSuccessWithTimeout(ClickKeyword.groovy:81)
	at com.kms.katalon.core.webui.keyword.builtin.ClickKeyword.clickUntilSuccessWithTimeout(ClickKeyword.groovy)
	at com.kms.katalon.core.webui.keyword.builtin.ClickKeyword$_click_closure1.doCall(ClickKeyword.groovy:67)
	at com.kms.katalon.core.webui.keyword.builtin.ClickKeyword$_click_closure1.call(ClickKeyword.groovy)
	at com.kms.katalon.core.webui.keyword.internal.WebUIKeywordMain.runKeyword(WebUIKeywordMain.groovy:20)
	at com.kms.katalon.core.webui.keyword.builtin.ClickKeyword.click(ClickKeyword.groovy:74)
	at com.kms.katalon.core.webui.keyword.builtin.ClickKeyword.execute(ClickKeyword.groovy:40)
	at com.kms.katalon.core.keyword.internal.KeywordExecutor.executeKeywordForPlatform(KeywordExecutor.groovy:74)
	at com.kms.katalon.core.webui.keyword.WebUiBuiltInKeywords.click(WebUiBuiltInKeywords.groovy:620)
	at com.kms.katalon.core.webui.keyword.WebUiBuiltInKeywords$click$1.call(Unknown Source)
	at Script1641384488640.run(Script1641384488640.groovy:40)
	... 16 more
)

2022-01-15 10:39:41 - [MESSAGE][FAILED] - Unable to click on object 'Object Repository/Page_Announcements/input_Subject_subject' (Root cause: com.kms.katalon.core.exception.StepFailedException: Unable to click on object 'Object Repository/Page_Announcements/input_Subject_subject'
	at com.kms.katalon.core.webui.keyword.internal.WebUIKeywordMain.stepFailed(WebUIKeywordMain.groovy:64)
	at com.kms.katalon.core.webui.keyword.internal.WebUIKeywordMain.runKeyword(WebUIKeywordMain.groovy:26)
	at com.kms.katalon.core.webui.keyword.builtin.ClickKeyword.click(ClickKeyword.groovy:74)
	at com.kms.katalon.core.webui.keyword.builtin.ClickKeyword.execute(ClickKeyword.groovy:40)
	at com.kms.katalon.core.keyword.internal.KeywordExecutor.executeKeywordForPlatform(KeywordExecutor.groovy:74)
	at com.kms.katalon.core.webui.keyword.WebUiBuiltInKeywords.click(WebUiBuiltInKeywords.groovy:620)
	at com.kms.katalon.core.webui.keyword.WebUiBuiltInKeywords$click$1.call(Unknown Source)
	at Cancel add discussion topic.run(Cancel add discussion topic:40)
	at com.kms.katalon.core.main.ScriptEngine.run(ScriptEngine.java:194)
	at com.kms.katalon.core.main.ScriptEngine.runScriptAsRawText(ScriptEngine.java:119)
	at com.kms.katalon.core.main.TestCaseExecutor.runScript(TestCaseExecutor.java:442)
	at com.kms.katalon.core.main.TestCaseExecutor.doExecute(TestCaseExecutor.java:433)
	at com.kms.katalon.core.main.TestCaseExecutor.processExecutionPhase(TestCaseExecutor.java:412)
	at com.kms.katalon.core.main.TestCaseExecutor.accessMainPhase(TestCaseExecutor.java:404)
	at com.kms.katalon.core.main.TestCaseExecutor.execute(TestCaseExecutor.java:281)
	at com.kms.katalon.core.main.TestCaseExecutor.execute(TestCaseExecutor.java:363)
	at com.kms.katalon.core.main.TestCaseExecutor.execute(TestCaseExecutor.java:363)
	at com.kms.katalon.core.main.TestCaseExecutor.execute(TestCaseExecutor.java:363)
	at com.kms.katalon.core.main.TestSuiteExecutor.accessTestCaseMainPhase(TestSuiteExecutor.java:202)
	at com.kms.katalon.core.main.TestSuiteExecutor.accessTestSuiteMainPhase(TestSuiteExecutor.java:164)
	at com.kms.katalon.core.main.TestSuiteExecutor.execute(TestSuiteExecutor.java:105)
	at com.kms.katalon.core.main.TestCaseMain.startTestSuite(TestCaseMain.java:181)
	at com.kms.katalon.core.main.TestCaseMain$startTestSuite$0.call(Unknown Source)
	at TempTestSuite1642211722550.run(TempTestSuite1642211722550.groovy:36)
Caused by: org.openqa.selenium.ElementNotInteractableException: element not interactable
  (Session info: chrome=97.0.4692.71)
Build info: version: '3.141.59', revision: 'e82be7d358', time: '2018-11-14T08:25:53'
System info: host: 'DESKTOP-5O7CBM9', ip: '192.168.16.1', os.name: 'Windows 10', os.arch: 'amd64', os.version: '10.0', java.version: '1.8.0_282'
Driver info: com.kms.katalon.selenium.driver.CChromeDriver
Capabilities {acceptInsecureCerts: false, browserName: chrome, browserVersion: 97.0.4692.71, chrome: {chromedriverVersion: 97.0.4692.71 (adefa7837d02a..., userDataDir: C:\Users\antra\AppData\Loca...}, goog:chromeOptions: {debuggerAddress: localhost:57029}, javascriptEnabled: true, networkConnectionEnabled: false, pageLoadStrategy: normal, platform: WINDOWS, platformName: WINDOWS, proxy: Proxy(), setWindowRect: true, strictFileInteractability: false, timeouts: {implicit: 0, pageLoad: 300000, script: 30000}, unhandledPromptBehavior: dismiss and notify, webauthn:extension:credBlob: true, webauthn:extension:largeBlob: true, webauthn:virtualAuthenticators: true}
Session ID: 4a001d4a7828cfd96a0443748649faa6
	at org.openqa.selenium.remote.http.W3CHttpResponseCodec.createException(W3CHttpResponseCodec.java:187)
	at org.openqa.selenium.remote.http.W3CHttpResponseCodec.decode(W3CHttpResponseCodec.java:122)
	at org.openqa.selenium.remote.http.W3CHttpResponseCodec.decode(W3CHttpResponseCodec.java:49)
	at org.openqa.selenium.remote.HttpCommandExecutor.execute(HttpCommandExecutor.java:158)
	at org.openqa.selenium.remote.service.DriverCommandExecutor.execute(DriverCommandExecutor.java:83)
	at org.openqa.selenium.remote.RemoteWebDriver.execute(RemoteWebDriver.java:552)
	at com.kms.katalon.selenium.driver.CChromeDriver.execute(CChromeDriver.java:19)
	at org.openqa.selenium.remote.RemoteWebElement.execute(RemoteWebElement.java:285)
	at org.openqa.selenium.remote.RemoteWebElement.click(RemoteWebElement.java:84)
	at org.openqa.selenium.support.events.EventFiringWebDriver$EventFiringWebElement.lambda$new$0(EventFiringWebDriver.java:404)
	at com.sun.proxy.$Proxy11.click(Unknown Source)
	at org.openqa.selenium.support.events.EventFiringWebDriver$EventFiringWebElement.click(EventFiringWebDriver.java:417)
	at org.openqa.selenium.WebElement$click.call(Unknown Source)
	at com.kms.katalon.core.webui.keyword.builtin.ClickKeyword.clickUntilSuccessWithTimeout(ClickKeyword.groovy:81)
	at com.kms.katalon.core.webui.keyword.builtin.ClickKeyword.clickUntilSuccessWithTimeout(ClickKeyword.groovy)
	at com.kms.katalon.core.webui.keyword.builtin.ClickKeyword$_click_closure1.doCall(ClickKeyword.groovy:67)
	at com.kms.katalon.core.webui.keyword.builtin.ClickKeyword$_click_closure1.call(ClickKeyword.groovy)
	at com.kms.katalon.core.webui.keyword.internal.WebUIKeywordMain.runKeyword(WebUIKeywordMain.groovy:20)
	at com.kms.katalon.core.webui.keyword.builtin.ClickKeyword.click(ClickKeyword.groovy:74)
	at com.kms.katalon.core.webui.keyword.builtin.ClickKeyword.execute(ClickKeyword.groovy:40)
	at com.kms.katalon.core.keyword.internal.KeywordExecutor.executeKeywordForPlatform(KeywordExecutor.groovy:74)
	at com.kms.katalon.core.webui.keyword.WebUiBuiltInKeywords.click(WebUiBuiltInKeywords.groovy:620)
	at com.kms.katalon.core.webui.keyword.WebUiBuiltInKeywords$click$1.call(Unknown Source)
	at Script1641384488640.run(Script1641384488640.groovy:40)
	... 16 more
)
[[ATTACHMENT|C:\\Users\\antra\\git\\SE-Bonus-Assginment-Group1\\Reports\\20220115_085522\\Run all test cases\\20220115_085522\\1642217980943.png]]]]></system-out>
         <system-err><![CDATA[2022-01-15 10:37:43 - [TEST_CASE][FAILED] - Test Cases/I1/Cancel add discussion topic: Test Cases/I1/Cancel add discussion topic FAILED.
Reason:
com.kms.katalon.core.exception.StepFailedException: Unable to click on object 'Object Repository/Page_Announcements/input_Subject_subject'
	at com.kms.katalon.core.webui.keyword.internal.WebUIKeywordMain.stepFailed(WebUIKeywordMain.groovy:64)
	at com.kms.katalon.core.webui.keyword.internal.WebUIKeywordMain.runKeyword(WebUIKeywordMain.groovy:26)
	at com.kms.katalon.core.webui.keyword.builtin.ClickKeyword.click(ClickKeyword.groovy:74)
	at com.kms.katalon.core.webui.keyword.builtin.ClickKeyword.execute(ClickKeyword.groovy:40)
	at com.kms.katalon.core.keyword.internal.KeywordExecutor.executeKeywordForPlatform(KeywordExecutor.groovy:74)
	at com.kms.katalon.core.webui.keyword.WebUiBuiltInKeywords.click(WebUiBuiltInKeywords.groovy:620)
	at com.kms.katalon.core.webui.keyword.WebUiBuiltInKeywords$click$1.call(Unknown Source)
	at Cancel add discussion topic.run(Cancel add discussion topic:40)
	at com.kms.katalon.core.main.ScriptEngine.run(ScriptEngine.java:194)
	at com.kms.katalon.core.main.ScriptEngine.runScriptAsRawText(ScriptEngine.java:119)
	at com.kms.katalon.core.main.TestCaseExecutor.runScript(TestCaseExecutor.java:442)
	at com.kms.katalon.core.main.TestCaseExecutor.doExecute(TestCaseExecutor.java:433)
	at com.kms.katalon.core.main.TestCaseExecutor.processExecutionPhase(TestCaseExecutor.java:412)
	at com.kms.katalon.core.main.TestCaseExecutor.accessMainPhase(TestCaseExecutor.java:404)
	at com.kms.katalon.core.main.TestCaseExecutor.execute(TestCaseExecutor.java:281)
	at com.kms.katalon.core.main.TestCaseExecutor.execute(TestCaseExecutor.java:363)
	at com.kms.katalon.core.main.TestCaseExecutor.execute(TestCaseExecutor.java:363)
	at com.kms.katalon.core.main.TestCaseExecutor.execute(TestCaseExecutor.java:363)
	at com.kms.katalon.core.main.TestSuiteExecutor.accessTestCaseMainPhase(TestSuiteExecutor.java:202)
	at com.kms.katalon.core.main.TestSuiteExecutor.accessTestSuiteMainPhase(TestSuiteExecutor.java:164)
	at com.kms.katalon.core.main.TestSuiteExecutor.execute(TestSuiteExecutor.java:105)
	at com.kms.katalon.core.main.TestCaseMain.startTestSuite(TestCaseMain.java:181)
	at com.kms.katalon.core.main.TestCaseMain$startTestSuite$0.call(Unknown Source)
	at TempTestSuite1642211722550.run(TempTestSuite1642211722550.groovy:36)
Caused by: org.openqa.selenium.ElementNotInteractableException: element not interactable
  (Session info: chrome=97.0.4692.71)
Build info: version: '3.141.59', revision: 'e82be7d358', time: '2018-11-14T08:25:53'
System info: host: 'DESKTOP-5O7CBM9', ip: '192.168.16.1', os.name: 'Windows 10', os.arch: 'amd64', os.version: '10.0', java.version: '1.8.0_282'
Driver info: com.kms.katalon.selenium.driver.CChromeDriver
Capabilities {acceptInsecureCerts: false, browserName: chrome, browserVersion: 97.0.4692.71, chrome: {chromedriverVersion: 97.0.4692.71 (adefa7837d02a..., userDataDir: C:\Users\antra\AppData\Loca...}, goog:chromeOptions: {debuggerAddress: localhost:57029}, javascriptEnabled: true, networkConnectionEnabled: false, pageLoadStrategy: normal, platform: WINDOWS, platformName: WINDOWS, proxy: Proxy(), setWindowRect: true, strictFileInteractability: false, timeouts: {implicit: 0, pageLoad: 300000, script: 30000}, unhandledPromptBehavior: dismiss and notify, webauthn:extension:credBlob: true, webauthn:extension:largeBlob: true, webauthn:virtualAuthenticators: true}
Session ID: 4a001d4a7828cfd96a0443748649faa6
	at org.openqa.selenium.remote.http.W3CHttpResponseCodec.createException(W3CHttpResponseCodec.java:187)
	at org.openqa.selenium.remote.http.W3CHttpResponseCodec.decode(W3CHttpResponseCodec.java:122)
	at org.openqa.selenium.remote.http.W3CHttpResponseCodec.decode(W3CHttpResponseCodec.java:49)
	at org.openqa.selenium.remote.HttpCommandExecutor.execute(HttpCommandExecutor.java:158)
	at org.openqa.selenium.remote.service.DriverCommandExecutor.execute(DriverCommandExecutor.java:83)
	at org.openqa.selenium.remote.RemoteWebDriver.execute(RemoteWebDriver.java:552)
	at com.kms.katalon.selenium.driver.CChromeDriver.execute(CChromeDriver.java:19)
	at org.openqa.selenium.remote.RemoteWebElement.execute(RemoteWebElement.java:285)
	at org.openqa.selenium.remote.RemoteWebElement.click(RemoteWebElement.java:84)
	at org.openqa.selenium.support.events.EventFiringWebDriver$EventFiringWebElement.lambda$new$0(EventFiringWebDriver.java:404)
	at com.sun.proxy.$Proxy11.click(Unknown Source)
	at org.openqa.selenium.support.events.EventFiringWebDriver$EventFiringWebElement.click(EventFiringWebDriver.java:417)
	at org.openqa.selenium.WebElement$click.call(Unknown Source)
	at com.kms.katalon.core.webui.keyword.builtin.ClickKeyword.clickUntilSuccessWithTimeout(ClickKeyword.groovy:81)
	at com.kms.katalon.core.webui.keyword.builtin.ClickKeyword.clickUntilSuccessWithTimeout(ClickKeyword.groovy)
	at com.kms.katalon.core.webui.keyword.builtin.ClickKeyword$_click_closure1.doCall(ClickKeyword.groovy:67)
	at com.kms.katalon.core.webui.keyword.builtin.ClickKeyword$_click_closure1.call(ClickKeyword.groovy)
	at com.kms.katalon.core.webui.keyword.internal.WebUIKeywordMain.runKeyword(WebUIKeywordMain.groovy:20)
	... 22 more]]></system-err>
      </testcase>
      <testcase name="Test Cases/Lesson/View a lesson by student" time="43.361" classname="Test Cases/Lesson/View a lesson by student" status="PASSED">
         <system-out><![CDATA[2022-01-15 10:39:41 - [TEST_CASE][PASSED] - Test Cases/Lesson/View a lesson by student: Test Cases/Lesson/View a lesson by student

2022-01-15 10:39:41 - [TEST_STEP][PASSED] - openBrowser(""): Browser is opened with url: ''

2022-01-15 10:39:41 - [MESSAGE][WARNING] - A browser is already opened. Closing browser and opening a new one

2022-01-15 10:39:42 - [MESSAGE][INFO] - Starting 'Chrome' driver

2022-01-15 10:39:42 - [MESSAGE][INFO] - Action delay is set to 0 milliseconds

2022-01-15 10:39:43 - [MESSAGE][PASSED] - Browser is opened with url: ''

2022-01-15 10:39:43 - [TEST_STEP][PASSED] - navigateToUrl("http://localhost/"): Navigate to 'http://localhost/' successfully

2022-01-15 10:39:44 - [MESSAGE][PASSED] - Navigate to 'http://localhost/' successfully

2022-01-15 10:39:44 - [TEST_STEP][PASSED] - click(findTestObject("Object Repository/Page_L Tm Anh/a_Log in")): Object: 'Object Repository/Page_L Tm Anh/a_Log in' is clicked on

2022-01-15 10:39:44 - [MESSAGE][PASSED] - Object: 'Object Repository/Page_L Tm Anh/a_Log in' is clicked on

2022-01-15 10:39:44 - [TEST_STEP][PASSED] - setEncryptedText(findTestObject("Object Repository/Page_L Tm Anh Log in to the site/input_Password_password"), "eGmz8XUbrLe3vUQiiiujBg=="): Text ****** has been set on object 'Object Repository/Page_L Tm Anh Log in to the site/input_Password_password'

2022-01-15 10:39:45 - [MESSAGE][PASSED] - Text ****** has been set on object 'Object Repository/Page_L Tm Anh Log in to the site/input_Password_password'

2022-01-15 10:39:45 - [TEST_STEP][PASSED] - setText(findTestObject("Object Repository/Page_L Tm Anh Log in to the site/input_Username_username"), "anhle7"): Text 'anhle7' is set on object 'Object Repository/Page_L Tm Anh Log in to the site/input_Username_username'

2022-01-15 10:39:46 - [MESSAGE][PASSED] - Text 'anhle7' is set on object 'Object Repository/Page_L Tm Anh Log in to the site/input_Username_username'

2022-01-15 10:39:46 - [TEST_STEP][PASSED] - click(findTestObject("Object Repository/Page_L Tm Anh Log in to the site/button_Log in")): Object: 'Object Repository/Page_L Tm Anh Log in to the site/button_Log in' is clicked on

2022-01-15 10:39:47 - [MESSAGE][PASSED] - Object: 'Object Repository/Page_L Tm Anh Log in to the site/button_Log in' is clicked on

2022-01-15 10:39:47 - [TEST_STEP][PASSED] - click(findTestObject("Object Repository/Page_Dashboard/a_My courses")): Object: 'Object Repository/Page_Dashboard/a_My courses' is clicked on

2022-01-15 10:40:18 - [MESSAGE][INFO] - Unable to find the element located by 'By.xpath: //ul[@id='moremenu-61e0e36aac914-navbar-nav']/li[3]/a'. Please recheck the objects properties to make sure the desired element is located. 

2022-01-15 10:40:18 - [MESSAGE][WARNING] - [SELF-HEALING] Failed to find element with id 'Object Repository/Page_Dashboard/a_My courses'. Try using Self-healing.

2022-01-15 10:40:18 - [MESSAGE][WARNING] - [SELF-HEALING] The current locator of test object 'Object Repository/Page_Dashboard/a_My courses' was broken. Propose an alternative one: '//a[contains(text(),'My courses')]'.

2022-01-15 10:40:19 - [MESSAGE][PASSED] - Object: 'Object Repository/Page_Dashboard/a_My courses' is clicked on

2022-01-15 10:40:19 - [TEST_STEP][PASSED] - click(findTestObject("Object Repository/Page_My courses/div_Course image")): Object: 'Object Repository/Page_My courses/div_Course image' is clicked on

2022-01-15 10:40:20 - [MESSAGE][PASSED] - Object: 'Object Repository/Page_My courses/div_Course image' is clicked on

2022-01-15 10:40:20 - [TEST_STEP][PASSED] - click(findTestObject("Object Repository/Page_Course 5/a_Lesson 5")): Object: 'Object Repository/Page_Course 5/a_Lesson 5' is clicked on

2022-01-15 10:40:23 - [MESSAGE][PASSED] - Object: 'Object Repository/Page_Course 5/a_Lesson 5' is clicked on

2022-01-15 10:40:23 - [TEST_STEP][PASSED] - closeBrowser(): Browser is closed

2022-01-15 10:40:24 - [MESSAGE][PASSED] - Browser is closed]]></system-out>
         <system-err><![CDATA[]]></system-err>
      </testcase>
      <testcase name="Test Cases/Lesson/Add new question in a lesson" time="115.451" classname="Test Cases/Lesson/Add new question in a lesson" status="PASSED">
         <system-out><![CDATA[2022-01-15 10:40:24 - [TEST_CASE][PASSED] - Test Cases/Lesson/Add new question in a lesson: Test Cases/Lesson/Add new question in a lesson

2022-01-15 10:40:24 - [TEST_STEP][PASSED] - openBrowser(""): Browser is opened with url: ''

2022-01-15 10:40:24 - [MESSAGE][INFO] - Starting 'Chrome' driver

2022-01-15 10:40:24 - [MESSAGE][INFO] - Action delay is set to 0 milliseconds

2022-01-15 10:40:25 - [MESSAGE][PASSED] - Browser is opened with url: ''

2022-01-15 10:40:25 - [TEST_STEP][PASSED] - navigateToUrl("http://localhost/"): Navigate to 'http://localhost/' successfully

2022-01-15 10:40:26 - [MESSAGE][PASSED] - Navigate to 'http://localhost/' successfully

2022-01-15 10:40:26 - [TEST_STEP][PASSED] - click(findTestObject("Object Repository/Page_L Tm Anh/a_Log in")): Object: 'Object Repository/Page_L Tm Anh/a_Log in' is clicked on

2022-01-15 10:40:27 - [MESSAGE][PASSED] - Object: 'Object Repository/Page_L Tm Anh/a_Log in' is clicked on

2022-01-15 10:40:27 - [TEST_STEP][PASSED] - setEncryptedText(findTestObject("Object Repository/Page_L Tm Anh Log in to the site/input_Password_password"), "eGmz8XUbrLe3vUQiiiujBg=="): Text ****** has been set on object 'Object Repository/Page_L Tm Anh Log in to the site/input_Password_password'

2022-01-15 10:40:27 - [MESSAGE][PASSED] - Text ****** has been set on object 'Object Repository/Page_L Tm Anh Log in to the site/input_Password_password'

2022-01-15 10:40:27 - [TEST_STEP][PASSED] - setText(findTestObject("Object Repository/Page_L Tm Anh Log in to the site/input_Username_username"), "anhle4"): Text 'anhle4' is set on object 'Object Repository/Page_L Tm Anh Log in to the site/input_Username_username'

2022-01-15 10:40:28 - [MESSAGE][PASSED] - Text 'anhle4' is set on object 'Object Repository/Page_L Tm Anh Log in to the site/input_Username_username'

2022-01-15 10:40:28 - [TEST_STEP][PASSED] - click(findTestObject("Object Repository/Page_L Tm Anh Log in to the site/button_Log in")): Object: 'Object Repository/Page_L Tm Anh Log in to the site/button_Log in' is clicked on

2022-01-15 10:40:29 - [MESSAGE][PASSED] - Object: 'Object Repository/Page_L Tm Anh Log in to the site/button_Log in' is clicked on

2022-01-15 10:40:29 - [TEST_STEP][PASSED] - click(findTestObject("Object Repository/Page_Dashboard/a_My courses")): Object: 'Object Repository/Page_Dashboard/a_My courses' is clicked on

2022-01-15 10:41:00 - [MESSAGE][INFO] - Unable to find the element located by 'By.xpath: //ul[@id='moremenu-61e0e36aac914-navbar-nav']/li[3]/a'. Please recheck the objects properties to make sure the desired element is located. 

2022-01-15 10:41:00 - [MESSAGE][WARNING] - [SELF-HEALING] Failed to find element with id 'Object Repository/Page_Dashboard/a_My courses'. Try using Self-healing.

2022-01-15 10:41:01 - [MESSAGE][WARNING] - [SELF-HEALING] The current locator of test object 'Object Repository/Page_Dashboard/a_My courses' was broken. Propose an alternative one: '//a[contains(text(),'My courses')]'.

2022-01-15 10:41:01 - [MESSAGE][PASSED] - Object: 'Object Repository/Page_Dashboard/a_My courses' is clicked on

2022-01-15 10:41:01 - [TEST_STEP][PASSED] - click(findTestObject("Object Repository/Page_My courses/div_Course image")): Object: 'Object Repository/Page_My courses/div_Course image' is clicked on

2022-01-15 10:41:02 - [MESSAGE][PASSED] - Object: 'Object Repository/Page_My courses/div_Course image' is clicked on

2022-01-15 10:41:02 - [TEST_STEP][PASSED] - click(findTestObject("Object Repository/Page_Course 4/a_Lesson 1")): Object: 'Object Repository/Page_Course 4/a_Lesson 1' is clicked on

2022-01-15 10:41:04 - [MESSAGE][PASSED] - Object: 'Object Repository/Page_Course 4/a_Lesson 1' is clicked on

2022-01-15 10:41:04 - [TEST_STEP][PASSED] - click(findTestObject("Object Repository/Page_4 Lesson 1 Anh le la ai/button_Edit")): Object: 'Object Repository/Page_4 Lesson 1 Anh le la ai/button_Edit' is clicked on

2022-01-15 10:41:36 - [MESSAGE][INFO] - Unable to find the element located by 'By.xpath: //button[@id='single_button61df66d14f59e11']'. Please recheck the objects properties to make sure the desired element is located. 

2022-01-15 10:41:36 - [MESSAGE][WARNING] - [SELF-HEALING] Failed to find element with id 'Object Repository/Page_4 Lesson 1 Anh le la ai/button_Edit'. Try using Self-healing.

2022-01-15 10:41:36 - [MESSAGE][WARNING] - [SELF-HEALING] The current locator of test object 'Object Repository/Page_4 Lesson 1 Anh le la ai/button_Edit' was broken. Propose an alternative one: '(.//*[normalize-space(text()) and normalize-space(.)='Mark as done'])[1]/following::button[1]'.

2022-01-15 10:41:37 - [MESSAGE][PASSED] - Object: 'Object Repository/Page_4 Lesson 1 Anh le la ai/button_Edit' is clicked on

2022-01-15 10:41:37 - [TEST_STEP][PASSED] - selectOptionByValue(findTestObject("Object Repository/Page_4 Lesson 1 Edit/select_Add a new page.                    A_066c8c"), "0", true): All options with value '0' are selected in object 'Object Repository/Page_4 Lesson 1 Edit/select_Add a new page.                    A_066c8c'  using regular expression

2022-01-15 10:42:08 - [MESSAGE][INFO] - Unable to find the element located by 'By.xpath: //select[@id='single_select61df65b7381618']'. Please recheck the objects properties to make sure the desired element is located. 

2022-01-15 10:42:08 - [MESSAGE][WARNING] - [SELF-HEALING] Failed to find element with id 'Object Repository/Page_4 Lesson 1 Edit/select_Add a new page.                    A_066c8c'. Try using Self-healing.

2022-01-15 10:42:09 - [MESSAGE][INFO] - Unable to find the element located by 'By.xpath: //form[@id='addpageafter15']/select'. Please recheck the objects properties to make sure the desired element is located. 

2022-01-15 10:42:09 - [MESSAGE][WARNING] - [SELF-HEALING] The current locator of test object 'Object Repository/Page_4 Lesson 1 Edit/select_Add a new page.                    A_066c8c' was broken. Propose an alternative one: '(.//*[normalize-space(text()) and normalize-space(.)='Next page'])[1]/following::select[1]'.

2022-01-15 10:42:11 - [MESSAGE][PASSED] - All options with value '0' are selected in object 'Object Repository/Page_4 Lesson 1 Edit/select_Add a new page.                    A_066c8c'  using regular expression

2022-01-15 10:42:11 - [TEST_STEP][PASSED] - selectOptionByValue(findTestObject("Object Repository/Page_4 Lesson 1 Edit/select_Essay            Matching           _0874e8"), "10", true): All options with value '10' are selected in object 'Object Repository/Page_4 Lesson 1 Edit/select_Essay            Matching           _0874e8'  using regular expression

2022-01-15 10:42:13 - [MESSAGE][PASSED] - All options with value '10' are selected in object 'Object Repository/Page_4 Lesson 1 Edit/select_Essay            Matching           _0874e8'  using regular expression

2022-01-15 10:42:13 - [TEST_STEP][PASSED] - click(findTestObject("Object Repository/Page_4 Lesson 1 Edit/input_Select a question type_submitbutton")): Object: 'Object Repository/Page_4 Lesson 1 Edit/input_Select a question type_submitbutton' is clicked on

2022-01-15 10:42:14 - [MESSAGE][PASSED] - Object: 'Object Repository/Page_4 Lesson 1 Edit/input_Select a question type_submitbutton' is clicked on

2022-01-15 10:42:14 - [TEST_STEP][PASSED] - setText(findTestObject("Object Repository/Page_4 Lesson 1 Edit/input_Page title_title"), "Anh le la ai"): Text 'Anh le la ai' is set on object 'Object Repository/Page_4 Lesson 1 Edit/input_Page title_title'

2022-01-15 10:42:15 - [MESSAGE][PASSED] - Text 'Anh le la ai' is set on object 'Object Repository/Page_4 Lesson 1 Edit/input_Page title_title'

2022-01-15 10:42:15 - [TEST_STEP][PASSED] - setText(findTestObject("Object Repository/Page_4 Lesson 1 Edit/div_Anh le la ai"), "<p dir="ltr" style="text-align: left;">Anh le la ai</p>"): Text '<p dir="ltr" style="text-align: left;">Anh le la ai</p>' is set on object 'Object Repository/Page_4 Lesson 1 Edit/div_Anh le la ai'

2022-01-15 10:42:16 - [MESSAGE][PASSED] - Text '<p dir="ltr" style="text-align: left;">Anh le la ai</p>' is set on object 'Object Repository/Page_4 Lesson 1 Edit/div_Anh le la ai'

2022-01-15 10:42:16 - [TEST_STEP][PASSED] - scrollToElement(findTestObject("Object Repository/Page_4 Lesson 1 Edit/input_Select a question type_submitbutton"), 0): Scroll to object 'Object Repository/Page_4 Lesson 1 Edit/input_Select a question type_submitbutton' successfully

2022-01-15 10:42:16 - [MESSAGE][WARNING] - Timeout '0' is invalid. Using default page load timeout: '30'

2022-01-15 10:42:17 - [MESSAGE][PASSED] - Scroll to object 'Object Repository/Page_4 Lesson 1 Edit/input_Select a question type_submitbutton' successfully

2022-01-15 10:42:17 - [TEST_STEP][PASSED] - click(findTestObject("Object Repository/Page_4 Lesson 1 Edit/input_Select a question type_submitbutton")): Object: 'Object Repository/Page_4 Lesson 1 Edit/input_Select a question type_submitbutton' is clicked on

2022-01-15 10:42:19 - [MESSAGE][PASSED] - Object: 'Object Repository/Page_4 Lesson 1 Edit/input_Select a question type_submitbutton' is clicked on

2022-01-15 10:42:19 - [TEST_STEP][PASSED] - closeBrowser(): Browser is closed

2022-01-15 10:42:19 - [MESSAGE][PASSED] - Browser is closed]]></system-out>
         <system-err><![CDATA[]]></system-err>
      </testcase>
      <testcase name="Test Cases/Lesson/Edit a question in a lesson" time="108.298" classname="Test Cases/Lesson/Edit a question in a lesson" status="PASSED">
         <system-out><![CDATA[2022-01-15 10:42:19 - [TEST_CASE][PASSED] - Test Cases/Lesson/Edit a question in a lesson: Test Cases/Lesson/Edit a question in a lesson

2022-01-15 10:42:20 - [TEST_STEP][PASSED] - openBrowser(""): Browser is opened with url: ''

2022-01-15 10:42:20 - [MESSAGE][INFO] - Starting 'Chrome' driver

2022-01-15 10:42:20 - [MESSAGE][INFO] - Action delay is set to 0 milliseconds

2022-01-15 10:42:21 - [MESSAGE][PASSED] - Browser is opened with url: ''

2022-01-15 10:42:21 - [TEST_STEP][PASSED] - navigateToUrl("http://localhost/"): Navigate to 'http://localhost/' successfully

2022-01-15 10:42:22 - [MESSAGE][PASSED] - Navigate to 'http://localhost/' successfully

2022-01-15 10:42:22 - [TEST_STEP][PASSED] - click(findTestObject("Object Repository/Page_L Tm Anh/span_Log in")): Object: 'Object Repository/Page_L Tm Anh/span_Log in' is clicked on

2022-01-15 10:42:22 - [MESSAGE][PASSED] - Object: 'Object Repository/Page_L Tm Anh/span_Log in' is clicked on

2022-01-15 10:42:22 - [TEST_STEP][PASSED] - click(findTestObject("Object Repository/Page_L Tm Anh/a_Log in")): Object: 'Object Repository/Page_L Tm Anh/a_Log in' is clicked on

2022-01-15 10:42:53 - [MESSAGE][INFO] - Unable to find the element located by 'By.xpath: //div[@id='usernavigation']/div/div/span/a'. Please recheck the objects properties to make sure the desired element is located. 

2022-01-15 10:42:53 - [MESSAGE][WARNING] - [SELF-HEALING] Failed to find element with id 'Object Repository/Page_L Tm Anh/a_Log in'. Try using Self-healing.

2022-01-15 10:42:54 - [MESSAGE][WARNING] - [SELF-HEALING] The current locator of test object 'Object Repository/Page_L Tm Anh/a_Log in' was broken. Propose an alternative one: '//*/text()[normalize-space(.)='Log in']/parent::*'.

2022-01-15 10:42:54 - [MESSAGE][PASSED] - Object: 'Object Repository/Page_L Tm Anh/a_Log in' is clicked on

2022-01-15 10:42:54 - [TEST_STEP][PASSED] - setEncryptedText(findTestObject("Object Repository/Page_L Tm Anh Log in to the site/input_Password_password"), "eGmz8XUbrLe3vUQiiiujBg=="): Text ****** has been set on object 'Object Repository/Page_L Tm Anh Log in to the site/input_Password_password'

2022-01-15 10:42:55 - [MESSAGE][PASSED] - Text ****** has been set on object 'Object Repository/Page_L Tm Anh Log in to the site/input_Password_password'

2022-01-15 10:42:55 - [TEST_STEP][PASSED] - setText(findTestObject("Object Repository/Page_L Tm Anh Log in to the site/input_Username_username"), "anhle4"): Text 'anhle4' is set on object 'Object Repository/Page_L Tm Anh Log in to the site/input_Username_username'

2022-01-15 10:42:55 - [MESSAGE][PASSED] - Text 'anhle4' is set on object 'Object Repository/Page_L Tm Anh Log in to the site/input_Username_username'

2022-01-15 10:42:55 - [TEST_STEP][PASSED] - click(findTestObject("Object Repository/Page_L Tm Anh Log in to the site/button_Log in")): Object: 'Object Repository/Page_L Tm Anh Log in to the site/button_Log in' is clicked on

2022-01-15 10:42:57 - [MESSAGE][PASSED] - Object: 'Object Repository/Page_L Tm Anh Log in to the site/button_Log in' is clicked on

2022-01-15 10:42:57 - [TEST_STEP][PASSED] - click(findTestObject("Object Repository/Page_Dashboard/a_My courses")): Object: 'Object Repository/Page_Dashboard/a_My courses' is clicked on

2022-01-15 10:43:28 - [MESSAGE][INFO] - Unable to find the element located by 'By.xpath: //ul[@id='moremenu-61e0e36aac914-navbar-nav']/li[3]/a'. Please recheck the objects properties to make sure the desired element is located. 

2022-01-15 10:43:28 - [MESSAGE][WARNING] - [SELF-HEALING] Failed to find element with id 'Object Repository/Page_Dashboard/a_My courses'. Try using Self-healing.

2022-01-15 10:43:28 - [MESSAGE][WARNING] - [SELF-HEALING] The current locator of test object 'Object Repository/Page_Dashboard/a_My courses' was broken. Propose an alternative one: '//a[contains(text(),'My courses')]'.

2022-01-15 10:43:29 - [MESSAGE][PASSED] - Object: 'Object Repository/Page_Dashboard/a_My courses' is clicked on

2022-01-15 10:43:29 - [TEST_STEP][PASSED] - click(findTestObject("Object Repository/Page_My courses/div_Course image")): Object: 'Object Repository/Page_My courses/div_Course image' is clicked on

2022-01-15 10:43:30 - [MESSAGE][PASSED] - Object: 'Object Repository/Page_My courses/div_Course image' is clicked on

2022-01-15 10:43:30 - [TEST_STEP][PASSED] - click(findTestObject("Object Repository/Page_Course 4/a_Lesson 1")): Object: 'Object Repository/Page_Course 4/a_Lesson 1' is clicked on

2022-01-15 10:43:31 - [MESSAGE][PASSED] - Object: 'Object Repository/Page_Course 4/a_Lesson 1' is clicked on

2022-01-15 10:43:31 - [TEST_STEP][PASSED] - click(findTestObject("Object Repository/Page_4 Lesson 1 Anh le la ai/button_Edit")): Object: 'Object Repository/Page_4 Lesson 1 Anh le la ai/button_Edit' is clicked on

2022-01-15 10:44:03 - [MESSAGE][INFO] - Unable to find the element located by 'By.xpath: //button[@id='single_button61df66d14f59e11']'. Please recheck the objects properties to make sure the desired element is located. 

2022-01-15 10:44:03 - [MESSAGE][WARNING] - [SELF-HEALING] Failed to find element with id 'Object Repository/Page_4 Lesson 1 Anh le la ai/button_Edit'. Try using Self-healing.

2022-01-15 10:44:03 - [MESSAGE][WARNING] - [SELF-HEALING] The current locator of test object 'Object Repository/Page_4 Lesson 1 Anh le la ai/button_Edit' was broken. Propose an alternative one: '(.//*[normalize-space(text()) and normalize-space(.)='Mark as done'])[1]/following::button[1]'.

2022-01-15 10:44:03 - [MESSAGE][PASSED] - Object: 'Object Repository/Page_4 Lesson 1 Anh le la ai/button_Edit' is clicked on

2022-01-15 10:44:03 - [TEST_STEP][PASSED] - click(findTestObject("Object Repository/Page_4 Lesson 1 Edit/i_Next page_icon fa fa-cog fa-fw")): Object: 'Object Repository/Page_4 Lesson 1 Edit/i_Next page_icon fa fa-cog fa-fw' is clicked on

2022-01-15 10:44:05 - [MESSAGE][PASSED] - Object: 'Object Repository/Page_4 Lesson 1 Edit/i_Next page_icon fa fa-cog fa-fw' is clicked on

2022-01-15 10:44:05 - [TEST_STEP][PASSED] - click(findTestObject("Object Repository/Page_4 Lesson 1 Edit/div_Page title")): Object: 'Object Repository/Page_4 Lesson 1 Edit/div_Page title' is clicked on

2022-01-15 10:44:05 - [MESSAGE][PASSED] - Object: 'Object Repository/Page_4 Lesson 1 Edit/div_Page title' is clicked on

2022-01-15 10:44:05 - [TEST_STEP][PASSED] - setText(findTestObject("Object Repository/Page_4 Lesson 1 Edit/input_Page title_title"), "Anh le la ai"): Text 'Anh le la ai' is set on object 'Object Repository/Page_4 Lesson 1 Edit/input_Page title_title'

2022-01-15 10:44:07 - [MESSAGE][PASSED] - Text 'Anh le la ai' is set on object 'Object Repository/Page_4 Lesson 1 Edit/input_Page title_title'

2022-01-15 10:44:07 - [TEST_STEP][PASSED] - click(findTestObject("Object Repository/Page_4 Lesson 1 Edit/input_Score_submitbutton")): Object: 'Object Repository/Page_4 Lesson 1 Edit/input_Score_submitbutton' is clicked on

2022-01-15 10:44:07 - [MESSAGE][PASSED] - Object: 'Object Repository/Page_4 Lesson 1 Edit/input_Score_submitbutton' is clicked on

2022-01-15 10:44:07 - [TEST_STEP][PASSED] - closeBrowser(): Browser is closed

2022-01-15 10:44:08 - [MESSAGE][PASSED] - Browser is closed]]></system-out>
         <system-err><![CDATA[]]></system-err>
      </testcase>
      <testcase name="Test Cases/Lesson/Move a question in a lesson to other page" time="77.014" classname="Test Cases/Lesson/Move a question in a lesson to other page" status="PASSED">
         <system-out><![CDATA[2022-01-15 10:44:08 - [TEST_CASE][PASSED] - Test Cases/Lesson/Move a question in a lesson to other page: Test Cases/Lesson/Move a question in a lesson to other page

2022-01-15 10:44:08 - [TEST_STEP][PASSED] - openBrowser(""): Browser is opened with url: ''

2022-01-15 10:44:08 - [MESSAGE][INFO] - Starting 'Chrome' driver

2022-01-15 10:44:08 - [MESSAGE][INFO] - Action delay is set to 0 milliseconds

2022-01-15 10:44:09 - [MESSAGE][PASSED] - Browser is opened with url: ''

2022-01-15 10:44:09 - [TEST_STEP][PASSED] - navigateToUrl("http://localhost/"): Navigate to 'http://localhost/' successfully

2022-01-15 10:44:10 - [MESSAGE][PASSED] - Navigate to 'http://localhost/' successfully

2022-01-15 10:44:10 - [TEST_STEP][PASSED] - click(findTestObject("Object Repository/Page_L Tm Anh/a_Log in")): Object: 'Object Repository/Page_L Tm Anh/a_Log in' is clicked on

2022-01-15 10:44:10 - [MESSAGE][PASSED] - Object: 'Object Repository/Page_L Tm Anh/a_Log in' is clicked on

2022-01-15 10:44:10 - [TEST_STEP][PASSED] - setEncryptedText(findTestObject("Object Repository/Page_L Tm Anh Log in to the site/input_Password_password"), "eGmz8XUbrLe3vUQiiiujBg=="): Text ****** has been set on object 'Object Repository/Page_L Tm Anh Log in to the site/input_Password_password'

2022-01-15 10:44:11 - [MESSAGE][PASSED] - Text ****** has been set on object 'Object Repository/Page_L Tm Anh Log in to the site/input_Password_password'

2022-01-15 10:44:11 - [TEST_STEP][PASSED] - setText(findTestObject("Object Repository/Page_L Tm Anh Log in to the site/input_Username_username"), "anhle4"): Text 'anhle4' is set on object 'Object Repository/Page_L Tm Anh Log in to the site/input_Username_username'

2022-01-15 10:44:12 - [MESSAGE][PASSED] - Text 'anhle4' is set on object 'Object Repository/Page_L Tm Anh Log in to the site/input_Username_username'

2022-01-15 10:44:12 - [TEST_STEP][PASSED] - click(findTestObject("Object Repository/Page_L Tm Anh Log in to the site/button_Log in")): Object: 'Object Repository/Page_L Tm Anh Log in to the site/button_Log in' is clicked on

2022-01-15 10:44:13 - [MESSAGE][PASSED] - Object: 'Object Repository/Page_L Tm Anh Log in to the site/button_Log in' is clicked on

2022-01-15 10:44:13 - [TEST_STEP][PASSED] - click(findTestObject("Object Repository/Page_Dashboard/a_My courses")): Object: 'Object Repository/Page_Dashboard/a_My courses' is clicked on

2022-01-15 10:44:44 - [MESSAGE][INFO] - Unable to find the element located by 'By.xpath: //ul[@id='moremenu-61e0e36aac914-navbar-nav']/li[3]/a'. Please recheck the objects properties to make sure the desired element is located. 

2022-01-15 10:44:44 - [MESSAGE][WARNING] - [SELF-HEALING] Failed to find element with id 'Object Repository/Page_Dashboard/a_My courses'. Try using Self-healing.

2022-01-15 10:44:45 - [MESSAGE][WARNING] - [SELF-HEALING] The current locator of test object 'Object Repository/Page_Dashboard/a_My courses' was broken. Propose an alternative one: '//a[contains(text(),'My courses')]'.

2022-01-15 10:44:45 - [MESSAGE][PASSED] - Object: 'Object Repository/Page_Dashboard/a_My courses' is clicked on

2022-01-15 10:44:45 - [TEST_STEP][PASSED] - click(findTestObject("Object Repository/Page_My courses/div_Course image")): Object: 'Object Repository/Page_My courses/div_Course image' is clicked on

2022-01-15 10:44:46 - [MESSAGE][PASSED] - Object: 'Object Repository/Page_My courses/div_Course image' is clicked on

2022-01-15 10:44:46 - [TEST_STEP][PASSED] - click(findTestObject("Object Repository/Page_Course 4/a_Lesson 1")): Object: 'Object Repository/Page_Course 4/a_Lesson 1' is clicked on

2022-01-15 10:44:48 - [MESSAGE][PASSED] - Object: 'Object Repository/Page_Course 4/a_Lesson 1' is clicked on

2022-01-15 10:44:48 - [TEST_STEP][PASSED] - click(findTestObject("Object Repository/Page_4 Lesson 1 Anh le la ai/button_Edit")): Object: 'Object Repository/Page_4 Lesson 1 Anh le la ai/button_Edit' is clicked on

2022-01-15 10:45:20 - [MESSAGE][INFO] - Unable to find the element located by 'By.xpath: //button[@id='single_button61df66d14f59e11']'. Please recheck the objects properties to make sure the desired element is located. 

2022-01-15 10:45:20 - [MESSAGE][WARNING] - [SELF-HEALING] Failed to find element with id 'Object Repository/Page_4 Lesson 1 Anh le la ai/button_Edit'. Try using Self-healing.

2022-01-15 10:45:20 - [MESSAGE][WARNING] - [SELF-HEALING] The current locator of test object 'Object Repository/Page_4 Lesson 1 Anh le la ai/button_Edit' was broken. Propose an alternative one: '(.//*[normalize-space(text()) and normalize-space(.)='Mark as done'])[1]/following::button[1]'.

2022-01-15 10:45:21 - [MESSAGE][PASSED] - Object: 'Object Repository/Page_4 Lesson 1 Anh le la ai/button_Edit' is clicked on

2022-01-15 10:45:21 - [TEST_STEP][PASSED] - click(findTestObject("Object Repository/Page_4 Lesson 1 Edit/i_Next page_icon fa fa-arrows-v fa-fw")): Object: 'Object Repository/Page_4 Lesson 1 Edit/i_Next page_icon fa fa-arrows-v fa-fw' is clicked on

2022-01-15 10:45:22 - [MESSAGE][PASSED] - Object: 'Object Repository/Page_4 Lesson 1 Edit/i_Next page_icon fa fa-arrows-v fa-fw' is clicked on

2022-01-15 10:45:22 - [TEST_STEP][PASSED] - click(findTestObject("Object Repository/Page_4 Lesson 1 Moving page Anh le la ai/a_Move page to here")): Object: 'Object Repository/Page_4 Lesson 1 Moving page Anh le la ai/a_Move page to here' is clicked on

2022-01-15 10:45:24 - [MESSAGE][PASSED] - Object: 'Object Repository/Page_4 Lesson 1 Moving page Anh le la ai/a_Move page to here' is clicked on

2022-01-15 10:45:24 - [TEST_STEP][PASSED] - closeBrowser(): Browser is closed

2022-01-15 10:45:25 - [MESSAGE][PASSED] - Browser is closed]]></system-out>
         <system-err><![CDATA[]]></system-err>
      </testcase>
      <testcase name="Test Cases/Lesson/Preview a question in a lesson" time="76.433" classname="Test Cases/Lesson/Preview a question in a lesson" status="PASSED">
         <system-out><![CDATA[2022-01-15 10:45:25 - [TEST_CASE][PASSED] - Test Cases/Lesson/Preview a question in a lesson: Test Cases/Lesson/Preview a question in a lesson

2022-01-15 10:45:25 - [TEST_STEP][PASSED] - openBrowser(""): Browser is opened with url: ''

2022-01-15 10:45:25 - [MESSAGE][INFO] - Starting 'Chrome' driver

2022-01-15 10:45:25 - [MESSAGE][INFO] - Action delay is set to 0 milliseconds

2022-01-15 10:45:26 - [MESSAGE][PASSED] - Browser is opened with url: ''

2022-01-15 10:45:26 - [TEST_STEP][PASSED] - navigateToUrl("http://localhost/"): Navigate to 'http://localhost/' successfully

2022-01-15 10:45:27 - [MESSAGE][PASSED] - Navigate to 'http://localhost/' successfully

2022-01-15 10:45:27 - [TEST_STEP][PASSED] - click(findTestObject("Object Repository/Page_L Tm Anh/a_Log in")): Object: 'Object Repository/Page_L Tm Anh/a_Log in' is clicked on

2022-01-15 10:45:27 - [MESSAGE][PASSED] - Object: 'Object Repository/Page_L Tm Anh/a_Log in' is clicked on

2022-01-15 10:45:27 - [TEST_STEP][PASSED] - setEncryptedText(findTestObject("Object Repository/Page_L Tm Anh Log in to the site/input_Password_password"), "eGmz8XUbrLe3vUQiiiujBg=="): Text ****** has been set on object 'Object Repository/Page_L Tm Anh Log in to the site/input_Password_password'

2022-01-15 10:45:28 - [MESSAGE][PASSED] - Text ****** has been set on object 'Object Repository/Page_L Tm Anh Log in to the site/input_Password_password'

2022-01-15 10:45:28 - [TEST_STEP][PASSED] - setText(findTestObject("Object Repository/Page_L Tm Anh Log in to the site/input_Username_username"), "anhle4"): Text 'anhle4' is set on object 'Object Repository/Page_L Tm Anh Log in to the site/input_Username_username'

2022-01-15 10:45:29 - [MESSAGE][PASSED] - Text 'anhle4' is set on object 'Object Repository/Page_L Tm Anh Log in to the site/input_Username_username'

2022-01-15 10:45:29 - [TEST_STEP][PASSED] - click(findTestObject("Object Repository/Page_L Tm Anh Log in to the site/button_Log in")): Object: 'Object Repository/Page_L Tm Anh Log in to the site/button_Log in' is clicked on

2022-01-15 10:45:30 - [MESSAGE][PASSED] - Object: 'Object Repository/Page_L Tm Anh Log in to the site/button_Log in' is clicked on

2022-01-15 10:45:30 - [TEST_STEP][PASSED] - click(findTestObject("Object Repository/Page_Dashboard/a_My courses")): Object: 'Object Repository/Page_Dashboard/a_My courses' is clicked on

2022-01-15 10:46:01 - [MESSAGE][INFO] - Unable to find the element located by 'By.xpath: //ul[@id='moremenu-61e0e36aac914-navbar-nav']/li[3]/a'. Please recheck the objects properties to make sure the desired element is located. 

2022-01-15 10:46:01 - [MESSAGE][WARNING] - [SELF-HEALING] Failed to find element with id 'Object Repository/Page_Dashboard/a_My courses'. Try using Self-healing.

2022-01-15 10:46:01 - [MESSAGE][WARNING] - [SELF-HEALING] The current locator of test object 'Object Repository/Page_Dashboard/a_My courses' was broken. Propose an alternative one: '//a[contains(text(),'My courses')]'.

2022-01-15 10:46:02 - [MESSAGE][PASSED] - Object: 'Object Repository/Page_Dashboard/a_My courses' is clicked on

2022-01-15 10:46:02 - [TEST_STEP][PASSED] - click(findTestObject("Object Repository/Page_My courses/div_Course image")): Object: 'Object Repository/Page_My courses/div_Course image' is clicked on

2022-01-15 10:46:03 - [MESSAGE][PASSED] - Object: 'Object Repository/Page_My courses/div_Course image' is clicked on

2022-01-15 10:46:03 - [TEST_STEP][PASSED] - click(findTestObject("Object Repository/Page_Course 4/a_Lesson 1")): Object: 'Object Repository/Page_Course 4/a_Lesson 1' is clicked on

2022-01-15 10:46:05 - [MESSAGE][PASSED] - Object: 'Object Repository/Page_Course 4/a_Lesson 1' is clicked on

2022-01-15 10:46:05 - [TEST_STEP][PASSED] - click(findTestObject("Object Repository/Page_4 Lesson 1 Anh le la ai/button_Edit")): Object: 'Object Repository/Page_4 Lesson 1 Anh le la ai/button_Edit' is clicked on

2022-01-15 10:46:36 - [MESSAGE][INFO] - Unable to find the element located by 'By.xpath: //button[@id='single_button61df66d14f59e11']'. Please recheck the objects properties to make sure the desired element is located. 

2022-01-15 10:46:36 - [MESSAGE][WARNING] - [SELF-HEALING] Failed to find element with id 'Object Repository/Page_4 Lesson 1 Anh le la ai/button_Edit'. Try using Self-healing.

2022-01-15 10:46:37 - [MESSAGE][WARNING] - [SELF-HEALING] The current locator of test object 'Object Repository/Page_4 Lesson 1 Anh le la ai/button_Edit' was broken. Propose an alternative one: '(.//*[normalize-space(text()) and normalize-space(.)='Mark as done'])[1]/following::button[1]'.

2022-01-15 10:46:37 - [MESSAGE][PASSED] - Object: 'Object Repository/Page_4 Lesson 1 Anh le la ai/button_Edit' is clicked on

2022-01-15 10:46:37 - [TEST_STEP][PASSED] - click(findTestObject("Object Repository/Page_4 Lesson 1 Edit/i_Next page_icon fa fa-search-plus fa-fw")): Object: 'Object Repository/Page_4 Lesson 1 Edit/i_Next page_icon fa fa-search-plus fa-fw' is clicked on

2022-01-15 10:46:38 - [MESSAGE][PASSED] - Object: 'Object Repository/Page_4 Lesson 1 Edit/i_Next page_icon fa fa-search-plus fa-fw' is clicked on

2022-01-15 10:46:38 - [TEST_STEP][PASSED] - setText(findTestObject("Object Repository/Page_4 Lesson 1 Anh le la ai/div_1"), "<p dir="ltr" style="text-align: left;">1</p>"): Text '<p dir="ltr" style="text-align: left;">1</p>' is set on object 'Object Repository/Page_4 Lesson 1 Anh le la ai/div_1'

2022-01-15 10:46:39 - [MESSAGE][PASSED] - Text '<p dir="ltr" style="text-align: left;">1</p>' is set on object 'Object Repository/Page_4 Lesson 1 Anh le la ai/div_1'

2022-01-15 10:46:39 - [TEST_STEP][PASSED] - click(findTestObject("Object Repository/Page_4 Lesson 1 Anh le la ai/input_Rich text editor_submitbutton")): Object: 'Object Repository/Page_4 Lesson 1 Anh le la ai/input_Rich text editor_submitbutton' is clicked on

2022-01-15 10:46:41 - [MESSAGE][PASSED] - Object: 'Object Repository/Page_4 Lesson 1 Anh le la ai/input_Rich text editor_submitbutton' is clicked on

2022-01-15 10:46:41 - [TEST_STEP][PASSED] - closeBrowser(): Browser is closed

2022-01-15 10:46:41 - [MESSAGE][PASSED] - Browser is closed]]></system-out>
         <system-err><![CDATA[]]></system-err>
      </testcase>
      <testcase name="Test Cases/Lesson/Sent email have graded a lesson to a student" time="73.817" classname="Test Cases/Lesson/Sent email have graded a lesson to a student" status="PASSED">
         <system-out><![CDATA[2022-01-15 10:46:41 - [TEST_CASE][PASSED] - Test Cases/Lesson/Sent email have graded a lesson to a student: Test Cases/Lesson/Sent email have graded a lesson to a student

2022-01-15 10:46:42 - [TEST_STEP][PASSED] - openBrowser(""): Browser is opened with url: ''

2022-01-15 10:46:42 - [MESSAGE][INFO] - Starting 'Chrome' driver

2022-01-15 10:46:42 - [MESSAGE][INFO] - Action delay is set to 0 milliseconds

2022-01-15 10:46:43 - [MESSAGE][PASSED] - Browser is opened with url: ''

2022-01-15 10:46:43 - [TEST_STEP][PASSED] - navigateToUrl("http://localhost/"): Navigate to 'http://localhost/' successfully

2022-01-15 10:46:44 - [MESSAGE][PASSED] - Navigate to 'http://localhost/' successfully

2022-01-15 10:46:44 - [TEST_STEP][PASSED] - click(findTestObject("Object Repository/Page_L Tm Anh/a_Log in")): Object: 'Object Repository/Page_L Tm Anh/a_Log in' is clicked on

2022-01-15 10:46:44 - [MESSAGE][PASSED] - Object: 'Object Repository/Page_L Tm Anh/a_Log in' is clicked on

2022-01-15 10:46:44 - [TEST_STEP][PASSED] - setEncryptedText(findTestObject("Object Repository/Page_L Tm Anh Log in to the site/input_Password_password"), "eGmz8XUbrLe3vUQiiiujBg=="): Text ****** has been set on object 'Object Repository/Page_L Tm Anh Log in to the site/input_Password_password'

2022-01-15 10:46:45 - [MESSAGE][PASSED] - Text ****** has been set on object 'Object Repository/Page_L Tm Anh Log in to the site/input_Password_password'

2022-01-15 10:46:45 - [TEST_STEP][PASSED] - setText(findTestObject("Object Repository/Page_L Tm Anh Log in to the site/input_Username_username"), "anhle6"): Text 'anhle6' is set on object 'Object Repository/Page_L Tm Anh Log in to the site/input_Username_username'

2022-01-15 10:46:45 - [MESSAGE][PASSED] - Text 'anhle6' is set on object 'Object Repository/Page_L Tm Anh Log in to the site/input_Username_username'

2022-01-15 10:46:45 - [TEST_STEP][PASSED] - click(findTestObject("Object Repository/Page_L Tm Anh Log in to the site/button_Log in")): Object: 'Object Repository/Page_L Tm Anh Log in to the site/button_Log in' is clicked on

2022-01-15 10:46:47 - [MESSAGE][PASSED] - Object: 'Object Repository/Page_L Tm Anh Log in to the site/button_Log in' is clicked on

2022-01-15 10:46:47 - [TEST_STEP][PASSED] - click(findTestObject("Object Repository/Page_Dashboard/a_My courses")): Object: 'Object Repository/Page_Dashboard/a_My courses' is clicked on

2022-01-15 10:47:18 - [MESSAGE][INFO] - Unable to find the element located by 'By.xpath: //ul[@id='moremenu-61e0e36aac914-navbar-nav']/li[3]/a'. Please recheck the objects properties to make sure the desired element is located. 

2022-01-15 10:47:18 - [MESSAGE][WARNING] - [SELF-HEALING] Failed to find element with id 'Object Repository/Page_Dashboard/a_My courses'. Try using Self-healing.

2022-01-15 10:47:18 - [MESSAGE][WARNING] - [SELF-HEALING] The current locator of test object 'Object Repository/Page_Dashboard/a_My courses' was broken. Propose an alternative one: '//a[contains(text(),'My courses')]'.

2022-01-15 10:47:18 - [MESSAGE][PASSED] - Object: 'Object Repository/Page_Dashboard/a_My courses' is clicked on

2022-01-15 10:47:18 - [TEST_STEP][PASSED] - click(findTestObject("Object Repository/Page_My courses/div_Course image")): Object: 'Object Repository/Page_My courses/div_Course image' is clicked on

2022-01-15 10:47:20 - [MESSAGE][PASSED] - Object: 'Object Repository/Page_My courses/div_Course image' is clicked on

2022-01-15 10:47:20 - [TEST_STEP][PASSED] - click(findTestObject("Object Repository/Page_Course 5/a_Lesson 5")): Object: 'Object Repository/Page_Course 5/a_Lesson 5' is clicked on

2022-01-15 10:47:21 - [MESSAGE][PASSED] - Object: 'Object Repository/Page_Course 5/a_Lesson 5' is clicked on

2022-01-15 10:47:21 - [TEST_STEP][PASSED] - click(findTestObject("Object Repository/Page_5 Lesson 5 1/button_Grade essays")): Object: 'Object Repository/Page_5 Lesson 5 1/button_Grade essays' is clicked on

2022-01-15 10:47:52 - [MESSAGE][INFO] - Unable to find the element located by 'By.xpath: //button[@id='single_button61df6928268f812']'. Please recheck the objects properties to make sure the desired element is located. 

2022-01-15 10:47:52 - [MESSAGE][WARNING] - [SELF-HEALING] Failed to find element with id 'Object Repository/Page_5 Lesson 5 1/button_Grade essays'. Try using Self-healing.

2022-01-15 10:47:52 - [MESSAGE][WARNING] - [SELF-HEALING] The current locator of test object 'Object Repository/Page_5 Lesson 5 1/button_Grade essays' was broken. Propose an alternative one: '(.//*[normalize-space(text()) and normalize-space(.)='Mark as done'])[1]/following::button[2]'.

2022-01-15 10:47:53 - [MESSAGE][PASSED] - Object: 'Object Repository/Page_5 Lesson 5 1/button_Grade essays' is clicked on

2022-01-15 10:47:53 - [TEST_STEP][PASSED] - click(findTestObject("Object Repository/Page_5 Lesson 5 Grade essays/a_Email graded essays")): Object: 'Object Repository/Page_5 Lesson 5 Grade essays/a_Email graded essays' is clicked on

2022-01-15 10:47:54 - [MESSAGE][PASSED] - Object: 'Object Repository/Page_5 Lesson 5 Grade essays/a_Email graded essays' is clicked on

2022-01-15 10:47:54 - [TEST_STEP][PASSED] - closeBrowser(): Browser is closed

2022-01-15 10:47:55 - [MESSAGE][PASSED] - Browser is closed]]></system-out>
         <system-err><![CDATA[]]></system-err>
      </testcase>
      <testcase name="Test Cases/Lesson/Sent email have graded essay to all student" time="74.366" classname="Test Cases/Lesson/Sent email have graded essay to all student" status="PASSED">
         <system-out><![CDATA[2022-01-15 10:47:55 - [TEST_CASE][PASSED] - Test Cases/Lesson/Sent email have graded essay to all student: Test Cases/Lesson/Sent email have graded essay to all student

2022-01-15 10:47:55 - [TEST_STEP][PASSED] - openBrowser(""): Browser is opened with url: ''

2022-01-15 10:47:55 - [MESSAGE][INFO] - Starting 'Chrome' driver

2022-01-15 10:47:55 - [MESSAGE][INFO] - Action delay is set to 0 milliseconds

2022-01-15 10:47:57 - [MESSAGE][PASSED] - Browser is opened with url: ''

2022-01-15 10:47:57 - [TEST_STEP][PASSED] - navigateToUrl("http://localhost/"): Navigate to 'http://localhost/' successfully

2022-01-15 10:47:57 - [MESSAGE][PASSED] - Navigate to 'http://localhost/' successfully

2022-01-15 10:47:57 - [TEST_STEP][PASSED] - click(findTestObject("Object Repository/Page_L Tm Anh/a_Log in")): Object: 'Object Repository/Page_L Tm Anh/a_Log in' is clicked on

2022-01-15 10:47:58 - [MESSAGE][PASSED] - Object: 'Object Repository/Page_L Tm Anh/a_Log in' is clicked on

2022-01-15 10:47:58 - [TEST_STEP][PASSED] - setEncryptedText(findTestObject("Object Repository/Page_L Tm Anh Log in to the site/input_Password_password"), "eGmz8XUbrLe3vUQiiiujBg=="): Text ****** has been set on object 'Object Repository/Page_L Tm Anh Log in to the site/input_Password_password'

2022-01-15 10:47:58 - [MESSAGE][PASSED] - Text ****** has been set on object 'Object Repository/Page_L Tm Anh Log in to the site/input_Password_password'

2022-01-15 10:47:58 - [TEST_STEP][PASSED] - setText(findTestObject("Object Repository/Page_L Tm Anh Log in to the site/input_Username_username"), "anhle6"): Text 'anhle6' is set on object 'Object Repository/Page_L Tm Anh Log in to the site/input_Username_username'

2022-01-15 10:47:59 - [MESSAGE][PASSED] - Text 'anhle6' is set on object 'Object Repository/Page_L Tm Anh Log in to the site/input_Username_username'

2022-01-15 10:47:59 - [TEST_STEP][PASSED] - click(findTestObject("Object Repository/Page_L Tm Anh Log in to the site/button_Log in")): Object: 'Object Repository/Page_L Tm Anh Log in to the site/button_Log in' is clicked on

2022-01-15 10:48:00 - [MESSAGE][PASSED] - Object: 'Object Repository/Page_L Tm Anh Log in to the site/button_Log in' is clicked on

2022-01-15 10:48:00 - [TEST_STEP][PASSED] - click(findTestObject("Object Repository/Page_Dashboard/a_My courses")): Object: 'Object Repository/Page_Dashboard/a_My courses' is clicked on

2022-01-15 10:48:32 - [MESSAGE][INFO] - Unable to find the element located by 'By.xpath: //ul[@id='moremenu-61e0e36aac914-navbar-nav']/li[3]/a'. Please recheck the objects properties to make sure the desired element is located. 

2022-01-15 10:48:32 - [MESSAGE][WARNING] - [SELF-HEALING] Failed to find element with id 'Object Repository/Page_Dashboard/a_My courses'. Try using Self-healing.

2022-01-15 10:48:32 - [MESSAGE][WARNING] - [SELF-HEALING] The current locator of test object 'Object Repository/Page_Dashboard/a_My courses' was broken. Propose an alternative one: '//a[contains(text(),'My courses')]'.

2022-01-15 10:48:32 - [MESSAGE][PASSED] - Object: 'Object Repository/Page_Dashboard/a_My courses' is clicked on

2022-01-15 10:48:32 - [TEST_STEP][PASSED] - click(findTestObject("Object Repository/Page_My courses/div_Course image")): Object: 'Object Repository/Page_My courses/div_Course image' is clicked on

2022-01-15 10:48:34 - [MESSAGE][PASSED] - Object: 'Object Repository/Page_My courses/div_Course image' is clicked on

2022-01-15 10:48:34 - [TEST_STEP][PASSED] - click(findTestObject("Object Repository/Page_Course 5/a_Lesson 5")): Object: 'Object Repository/Page_Course 5/a_Lesson 5' is clicked on

2022-01-15 10:48:36 - [MESSAGE][PASSED] - Object: 'Object Repository/Page_Course 5/a_Lesson 5' is clicked on

2022-01-15 10:48:36 - [TEST_STEP][PASSED] - click(findTestObject("Object Repository/Page_5 Lesson 5 1/button_Grade essays")): Object: 'Object Repository/Page_5 Lesson 5 1/button_Grade essays' is clicked on

2022-01-15 10:49:07 - [MESSAGE][INFO] - Unable to find the element located by 'By.xpath: //button[@id='single_button61df6928268f812']'. Please recheck the objects properties to make sure the desired element is located. 

2022-01-15 10:49:07 - [MESSAGE][WARNING] - [SELF-HEALING] Failed to find element with id 'Object Repository/Page_5 Lesson 5 1/button_Grade essays'. Try using Self-healing.

2022-01-15 10:49:07 - [MESSAGE][WARNING] - [SELF-HEALING] The current locator of test object 'Object Repository/Page_5 Lesson 5 1/button_Grade essays' was broken. Propose an alternative one: '(.//*[normalize-space(text()) and normalize-space(.)='Mark as done'])[1]/following::button[2]'.

2022-01-15 10:49:07 - [MESSAGE][PASSED] - Object: 'Object Repository/Page_5 Lesson 5 1/button_Grade essays' is clicked on

2022-01-15 10:49:07 - [TEST_STEP][PASSED] - click(findTestObject("Object Repository/Page_5 Lesson 5 Grade essays/a_Email ALL graded essays")): Object: 'Object Repository/Page_5 Lesson 5 Grade essays/a_Email ALL graded essays' is clicked on

2022-01-15 10:49:09 - [MESSAGE][PASSED] - Object: 'Object Repository/Page_5 Lesson 5 Grade essays/a_Email ALL graded essays' is clicked on

2022-01-15 10:49:09 - [TEST_STEP][PASSED] - closeBrowser(): Browser is closed

2022-01-15 10:49:10 - [MESSAGE][PASSED] - Browser is closed]]></system-out>
         <system-err><![CDATA[]]></system-err>
      </testcase>
      <testcase name="Test Cases/I2/View grade of list course" time="7.915" classname="Test Cases/I2/View grade of list course" status="PASSED">
         <system-out><![CDATA[2022-01-15 10:49:10 - [TEST_CASE][PASSED] - Test Cases/I2/View grade of list course: Test Cases/I2/View grade of list course

2022-01-15 10:49:10 - [TEST_STEP][PASSED] - openBrowser(""): Browser is opened with url: ''

2022-01-15 10:49:10 - [MESSAGE][INFO] - Starting 'Chrome' driver

2022-01-15 10:49:10 - [MESSAGE][INFO] - Action delay is set to 0 milliseconds

2022-01-15 10:49:11 - [MESSAGE][PASSED] - Browser is opened with url: ''

2022-01-15 10:49:11 - [TEST_STEP][PASSED] - navigateToUrl("http://localhost/"): Navigate to 'http://localhost/' successfully

2022-01-15 10:49:12 - [MESSAGE][PASSED] - Navigate to 'http://localhost/' successfully

2022-01-15 10:49:12 - [TEST_STEP][PASSED] - click(findTestObject("Object Repository/Page_L Tm Anh/a_Log in")): Object: 'Object Repository/Page_L Tm Anh/a_Log in' is clicked on

2022-01-15 10:49:12 - [MESSAGE][PASSED] - Object: 'Object Repository/Page_L Tm Anh/a_Log in' is clicked on

2022-01-15 10:49:12 - [TEST_STEP][PASSED] - setText(findTestObject("Object Repository/Page_L Tm Anh Log in to the site/input_Username_username"), "anhle2"): Text 'anhle2' is set on object 'Object Repository/Page_L Tm Anh Log in to the site/input_Username_username'

2022-01-15 10:49:13 - [MESSAGE][PASSED] - Text 'anhle2' is set on object 'Object Repository/Page_L Tm Anh Log in to the site/input_Username_username'

2022-01-15 10:49:13 - [TEST_STEP][PASSED] - setEncryptedText(findTestObject("Object Repository/Page_L Tm Anh Log in to the site/input_Password_password"), "eGmz8XUbrLe3vUQiiiujBg=="): Text ****** has been set on object 'Object Repository/Page_L Tm Anh Log in to the site/input_Password_password'

2022-01-15 10:49:14 - [MESSAGE][PASSED] - Text ****** has been set on object 'Object Repository/Page_L Tm Anh Log in to the site/input_Password_password'

2022-01-15 10:49:14 - [TEST_STEP][PASSED] - click(findTestObject("Object Repository/Page_L Tm Anh Log in to the site/button_Log in")): Object: 'Object Repository/Page_L Tm Anh Log in to the site/button_Log in' is clicked on

2022-01-15 10:49:15 - [MESSAGE][PASSED] - Object: 'Object Repository/Page_L Tm Anh Log in to the site/button_Log in' is clicked on

2022-01-15 10:49:15 - [TEST_STEP][PASSED] - click(findTestObject("Object Repository/Page_Dashboard/a_T1")): Object: 'Object Repository/Page_Dashboard/a_T1' is clicked on

2022-01-15 10:49:16 - [MESSAGE][PASSED] - Object: 'Object Repository/Page_Dashboard/a_T1' is clicked on

2022-01-15 10:49:16 - [TEST_STEP][PASSED] - click(findTestObject("Object Repository/Page_Dashboard/a_Grades")): Object: 'Object Repository/Page_Dashboard/a_Grades' is clicked on

2022-01-15 10:49:17 - [MESSAGE][PASSED] - Object: 'Object Repository/Page_Dashboard/a_Grades' is clicked on

2022-01-15 10:49:17 - [TEST_STEP][PASSED] - closeBrowser(): Browser is closed

2022-01-15 10:49:17 - [MESSAGE][PASSED] - Browser is closed]]></system-out>
         <system-err><![CDATA[]]></system-err>
      </testcase>
      <testcase name="Test Cases/I2/Teacher view grade of a course" time="9.434" classname="Test Cases/I2/Teacher view grade of a course" status="PASSED">
         <system-out><![CDATA[2022-01-15 10:49:18 - [TEST_CASE][PASSED] - Test Cases/I2/Teacher view grade of a course: Test Cases/I2/Teacher view grade of a course

2022-01-15 10:49:18 - [TEST_STEP][PASSED] - openBrowser(""): Browser is opened with url: ''

2022-01-15 10:49:18 - [MESSAGE][INFO] - Starting 'Chrome' driver

2022-01-15 10:49:18 - [MESSAGE][INFO] - Action delay is set to 0 milliseconds

2022-01-15 10:49:19 - [MESSAGE][PASSED] - Browser is opened with url: ''

2022-01-15 10:49:19 - [TEST_STEP][PASSED] - navigateToUrl("http://localhost/"): Navigate to 'http://localhost/' successfully

2022-01-15 10:49:19 - [MESSAGE][PASSED] - Navigate to 'http://localhost/' successfully

2022-01-15 10:49:19 - [TEST_STEP][PASSED] - click(findTestObject("Object Repository/Page_L Tm Anh/a_Log in")): Object: 'Object Repository/Page_L Tm Anh/a_Log in' is clicked on

2022-01-15 10:49:20 - [MESSAGE][PASSED] - Object: 'Object Repository/Page_L Tm Anh/a_Log in' is clicked on

2022-01-15 10:49:20 - [TEST_STEP][PASSED] - setText(findTestObject("Object Repository/Page_L Tm Anh Log in to the site/input_Username_username"), "admin"): Text 'admin' is set on object 'Object Repository/Page_L Tm Anh Log in to the site/input_Username_username'

2022-01-15 10:49:21 - [MESSAGE][PASSED] - Text 'admin' is set on object 'Object Repository/Page_L Tm Anh Log in to the site/input_Username_username'

2022-01-15 10:49:21 - [TEST_STEP][PASSED] - setEncryptedText(findTestObject("Object Repository/Page_L Tm Anh Log in to the site/input_Password_password"), "eGmz8XUbrLe3vUQiiiujBg=="): Text ****** has been set on object 'Object Repository/Page_L Tm Anh Log in to the site/input_Password_password'

2022-01-15 10:49:21 - [MESSAGE][PASSED] - Text ****** has been set on object 'Object Repository/Page_L Tm Anh Log in to the site/input_Password_password'

2022-01-15 10:49:21 - [TEST_STEP][PASSED] - click(findTestObject("Object Repository/Page_L Tm Anh Log in to the site/button_Log in")): Object: 'Object Repository/Page_L Tm Anh Log in to the site/button_Log in' is clicked on

2022-01-15 10:49:22 - [MESSAGE][PASSED] - Object: 'Object Repository/Page_L Tm Anh Log in to the site/button_Log in' is clicked on

2022-01-15 10:49:22 - [TEST_STEP][PASSED] - click(findTestObject("Object Repository/Page_Dashboard/a_AU")): Object: 'Object Repository/Page_Dashboard/a_AU' is clicked on

2022-01-15 10:49:23 - [MESSAGE][PASSED] - Object: 'Object Repository/Page_Dashboard/a_AU' is clicked on

2022-01-15 10:49:23 - [TEST_STEP][PASSED] - click(findTestObject("Object Repository/Page_Dashboard/a_Grades")): Object: 'Object Repository/Page_Dashboard/a_Grades' is clicked on

2022-01-15 10:49:24 - [MESSAGE][PASSED] - Object: 'Object Repository/Page_Dashboard/a_Grades' is clicked on

2022-01-15 10:49:24 - [TEST_STEP][PASSED] - click(findTestObject("Object Repository/Page_Grades - Admin User/a_1")): Object: 'Object Repository/Page_Grades - Admin User/a_1' is clicked on

2022-01-15 10:49:26 - [MESSAGE][PASSED] - Object: 'Object Repository/Page_Grades - Admin User/a_1' is clicked on

2022-01-15 10:49:26 - [TEST_STEP][PASSED] - closeBrowser(): Browser is closed

2022-01-15 10:49:27 - [MESSAGE][PASSED] - Browser is closed]]></system-out>
         <system-err><![CDATA[]]></system-err>
      </testcase>
      <testcase name="Test Cases/I2/Student view grade of a course" time="9.254" classname="Test Cases/I2/Student view grade of a course" status="PASSED">
         <system-out><![CDATA[2022-01-15 10:49:27 - [TEST_CASE][PASSED] - Test Cases/I2/Student view grade of a course: Test Cases/I2/Student view grade of a course

2022-01-15 10:49:27 - [TEST_STEP][PASSED] - openBrowser(""): Browser is opened with url: ''

2022-01-15 10:49:27 - [MESSAGE][INFO] - Starting 'Chrome' driver

2022-01-15 10:49:27 - [MESSAGE][INFO] - Action delay is set to 0 milliseconds

2022-01-15 10:49:28 - [MESSAGE][PASSED] - Browser is opened with url: ''

2022-01-15 10:49:28 - [TEST_STEP][PASSED] - navigateToUrl("http://localhost/"): Navigate to 'http://localhost/' successfully

2022-01-15 10:49:29 - [MESSAGE][PASSED] - Navigate to 'http://localhost/' successfully

2022-01-15 10:49:29 - [TEST_STEP][PASSED] - click(findTestObject("Object Repository/Page_L Tm Anh/a_Log in")): Object: 'Object Repository/Page_L Tm Anh/a_Log in' is clicked on

2022-01-15 10:49:30 - [MESSAGE][PASSED] - Object: 'Object Repository/Page_L Tm Anh/a_Log in' is clicked on

2022-01-15 10:49:30 - [TEST_STEP][PASSED] - setText(findTestObject("Object Repository/Page_L Tm Anh Log in to the site/input_Username_username"), "anhle2"): Text 'anhle2' is set on object 'Object Repository/Page_L Tm Anh Log in to the site/input_Username_username'

2022-01-15 10:49:30 - [MESSAGE][PASSED] - Text 'anhle2' is set on object 'Object Repository/Page_L Tm Anh Log in to the site/input_Username_username'

2022-01-15 10:49:30 - [TEST_STEP][PASSED] - click(findTestObject("Object Repository/Page_L Tm Anh Log in to the site/form_Username                              _635ab4")): Object: 'Object Repository/Page_L Tm Anh Log in to the site/form_Username                              _635ab4' is clicked on

2022-01-15 10:49:31 - [MESSAGE][PASSED] - Object: 'Object Repository/Page_L Tm Anh Log in to the site/form_Username                              _635ab4' is clicked on

2022-01-15 10:49:31 - [TEST_STEP][PASSED] - setEncryptedText(findTestObject("Object Repository/Page_L Tm Anh Log in to the site/input_Password_password"), "eGmz8XUbrLe3vUQiiiujBg=="): Text ****** has been set on object 'Object Repository/Page_L Tm Anh Log in to the site/input_Password_password'

2022-01-15 10:49:31 - [MESSAGE][PASSED] - Text ****** has been set on object 'Object Repository/Page_L Tm Anh Log in to the site/input_Password_password'

2022-01-15 10:49:31 - [TEST_STEP][PASSED] - click(findTestObject("Object Repository/Page_L Tm Anh Log in to the site/button_Log in")): Object: 'Object Repository/Page_L Tm Anh Log in to the site/button_Log in' is clicked on

2022-01-15 10:49:33 - [MESSAGE][PASSED] - Object: 'Object Repository/Page_L Tm Anh Log in to the site/button_Log in' is clicked on

2022-01-15 10:49:33 - [TEST_STEP][PASSED] - click(findTestObject("Object Repository/Page_Dashboard/a_T1")): Object: 'Object Repository/Page_Dashboard/a_T1' is clicked on

2022-01-15 10:49:34 - [MESSAGE][PASSED] - Object: 'Object Repository/Page_Dashboard/a_T1' is clicked on

2022-01-15 10:49:34 - [TEST_STEP][PASSED] - click(findTestObject("Object Repository/Page_Dashboard/a_Grades")): Object: 'Object Repository/Page_Dashboard/a_Grades' is clicked on

2022-01-15 10:49:34 - [MESSAGE][PASSED] - Object: 'Object Repository/Page_Dashboard/a_Grades' is clicked on

2022-01-15 10:49:34 - [TEST_STEP][PASSED] - click(findTestObject("Object Repository/Page_Grades - Thien 1/a_1")): Object: 'Object Repository/Page_Grades - Thien 1/a_1' is clicked on

2022-01-15 10:49:36 - [MESSAGE][PASSED] - Object: 'Object Repository/Page_Grades - Thien 1/a_1' is clicked on

2022-01-15 10:49:36 - [TEST_STEP][PASSED] - closeBrowser(): Browser is closed

2022-01-15 10:49:36 - [MESSAGE][PASSED] - Browser is closed]]></system-out>
         <system-err><![CDATA[]]></system-err>
      </testcase>
      <system-out><![CDATA[2022-01-15 08:55:31 - [TEST_SUITE][FAILED] - Run all test cases: Test Cases/Chat/Chat starred FAILED.
Reason:
com.kms.katalon.core.exception.StepFailedException: Unable to set text 'alo' of object 'Object Repository/Page_Dashboard/textarea_Use enter to send_yui_3_17_2_1_164_f30280'
	at com.kms.katalon.core.webui.keyword.internal.WebUIKeywordMain.stepFailed(WebUIKeywordMain.groovy:64)
	at com.kms.katalon.core.webui.keyword.internal.WebUIKeywordMain.runKeyword(WebUIKeywordMain.groovy:26)
	at com.kms.katalon.core.webui.keyword.builtin.SetTextKeyword.setText(SetTextKeyword.groovy:66)
	at com.kms.katalon.core.webui.keyword.builtin.SetTextKeyword.execute(SetTextKeyword.groovy:37)
	at com.kms.katalon.core.keyword.internal.KeywordExecutor.executeKeywordForPlatform(KeywordExecutor.groovy:74)
	at com.kms.katalon.core.webui.keyword.WebUiBuiltInKeywords.setText(WebUiBuiltInKeywords.groovy:980)
	at com.kms.katalon.core.webui.keyword.WebUiBuiltInKeywords$setText$2.call(Unknown Source)
	at Chat starred.run(Chat starred:36)
	at com.kms.katalon.core.main.ScriptEngine.run(ScriptEngine.java:194)
	at com.kms.katalon.core.main.ScriptEngine.runScriptAsRawText(ScriptEngine.java:119)
	at com.kms.katalon.core.main.TestCaseExecutor.runScript(TestCaseExecutor.java:442)
	at com.kms.katalon.core.main.TestCaseExecutor.doExecute(TestCaseExecutor.java:433)
	at com.kms.katalon.core.main.TestCaseExecutor.processExecutionPhase(TestCaseExecutor.java:412)
	at com.kms.katalon.core.main.TestCaseExecutor.accessMainPhase(TestCaseExecutor.java:404)
	at com.kms.katalon.core.main.TestCaseExecutor.execute(TestCaseExecutor.java:281)
	at com.kms.katalon.core.main.TestSuiteExecutor.accessTestCaseMainPhase(TestSuiteExecutor.java:202)
	at com.kms.katalon.core.main.TestSuiteExecutor.accessTestSuiteMainPhase(TestSuiteExecutor.java:164)
	at com.kms.katalon.core.main.TestSuiteExecutor.execute(TestSuiteExecutor.java:105)
	at com.kms.katalon.core.main.TestCaseMain.startTestSuite(TestCaseMain.java:181)
	at com.kms.katalon.core.main.TestCaseMain$startTestSuite$0.call(Unknown Source)
	at TempTestSuite1642211722550.run(TempTestSuite1642211722550.groovy:36)
Caused by: org.openqa.selenium.ElementNotInteractableException: element not interactable
  (Session info: chrome=97.0.4692.71)
Build info: version: '3.141.59', revision: 'e82be7d358', time: '2018-11-14T08:25:53'
System info: host: 'DESKTOP-5O7CBM9', ip: '192.168.16.1', os.name: 'Windows 10', os.arch: 'amd64', os.version: '10.0', java.version: '1.8.0_282'
Driver info: com.kms.katalon.selenium.driver.CChromeDriver
Capabilities {acceptInsecureCerts: false, browserName: chrome, browserVersion: 97.0.4692.71, chrome: {chromedriverVersion: 97.0.4692.71 (adefa7837d02a..., userDataDir: C:\Users\antra\AppData\Loca...}, goog:chromeOptions: {debuggerAddress: localhost:54716}, javascriptEnabled: true, networkConnectionEnabled: false, pageLoadStrategy: normal, platform: WINDOWS, platformName: WINDOWS, proxy: Proxy(), setWindowRect: true, strictFileInteractability: false, timeouts: {implicit: 0, pageLoad: 300000, script: 30000}, unhandledPromptBehavior: dismiss and notify, webauthn:extension:credBlob: true, webauthn:extension:largeBlob: true, webauthn:virtualAuthenticators: true}
Session ID: 59ab6a2b8b76dcd8339c4ce49485dc10
	at org.openqa.selenium.remote.http.W3CHttpResponseCodec.createException(W3CHttpResponseCodec.java:187)
	at org.openqa.selenium.remote.http.W3CHttpResponseCodec.decode(W3CHttpResponseCodec.java:122)
	at org.openqa.selenium.remote.http.W3CHttpResponseCodec.decode(W3CHttpResponseCodec.java:49)
	at org.openqa.selenium.remote.HttpCommandExecutor.execute(HttpCommandExecutor.java:158)
	at org.openqa.selenium.remote.service.DriverCommandExecutor.execute(DriverCommandExecutor.java:83)
	at org.openqa.selenium.remote.RemoteWebDriver.execute(RemoteWebDriver.java:552)
	at com.kms.katalon.selenium.driver.CChromeDriver.execute(CChromeDriver.java:19)
	at org.openqa.selenium.remote.RemoteWebElement.execute(RemoteWebElement.java:285)
	at org.openqa.selenium.remote.RemoteWebElement.clear(RemoteWebElement.java:124)
	at org.openqa.selenium.support.events.EventFiringWebDriver$EventFiringWebElement.lambda$new$0(EventFiringWebDriver.java:404)
	at com.sun.proxy.$Proxy11.clear(Unknown Source)
	at org.openqa.selenium.support.events.EventFiringWebDriver$EventFiringWebElement.clear(EventFiringWebDriver.java:436)
	at com.kms.katalon.core.webui.keyword.builtin.SetTextKeyword$_setText_closure1.doCall(SetTextKeyword.groovy:53)
	at com.kms.katalon.core.webui.keyword.builtin.SetTextKeyword$_setText_closure1.call(SetTextKeyword.groovy)
	at com.kms.katalon.core.webui.keyword.internal.WebUIKeywordMain.runKeyword(WebUIKeywordMain.groovy:20)
	... 19 more]]></system-out>
      <system-err><![CDATA[2022-01-15 08:55:31 - [TEST_SUITE][FAILED] - Run all test cases: Test Cases/Chat/Chat starred FAILED.
Reason:
com.kms.katalon.core.exception.StepFailedException: Unable to set text 'alo' of object 'Object Repository/Page_Dashboard/textarea_Use enter to send_yui_3_17_2_1_164_f30280'
	at com.kms.katalon.core.webui.keyword.internal.WebUIKeywordMain.stepFailed(WebUIKeywordMain.groovy:64)
	at com.kms.katalon.core.webui.keyword.internal.WebUIKeywordMain.runKeyword(WebUIKeywordMain.groovy:26)
	at com.kms.katalon.core.webui.keyword.builtin.SetTextKeyword.setText(SetTextKeyword.groovy:66)
	at com.kms.katalon.core.webui.keyword.builtin.SetTextKeyword.execute(SetTextKeyword.groovy:37)
	at com.kms.katalon.core.keyword.internal.KeywordExecutor.executeKeywordForPlatform(KeywordExecutor.groovy:74)
	at com.kms.katalon.core.webui.keyword.WebUiBuiltInKeywords.setText(WebUiBuiltInKeywords.groovy:980)
	at com.kms.katalon.core.webui.keyword.WebUiBuiltInKeywords$setText$2.call(Unknown Source)
	at Chat starred.run(Chat starred:36)
	at com.kms.katalon.core.main.ScriptEngine.run(ScriptEngine.java:194)
	at com.kms.katalon.core.main.ScriptEngine.runScriptAsRawText(ScriptEngine.java:119)
	at com.kms.katalon.core.main.TestCaseExecutor.runScript(TestCaseExecutor.java:442)
	at com.kms.katalon.core.main.TestCaseExecutor.doExecute(TestCaseExecutor.java:433)
	at com.kms.katalon.core.main.TestCaseExecutor.processExecutionPhase(TestCaseExecutor.java:412)
	at com.kms.katalon.core.main.TestCaseExecutor.accessMainPhase(TestCaseExecutor.java:404)
	at com.kms.katalon.core.main.TestCaseExecutor.execute(TestCaseExecutor.java:281)
	at com.kms.katalon.core.main.TestSuiteExecutor.accessTestCaseMainPhase(TestSuiteExecutor.java:202)
	at com.kms.katalon.core.main.TestSuiteExecutor.accessTestSuiteMainPhase(TestSuiteExecutor.java:164)
	at com.kms.katalon.core.main.TestSuiteExecutor.execute(TestSuiteExecutor.java:105)
	at com.kms.katalon.core.main.TestCaseMain.startTestSuite(TestCaseMain.java:181)
	at com.kms.katalon.core.main.TestCaseMain$startTestSuite$0.call(Unknown Source)
	at TempTestSuite1642211722550.run(TempTestSuite1642211722550.groovy:36)
Caused by: org.openqa.selenium.ElementNotInteractableException: element not interactable
  (Session info: chrome=97.0.4692.71)
Build info: version: '3.141.59', revision: 'e82be7d358', time: '2018-11-14T08:25:53'
System info: host: 'DESKTOP-5O7CBM9', ip: '192.168.16.1', os.name: 'Windows 10', os.arch: 'amd64', os.version: '10.0', java.version: '1.8.0_282'
Driver info: com.kms.katalon.selenium.driver.CChromeDriver
Capabilities {acceptInsecureCerts: false, browserName: chrome, browserVersion: 97.0.4692.71, chrome: {chromedriverVersion: 97.0.4692.71 (adefa7837d02a..., userDataDir: C:\Users\antra\AppData\Loca...}, goog:chromeOptions: {debuggerAddress: localhost:54716}, javascriptEnabled: true, networkConnectionEnabled: false, pageLoadStrategy: normal, platform: WINDOWS, platformName: WINDOWS, proxy: Proxy(), setWindowRect: true, strictFileInteractability: false, timeouts: {implicit: 0, pageLoad: 300000, script: 30000}, unhandledPromptBehavior: dismiss and notify, webauthn:extension:credBlob: true, webauthn:extension:largeBlob: true, webauthn:virtualAuthenticators: true}
Session ID: 59ab6a2b8b76dcd8339c4ce49485dc10
	at org.openqa.selenium.remote.http.W3CHttpResponseCodec.createException(W3CHttpResponseCodec.java:187)
	at org.openqa.selenium.remote.http.W3CHttpResponseCodec.decode(W3CHttpResponseCodec.java:122)
	at org.openqa.selenium.remote.http.W3CHttpResponseCodec.decode(W3CHttpResponseCodec.java:49)
	at org.openqa.selenium.remote.HttpCommandExecutor.execute(HttpCommandExecutor.java:158)
	at org.openqa.selenium.remote.service.DriverCommandExecutor.execute(DriverCommandExecutor.java:83)
	at org.openqa.selenium.remote.RemoteWebDriver.execute(RemoteWebDriver.java:552)
	at com.kms.katalon.selenium.driver.CChromeDriver.execute(CChromeDriver.java:19)
	at org.openqa.selenium.remote.RemoteWebElement.execute(RemoteWebElement.java:285)
	at org.openqa.selenium.remote.RemoteWebElement.clear(RemoteWebElement.java:124)
	at org.openqa.selenium.support.events.EventFiringWebDriver$EventFiringWebElement.lambda$new$0(EventFiringWebDriver.java:404)
	at com.sun.proxy.$Proxy11.clear(Unknown Source)
	at org.openqa.selenium.support.events.EventFiringWebDriver$EventFiringWebElement.clear(EventFiringWebDriver.java:436)
	at com.kms.katalon.core.webui.keyword.builtin.SetTextKeyword$_setText_closure1.doCall(SetTextKeyword.groovy:53)
	at com.kms.katalon.core.webui.keyword.builtin.SetTextKeyword$_setText_closure1.call(SetTextKeyword.groovy)
	at com.kms.katalon.core.webui.keyword.internal.WebUIKeywordMain.runKeyword(WebUIKeywordMain.groovy:20)
	... 19 more]]></system-err>
   </testsuite>
</testsuites>
