<?xml version="1.0" encoding="UTF-8"?>
<testsuites name="Run all test cases" time="8614.004" tests="50" failures="6" errors="0">
   <testsuite name="Run all test cases" tests="50" failures="6" errors="0" time="8614.004" skipped="0" timestamp="2022-01-15 11:40:21" hostname="antra - 192.168.16.1" id="Test Suites/Run all test cases">
      <properties>
         <property name="deviceName" value=""/>
         <property name="devicePlatform" value=""/>
         <property name="logFolder" value="C:\\Users\\antra\\git\\SE-Bonus-Assginment-Group1\\Reports\\20220115_114013\\Run all test cases\\20220115_114013"/>
         <property name="logFiles" value="C:\\Users\\antra\\git\\SE-Bonus-Assginment-Group1\\Reports\\20220115_114013\\Run all test cases\\20220115_114013\\execution0.log"/>
         <property name="attachments" value="C:\\Users\\antra\\git\\SE-Bonus-Assginment-Group1\\Reports\\20220115_114013\\Run all test cases\\20220115_114013\\1642224869707.png, C:\\Users\\antra\\git\\SE-Bonus-Assginment-Group1\\Reports\\20220115_114013\\Run all test cases\\20220115_114013\\1642225075964.png, C:\\Users\\antra\\git\\SE-Bonus-Assginment-Group1\\Reports\\20220115_114013\\Run all test cases\\20220115_114013\\1642225278391.png, C:\\Users\\antra\\git\\SE-Bonus-Assginment-Group1\\Reports\\20220115_114013\\Run all test cases\\20220115_114013\\1642225477099.png, C:\\Users\\antra\\git\\SE-Bonus-Assginment-Group1\\Reports\\20220115_114013\\Run all test cases\\20220115_114013\\1642225647595.png, C:\\Users\\antra\\git\\SE-Bonus-Assginment-Group1\\Reports\\20220115_114013\\Run all test cases\\20220115_114013\\1642225817185.png, C:\\Users\\antra\\git\\SE-Bonus-Assginment-Group1\\Reports\\20220115_114013\\Run all test cases\\20220115_114013\\1642225987218.png, C:\\Users\\antra\\git\\SE-Bonus-Assginment-Group1\\Reports\\20220115_114013\\Run all test cases\\20220115_114013\\1642226157372.png, C:\\Users\\antra\\git\\SE-Bonus-Assginment-Group1\\Reports\\20220115_114013\\Run all test cases\\20220115_114013\\1642226297359.png, C:\\Users\\antra\\git\\SE-Bonus-Assginment-Group1\\Reports\\20220115_114013\\Run all test cases\\20220115_114013\\1642226436653.png, C:\\Users\\antra\\git\\SE-Bonus-Assginment-Group1\\Reports\\20220115_114013\\Run all test cases\\20220115_114013\\1642226575227.png, C:\\Users\\antra\\git\\SE-Bonus-Assginment-Group1\\Reports\\20220115_114013\\Run all test cases\\20220115_114013\\1642226714826.png, C:\\Users\\antra\\git\\SE-Bonus-Assginment-Group1\\Reports\\20220115_114013\\Run all test cases\\20220115_114013\\1642226859686.png, C:\\Users\\antra\\git\\SE-Bonus-Assginment-Group1\\Reports\\20220115_114013\\Run all test cases\\20220115_114013\\1642227007525.png, C:\\Users\\antra\\git\\SE-Bonus-Assginment-Group1\\Reports\\20220115_114013\\Run all test cases\\20220115_114013\\1642227150571.png, C:\\Users\\antra\\git\\SE-Bonus-Assginment-Group1\\Reports\\20220115_114013\\Run all test cases\\20220115_114013\\1642227293970.png, C:\\Users\\antra\\git\\SE-Bonus-Assginment-Group1\\Reports\\20220115_114013\\Run all test cases\\20220115_114013\\1642227435445.png, C:\\Users\\antra\\git\\SE-Bonus-Assginment-Group1\\Reports\\20220115_114013\\Run all test cases\\20220115_114013\\1642227575239.png, C:\\Users\\antra\\git\\SE-Bonus-Assginment-Group1\\Reports\\20220115_114013\\Run all test cases\\20220115_114013\\1642227720100.png, C:\\Users\\antra\\git\\SE-Bonus-Assginment-Group1\\Reports\\20220115_114013\\Run all test cases\\20220115_114013\\1642227861950.png, C:\\Users\\antra\\git\\SE-Bonus-Assginment-Group1\\Reports\\20220115_114013\\Run all test cases\\20220115_114013\\1642228410085.png, C:\\Users\\antra\\git\\SE-Bonus-Assginment-Group1\\Reports\\20220115_114013\\Run all test cases\\20220115_114013\\1642228551875.png, C:\\Users\\antra\\git\\SE-Bonus-Assginment-Group1\\Reports\\20220115_114013\\Run all test cases\\20220115_114013\\1642228734107.png, C:\\Users\\antra\\git\\SE-Bonus-Assginment-Group1\\Reports\\20220115_114013\\Run all test cases\\20220115_114013\\1642228875807.png"/>
         <property name="hostName" value="antra - 192.168.16.1"/>
         <property name="os" value="Windows 10 64bit"/>
         <property name="katalonVersion" value="8.2.0.208"/>
         <property name="browser" value="Chrome 97.0.4692.71"/>
         <property name="hostAddress" value="192.168.16.1"/>
         <property name="sessionId" value="ee935cca36915717fe557c1594cdd193"/>
         <property name="seleniumVersion" value="3.141.59"/>
         <property name="proxyInformation" value="ProxyInformation { proxyOption=NO_PROXY, proxyServerType=HTTP, username=, password=********, proxyServerAddress=, proxyServerPort=0, executionList=&quot;&quot;, isApplyToDesiredCapabilities=true }"/>
         <property name="platform" value="Windows 10"/>
      </properties>
      <testcase name="Test Cases/Chat/Chat starred" time="169.341" classname="Test Cases/Chat/Chat starred" status="PASSED">
         <system-out><![CDATA[2022-01-15 11:40:21 - [TEST_CASE][PASSED] - Test Cases/Chat/Chat starred: Test Cases/Chat/Chat starred

2022-01-15 11:40:22 - [TEST_STEP][PASSED] - openBrowser(""): Browser is opened with url: ''

2022-01-15 11:40:22 - [MESSAGE][INFO] - Starting 'Chrome' driver

2022-01-15 11:40:22 - [MESSAGE][INFO] - Action delay is set to 0 milliseconds

2022-01-15 11:40:25 - [MESSAGE][PASSED] - Browser is opened with url: ''

2022-01-15 11:40:25 - [TEST_STEP][PASSED] - navigateToUrl("http://localhost/"): Navigate to 'http://localhost/' successfully

2022-01-15 11:40:26 - [MESSAGE][PASSED] - Navigate to 'http://localhost/' successfully

2022-01-15 11:40:26 - [TEST_STEP][PASSED] - click(findTestObject("Object Repository/Page_L Tm Anh/a_Log in")): Object: 'Object Repository/Page_L Tm Anh/a_Log in' is clicked on

2022-01-15 11:40:27 - [MESSAGE][PASSED] - Object: 'Object Repository/Page_L Tm Anh/a_Log in' is clicked on

2022-01-15 11:40:27 - [TEST_STEP][PASSED] - setText(findTestObject("Object Repository/Page_L Tm Anh Log in to the site/input_Username_username"), "anhle1"): Text 'anhle1' is set on object 'Object Repository/Page_L Tm Anh Log in to the site/input_Username_username'

2022-01-15 11:40:28 - [MESSAGE][PASSED] - Text 'anhle1' is set on object 'Object Repository/Page_L Tm Anh Log in to the site/input_Username_username'

2022-01-15 11:40:28 - [TEST_STEP][PASSED] - setEncryptedText(findTestObject("Object Repository/Page_L Tm Anh Log in to the site/input_Password_password"), "eGmz8XUbrLe3vUQiiiujBg=="): Text ****** has been set on object 'Object Repository/Page_L Tm Anh Log in to the site/input_Password_password'

2022-01-15 11:40:29 - [MESSAGE][PASSED] - Text ****** has been set on object 'Object Repository/Page_L Tm Anh Log in to the site/input_Password_password'

2022-01-15 11:40:29 - [TEST_STEP][PASSED] - click(findTestObject("Object Repository/Page_L Tm Anh Log in to the site/button_Log in")): Object: 'Object Repository/Page_L Tm Anh Log in to the site/button_Log in' is clicked on

2022-01-15 11:40:32 - [MESSAGE][PASSED] - Object: 'Object Repository/Page_L Tm Anh Log in to the site/button_Log in' is clicked on

2022-01-15 11:40:32 - [TEST_STEP][PASSED] - click(findTestObject("Object Repository/Page_Dashboard/a_0")): Object: 'Object Repository/Page_Dashboard/a_0' is clicked on

2022-01-15 11:41:03 - [MESSAGE][INFO] - Unable to find the element located by 'By.xpath: //a[@id='message-drawer-toggle-61dc107224f9a61dc1072131d45']'. Please recheck the objects properties to make sure the desired element is located. 

2022-01-15 11:41:03 - [MESSAGE][WARNING] - [SELF-HEALING] Failed to find element with id 'Object Repository/Page_Dashboard/a_0'. Try using Self-healing.

2022-01-15 11:41:04 - [MESSAGE][WARNING] - [SELF-HEALING] The current locator of test object 'Object Repository/Page_Dashboard/a_0' was broken. Propose an alternative one: '//div[@id='usernavigation']/div[2]/a'.

2022-01-15 11:41:04 - [MESSAGE][PASSED] - Object: 'Object Repository/Page_Dashboard/a_0' is clicked on

2022-01-15 11:41:04 - [TEST_STEP][PASSED] - click(findTestObject("Object Repository/Page_Dashboard/div_L CDE")): Object: 'Object Repository/Page_Dashboard/div_L CDE' is clicked on

2022-01-15 11:41:35 - [MESSAGE][INFO] - Unable to find the element located by 'By.xpath: //div[@id='view-overview-favourites-target-61dc107227d7461dc1072131d47']/div[2]/a/div/div'. Please recheck the objects properties to make sure the desired element is located. 

2022-01-15 11:41:35 - [MESSAGE][WARNING] - [SELF-HEALING] Failed to find element with id 'Object Repository/Page_Dashboard/div_L CDE'. Try using Self-healing.

2022-01-15 11:41:35 - [MESSAGE][WARNING] - [SELF-HEALING] The current locator of test object 'Object Repository/Page_Dashboard/div_L CDE' was broken. Propose an alternative one: '(.//*[normalize-space(text()) and normalize-space(.)='Starred'])[1]/following::div[5]'.

2022-01-15 11:41:35 - [MESSAGE][PASSED] - Object: 'Object Repository/Page_Dashboard/div_L CDE' is clicked on

2022-01-15 11:41:35 - [TEST_STEP][PASSED] - setText(findTestObject("Object Repository/Page_Dashboard/textarea_Use enter to send_yui_3_17_2_1_164_f30280"), "alo"): Text 'alo' is set on object 'Object Repository/Page_Dashboard/textarea_Use enter to send_yui_3_17_2_1_164_f30280'

2022-01-15 11:42:06 - [MESSAGE][INFO] - Unable to find the element located by 'By.xpath: //textarea[@id='yui_3_17_2_1_1641812082235_35']'. Please recheck the objects properties to make sure the desired element is located. 

2022-01-15 11:42:06 - [MESSAGE][WARNING] - [SELF-HEALING] Failed to find element with id 'Object Repository/Page_Dashboard/textarea_Use enter to send_yui_3_17_2_1_164_f30280'. Try using Self-healing.

2022-01-15 11:42:07 - [MESSAGE][WARNING] - [SELF-HEALING] The current locator of test object 'Object Repository/Page_Dashboard/textarea_Use enter to send_yui_3_17_2_1_164_f30280' was broken. Propose an alternative one: '//textarea'.

2022-01-15 11:42:38 - [MESSAGE][INFO] - Unable to find the element located by 'By.xpath: //textarea[@id='yui_3_17_2_1_1641812082235_35']'. Please recheck the objects properties to make sure the desired element is located. 

2022-01-15 11:42:38 - [MESSAGE][WARNING] - [SELF-HEALING] Failed to find element with id 'Object Repository/Page_Dashboard/textarea_Use enter to send_yui_3_17_2_1_164_f30280'. Try using Self-healing.

2022-01-15 11:42:38 - [MESSAGE][WARNING] - [SELF-HEALING] The current locator of test object 'Object Repository/Page_Dashboard/textarea_Use enter to send_yui_3_17_2_1_164_f30280' was broken. Propose an alternative one: '//textarea'.

2022-01-15 11:42:38 - [MESSAGE][PASSED] - Text 'alo' is set on object 'Object Repository/Page_Dashboard/textarea_Use enter to send_yui_3_17_2_1_164_f30280'

2022-01-15 11:42:38 - [TEST_STEP][PASSED] - click(findTestObject("Object Repository/Page_Dashboard/button__btn btn-link btn-icon icon-size-3 m_754a09")): Object: 'Object Repository/Page_Dashboard/button__btn btn-link btn-icon icon-size-3 m_754a09' is clicked on

2022-01-15 11:43:09 - [MESSAGE][INFO] - Unable to find the element located by 'By.xpath: //div[@id='yui_3_17_2_1_1641812082235_36']/div/button[2]'. Please recheck the objects properties to make sure the desired element is located. 

2022-01-15 11:43:09 - [MESSAGE][WARNING] - [SELF-HEALING] Failed to find element with id 'Object Repository/Page_Dashboard/button__btn btn-link btn-icon icon-size-3 m_754a09'. Try using Self-healing.

2022-01-15 11:43:10 - [MESSAGE][WARNING] - [SELF-HEALING] The current locator of test object 'Object Repository/Page_Dashboard/button__btn btn-link btn-icon icon-size-3 m_754a09' was broken. Propose an alternative one: '(.//*[normalize-space(text()) and normalize-space(.)='😠'])[1]/following::button[2]'.

2022-01-15 11:43:10 - [MESSAGE][PASSED] - Object: 'Object Repository/Page_Dashboard/button__btn btn-link btn-icon icon-size-3 m_754a09' is clicked on

2022-01-15 11:43:10 - [TEST_STEP][PASSED] - closeBrowser(): Browser is closed

2022-01-15 11:43:11 - [MESSAGE][PASSED] - Browser is closed]]></system-out>
         <system-err><![CDATA[]]></system-err>
      </testcase>
      <testcase name="Test Cases/Chat/Chat with group" time="168.761" classname="Test Cases/Chat/Chat with group" status="PASSED">
         <system-out><![CDATA[2022-01-15 11:43:11 - [TEST_CASE][PASSED] - Test Cases/Chat/Chat with group: Test Cases/Chat/Chat with group

2022-01-15 11:43:11 - [TEST_STEP][PASSED] - openBrowser(""): Browser is opened with url: ''

2022-01-15 11:43:11 - [MESSAGE][INFO] - Starting 'Chrome' driver

2022-01-15 11:43:11 - [MESSAGE][INFO] - Action delay is set to 0 milliseconds

2022-01-15 11:43:13 - [MESSAGE][PASSED] - Browser is opened with url: ''

2022-01-15 11:43:13 - [TEST_STEP][PASSED] - closeBrowser(): Browser is closed

2022-01-15 11:43:14 - [MESSAGE][PASSED] - Browser is closed

2022-01-15 11:43:14 - [TEST_STEP][PASSED] - openBrowser(""): Browser is opened with url: ''

2022-01-15 11:43:14 - [MESSAGE][INFO] - Starting 'Chrome' driver

2022-01-15 11:43:14 - [MESSAGE][INFO] - Action delay is set to 0 milliseconds

2022-01-15 11:43:15 - [MESSAGE][PASSED] - Browser is opened with url: ''

2022-01-15 11:43:15 - [TEST_STEP][PASSED] - navigateToUrl("http://localhost/"): Navigate to 'http://localhost/' successfully

2022-01-15 11:43:16 - [MESSAGE][PASSED] - Navigate to 'http://localhost/' successfully

2022-01-15 11:43:16 - [TEST_STEP][PASSED] - click(findTestObject("Object Repository/Page_L Tm Anh/a_Log in")): Object: 'Object Repository/Page_L Tm Anh/a_Log in' is clicked on

2022-01-15 11:43:17 - [MESSAGE][PASSED] - Object: 'Object Repository/Page_L Tm Anh/a_Log in' is clicked on

2022-01-15 11:43:17 - [TEST_STEP][PASSED] - setText(findTestObject("Object Repository/Page_L Tm Anh Log in to the site/input_Username_username"), "admin"): Text 'admin' is set on object 'Object Repository/Page_L Tm Anh Log in to the site/input_Username_username'

2022-01-15 11:43:18 - [MESSAGE][PASSED] - Text 'admin' is set on object 'Object Repository/Page_L Tm Anh Log in to the site/input_Username_username'

2022-01-15 11:43:18 - [TEST_STEP][PASSED] - setEncryptedText(findTestObject("Object Repository/Page_L Tm Anh Log in to the site/input_Password_password"), "eGmz8XUbrLe3vUQiiiujBg=="): Text ****** has been set on object 'Object Repository/Page_L Tm Anh Log in to the site/input_Password_password'

2022-01-15 11:43:18 - [MESSAGE][PASSED] - Text ****** has been set on object 'Object Repository/Page_L Tm Anh Log in to the site/input_Password_password'

2022-01-15 11:43:18 - [TEST_STEP][PASSED] - click(findTestObject("Object Repository/Page_L Tm Anh Log in to the site/button_Log in")): Object: 'Object Repository/Page_L Tm Anh Log in to the site/button_Log in' is clicked on

2022-01-15 11:43:21 - [MESSAGE][PASSED] - Object: 'Object Repository/Page_L Tm Anh Log in to the site/button_Log in' is clicked on

2022-01-15 11:43:21 - [TEST_STEP][PASSED] - click(findTestObject("Object Repository/Page_Dashboard/a_0")): Object: 'Object Repository/Page_Dashboard/a_0' is clicked on

2022-01-15 11:43:52 - [MESSAGE][INFO] - Unable to find the element located by 'By.xpath: //a[@id='message-drawer-toggle-61dc107224f9a61dc1072131d45']'. Please recheck the objects properties to make sure the desired element is located. 

2022-01-15 11:43:52 - [MESSAGE][WARNING] - [SELF-HEALING] Failed to find element with id 'Object Repository/Page_Dashboard/a_0'. Try using Self-healing.

2022-01-15 11:43:52 - [MESSAGE][WARNING] - [SELF-HEALING] The current locator of test object 'Object Repository/Page_Dashboard/a_0' was broken. Propose an alternative one: '//div[@id='usernavigation']/div[2]/a'.

2022-01-15 11:43:52 - [MESSAGE][PASSED] - Object: 'Object Repository/Page_Dashboard/a_0' is clicked on

2022-01-15 11:43:52 - [TEST_STEP][PASSED] - click(findTestObject("Object Repository/Page_Dashboard/div_Team 1")): Object: 'Object Repository/Page_Dashboard/div_Team 1' is clicked on

2022-01-15 11:44:24 - [MESSAGE][INFO] - Unable to find the element located by 'By.xpath: //div[@id='view-overview-group-messages-target-61d99a8c1b06361d99a8a88c6d7']/div[2]/a/div/div'. Please recheck the objects properties to make sure the desired element is located. 

2022-01-15 11:44:24 - [MESSAGE][WARNING] - [SELF-HEALING] Failed to find element with id 'Object Repository/Page_Dashboard/div_Team 1'. Try using Self-healing.

2022-01-15 11:44:24 - [MESSAGE][WARNING] - [SELF-HEALING] The current locator of test object 'Object Repository/Page_Dashboard/div_Team 1' was broken. Propose an alternative one: '(.//*[normalize-space(text()) and normalize-space(.)='Group'])[1]/following::div[5]'.

2022-01-15 11:44:24 - [MESSAGE][PASSED] - Object: 'Object Repository/Page_Dashboard/div_Team 1' is clicked on

2022-01-15 11:44:24 - [TEST_STEP][PASSED] - setText(findTestObject("Object Repository/Page_Dashboard/textarea_Use enter to send_yui_3_17_2_1_164_167f3b"), "hello"): Text 'hello' is set on object 'Object Repository/Page_Dashboard/textarea_Use enter to send_yui_3_17_2_1_164_167f3b'

2022-01-15 11:44:55 - [MESSAGE][INFO] - Unable to find the element located by 'By.xpath: //textarea[@id='yui_3_17_2_1_1641650828764_35']'. Please recheck the objects properties to make sure the desired element is located. 

2022-01-15 11:44:55 - [MESSAGE][WARNING] - [SELF-HEALING] Failed to find element with id 'Object Repository/Page_Dashboard/textarea_Use enter to send_yui_3_17_2_1_164_167f3b'. Try using Self-healing.

2022-01-15 11:44:55 - [MESSAGE][WARNING] - [SELF-HEALING] The current locator of test object 'Object Repository/Page_Dashboard/textarea_Use enter to send_yui_3_17_2_1_164_167f3b' was broken. Propose an alternative one: '//textarea'.

2022-01-15 11:45:27 - [MESSAGE][INFO] - Unable to find the element located by 'By.xpath: //textarea[@id='yui_3_17_2_1_1641650828764_35']'. Please recheck the objects properties to make sure the desired element is located. 

2022-01-15 11:45:27 - [MESSAGE][WARNING] - [SELF-HEALING] Failed to find element with id 'Object Repository/Page_Dashboard/textarea_Use enter to send_yui_3_17_2_1_164_167f3b'. Try using Self-healing.

2022-01-15 11:45:27 - [MESSAGE][WARNING] - [SELF-HEALING] The current locator of test object 'Object Repository/Page_Dashboard/textarea_Use enter to send_yui_3_17_2_1_164_167f3b' was broken. Propose an alternative one: '//textarea'.

2022-01-15 11:45:27 - [MESSAGE][PASSED] - Text 'hello' is set on object 'Object Repository/Page_Dashboard/textarea_Use enter to send_yui_3_17_2_1_164_167f3b'

2022-01-15 11:45:27 - [TEST_STEP][PASSED] - click(findTestObject("Object Repository/Page_Dashboard/i__icon fa fa-paper-plane fa-fw")): Object: 'Object Repository/Page_Dashboard/i__icon fa fa-paper-plane fa-fw' is clicked on

2022-01-15 11:45:58 - [MESSAGE][INFO] - Unable to find the element located by 'By.xpath: //div[@id='yui_3_17_2_1_1641809714717_40']/div/button[2]/span/i'. Please recheck the objects properties to make sure the desired element is located. 

2022-01-15 11:45:58 - [MESSAGE][WARNING] - [SELF-HEALING] Failed to find element with id 'Object Repository/Page_Dashboard/i__icon fa fa-paper-plane fa-fw'. Try using Self-healing.

2022-01-15 11:45:59 - [MESSAGE][WARNING] - [SELF-HEALING] The current locator of test object 'Object Repository/Page_Dashboard/i__icon fa fa-paper-plane fa-fw' was broken. Propose an alternative one: '//button[2]/span/i'.

2022-01-15 11:45:59 - [MESSAGE][PASSED] - Object: 'Object Repository/Page_Dashboard/i__icon fa fa-paper-plane fa-fw' is clicked on

2022-01-15 11:45:59 - [TEST_STEP][PASSED] - closeBrowser(): Browser is closed

2022-01-15 11:45:59 - [MESSAGE][PASSED] - Browser is closed]]></system-out>
         <system-err><![CDATA[]]></system-err>
      </testcase>
      <testcase name="Test Cases/Chat/Chat private" time="167.698" classname="Test Cases/Chat/Chat private" status="PASSED">
         <system-out><![CDATA[2022-01-15 11:45:59 - [TEST_CASE][PASSED] - Test Cases/Chat/Chat private: Test Cases/Chat/Chat private

2022-01-15 11:46:00 - [TEST_STEP][PASSED] - openBrowser(""): Browser is opened with url: ''

2022-01-15 11:46:00 - [MESSAGE][INFO] - Starting 'Chrome' driver

2022-01-15 11:46:00 - [MESSAGE][INFO] - Action delay is set to 0 milliseconds

2022-01-15 11:46:02 - [MESSAGE][PASSED] - Browser is opened with url: ''

2022-01-15 11:46:02 - [TEST_STEP][PASSED] - navigateToUrl("http://localhost/"): Navigate to 'http://localhost/' successfully

2022-01-15 11:46:03 - [MESSAGE][PASSED] - Navigate to 'http://localhost/' successfully

2022-01-15 11:46:03 - [TEST_STEP][PASSED] - click(findTestObject("Object Repository/Page_L Tm Anh/a_Log in")): Object: 'Object Repository/Page_L Tm Anh/a_Log in' is clicked on

2022-01-15 11:46:04 - [MESSAGE][PASSED] - Object: 'Object Repository/Page_L Tm Anh/a_Log in' is clicked on

2022-01-15 11:46:04 - [TEST_STEP][PASSED] - setText(findTestObject("Object Repository/Page_L Tm Anh Log in to the site/input_Username_username"), "admin"): Text 'admin' is set on object 'Object Repository/Page_L Tm Anh Log in to the site/input_Username_username'

2022-01-15 11:46:05 - [MESSAGE][PASSED] - Text 'admin' is set on object 'Object Repository/Page_L Tm Anh Log in to the site/input_Username_username'

2022-01-15 11:46:05 - [TEST_STEP][PASSED] - setEncryptedText(findTestObject("Object Repository/Page_L Tm Anh Log in to the site/input_Password_password"), "eGmz8XUbrLe3vUQiiiujBg=="): Text ****** has been set on object 'Object Repository/Page_L Tm Anh Log in to the site/input_Password_password'

2022-01-15 11:46:05 - [MESSAGE][PASSED] - Text ****** has been set on object 'Object Repository/Page_L Tm Anh Log in to the site/input_Password_password'

2022-01-15 11:46:05 - [TEST_STEP][PASSED] - click(findTestObject("Object Repository/Page_L Tm Anh Log in to the site/button_Log in")): Object: 'Object Repository/Page_L Tm Anh Log in to the site/button_Log in' is clicked on

2022-01-15 11:46:07 - [MESSAGE][PASSED] - Object: 'Object Repository/Page_L Tm Anh Log in to the site/button_Log in' is clicked on

2022-01-15 11:46:07 - [TEST_STEP][PASSED] - click(findTestObject("Object Repository/Page_Dashboard/a_0")): Object: 'Object Repository/Page_Dashboard/a_0' is clicked on

2022-01-15 11:46:38 - [MESSAGE][INFO] - Unable to find the element located by 'By.xpath: //a[@id='message-drawer-toggle-61dc107224f9a61dc1072131d45']'. Please recheck the objects properties to make sure the desired element is located. 

2022-01-15 11:46:38 - [MESSAGE][WARNING] - [SELF-HEALING] Failed to find element with id 'Object Repository/Page_Dashboard/a_0'. Try using Self-healing.

2022-01-15 11:46:39 - [MESSAGE][WARNING] - [SELF-HEALING] The current locator of test object 'Object Repository/Page_Dashboard/a_0' was broken. Propose an alternative one: '//div[@id='usernavigation']/div[2]/a'.

2022-01-15 11:46:39 - [MESSAGE][PASSED] - Object: 'Object Repository/Page_Dashboard/a_0' is clicked on

2022-01-15 11:46:39 - [TEST_STEP][PASSED] - click(findTestObject("Object Repository/Page_Dashboard/i_hello_icon fa fa-caret-right fa-fw")): Object: 'Object Repository/Page_Dashboard/i_hello_icon fa fa-caret-right fa-fw' is clicked on

2022-01-15 11:46:39 - [MESSAGE][PASSED] - Object: 'Object Repository/Page_Dashboard/i_hello_icon fa fa-caret-right fa-fw' is clicked on

2022-01-15 11:46:39 - [TEST_STEP][PASSED] - click(findTestObject("Object Repository/Page_Dashboard/div_Student Two")): Object: 'Object Repository/Page_Dashboard/div_Student Two' is clicked on

2022-01-15 11:47:11 - [MESSAGE][INFO] - Unable to find the element located by 'By.xpath: //div[@id='view-overview-messages-target-61dc0732a02da61dc07328cc3c7']/div[2]/a/div/div'. Please recheck the objects properties to make sure the desired element is located. 

2022-01-15 11:47:11 - [MESSAGE][WARNING] - [SELF-HEALING] Failed to find element with id 'Object Repository/Page_Dashboard/div_Student Two'. Try using Self-healing.

2022-01-15 11:47:11 - [MESSAGE][WARNING] - [SELF-HEALING] The current locator of test object 'Object Repository/Page_Dashboard/div_Student Two' was broken. Propose an alternative one: '(.//*[normalize-space(text()) and normalize-space(.)='Private'])[1]/following::div[5]'.

2022-01-15 11:47:11 - [MESSAGE][PASSED] - Object: 'Object Repository/Page_Dashboard/div_Student Two' is clicked on

2022-01-15 11:47:11 - [TEST_STEP][PASSED] - setText(findTestObject("Object Repository/Page_Dashboard/textarea_Use enter to send_yui_3_17_2_1_164_1c2d5d"), "alo"): Text 'alo' is set on object 'Object Repository/Page_Dashboard/textarea_Use enter to send_yui_3_17_2_1_164_1c2d5d'

2022-01-15 11:47:42 - [MESSAGE][INFO] - Unable to find the element located by 'By.xpath: //textarea[@id='yui_3_17_2_1_1641809714717_39']'. Please recheck the objects properties to make sure the desired element is located. 

2022-01-15 11:47:42 - [MESSAGE][WARNING] - [SELF-HEALING] Failed to find element with id 'Object Repository/Page_Dashboard/textarea_Use enter to send_yui_3_17_2_1_164_1c2d5d'. Try using Self-healing.

2022-01-15 11:47:43 - [MESSAGE][WARNING] - [SELF-HEALING] The current locator of test object 'Object Repository/Page_Dashboard/textarea_Use enter to send_yui_3_17_2_1_164_1c2d5d' was broken. Propose an alternative one: '//textarea'.

2022-01-15 11:48:14 - [MESSAGE][INFO] - Unable to find the element located by 'By.xpath: //textarea[@id='yui_3_17_2_1_1641809714717_39']'. Please recheck the objects properties to make sure the desired element is located. 

2022-01-15 11:48:14 - [MESSAGE][WARNING] - [SELF-HEALING] Failed to find element with id 'Object Repository/Page_Dashboard/textarea_Use enter to send_yui_3_17_2_1_164_1c2d5d'. Try using Self-healing.

2022-01-15 11:48:15 - [MESSAGE][WARNING] - [SELF-HEALING] The current locator of test object 'Object Repository/Page_Dashboard/textarea_Use enter to send_yui_3_17_2_1_164_1c2d5d' was broken. Propose an alternative one: '//textarea'.

2022-01-15 11:48:15 - [MESSAGE][PASSED] - Text 'alo' is set on object 'Object Repository/Page_Dashboard/textarea_Use enter to send_yui_3_17_2_1_164_1c2d5d'

2022-01-15 11:48:15 - [TEST_STEP][PASSED] - click(findTestObject("Object Repository/Page_Dashboard/i__icon fa fa-paper-plane fa-fw")): Object: 'Object Repository/Page_Dashboard/i__icon fa fa-paper-plane fa-fw' is clicked on

2022-01-15 11:48:46 - [MESSAGE][INFO] - Unable to find the element located by 'By.xpath: //div[@id='yui_3_17_2_1_1641809714717_40']/div/button[2]/span/i'. Please recheck the objects properties to make sure the desired element is located. 

2022-01-15 11:48:46 - [MESSAGE][WARNING] - [SELF-HEALING] Failed to find element with id 'Object Repository/Page_Dashboard/i__icon fa fa-paper-plane fa-fw'. Try using Self-healing.

2022-01-15 11:48:46 - [MESSAGE][WARNING] - [SELF-HEALING] The current locator of test object 'Object Repository/Page_Dashboard/i__icon fa fa-paper-plane fa-fw' was broken. Propose an alternative one: '//button[2]/span/i'.

2022-01-15 11:48:46 - [MESSAGE][PASSED] - Object: 'Object Repository/Page_Dashboard/i__icon fa fa-paper-plane fa-fw' is clicked on

2022-01-15 11:48:46 - [TEST_STEP][PASSED] - closeBrowser(): Browser is closed

2022-01-15 11:48:47 - [MESSAGE][PASSED] - Browser is closed]]></system-out>
         <system-err><![CDATA[]]></system-err>
      </testcase>
      <testcase name="Test Cases/Chat/Search user and chat" time="196.847" classname="Test Cases/Chat/Search user and chat" status="PASSED">
         <system-out><![CDATA[2022-01-15 11:48:47 - [TEST_CASE][PASSED] - Test Cases/Chat/Search user and chat: Test Cases/Chat/Search user and chat

2022-01-15 11:48:47 - [TEST_STEP][PASSED] - openBrowser(""): Browser is opened with url: ''

2022-01-15 11:48:47 - [MESSAGE][INFO] - Starting 'Chrome' driver

2022-01-15 11:48:47 - [MESSAGE][INFO] - Action delay is set to 0 milliseconds

2022-01-15 11:48:49 - [MESSAGE][PASSED] - Browser is opened with url: ''

2022-01-15 11:48:49 - [TEST_STEP][PASSED] - navigateToUrl("http://localhost/"): Navigate to 'http://localhost/' successfully

2022-01-15 11:48:50 - [MESSAGE][PASSED] - Navigate to 'http://localhost/' successfully

2022-01-15 11:48:50 - [TEST_STEP][PASSED] - click(findTestObject("Object Repository/Page_L Tm Anh/a_Log in")): Object: 'Object Repository/Page_L Tm Anh/a_Log in' is clicked on

2022-01-15 11:48:50 - [MESSAGE][PASSED] - Object: 'Object Repository/Page_L Tm Anh/a_Log in' is clicked on

2022-01-15 11:48:50 - [TEST_STEP][PASSED] - setText(findTestObject("Object Repository/Page_L Tm Anh Log in to the site/input_Username_username"), "admin"): Text 'admin' is set on object 'Object Repository/Page_L Tm Anh Log in to the site/input_Username_username'

2022-01-15 11:48:51 - [MESSAGE][PASSED] - Text 'admin' is set on object 'Object Repository/Page_L Tm Anh Log in to the site/input_Username_username'

2022-01-15 11:48:51 - [TEST_STEP][PASSED] - setEncryptedText(findTestObject("Object Repository/Page_L Tm Anh Log in to the site/input_Password_password"), "eGmz8XUbrLe3vUQiiiujBg=="): Text ****** has been set on object 'Object Repository/Page_L Tm Anh Log in to the site/input_Password_password'

2022-01-15 11:48:51 - [MESSAGE][PASSED] - Text ****** has been set on object 'Object Repository/Page_L Tm Anh Log in to the site/input_Password_password'

2022-01-15 11:48:51 - [TEST_STEP][PASSED] - click(findTestObject("Object Repository/Page_L Tm Anh Log in to the site/button_Log in")): Object: 'Object Repository/Page_L Tm Anh Log in to the site/button_Log in' is clicked on

2022-01-15 11:48:53 - [MESSAGE][PASSED] - Object: 'Object Repository/Page_L Tm Anh Log in to the site/button_Log in' is clicked on

2022-01-15 11:48:53 - [TEST_STEP][PASSED] - click(findTestObject("Object Repository/Page_Dashboard/i_See all_icon fa fa-comment-o fa-fw")): Object: 'Object Repository/Page_Dashboard/i_See all_icon fa fa-comment-o fa-fw' is clicked on

2022-01-15 11:49:24 - [MESSAGE][INFO] - Unable to find the element located by 'By.xpath: //a[@id='message-drawer-toggle-61da31feb585e61da31fe9dea25']/i'. Please recheck the objects properties to make sure the desired element is located. 

2022-01-15 11:49:24 - [MESSAGE][WARNING] - [SELF-HEALING] Failed to find element with id 'Object Repository/Page_Dashboard/i_See all_icon fa fa-comment-o fa-fw'. Try using Self-healing.

2022-01-15 11:49:24 - [MESSAGE][WARNING] - [SELF-HEALING] The current locator of test object 'Object Repository/Page_Dashboard/i_See all_icon fa fa-comment-o fa-fw' was broken. Propose an alternative one: '//div[2]/a/i'.

2022-01-15 11:49:24 - [MESSAGE][PASSED] - Object: 'Object Repository/Page_Dashboard/i_See all_icon fa fa-comment-o fa-fw' is clicked on

2022-01-15 11:49:24 - [TEST_STEP][PASSED] - setText(findTestObject("Object Repository/Page_Dashboard/input_Messages selected_form-control"), "Anh Le"): Text 'Anh Le' is set on object 'Object Repository/Page_Dashboard/input_Messages selected_form-control'

2022-01-15 11:49:26 - [MESSAGE][PASSED] - Text 'Anh Le' is set on object 'Object Repository/Page_Dashboard/input_Messages selected_form-control'

2022-01-15 11:49:26 - [TEST_STEP][PASSED] - click(findTestObject("Object Repository/Page_Dashboard/i_Messages selected_icon fa fa-search fa-fw")): Object: 'Object Repository/Page_Dashboard/i_Messages selected_icon fa fa-search fa-fw' is clicked on

2022-01-15 11:49:57 - [MESSAGE][INFO] - Unable to find the element located by 'By.xpath: //div[@id='yui_3_17_2_1_1641689598842_31']/div[4]/div/div/div/button/span/i'. Please recheck the objects properties to make sure the desired element is located. 

2022-01-15 11:49:57 - [MESSAGE][WARNING] - [SELF-HEALING] Failed to find element with id 'Object Repository/Page_Dashboard/i_Messages selected_icon fa fa-search fa-fw'. Try using Self-healing.

2022-01-15 11:49:57 - [MESSAGE][WARNING] - [SELF-HEALING] The current locator of test object 'Object Repository/Page_Dashboard/i_Messages selected_icon fa fa-search fa-fw' was broken. Propose an alternative one: '//button/span/i'.

2022-01-15 11:49:57 - [MESSAGE][PASSED] - Object: 'Object Repository/Page_Dashboard/i_Messages selected_icon fa fa-search fa-fw' is clicked on

2022-01-15 11:49:57 - [TEST_STEP][PASSED] - click(findTestObject("Object Repository/Page_Dashboard/a_Anh Lee")): Object: 'Object Repository/Page_Dashboard/a_Anh Lee' is clicked on

2022-01-15 11:50:28 - [MESSAGE][INFO] - Unable to find the element located by 'By.xpath: //div[@id='yui_3_17_2_1_1641689598842_26']/div[6]/div/div/div/div[2]/div/a'. Please recheck the objects properties to make sure the desired element is located. 

2022-01-15 11:50:28 - [MESSAGE][WARNING] - [SELF-HEALING] Failed to find element with id 'Object Repository/Page_Dashboard/a_Anh Lee'. Try using Self-healing.

2022-01-15 11:50:29 - [MESSAGE][WARNING] - [SELF-HEALING] The current locator of test object 'Object Repository/Page_Dashboard/a_Anh Lee' was broken. Propose an alternative one: '(.//*[normalize-space(text()) and normalize-space(.)='Non-contacts'])[1]/following::a[1]'.

2022-01-15 11:50:29 - [MESSAGE][PASSED] - Object: 'Object Repository/Page_Dashboard/a_Anh Lee' is clicked on

2022-01-15 11:50:29 - [TEST_STEP][PASSED] - setText(findTestObject("Object Repository/Page_Dashboard/textarea_Use enter to send_yui_3_17_2_1_164_9e4947"), "kk"): Text 'kk' is set on object 'Object Repository/Page_Dashboard/textarea_Use enter to send_yui_3_17_2_1_164_9e4947'

2022-01-15 11:51:00 - [MESSAGE][INFO] - Unable to find the element located by 'By.xpath: //textarea[@id='yui_3_17_2_1_1641689351127_51']'. Please recheck the objects properties to make sure the desired element is located. 

2022-01-15 11:51:00 - [MESSAGE][WARNING] - [SELF-HEALING] Failed to find element with id 'Object Repository/Page_Dashboard/textarea_Use enter to send_yui_3_17_2_1_164_9e4947'. Try using Self-healing.

2022-01-15 11:51:00 - [MESSAGE][WARNING] - [SELF-HEALING] The current locator of test object 'Object Repository/Page_Dashboard/textarea_Use enter to send_yui_3_17_2_1_164_9e4947' was broken. Propose an alternative one: '//textarea'.

2022-01-15 11:51:31 - [MESSAGE][INFO] - Unable to find the element located by 'By.xpath: //textarea[@id='yui_3_17_2_1_1641689351127_51']'. Please recheck the objects properties to make sure the desired element is located. 

2022-01-15 11:51:31 - [MESSAGE][WARNING] - [SELF-HEALING] Failed to find element with id 'Object Repository/Page_Dashboard/textarea_Use enter to send_yui_3_17_2_1_164_9e4947'. Try using Self-healing.

2022-01-15 11:51:32 - [MESSAGE][WARNING] - [SELF-HEALING] The current locator of test object 'Object Repository/Page_Dashboard/textarea_Use enter to send_yui_3_17_2_1_164_9e4947' was broken. Propose an alternative one: '//textarea'.

2022-01-15 11:51:32 - [MESSAGE][PASSED] - Text 'kk' is set on object 'Object Repository/Page_Dashboard/textarea_Use enter to send_yui_3_17_2_1_164_9e4947'

2022-01-15 11:51:32 - [TEST_STEP][PASSED] - click(findTestObject("Object Repository/Page_Dashboard/i__icon fa fa-paper-plane fa-fw")): Object: 'Object Repository/Page_Dashboard/i__icon fa fa-paper-plane fa-fw' is clicked on

2022-01-15 11:52:03 - [MESSAGE][INFO] - Unable to find the element located by 'By.xpath: //div[@id='yui_3_17_2_1_1641809714717_40']/div/button[2]/span/i'. Please recheck the objects properties to make sure the desired element is located. 

2022-01-15 11:52:03 - [MESSAGE][WARNING] - [SELF-HEALING] Failed to find element with id 'Object Repository/Page_Dashboard/i__icon fa fa-paper-plane fa-fw'. Try using Self-healing.

2022-01-15 11:52:03 - [MESSAGE][WARNING] - [SELF-HEALING] The current locator of test object 'Object Repository/Page_Dashboard/i__icon fa fa-paper-plane fa-fw' was broken. Propose an alternative one: '//button[2]/span/i'.

2022-01-15 11:52:03 - [MESSAGE][PASSED] - Object: 'Object Repository/Page_Dashboard/i__icon fa fa-paper-plane fa-fw' is clicked on

2022-01-15 11:52:03 - [TEST_STEP][PASSED] - closeBrowser(): Browser is closed

2022-01-15 11:52:04 - [MESSAGE][PASSED] - Browser is closed]]></system-out>
         <system-err><![CDATA[]]></system-err>
      </testcase>
      <testcase name="Test Cases/Chat/Add contact" time="74.54" classname="Test Cases/Chat/Add contact" status="PASSED">
         <system-out><![CDATA[2022-01-15 11:52:04 - [TEST_CASE][PASSED] - Test Cases/Chat/Add contact: Test Cases/Chat/Add contact

2022-01-15 11:52:04 - [TEST_STEP][PASSED] - openBrowser(""): Browser is opened with url: ''

2022-01-15 11:52:04 - [MESSAGE][INFO] - Starting 'Chrome' driver

2022-01-15 11:52:04 - [MESSAGE][INFO] - Action delay is set to 0 milliseconds

2022-01-15 11:52:06 - [MESSAGE][PASSED] - Browser is opened with url: ''

2022-01-15 11:52:06 - [TEST_STEP][PASSED] - navigateToUrl("http://localhost/"): Navigate to 'http://localhost/' successfully

2022-01-15 11:52:06 - [MESSAGE][PASSED] - Navigate to 'http://localhost/' successfully

2022-01-15 11:52:06 - [TEST_STEP][PASSED] - click(findTestObject("Object Repository/Page_L Tm Anh/a_Log in")): Object: 'Object Repository/Page_L Tm Anh/a_Log in' is clicked on

2022-01-15 11:52:07 - [MESSAGE][PASSED] - Object: 'Object Repository/Page_L Tm Anh/a_Log in' is clicked on

2022-01-15 11:52:07 - [TEST_STEP][PASSED] - setText(findTestObject("Object Repository/Page_L Tm Anh Log in to the site/input_Username_username"), "admin"): Text 'admin' is set on object 'Object Repository/Page_L Tm Anh Log in to the site/input_Username_username'

2022-01-15 11:52:08 - [MESSAGE][PASSED] - Text 'admin' is set on object 'Object Repository/Page_L Tm Anh Log in to the site/input_Username_username'

2022-01-15 11:52:08 - [TEST_STEP][PASSED] - setEncryptedText(findTestObject("Object Repository/Page_L Tm Anh Log in to the site/input_Password_password"), "eGmz8XUbrLe3vUQiiiujBg=="): Text ****** has been set on object 'Object Repository/Page_L Tm Anh Log in to the site/input_Password_password'

2022-01-15 11:52:08 - [MESSAGE][PASSED] - Text ****** has been set on object 'Object Repository/Page_L Tm Anh Log in to the site/input_Password_password'

2022-01-15 11:52:08 - [TEST_STEP][PASSED] - click(findTestObject("Object Repository/Page_L Tm Anh Log in to the site/button_Log in")): Object: 'Object Repository/Page_L Tm Anh Log in to the site/button_Log in' is clicked on

2022-01-15 11:52:10 - [MESSAGE][PASSED] - Object: 'Object Repository/Page_L Tm Anh Log in to the site/button_Log in' is clicked on

2022-01-15 11:52:10 - [TEST_STEP][PASSED] - click(findTestObject("Object Repository/Page_Dashboard/a_0")): Object: 'Object Repository/Page_Dashboard/a_0' is clicked on

2022-01-15 11:52:41 - [MESSAGE][INFO] - Unable to find the element located by 'By.xpath: //a[@id='message-drawer-toggle-61dc107224f9a61dc1072131d45']'. Please recheck the objects properties to make sure the desired element is located. 

2022-01-15 11:52:41 - [MESSAGE][WARNING] - [SELF-HEALING] Failed to find element with id 'Object Repository/Page_Dashboard/a_0'. Try using Self-healing.

2022-01-15 11:52:41 - [MESSAGE][WARNING] - [SELF-HEALING] The current locator of test object 'Object Repository/Page_Dashboard/a_0' was broken. Propose an alternative one: '//div[@id='usernavigation']/div[2]/a'.

2022-01-15 11:52:42 - [MESSAGE][PASSED] - Object: 'Object Repository/Page_Dashboard/a_0' is clicked on

2022-01-15 11:52:42 - [TEST_STEP][PASSED] - setText(findTestObject("Object Repository/Page_Dashboard/input_Messages selected_form-control"), "Anh Lee"): Text 'Anh Lee' is set on object 'Object Repository/Page_Dashboard/input_Messages selected_form-control'

2022-01-15 11:52:43 - [MESSAGE][PASSED] - Text 'Anh Lee' is set on object 'Object Repository/Page_Dashboard/input_Messages selected_form-control'

2022-01-15 11:52:43 - [TEST_STEP][PASSED] - click(findTestObject("Object Repository/Page_Dashboard/button_Messages selected_btn btn-submit ico_2a7788")): Object: 'Object Repository/Page_Dashboard/button_Messages selected_btn btn-submit ico_2a7788' is clicked on

2022-01-15 11:52:43 - [MESSAGE][PASSED] - Object: 'Object Repository/Page_Dashboard/button_Messages selected_btn btn-submit ico_2a7788' is clicked on

2022-01-15 11:52:43 - [TEST_STEP][PASSED] - click(findTestObject("Object Repository/Page_Dashboard/a_Anh Lee")): Object: 'Object Repository/Page_Dashboard/a_Anh Lee' is clicked on

2022-01-15 11:53:14 - [MESSAGE][INFO] - Unable to find the element located by 'By.xpath: //div[@id='yui_3_17_2_1_1641689598842_26']/div[6]/div/div/div/div[2]/div/a'. Please recheck the objects properties to make sure the desired element is located. 

2022-01-15 11:53:14 - [MESSAGE][WARNING] - [SELF-HEALING] Failed to find element with id 'Object Repository/Page_Dashboard/a_Anh Lee'. Try using Self-healing.

2022-01-15 11:53:15 - [MESSAGE][WARNING] - [SELF-HEALING] The current locator of test object 'Object Repository/Page_Dashboard/a_Anh Lee' was broken. Propose an alternative one: '(.//*[normalize-space(text()) and normalize-space(.)='Non-contacts'])[1]/following::a[1]'.

2022-01-15 11:53:15 - [MESSAGE][PASSED] - Object: 'Object Repository/Page_Dashboard/a_Anh Lee' is clicked on

2022-01-15 11:53:15 - [TEST_STEP][PASSED] - click(findTestObject("Object Repository/Page_Dashboard/i_Anh Lee_icon fa fa-ellipsis-h fa-fw")): Object: 'Object Repository/Page_Dashboard/i_Anh Lee_icon fa fa-ellipsis-h fa-fw' is clicked on

2022-01-15 11:53:16 - [MESSAGE][PASSED] - Object: 'Object Repository/Page_Dashboard/i_Anh Lee_icon fa fa-ellipsis-h fa-fw' is clicked on

2022-01-15 11:53:16 - [TEST_STEP][PASSED] - click(findTestObject("Object Repository/Page_Dashboard/a_User info")): Object: 'Object Repository/Page_Dashboard/a_User info' is clicked on

2022-01-15 11:53:17 - [MESSAGE][PASSED] - Object: 'Object Repository/Page_Dashboard/a_User info' is clicked on

2022-01-15 11:53:17 - [TEST_STEP][PASSED] - click(findTestObject("Object Repository/Page_Dashboard/button_Add to contacts")): Object: 'Object Repository/Page_Dashboard/button_Add to contacts' is clicked on

2022-01-15 11:53:17 - [MESSAGE][PASSED] - Object: 'Object Repository/Page_Dashboard/button_Add to contacts' is clicked on

2022-01-15 11:53:17 - [TEST_STEP][PASSED] - click(findTestObject("Object Repository/Page_Dashboard/button_Add")): Object: 'Object Repository/Page_Dashboard/button_Add' is clicked on

2022-01-15 11:53:18 - [MESSAGE][PASSED] - Object: 'Object Repository/Page_Dashboard/button_Add' is clicked on

2022-01-15 11:53:18 - [TEST_STEP][PASSED] - closeBrowser(): Browser is closed

2022-01-15 11:53:19 - [MESSAGE][PASSED] - Browser is closed]]></system-out>
         <system-err><![CDATA[]]></system-err>
      </testcase>
      <testcase name="Test Cases/Chat/Accept contact" time="165.105" classname="Test Cases/Chat/Accept contact" status="PASSED">
         <system-out><![CDATA[2022-01-15 11:53:19 - [TEST_CASE][PASSED] - Test Cases/Chat/Accept contact: Test Cases/Chat/Accept contact

2022-01-15 11:53:19 - [TEST_STEP][PASSED] - openBrowser(""): Browser is opened with url: ''

2022-01-15 11:53:19 - [MESSAGE][INFO] - Starting 'Chrome' driver

2022-01-15 11:53:19 - [MESSAGE][INFO] - Action delay is set to 0 milliseconds

2022-01-15 11:53:20 - [MESSAGE][PASSED] - Browser is opened with url: ''

2022-01-15 11:53:20 - [TEST_STEP][PASSED] - navigateToUrl("http://localhost/"): Navigate to 'http://localhost/' successfully

2022-01-15 11:53:21 - [MESSAGE][PASSED] - Navigate to 'http://localhost/' successfully

2022-01-15 11:53:21 - [TEST_STEP][PASSED] - click(findTestObject("Object Repository/Page_L Tm Anh/a_Log in")): Object: 'Object Repository/Page_L Tm Anh/a_Log in' is clicked on

2022-01-15 11:53:22 - [MESSAGE][PASSED] - Object: 'Object Repository/Page_L Tm Anh/a_Log in' is clicked on

2022-01-15 11:53:22 - [TEST_STEP][PASSED] - setText(findTestObject("Object Repository/Page_L Tm Anh Log in to the site/input_Username_username"), "admin3"): Text 'admin3' is set on object 'Object Repository/Page_L Tm Anh Log in to the site/input_Username_username'

2022-01-15 11:53:23 - [MESSAGE][PASSED] - Text 'admin3' is set on object 'Object Repository/Page_L Tm Anh Log in to the site/input_Username_username'

2022-01-15 11:53:23 - [TEST_STEP][PASSED] - setEncryptedText(findTestObject("Object Repository/Page_L Tm Anh Log in to the site/input_Password_password"), "eGmz8XUbrLe3vUQiiiujBg=="): Text ****** has been set on object 'Object Repository/Page_L Tm Anh Log in to the site/input_Password_password'

2022-01-15 11:53:23 - [MESSAGE][PASSED] - Text ****** has been set on object 'Object Repository/Page_L Tm Anh Log in to the site/input_Password_password'

2022-01-15 11:53:23 - [TEST_STEP][PASSED] - click(findTestObject("Object Repository/Page_L Tm Anh Log in to the site/button_Log in")): Object: 'Object Repository/Page_L Tm Anh Log in to the site/button_Log in' is clicked on

2022-01-15 11:53:25 - [MESSAGE][PASSED] - Object: 'Object Repository/Page_L Tm Anh Log in to the site/button_Log in' is clicked on

2022-01-15 11:53:25 - [TEST_STEP][PASSED] - click(findTestObject("Object Repository/Page_Dashboard/i_See all_icon fa fa-comment-o fa-fw")): Object: 'Object Repository/Page_Dashboard/i_See all_icon fa fa-comment-o fa-fw' is clicked on

2022-01-15 11:53:56 - [MESSAGE][INFO] - Unable to find the element located by 'By.xpath: //a[@id='message-drawer-toggle-61da31feb585e61da31fe9dea25']/i'. Please recheck the objects properties to make sure the desired element is located. 

2022-01-15 11:53:56 - [MESSAGE][WARNING] - [SELF-HEALING] Failed to find element with id 'Object Repository/Page_Dashboard/i_See all_icon fa fa-comment-o fa-fw'. Try using Self-healing.

2022-01-15 11:53:56 - [MESSAGE][WARNING] - [SELF-HEALING] The current locator of test object 'Object Repository/Page_Dashboard/i_See all_icon fa fa-comment-o fa-fw' was broken. Propose an alternative one: '//div[2]/a/i'.

2022-01-15 11:53:56 - [MESSAGE][PASSED] - Object: 'Object Repository/Page_Dashboard/i_See all_icon fa fa-comment-o fa-fw' is clicked on

2022-01-15 11:53:56 - [TEST_STEP][PASSED] - click(findTestObject("Object Repository/Page_Dashboard/a_Contacts                                 _4239a2")): Object: 'Object Repository/Page_Dashboard/a_Contacts                                 _4239a2' is clicked on

2022-01-15 11:54:28 - [MESSAGE][INFO] - Unable to find the element located by 'By.xpath: //div[@id='message-drawer-61d55e0da414861d55e0d8b2d37']/div[2]/div[3]/div[2]/a'. Please recheck the objects properties to make sure the desired element is located. 

2022-01-15 11:54:28 - [MESSAGE][WARNING] - [SELF-HEALING] Failed to find element with id 'Object Repository/Page_Dashboard/a_Contacts                                 _4239a2'. Try using Self-healing.

2022-01-15 11:54:28 - [MESSAGE][WARNING] - [SELF-HEALING] The current locator of test object 'Object Repository/Page_Dashboard/a_Contacts                                 _4239a2' was broken. Propose an alternative one: '(.//*[normalize-space(text()) and normalize-space(.)='Contacts'])[1]/following::a[3]'.

2022-01-15 11:54:28 - [MESSAGE][PASSED] - Object: 'Object Repository/Page_Dashboard/a_Contacts                                 _4239a2' is clicked on

2022-01-15 11:54:28 - [TEST_STEP][PASSED] - click(findTestObject("Object Repository/Page_Dashboard/a_Requests                                 _76dac8")): Object: 'Object Repository/Page_Dashboard/a_Requests                                 _76dac8' is clicked on

2022-01-15 11:54:59 - [MESSAGE][INFO] - Unable to find the element located by 'By.xpath: //a[@id='requests-tab-61d55e0da414861d55e0d8b2d37']'. Please recheck the objects properties to make sure the desired element is located. 

2022-01-15 11:54:59 - [MESSAGE][WARNING] - [SELF-HEALING] Failed to find element with id 'Object Repository/Page_Dashboard/a_Requests                                 _76dac8'. Try using Self-healing.

2022-01-15 11:55:00 - [MESSAGE][WARNING] - [SELF-HEALING] The current locator of test object 'Object Repository/Page_Dashboard/a_Requests                                 _76dac8' was broken. Propose an alternative one: '(.//*[normalize-space(text()) and normalize-space(.)='Contacts'])[2]/following::a[1]'.

2022-01-15 11:55:00 - [MESSAGE][PASSED] - Object: 'Object Repository/Page_Dashboard/a_Requests                                 _76dac8' is clicked on

2022-01-15 11:55:00 - [TEST_STEP][PASSED] - click(findTestObject("Object Repository/Page_Dashboard/p_Would like to contact you")): Object: 'Object Repository/Page_Dashboard/p_Would like to contact you' is clicked on

2022-01-15 11:55:31 - [MESSAGE][INFO] - Unable to find the element located by 'By.xpath: //div[@id='requests-tab-panel-61d55e0da414861d55e0d8b2d37']/div[2]/a/div/p'. Please recheck the objects properties to make sure the desired element is located. 

2022-01-15 11:55:31 - [MESSAGE][WARNING] - [SELF-HEALING] Failed to find element with id 'Object Repository/Page_Dashboard/p_Would like to contact you'. Try using Self-healing.

2022-01-15 11:55:31 - [MESSAGE][WARNING] - [SELF-HEALING] The current locator of test object 'Object Repository/Page_Dashboard/p_Would like to contact you' was broken. Propose an alternative one: '(.//*[normalize-space(text()) and normalize-space(.)='Admin User'])[1]/following::p[1]'.

2022-01-15 11:55:31 - [MESSAGE][PASSED] - Object: 'Object Repository/Page_Dashboard/p_Would like to contact you' is clicked on

2022-01-15 11:55:31 - [TEST_STEP][PASSED] - click(findTestObject("Object Repository/Page_Dashboard/span_Accept and add to contacts")): Object: 'Object Repository/Page_Dashboard/span_Accept and add to contacts' is clicked on

2022-01-15 11:56:03 - [MESSAGE][INFO] - Unable to find the element located by 'By.xpath: //div[@id='yui_3_17_2_1_1641373197849_26']/div[3]/div/div[2]/div/button[8]/span'. Please recheck the objects properties to make sure the desired element is located. 

2022-01-15 11:56:03 - [MESSAGE][WARNING] - [SELF-HEALING] Failed to find element with id 'Object Repository/Page_Dashboard/span_Accept and add to contacts'. Try using Self-healing.

2022-01-15 11:56:03 - [MESSAGE][WARNING] - [SELF-HEALING] The current locator of test object 'Object Repository/Page_Dashboard/span_Accept and add to contacts' was broken. Propose an alternative one: '(.//*[normalize-space(text()) and normalize-space(.)='Send contact request'])[1]/following::span[3]'.

2022-01-15 11:56:03 - [MESSAGE][PASSED] - Object: 'Object Repository/Page_Dashboard/span_Accept and add to contacts' is clicked on

2022-01-15 11:56:03 - [TEST_STEP][PASSED] - closeBrowser(): Browser is closed

2022-01-15 11:56:04 - [MESSAGE][PASSED] - Browser is closed]]></system-out>
         <system-err><![CDATA[]]></system-err>
      </testcase>
      <testcase name="Test Cases/Chat/Remove a contact" time="105.532" classname="Test Cases/Chat/Remove a contact" status="PASSED">
         <system-out><![CDATA[2022-01-15 11:56:04 - [TEST_CASE][PASSED] - Test Cases/Chat/Remove a contact: Test Cases/Chat/Remove a contact

2022-01-15 11:56:04 - [TEST_STEP][PASSED] - openBrowser(""): Browser is opened with url: ''

2022-01-15 11:56:04 - [MESSAGE][INFO] - Starting 'Chrome' driver

2022-01-15 11:56:04 - [MESSAGE][INFO] - Action delay is set to 0 milliseconds

2022-01-15 11:56:05 - [MESSAGE][PASSED] - Browser is opened with url: ''

2022-01-15 11:56:05 - [TEST_STEP][PASSED] - navigateToUrl("http://localhost/"): Navigate to 'http://localhost/' successfully

2022-01-15 11:56:06 - [MESSAGE][PASSED] - Navigate to 'http://localhost/' successfully

2022-01-15 11:56:06 - [TEST_STEP][PASSED] - click(findTestObject("Object Repository/Page_L Tm Anh/a_Log in")): Object: 'Object Repository/Page_L Tm Anh/a_Log in' is clicked on

2022-01-15 11:56:07 - [MESSAGE][PASSED] - Object: 'Object Repository/Page_L Tm Anh/a_Log in' is clicked on

2022-01-15 11:56:07 - [TEST_STEP][PASSED] - setText(findTestObject("Object Repository/Page_L Tm Anh Log in to the site/input_Username_username"), "admin"): Text 'admin' is set on object 'Object Repository/Page_L Tm Anh Log in to the site/input_Username_username'

2022-01-15 11:56:07 - [MESSAGE][PASSED] - Text 'admin' is set on object 'Object Repository/Page_L Tm Anh Log in to the site/input_Username_username'

2022-01-15 11:56:07 - [TEST_STEP][PASSED] - setEncryptedText(findTestObject("Object Repository/Page_L Tm Anh Log in to the site/input_Password_password"), "eGmz8XUbrLe3vUQiiiujBg=="): Text ****** has been set on object 'Object Repository/Page_L Tm Anh Log in to the site/input_Password_password'

2022-01-15 11:56:08 - [MESSAGE][PASSED] - Text ****** has been set on object 'Object Repository/Page_L Tm Anh Log in to the site/input_Password_password'

2022-01-15 11:56:08 - [TEST_STEP][PASSED] - click(findTestObject("Object Repository/Page_L Tm Anh Log in to the site/button_Log in")): Object: 'Object Repository/Page_L Tm Anh Log in to the site/button_Log in' is clicked on

2022-01-15 11:56:10 - [MESSAGE][PASSED] - Object: 'Object Repository/Page_L Tm Anh Log in to the site/button_Log in' is clicked on

2022-01-15 11:56:10 - [TEST_STEP][PASSED] - click(findTestObject("Object Repository/Page_Dashboard/i_See all_icon fa fa-comment-o fa-fw")): Object: 'Object Repository/Page_Dashboard/i_See all_icon fa fa-comment-o fa-fw' is clicked on

2022-01-15 11:56:42 - [MESSAGE][INFO] - Unable to find the element located by 'By.xpath: //a[@id='message-drawer-toggle-61da31feb585e61da31fe9dea25']/i'. Please recheck the objects properties to make sure the desired element is located. 

2022-01-15 11:56:42 - [MESSAGE][WARNING] - [SELF-HEALING] Failed to find element with id 'Object Repository/Page_Dashboard/i_See all_icon fa fa-comment-o fa-fw'. Try using Self-healing.

2022-01-15 11:56:42 - [MESSAGE][WARNING] - [SELF-HEALING] The current locator of test object 'Object Repository/Page_Dashboard/i_See all_icon fa fa-comment-o fa-fw' was broken. Propose an alternative one: '//div[2]/a/i'.

2022-01-15 11:56:42 - [MESSAGE][PASSED] - Object: 'Object Repository/Page_Dashboard/i_See all_icon fa fa-comment-o fa-fw' is clicked on

2022-01-15 11:56:42 - [TEST_STEP][PASSED] - click(findTestObject("Object Repository/Page_Dashboard/button_Private                             _e23f4d")): Object: 'Object Repository/Page_Dashboard/button_Private                             _e23f4d' is clicked on

2022-01-15 11:56:43 - [MESSAGE][PASSED] - Object: 'Object Repository/Page_Dashboard/button_Private                             _e23f4d' is clicked on

2022-01-15 11:56:43 - [TEST_STEP][PASSED] - click(findTestObject("Object Repository/Page_Dashboard/i__icon fa fa-chevron-right fa-fw")): Object: 'Object Repository/Page_Dashboard/i__icon fa fa-chevron-right fa-fw' is clicked on

2022-01-15 11:57:14 - [MESSAGE][INFO] - Unable to find the element located by 'By.xpath: //div[@id='view-overview-messages-target-61d5c032d7e3961d5c032c12767']/div[2]/a/div[2]/div[2]/div/span/i'. Please recheck the objects properties to make sure the desired element is located. 

2022-01-15 11:57:14 - [MESSAGE][WARNING] - [SELF-HEALING] Failed to find element with id 'Object Repository/Page_Dashboard/i__icon fa fa-chevron-right fa-fw'. Try using Self-healing.

2022-01-15 11:57:14 - [MESSAGE][WARNING] - [SELF-HEALING] The current locator of test object 'Object Repository/Page_Dashboard/i__icon fa fa-chevron-right fa-fw' was broken. Propose an alternative one: '//div[3]/div[2]/div[2]/a/div[2]/div[2]/div/span/i'.

2022-01-15 11:57:14 - [MESSAGE][PASSED] - Object: 'Object Repository/Page_Dashboard/i__icon fa fa-chevron-right fa-fw' is clicked on

2022-01-15 11:57:14 - [TEST_STEP][PASSED] - click(findTestObject("Object Repository/Page_Dashboard/button_Anh Lee_conversation-actions-menu-button")): Object: 'Object Repository/Page_Dashboard/button_Anh Lee_conversation-actions-menu-button' is clicked on

2022-01-15 11:57:16 - [MESSAGE][PASSED] - Object: 'Object Repository/Page_Dashboard/button_Anh Lee_conversation-actions-menu-button' is clicked on

2022-01-15 11:57:16 - [TEST_STEP][PASSED] - click(findTestObject("Object Repository/Page_Dashboard/a_User info")): Object: 'Object Repository/Page_Dashboard/a_User info' is clicked on

2022-01-15 11:57:16 - [MESSAGE][PASSED] - Object: 'Object Repository/Page_Dashboard/a_User info' is clicked on

2022-01-15 11:57:16 - [TEST_STEP][PASSED] - click(findTestObject("Object Repository/Page_Dashboard/button_Remove from contacts")): Object: 'Object Repository/Page_Dashboard/button_Remove from contacts' is clicked on

2022-01-15 11:57:17 - [MESSAGE][PASSED] - Object: 'Object Repository/Page_Dashboard/button_Remove from contacts' is clicked on

2022-01-15 11:57:17 - [TEST_STEP][PASSED] - click(findTestObject("Object Repository/Page_Dashboard/span_Remove")): Object: 'Object Repository/Page_Dashboard/span_Remove' is clicked on

2022-01-15 11:57:48 - [MESSAGE][INFO] - Unable to find the element located by 'By.xpath: //div[@id='yui_3_17_2_1_1641398322952_26']/div[3]/div/div[2]/div/button[3]/span'. Please recheck the objects properties to make sure the desired element is located. 

2022-01-15 11:57:48 - [MESSAGE][WARNING] - [SELF-HEALING] Failed to find element with id 'Object Repository/Page_Dashboard/span_Remove'. Try using Self-healing.

2022-01-15 11:57:49 - [MESSAGE][WARNING] - [SELF-HEALING] The current locator of test object 'Object Repository/Page_Dashboard/span_Remove' was broken. Propose an alternative one: '(.//*[normalize-space(text()) and normalize-space(.)='Unblock'])[1]/following::span[3]'.

2022-01-15 11:57:49 - [MESSAGE][PASSED] - Object: 'Object Repository/Page_Dashboard/span_Remove' is clicked on

2022-01-15 11:57:49 - [TEST_STEP][PASSED] - closeBrowser(): Browser is closed

2022-01-15 11:57:49 - [MESSAGE][PASSED] - Browser is closed]]></system-out>
         <system-err><![CDATA[]]></system-err>
      </testcase>
      <testcase name="Test Cases/Chat/Cancel block user" time="105.112" classname="Test Cases/Chat/Cancel block user" status="PASSED">
         <system-out><![CDATA[2022-01-15 11:57:49 - [TEST_CASE][PASSED] - Test Cases/Chat/Cancel block user: Test Cases/Chat/Cancel block user

2022-01-15 11:57:50 - [TEST_STEP][PASSED] - openBrowser(""): Browser is opened with url: ''

2022-01-15 11:57:50 - [MESSAGE][INFO] - Starting 'Chrome' driver

2022-01-15 11:57:50 - [MESSAGE][INFO] - Action delay is set to 0 milliseconds

2022-01-15 11:57:51 - [MESSAGE][PASSED] - Browser is opened with url: ''

2022-01-15 11:57:51 - [TEST_STEP][PASSED] - navigateToUrl("http://localhost/"): Navigate to 'http://localhost/' successfully

2022-01-15 11:57:52 - [MESSAGE][PASSED] - Navigate to 'http://localhost/' successfully

2022-01-15 11:57:52 - [TEST_STEP][PASSED] - click(findTestObject("Object Repository/Page_L Tm Anh/a_Log in")): Object: 'Object Repository/Page_L Tm Anh/a_Log in' is clicked on

2022-01-15 11:57:53 - [MESSAGE][PASSED] - Object: 'Object Repository/Page_L Tm Anh/a_Log in' is clicked on

2022-01-15 11:57:53 - [TEST_STEP][PASSED] - setText(findTestObject("Object Repository/Page_L Tm Anh Log in to the site/input_Username_username"), "admin"): Text 'admin' is set on object 'Object Repository/Page_L Tm Anh Log in to the site/input_Username_username'

2022-01-15 11:57:54 - [MESSAGE][PASSED] - Text 'admin' is set on object 'Object Repository/Page_L Tm Anh Log in to the site/input_Username_username'

2022-01-15 11:57:54 - [TEST_STEP][PASSED] - setEncryptedText(findTestObject("Object Repository/Page_L Tm Anh Log in to the site/input_Password_password"), "eGmz8XUbrLe3vUQiiiujBg=="): Text ****** has been set on object 'Object Repository/Page_L Tm Anh Log in to the site/input_Password_password'

2022-01-15 11:57:54 - [MESSAGE][PASSED] - Text ****** has been set on object 'Object Repository/Page_L Tm Anh Log in to the site/input_Password_password'

2022-01-15 11:57:54 - [TEST_STEP][PASSED] - click(findTestObject("Object Repository/Page_L Tm Anh Log in to the site/button_Log in")): Object: 'Object Repository/Page_L Tm Anh Log in to the site/button_Log in' is clicked on

2022-01-15 11:57:55 - [MESSAGE][PASSED] - Object: 'Object Repository/Page_L Tm Anh Log in to the site/button_Log in' is clicked on

2022-01-15 11:57:55 - [TEST_STEP][PASSED] - click(findTestObject("Object Repository/Page_Dashboard/a_0")): Object: 'Object Repository/Page_Dashboard/a_0' is clicked on

2022-01-15 11:58:27 - [MESSAGE][INFO] - Unable to find the element located by 'By.xpath: //a[@id='message-drawer-toggle-61dc107224f9a61dc1072131d45']'. Please recheck the objects properties to make sure the desired element is located. 

2022-01-15 11:58:27 - [MESSAGE][WARNING] - [SELF-HEALING] Failed to find element with id 'Object Repository/Page_Dashboard/a_0'. Try using Self-healing.

2022-01-15 11:58:27 - [MESSAGE][WARNING] - [SELF-HEALING] The current locator of test object 'Object Repository/Page_Dashboard/a_0' was broken. Propose an alternative one: '//div[@id='usernavigation']/div[2]/a'.

2022-01-15 11:58:27 - [MESSAGE][PASSED] - Object: 'Object Repository/Page_Dashboard/a_0' is clicked on

2022-01-15 11:58:27 - [TEST_STEP][PASSED] - setText(findTestObject("Object Repository/Page_Dashboard/input_Messages selected_form-control"), "student"): Text 'student' is set on object 'Object Repository/Page_Dashboard/input_Messages selected_form-control'

2022-01-15 11:58:28 - [MESSAGE][PASSED] - Text 'student' is set on object 'Object Repository/Page_Dashboard/input_Messages selected_form-control'

2022-01-15 11:58:28 - [TEST_STEP][PASSED] - click(findTestObject("Object Repository/Page_Dashboard/button_Messages selected_btn btn-submit ico_2a7788")): Object: 'Object Repository/Page_Dashboard/button_Messages selected_btn btn-submit ico_2a7788' is clicked on

2022-01-15 11:58:29 - [MESSAGE][PASSED] - Object: 'Object Repository/Page_Dashboard/button_Messages selected_btn btn-submit ico_2a7788' is clicked on

2022-01-15 11:58:29 - [TEST_STEP][PASSED] - click(findTestObject("Object Repository/Page_Dashboard/a_Student One")): Object: 'Object Repository/Page_Dashboard/a_Student One' is clicked on

2022-01-15 11:59:00 - [MESSAGE][INFO] - Unable to find the element located by 'By.xpath: //div[@id='yui_3_17_2_1_1641386046992_25']/div[6]/div/div/div/div[2]/div/a'. Please recheck the objects properties to make sure the desired element is located. 

2022-01-15 11:59:00 - [MESSAGE][WARNING] - [SELF-HEALING] Failed to find element with id 'Object Repository/Page_Dashboard/a_Student One'. Try using Self-healing.

2022-01-15 11:59:00 - [MESSAGE][WARNING] - [SELF-HEALING] The current locator of test object 'Object Repository/Page_Dashboard/a_Student One' was broken. Propose an alternative one: '(.//*[normalize-space(text()) and normalize-space(.)='Non-contacts'])[1]/following::a[1]'.

2022-01-15 11:59:00 - [MESSAGE][PASSED] - Object: 'Object Repository/Page_Dashboard/a_Student One' is clicked on

2022-01-15 11:59:00 - [TEST_STEP][PASSED] - click(findTestObject("Object Repository/Page_Dashboard/i_Student One_icon fa fa-ellipsis-h fa-fw")): Object: 'Object Repository/Page_Dashboard/i_Student One_icon fa fa-ellipsis-h fa-fw' is clicked on

2022-01-15 11:59:02 - [MESSAGE][PASSED] - Object: 'Object Repository/Page_Dashboard/i_Student One_icon fa fa-ellipsis-h fa-fw' is clicked on

2022-01-15 11:59:02 - [TEST_STEP][PASSED] - click(findTestObject("Object Repository/Page_Dashboard/a_Block user")): Object: 'Object Repository/Page_Dashboard/a_Block user' is clicked on

2022-01-15 11:59:02 - [MESSAGE][PASSED] - Object: 'Object Repository/Page_Dashboard/a_Block user' is clicked on

2022-01-15 11:59:02 - [TEST_STEP][PASSED] - click(findTestObject("Object Repository/Page_Dashboard/button_Cancel")): Object: 'Object Repository/Page_Dashboard/button_Cancel' is clicked on

2022-01-15 11:59:33 - [MESSAGE][INFO] - Unable to find the element located by 'By.xpath: (//button[@type='button'])[22]'. Please recheck the objects properties to make sure the desired element is located. 

2022-01-15 11:59:33 - [MESSAGE][WARNING] - [SELF-HEALING] Failed to find element with id 'Object Repository/Page_Dashboard/button_Cancel'. Try using Self-healing.

2022-01-15 11:59:34 - [MESSAGE][WARNING] - [SELF-HEALING] The current locator of test object 'Object Repository/Page_Dashboard/button_Cancel' was broken. Propose an alternative one: '(.//*[normalize-space(text()) and normalize-space(.)='OK'])[1]/following::button[1]'.

2022-01-15 11:59:34 - [MESSAGE][PASSED] - Object: 'Object Repository/Page_Dashboard/button_Cancel' is clicked on

2022-01-15 11:59:34 - [TEST_STEP][PASSED] - closeBrowser(): Browser is closed

2022-01-15 11:59:34 - [MESSAGE][PASSED] - Browser is closed]]></system-out>
         <system-err><![CDATA[]]></system-err>
      </testcase>
      <testcase name="Test Cases/Chat/Block user" time="75.444" classname="Test Cases/Chat/Block user" status="PASSED">
         <system-out><![CDATA[2022-01-15 11:59:34 - [TEST_CASE][PASSED] - Test Cases/Chat/Block user: Test Cases/Chat/Block user

2022-01-15 11:59:35 - [TEST_STEP][PASSED] - openBrowser(""): Browser is opened with url: ''

2022-01-15 11:59:35 - [MESSAGE][INFO] - Starting 'Chrome' driver

2022-01-15 11:59:35 - [MESSAGE][INFO] - Action delay is set to 0 milliseconds

2022-01-15 11:59:36 - [MESSAGE][PASSED] - Browser is opened with url: ''

2022-01-15 11:59:36 - [TEST_STEP][PASSED] - navigateToUrl("http://localhost/"): Navigate to 'http://localhost/' successfully

2022-01-15 11:59:37 - [MESSAGE][PASSED] - Navigate to 'http://localhost/' successfully

2022-01-15 11:59:37 - [TEST_STEP][PASSED] - click(findTestObject("Object Repository/Page_L Tm Anh/a_Log in")): Object: 'Object Repository/Page_L Tm Anh/a_Log in' is clicked on

2022-01-15 11:59:37 - [MESSAGE][PASSED] - Object: 'Object Repository/Page_L Tm Anh/a_Log in' is clicked on

2022-01-15 11:59:37 - [TEST_STEP][PASSED] - click(findTestObject("Object Repository/Page_L Tm Anh Log in to the site/form_Username                              _635ab4")): Object: 'Object Repository/Page_L Tm Anh Log in to the site/form_Username                              _635ab4' is clicked on

2022-01-15 11:59:38 - [MESSAGE][PASSED] - Object: 'Object Repository/Page_L Tm Anh Log in to the site/form_Username                              _635ab4' is clicked on

2022-01-15 11:59:38 - [TEST_STEP][PASSED] - setText(findTestObject("Object Repository/Page_L Tm Anh Log in to the site/input_Username_username"), "admin"): Text 'admin' is set on object 'Object Repository/Page_L Tm Anh Log in to the site/input_Username_username'

2022-01-15 11:59:39 - [MESSAGE][PASSED] - Text 'admin' is set on object 'Object Repository/Page_L Tm Anh Log in to the site/input_Username_username'

2022-01-15 11:59:39 - [TEST_STEP][PASSED] - setEncryptedText(findTestObject("Object Repository/Page_L Tm Anh Log in to the site/input_Password_password"), "eGmz8XUbrLe3vUQiiiujBg=="): Text ****** has been set on object 'Object Repository/Page_L Tm Anh Log in to the site/input_Password_password'

2022-01-15 11:59:39 - [MESSAGE][PASSED] - Text ****** has been set on object 'Object Repository/Page_L Tm Anh Log in to the site/input_Password_password'

2022-01-15 11:59:39 - [TEST_STEP][PASSED] - click(findTestObject("Object Repository/Page_L Tm Anh Log in to the site/button_Log in")): Object: 'Object Repository/Page_L Tm Anh Log in to the site/button_Log in' is clicked on

2022-01-15 11:59:41 - [MESSAGE][PASSED] - Object: 'Object Repository/Page_L Tm Anh Log in to the site/button_Log in' is clicked on

2022-01-15 11:59:41 - [TEST_STEP][PASSED] - click(findTestObject("Object Repository/Page_Dashboard/a_0")): Object: 'Object Repository/Page_Dashboard/a_0' is clicked on

2022-01-15 12:00:12 - [MESSAGE][INFO] - Unable to find the element located by 'By.xpath: //a[@id='message-drawer-toggle-61dc107224f9a61dc1072131d45']'. Please recheck the objects properties to make sure the desired element is located. 

2022-01-15 12:00:12 - [MESSAGE][WARNING] - [SELF-HEALING] Failed to find element with id 'Object Repository/Page_Dashboard/a_0'. Try using Self-healing.

2022-01-15 12:00:12 - [MESSAGE][WARNING] - [SELF-HEALING] The current locator of test object 'Object Repository/Page_Dashboard/a_0' was broken. Propose an alternative one: '//div[@id='usernavigation']/div[2]/a'.

2022-01-15 12:00:12 - [MESSAGE][PASSED] - Object: 'Object Repository/Page_Dashboard/a_0' is clicked on

2022-01-15 12:00:12 - [TEST_STEP][PASSED] - setText(findTestObject("Object Repository/Page_Dashboard/input_Messages selected_form-control"), "student"): Text 'student' is set on object 'Object Repository/Page_Dashboard/input_Messages selected_form-control'

2022-01-15 12:00:14 - [MESSAGE][PASSED] - Text 'student' is set on object 'Object Repository/Page_Dashboard/input_Messages selected_form-control'

2022-01-15 12:00:14 - [TEST_STEP][PASSED] - click(findTestObject("Object Repository/Page_Dashboard/button_Messages selected_btn btn-submit ico_2a7788")): Object: 'Object Repository/Page_Dashboard/button_Messages selected_btn btn-submit ico_2a7788' is clicked on

2022-01-15 12:00:14 - [MESSAGE][PASSED] - Object: 'Object Repository/Page_Dashboard/button_Messages selected_btn btn-submit ico_2a7788' is clicked on

2022-01-15 12:00:14 - [TEST_STEP][PASSED] - click(findTestObject("Object Repository/Page_Dashboard/a_Student Two")): Object: 'Object Repository/Page_Dashboard/a_Student Two' is clicked on

2022-01-15 12:00:45 - [MESSAGE][INFO] - Unable to find the element located by 'By.xpath: //div[@id='yui_3_17_2_1_1641382110919_25']/div[6]/div/div/div/div[2]/div/a[2]'. Please recheck the objects properties to make sure the desired element is located. 

2022-01-15 12:00:45 - [MESSAGE][WARNING] - [SELF-HEALING] Failed to find element with id 'Object Repository/Page_Dashboard/a_Student Two'. Try using Self-healing.

2022-01-15 12:00:46 - [MESSAGE][WARNING] - [SELF-HEALING] The current locator of test object 'Object Repository/Page_Dashboard/a_Student Two' was broken. Propose an alternative one: '(.//*[normalize-space(text()) and normalize-space(.)='Student'])[1]/following::a[1]'.

2022-01-15 12:00:46 - [MESSAGE][PASSED] - Object: 'Object Repository/Page_Dashboard/a_Student Two' is clicked on

2022-01-15 12:00:46 - [TEST_STEP][PASSED] - click(findTestObject("Object Repository/Page_Dashboard/i_Student Two_icon fa fa-ellipsis-h fa-fw")): Object: 'Object Repository/Page_Dashboard/i_Student Two_icon fa fa-ellipsis-h fa-fw' is clicked on

2022-01-15 12:00:47 - [MESSAGE][PASSED] - Object: 'Object Repository/Page_Dashboard/i_Student Two_icon fa fa-ellipsis-h fa-fw' is clicked on

2022-01-15 12:00:47 - [TEST_STEP][PASSED] - click(findTestObject("Object Repository/Page_Dashboard/a_User info")): Object: 'Object Repository/Page_Dashboard/a_User info' is clicked on

2022-01-15 12:00:48 - [MESSAGE][PASSED] - Object: 'Object Repository/Page_Dashboard/a_User info' is clicked on

2022-01-15 12:00:48 - [TEST_STEP][PASSED] - click(findTestObject("Object Repository/Page_Dashboard/button_Block user")): Object: 'Object Repository/Page_Dashboard/button_Block user' is clicked on

2022-01-15 12:00:49 - [MESSAGE][PASSED] - Object: 'Object Repository/Page_Dashboard/button_Block user' is clicked on

2022-01-15 12:00:49 - [TEST_STEP][PASSED] - click(findTestObject("Object Repository/Page_Dashboard/button_Block")): Object: 'Object Repository/Page_Dashboard/button_Block' is clicked on

2022-01-15 12:00:49 - [MESSAGE][PASSED] - Object: 'Object Repository/Page_Dashboard/button_Block' is clicked on

2022-01-15 12:00:49 - [TEST_STEP][PASSED] - closeBrowser(): Browser is closed

2022-01-15 12:00:50 - [MESSAGE][PASSED] - Browser is closed]]></system-out>
         <system-err><![CDATA[]]></system-err>
      </testcase>
      <testcase name="Test Cases/Chat/Unblock user" time="165.214" classname="Test Cases/Chat/Unblock user" status="PASSED">
         <system-out><![CDATA[2022-01-15 12:00:50 - [TEST_CASE][PASSED] - Test Cases/Chat/Unblock user: Test Cases/Chat/Unblock user

2022-01-15 12:00:50 - [TEST_STEP][PASSED] - openBrowser(""): Browser is opened with url: ''

2022-01-15 12:00:50 - [MESSAGE][INFO] - Starting 'Chrome' driver

2022-01-15 12:00:50 - [MESSAGE][INFO] - Action delay is set to 0 milliseconds

2022-01-15 12:00:51 - [MESSAGE][PASSED] - Browser is opened with url: ''

2022-01-15 12:00:51 - [TEST_STEP][PASSED] - navigateToUrl("http://localhost/"): Navigate to 'http://localhost/' successfully

2022-01-15 12:00:52 - [MESSAGE][PASSED] - Navigate to 'http://localhost/' successfully

2022-01-15 12:00:52 - [TEST_STEP][PASSED] - click(findTestObject("Object Repository/Page_L Tm Anh/a_Log in")): Object: 'Object Repository/Page_L Tm Anh/a_Log in' is clicked on

2022-01-15 12:00:52 - [MESSAGE][PASSED] - Object: 'Object Repository/Page_L Tm Anh/a_Log in' is clicked on

2022-01-15 12:00:52 - [TEST_STEP][PASSED] - setText(findTestObject("Object Repository/Page_L Tm Anh Log in to the site/input_Username_username"), "admin"): Text 'admin' is set on object 'Object Repository/Page_L Tm Anh Log in to the site/input_Username_username'

2022-01-15 12:00:53 - [MESSAGE][PASSED] - Text 'admin' is set on object 'Object Repository/Page_L Tm Anh Log in to the site/input_Username_username'

2022-01-15 12:00:53 - [TEST_STEP][PASSED] - setEncryptedText(findTestObject("Object Repository/Page_L Tm Anh Log in to the site/input_Password_password"), "eGmz8XUbrLe3vUQiiiujBg=="): Text ****** has been set on object 'Object Repository/Page_L Tm Anh Log in to the site/input_Password_password'

2022-01-15 12:00:54 - [MESSAGE][PASSED] - Text ****** has been set on object 'Object Repository/Page_L Tm Anh Log in to the site/input_Password_password'

2022-01-15 12:00:54 - [TEST_STEP][PASSED] - click(findTestObject("Object Repository/Page_L Tm Anh Log in to the site/button_Log in")): Object: 'Object Repository/Page_L Tm Anh Log in to the site/button_Log in' is clicked on

2022-01-15 12:00:55 - [MESSAGE][PASSED] - Object: 'Object Repository/Page_L Tm Anh Log in to the site/button_Log in' is clicked on

2022-01-15 12:00:55 - [TEST_STEP][PASSED] - click(findTestObject("Object Repository/Page_Dashboard/i_See all_icon fa fa-comment-o fa-fw")): Object: 'Object Repository/Page_Dashboard/i_See all_icon fa fa-comment-o fa-fw' is clicked on

2022-01-15 12:01:26 - [MESSAGE][INFO] - Unable to find the element located by 'By.xpath: //a[@id='message-drawer-toggle-61da31feb585e61da31fe9dea25']/i'. Please recheck the objects properties to make sure the desired element is located. 

2022-01-15 12:01:26 - [MESSAGE][WARNING] - [SELF-HEALING] Failed to find element with id 'Object Repository/Page_Dashboard/i_See all_icon fa fa-comment-o fa-fw'. Try using Self-healing.

2022-01-15 12:01:26 - [MESSAGE][WARNING] - [SELF-HEALING] The current locator of test object 'Object Repository/Page_Dashboard/i_See all_icon fa fa-comment-o fa-fw' was broken. Propose an alternative one: '//div[2]/a/i'.

2022-01-15 12:01:26 - [MESSAGE][PASSED] - Object: 'Object Repository/Page_Dashboard/i_See all_icon fa fa-comment-o fa-fw' is clicked on

2022-01-15 12:01:26 - [TEST_STEP][PASSED] - setText(findTestObject("Object Repository/Page_Dashboard/input_Messages selected_form-control"), "student"): Text 'student' is set on object 'Object Repository/Page_Dashboard/input_Messages selected_form-control'

2022-01-15 12:01:27 - [MESSAGE][PASSED] - Text 'student' is set on object 'Object Repository/Page_Dashboard/input_Messages selected_form-control'

2022-01-15 12:01:27 - [TEST_STEP][PASSED] - click(findTestObject("Object Repository/Page_Dashboard/i_Messages selected_icon fa fa-search fa-fw")): Object: 'Object Repository/Page_Dashboard/i_Messages selected_icon fa fa-search fa-fw' is clicked on

2022-01-15 12:01:58 - [MESSAGE][INFO] - Unable to find the element located by 'By.xpath: //div[@id='yui_3_17_2_1_1641689598842_31']/div[4]/div/div/div/button/span/i'. Please recheck the objects properties to make sure the desired element is located. 

2022-01-15 12:01:58 - [MESSAGE][WARNING] - [SELF-HEALING] Failed to find element with id 'Object Repository/Page_Dashboard/i_Messages selected_icon fa fa-search fa-fw'. Try using Self-healing.

2022-01-15 12:01:59 - [MESSAGE][WARNING] - [SELF-HEALING] The current locator of test object 'Object Repository/Page_Dashboard/i_Messages selected_icon fa fa-search fa-fw' was broken. Propose an alternative one: '//button/span/i'.

2022-01-15 12:01:59 - [MESSAGE][PASSED] - Object: 'Object Repository/Page_Dashboard/i_Messages selected_icon fa fa-search fa-fw' is clicked on

2022-01-15 12:01:59 - [TEST_STEP][PASSED] - click(findTestObject("Object Repository/Page_Dashboard/a_Student Two")): Object: 'Object Repository/Page_Dashboard/a_Student Two' is clicked on

2022-01-15 12:02:30 - [MESSAGE][INFO] - Unable to find the element located by 'By.xpath: //div[@id='yui_3_17_2_1_1641382110919_25']/div[6]/div/div/div/div[2]/div/a[2]'. Please recheck the objects properties to make sure the desired element is located. 

2022-01-15 12:02:30 - [MESSAGE][WARNING] - [SELF-HEALING] Failed to find element with id 'Object Repository/Page_Dashboard/a_Student Two'. Try using Self-healing.

2022-01-15 12:02:30 - [MESSAGE][WARNING] - [SELF-HEALING] The current locator of test object 'Object Repository/Page_Dashboard/a_Student Two' was broken. Propose an alternative one: '(.//*[normalize-space(text()) and normalize-space(.)='Student'])[1]/following::a[1]'.

2022-01-15 12:02:31 - [MESSAGE][PASSED] - Object: 'Object Repository/Page_Dashboard/a_Student Two' is clicked on

2022-01-15 12:02:31 - [TEST_STEP][PASSED] - click(findTestObject("Object Repository/Page_Dashboard/span_Unblock user")): Object: 'Object Repository/Page_Dashboard/span_Unblock user' is clicked on

2022-01-15 12:03:02 - [MESSAGE][INFO] - Unable to find the element located by 'By.xpath: //div[@id='message-drawer-61d57004667c961d570045584c7']/div[4]/div/div[4]/div/button/span'. Please recheck the objects properties to make sure the desired element is located. 

2022-01-15 12:03:02 - [MESSAGE][WARNING] - [SELF-HEALING] Failed to find element with id 'Object Repository/Page_Dashboard/span_Unblock user'. Try using Self-healing.

2022-01-15 12:03:02 - [MESSAGE][WARNING] - [SELF-HEALING] The current locator of test object 'Object Repository/Page_Dashboard/span_Unblock user' was broken. Propose an alternative one: '(.//*[normalize-space(text()) and normalize-space(.)='Send contact request'])[2]/following::span[3]'.

2022-01-15 12:03:02 - [MESSAGE][PASSED] - Object: 'Object Repository/Page_Dashboard/span_Unblock user' is clicked on

2022-01-15 12:03:02 - [TEST_STEP][PASSED] - click(findTestObject("Object Repository/Page_Dashboard/span_Unblock")): Object: 'Object Repository/Page_Dashboard/span_Unblock' is clicked on

2022-01-15 12:03:34 - [MESSAGE][INFO] - Unable to find the element located by 'By.xpath: //div[@id='yui_3_17_2_1_1641376457670_26']/div[3]/div/div[2]/div/button[2]/span'. Please recheck the objects properties to make sure the desired element is located. 

2022-01-15 12:03:34 - [MESSAGE][WARNING] - [SELF-HEALING] Failed to find element with id 'Object Repository/Page_Dashboard/span_Unblock'. Try using Self-healing.

2022-01-15 12:03:34 - [MESSAGE][WARNING] - [SELF-HEALING] The current locator of test object 'Object Repository/Page_Dashboard/span_Unblock' was broken. Propose an alternative one: '(.//*[normalize-space(text()) and normalize-space(.)='Block'])[1]/following::span[3]'.

2022-01-15 12:03:34 - [MESSAGE][PASSED] - Object: 'Object Repository/Page_Dashboard/span_Unblock' is clicked on

2022-01-15 12:03:34 - [TEST_STEP][PASSED] - closeBrowser(): Browser is closed

2022-01-15 12:03:35 - [MESSAGE][PASSED] - Browser is closed]]></system-out>
         <system-err><![CDATA[]]></system-err>
      </testcase>
      <testcase name="Test Cases/Chat/Delete conversation (message with another user)" time="141.312" classname="Test Cases/Chat/Delete conversation (message with another user)" status="PASSED">
         <system-out><![CDATA[2022-01-15 12:03:35 - [TEST_CASE][PASSED] - Test Cases/Chat/Delete conversation (message with another user): Test Cases/Chat/Delete conversation (message with another user)

2022-01-15 12:03:35 - [TEST_STEP][PASSED] - openBrowser(""): Browser is opened with url: ''

2022-01-15 12:03:35 - [MESSAGE][INFO] - Starting 'Chrome' driver

2022-01-15 12:03:35 - [MESSAGE][INFO] - Action delay is set to 0 milliseconds

2022-01-15 12:03:37 - [MESSAGE][PASSED] - Browser is opened with url: ''

2022-01-15 12:03:37 - [TEST_STEP][PASSED] - navigateToUrl("http://localhost/"): Navigate to 'http://localhost/' successfully

2022-01-15 12:03:41 - [MESSAGE][PASSED] - Navigate to 'http://localhost/' successfully

2022-01-15 12:03:41 - [TEST_STEP][PASSED] - click(findTestObject("Object Repository/Page_L Tm Anh/span_Log in")): Object: 'Object Repository/Page_L Tm Anh/span_Log in' is clicked on

2022-01-15 12:03:41 - [MESSAGE][PASSED] - Object: 'Object Repository/Page_L Tm Anh/span_Log in' is clicked on

2022-01-15 12:03:41 - [TEST_STEP][PASSED] - click(findTestObject("Object Repository/Page_L Tm Anh/a_Log in")): Object: 'Object Repository/Page_L Tm Anh/a_Log in' is clicked on

2022-01-15 12:04:13 - [MESSAGE][INFO] - Unable to find the element located by 'By.xpath: //div[@id='usernavigation']/div/div/span/a'. Please recheck the objects properties to make sure the desired element is located. 

2022-01-15 12:04:13 - [MESSAGE][WARNING] - [SELF-HEALING] Failed to find element with id 'Object Repository/Page_L Tm Anh/a_Log in'. Try using Self-healing.

2022-01-15 12:04:13 - [MESSAGE][WARNING] - [SELF-HEALING] The current locator of test object 'Object Repository/Page_L Tm Anh/a_Log in' was broken. Propose an alternative one: '//*/text()[normalize-space(.)='Log in']/parent::*'.

2022-01-15 12:04:14 - [MESSAGE][PASSED] - Object: 'Object Repository/Page_L Tm Anh/a_Log in' is clicked on

2022-01-15 12:04:14 - [TEST_STEP][PASSED] - setText(findTestObject("Object Repository/Page_L Tm Anh Log in to the site/input_Username_username"), "admin"): Text 'admin' is set on object 'Object Repository/Page_L Tm Anh Log in to the site/input_Username_username'

2022-01-15 12:04:15 - [MESSAGE][PASSED] - Text 'admin' is set on object 'Object Repository/Page_L Tm Anh Log in to the site/input_Username_username'

2022-01-15 12:04:15 - [TEST_STEP][PASSED] - setEncryptedText(findTestObject("Object Repository/Page_L Tm Anh Log in to the site/input_Password_password"), "eGmz8XUbrLe3vUQiiiujBg=="): Text ****** has been set on object 'Object Repository/Page_L Tm Anh Log in to the site/input_Password_password'

2022-01-15 12:04:15 - [MESSAGE][PASSED] - Text ****** has been set on object 'Object Repository/Page_L Tm Anh Log in to the site/input_Password_password'

2022-01-15 12:04:15 - [TEST_STEP][PASSED] - click(findTestObject("Object Repository/Page_L Tm Anh Log in to the site/button_Log in")): Object: 'Object Repository/Page_L Tm Anh Log in to the site/button_Log in' is clicked on

2022-01-15 12:04:17 - [MESSAGE][PASSED] - Object: 'Object Repository/Page_L Tm Anh Log in to the site/button_Log in' is clicked on

2022-01-15 12:04:17 - [TEST_STEP][PASSED] - click(findTestObject("Object Repository/Page_Dashboard/i_See all_icon fa fa-comment-o fa-fw")): Object: 'Object Repository/Page_Dashboard/i_See all_icon fa fa-comment-o fa-fw' is clicked on

2022-01-15 12:04:48 - [MESSAGE][INFO] - Unable to find the element located by 'By.xpath: //a[@id='message-drawer-toggle-61da31feb585e61da31fe9dea25']/i'. Please recheck the objects properties to make sure the desired element is located. 

2022-01-15 12:04:48 - [MESSAGE][WARNING] - [SELF-HEALING] Failed to find element with id 'Object Repository/Page_Dashboard/i_See all_icon fa fa-comment-o fa-fw'. Try using Self-healing.

2022-01-15 12:04:49 - [MESSAGE][WARNING] - [SELF-HEALING] The current locator of test object 'Object Repository/Page_Dashboard/i_See all_icon fa fa-comment-o fa-fw' was broken. Propose an alternative one: '//div[2]/a/i'.

2022-01-15 12:04:49 - [MESSAGE][PASSED] - Object: 'Object Repository/Page_Dashboard/i_See all_icon fa fa-comment-o fa-fw' is clicked on

2022-01-15 12:04:49 - [TEST_STEP][PASSED] - setText(findTestObject("Object Repository/Page_Dashboard/input_Messages selected_form-control"), "Anh Le"): Text 'Anh Le' is set on object 'Object Repository/Page_Dashboard/input_Messages selected_form-control'

2022-01-15 12:04:50 - [MESSAGE][PASSED] - Text 'Anh Le' is set on object 'Object Repository/Page_Dashboard/input_Messages selected_form-control'

2022-01-15 12:04:50 - [TEST_STEP][PASSED] - click(findTestObject("Object Repository/Page_Dashboard/i_Messages selected_icon fa fa-search fa-fw")): Object: 'Object Repository/Page_Dashboard/i_Messages selected_icon fa fa-search fa-fw' is clicked on

2022-01-15 12:05:21 - [MESSAGE][INFO] - Unable to find the element located by 'By.xpath: //div[@id='yui_3_17_2_1_1641689598842_31']/div[4]/div/div/div/button/span/i'. Please recheck the objects properties to make sure the desired element is located. 

2022-01-15 12:05:21 - [MESSAGE][WARNING] - [SELF-HEALING] Failed to find element with id 'Object Repository/Page_Dashboard/i_Messages selected_icon fa fa-search fa-fw'. Try using Self-healing.

2022-01-15 12:05:21 - [MESSAGE][WARNING] - [SELF-HEALING] The current locator of test object 'Object Repository/Page_Dashboard/i_Messages selected_icon fa fa-search fa-fw' was broken. Propose an alternative one: '//button/span/i'.

2022-01-15 12:05:21 - [MESSAGE][PASSED] - Object: 'Object Repository/Page_Dashboard/i_Messages selected_icon fa fa-search fa-fw' is clicked on

2022-01-15 12:05:21 - [TEST_STEP][PASSED] - click(findTestObject("Object Repository/Page_Dashboard/a_Anh Lee")): Object: 'Object Repository/Page_Dashboard/a_Anh Lee' is clicked on

2022-01-15 12:05:53 - [MESSAGE][INFO] - Unable to find the element located by 'By.xpath: //div[@id='yui_3_17_2_1_1641689598842_26']/div[6]/div/div/div/div[2]/div/a'. Please recheck the objects properties to make sure the desired element is located. 

2022-01-15 12:05:53 - [MESSAGE][WARNING] - [SELF-HEALING] Failed to find element with id 'Object Repository/Page_Dashboard/a_Anh Lee'. Try using Self-healing.

2022-01-15 12:05:53 - [MESSAGE][WARNING] - [SELF-HEALING] The current locator of test object 'Object Repository/Page_Dashboard/a_Anh Lee' was broken. Propose an alternative one: '(.//*[normalize-space(text()) and normalize-space(.)='Non-contacts'])[1]/following::a[1]'.

2022-01-15 12:05:53 - [MESSAGE][PASSED] - Object: 'Object Repository/Page_Dashboard/a_Anh Lee' is clicked on

2022-01-15 12:05:53 - [TEST_STEP][PASSED] - click(findTestObject("Object Repository/Page_Dashboard/i_Anh Lee_icon fa fa-ellipsis-h fa-fw")): Object: 'Object Repository/Page_Dashboard/i_Anh Lee_icon fa fa-ellipsis-h fa-fw' is clicked on

2022-01-15 12:05:55 - [MESSAGE][PASSED] - Object: 'Object Repository/Page_Dashboard/i_Anh Lee_icon fa fa-ellipsis-h fa-fw' is clicked on

2022-01-15 12:05:55 - [TEST_STEP][PASSED] - click(findTestObject("Object Repository/Page_Dashboard/a_Delete conversation")): Object: 'Object Repository/Page_Dashboard/a_Delete conversation' is clicked on

2022-01-15 12:05:55 - [MESSAGE][PASSED] - Object: 'Object Repository/Page_Dashboard/a_Delete conversation' is clicked on

2022-01-15 12:05:55 - [TEST_STEP][PASSED] - click(findTestObject("Object Repository/Page_Dashboard/button_Delete")): Object: 'Object Repository/Page_Dashboard/button_Delete' is clicked on

2022-01-15 12:05:56 - [MESSAGE][PASSED] - Object: 'Object Repository/Page_Dashboard/button_Delete' is clicked on

2022-01-15 12:05:56 - [TEST_STEP][PASSED] - closeBrowser(): Browser is closed

2022-01-15 12:05:56 - [MESSAGE][PASSED] - Browser is closed]]></system-out>
         <system-err><![CDATA[]]></system-err>
      </testcase>
      <testcase name="Test Cases/I1/Create a event category type (event button)" time="76.264" classname="Test Cases/I1/Create a event category type (event button)" status="PASSED">
         <system-out><![CDATA[2022-01-15 12:05:56 - [TEST_CASE][PASSED] - Test Cases/I1/Create a event category type (event button): Test Cases/I1/Create a event category type (event button)

2022-01-15 12:05:57 - [TEST_STEP][PASSED] - openBrowser(""): Browser is opened with url: ''

2022-01-15 12:05:57 - [MESSAGE][INFO] - Starting 'Chrome' driver

2022-01-15 12:05:57 - [MESSAGE][INFO] - Action delay is set to 0 milliseconds

2022-01-15 12:05:59 - [MESSAGE][PASSED] - Browser is opened with url: ''

2022-01-15 12:05:59 - [TEST_STEP][PASSED] - navigateToUrl("http://localhost/"): Navigate to 'http://localhost/' successfully

2022-01-15 12:06:00 - [MESSAGE][PASSED] - Navigate to 'http://localhost/' successfully

2022-01-15 12:06:00 - [TEST_STEP][PASSED] - click(findTestObject("Object Repository/Page_L Tm Anh/a_Log in")): Object: 'Object Repository/Page_L Tm Anh/a_Log in' is clicked on

2022-01-15 12:06:01 - [MESSAGE][PASSED] - Object: 'Object Repository/Page_L Tm Anh/a_Log in' is clicked on

2022-01-15 12:06:01 - [TEST_STEP][PASSED] - setText(findTestObject("Object Repository/Page_L Tm Anh Log in to the site/input_Username_username"), "admin"): Text 'admin' is set on object 'Object Repository/Page_L Tm Anh Log in to the site/input_Username_username'

2022-01-15 12:06:02 - [MESSAGE][PASSED] - Text 'admin' is set on object 'Object Repository/Page_L Tm Anh Log in to the site/input_Username_username'

2022-01-15 12:06:02 - [TEST_STEP][PASSED] - setEncryptedText(findTestObject("Object Repository/Page_L Tm Anh Log in to the site/input_Password_password"), "eGmz8XUbrLe3vUQiiiujBg=="): Text ****** has been set on object 'Object Repository/Page_L Tm Anh Log in to the site/input_Password_password'

2022-01-15 12:06:02 - [MESSAGE][PASSED] - Text ****** has been set on object 'Object Repository/Page_L Tm Anh Log in to the site/input_Password_password'

2022-01-15 12:06:02 - [TEST_STEP][PASSED] - click(findTestObject("Object Repository/Page_L Tm Anh Log in to the site/button_Log in")): Object: 'Object Repository/Page_L Tm Anh Log in to the site/button_Log in' is clicked on

2022-01-15 12:06:04 - [MESSAGE][PASSED] - Object: 'Object Repository/Page_L Tm Anh Log in to the site/button_Log in' is clicked on

2022-01-15 12:06:04 - [TEST_STEP][PASSED] - click(findTestObject("Object Repository/Page_Dashboard/button_New event")): Object: 'Object Repository/Page_Dashboard/button_New event' is clicked on

2022-01-15 12:06:35 - [MESSAGE][INFO] - Unable to find the element located by 'By.xpath: //div[@id='calendar-month-61de1c2e471ee61de1c2e3471f2-1']/div/button'. Please recheck the objects properties to make sure the desired element is located. 

2022-01-15 12:06:35 - [MESSAGE][WARNING] - [SELF-HEALING] Failed to find element with id 'Object Repository/Page_Dashboard/button_New event'. Try using Self-healing.

2022-01-15 12:06:35 - [MESSAGE][WARNING] - [SELF-HEALING] The current locator of test object 'Object Repository/Page_Dashboard/button_New event' was broken. Propose an alternative one: '(.//*[normalize-space(text()) and normalize-space(.)='List of courses'])[1]/following::button[1]'.

2022-01-15 12:06:35 - [MESSAGE][PASSED] - Object: 'Object Repository/Page_Dashboard/button_New event' is clicked on

2022-01-15 12:06:35 - [TEST_STEP][PASSED] - setText(findTestObject("Object Repository/Page_Dashboard/input_Event title_name"), "10"): Text '10' is set on object 'Object Repository/Page_Dashboard/input_Event title_name'

2022-01-15 12:06:38 - [MESSAGE][PASSED] - Text '10' is set on object 'Object Repository/Page_Dashboard/input_Event title_name'

2022-01-15 12:06:38 - [TEST_STEP][PASSED] - selectOptionByValue(findTestObject("Object Repository/Page_Dashboard/select_User            Group            Cou_43b121"), "category", true): All options with value 'category' are selected in object 'Object Repository/Page_Dashboard/select_User            Group            Cou_43b121'  using regular expression

2022-01-15 12:06:40 - [MESSAGE][PASSED] - All options with value 'category' are selected in object 'Object Repository/Page_Dashboard/select_User            Group            Cou_43b121'  using regular expression

2022-01-15 12:06:40 - [TEST_STEP][PASSED] - click(findTestObject("Object Repository/Page_Dashboard/button_Save")): Object: 'Object Repository/Page_Dashboard/button_Save' is clicked on

2022-01-15 12:07:12 - [MESSAGE][INFO] - Unable to find the element located by 'By.xpath: //button[@id='yui_3_17_2_1_1641946158383_192']'. Please recheck the objects properties to make sure the desired element is located. 

2022-01-15 12:07:12 - [MESSAGE][WARNING] - [SELF-HEALING] Failed to find element with id 'Object Repository/Page_Dashboard/button_Save'. Try using Self-healing.

2022-01-15 12:07:12 - [MESSAGE][WARNING] - [SELF-HEALING] The current locator of test object 'Object Repository/Page_Dashboard/button_Save' was broken. Propose an alternative one: '(.//*[normalize-space(text()) and normalize-space(.)='Repeat weekly, creating altogether'])[1]/following::button[1]'.

2022-01-15 12:07:12 - [MESSAGE][PASSED] - Object: 'Object Repository/Page_Dashboard/button_Save' is clicked on

2022-01-15 12:07:12 - [TEST_STEP][PASSED] - closeBrowser(): Browser is closed

2022-01-15 12:07:13 - [MESSAGE][PASSED] - Browser is closed]]></system-out>
         <system-err><![CDATA[]]></system-err>
      </testcase>
      <testcase name="Test Cases/I1/Create a event course type (event button)" time="143.646" classname="Test Cases/I1/Create a event course type (event button)" status="PASSED">
         <system-out><![CDATA[2022-01-15 12:07:13 - [TEST_CASE][PASSED] - Test Cases/I1/Create a event course type (event button): Test Cases/I1/Create a event course type (event button)

2022-01-15 12:07:13 - [TEST_STEP][PASSED] - openBrowser(""): Browser is opened with url: ''

2022-01-15 12:07:13 - [MESSAGE][INFO] - Starting 'Chrome' driver

2022-01-15 12:07:13 - [MESSAGE][INFO] - Action delay is set to 0 milliseconds

2022-01-15 12:07:15 - [MESSAGE][PASSED] - Browser is opened with url: ''

2022-01-15 12:07:15 - [TEST_STEP][PASSED] - navigateToUrl("http://localhost/"): Navigate to 'http://localhost/' successfully

2022-01-15 12:07:17 - [MESSAGE][PASSED] - Navigate to 'http://localhost/' successfully

2022-01-15 12:07:17 - [TEST_STEP][PASSED] - click(findTestObject("Object Repository/Page_L Tm Anh/a_Log in")): Object: 'Object Repository/Page_L Tm Anh/a_Log in' is clicked on

2022-01-15 12:07:18 - [MESSAGE][PASSED] - Object: 'Object Repository/Page_L Tm Anh/a_Log in' is clicked on

2022-01-15 12:07:18 - [TEST_STEP][PASSED] - setText(findTestObject("Object Repository/Page_L Tm Anh Log in to the site/input_Username_username"), "admin"): Text 'admin' is set on object 'Object Repository/Page_L Tm Anh Log in to the site/input_Username_username'

2022-01-15 12:07:19 - [MESSAGE][PASSED] - Text 'admin' is set on object 'Object Repository/Page_L Tm Anh Log in to the site/input_Username_username'

2022-01-15 12:07:19 - [TEST_STEP][PASSED] - setEncryptedText(findTestObject("Object Repository/Page_L Tm Anh Log in to the site/input_Password_password"), "eGmz8XUbrLe3vUQiiiujBg=="): Text ****** has been set on object 'Object Repository/Page_L Tm Anh Log in to the site/input_Password_password'

2022-01-15 12:07:19 - [MESSAGE][PASSED] - Text ****** has been set on object 'Object Repository/Page_L Tm Anh Log in to the site/input_Password_password'

2022-01-15 12:07:19 - [TEST_STEP][PASSED] - click(findTestObject("Object Repository/Page_L Tm Anh Log in to the site/button_Log in")): Object: 'Object Repository/Page_L Tm Anh Log in to the site/button_Log in' is clicked on

2022-01-15 12:07:22 - [MESSAGE][PASSED] - Object: 'Object Repository/Page_L Tm Anh Log in to the site/button_Log in' is clicked on

2022-01-15 12:07:22 - [TEST_STEP][PASSED] - click(findTestObject("Object Repository/Page_Dashboard/button_New event")): Object: 'Object Repository/Page_Dashboard/button_New event' is clicked on

2022-01-15 12:07:53 - [MESSAGE][INFO] - Unable to find the element located by 'By.xpath: //div[@id='calendar-month-61de1c2e471ee61de1c2e3471f2-1']/div/button'. Please recheck the objects properties to make sure the desired element is located. 

2022-01-15 12:07:53 - [MESSAGE][WARNING] - [SELF-HEALING] Failed to find element with id 'Object Repository/Page_Dashboard/button_New event'. Try using Self-healing.

2022-01-15 12:07:53 - [MESSAGE][WARNING] - [SELF-HEALING] The current locator of test object 'Object Repository/Page_Dashboard/button_New event' was broken. Propose an alternative one: '(.//*[normalize-space(text()) and normalize-space(.)='List of courses'])[1]/following::button[1]'.

2022-01-15 12:07:53 - [MESSAGE][PASSED] - Object: 'Object Repository/Page_Dashboard/button_New event' is clicked on

2022-01-15 12:07:53 - [TEST_STEP][PASSED] - setText(findTestObject("Object Repository/Page_Dashboard/input_Event title_name"), "10"): Text '10' is set on object 'Object Repository/Page_Dashboard/input_Event title_name'

2022-01-15 12:07:56 - [MESSAGE][PASSED] - Text '10' is set on object 'Object Repository/Page_Dashboard/input_Event title_name'

2022-01-15 12:07:56 - [TEST_STEP][PASSED] - selectOptionByValue(findTestObject("Object Repository/Page_Dashboard/select_January        February        March_78ea2e"), "12", true): All options with value '12' are selected in object 'Object Repository/Page_Dashboard/select_January        February        March_78ea2e'  using regular expression

2022-01-15 12:07:58 - [MESSAGE][PASSED] - All options with value '12' are selected in object 'Object Repository/Page_Dashboard/select_January        February        March_78ea2e'  using regular expression

2022-01-15 12:07:58 - [TEST_STEP][PASSED] - selectOptionByValue(findTestObject("Object Repository/Page_Dashboard/select_User            Group            Cou_43b121"), "course", true): All options with value 'course' are selected in object 'Object Repository/Page_Dashboard/select_User            Group            Cou_43b121'  using regular expression

2022-01-15 12:07:59 - [MESSAGE][PASSED] - All options with value 'course' are selected in object 'Object Repository/Page_Dashboard/select_User            Group            Cou_43b121'  using regular expression

2022-01-15 12:07:59 - [TEST_STEP][PASSED] - click(findTestObject("Object Repository/Page_Dashboard/span_")): Object: 'Object Repository/Page_Dashboard/span_' is clicked on

2022-01-15 12:08:31 - [MESSAGE][INFO] - Unable to find the element located by 'By.xpath: //span[@id='form_autocomplete_downarrow-1641946162631']'. Please recheck the objects properties to make sure the desired element is located. 

2022-01-15 12:08:31 - [MESSAGE][WARNING] - [SELF-HEALING] Failed to find element with id 'Object Repository/Page_Dashboard/span_'. Try using Self-healing.

2022-01-15 12:08:31 - [MESSAGE][WARNING] - [SELF-HEALING] The current locator of test object 'Object Repository/Page_Dashboard/span_' was broken. Propose an alternative one: '(.//*[normalize-space(text()) and normalize-space(.)='No selection'])[1]/following::span[1]'.

2022-01-15 12:08:31 - [MESSAGE][PASSED] - Object: 'Object Repository/Page_Dashboard/span_' is clicked on

2022-01-15 12:08:31 - [TEST_STEP][PASSED] - click(findTestObject("Object Repository/Page_Dashboard/li_8")): Object: 'Object Repository/Page_Dashboard/li_8' is clicked on

2022-01-15 12:09:02 - [MESSAGE][INFO] - Unable to find the element located by 'By.xpath: //li[@id='form_autocomplete_suggestions-1641946162631-0']'. Please recheck the objects properties to make sure the desired element is located. 

2022-01-15 12:09:02 - [MESSAGE][WARNING] - [SELF-HEALING] Failed to find element with id 'Object Repository/Page_Dashboard/li_8'. Try using Self-healing.

2022-01-15 12:09:02 - [MESSAGE][WARNING] - [SELF-HEALING] The current locator of test object 'Object Repository/Page_Dashboard/li_8' was broken. Propose an alternative one: '(.//*[normalize-space(text()) and normalize-space(.)='▼'])[2]/following::li[1]'.

2022-01-15 12:09:02 - [MESSAGE][PASSED] - Object: 'Object Repository/Page_Dashboard/li_8' is clicked on

2022-01-15 12:09:02 - [TEST_STEP][PASSED] - selectOptionByValue(findTestObject("Object Repository/Page_Dashboard/select_86754312"), "9", true): All options with value '9' are selected in object 'Object Repository/Page_Dashboard/select_86754312'  using regular expression

2022-01-15 12:09:04 - [MESSAGE][PASSED] - All options with value '9' are selected in object 'Object Repository/Page_Dashboard/select_86754312'  using regular expression

2022-01-15 12:09:04 - [TEST_STEP][PASSED] - click(findTestObject("Object Repository/Page_Dashboard/button_Save")): Object: 'Object Repository/Page_Dashboard/button_Save' is clicked on

2022-01-15 12:09:35 - [MESSAGE][INFO] - Unable to find the element located by 'By.xpath: //button[@id='yui_3_17_2_1_1641946158383_192']'. Please recheck the objects properties to make sure the desired element is located. 

2022-01-15 12:09:35 - [MESSAGE][WARNING] - [SELF-HEALING] Failed to find element with id 'Object Repository/Page_Dashboard/button_Save'. Try using Self-healing.

2022-01-15 12:09:36 - [MESSAGE][WARNING] - [SELF-HEALING] The current locator of test object 'Object Repository/Page_Dashboard/button_Save' was broken. Propose an alternative one: '(.//*[normalize-space(text()) and normalize-space(.)='Repeat weekly, creating altogether'])[1]/following::button[1]'.

2022-01-15 12:09:36 - [MESSAGE][PASSED] - Object: 'Object Repository/Page_Dashboard/button_Save' is clicked on

2022-01-15 12:09:36 - [TEST_STEP][PASSED] - closeBrowser(): Browser is closed

2022-01-15 12:09:36 - [MESSAGE][PASSED] - Browser is closed]]></system-out>
         <system-err><![CDATA[]]></system-err>
      </testcase>
      <testcase name="Test Cases/I1/Create a event site type (event button)" time="77.723" classname="Test Cases/I1/Create a event site type (event button)" status="PASSED">
         <system-out><![CDATA[2022-01-15 12:09:36 - [TEST_CASE][PASSED] - Test Cases/I1/Create a event site type (event button): Test Cases/I1/Create a event site type (event button)

2022-01-15 12:09:37 - [TEST_STEP][PASSED] - openBrowser(""): Browser is opened with url: ''

2022-01-15 12:09:37 - [MESSAGE][INFO] - Starting 'Chrome' driver

2022-01-15 12:09:37 - [MESSAGE][INFO] - Action delay is set to 0 milliseconds

2022-01-15 12:09:38 - [MESSAGE][PASSED] - Browser is opened with url: ''

2022-01-15 12:09:38 - [TEST_STEP][PASSED] - navigateToUrl("http://localhost/"): Navigate to 'http://localhost/' successfully

2022-01-15 12:09:40 - [MESSAGE][PASSED] - Navigate to 'http://localhost/' successfully

2022-01-15 12:09:40 - [TEST_STEP][PASSED] - click(findTestObject("Object Repository/Page_L Tm Anh/a_Log in")): Object: 'Object Repository/Page_L Tm Anh/a_Log in' is clicked on

2022-01-15 12:09:41 - [MESSAGE][PASSED] - Object: 'Object Repository/Page_L Tm Anh/a_Log in' is clicked on

2022-01-15 12:09:41 - [TEST_STEP][PASSED] - setText(findTestObject("Object Repository/Page_L Tm Anh Log in to the site/input_Username_username"), "admin"): Text 'admin' is set on object 'Object Repository/Page_L Tm Anh Log in to the site/input_Username_username'

2022-01-15 12:09:42 - [MESSAGE][PASSED] - Text 'admin' is set on object 'Object Repository/Page_L Tm Anh Log in to the site/input_Username_username'

2022-01-15 12:09:42 - [TEST_STEP][PASSED] - setEncryptedText(findTestObject("Object Repository/Page_L Tm Anh Log in to the site/input_Password_password"), "eGmz8XUbrLe3vUQiiiujBg=="): Text ****** has been set on object 'Object Repository/Page_L Tm Anh Log in to the site/input_Password_password'

2022-01-15 12:09:42 - [MESSAGE][PASSED] - Text ****** has been set on object 'Object Repository/Page_L Tm Anh Log in to the site/input_Password_password'

2022-01-15 12:09:42 - [TEST_STEP][PASSED] - click(findTestObject("Object Repository/Page_L Tm Anh Log in to the site/button_Log in")): Object: 'Object Repository/Page_L Tm Anh Log in to the site/button_Log in' is clicked on

2022-01-15 12:09:44 - [MESSAGE][PASSED] - Object: 'Object Repository/Page_L Tm Anh Log in to the site/button_Log in' is clicked on

2022-01-15 12:09:44 - [TEST_STEP][PASSED] - click(findTestObject("Object Repository/Page_Dashboard/button_New event")): Object: 'Object Repository/Page_Dashboard/button_New event' is clicked on

2022-01-15 12:10:15 - [MESSAGE][INFO] - Unable to find the element located by 'By.xpath: //div[@id='calendar-month-61de1c2e471ee61de1c2e3471f2-1']/div/button'. Please recheck the objects properties to make sure the desired element is located. 

2022-01-15 12:10:15 - [MESSAGE][WARNING] - [SELF-HEALING] Failed to find element with id 'Object Repository/Page_Dashboard/button_New event'. Try using Self-healing.

2022-01-15 12:10:15 - [MESSAGE][WARNING] - [SELF-HEALING] The current locator of test object 'Object Repository/Page_Dashboard/button_New event' was broken. Propose an alternative one: '(.//*[normalize-space(text()) and normalize-space(.)='List of courses'])[1]/following::button[1]'.

2022-01-15 12:10:15 - [MESSAGE][PASSED] - Object: 'Object Repository/Page_Dashboard/button_New event' is clicked on

2022-01-15 12:10:15 - [TEST_STEP][PASSED] - setText(findTestObject("Object Repository/Page_Dashboard/input_Event title_name"), "5"): Text '5' is set on object 'Object Repository/Page_Dashboard/input_Event title_name'

2022-01-15 12:10:18 - [MESSAGE][PASSED] - Text '5' is set on object 'Object Repository/Page_Dashboard/input_Event title_name'

2022-01-15 12:10:18 - [TEST_STEP][PASSED] - selectOptionByValue(findTestObject("Object Repository/Page_Dashboard/select_1        2        3        4        _45ea30"), "6", true): All options with value '6' are selected in object 'Object Repository/Page_Dashboard/select_1        2        3        4        _45ea30'  using regular expression

2022-01-15 12:10:20 - [MESSAGE][PASSED] - All options with value '6' are selected in object 'Object Repository/Page_Dashboard/select_1        2        3        4        _45ea30'  using regular expression

2022-01-15 12:10:20 - [TEST_STEP][PASSED] - selectOptionByValue(findTestObject("Object Repository/Page_Dashboard/select_User            Course            Ca_edc569"), "site", true): All options with value 'site' are selected in object 'Object Repository/Page_Dashboard/select_User            Course            Ca_edc569'  using regular expression

2022-01-15 12:10:22 - [MESSAGE][PASSED] - All options with value 'site' are selected in object 'Object Repository/Page_Dashboard/select_User            Course            Ca_edc569'  using regular expression

2022-01-15 12:10:22 - [TEST_STEP][PASSED] - click(findTestObject("Object Repository/Page_Dashboard/button_Save")): Object: 'Object Repository/Page_Dashboard/button_Save' is clicked on

2022-01-15 12:10:53 - [MESSAGE][INFO] - Unable to find the element located by 'By.xpath: //button[@id='yui_3_17_2_1_1641946158383_192']'. Please recheck the objects properties to make sure the desired element is located. 

2022-01-15 12:10:53 - [MESSAGE][WARNING] - [SELF-HEALING] Failed to find element with id 'Object Repository/Page_Dashboard/button_Save'. Try using Self-healing.

2022-01-15 12:10:53 - [MESSAGE][WARNING] - [SELF-HEALING] The current locator of test object 'Object Repository/Page_Dashboard/button_Save' was broken. Propose an alternative one: '(.//*[normalize-space(text()) and normalize-space(.)='Repeat weekly, creating altogether'])[1]/following::button[1]'.

2022-01-15 12:10:53 - [MESSAGE][PASSED] - Object: 'Object Repository/Page_Dashboard/button_Save' is clicked on

2022-01-15 12:10:53 - [TEST_STEP][PASSED] - closeBrowser(): Browser is closed

2022-01-15 12:10:54 - [MESSAGE][PASSED] - Browser is closed]]></system-out>
         <system-err><![CDATA[]]></system-err>
      </testcase>
      <testcase name="Test Cases/I1/Create a event user type (event button)" time="76.627" classname="Test Cases/I1/Create a event user type (event button)" status="PASSED">
         <system-out><![CDATA[2022-01-15 12:10:54 - [TEST_CASE][PASSED] - Test Cases/I1/Create a event user type (event button): Test Cases/I1/Create a event user type (event button)

2022-01-15 12:10:54 - [TEST_STEP][PASSED] - openBrowser(""): Browser is opened with url: ''

2022-01-15 12:10:54 - [MESSAGE][INFO] - Starting 'Chrome' driver

2022-01-15 12:10:54 - [MESSAGE][INFO] - Action delay is set to 0 milliseconds

2022-01-15 12:10:56 - [MESSAGE][PASSED] - Browser is opened with url: ''

2022-01-15 12:10:56 - [TEST_STEP][PASSED] - navigateToUrl("http://localhost/"): Navigate to 'http://localhost/' successfully

2022-01-15 12:10:58 - [MESSAGE][PASSED] - Navigate to 'http://localhost/' successfully

2022-01-15 12:10:58 - [TEST_STEP][PASSED] - click(findTestObject("Object Repository/Page_L Tm Anh/a_Log in")): Object: 'Object Repository/Page_L Tm Anh/a_Log in' is clicked on

2022-01-15 12:10:58 - [MESSAGE][PASSED] - Object: 'Object Repository/Page_L Tm Anh/a_Log in' is clicked on

2022-01-15 12:10:58 - [TEST_STEP][PASSED] - setText(findTestObject("Object Repository/Page_L Tm Anh Log in to the site/input_Username_username"), "admin"): Text 'admin' is set on object 'Object Repository/Page_L Tm Anh Log in to the site/input_Username_username'

2022-01-15 12:10:59 - [MESSAGE][PASSED] - Text 'admin' is set on object 'Object Repository/Page_L Tm Anh Log in to the site/input_Username_username'

2022-01-15 12:10:59 - [TEST_STEP][PASSED] - setEncryptedText(findTestObject("Object Repository/Page_L Tm Anh Log in to the site/input_Password_password"), "eGmz8XUbrLe3vUQiiiujBg=="): Text ****** has been set on object 'Object Repository/Page_L Tm Anh Log in to the site/input_Password_password'

2022-01-15 12:11:00 - [MESSAGE][PASSED] - Text ****** has been set on object 'Object Repository/Page_L Tm Anh Log in to the site/input_Password_password'

2022-01-15 12:11:00 - [TEST_STEP][PASSED] - click(findTestObject("Object Repository/Page_L Tm Anh Log in to the site/button_Log in")): Object: 'Object Repository/Page_L Tm Anh Log in to the site/button_Log in' is clicked on

2022-01-15 12:11:01 - [MESSAGE][PASSED] - Object: 'Object Repository/Page_L Tm Anh Log in to the site/button_Log in' is clicked on

2022-01-15 12:11:01 - [TEST_STEP][PASSED] - click(findTestObject("Object Repository/Page_Dashboard/button_New event")): Object: 'Object Repository/Page_Dashboard/button_New event' is clicked on

2022-01-15 12:11:32 - [MESSAGE][INFO] - Unable to find the element located by 'By.xpath: //div[@id='calendar-month-61de1c2e471ee61de1c2e3471f2-1']/div/button'. Please recheck the objects properties to make sure the desired element is located. 

2022-01-15 12:11:32 - [MESSAGE][WARNING] - [SELF-HEALING] Failed to find element with id 'Object Repository/Page_Dashboard/button_New event'. Try using Self-healing.

2022-01-15 12:11:33 - [MESSAGE][WARNING] - [SELF-HEALING] The current locator of test object 'Object Repository/Page_Dashboard/button_New event' was broken. Propose an alternative one: '(.//*[normalize-space(text()) and normalize-space(.)='List of courses'])[1]/following::button[1]'.

2022-01-15 12:11:33 - [MESSAGE][PASSED] - Object: 'Object Repository/Page_Dashboard/button_New event' is clicked on

2022-01-15 12:11:33 - [TEST_STEP][PASSED] - selectOptionByValue(findTestObject("Object Repository/Page_Dashboard/select_1        2        3        4        _45ea30"), "6", true): All options with value '6' are selected in object 'Object Repository/Page_Dashboard/select_1        2        3        4        _45ea30'  using regular expression

2022-01-15 12:11:38 - [MESSAGE][PASSED] - All options with value '6' are selected in object 'Object Repository/Page_Dashboard/select_1        2        3        4        _45ea30'  using regular expression

2022-01-15 12:11:38 - [TEST_STEP][PASSED] - setText(findTestObject("Object Repository/Page_Dashboard/input_Event title_name"), "Anhle"): Text 'Anhle' is set on object 'Object Repository/Page_Dashboard/input_Event title_name'

2022-01-15 12:11:38 - [MESSAGE][PASSED] - Text 'Anhle' is set on object 'Object Repository/Page_Dashboard/input_Event title_name'

2022-01-15 12:11:38 - [TEST_STEP][PASSED] - click(findTestObject("Object Repository/Page_Dashboard/button_Save")): Object: 'Object Repository/Page_Dashboard/button_Save' is clicked on

2022-01-15 12:12:10 - [MESSAGE][INFO] - Unable to find the element located by 'By.xpath: //button[@id='yui_3_17_2_1_1641946158383_192']'. Please recheck the objects properties to make sure the desired element is located. 

2022-01-15 12:12:10 - [MESSAGE][WARNING] - [SELF-HEALING] Failed to find element with id 'Object Repository/Page_Dashboard/button_Save'. Try using Self-healing.

2022-01-15 12:12:10 - [MESSAGE][WARNING] - [SELF-HEALING] The current locator of test object 'Object Repository/Page_Dashboard/button_Save' was broken. Propose an alternative one: '(.//*[normalize-space(text()) and normalize-space(.)='Repeat weekly, creating altogether'])[1]/following::button[1]'.

2022-01-15 12:12:10 - [MESSAGE][PASSED] - Object: 'Object Repository/Page_Dashboard/button_Save' is clicked on

2022-01-15 12:12:10 - [TEST_STEP][PASSED] - closeBrowser(): Browser is closed

2022-01-15 12:12:11 - [MESSAGE][PASSED] - Browser is closed]]></system-out>
         <system-err><![CDATA[]]></system-err>
      </testcase>
      <testcase name="Test Cases/I1/Add discussion topic" time="81.058" classname="Test Cases/I1/Add discussion topic" status="PASSED">
         <system-out><![CDATA[2022-01-15 12:12:11 - [TEST_CASE][PASSED] - Test Cases/I1/Add discussion topic: Test Cases/I1/Add discussion topic

2022-01-15 12:12:11 - [TEST_STEP][PASSED] - openBrowser(""): Browser is opened with url: ''

2022-01-15 12:12:11 - [MESSAGE][INFO] - Starting 'Chrome' driver

2022-01-15 12:12:11 - [MESSAGE][INFO] - Action delay is set to 0 milliseconds

2022-01-15 12:12:13 - [MESSAGE][PASSED] - Browser is opened with url: ''

2022-01-15 12:12:13 - [TEST_STEP][PASSED] - navigateToUrl("http://localhost/"): Navigate to 'http://localhost/' successfully

2022-01-15 12:12:14 - [MESSAGE][PASSED] - Navigate to 'http://localhost/' successfully

2022-01-15 12:12:14 - [TEST_STEP][PASSED] - click(findTestObject("Object Repository/Page_L Tm Anh/a_Log in")): Object: 'Object Repository/Page_L Tm Anh/a_Log in' is clicked on

2022-01-15 12:12:15 - [MESSAGE][PASSED] - Object: 'Object Repository/Page_L Tm Anh/a_Log in' is clicked on

2022-01-15 12:12:15 - [TEST_STEP][PASSED] - setText(findTestObject("Object Repository/Page_L Tm Anh Log in to the site/input_Username_username"), "admin"): Text 'admin' is set on object 'Object Repository/Page_L Tm Anh Log in to the site/input_Username_username'

2022-01-15 12:12:16 - [MESSAGE][PASSED] - Text 'admin' is set on object 'Object Repository/Page_L Tm Anh Log in to the site/input_Username_username'

2022-01-15 12:12:16 - [TEST_STEP][PASSED] - setEncryptedText(findTestObject("Object Repository/Page_L Tm Anh Log in to the site/input_Password_password"), "eGmz8XUbrLe3vUQiiiujBg=="): Text ****** has been set on object 'Object Repository/Page_L Tm Anh Log in to the site/input_Password_password'

2022-01-15 12:12:16 - [MESSAGE][PASSED] - Text ****** has been set on object 'Object Repository/Page_L Tm Anh Log in to the site/input_Password_password'

2022-01-15 12:12:16 - [TEST_STEP][PASSED] - click(findTestObject("Object Repository/Page_L Tm Anh Log in to the site/button_Log in")): Object: 'Object Repository/Page_L Tm Anh Log in to the site/button_Log in' is clicked on

2022-01-15 12:12:18 - [MESSAGE][PASSED] - Object: 'Object Repository/Page_L Tm Anh Log in to the site/button_Log in' is clicked on

2022-01-15 12:12:18 - [TEST_STEP][PASSED] - click(findTestObject("Object Repository/Page_Dashboard/a_My courses")): Object: 'Object Repository/Page_Dashboard/a_My courses' is clicked on

2022-01-15 12:12:49 - [MESSAGE][INFO] - Unable to find the element located by 'By.xpath: //ul[@id='moremenu-61e0e36aac914-navbar-nav']/li[3]/a'. Please recheck the objects properties to make sure the desired element is located. 

2022-01-15 12:12:49 - [MESSAGE][WARNING] - [SELF-HEALING] Failed to find element with id 'Object Repository/Page_Dashboard/a_My courses'. Try using Self-healing.

2022-01-15 12:12:49 - [MESSAGE][WARNING] - [SELF-HEALING] The current locator of test object 'Object Repository/Page_Dashboard/a_My courses' was broken. Propose an alternative one: '//a[contains(text(),'My courses')]'.

2022-01-15 12:12:50 - [MESSAGE][PASSED] - Object: 'Object Repository/Page_Dashboard/a_My courses' is clicked on

2022-01-15 12:12:50 - [TEST_STEP][PASSED] - click(findTestObject("Object Repository/Page_My courses/div_Course image")): Object: 'Object Repository/Page_My courses/div_Course image' is clicked on

2022-01-15 12:12:53 - [MESSAGE][PASSED] - Object: 'Object Repository/Page_My courses/div_Course image' is clicked on

2022-01-15 12:12:53 - [TEST_STEP][PASSED] - click(findTestObject("Object Repository/Page_Course 1/a_Announcements  Forum")): Object: 'Object Repository/Page_Course 1/a_Announcements  Forum' is clicked on

2022-01-15 12:12:56 - [MESSAGE][PASSED] - Object: 'Object Repository/Page_Course 1/a_Announcements  Forum' is clicked on

2022-01-15 12:12:56 - [TEST_STEP][PASSED] - click(findTestObject("Object Repository/Page_Announcements/a_Add discussion topic")): Object: 'Object Repository/Page_Announcements/a_Add discussion topic' is clicked on

2022-01-15 12:13:27 - [MESSAGE][INFO] - Unable to find the element located by 'By.xpath: //a[@id='yui_3_17_2_1_1641384514071_523']'. Please recheck the objects properties to make sure the desired element is located. 

2022-01-15 12:13:27 - [MESSAGE][WARNING] - [SELF-HEALING] Failed to find element with id 'Object Repository/Page_Announcements/a_Add discussion topic'. Try using Self-healing.

2022-01-15 12:13:27 - [MESSAGE][WARNING] - [SELF-HEALING] The current locator of test object 'Object Repository/Page_Announcements/a_Add discussion topic' was broken. Propose an alternative one: '(.//*[normalize-space(text()) and normalize-space(.)='Search forums'])[2]/following::a[1]'.

2022-01-15 12:13:27 - [MESSAGE][PASSED] - Object: 'Object Repository/Page_Announcements/a_Add discussion topic' is clicked on

2022-01-15 12:13:27 - [TEST_STEP][PASSED] - setText(findTestObject("Object Repository/Page_Announcements/input_Subject_subject"), "1"): Text '1' is set on object 'Object Repository/Page_Announcements/input_Subject_subject'

2022-01-15 12:13:28 - [MESSAGE][PASSED] - Text '1' is set on object 'Object Repository/Page_Announcements/input_Subject_subject'

2022-01-15 12:13:28 - [TEST_STEP][PASSED] - setText(findTestObject("Object Repository/Page_Announcements/div_1"), "<p dir="ltr" style="text-align: left;">1</p>"): Text '<p dir="ltr" style="text-align: left;">1</p>' is set on object 'Object Repository/Page_Announcements/div_1'

2022-01-15 12:13:29 - [MESSAGE][PASSED] - Text '<p dir="ltr" style="text-align: left;">1</p>' is set on object 'Object Repository/Page_Announcements/div_1'

2022-01-15 12:13:29 - [TEST_STEP][PASSED] - click(findTestObject("Object Repository/Page_Announcements/input_Rich text editor_submitbutton")): Object: 'Object Repository/Page_Announcements/input_Rich text editor_submitbutton' is clicked on

2022-01-15 12:13:31 - [MESSAGE][PASSED] - Object: 'Object Repository/Page_Announcements/input_Rich text editor_submitbutton' is clicked on

2022-01-15 12:13:31 - [TEST_STEP][PASSED] - closeBrowser(): Browser is closed

2022-01-15 12:13:32 - [MESSAGE][PASSED] - Browser is closed]]></system-out>
         <system-err><![CDATA[]]></system-err>
      </testcase>
      <testcase name="Test Cases/I2/View my profile" time="9.806" classname="Test Cases/I2/View my profile" status="PASSED">
         <system-out><![CDATA[2022-01-15 12:13:32 - [TEST_CASE][PASSED] - Test Cases/I2/View my profile: Test Cases/I2/View my profile

2022-01-15 12:13:32 - [TEST_STEP][PASSED] - openBrowser(""): Browser is opened with url: ''

2022-01-15 12:13:32 - [MESSAGE][INFO] - Starting 'Chrome' driver

2022-01-15 12:13:32 - [MESSAGE][INFO] - Action delay is set to 0 milliseconds

2022-01-15 12:13:33 - [MESSAGE][PASSED] - Browser is opened with url: ''

2022-01-15 12:13:33 - [TEST_STEP][PASSED] - navigateToUrl("http://localhost/"): Navigate to 'http://localhost/' successfully

2022-01-15 12:13:35 - [MESSAGE][PASSED] - Navigate to 'http://localhost/' successfully

2022-01-15 12:13:35 - [TEST_STEP][PASSED] - click(findTestObject("Object Repository/Page_L Tm Anh/a_Log in")): Object: 'Object Repository/Page_L Tm Anh/a_Log in' is clicked on

2022-01-15 12:13:36 - [MESSAGE][PASSED] - Object: 'Object Repository/Page_L Tm Anh/a_Log in' is clicked on

2022-01-15 12:13:36 - [TEST_STEP][PASSED] - setText(findTestObject("Object Repository/Page_L Tm Anh Log in to the site/input_Username_username"), "admin"): Text 'admin' is set on object 'Object Repository/Page_L Tm Anh Log in to the site/input_Username_username'

2022-01-15 12:13:37 - [MESSAGE][PASSED] - Text 'admin' is set on object 'Object Repository/Page_L Tm Anh Log in to the site/input_Username_username'

2022-01-15 12:13:37 - [TEST_STEP][PASSED] - setEncryptedText(findTestObject("Object Repository/Page_L Tm Anh Log in to the site/input_Password_password"), "eGmz8XUbrLe3vUQiiiujBg=="): Text ****** has been set on object 'Object Repository/Page_L Tm Anh Log in to the site/input_Password_password'

2022-01-15 12:13:37 - [MESSAGE][PASSED] - Text ****** has been set on object 'Object Repository/Page_L Tm Anh Log in to the site/input_Password_password'

2022-01-15 12:13:37 - [TEST_STEP][PASSED] - click(findTestObject("Object Repository/Page_L Tm Anh Log in to the site/button_Log in")): Object: 'Object Repository/Page_L Tm Anh Log in to the site/button_Log in' is clicked on

2022-01-15 12:13:39 - [MESSAGE][PASSED] - Object: 'Object Repository/Page_L Tm Anh Log in to the site/button_Log in' is clicked on

2022-01-15 12:13:39 - [TEST_STEP][PASSED] - click(findTestObject("Object Repository/Page_Dashboard/a_AU")): Object: 'Object Repository/Page_Dashboard/a_AU' is clicked on

2022-01-15 12:13:40 - [MESSAGE][PASSED] - Object: 'Object Repository/Page_Dashboard/a_AU' is clicked on

2022-01-15 12:13:40 - [TEST_STEP][PASSED] - click(findTestObject("Object Repository/Page_Dashboard/a_Profile")): Object: 'Object Repository/Page_Dashboard/a_Profile' is clicked on

2022-01-15 12:13:41 - [MESSAGE][PASSED] - Object: 'Object Repository/Page_Dashboard/a_Profile' is clicked on

2022-01-15 12:13:41 - [TEST_STEP][PASSED] - closeBrowser(): Browser is closed

2022-01-15 12:13:42 - [MESSAGE][PASSED] - Browser is closed]]></system-out>
         <system-err><![CDATA[]]></system-err>
      </testcase>
      <testcase name="Test Cases/I2/Edit my profile" time="13.796" classname="Test Cases/I2/Edit my profile" status="PASSED">
         <system-out><![CDATA[2022-01-15 12:13:42 - [TEST_CASE][PASSED] - Test Cases/I2/Edit my profile: Test Cases/I2/Edit my profile

2022-01-15 12:13:42 - [TEST_STEP][PASSED] - openBrowser(""): Browser is opened with url: ''

2022-01-15 12:13:42 - [MESSAGE][INFO] - Starting 'Chrome' driver

2022-01-15 12:13:42 - [MESSAGE][INFO] - Action delay is set to 0 milliseconds

2022-01-15 12:13:43 - [MESSAGE][PASSED] - Browser is opened with url: ''

2022-01-15 12:13:43 - [TEST_STEP][PASSED] - navigateToUrl("http://localhost/"): Navigate to 'http://localhost/' successfully

2022-01-15 12:13:44 - [MESSAGE][PASSED] - Navigate to 'http://localhost/' successfully

2022-01-15 12:13:44 - [TEST_STEP][PASSED] - click(findTestObject("Object Repository/Page_L Tm Anh/a_Log in")): Object: 'Object Repository/Page_L Tm Anh/a_Log in' is clicked on

2022-01-15 12:13:44 - [MESSAGE][PASSED] - Object: 'Object Repository/Page_L Tm Anh/a_Log in' is clicked on

2022-01-15 12:13:44 - [TEST_STEP][PASSED] - setText(findTestObject("Object Repository/Page_L Tm Anh Log in to the site/input_Username_username"), "admin"): Text 'admin' is set on object 'Object Repository/Page_L Tm Anh Log in to the site/input_Username_username'

2022-01-15 12:13:45 - [MESSAGE][PASSED] - Text 'admin' is set on object 'Object Repository/Page_L Tm Anh Log in to the site/input_Username_username'

2022-01-15 12:13:45 - [TEST_STEP][PASSED] - setEncryptedText(findTestObject("Object Repository/Page_L Tm Anh Log in to the site/input_Password_password"), "eGmz8XUbrLe3vUQiiiujBg=="): Text ****** has been set on object 'Object Repository/Page_L Tm Anh Log in to the site/input_Password_password'

2022-01-15 12:13:46 - [MESSAGE][PASSED] - Text ****** has been set on object 'Object Repository/Page_L Tm Anh Log in to the site/input_Password_password'

2022-01-15 12:13:46 - [TEST_STEP][PASSED] - click(findTestObject("Object Repository/Page_L Tm Anh Log in to the site/button_Log in")): Object: 'Object Repository/Page_L Tm Anh Log in to the site/button_Log in' is clicked on

2022-01-15 12:13:47 - [MESSAGE][PASSED] - Object: 'Object Repository/Page_L Tm Anh Log in to the site/button_Log in' is clicked on

2022-01-15 12:13:47 - [TEST_STEP][PASSED] - click(findTestObject("Object Repository/Page_Dashboard/a_AU")): Object: 'Object Repository/Page_Dashboard/a_AU' is clicked on

2022-01-15 12:13:48 - [MESSAGE][PASSED] - Object: 'Object Repository/Page_Dashboard/a_AU' is clicked on

2022-01-15 12:13:48 - [TEST_STEP][PASSED] - click(findTestObject("Object Repository/Page_Dashboard/a_Profile")): Object: 'Object Repository/Page_Dashboard/a_Profile' is clicked on

2022-01-15 12:13:49 - [MESSAGE][PASSED] - Object: 'Object Repository/Page_Dashboard/a_Profile' is clicked on

2022-01-15 12:13:49 - [TEST_STEP][PASSED] - click(findTestObject("Object Repository/Page_Admin User Public profile/a_Edit profile")): Object: 'Object Repository/Page_Admin User Public profile/a_Edit profile' is clicked on

2022-01-15 12:13:53 - [MESSAGE][PASSED] - Object: 'Object Repository/Page_Admin User Public profile/a_Edit profile' is clicked on

2022-01-15 12:13:53 - [TEST_STEP][PASSED] - scrollToElement(findTestObject("Object Repository/Page_Anh Lee Edit profile/input_Address_submitbutton"), 0): Scroll to object 'Object Repository/Page_Anh Lee Edit profile/input_Address_submitbutton' successfully

2022-01-15 12:13:53 - [MESSAGE][WARNING] - Timeout '0' is invalid. Using default page load timeout: '30'

2022-01-15 12:13:54 - [MESSAGE][PASSED] - Scroll to object 'Object Repository/Page_Anh Lee Edit profile/input_Address_submitbutton' successfully

2022-01-15 12:13:54 - [TEST_STEP][PASSED] - click(findTestObject("Object Repository/Page_Anh Lee Edit profile/input_Address_submitbutton")): Object: 'Object Repository/Page_Anh Lee Edit profile/input_Address_submitbutton' is clicked on

2022-01-15 12:13:55 - [MESSAGE][PASSED] - Object: 'Object Repository/Page_Anh Lee Edit profile/input_Address_submitbutton' is clicked on

2022-01-15 12:13:55 - [TEST_STEP][PASSED] - closeBrowser(): Browser is closed

2022-01-15 12:13:55 - [MESSAGE][PASSED] - Browser is closed]]></system-out>
         <system-err><![CDATA[]]></system-err>
      </testcase>
      <testcase name="Test Cases/I2/See all notifications" time="40.64" classname="Test Cases/I2/See all notifications" status="PASSED">
         <system-out><![CDATA[2022-01-15 12:13:55 - [TEST_CASE][PASSED] - Test Cases/I2/See all notifications: Test Cases/I2/See all notifications

2022-01-15 12:13:56 - [TEST_STEP][PASSED] - openBrowser(""): Browser is opened with url: ''

2022-01-15 12:13:56 - [MESSAGE][INFO] - Starting 'Chrome' driver

2022-01-15 12:13:56 - [MESSAGE][INFO] - Action delay is set to 0 milliseconds

2022-01-15 12:13:57 - [MESSAGE][PASSED] - Browser is opened with url: ''

2022-01-15 12:13:57 - [TEST_STEP][PASSED] - navigateToUrl("http://localhost/"): Navigate to 'http://localhost/' successfully

2022-01-15 12:13:59 - [MESSAGE][PASSED] - Navigate to 'http://localhost/' successfully

2022-01-15 12:13:59 - [TEST_STEP][PASSED] - click(findTestObject("Object Repository/Page_L Tm Anh/a_Log in")): Object: 'Object Repository/Page_L Tm Anh/a_Log in' is clicked on

2022-01-15 12:14:00 - [MESSAGE][PASSED] - Object: 'Object Repository/Page_L Tm Anh/a_Log in' is clicked on

2022-01-15 12:14:00 - [TEST_STEP][PASSED] - setText(findTestObject("Object Repository/Page_L Tm Anh Log in to the site/input_Username_username"), "admin"): Text 'admin' is set on object 'Object Repository/Page_L Tm Anh Log in to the site/input_Username_username'

2022-01-15 12:14:01 - [MESSAGE][PASSED] - Text 'admin' is set on object 'Object Repository/Page_L Tm Anh Log in to the site/input_Username_username'

2022-01-15 12:14:01 - [TEST_STEP][PASSED] - setEncryptedText(findTestObject("Object Repository/Page_L Tm Anh Log in to the site/input_Password_password"), "eGmz8XUbrLe3vUQiiiujBg=="): Text ****** has been set on object 'Object Repository/Page_L Tm Anh Log in to the site/input_Password_password'

2022-01-15 12:14:01 - [MESSAGE][PASSED] - Text ****** has been set on object 'Object Repository/Page_L Tm Anh Log in to the site/input_Password_password'

2022-01-15 12:14:01 - [TEST_STEP][PASSED] - click(findTestObject("Object Repository/Page_L Tm Anh Log in to the site/button_Log in")): Object: 'Object Repository/Page_L Tm Anh Log in to the site/button_Log in' is clicked on

2022-01-15 12:14:02 - [MESSAGE][PASSED] - Object: 'Object Repository/Page_L Tm Anh Log in to the site/button_Log in' is clicked on

2022-01-15 12:14:02 - [TEST_STEP][PASSED] - click(findTestObject("Object Repository/Page_Dashboard/i_Site administration_icon fa fa-bell-o fa-fw")): Object: 'Object Repository/Page_Dashboard/i_Site administration_icon fa fa-bell-o fa-fw' is clicked on

2022-01-15 12:14:03 - [MESSAGE][PASSED] - Object: 'Object Repository/Page_Dashboard/i_Site administration_icon fa fa-bell-o fa-fw' is clicked on

2022-01-15 12:14:03 - [TEST_STEP][PASSED] - click(findTestObject("Object Repository/Page_Dashboard/div_See all")): Object: 'Object Repository/Page_Dashboard/div_See all' is clicked on

2022-01-15 12:14:35 - [MESSAGE][INFO] - Unable to find the element located by 'By.xpath: //div[@id='popover-region-container-61da2d4595e0961da2d45767654']/a/div/div'. Please recheck the objects properties to make sure the desired element is located. 

2022-01-15 12:14:35 - [MESSAGE][WARNING] - [SELF-HEALING] Failed to find element with id 'Object Repository/Page_Dashboard/div_See all'. Try using Self-healing.

2022-01-15 12:14:35 - [MESSAGE][WARNING] - [SELF-HEALING] The current locator of test object 'Object Repository/Page_Dashboard/div_See all' was broken. Propose an alternative one: '(.//*[normalize-space(text()) and normalize-space(.)='AU'])[1]/preceding::div[3]'.

2022-01-15 12:14:35 - [MESSAGE][PASSED] - Object: 'Object Repository/Page_Dashboard/div_See all' is clicked on

2022-01-15 12:14:35 - [TEST_STEP][PASSED] - closeBrowser(): Browser is closed

2022-01-15 12:14:36 - [MESSAGE][PASSED] - Browser is closed]]></system-out>
         <system-err><![CDATA[]]></system-err>
      </testcase>
      <testcase name="Test Cases/I2/View a full notification" time="40.922" classname="Test Cases/I2/View a full notification" status="PASSED">
         <system-out><![CDATA[2022-01-15 12:14:36 - [TEST_CASE][PASSED] - Test Cases/I2/View a full notification: Test Cases/I2/View a full notification

2022-01-15 12:14:36 - [TEST_STEP][PASSED] - openBrowser(""): Browser is opened with url: ''

2022-01-15 12:14:36 - [MESSAGE][INFO] - Starting 'Chrome' driver

2022-01-15 12:14:36 - [MESSAGE][INFO] - Action delay is set to 0 milliseconds

2022-01-15 12:14:38 - [MESSAGE][PASSED] - Browser is opened with url: ''

2022-01-15 12:14:38 - [TEST_STEP][PASSED] - navigateToUrl("http://localhost/"): Navigate to 'http://localhost/' successfully

2022-01-15 12:14:39 - [MESSAGE][PASSED] - Navigate to 'http://localhost/' successfully

2022-01-15 12:14:39 - [TEST_STEP][PASSED] - click(findTestObject("Object Repository/Page_L Tm Anh/a_Log in")): Object: 'Object Repository/Page_L Tm Anh/a_Log in' is clicked on

2022-01-15 12:14:40 - [MESSAGE][PASSED] - Object: 'Object Repository/Page_L Tm Anh/a_Log in' is clicked on

2022-01-15 12:14:40 - [TEST_STEP][PASSED] - click(findTestObject("Object Repository/Page_L Tm Anh Log in to the site/form_Username                              _635ab4")): Object: 'Object Repository/Page_L Tm Anh Log in to the site/form_Username                              _635ab4' is clicked on

2022-01-15 12:14:41 - [MESSAGE][PASSED] - Object: 'Object Repository/Page_L Tm Anh Log in to the site/form_Username                              _635ab4' is clicked on

2022-01-15 12:14:41 - [TEST_STEP][PASSED] - setText(findTestObject("Object Repository/Page_L Tm Anh Log in to the site/input_Username_username"), "admin"): Text 'admin' is set on object 'Object Repository/Page_L Tm Anh Log in to the site/input_Username_username'

2022-01-15 12:14:41 - [MESSAGE][PASSED] - Text 'admin' is set on object 'Object Repository/Page_L Tm Anh Log in to the site/input_Username_username'

2022-01-15 12:14:41 - [TEST_STEP][PASSED] - setEncryptedText(findTestObject("Object Repository/Page_L Tm Anh Log in to the site/input_Password_password"), "eGmz8XUbrLe3vUQiiiujBg=="): Text ****** has been set on object 'Object Repository/Page_L Tm Anh Log in to the site/input_Password_password'

2022-01-15 12:14:42 - [MESSAGE][PASSED] - Text ****** has been set on object 'Object Repository/Page_L Tm Anh Log in to the site/input_Password_password'

2022-01-15 12:14:42 - [TEST_STEP][PASSED] - click(findTestObject("Object Repository/Page_L Tm Anh Log in to the site/button_Log in")): Object: 'Object Repository/Page_L Tm Anh Log in to the site/button_Log in' is clicked on

2022-01-15 12:14:44 - [MESSAGE][PASSED] - Object: 'Object Repository/Page_L Tm Anh Log in to the site/button_Log in' is clicked on

2022-01-15 12:14:44 - [TEST_STEP][PASSED] - click(findTestObject("Object Repository/Page_Dashboard/i_Site administration_icon fa fa-bell-o fa-fw")): Object: 'Object Repository/Page_Dashboard/i_Site administration_icon fa fa-bell-o fa-fw' is clicked on

2022-01-15 12:14:45 - [MESSAGE][PASSED] - Object: 'Object Repository/Page_Dashboard/i_Site administration_icon fa fa-bell-o fa-fw' is clicked on

2022-01-15 12:14:45 - [TEST_STEP][PASSED] - click(findTestObject("Object Repository/Page_Dashboard/a_View full notification")): Object: 'Object Repository/Page_Dashboard/a_View full notification' is clicked on

2022-01-15 12:15:16 - [MESSAGE][INFO] - Unable to find the element located by 'By.xpath: //div[@id='popover-region-container-61da2c529109e61da2c528055f4']/div[2]/div/div/div/a[2]'. Please recheck the objects properties to make sure the desired element is located. 

2022-01-15 12:15:16 - [MESSAGE][WARNING] - [SELF-HEALING] Failed to find element with id 'Object Repository/Page_Dashboard/a_View full notification'. Try using Self-healing.

2022-01-15 12:15:16 - [MESSAGE][WARNING] - [SELF-HEALING] The current locator of test object 'Object Repository/Page_Dashboard/a_View full notification' was broken. Propose an alternative one: '//a[contains(text(),'View full notification')]'.

2022-01-15 12:15:16 - [MESSAGE][PASSED] - Object: 'Object Repository/Page_Dashboard/a_View full notification' is clicked on

2022-01-15 12:15:16 - [TEST_STEP][PASSED] - closeBrowser(): Browser is closed

2022-01-15 12:15:17 - [MESSAGE][PASSED] - Browser is closed]]></system-out>
         <system-err><![CDATA[]]></system-err>
      </testcase>
      <testcase name="Test Cases/Question bank/Add a essay question in question bank" time="176.001" classname="Test Cases/Question bank/Add a essay question in question bank" status="PASSED">
         <system-out><![CDATA[2022-01-15 12:15:17 - [TEST_CASE][PASSED] - Test Cases/Question bank/Add a essay question in question bank: Test Cases/Question bank/Add a essay question in question bank

2022-01-15 12:15:17 - [TEST_STEP][PASSED] - openBrowser(""): Browser is opened with url: ''

2022-01-15 12:15:17 - [MESSAGE][INFO] - Starting 'Chrome' driver

2022-01-15 12:15:17 - [MESSAGE][INFO] - Action delay is set to 0 milliseconds

2022-01-15 12:15:19 - [MESSAGE][PASSED] - Browser is opened with url: ''

2022-01-15 12:15:19 - [TEST_STEP][PASSED] - navigateToUrl("http://localhost/"): Navigate to 'http://localhost/' successfully

2022-01-15 12:15:20 - [MESSAGE][PASSED] - Navigate to 'http://localhost/' successfully

2022-01-15 12:15:20 - [TEST_STEP][PASSED] - click(findTestObject("Object Repository/Page_L Tm Anh/a_Log in")): Object: 'Object Repository/Page_L Tm Anh/a_Log in' is clicked on

2022-01-15 12:15:21 - [MESSAGE][PASSED] - Object: 'Object Repository/Page_L Tm Anh/a_Log in' is clicked on

2022-01-15 12:15:21 - [TEST_STEP][PASSED] - setText(findTestObject("Object Repository/Page_L Tm Anh Log in to the site/input_Username_username"), "beta"): Text 'beta' is set on object 'Object Repository/Page_L Tm Anh Log in to the site/input_Username_username'

2022-01-15 12:15:22 - [MESSAGE][PASSED] - Text 'beta' is set on object 'Object Repository/Page_L Tm Anh Log in to the site/input_Username_username'

2022-01-15 12:15:22 - [TEST_STEP][PASSED] - setEncryptedText(findTestObject("Object Repository/Page_L Tm Anh Log in to the site/input_Password_password"), "eGmz8XUbrLe3vUQiiiujBg=="): Text ****** has been set on object 'Object Repository/Page_L Tm Anh Log in to the site/input_Password_password'

2022-01-15 12:15:22 - [MESSAGE][PASSED] - Text ****** has been set on object 'Object Repository/Page_L Tm Anh Log in to the site/input_Password_password'

2022-01-15 12:15:22 - [TEST_STEP][PASSED] - click(findTestObject("Object Repository/Page_L Tm Anh Log in to the site/button_Log in")): Object: 'Object Repository/Page_L Tm Anh Log in to the site/button_Log in' is clicked on

2022-01-15 12:15:24 - [MESSAGE][PASSED] - Object: 'Object Repository/Page_L Tm Anh Log in to the site/button_Log in' is clicked on

2022-01-15 12:15:24 - [TEST_STEP][PASSED] - click(findTestObject("Object Repository/Page_Dashboard/a_My courses")): Object: 'Object Repository/Page_Dashboard/a_My courses' is clicked on

2022-01-15 12:15:55 - [MESSAGE][INFO] - Unable to find the element located by 'By.xpath: //ul[@id='moremenu-61e0e36aac914-navbar-nav']/li[3]/a'. Please recheck the objects properties to make sure the desired element is located. 

2022-01-15 12:15:55 - [MESSAGE][WARNING] - [SELF-HEALING] Failed to find element with id 'Object Repository/Page_Dashboard/a_My courses'. Try using Self-healing.

2022-01-15 12:15:55 - [MESSAGE][WARNING] - [SELF-HEALING] The current locator of test object 'Object Repository/Page_Dashboard/a_My courses' was broken. Propose an alternative one: '//a[contains(text(),'My courses')]'.

2022-01-15 12:15:56 - [MESSAGE][PASSED] - Object: 'Object Repository/Page_Dashboard/a_My courses' is clicked on

2022-01-15 12:15:56 - [TEST_STEP][PASSED] - click(findTestObject("Object Repository/Page_My courses/div_Course image")): Object: 'Object Repository/Page_My courses/div_Course image' is clicked on

2022-01-15 12:15:58 - [MESSAGE][PASSED] - Object: 'Object Repository/Page_My courses/div_Course image' is clicked on

2022-01-15 12:15:58 - [TEST_STEP][PASSED] - click(findTestObject("Object Repository/Page_Course 2/a_More")): Object: 'Object Repository/Page_Course 2/a_More' is clicked on

2022-01-15 12:16:29 - [MESSAGE][INFO] - Unable to find the element located by 'By.xpath: //a[@id='moremenu-dropdown-61dcbc055a0de']'. Please recheck the objects properties to make sure the desired element is located. 

2022-01-15 12:16:29 - [MESSAGE][WARNING] - [SELF-HEALING] Failed to find element with id 'Object Repository/Page_Course 2/a_More'. Try using Self-healing.

2022-01-15 12:16:29 - [MESSAGE][WARNING] - [SELF-HEALING] The current locator of test object 'Object Repository/Page_Course 2/a_More' was broken. Propose an alternative one: '(//a[contains(text(),'More')])[2]'.

2022-01-15 12:16:29 - [MESSAGE][PASSED] - Object: 'Object Repository/Page_Course 2/a_More' is clicked on

2022-01-15 12:16:29 - [TEST_STEP][PASSED] - click(findTestObject("Object Repository/Page_Course 2/a_Question bank")): Object: 'Object Repository/Page_Course 2/a_Question bank' is clicked on

2022-01-15 12:17:00 - [MESSAGE][INFO] - Unable to find the element located by 'By.xpath: //li[@id='yui_3_17_2_1_1641856005443_47']/ul/li/a'. Please recheck the objects properties to make sure the desired element is located. 

2022-01-15 12:17:00 - [MESSAGE][WARNING] - [SELF-HEALING] Failed to find element with id 'Object Repository/Page_Course 2/a_Question bank'. Try using Self-healing.

2022-01-15 12:17:01 - [MESSAGE][WARNING] - [SELF-HEALING] The current locator of test object 'Object Repository/Page_Course 2/a_Question bank' was broken. Propose an alternative one: '//a[contains(text(),'Question bank')]'.

2022-01-15 12:17:02 - [MESSAGE][PASSED] - Object: 'Object Repository/Page_Course 2/a_Question bank' is clicked on

2022-01-15 12:17:02 - [TEST_STEP][PASSED] - click(findTestObject("Object Repository/Page_Edit questions/button_Create a new question")): Object: 'Object Repository/Page_Edit questions/button_Create a new question' is clicked on

2022-01-15 12:17:33 - [MESSAGE][INFO] - Unable to find the element located by 'By.xpath: //button[@id='single_button61dcb9be554e49']'. Please recheck the objects properties to make sure the desired element is located. 

2022-01-15 12:17:33 - [MESSAGE][WARNING] - [SELF-HEALING] Failed to find element with id 'Object Repository/Page_Edit questions/button_Create a new question'. Try using Self-healing.

2022-01-15 12:17:34 - [MESSAGE][WARNING] - [SELF-HEALING] The current locator of test object 'Object Repository/Page_Edit questions/button_Create a new question' was broken. Propose an alternative one: '//section[@id='region-main']/div/div[2]/div/div/form/button'.

2022-01-15 12:17:34 - [MESSAGE][PASSED] - Object: 'Object Repository/Page_Edit questions/button_Create a new question' is clicked on

2022-01-15 12:17:34 - [TEST_STEP][PASSED] - click(findTestObject("Object Repository/Page_Edit questions/input_Numerical_qtype")): Object: 'Object Repository/Page_Edit questions/input_Numerical_qtype' is clicked on

2022-01-15 12:17:34 - [MESSAGE][PASSED] - Object: 'Object Repository/Page_Edit questions/input_Numerical_qtype' is clicked on

2022-01-15 12:17:34 - [TEST_STEP][PASSED] - click(findTestObject("Object Repository/Page_Edit questions/input_Description_submitbutton")): Object: 'Object Repository/Page_Edit questions/input_Description_submitbutton' is clicked on

2022-01-15 12:18:05 - [MESSAGE][INFO] - Unable to find the element located by 'By.xpath: //input[@id='yui_3_17_2_1_1641855422405_351']'. Please recheck the objects properties to make sure the desired element is located. 

2022-01-15 12:18:05 - [MESSAGE][WARNING] - [SELF-HEALING] Failed to find element with id 'Object Repository/Page_Edit questions/input_Description_submitbutton'. Try using Self-healing.

2022-01-15 12:18:06 - [MESSAGE][WARNING] - [SELF-HEALING] The current locator of test object 'Object Repository/Page_Edit questions/input_Description_submitbutton' was broken. Propose an alternative one: '//div[3]/input'.

2022-01-15 12:18:07 - [MESSAGE][PASSED] - Object: 'Object Repository/Page_Edit questions/input_Description_submitbutton' is clicked on

2022-01-15 12:18:07 - [TEST_STEP][PASSED] - setText(findTestObject("Object Repository/Page_Editing an Essay question/input_Question name_name"), "Quiz 5"): Text 'Quiz 5' is set on object 'Object Repository/Page_Editing an Essay question/input_Question name_name'

2022-01-15 12:18:09 - [MESSAGE][PASSED] - Text 'Quiz 5' is set on object 'Object Repository/Page_Editing an Essay question/input_Question name_name'

2022-01-15 12:18:09 - [TEST_STEP][PASSED] - setText(findTestObject("Object Repository/Page_Editing an Essay question/div_Quiz 5"), "<p dir="ltr" style="text-align: left;" id="yui_3_17_2_1_1641855428617_1717">Quiz 5</p>"): Text '<p dir="ltr" style="text-align: left;" id="yui_3_17_2_1_1641855428617_1717">Quiz 5</p>' is set on object 'Object Repository/Page_Editing an Essay question/div_Quiz 5'

2022-01-15 12:18:10 - [MESSAGE][PASSED] - Text '<p dir="ltr" style="text-align: left;" id="yui_3_17_2_1_1641855428617_1717">Quiz 5</p>' is set on object 'Object Repository/Page_Editing an Essay question/div_Quiz 5'

2022-01-15 12:18:10 - [TEST_STEP][PASSED] - scrollToElement(findTestObject("Object Repository/Page_Editing an Essay question/input__submitbutton"), 0): Scroll to object 'Object Repository/Page_Editing an Essay question/input__submitbutton' successfully

2022-01-15 12:18:10 - [MESSAGE][WARNING] - Timeout '0' is invalid. Using default page load timeout: '30'

2022-01-15 12:18:10 - [MESSAGE][PASSED] - Scroll to object 'Object Repository/Page_Editing an Essay question/input__submitbutton' successfully

2022-01-15 12:18:10 - [TEST_STEP][PASSED] - click(findTestObject("Object Repository/Page_Editing an Essay question/input__submitbutton")): Object: 'Object Repository/Page_Editing an Essay question/input__submitbutton' is clicked on

2022-01-15 12:18:12 - [MESSAGE][PASSED] - Object: 'Object Repository/Page_Editing an Essay question/input__submitbutton' is clicked on

2022-01-15 12:18:12 - [TEST_STEP][PASSED] - closeBrowser(): Browser is closed

2022-01-15 12:18:13 - [MESSAGE][PASSED] - Browser is closed]]></system-out>
         <system-err><![CDATA[]]></system-err>
      </testcase>
      <testcase name="Test Cases/Question bank/Add a new multiple choice question" time="187.333" classname="Test Cases/Question bank/Add a new multiple choice question" status="PASSED">
         <system-out><![CDATA[2022-01-15 12:18:13 - [TEST_CASE][PASSED] - Test Cases/Question bank/Add a new multiple choice question: Test Cases/Question bank/Add a new multiple choice question

2022-01-15 12:18:13 - [TEST_STEP][PASSED] - openBrowser(""): Browser is opened with url: ''

2022-01-15 12:18:13 - [MESSAGE][INFO] - Starting 'Chrome' driver

2022-01-15 12:18:13 - [MESSAGE][INFO] - Action delay is set to 0 milliseconds

2022-01-15 12:18:15 - [MESSAGE][PASSED] - Browser is opened with url: ''

2022-01-15 12:18:15 - [TEST_STEP][PASSED] - navigateToUrl("http://localhost/"): Navigate to 'http://localhost/' successfully

2022-01-15 12:18:16 - [MESSAGE][PASSED] - Navigate to 'http://localhost/' successfully

2022-01-15 12:18:16 - [TEST_STEP][PASSED] - click(findTestObject("Object Repository/Page_L Tm Anh/a_Log in")): Object: 'Object Repository/Page_L Tm Anh/a_Log in' is clicked on

2022-01-15 12:18:17 - [MESSAGE][PASSED] - Object: 'Object Repository/Page_L Tm Anh/a_Log in' is clicked on

2022-01-15 12:18:17 - [TEST_STEP][PASSED] - setText(findTestObject("Object Repository/Page_L Tm Anh Log in to the site/input_Username_username"), "admin"): Text 'admin' is set on object 'Object Repository/Page_L Tm Anh Log in to the site/input_Username_username'

2022-01-15 12:18:18 - [MESSAGE][PASSED] - Text 'admin' is set on object 'Object Repository/Page_L Tm Anh Log in to the site/input_Username_username'

2022-01-15 12:18:18 - [TEST_STEP][PASSED] - setEncryptedText(findTestObject("Object Repository/Page_L Tm Anh Log in to the site/input_Password_password"), "eGmz8XUbrLe3vUQiiiujBg=="): Text ****** has been set on object 'Object Repository/Page_L Tm Anh Log in to the site/input_Password_password'

2022-01-15 12:18:19 - [MESSAGE][PASSED] - Text ****** has been set on object 'Object Repository/Page_L Tm Anh Log in to the site/input_Password_password'

2022-01-15 12:18:19 - [TEST_STEP][PASSED] - click(findTestObject("Object Repository/Page_L Tm Anh Log in to the site/div_Log in")): Object: 'Object Repository/Page_L Tm Anh Log in to the site/div_Log in' is clicked on

2022-01-15 12:18:19 - [MESSAGE][PASSED] - Object: 'Object Repository/Page_L Tm Anh Log in to the site/div_Log in' is clicked on

2022-01-15 12:18:19 - [TEST_STEP][PASSED] - click(findTestObject("Object Repository/Page_L Tm Anh Log in to the site/button_Log in")): Object: 'Object Repository/Page_L Tm Anh Log in to the site/button_Log in' is clicked on

2022-01-15 12:18:20 - [MESSAGE][PASSED] - Object: 'Object Repository/Page_L Tm Anh Log in to the site/button_Log in' is clicked on

2022-01-15 12:18:20 - [TEST_STEP][PASSED] - click(findTestObject("Object Repository/Page_Dashboard/a_My courses")): Object: 'Object Repository/Page_Dashboard/a_My courses' is clicked on

2022-01-15 12:18:52 - [MESSAGE][INFO] - Unable to find the element located by 'By.xpath: //ul[@id='moremenu-61e0e36aac914-navbar-nav']/li[3]/a'. Please recheck the objects properties to make sure the desired element is located. 

2022-01-15 12:18:52 - [MESSAGE][WARNING] - [SELF-HEALING] Failed to find element with id 'Object Repository/Page_Dashboard/a_My courses'. Try using Self-healing.

2022-01-15 12:18:52 - [MESSAGE][WARNING] - [SELF-HEALING] The current locator of test object 'Object Repository/Page_Dashboard/a_My courses' was broken. Propose an alternative one: '//a[contains(text(),'My courses')]'.

2022-01-15 12:18:52 - [MESSAGE][PASSED] - Object: 'Object Repository/Page_Dashboard/a_My courses' is clicked on

2022-01-15 12:18:52 - [TEST_STEP][PASSED] - click(findTestObject("Object Repository/Page_My courses/div_Course image")): Object: 'Object Repository/Page_My courses/div_Course image' is clicked on

2022-01-15 12:18:54 - [MESSAGE][PASSED] - Object: 'Object Repository/Page_My courses/div_Course image' is clicked on

2022-01-15 12:18:54 - [TEST_STEP][PASSED] - click(findTestObject("Object Repository/Page_Course 1/a_More")): Object: 'Object Repository/Page_Course 1/a_More' is clicked on

2022-01-15 12:19:25 - [MESSAGE][INFO] - Unable to find the element located by 'By.xpath: //a[@id='moremenu-dropdown-61dac5e62f398']'. Please recheck the objects properties to make sure the desired element is located. 

2022-01-15 12:19:25 - [MESSAGE][WARNING] - [SELF-HEALING] Failed to find element with id 'Object Repository/Page_Course 1/a_More'. Try using Self-healing.

2022-01-15 12:19:26 - [MESSAGE][WARNING] - [SELF-HEALING] The current locator of test object 'Object Repository/Page_Course 1/a_More' was broken. Propose an alternative one: '(//a[contains(text(),'More')])[2]'.

2022-01-15 12:19:26 - [MESSAGE][PASSED] - Object: 'Object Repository/Page_Course 1/a_More' is clicked on

2022-01-15 12:19:26 - [TEST_STEP][PASSED] - click(findTestObject("Object Repository/Page_Course 1/a_Question bank")): Object: 'Object Repository/Page_Course 1/a_Question bank' is clicked on

2022-01-15 12:19:57 - [MESSAGE][INFO] - Unable to find the element located by 'By.xpath: //li[@id='yui_3_17_2_1_1641727462260_71']/ul/li/a'. Please recheck the objects properties to make sure the desired element is located. 

2022-01-15 12:19:57 - [MESSAGE][WARNING] - [SELF-HEALING] Failed to find element with id 'Object Repository/Page_Course 1/a_Question bank'. Try using Self-healing.

2022-01-15 12:19:57 - [MESSAGE][WARNING] - [SELF-HEALING] The current locator of test object 'Object Repository/Page_Course 1/a_Question bank' was broken. Propose an alternative one: '//a[contains(text(),'Question bank')]'.

2022-01-15 12:19:59 - [MESSAGE][PASSED] - Object: 'Object Repository/Page_Course 1/a_Question bank' is clicked on

2022-01-15 12:19:59 - [TEST_STEP][PASSED] - click(findTestObject("Object Repository/Page_Edit questions/button_Create a new question")): Object: 'Object Repository/Page_Edit questions/button_Create a new question' is clicked on

2022-01-15 12:20:30 - [MESSAGE][INFO] - Unable to find the element located by 'By.xpath: //button[@id='single_button61dcb9be554e49']'. Please recheck the objects properties to make sure the desired element is located. 

2022-01-15 12:20:30 - [MESSAGE][WARNING] - [SELF-HEALING] Failed to find element with id 'Object Repository/Page_Edit questions/button_Create a new question'. Try using Self-healing.

2022-01-15 12:20:30 - [MESSAGE][WARNING] - [SELF-HEALING] The current locator of test object 'Object Repository/Page_Edit questions/button_Create a new question' was broken. Propose an alternative one: '//section[@id='region-main']/div/div[2]/div/div/form/button'.

2022-01-15 12:20:31 - [MESSAGE][PASSED] - Object: 'Object Repository/Page_Edit questions/button_Create a new question' is clicked on

2022-01-15 12:20:31 - [TEST_STEP][PASSED] - click(findTestObject("Object Repository/Page_Edit questions/input_Questions_qtype")): Object: 'Object Repository/Page_Edit questions/input_Questions_qtype' is clicked on

2022-01-15 12:20:31 - [MESSAGE][PASSED] - Object: 'Object Repository/Page_Edit questions/input_Questions_qtype' is clicked on

2022-01-15 12:20:31 - [TEST_STEP][PASSED] - click(findTestObject("Object Repository/Page_Edit questions/input_Description_submitbutton")): Object: 'Object Repository/Page_Edit questions/input_Description_submitbutton' is clicked on

2022-01-15 12:21:02 - [MESSAGE][INFO] - Unable to find the element located by 'By.xpath: //input[@id='yui_3_17_2_1_1641855422405_351']'. Please recheck the objects properties to make sure the desired element is located. 

2022-01-15 12:21:02 - [MESSAGE][WARNING] - [SELF-HEALING] Failed to find element with id 'Object Repository/Page_Edit questions/input_Description_submitbutton'. Try using Self-healing.

2022-01-15 12:21:02 - [MESSAGE][WARNING] - [SELF-HEALING] The current locator of test object 'Object Repository/Page_Edit questions/input_Description_submitbutton' was broken. Propose an alternative one: '//div[3]/input'.

2022-01-15 12:21:04 - [MESSAGE][PASSED] - Object: 'Object Repository/Page_Edit questions/input_Description_submitbutton' is clicked on

2022-01-15 12:21:04 - [TEST_STEP][PASSED] - setText(findTestObject("Object Repository/Page_Editing a Multiple choice question/input_Question name_name"), "Anh le la ai"): Text 'Anh le la ai' is set on object 'Object Repository/Page_Editing a Multiple choice question/input_Question name_name'

2022-01-15 12:21:06 - [MESSAGE][PASSED] - Text 'Anh le la ai' is set on object 'Object Repository/Page_Editing a Multiple choice question/input_Question name_name'

2022-01-15 12:21:06 - [TEST_STEP][PASSED] - setText(findTestObject("Object Repository/Page_Editing a Multiple choice question/div_Anh le la ai"), "<p dir="ltr" style="text-align: left;">Anh le la ai</p>"): Text '<p dir="ltr" style="text-align: left;">Anh le la ai</p>' is set on object 'Object Repository/Page_Editing a Multiple choice question/div_Anh le la ai'

2022-01-15 12:21:07 - [MESSAGE][PASSED] - Text '<p dir="ltr" style="text-align: left;">Anh le la ai</p>' is set on object 'Object Repository/Page_Editing a Multiple choice question/div_Anh le la ai'

2022-01-15 12:21:07 - [TEST_STEP][PASSED] - scrollToElement(findTestObject("Object Repository/Page_Editing a Multiple choice question/div_1"), 0): Scroll to object 'Object Repository/Page_Editing a Multiple choice question/div_1' successfully

2022-01-15 12:21:07 - [MESSAGE][WARNING] - Timeout '0' is invalid. Using default page load timeout: '30'

2022-01-15 12:21:07 - [MESSAGE][PASSED] - Scroll to object 'Object Repository/Page_Editing a Multiple choice question/div_1' successfully

2022-01-15 12:21:07 - [TEST_STEP][PASSED] - setText(findTestObject("Object Repository/Page_Editing a Multiple choice question/div_1"), "<p dir="ltr" style="text-align: left;" id="yui_3_17_2_1_1641727220527_6952">1</p>"): Text '<p dir="ltr" style="text-align: left;" id="yui_3_17_2_1_1641727220527_6952">1</p>' is set on object 'Object Repository/Page_Editing a Multiple choice question/div_1'

2022-01-15 12:21:08 - [MESSAGE][PASSED] - Text '<p dir="ltr" style="text-align: left;" id="yui_3_17_2_1_1641727220527_6952">1</p>' is set on object 'Object Repository/Page_Editing a Multiple choice question/div_1'

2022-01-15 12:21:08 - [TEST_STEP][PASSED] - selectOptionByValue(findTestObject("Object Repository/Page_Editing a Multiple choice question/select_None            100            90   _353130"), "1.0", true): All options with value '1.0' are selected in object 'Object Repository/Page_Editing a Multiple choice question/select_None            100            90   _353130'  using regular expression

2022-01-15 12:21:10 - [MESSAGE][PASSED] - All options with value '1.0' are selected in object 'Object Repository/Page_Editing a Multiple choice question/select_None            100            90   _353130'  using regular expression

2022-01-15 12:21:10 - [TEST_STEP][PASSED] - scrollToElement(findTestObject("Object Repository/Page_Editing a Multiple choice question/div_1_1"), 0): Scroll to object 'Object Repository/Page_Editing a Multiple choice question/div_1_1' successfully

2022-01-15 12:21:10 - [MESSAGE][WARNING] - Timeout '0' is invalid. Using default page load timeout: '30'

2022-01-15 12:21:11 - [MESSAGE][PASSED] - Scroll to object 'Object Repository/Page_Editing a Multiple choice question/div_1_1' successfully

2022-01-15 12:21:11 - [TEST_STEP][PASSED] - setText(findTestObject("Object Repository/Page_Editing a Multiple choice question/div_1_1"), "<p dir="ltr" style="text-align: left;" id="yui_3_17_2_1_1641727220527_6971">1</p>"): Text '<p dir="ltr" style="text-align: left;" id="yui_3_17_2_1_1641727220527_6971">1</p>' is set on object 'Object Repository/Page_Editing a Multiple choice question/div_1_1'

2022-01-15 12:21:12 - [MESSAGE][PASSED] - Text '<p dir="ltr" style="text-align: left;" id="yui_3_17_2_1_1641727220527_6971">1</p>' is set on object 'Object Repository/Page_Editing a Multiple choice question/div_1_1'

2022-01-15 12:21:12 - [TEST_STEP][PASSED] - selectOptionByValue(findTestObject("Object Repository/Page_Editing a Multiple choice question/select_None            100            90   _353130_1"), "0.5", true): All options with value '0.5' are selected in object 'Object Repository/Page_Editing a Multiple choice question/select_None            100            90   _353130_1'  using regular expression

2022-01-15 12:21:14 - [MESSAGE][PASSED] - All options with value '0.5' are selected in object 'Object Repository/Page_Editing a Multiple choice question/select_None            100            90   _353130_1'  using regular expression

2022-01-15 12:21:14 - [TEST_STEP][PASSED] - scrollToElement(findTestObject("Object Repository/Page_Editing a Multiple choice question/div_2"), 0): Scroll to object 'Object Repository/Page_Editing a Multiple choice question/div_2' successfully

2022-01-15 12:21:14 - [MESSAGE][WARNING] - Timeout '0' is invalid. Using default page load timeout: '30'

2022-01-15 12:21:15 - [MESSAGE][PASSED] - Scroll to object 'Object Repository/Page_Editing a Multiple choice question/div_2' successfully

2022-01-15 12:21:15 - [TEST_STEP][PASSED] - setText(findTestObject("Object Repository/Page_Editing a Multiple choice question/div_2"), "<p dir="ltr" style="text-align: left;" id="yui_3_17_2_1_1641727220527_6988">2</p>"): Text '<p dir="ltr" style="text-align: left;" id="yui_3_17_2_1_1641727220527_6988">2</p>' is set on object 'Object Repository/Page_Editing a Multiple choice question/div_2'

2022-01-15 12:21:16 - [MESSAGE][PASSED] - Text '<p dir="ltr" style="text-align: left;" id="yui_3_17_2_1_1641727220527_6988">2</p>' is set on object 'Object Repository/Page_Editing a Multiple choice question/div_2'

2022-01-15 12:21:16 - [TEST_STEP][PASSED] - selectOptionByValue(findTestObject("Object Repository/Page_Editing a Multiple choice question/select_None            100            90   _353130_1_2"), "0.3", true): All options with value '0.3' are selected in object 'Object Repository/Page_Editing a Multiple choice question/select_None            100            90   _353130_1_2'  using regular expression

2022-01-15 12:21:18 - [MESSAGE][PASSED] - All options with value '0.3' are selected in object 'Object Repository/Page_Editing a Multiple choice question/select_None            100            90   _353130_1_2'  using regular expression

2022-01-15 12:21:18 - [TEST_STEP][PASSED] - scrollToElement(findTestObject("Object Repository/Page_Editing a Multiple choice question/input__submitbutton"), 0): Scroll to object 'Object Repository/Page_Editing a Multiple choice question/input__submitbutton' successfully

2022-01-15 12:21:18 - [MESSAGE][WARNING] - Timeout '0' is invalid. Using default page load timeout: '30'

2022-01-15 12:21:18 - [MESSAGE][PASSED] - Scroll to object 'Object Repository/Page_Editing a Multiple choice question/input__submitbutton' successfully

2022-01-15 12:21:18 - [TEST_STEP][PASSED] - click(findTestObject("Object Repository/Page_Editing a Multiple choice question/input__submitbutton")): Object: 'Object Repository/Page_Editing a Multiple choice question/input__submitbutton' is clicked on

2022-01-15 12:21:20 - [MESSAGE][PASSED] - Object: 'Object Repository/Page_Editing a Multiple choice question/input__submitbutton' is clicked on

2022-01-15 12:21:20 - [TEST_STEP][PASSED] - closeBrowser(): Browser is closed

2022-01-15 12:21:20 - [MESSAGE][PASSED] - Browser is closed]]></system-out>
         <system-err><![CDATA[]]></system-err>
      </testcase>
      <testcase name="Test Cases/Question bank/Add a new Short answer question" time="178.749" classname="Test Cases/Question bank/Add a new Short answer question" status="PASSED">
         <system-out><![CDATA[2022-01-15 12:21:20 - [TEST_CASE][PASSED] - Test Cases/Question bank/Add a new Short answer question: Test Cases/Question bank/Add a new Short answer question

2022-01-15 12:21:21 - [TEST_STEP][PASSED] - openBrowser(""): Browser is opened with url: ''

2022-01-15 12:21:21 - [MESSAGE][INFO] - Starting 'Chrome' driver

2022-01-15 12:21:21 - [MESSAGE][INFO] - Action delay is set to 0 milliseconds

2022-01-15 12:21:22 - [MESSAGE][PASSED] - Browser is opened with url: ''

2022-01-15 12:21:22 - [TEST_STEP][PASSED] - navigateToUrl("http://localhost/"): Navigate to 'http://localhost/' successfully

2022-01-15 12:21:24 - [MESSAGE][PASSED] - Navigate to 'http://localhost/' successfully

2022-01-15 12:21:24 - [TEST_STEP][PASSED] - click(findTestObject("Object Repository/Page_L Tm Anh/a_Log in")): Object: 'Object Repository/Page_L Tm Anh/a_Log in' is clicked on

2022-01-15 12:21:25 - [MESSAGE][PASSED] - Object: 'Object Repository/Page_L Tm Anh/a_Log in' is clicked on

2022-01-15 12:21:25 - [TEST_STEP][PASSED] - setText(findTestObject("Object Repository/Page_L Tm Anh Log in to the site/input_Username_username"), "admin"): Text 'admin' is set on object 'Object Repository/Page_L Tm Anh Log in to the site/input_Username_username'

2022-01-15 12:21:26 - [MESSAGE][PASSED] - Text 'admin' is set on object 'Object Repository/Page_L Tm Anh Log in to the site/input_Username_username'

2022-01-15 12:21:26 - [TEST_STEP][PASSED] - setEncryptedText(findTestObject("Object Repository/Page_L Tm Anh Log in to the site/input_Password_password"), "eGmz8XUbrLe3vUQiiiujBg=="): Text ****** has been set on object 'Object Repository/Page_L Tm Anh Log in to the site/input_Password_password'

2022-01-15 12:21:26 - [MESSAGE][PASSED] - Text ****** has been set on object 'Object Repository/Page_L Tm Anh Log in to the site/input_Password_password'

2022-01-15 12:21:26 - [TEST_STEP][PASSED] - click(findTestObject("Object Repository/Page_L Tm Anh Log in to the site/button_Log in")): Object: 'Object Repository/Page_L Tm Anh Log in to the site/button_Log in' is clicked on

2022-01-15 12:21:27 - [MESSAGE][PASSED] - Object: 'Object Repository/Page_L Tm Anh Log in to the site/button_Log in' is clicked on

2022-01-15 12:21:27 - [TEST_STEP][PASSED] - click(findTestObject("Object Repository/Page_Dashboard/a_My courses")): Object: 'Object Repository/Page_Dashboard/a_My courses' is clicked on

2022-01-15 12:21:58 - [MESSAGE][INFO] - Unable to find the element located by 'By.xpath: //ul[@id='moremenu-61e0e36aac914-navbar-nav']/li[3]/a'. Please recheck the objects properties to make sure the desired element is located. 

2022-01-15 12:21:58 - [MESSAGE][WARNING] - [SELF-HEALING] Failed to find element with id 'Object Repository/Page_Dashboard/a_My courses'. Try using Self-healing.

2022-01-15 12:21:59 - [MESSAGE][WARNING] - [SELF-HEALING] The current locator of test object 'Object Repository/Page_Dashboard/a_My courses' was broken. Propose an alternative one: '//a[contains(text(),'My courses')]'.

2022-01-15 12:21:59 - [MESSAGE][PASSED] - Object: 'Object Repository/Page_Dashboard/a_My courses' is clicked on

2022-01-15 12:21:59 - [TEST_STEP][PASSED] - click(findTestObject("Object Repository/Page_My courses/div_Course image")): Object: 'Object Repository/Page_My courses/div_Course image' is clicked on

2022-01-15 12:22:02 - [MESSAGE][PASSED] - Object: 'Object Repository/Page_My courses/div_Course image' is clicked on

2022-01-15 12:22:02 - [TEST_STEP][PASSED] - click(findTestObject("Object Repository/Page_Course 1/a_More")): Object: 'Object Repository/Page_Course 1/a_More' is clicked on

2022-01-15 12:22:33 - [MESSAGE][INFO] - Unable to find the element located by 'By.xpath: //a[@id='moremenu-dropdown-61dac5e62f398']'. Please recheck the objects properties to make sure the desired element is located. 

2022-01-15 12:22:33 - [MESSAGE][WARNING] - [SELF-HEALING] Failed to find element with id 'Object Repository/Page_Course 1/a_More'. Try using Self-healing.

2022-01-15 12:22:33 - [MESSAGE][WARNING] - [SELF-HEALING] The current locator of test object 'Object Repository/Page_Course 1/a_More' was broken. Propose an alternative one: '(//a[contains(text(),'More')])[2]'.

2022-01-15 12:22:33 - [MESSAGE][PASSED] - Object: 'Object Repository/Page_Course 1/a_More' is clicked on

2022-01-15 12:22:33 - [TEST_STEP][PASSED] - click(findTestObject("Object Repository/Page_Course 1/a_Question bank")): Object: 'Object Repository/Page_Course 1/a_Question bank' is clicked on

2022-01-15 12:23:04 - [MESSAGE][INFO] - Unable to find the element located by 'By.xpath: //li[@id='yui_3_17_2_1_1641727462260_71']/ul/li/a'. Please recheck the objects properties to make sure the desired element is located. 

2022-01-15 12:23:04 - [MESSAGE][WARNING] - [SELF-HEALING] Failed to find element with id 'Object Repository/Page_Course 1/a_Question bank'. Try using Self-healing.

2022-01-15 12:23:05 - [MESSAGE][WARNING] - [SELF-HEALING] The current locator of test object 'Object Repository/Page_Course 1/a_Question bank' was broken. Propose an alternative one: '//a[contains(text(),'Question bank')]'.

2022-01-15 12:23:06 - [MESSAGE][PASSED] - Object: 'Object Repository/Page_Course 1/a_Question bank' is clicked on

2022-01-15 12:23:06 - [TEST_STEP][PASSED] - click(findTestObject("Object Repository/Page_Edit questions/button_Create a new question")): Object: 'Object Repository/Page_Edit questions/button_Create a new question' is clicked on

2022-01-15 12:23:37 - [MESSAGE][INFO] - Unable to find the element located by 'By.xpath: //button[@id='single_button61dcb9be554e49']'. Please recheck the objects properties to make sure the desired element is located. 

2022-01-15 12:23:37 - [MESSAGE][WARNING] - [SELF-HEALING] Failed to find element with id 'Object Repository/Page_Edit questions/button_Create a new question'. Try using Self-healing.

2022-01-15 12:23:37 - [MESSAGE][WARNING] - [SELF-HEALING] The current locator of test object 'Object Repository/Page_Edit questions/button_Create a new question' was broken. Propose an alternative one: '//section[@id='region-main']/div/div[2]/div/div/form/button'.

2022-01-15 12:23:38 - [MESSAGE][PASSED] - Object: 'Object Repository/Page_Edit questions/button_Create a new question' is clicked on

2022-01-15 12:23:38 - [TEST_STEP][PASSED] - click(findTestObject("Object Repository/Page_Edit questions/input_Matching_qtype")): Object: 'Object Repository/Page_Edit questions/input_Matching_qtype' is clicked on

2022-01-15 12:23:38 - [MESSAGE][PASSED] - Object: 'Object Repository/Page_Edit questions/input_Matching_qtype' is clicked on

2022-01-15 12:23:38 - [TEST_STEP][PASSED] - click(findTestObject("Object Repository/Page_Edit questions/input_Description_submitbutton")): Object: 'Object Repository/Page_Edit questions/input_Description_submitbutton' is clicked on

2022-01-15 12:24:09 - [MESSAGE][INFO] - Unable to find the element located by 'By.xpath: //input[@id='yui_3_17_2_1_1641855422405_351']'. Please recheck the objects properties to make sure the desired element is located. 

2022-01-15 12:24:09 - [MESSAGE][WARNING] - [SELF-HEALING] Failed to find element with id 'Object Repository/Page_Edit questions/input_Description_submitbutton'. Try using Self-healing.

2022-01-15 12:24:10 - [MESSAGE][WARNING] - [SELF-HEALING] The current locator of test object 'Object Repository/Page_Edit questions/input_Description_submitbutton' was broken. Propose an alternative one: '//div[3]/input'.

2022-01-15 12:24:11 - [MESSAGE][PASSED] - Object: 'Object Repository/Page_Edit questions/input_Description_submitbutton' is clicked on

2022-01-15 12:24:11 - [TEST_STEP][PASSED] - setText(findTestObject("Object Repository/Page_Editing a Short answer question/input_Question name_name"), "Anh le la ai"): Text 'Anh le la ai' is set on object 'Object Repository/Page_Editing a Short answer question/input_Question name_name'

2022-01-15 12:24:12 - [MESSAGE][PASSED] - Text 'Anh le la ai' is set on object 'Object Repository/Page_Editing a Short answer question/input_Question name_name'

2022-01-15 12:24:12 - [TEST_STEP][PASSED] - setText(findTestObject("Object Repository/Page_Editing a Short answer question/div_Anh le la ai"), "<p dir="ltr" style="text-align: left;" id="yui_3_17_2_1_1641726965698_2888">Anh le la ai</p>"): Text '<p dir="ltr" style="text-align: left;" id="yui_3_17_2_1_1641726965698_2888">Anh le la ai</p>' is set on object 'Object Repository/Page_Editing a Short answer question/div_Anh le la ai'

2022-01-15 12:24:14 - [MESSAGE][PASSED] - Text '<p dir="ltr" style="text-align: left;" id="yui_3_17_2_1_1641726965698_2888">Anh le la ai</p>' is set on object 'Object Repository/Page_Editing a Short answer question/div_Anh le la ai'

2022-01-15 12:24:14 - [TEST_STEP][PASSED] - scrollToElement(findTestObject("Object Repository/Page_Editing a Short answer question/input_Answer 1_answer0"), 0): Scroll to object 'Object Repository/Page_Editing a Short answer question/input_Answer 1_answer0' successfully

2022-01-15 12:24:14 - [MESSAGE][WARNING] - Timeout '0' is invalid. Using default page load timeout: '30'

2022-01-15 12:24:14 - [MESSAGE][PASSED] - Scroll to object 'Object Repository/Page_Editing a Short answer question/input_Answer 1_answer0' successfully

2022-01-15 12:24:14 - [TEST_STEP][PASSED] - setText(findTestObject("Object Repository/Page_Editing a Short answer question/input_Answer 1_answer0"), "1"): Text '1' is set on object 'Object Repository/Page_Editing a Short answer question/input_Answer 1_answer0'

2022-01-15 12:24:15 - [MESSAGE][PASSED] - Text '1' is set on object 'Object Repository/Page_Editing a Short answer question/input_Answer 1_answer0'

2022-01-15 12:24:15 - [TEST_STEP][PASSED] - selectOptionByValue(findTestObject("Object Repository/Page_Editing a Short answer question/select_None        100        90        83._8cdef3"), "1.0", true): All options with value '1.0' are selected in object 'Object Repository/Page_Editing a Short answer question/select_None        100        90        83._8cdef3'  using regular expression

2022-01-15 12:24:16 - [MESSAGE][PASSED] - All options with value '1.0' are selected in object 'Object Repository/Page_Editing a Short answer question/select_None        100        90        83._8cdef3'  using regular expression

2022-01-15 12:24:16 - [TEST_STEP][PASSED] - scrollToElement(findTestObject("Object Repository/Page_Editing a Short answer question/input__submitbutton"), 0): Scroll to object 'Object Repository/Page_Editing a Short answer question/input__submitbutton' successfully

2022-01-15 12:24:16 - [MESSAGE][WARNING] - Timeout '0' is invalid. Using default page load timeout: '30'

2022-01-15 12:24:17 - [MESSAGE][PASSED] - Scroll to object 'Object Repository/Page_Editing a Short answer question/input__submitbutton' successfully

2022-01-15 12:24:17 - [TEST_STEP][PASSED] - click(findTestObject("Object Repository/Page_Editing a Short answer question/input__submitbutton")): Object: 'Object Repository/Page_Editing a Short answer question/input__submitbutton' is clicked on

2022-01-15 12:24:18 - [MESSAGE][PASSED] - Object: 'Object Repository/Page_Editing a Short answer question/input__submitbutton' is clicked on

2022-01-15 12:24:18 - [TEST_STEP][PASSED] - closeBrowser(): Browser is closed

2022-01-15 12:24:19 - [MESSAGE][PASSED] - Browser is closed]]></system-out>
         <system-err><![CDATA[]]></system-err>
      </testcase>
      <testcase name="Test Cases/Question bank/Add a numerical question" time="180.241" classname="Test Cases/Question bank/Add a numerical question" status="PASSED">
         <system-out><![CDATA[2022-01-15 12:24:19 - [TEST_CASE][PASSED] - Test Cases/Question bank/Add a numerical question: Test Cases/Question bank/Add a numerical question

2022-01-15 12:24:19 - [TEST_STEP][PASSED] - openBrowser(""): Browser is opened with url: ''

2022-01-15 12:24:19 - [MESSAGE][INFO] - Starting 'Chrome' driver

2022-01-15 12:24:19 - [MESSAGE][INFO] - Action delay is set to 0 milliseconds

2022-01-15 12:24:21 - [MESSAGE][PASSED] - Browser is opened with url: ''

2022-01-15 12:24:21 - [TEST_STEP][PASSED] - navigateToUrl("http://localhost/"): Navigate to 'http://localhost/' successfully

2022-01-15 12:24:23 - [MESSAGE][PASSED] - Navigate to 'http://localhost/' successfully

2022-01-15 12:24:23 - [TEST_STEP][PASSED] - click(findTestObject("Object Repository/Page_L Tm Anh/a_Log in")): Object: 'Object Repository/Page_L Tm Anh/a_Log in' is clicked on

2022-01-15 12:24:24 - [MESSAGE][PASSED] - Object: 'Object Repository/Page_L Tm Anh/a_Log in' is clicked on

2022-01-15 12:24:24 - [TEST_STEP][PASSED] - setText(findTestObject("Object Repository/Page_L Tm Anh Log in to the site/input_Username_username"), "admin"): Text 'admin' is set on object 'Object Repository/Page_L Tm Anh Log in to the site/input_Username_username'

2022-01-15 12:24:25 - [MESSAGE][PASSED] - Text 'admin' is set on object 'Object Repository/Page_L Tm Anh Log in to the site/input_Username_username'

2022-01-15 12:24:25 - [TEST_STEP][PASSED] - setEncryptedText(findTestObject("Object Repository/Page_L Tm Anh Log in to the site/input_Password_password"), "eGmz8XUbrLe3vUQiiiujBg=="): Text ****** has been set on object 'Object Repository/Page_L Tm Anh Log in to the site/input_Password_password'

2022-01-15 12:24:25 - [MESSAGE][PASSED] - Text ****** has been set on object 'Object Repository/Page_L Tm Anh Log in to the site/input_Password_password'

2022-01-15 12:24:25 - [TEST_STEP][PASSED] - click(findTestObject("Object Repository/Page_L Tm Anh Log in to the site/button_Log in")): Object: 'Object Repository/Page_L Tm Anh Log in to the site/button_Log in' is clicked on

2022-01-15 12:24:27 - [MESSAGE][PASSED] - Object: 'Object Repository/Page_L Tm Anh Log in to the site/button_Log in' is clicked on

2022-01-15 12:24:27 - [TEST_STEP][PASSED] - click(findTestObject("Object Repository/Page_Dashboard/a_My courses")): Object: 'Object Repository/Page_Dashboard/a_My courses' is clicked on

2022-01-15 12:24:58 - [MESSAGE][INFO] - Unable to find the element located by 'By.xpath: //ul[@id='moremenu-61e0e36aac914-navbar-nav']/li[3]/a'. Please recheck the objects properties to make sure the desired element is located. 

2022-01-15 12:24:58 - [MESSAGE][WARNING] - [SELF-HEALING] Failed to find element with id 'Object Repository/Page_Dashboard/a_My courses'. Try using Self-healing.

2022-01-15 12:24:58 - [MESSAGE][WARNING] - [SELF-HEALING] The current locator of test object 'Object Repository/Page_Dashboard/a_My courses' was broken. Propose an alternative one: '//a[contains(text(),'My courses')]'.

2022-01-15 12:24:59 - [MESSAGE][PASSED] - Object: 'Object Repository/Page_Dashboard/a_My courses' is clicked on

2022-01-15 12:24:59 - [TEST_STEP][PASSED] - click(findTestObject("Object Repository/Page_My courses/div_Course image")): Object: 'Object Repository/Page_My courses/div_Course image' is clicked on

2022-01-15 12:25:01 - [MESSAGE][PASSED] - Object: 'Object Repository/Page_My courses/div_Course image' is clicked on

2022-01-15 12:25:01 - [TEST_STEP][PASSED] - click(findTestObject("Object Repository/Page_Course 1/a_More")): Object: 'Object Repository/Page_Course 1/a_More' is clicked on

2022-01-15 12:25:32 - [MESSAGE][INFO] - Unable to find the element located by 'By.xpath: //a[@id='moremenu-dropdown-61dac5e62f398']'. Please recheck the objects properties to make sure the desired element is located. 

2022-01-15 12:25:32 - [MESSAGE][WARNING] - [SELF-HEALING] Failed to find element with id 'Object Repository/Page_Course 1/a_More'. Try using Self-healing.

2022-01-15 12:25:33 - [MESSAGE][WARNING] - [SELF-HEALING] The current locator of test object 'Object Repository/Page_Course 1/a_More' was broken. Propose an alternative one: '(//a[contains(text(),'More')])[2]'.

2022-01-15 12:25:33 - [MESSAGE][PASSED] - Object: 'Object Repository/Page_Course 1/a_More' is clicked on

2022-01-15 12:25:33 - [TEST_STEP][PASSED] - click(findTestObject("Object Repository/Page_Course 1/a_Question bank")): Object: 'Object Repository/Page_Course 1/a_Question bank' is clicked on

2022-01-15 12:26:04 - [MESSAGE][INFO] - Unable to find the element located by 'By.xpath: //li[@id='yui_3_17_2_1_1641727462260_71']/ul/li/a'. Please recheck the objects properties to make sure the desired element is located. 

2022-01-15 12:26:04 - [MESSAGE][WARNING] - [SELF-HEALING] Failed to find element with id 'Object Repository/Page_Course 1/a_Question bank'. Try using Self-healing.

2022-01-15 12:26:04 - [MESSAGE][WARNING] - [SELF-HEALING] The current locator of test object 'Object Repository/Page_Course 1/a_Question bank' was broken. Propose an alternative one: '//a[contains(text(),'Question bank')]'.

2022-01-15 12:26:05 - [MESSAGE][PASSED] - Object: 'Object Repository/Page_Course 1/a_Question bank' is clicked on

2022-01-15 12:26:05 - [TEST_STEP][PASSED] - click(findTestObject("Object Repository/Page_Edit questions/button_Create a new question")): Object: 'Object Repository/Page_Edit questions/button_Create a new question' is clicked on

2022-01-15 12:26:36 - [MESSAGE][INFO] - Unable to find the element located by 'By.xpath: //button[@id='single_button61dcb9be554e49']'. Please recheck the objects properties to make sure the desired element is located. 

2022-01-15 12:26:36 - [MESSAGE][WARNING] - [SELF-HEALING] Failed to find element with id 'Object Repository/Page_Edit questions/button_Create a new question'. Try using Self-healing.

2022-01-15 12:26:37 - [MESSAGE][WARNING] - [SELF-HEALING] The current locator of test object 'Object Repository/Page_Edit questions/button_Create a new question' was broken. Propose an alternative one: '//section[@id='region-main']/div/div[2]/div/div/form/button'.

2022-01-15 12:26:37 - [MESSAGE][PASSED] - Object: 'Object Repository/Page_Edit questions/button_Create a new question' is clicked on

2022-01-15 12:26:37 - [TEST_STEP][PASSED] - click(findTestObject("Object Repository/Page_Edit questions/input_Short answer_qtype")): Object: 'Object Repository/Page_Edit questions/input_Short answer_qtype' is clicked on

2022-01-15 12:26:37 - [MESSAGE][PASSED] - Object: 'Object Repository/Page_Edit questions/input_Short answer_qtype' is clicked on

2022-01-15 12:26:37 - [TEST_STEP][PASSED] - click(findTestObject("Object Repository/Page_Edit questions/input_Description_submitbutton")): Object: 'Object Repository/Page_Edit questions/input_Description_submitbutton' is clicked on

2022-01-15 12:27:09 - [MESSAGE][INFO] - Unable to find the element located by 'By.xpath: //input[@id='yui_3_17_2_1_1641855422405_351']'. Please recheck the objects properties to make sure the desired element is located. 

2022-01-15 12:27:09 - [MESSAGE][WARNING] - [SELF-HEALING] Failed to find element with id 'Object Repository/Page_Edit questions/input_Description_submitbutton'. Try using Self-healing.

2022-01-15 12:27:09 - [MESSAGE][WARNING] - [SELF-HEALING] The current locator of test object 'Object Repository/Page_Edit questions/input_Description_submitbutton' was broken. Propose an alternative one: '//div[3]/input'.

2022-01-15 12:27:11 - [MESSAGE][PASSED] - Object: 'Object Repository/Page_Edit questions/input_Description_submitbutton' is clicked on

2022-01-15 12:27:11 - [TEST_STEP][PASSED] - setText(findTestObject("Object Repository/Page_Editing a Numerical question/input_Question name_name"), "Anh le la ai"): Text 'Anh le la ai' is set on object 'Object Repository/Page_Editing a Numerical question/input_Question name_name'

2022-01-15 12:27:13 - [MESSAGE][PASSED] - Text 'Anh le la ai' is set on object 'Object Repository/Page_Editing a Numerical question/input_Question name_name'

2022-01-15 12:27:13 - [TEST_STEP][PASSED] - setText(findTestObject("Object Repository/Page_Editing a Numerical question/div_Anh le la ai"), "<p dir="ltr" style="text-align: left;">Anh le la ai</p>"): Text '<p dir="ltr" style="text-align: left;">Anh le la ai</p>' is set on object 'Object Repository/Page_Editing a Numerical question/div_Anh le la ai'

2022-01-15 12:27:14 - [MESSAGE][PASSED] - Text '<p dir="ltr" style="text-align: left;">Anh le la ai</p>' is set on object 'Object Repository/Page_Editing a Numerical question/div_Anh le la ai'

2022-01-15 12:27:14 - [TEST_STEP][PASSED] - scrollToElement(findTestObject("Object Repository/Page_Editing a Numerical question/input_Answer 1_answer0"), 0): Scroll to object 'Object Repository/Page_Editing a Numerical question/input_Answer 1_answer0' successfully

2022-01-15 12:27:14 - [MESSAGE][WARNING] - Timeout '0' is invalid. Using default page load timeout: '30'

2022-01-15 12:27:14 - [MESSAGE][PASSED] - Scroll to object 'Object Repository/Page_Editing a Numerical question/input_Answer 1_answer0' successfully

2022-01-15 12:27:14 - [TEST_STEP][PASSED] - setText(findTestObject("Object Repository/Page_Editing a Numerical question/input_Answer 1_answer0"), "1"): Text '1' is set on object 'Object Repository/Page_Editing a Numerical question/input_Answer 1_answer0'

2022-01-15 12:27:15 - [MESSAGE][PASSED] - Text '1' is set on object 'Object Repository/Page_Editing a Numerical question/input_Answer 1_answer0'

2022-01-15 12:27:15 - [TEST_STEP][PASSED] - selectOptionByValue(findTestObject("Object Repository/Page_Editing a Numerical question/select_None        100        90        83._8cdef3"), "1.0", true): All options with value '1.0' are selected in object 'Object Repository/Page_Editing a Numerical question/select_None        100        90        83._8cdef3'  using regular expression

2022-01-15 12:27:16 - [MESSAGE][PASSED] - All options with value '1.0' are selected in object 'Object Repository/Page_Editing a Numerical question/select_None        100        90        83._8cdef3'  using regular expression

2022-01-15 12:27:16 - [TEST_STEP][PASSED] - scrollToElement(findTestObject("Object Repository/Page_Editing a Numerical question/input__submitbutton"), 0): Scroll to object 'Object Repository/Page_Editing a Numerical question/input__submitbutton' successfully

2022-01-15 12:27:17 - [MESSAGE][WARNING] - Timeout '0' is invalid. Using default page load timeout: '30'

2022-01-15 12:27:17 - [MESSAGE][PASSED] - Scroll to object 'Object Repository/Page_Editing a Numerical question/input__submitbutton' successfully

2022-01-15 12:27:17 - [TEST_STEP][PASSED] - click(findTestObject("Object Repository/Page_Editing a Numerical question/input__submitbutton")): Object: 'Object Repository/Page_Editing a Numerical question/input__submitbutton' is clicked on

2022-01-15 12:27:19 - [MESSAGE][PASSED] - Object: 'Object Repository/Page_Editing a Numerical question/input__submitbutton' is clicked on

2022-01-15 12:27:19 - [TEST_STEP][PASSED] - closeBrowser(): Browser is closed

2022-01-15 12:27:19 - [MESSAGE][PASSED] - Browser is closed]]></system-out>
         <system-err><![CDATA[]]></system-err>
      </testcase>
      <testcase name="Test Cases/Question bank/Add a True False question" time="223.936" classname="Test Cases/Question bank/Add a True False question" status="PASSED">
         <system-out><![CDATA[2022-01-15 12:27:19 - [TEST_CASE][PASSED] - Test Cases/Question bank/Add a True False question: Test Cases/Question bank/Add a True False question

2022-01-15 12:27:20 - [TEST_STEP][PASSED] - openBrowser(""): Browser is opened with url: ''

2022-01-15 12:27:20 - [MESSAGE][INFO] - Starting 'Chrome' driver

2022-01-15 12:27:20 - [MESSAGE][INFO] - Action delay is set to 0 milliseconds

2022-01-15 12:27:21 - [MESSAGE][PASSED] - Browser is opened with url: ''

2022-01-15 12:27:21 - [TEST_STEP][PASSED] - navigateToUrl("http://localhost/"): Navigate to 'http://localhost/' successfully

2022-01-15 12:27:23 - [MESSAGE][PASSED] - Navigate to 'http://localhost/' successfully

2022-01-15 12:27:23 - [TEST_STEP][PASSED] - click(findTestObject("Object Repository/Page_L Tm Anh/a_Log in")): Object: 'Object Repository/Page_L Tm Anh/a_Log in' is clicked on

2022-01-15 12:27:24 - [MESSAGE][PASSED] - Object: 'Object Repository/Page_L Tm Anh/a_Log in' is clicked on

2022-01-15 12:27:24 - [TEST_STEP][PASSED] - setText(findTestObject("Object Repository/Page_L Tm Anh Log in to the site/input_Username_username"), "admin"): Text 'admin' is set on object 'Object Repository/Page_L Tm Anh Log in to the site/input_Username_username'

2022-01-15 12:27:25 - [MESSAGE][PASSED] - Text 'admin' is set on object 'Object Repository/Page_L Tm Anh Log in to the site/input_Username_username'

2022-01-15 12:27:25 - [TEST_STEP][PASSED] - setEncryptedText(findTestObject("Object Repository/Page_L Tm Anh Log in to the site/input_Password_password"), "eGmz8XUbrLe3vUQiiiujBg=="): Text ****** has been set on object 'Object Repository/Page_L Tm Anh Log in to the site/input_Password_password'

2022-01-15 12:27:26 - [MESSAGE][PASSED] - Text ****** has been set on object 'Object Repository/Page_L Tm Anh Log in to the site/input_Password_password'

2022-01-15 12:27:26 - [TEST_STEP][PASSED] - click(findTestObject("Object Repository/Page_L Tm Anh Log in to the site/button_Log in")): Object: 'Object Repository/Page_L Tm Anh Log in to the site/button_Log in' is clicked on

2022-01-15 12:27:27 - [MESSAGE][PASSED] - Object: 'Object Repository/Page_L Tm Anh Log in to the site/button_Log in' is clicked on

2022-01-15 12:27:27 - [TEST_STEP][PASSED] - click(findTestObject("Object Repository/Page_Dashboard/a_My courses")): Object: 'Object Repository/Page_Dashboard/a_My courses' is clicked on

2022-01-15 12:27:58 - [MESSAGE][INFO] - Unable to find the element located by 'By.xpath: //ul[@id='moremenu-61e0e36aac914-navbar-nav']/li[3]/a'. Please recheck the objects properties to make sure the desired element is located. 

2022-01-15 12:27:58 - [MESSAGE][WARNING] - [SELF-HEALING] Failed to find element with id 'Object Repository/Page_Dashboard/a_My courses'. Try using Self-healing.

2022-01-15 12:27:59 - [MESSAGE][WARNING] - [SELF-HEALING] The current locator of test object 'Object Repository/Page_Dashboard/a_My courses' was broken. Propose an alternative one: '//a[contains(text(),'My courses')]'.

2022-01-15 12:27:59 - [MESSAGE][PASSED] - Object: 'Object Repository/Page_Dashboard/a_My courses' is clicked on

2022-01-15 12:27:59 - [TEST_STEP][PASSED] - click(findTestObject("Object Repository/Page_My courses/div_Course image")): Object: 'Object Repository/Page_My courses/div_Course image' is clicked on

2022-01-15 12:28:01 - [MESSAGE][PASSED] - Object: 'Object Repository/Page_My courses/div_Course image' is clicked on

2022-01-15 12:28:01 - [TEST_STEP][PASSED] - click(findTestObject("Object Repository/Page_Course 1/a_More")): Object: 'Object Repository/Page_Course 1/a_More' is clicked on

2022-01-15 12:28:32 - [MESSAGE][INFO] - Unable to find the element located by 'By.xpath: //a[@id='moremenu-dropdown-61dac5e62f398']'. Please recheck the objects properties to make sure the desired element is located. 

2022-01-15 12:28:32 - [MESSAGE][WARNING] - [SELF-HEALING] Failed to find element with id 'Object Repository/Page_Course 1/a_More'. Try using Self-healing.

2022-01-15 12:28:32 - [MESSAGE][WARNING] - [SELF-HEALING] The current locator of test object 'Object Repository/Page_Course 1/a_More' was broken. Propose an alternative one: '(//a[contains(text(),'More')])[2]'.

2022-01-15 12:28:33 - [MESSAGE][PASSED] - Object: 'Object Repository/Page_Course 1/a_More' is clicked on

2022-01-15 12:28:33 - [TEST_STEP][PASSED] - click(findTestObject("Object Repository/Page_Course 1/a_Question bank")): Object: 'Object Repository/Page_Course 1/a_Question bank' is clicked on

2022-01-15 12:29:04 - [MESSAGE][INFO] - Unable to find the element located by 'By.xpath: //li[@id='yui_3_17_2_1_1641727462260_71']/ul/li/a'. Please recheck the objects properties to make sure the desired element is located. 

2022-01-15 12:29:04 - [MESSAGE][WARNING] - [SELF-HEALING] Failed to find element with id 'Object Repository/Page_Course 1/a_Question bank'. Try using Self-healing.

2022-01-15 12:29:04 - [MESSAGE][WARNING] - [SELF-HEALING] The current locator of test object 'Object Repository/Page_Course 1/a_Question bank' was broken. Propose an alternative one: '//a[contains(text(),'Question bank')]'.

2022-01-15 12:29:05 - [MESSAGE][PASSED] - Object: 'Object Repository/Page_Course 1/a_Question bank' is clicked on

2022-01-15 12:29:05 - [TEST_STEP][PASSED] - click(findTestObject("Object Repository/Page_Edit questions/button_Create a new question")): Object: 'Object Repository/Page_Edit questions/button_Create a new question' is clicked on

2022-01-15 12:29:38 - [MESSAGE][INFO] - Unable to find the element located by 'By.xpath: //button[@id='single_button61dcb9be554e49']'. Please recheck the objects properties to make sure the desired element is located. 

2022-01-15 12:29:38 - [MESSAGE][WARNING] - [SELF-HEALING] Failed to find element with id 'Object Repository/Page_Edit questions/button_Create a new question'. Try using Self-healing.

2022-01-15 12:29:40 - [MESSAGE][WARNING] - [SELF-HEALING] The current locator of test object 'Object Repository/Page_Edit questions/button_Create a new question' was broken. Propose an alternative one: '//section[@id='region-main']/div/div[2]/div/div/form/button'.

2022-01-15 12:29:40 - [MESSAGE][PASSED] - Object: 'Object Repository/Page_Edit questions/button_Create a new question' is clicked on

2022-01-15 12:29:40 - [TEST_STEP][PASSED] - click(findTestObject("Object Repository/Page_Edit questions/label_TrueFalse                            _836f0e")): Object: 'Object Repository/Page_Edit questions/label_TrueFalse                            _836f0e' is clicked on

2022-01-15 12:30:12 - [MESSAGE][INFO] - Unable to find the element located by 'By.xpath: //label[@id='yui_3_17_2_1_1641726634670_331']'. Please recheck the objects properties to make sure the desired element is located. 

2022-01-15 12:30:12 - [MESSAGE][WARNING] - [SELF-HEALING] Failed to find element with id 'Object Repository/Page_Edit questions/label_TrueFalse                            _836f0e'. Try using Self-healing.

2022-01-15 12:30:14 - [MESSAGE][WARNING] - [SELF-HEALING] The current locator of test object 'Object Repository/Page_Edit questions/label_TrueFalse                            _836f0e' was broken. Propose an alternative one: '(.//*[normalize-space(text()) and normalize-space(.)='Multiple choice'])[1]/following::label[1]'.

2022-01-15 12:30:14 - [MESSAGE][PASSED] - Object: 'Object Repository/Page_Edit questions/label_TrueFalse                            _836f0e' is clicked on

2022-01-15 12:30:14 - [TEST_STEP][PASSED] - click(findTestObject("Object Repository/Page_Edit questions/input_Description_submitbutton")): Object: 'Object Repository/Page_Edit questions/input_Description_submitbutton' is clicked on

2022-01-15 12:30:46 - [MESSAGE][INFO] - Unable to find the element located by 'By.xpath: //input[@id='yui_3_17_2_1_1641855422405_351']'. Please recheck the objects properties to make sure the desired element is located. 

2022-01-15 12:30:46 - [MESSAGE][WARNING] - [SELF-HEALING] Failed to find element with id 'Object Repository/Page_Edit questions/input_Description_submitbutton'. Try using Self-healing.

2022-01-15 12:30:48 - [MESSAGE][WARNING] - [SELF-HEALING] The current locator of test object 'Object Repository/Page_Edit questions/input_Description_submitbutton' was broken. Propose an alternative one: '//div[3]/input'.

2022-01-15 12:30:49 - [MESSAGE][PASSED] - Object: 'Object Repository/Page_Edit questions/input_Description_submitbutton' is clicked on

2022-01-15 12:30:49 - [TEST_STEP][PASSED] - setText(findTestObject("Object Repository/Page_Editing a TrueFalse question/input_Question name_name"), "Anh le la ai"): Text 'Anh le la ai' is set on object 'Object Repository/Page_Editing a TrueFalse question/input_Question name_name'

2022-01-15 12:30:54 - [MESSAGE][PASSED] - Text 'Anh le la ai' is set on object 'Object Repository/Page_Editing a TrueFalse question/input_Question name_name'

2022-01-15 12:30:54 - [TEST_STEP][PASSED] - setText(findTestObject("Object Repository/Page_Editing a TrueFalse question/div_Anh le la ai"), "<p dir="ltr" style="text-align: left;" id="yui_3_17_2_1_1641726640458_1708">Anh le la ai</p>"): Text '<p dir="ltr" style="text-align: left;" id="yui_3_17_2_1_1641726640458_1708">Anh le la ai</p>' is set on object 'Object Repository/Page_Editing a TrueFalse question/div_Anh le la ai'

2022-01-15 12:30:58 - [MESSAGE][PASSED] - Text '<p dir="ltr" style="text-align: left;" id="yui_3_17_2_1_1641726640458_1708">Anh le la ai</p>' is set on object 'Object Repository/Page_Editing a TrueFalse question/div_Anh le la ai'

2022-01-15 12:30:58 - [TEST_STEP][PASSED] - scrollToElement(findTestObject("Object Repository/Page_Editing a TrueFalse question/input__submitbutton"), 0): Scroll to object 'Object Repository/Page_Editing a TrueFalse question/input__submitbutton' successfully

2022-01-15 12:30:58 - [MESSAGE][WARNING] - Timeout '0' is invalid. Using default page load timeout: '30'

2022-01-15 12:31:00 - [MESSAGE][PASSED] - Scroll to object 'Object Repository/Page_Editing a TrueFalse question/input__submitbutton' successfully

2022-01-15 12:31:00 - [TEST_STEP][PASSED] - click(findTestObject("Object Repository/Page_Editing a TrueFalse question/input__submitbutton")): Object: 'Object Repository/Page_Editing a TrueFalse question/input__submitbutton' is clicked on

2022-01-15 12:31:03 - [MESSAGE][PASSED] - Object: 'Object Repository/Page_Editing a TrueFalse question/input__submitbutton' is clicked on

2022-01-15 12:31:03 - [TEST_STEP][PASSED] - closeBrowser(): Browser is closed

2022-01-15 12:31:03 - [MESSAGE][PASSED] - Browser is closed]]></system-out>
         <system-err><![CDATA[]]></system-err>
      </testcase>
      <testcase name="Test Cases/Question bank/Duplicate a essay question" time="198.597" classname="Test Cases/Question bank/Duplicate a essay question" status="FAILED">
         <failure type="FAILED" message="Test Cases/Question bank/Duplicate a essay question FAILED.
Reason:
com.kms.katalon.core.exception.StepFailedException: Unable to set text 'Quiz 5' of object 'Object Repository/Page_Editing an Essay question/input_Question name_name'
	at com.kms.katalon.core.webui.keyword.internal.WebUIKeywordMain.stepFailed(WebUIKeywordMain.groovy:64)
	at com.kms.katalon.core.webui.keyword.internal.WebUIKeywordMain.runKeyword(WebUIKeywordMain.groovy:26)
	at com.kms.katalon.core.webui.keyword.builtin.SetTextKeyword.setText(SetTextKeyword.groovy:66)
	at com.kms.katalon.core.webui.keyword.builtin.SetTextKeyword.execute(SetTextKeyword.groovy:37)
	at com.kms.katalon.core.keyword.internal.KeywordExecutor.executeKeywordForPlatform(KeywordExecutor.groovy:74)
	at com.kms.katalon.core.webui.keyword.WebUiBuiltInKeywords.setText(WebUiBuiltInKeywords.groovy:980)
	at com.kms.katalon.core.webui.keyword.WebUiBuiltInKeywords$setText$2.call(Unknown Source)
	at Duplicate a essay question.run(Duplicate a essay question:46)
	at com.kms.katalon.core.main.ScriptEngine.run(ScriptEngine.java:194)
	at com.kms.katalon.core.main.ScriptEngine.runScriptAsRawText(ScriptEngine.java:119)
	at com.kms.katalon.core.main.TestCaseExecutor.runScript(TestCaseExecutor.java:442)
	at com.kms.katalon.core.main.TestCaseExecutor.doExecute(TestCaseExecutor.java:433)
	at com.kms.katalon.core.main.TestCaseExecutor.processExecutionPhase(TestCaseExecutor.java:412)
	at com.kms.katalon.core.main.TestCaseExecutor.accessMainPhase(TestCaseExecutor.java:404)
	at com.kms.katalon.core.main.TestCaseExecutor.execute(TestCaseExecutor.java:281)
	at com.kms.katalon.core.main.TestCaseExecutor.execute(TestCaseExecutor.java:363)
	at com.kms.katalon.core.main.TestCaseExecutor.execute(TestCaseExecutor.java:363)
	at com.kms.katalon.core.main.TestCaseExecutor.execute(TestCaseExecutor.java:363)
	at com.kms.katalon.core.main.TestSuiteExecutor.accessTestCaseMainPhase(TestSuiteExecutor.java:202)
	at com.kms.katalon.core.main.TestSuiteExecutor.accessTestSuiteMainPhase(TestSuiteExecutor.java:164)
	at com.kms.katalon.core.main.TestSuiteExecutor.execute(TestSuiteExecutor.java:105)
	at com.kms.katalon.core.main.TestCaseMain.startTestSuite(TestCaseMain.java:181)
	at com.kms.katalon.core.main.TestCaseMain$startTestSuite$0.call(Unknown Source)
	at TempTestSuite1642221613940.run(TempTestSuite1642221613940.groovy:36)
Caused by: org.openqa.selenium.ElementNotInteractableException: element not interactable
  (Session info: chrome=97.0.4692.71)
Build info: version: '3.141.59', revision: 'e82be7d358', time: '2018-11-14T08:25:53'
System info: host: 'DESKTOP-5O7CBM9', ip: '192.168.16.1', os.name: 'Windows 10', os.arch: 'amd64', os.version: '10.0', java.version: '1.8.0_282'
Driver info: com.kms.katalon.selenium.driver.CChromeDriver
Capabilities {acceptInsecureCerts: false, browserName: chrome, browserVersion: 97.0.4692.71, chrome: {chromedriverVersion: 97.0.4692.71 (adefa7837d02a..., userDataDir: C:\Users\antra\AppData\Loca...}, goog:chromeOptions: {debuggerAddress: localhost:49803}, javascriptEnabled: true, networkConnectionEnabled: false, pageLoadStrategy: normal, platform: WINDOWS, platformName: WINDOWS, proxy: Proxy(), setWindowRect: true, strictFileInteractability: false, timeouts: {implicit: 0, pageLoad: 300000, script: 30000}, unhandledPromptBehavior: dismiss and notify, webauthn:extension:credBlob: true, webauthn:extension:largeBlob: true, webauthn:virtualAuthenticators: true}
Session ID: 549289bacea9584bcff941b8bb211292
	at org.openqa.selenium.remote.http.W3CHttpResponseCodec.createException(W3CHttpResponseCodec.java:187)
	at org.openqa.selenium.remote.http.W3CHttpResponseCodec.decode(W3CHttpResponseCodec.java:122)
	at org.openqa.selenium.remote.http.W3CHttpResponseCodec.decode(W3CHttpResponseCodec.java:49)
	at org.openqa.selenium.remote.HttpCommandExecutor.execute(HttpCommandExecutor.java:158)
	at org.openqa.selenium.remote.service.DriverCommandExecutor.execute(DriverCommandExecutor.java:83)
	at org.openqa.selenium.remote.RemoteWebDriver.execute(RemoteWebDriver.java:552)
	at com.kms.katalon.selenium.driver.CChromeDriver.execute(CChromeDriver.java:19)
	at org.openqa.selenium.remote.RemoteWebElement.execute(RemoteWebElement.java:285)
	at org.openqa.selenium.remote.RemoteWebElement.sendKeys(RemoteWebElement.java:106)
	at org.openqa.selenium.support.events.EventFiringWebDriver$EventFiringWebElement.lambda$new$0(EventFiringWebDriver.java:404)
	at com.sun.proxy.$Proxy11.sendKeys(Unknown Source)
	at org.openqa.selenium.support.events.EventFiringWebDriver$EventFiringWebElement.sendKeys(EventFiringWebDriver.java:429)
	at com.kms.katalon.core.webui.keyword.builtin.SetTextKeyword$_setText_closure1.doCall(SetTextKeyword.groovy:59)
	at com.kms.katalon.core.webui.keyword.builtin.SetTextKeyword$_setText_closure1.call(SetTextKeyword.groovy)
	at com.kms.katalon.core.webui.keyword.internal.WebUIKeywordMain.runKeyword(WebUIKeywordMain.groovy:20)
	... 22 more
"/>
         <system-out><![CDATA[2022-01-15 12:41:18 - [TEST_CASE][FAILED] - Test Cases/Question bank/Duplicate a essay question: Test Cases/Question bank/Duplicate a essay question FAILED.
Reason:
com.kms.katalon.core.exception.StepFailedException: Unable to set text 'Quiz 5' of object 'Object Repository/Page_Editing an Essay question/input_Question name_name'
	at com.kms.katalon.core.webui.keyword.internal.WebUIKeywordMain.stepFailed(WebUIKeywordMain.groovy:64)
	at com.kms.katalon.core.webui.keyword.internal.WebUIKeywordMain.runKeyword(WebUIKeywordMain.groovy:26)
	at com.kms.katalon.core.webui.keyword.builtin.SetTextKeyword.setText(SetTextKeyword.groovy:66)
	at com.kms.katalon.core.webui.keyword.builtin.SetTextKeyword.execute(SetTextKeyword.groovy:37)
	at com.kms.katalon.core.keyword.internal.KeywordExecutor.executeKeywordForPlatform(KeywordExecutor.groovy:74)
	at com.kms.katalon.core.webui.keyword.WebUiBuiltInKeywords.setText(WebUiBuiltInKeywords.groovy:980)
	at com.kms.katalon.core.webui.keyword.WebUiBuiltInKeywords$setText$2.call(Unknown Source)
	at Duplicate a essay question.run(Duplicate a essay question:46)
	at com.kms.katalon.core.main.ScriptEngine.run(ScriptEngine.java:194)
	at com.kms.katalon.core.main.ScriptEngine.runScriptAsRawText(ScriptEngine.java:119)
	at com.kms.katalon.core.main.TestCaseExecutor.runScript(TestCaseExecutor.java:442)
	at com.kms.katalon.core.main.TestCaseExecutor.doExecute(TestCaseExecutor.java:433)
	at com.kms.katalon.core.main.TestCaseExecutor.processExecutionPhase(TestCaseExecutor.java:412)
	at com.kms.katalon.core.main.TestCaseExecutor.accessMainPhase(TestCaseExecutor.java:404)
	at com.kms.katalon.core.main.TestCaseExecutor.execute(TestCaseExecutor.java:281)
	at com.kms.katalon.core.main.TestCaseExecutor.execute(TestCaseExecutor.java:363)
	at com.kms.katalon.core.main.TestCaseExecutor.execute(TestCaseExecutor.java:363)
	at com.kms.katalon.core.main.TestCaseExecutor.execute(TestCaseExecutor.java:363)
	at com.kms.katalon.core.main.TestSuiteExecutor.accessTestCaseMainPhase(TestSuiteExecutor.java:202)
	at com.kms.katalon.core.main.TestSuiteExecutor.accessTestSuiteMainPhase(TestSuiteExecutor.java:164)
	at com.kms.katalon.core.main.TestSuiteExecutor.execute(TestSuiteExecutor.java:105)
	at com.kms.katalon.core.main.TestCaseMain.startTestSuite(TestCaseMain.java:181)
	at com.kms.katalon.core.main.TestCaseMain$startTestSuite$0.call(Unknown Source)
	at TempTestSuite1642221613940.run(TempTestSuite1642221613940.groovy:36)
Caused by: org.openqa.selenium.ElementNotInteractableException: element not interactable
  (Session info: chrome=97.0.4692.71)
Build info: version: '3.141.59', revision: 'e82be7d358', time: '2018-11-14T08:25:53'
System info: host: 'DESKTOP-5O7CBM9', ip: '192.168.16.1', os.name: 'Windows 10', os.arch: 'amd64', os.version: '10.0', java.version: '1.8.0_282'
Driver info: com.kms.katalon.selenium.driver.CChromeDriver
Capabilities {acceptInsecureCerts: false, browserName: chrome, browserVersion: 97.0.4692.71, chrome: {chromedriverVersion: 97.0.4692.71 (adefa7837d02a..., userDataDir: C:\Users\antra\AppData\Loca...}, goog:chromeOptions: {debuggerAddress: localhost:49803}, javascriptEnabled: true, networkConnectionEnabled: false, pageLoadStrategy: normal, platform: WINDOWS, platformName: WINDOWS, proxy: Proxy(), setWindowRect: true, strictFileInteractability: false, timeouts: {implicit: 0, pageLoad: 300000, script: 30000}, unhandledPromptBehavior: dismiss and notify, webauthn:extension:credBlob: true, webauthn:extension:largeBlob: true, webauthn:virtualAuthenticators: true}
Session ID: 549289bacea9584bcff941b8bb211292
	at org.openqa.selenium.remote.http.W3CHttpResponseCodec.createException(W3CHttpResponseCodec.java:187)
	at org.openqa.selenium.remote.http.W3CHttpResponseCodec.decode(W3CHttpResponseCodec.java:122)
	at org.openqa.selenium.remote.http.W3CHttpResponseCodec.decode(W3CHttpResponseCodec.java:49)
	at org.openqa.selenium.remote.HttpCommandExecutor.execute(HttpCommandExecutor.java:158)
	at org.openqa.selenium.remote.service.DriverCommandExecutor.execute(DriverCommandExecutor.java:83)
	at org.openqa.selenium.remote.RemoteWebDriver.execute(RemoteWebDriver.java:552)
	at com.kms.katalon.selenium.driver.CChromeDriver.execute(CChromeDriver.java:19)
	at org.openqa.selenium.remote.RemoteWebElement.execute(RemoteWebElement.java:285)
	at org.openqa.selenium.remote.RemoteWebElement.sendKeys(RemoteWebElement.java:106)
	at org.openqa.selenium.support.events.EventFiringWebDriver$EventFiringWebElement.lambda$new$0(EventFiringWebDriver.java:404)
	at com.sun.proxy.$Proxy11.sendKeys(Unknown Source)
	at org.openqa.selenium.support.events.EventFiringWebDriver$EventFiringWebElement.sendKeys(EventFiringWebDriver.java:429)
	at com.kms.katalon.core.webui.keyword.builtin.SetTextKeyword$_setText_closure1.doCall(SetTextKeyword.groovy:59)
	at com.kms.katalon.core.webui.keyword.builtin.SetTextKeyword$_setText_closure1.call(SetTextKeyword.groovy)
	at com.kms.katalon.core.webui.keyword.internal.WebUIKeywordMain.runKeyword(WebUIKeywordMain.groovy:20)
	... 22 more


2022-01-15 12:41:18 - [TEST_STEP][PASSED] - openBrowser(""): Browser is opened with url: ''

2022-01-15 12:41:18 - [MESSAGE][WARNING] - A browser is already opened. Closing browser and opening a new one

2022-01-15 12:41:19 - [MESSAGE][INFO] - Starting 'Chrome' driver

2022-01-15 12:41:19 - [MESSAGE][INFO] - Action delay is set to 0 milliseconds

2022-01-15 12:41:20 - [MESSAGE][PASSED] - Browser is opened with url: ''

2022-01-15 12:41:20 - [TEST_STEP][PASSED] - navigateToUrl("http://localhost/"): Navigate to 'http://localhost/' successfully

2022-01-15 12:41:21 - [MESSAGE][PASSED] - Navigate to 'http://localhost/' successfully

2022-01-15 12:41:21 - [TEST_STEP][PASSED] - click(findTestObject("Object Repository/Page_L Tm Anh/a_Log in")): Object: 'Object Repository/Page_L Tm Anh/a_Log in' is clicked on

2022-01-15 12:41:22 - [MESSAGE][PASSED] - Object: 'Object Repository/Page_L Tm Anh/a_Log in' is clicked on

2022-01-15 12:41:22 - [TEST_STEP][PASSED] - setText(findTestObject("Object Repository/Page_L Tm Anh Log in to the site/input_Username_username"), "beta"): Text 'beta' is set on object 'Object Repository/Page_L Tm Anh Log in to the site/input_Username_username'

2022-01-15 12:41:22 - [MESSAGE][PASSED] - Text 'beta' is set on object 'Object Repository/Page_L Tm Anh Log in to the site/input_Username_username'

2022-01-15 12:41:22 - [TEST_STEP][PASSED] - setEncryptedText(findTestObject("Object Repository/Page_L Tm Anh Log in to the site/input_Password_password"), "eGmz8XUbrLe3vUQiiiujBg=="): Text ****** has been set on object 'Object Repository/Page_L Tm Anh Log in to the site/input_Password_password'

2022-01-15 12:41:23 - [MESSAGE][PASSED] - Text ****** has been set on object 'Object Repository/Page_L Tm Anh Log in to the site/input_Password_password'

2022-01-15 12:41:23 - [TEST_STEP][PASSED] - click(findTestObject("Object Repository/Page_L Tm Anh Log in to the site/button_Log in")): Object: 'Object Repository/Page_L Tm Anh Log in to the site/button_Log in' is clicked on

2022-01-15 12:41:24 - [MESSAGE][PASSED] - Object: 'Object Repository/Page_L Tm Anh Log in to the site/button_Log in' is clicked on

2022-01-15 12:41:24 - [TEST_STEP][PASSED] - click(findTestObject("Object Repository/Page_Dashboard/a_My courses")): Object: 'Object Repository/Page_Dashboard/a_My courses' is clicked on

2022-01-15 12:41:55 - [MESSAGE][INFO] - Unable to find the element located by 'By.xpath: //ul[@id='moremenu-61e0e36aac914-navbar-nav']/li[3]/a'. Please recheck the objects properties to make sure the desired element is located. 

2022-01-15 12:41:55 - [MESSAGE][WARNING] - [SELF-HEALING] Failed to find element with id 'Object Repository/Page_Dashboard/a_My courses'. Try using Self-healing.

2022-01-15 12:41:55 - [MESSAGE][WARNING] - [SELF-HEALING] The current locator of test object 'Object Repository/Page_Dashboard/a_My courses' was broken. Propose an alternative one: '//a[contains(text(),'My courses')]'.

2022-01-15 12:41:56 - [MESSAGE][PASSED] - Object: 'Object Repository/Page_Dashboard/a_My courses' is clicked on

2022-01-15 12:41:56 - [TEST_STEP][PASSED] - click(findTestObject("Object Repository/Page_My courses/div_Course image")): Object: 'Object Repository/Page_My courses/div_Course image' is clicked on

2022-01-15 12:41:57 - [MESSAGE][PASSED] - Object: 'Object Repository/Page_My courses/div_Course image' is clicked on

2022-01-15 12:41:57 - [TEST_STEP][PASSED] - click(findTestObject("Object Repository/Page_Course 2/a_More")): Object: 'Object Repository/Page_Course 2/a_More' is clicked on

2022-01-15 12:42:29 - [MESSAGE][INFO] - Unable to find the element located by 'By.xpath: //a[@id='moremenu-dropdown-61dcbc055a0de']'. Please recheck the objects properties to make sure the desired element is located. 

2022-01-15 12:42:29 - [MESSAGE][WARNING] - [SELF-HEALING] Failed to find element with id 'Object Repository/Page_Course 2/a_More'. Try using Self-healing.

2022-01-15 12:42:29 - [MESSAGE][WARNING] - [SELF-HEALING] The current locator of test object 'Object Repository/Page_Course 2/a_More' was broken. Propose an alternative one: '(//a[contains(text(),'More')])[2]'.

2022-01-15 12:42:29 - [MESSAGE][PASSED] - Object: 'Object Repository/Page_Course 2/a_More' is clicked on

2022-01-15 12:42:29 - [TEST_STEP][PASSED] - click(findTestObject("Object Repository/Page_Course 2/a_Question bank")): Object: 'Object Repository/Page_Course 2/a_Question bank' is clicked on

2022-01-15 12:43:00 - [MESSAGE][INFO] - Unable to find the element located by 'By.xpath: //li[@id='yui_3_17_2_1_1641856005443_47']/ul/li/a'. Please recheck the objects properties to make sure the desired element is located. 

2022-01-15 12:43:00 - [MESSAGE][WARNING] - [SELF-HEALING] Failed to find element with id 'Object Repository/Page_Course 2/a_Question bank'. Try using Self-healing.

2022-01-15 12:43:01 - [MESSAGE][WARNING] - [SELF-HEALING] The current locator of test object 'Object Repository/Page_Course 2/a_Question bank' was broken. Propose an alternative one: '//a[contains(text(),'Question bank')]'.

2022-01-15 12:43:01 - [MESSAGE][PASSED] - Object: 'Object Repository/Page_Course 2/a_Question bank' is clicked on

2022-01-15 12:43:01 - [TEST_STEP][PASSED] - scrollToElement(findTestObject("Object Repository/Page_Edit questions/a_Edit"), 0): Scroll to object 'Object Repository/Page_Edit questions/a_Edit' successfully

2022-01-15 12:43:01 - [MESSAGE][WARNING] - Timeout '0' is invalid. Using default page load timeout: '30'

2022-01-15 12:43:02 - [MESSAGE][PASSED] - Scroll to object 'Object Repository/Page_Edit questions/a_Edit' successfully

2022-01-15 12:43:02 - [TEST_STEP][PASSED] - click(findTestObject("Object Repository/Page_Edit questions/a_Edit")): Object: 'Object Repository/Page_Edit questions/a_Edit' is clicked on

2022-01-15 12:43:02 - [MESSAGE][PASSED] - Object: 'Object Repository/Page_Edit questions/a_Edit' is clicked on

2022-01-15 12:43:02 - [TEST_STEP][PASSED] - click(findTestObject("Object Repository/Page_Edit questions/a_Duplicate")): Object: 'Object Repository/Page_Edit questions/a_Duplicate' is clicked on

2022-01-15 12:43:33 - [MESSAGE][INFO] - Unable to find the element located by 'By.xpath: //div[@id='action-menu-1-menu']/a[2]'. Please recheck the objects properties to make sure the desired element is located. 

2022-01-15 12:43:33 - [MESSAGE][WARNING] - [SELF-HEALING] Failed to find element with id 'Object Repository/Page_Edit questions/a_Duplicate'. Try using Self-healing.

2022-01-15 12:43:33 - [MESSAGE][WARNING] - [SELF-HEALING] The current locator of test object 'Object Repository/Page_Edit questions/a_Duplicate' was broken. Propose an alternative one: '(.//*[normalize-space(text()) and normalize-space(.)='Quiz 5'])[1]/following::a[3]'.

2022-01-15 12:43:33 - [MESSAGE][PASSED] - Object: 'Object Repository/Page_Edit questions/a_Duplicate' is clicked on

2022-01-15 12:43:33 - [TEST_STEP][FAILED] - setText(findTestObject("Object Repository/Page_Editing an Essay question/input_Question name_name"), "Quiz 5"): Unable to set text 'Quiz 5' of object 'Object Repository/Page_Editing an Essay question/input_Question name_name' (Root cause: com.kms.katalon.core.exception.StepFailedException: Unable to set text 'Quiz 5' of object 'Object Repository/Page_Editing an Essay question/input_Question name_name'
	at com.kms.katalon.core.webui.keyword.internal.WebUIKeywordMain.stepFailed(WebUIKeywordMain.groovy:64)
	at com.kms.katalon.core.webui.keyword.internal.WebUIKeywordMain.runKeyword(WebUIKeywordMain.groovy:26)
	at com.kms.katalon.core.webui.keyword.builtin.SetTextKeyword.setText(SetTextKeyword.groovy:66)
	at com.kms.katalon.core.webui.keyword.builtin.SetTextKeyword.execute(SetTextKeyword.groovy:37)
	at com.kms.katalon.core.keyword.internal.KeywordExecutor.executeKeywordForPlatform(KeywordExecutor.groovy:74)
	at com.kms.katalon.core.webui.keyword.WebUiBuiltInKeywords.setText(WebUiBuiltInKeywords.groovy:980)
	at com.kms.katalon.core.webui.keyword.WebUiBuiltInKeywords$setText$2.call(Unknown Source)
	at Duplicate a essay question.run(Duplicate a essay question:46)
	at com.kms.katalon.core.main.ScriptEngine.run(ScriptEngine.java:194)
	at com.kms.katalon.core.main.ScriptEngine.runScriptAsRawText(ScriptEngine.java:119)
	at com.kms.katalon.core.main.TestCaseExecutor.runScript(TestCaseExecutor.java:442)
	at com.kms.katalon.core.main.TestCaseExecutor.doExecute(TestCaseExecutor.java:433)
	at com.kms.katalon.core.main.TestCaseExecutor.processExecutionPhase(TestCaseExecutor.java:412)
	at com.kms.katalon.core.main.TestCaseExecutor.accessMainPhase(TestCaseExecutor.java:404)
	at com.kms.katalon.core.main.TestCaseExecutor.execute(TestCaseExecutor.java:281)
	at com.kms.katalon.core.main.TestCaseExecutor.execute(TestCaseExecutor.java:363)
	at com.kms.katalon.core.main.TestCaseExecutor.execute(TestCaseExecutor.java:363)
	at com.kms.katalon.core.main.TestCaseExecutor.execute(TestCaseExecutor.java:363)
	at com.kms.katalon.core.main.TestSuiteExecutor.accessTestCaseMainPhase(TestSuiteExecutor.java:202)
	at com.kms.katalon.core.main.TestSuiteExecutor.accessTestSuiteMainPhase(TestSuiteExecutor.java:164)
	at com.kms.katalon.core.main.TestSuiteExecutor.execute(TestSuiteExecutor.java:105)
	at com.kms.katalon.core.main.TestCaseMain.startTestSuite(TestCaseMain.java:181)
	at com.kms.katalon.core.main.TestCaseMain$startTestSuite$0.call(Unknown Source)
	at TempTestSuite1642221613940.run(TempTestSuite1642221613940.groovy:36)
Caused by: org.openqa.selenium.ElementNotInteractableException: element not interactable
  (Session info: chrome=97.0.4692.71)
Build info: version: '3.141.59', revision: 'e82be7d358', time: '2018-11-14T08:25:53'
System info: host: 'DESKTOP-5O7CBM9', ip: '192.168.16.1', os.name: 'Windows 10', os.arch: 'amd64', os.version: '10.0', java.version: '1.8.0_282'
Driver info: com.kms.katalon.selenium.driver.CChromeDriver
Capabilities {acceptInsecureCerts: false, browserName: chrome, browserVersion: 97.0.4692.71, chrome: {chromedriverVersion: 97.0.4692.71 (adefa7837d02a..., userDataDir: C:\Users\antra\AppData\Loca...}, goog:chromeOptions: {debuggerAddress: localhost:49803}, javascriptEnabled: true, networkConnectionEnabled: false, pageLoadStrategy: normal, platform: WINDOWS, platformName: WINDOWS, proxy: Proxy(), setWindowRect: true, strictFileInteractability: false, timeouts: {implicit: 0, pageLoad: 300000, script: 30000}, unhandledPromptBehavior: dismiss and notify, webauthn:extension:credBlob: true, webauthn:extension:largeBlob: true, webauthn:virtualAuthenticators: true}
Session ID: 549289bacea9584bcff941b8bb211292
	at org.openqa.selenium.remote.http.W3CHttpResponseCodec.createException(W3CHttpResponseCodec.java:187)
	at org.openqa.selenium.remote.http.W3CHttpResponseCodec.decode(W3CHttpResponseCodec.java:122)
	at org.openqa.selenium.remote.http.W3CHttpResponseCodec.decode(W3CHttpResponseCodec.java:49)
	at org.openqa.selenium.remote.HttpCommandExecutor.execute(HttpCommandExecutor.java:158)
	at org.openqa.selenium.remote.service.DriverCommandExecutor.execute(DriverCommandExecutor.java:83)
	at org.openqa.selenium.remote.RemoteWebDriver.execute(RemoteWebDriver.java:552)
	at com.kms.katalon.selenium.driver.CChromeDriver.execute(CChromeDriver.java:19)
	at org.openqa.selenium.remote.RemoteWebElement.execute(RemoteWebElement.java:285)
	at org.openqa.selenium.remote.RemoteWebElement.sendKeys(RemoteWebElement.java:106)
	at org.openqa.selenium.support.events.EventFiringWebDriver$EventFiringWebElement.lambda$new$0(EventFiringWebDriver.java:404)
	at com.sun.proxy.$Proxy11.sendKeys(Unknown Source)
	at org.openqa.selenium.support.events.EventFiringWebDriver$EventFiringWebElement.sendKeys(EventFiringWebDriver.java:429)
	at com.kms.katalon.core.webui.keyword.builtin.SetTextKeyword$_setText_closure1.doCall(SetTextKeyword.groovy:59)
	at com.kms.katalon.core.webui.keyword.builtin.SetTextKeyword$_setText_closure1.call(SetTextKeyword.groovy)
	at com.kms.katalon.core.webui.keyword.internal.WebUIKeywordMain.runKeyword(WebUIKeywordMain.groovy:20)
	at com.kms.katalon.core.webui.keyword.builtin.SetTextKeyword.setText(SetTextKeyword.groovy:66)
	at com.kms.katalon.core.webui.keyword.builtin.SetTextKeyword.execute(SetTextKeyword.groovy:37)
	at com.kms.katalon.core.keyword.internal.KeywordExecutor.executeKeywordForPlatform(KeywordExecutor.groovy:74)
	at com.kms.katalon.core.webui.keyword.WebUiBuiltInKeywords.setText(WebUiBuiltInKeywords.groovy:980)
	at com.kms.katalon.core.webui.keyword.WebUiBuiltInKeywords$setText$2.call(Unknown Source)
	at Script1641728649036.run(Script1641728649036.groovy:46)
	... 16 more
)

2022-01-15 12:44:05 - [MESSAGE][INFO] - Unable to find the element located by 'By.xpath: //input[@id='id_name']'. Please recheck the objects properties to make sure the desired element is located. 

2022-01-15 12:44:05 - [MESSAGE][WARNING] - [SELF-HEALING] Failed to find element with id 'Object Repository/Page_Editing an Essay question/input_Question name_name'. Try using Self-healing.

2022-01-15 12:44:05 - [MESSAGE][WARNING] - [SELF-HEALING] The current locator of test object 'Object Repository/Page_Editing an Essay question/input_Question name_name' was broken. Propose an alternative one: '//div[2]/input'.

2022-01-15 12:44:36 - [MESSAGE][INFO] - Unable to find the element located by 'By.xpath: //input[@id='id_name']'. Please recheck the objects properties to make sure the desired element is located. 

2022-01-15 12:44:36 - [MESSAGE][WARNING] - [SELF-HEALING] Failed to find element with id 'Object Repository/Page_Editing an Essay question/input_Question name_name'. Try using Self-healing.

2022-01-15 12:44:37 - [MESSAGE][WARNING] - [SELF-HEALING] The current locator of test object 'Object Repository/Page_Editing an Essay question/input_Question name_name' was broken. Propose an alternative one: '//div[2]/input'.

2022-01-15 12:44:37 - [MESSAGE][FAILED] - Unable to set text 'Quiz 5' of object 'Object Repository/Page_Editing an Essay question/input_Question name_name' (Root cause: com.kms.katalon.core.exception.StepFailedException: Unable to set text 'Quiz 5' of object 'Object Repository/Page_Editing an Essay question/input_Question name_name'
	at com.kms.katalon.core.webui.keyword.internal.WebUIKeywordMain.stepFailed(WebUIKeywordMain.groovy:64)
	at com.kms.katalon.core.webui.keyword.internal.WebUIKeywordMain.runKeyword(WebUIKeywordMain.groovy:26)
	at com.kms.katalon.core.webui.keyword.builtin.SetTextKeyword.setText(SetTextKeyword.groovy:66)
	at com.kms.katalon.core.webui.keyword.builtin.SetTextKeyword.execute(SetTextKeyword.groovy:37)
	at com.kms.katalon.core.keyword.internal.KeywordExecutor.executeKeywordForPlatform(KeywordExecutor.groovy:74)
	at com.kms.katalon.core.webui.keyword.WebUiBuiltInKeywords.setText(WebUiBuiltInKeywords.groovy:980)
	at com.kms.katalon.core.webui.keyword.WebUiBuiltInKeywords$setText$2.call(Unknown Source)
	at Duplicate a essay question.run(Duplicate a essay question:46)
	at com.kms.katalon.core.main.ScriptEngine.run(ScriptEngine.java:194)
	at com.kms.katalon.core.main.ScriptEngine.runScriptAsRawText(ScriptEngine.java:119)
	at com.kms.katalon.core.main.TestCaseExecutor.runScript(TestCaseExecutor.java:442)
	at com.kms.katalon.core.main.TestCaseExecutor.doExecute(TestCaseExecutor.java:433)
	at com.kms.katalon.core.main.TestCaseExecutor.processExecutionPhase(TestCaseExecutor.java:412)
	at com.kms.katalon.core.main.TestCaseExecutor.accessMainPhase(TestCaseExecutor.java:404)
	at com.kms.katalon.core.main.TestCaseExecutor.execute(TestCaseExecutor.java:281)
	at com.kms.katalon.core.main.TestCaseExecutor.execute(TestCaseExecutor.java:363)
	at com.kms.katalon.core.main.TestCaseExecutor.execute(TestCaseExecutor.java:363)
	at com.kms.katalon.core.main.TestCaseExecutor.execute(TestCaseExecutor.java:363)
	at com.kms.katalon.core.main.TestSuiteExecutor.accessTestCaseMainPhase(TestSuiteExecutor.java:202)
	at com.kms.katalon.core.main.TestSuiteExecutor.accessTestSuiteMainPhase(TestSuiteExecutor.java:164)
	at com.kms.katalon.core.main.TestSuiteExecutor.execute(TestSuiteExecutor.java:105)
	at com.kms.katalon.core.main.TestCaseMain.startTestSuite(TestCaseMain.java:181)
	at com.kms.katalon.core.main.TestCaseMain$startTestSuite$0.call(Unknown Source)
	at TempTestSuite1642221613940.run(TempTestSuite1642221613940.groovy:36)
Caused by: org.openqa.selenium.ElementNotInteractableException: element not interactable
  (Session info: chrome=97.0.4692.71)
Build info: version: '3.141.59', revision: 'e82be7d358', time: '2018-11-14T08:25:53'
System info: host: 'DESKTOP-5O7CBM9', ip: '192.168.16.1', os.name: 'Windows 10', os.arch: 'amd64', os.version: '10.0', java.version: '1.8.0_282'
Driver info: com.kms.katalon.selenium.driver.CChromeDriver
Capabilities {acceptInsecureCerts: false, browserName: chrome, browserVersion: 97.0.4692.71, chrome: {chromedriverVersion: 97.0.4692.71 (adefa7837d02a..., userDataDir: C:\Users\antra\AppData\Loca...}, goog:chromeOptions: {debuggerAddress: localhost:49803}, javascriptEnabled: true, networkConnectionEnabled: false, pageLoadStrategy: normal, platform: WINDOWS, platformName: WINDOWS, proxy: Proxy(), setWindowRect: true, strictFileInteractability: false, timeouts: {implicit: 0, pageLoad: 300000, script: 30000}, unhandledPromptBehavior: dismiss and notify, webauthn:extension:credBlob: true, webauthn:extension:largeBlob: true, webauthn:virtualAuthenticators: true}
Session ID: 549289bacea9584bcff941b8bb211292
	at org.openqa.selenium.remote.http.W3CHttpResponseCodec.createException(W3CHttpResponseCodec.java:187)
	at org.openqa.selenium.remote.http.W3CHttpResponseCodec.decode(W3CHttpResponseCodec.java:122)
	at org.openqa.selenium.remote.http.W3CHttpResponseCodec.decode(W3CHttpResponseCodec.java:49)
	at org.openqa.selenium.remote.HttpCommandExecutor.execute(HttpCommandExecutor.java:158)
	at org.openqa.selenium.remote.service.DriverCommandExecutor.execute(DriverCommandExecutor.java:83)
	at org.openqa.selenium.remote.RemoteWebDriver.execute(RemoteWebDriver.java:552)
	at com.kms.katalon.selenium.driver.CChromeDriver.execute(CChromeDriver.java:19)
	at org.openqa.selenium.remote.RemoteWebElement.execute(RemoteWebElement.java:285)
	at org.openqa.selenium.remote.RemoteWebElement.sendKeys(RemoteWebElement.java:106)
	at org.openqa.selenium.support.events.EventFiringWebDriver$EventFiringWebElement.lambda$new$0(EventFiringWebDriver.java:404)
	at com.sun.proxy.$Proxy11.sendKeys(Unknown Source)
	at org.openqa.selenium.support.events.EventFiringWebDriver$EventFiringWebElement.sendKeys(EventFiringWebDriver.java:429)
	at com.kms.katalon.core.webui.keyword.builtin.SetTextKeyword$_setText_closure1.doCall(SetTextKeyword.groovy:59)
	at com.kms.katalon.core.webui.keyword.builtin.SetTextKeyword$_setText_closure1.call(SetTextKeyword.groovy)
	at com.kms.katalon.core.webui.keyword.internal.WebUIKeywordMain.runKeyword(WebUIKeywordMain.groovy:20)
	at com.kms.katalon.core.webui.keyword.builtin.SetTextKeyword.setText(SetTextKeyword.groovy:66)
	at com.kms.katalon.core.webui.keyword.builtin.SetTextKeyword.execute(SetTextKeyword.groovy:37)
	at com.kms.katalon.core.keyword.internal.KeywordExecutor.executeKeywordForPlatform(KeywordExecutor.groovy:74)
	at com.kms.katalon.core.webui.keyword.WebUiBuiltInKeywords.setText(WebUiBuiltInKeywords.groovy:980)
	at com.kms.katalon.core.webui.keyword.WebUiBuiltInKeywords$setText$2.call(Unknown Source)
	at Script1641728649036.run(Script1641728649036.groovy:46)
	... 16 more
)
[[ATTACHMENT|C:\\Users\\antra\\git\\SE-Bonus-Assginment-Group1\\Reports\\20220115_114013\\Run all test cases\\20220115_114013\\1642225477099.png]]]]></system-out>
         <system-err><![CDATA[2022-01-15 12:41:18 - [TEST_CASE][FAILED] - Test Cases/Question bank/Duplicate a essay question: Test Cases/Question bank/Duplicate a essay question FAILED.
Reason:
com.kms.katalon.core.exception.StepFailedException: Unable to set text 'Quiz 5' of object 'Object Repository/Page_Editing an Essay question/input_Question name_name'
	at com.kms.katalon.core.webui.keyword.internal.WebUIKeywordMain.stepFailed(WebUIKeywordMain.groovy:64)
	at com.kms.katalon.core.webui.keyword.internal.WebUIKeywordMain.runKeyword(WebUIKeywordMain.groovy:26)
	at com.kms.katalon.core.webui.keyword.builtin.SetTextKeyword.setText(SetTextKeyword.groovy:66)
	at com.kms.katalon.core.webui.keyword.builtin.SetTextKeyword.execute(SetTextKeyword.groovy:37)
	at com.kms.katalon.core.keyword.internal.KeywordExecutor.executeKeywordForPlatform(KeywordExecutor.groovy:74)
	at com.kms.katalon.core.webui.keyword.WebUiBuiltInKeywords.setText(WebUiBuiltInKeywords.groovy:980)
	at com.kms.katalon.core.webui.keyword.WebUiBuiltInKeywords$setText$2.call(Unknown Source)
	at Duplicate a essay question.run(Duplicate a essay question:46)
	at com.kms.katalon.core.main.ScriptEngine.run(ScriptEngine.java:194)
	at com.kms.katalon.core.main.ScriptEngine.runScriptAsRawText(ScriptEngine.java:119)
	at com.kms.katalon.core.main.TestCaseExecutor.runScript(TestCaseExecutor.java:442)
	at com.kms.katalon.core.main.TestCaseExecutor.doExecute(TestCaseExecutor.java:433)
	at com.kms.katalon.core.main.TestCaseExecutor.processExecutionPhase(TestCaseExecutor.java:412)
	at com.kms.katalon.core.main.TestCaseExecutor.accessMainPhase(TestCaseExecutor.java:404)
	at com.kms.katalon.core.main.TestCaseExecutor.execute(TestCaseExecutor.java:281)
	at com.kms.katalon.core.main.TestCaseExecutor.execute(TestCaseExecutor.java:363)
	at com.kms.katalon.core.main.TestCaseExecutor.execute(TestCaseExecutor.java:363)
	at com.kms.katalon.core.main.TestCaseExecutor.execute(TestCaseExecutor.java:363)
	at com.kms.katalon.core.main.TestSuiteExecutor.accessTestCaseMainPhase(TestSuiteExecutor.java:202)
	at com.kms.katalon.core.main.TestSuiteExecutor.accessTestSuiteMainPhase(TestSuiteExecutor.java:164)
	at com.kms.katalon.core.main.TestSuiteExecutor.execute(TestSuiteExecutor.java:105)
	at com.kms.katalon.core.main.TestCaseMain.startTestSuite(TestCaseMain.java:181)
	at com.kms.katalon.core.main.TestCaseMain$startTestSuite$0.call(Unknown Source)
	at TempTestSuite1642221613940.run(TempTestSuite1642221613940.groovy:36)
Caused by: org.openqa.selenium.ElementNotInteractableException: element not interactable
  (Session info: chrome=97.0.4692.71)
Build info: version: '3.141.59', revision: 'e82be7d358', time: '2018-11-14T08:25:53'
System info: host: 'DESKTOP-5O7CBM9', ip: '192.168.16.1', os.name: 'Windows 10', os.arch: 'amd64', os.version: '10.0', java.version: '1.8.0_282'
Driver info: com.kms.katalon.selenium.driver.CChromeDriver
Capabilities {acceptInsecureCerts: false, browserName: chrome, browserVersion: 97.0.4692.71, chrome: {chromedriverVersion: 97.0.4692.71 (adefa7837d02a..., userDataDir: C:\Users\antra\AppData\Loca...}, goog:chromeOptions: {debuggerAddress: localhost:49803}, javascriptEnabled: true, networkConnectionEnabled: false, pageLoadStrategy: normal, platform: WINDOWS, platformName: WINDOWS, proxy: Proxy(), setWindowRect: true, strictFileInteractability: false, timeouts: {implicit: 0, pageLoad: 300000, script: 30000}, unhandledPromptBehavior: dismiss and notify, webauthn:extension:credBlob: true, webauthn:extension:largeBlob: true, webauthn:virtualAuthenticators: true}
Session ID: 549289bacea9584bcff941b8bb211292
	at org.openqa.selenium.remote.http.W3CHttpResponseCodec.createException(W3CHttpResponseCodec.java:187)
	at org.openqa.selenium.remote.http.W3CHttpResponseCodec.decode(W3CHttpResponseCodec.java:122)
	at org.openqa.selenium.remote.http.W3CHttpResponseCodec.decode(W3CHttpResponseCodec.java:49)
	at org.openqa.selenium.remote.HttpCommandExecutor.execute(HttpCommandExecutor.java:158)
	at org.openqa.selenium.remote.service.DriverCommandExecutor.execute(DriverCommandExecutor.java:83)
	at org.openqa.selenium.remote.RemoteWebDriver.execute(RemoteWebDriver.java:552)
	at com.kms.katalon.selenium.driver.CChromeDriver.execute(CChromeDriver.java:19)
	at org.openqa.selenium.remote.RemoteWebElement.execute(RemoteWebElement.java:285)
	at org.openqa.selenium.remote.RemoteWebElement.sendKeys(RemoteWebElement.java:106)
	at org.openqa.selenium.support.events.EventFiringWebDriver$EventFiringWebElement.lambda$new$0(EventFiringWebDriver.java:404)
	at com.sun.proxy.$Proxy11.sendKeys(Unknown Source)
	at org.openqa.selenium.support.events.EventFiringWebDriver$EventFiringWebElement.sendKeys(EventFiringWebDriver.java:429)
	at com.kms.katalon.core.webui.keyword.builtin.SetTextKeyword$_setText_closure1.doCall(SetTextKeyword.groovy:59)
	at com.kms.katalon.core.webui.keyword.builtin.SetTextKeyword$_setText_closure1.call(SetTextKeyword.groovy)
	at com.kms.katalon.core.webui.keyword.internal.WebUIKeywordMain.runKeyword(WebUIKeywordMain.groovy:20)
	... 22 more]]></system-err>
      </testcase>
      <testcase name="Test Cases/Question bank/Edit a essay question" time="170.157" classname="Test Cases/Question bank/Edit a essay question" status="FAILED">
         <failure type="FAILED" message="Test Cases/Question bank/Edit a essay question FAILED.
Reason:
com.kms.katalon.core.exception.StepFailedException: Unable to click on object 'Object Repository/Page_Editing an Essay question/div_Question name'
	at com.kms.katalon.core.webui.keyword.internal.WebUIKeywordMain.stepFailed(WebUIKeywordMain.groovy:64)
	at com.kms.katalon.core.webui.keyword.internal.WebUIKeywordMain.runKeyword(WebUIKeywordMain.groovy:26)
	at com.kms.katalon.core.webui.keyword.builtin.ClickKeyword.click(ClickKeyword.groovy:74)
	at com.kms.katalon.core.webui.keyword.builtin.ClickKeyword.execute(ClickKeyword.groovy:40)
	at com.kms.katalon.core.keyword.internal.KeywordExecutor.executeKeywordForPlatform(KeywordExecutor.groovy:74)
	at com.kms.katalon.core.webui.keyword.WebUiBuiltInKeywords.click(WebUiBuiltInKeywords.groovy:620)
	at com.kms.katalon.core.webui.keyword.WebUiBuiltInKeywords$click$1.call(Unknown Source)
	at Edit a essay question.run(Edit a essay question:46)
	at com.kms.katalon.core.main.ScriptEngine.run(ScriptEngine.java:194)
	at com.kms.katalon.core.main.ScriptEngine.runScriptAsRawText(ScriptEngine.java:119)
	at com.kms.katalon.core.main.TestCaseExecutor.runScript(TestCaseExecutor.java:442)
	at com.kms.katalon.core.main.TestCaseExecutor.doExecute(TestCaseExecutor.java:433)
	at com.kms.katalon.core.main.TestCaseExecutor.processExecutionPhase(TestCaseExecutor.java:412)
	at com.kms.katalon.core.main.TestCaseExecutor.accessMainPhase(TestCaseExecutor.java:404)
	at com.kms.katalon.core.main.TestCaseExecutor.execute(TestCaseExecutor.java:281)
	at com.kms.katalon.core.main.TestCaseExecutor.execute(TestCaseExecutor.java:363)
	at com.kms.katalon.core.main.TestCaseExecutor.execute(TestCaseExecutor.java:363)
	at com.kms.katalon.core.main.TestCaseExecutor.execute(TestCaseExecutor.java:363)
	at com.kms.katalon.core.main.TestSuiteExecutor.accessTestCaseMainPhase(TestSuiteExecutor.java:202)
	at com.kms.katalon.core.main.TestSuiteExecutor.accessTestSuiteMainPhase(TestSuiteExecutor.java:164)
	at com.kms.katalon.core.main.TestSuiteExecutor.execute(TestSuiteExecutor.java:105)
	at com.kms.katalon.core.main.TestCaseMain.startTestSuite(TestCaseMain.java:181)
	at com.kms.katalon.core.main.TestCaseMain$startTestSuite$0.call(Unknown Source)
	at TempTestSuite1642221613940.run(TempTestSuite1642221613940.groovy:36)
Caused by: com.kms.katalon.core.webui.exception.WebElementNotFoundException: Web element with id: 'Object Repository/Page_Editing an Essay question/div_Question name' located by '//div[@id='fitem_id_name']' not found
	at com.kms.katalon.core.webui.common.WebUiCommonHelper.findWebElement(WebUiCommonHelper.java:1368)
	at com.kms.katalon.core.webui.keyword.internal.WebUIAbstractKeyword.findWebElement(WebUIAbstractKeyword.groovy:27)
	at com.kms.katalon.core.webui.keyword.builtin.ClickKeyword$_click_closure1.doCall(ClickKeyword.groovy:65)
	at com.kms.katalon.core.webui.keyword.builtin.ClickKeyword$_click_closure1.call(ClickKeyword.groovy)
	at com.kms.katalon.core.webui.keyword.internal.WebUIKeywordMain.runKeyword(WebUIKeywordMain.groovy:20)
	... 22 more
"/>
         <system-out><![CDATA[2022-01-15 12:53:07 - [TEST_CASE][FAILED] - Test Cases/Question bank/Edit a essay question: Test Cases/Question bank/Edit a essay question FAILED.
Reason:
com.kms.katalon.core.exception.StepFailedException: Unable to click on object 'Object Repository/Page_Editing an Essay question/div_Question name'
	at com.kms.katalon.core.webui.keyword.internal.WebUIKeywordMain.stepFailed(WebUIKeywordMain.groovy:64)
	at com.kms.katalon.core.webui.keyword.internal.WebUIKeywordMain.runKeyword(WebUIKeywordMain.groovy:26)
	at com.kms.katalon.core.webui.keyword.builtin.ClickKeyword.click(ClickKeyword.groovy:74)
	at com.kms.katalon.core.webui.keyword.builtin.ClickKeyword.execute(ClickKeyword.groovy:40)
	at com.kms.katalon.core.keyword.internal.KeywordExecutor.executeKeywordForPlatform(KeywordExecutor.groovy:74)
	at com.kms.katalon.core.webui.keyword.WebUiBuiltInKeywords.click(WebUiBuiltInKeywords.groovy:620)
	at com.kms.katalon.core.webui.keyword.WebUiBuiltInKeywords$click$1.call(Unknown Source)
	at Edit a essay question.run(Edit a essay question:46)
	at com.kms.katalon.core.main.ScriptEngine.run(ScriptEngine.java:194)
	at com.kms.katalon.core.main.ScriptEngine.runScriptAsRawText(ScriptEngine.java:119)
	at com.kms.katalon.core.main.TestCaseExecutor.runScript(TestCaseExecutor.java:442)
	at com.kms.katalon.core.main.TestCaseExecutor.doExecute(TestCaseExecutor.java:433)
	at com.kms.katalon.core.main.TestCaseExecutor.processExecutionPhase(TestCaseExecutor.java:412)
	at com.kms.katalon.core.main.TestCaseExecutor.accessMainPhase(TestCaseExecutor.java:404)
	at com.kms.katalon.core.main.TestCaseExecutor.execute(TestCaseExecutor.java:281)
	at com.kms.katalon.core.main.TestCaseExecutor.execute(TestCaseExecutor.java:363)
	at com.kms.katalon.core.main.TestCaseExecutor.execute(TestCaseExecutor.java:363)
	at com.kms.katalon.core.main.TestCaseExecutor.execute(TestCaseExecutor.java:363)
	at com.kms.katalon.core.main.TestSuiteExecutor.accessTestCaseMainPhase(TestSuiteExecutor.java:202)
	at com.kms.katalon.core.main.TestSuiteExecutor.accessTestSuiteMainPhase(TestSuiteExecutor.java:164)
	at com.kms.katalon.core.main.TestSuiteExecutor.execute(TestSuiteExecutor.java:105)
	at com.kms.katalon.core.main.TestCaseMain.startTestSuite(TestCaseMain.java:181)
	at com.kms.katalon.core.main.TestCaseMain$startTestSuite$0.call(Unknown Source)
	at TempTestSuite1642221613940.run(TempTestSuite1642221613940.groovy:36)
Caused by: com.kms.katalon.core.webui.exception.WebElementNotFoundException: Web element with id: 'Object Repository/Page_Editing an Essay question/div_Question name' located by '//div[@id='fitem_id_name']' not found
	at com.kms.katalon.core.webui.common.WebUiCommonHelper.findWebElement(WebUiCommonHelper.java:1368)
	at com.kms.katalon.core.webui.keyword.internal.WebUIAbstractKeyword.findWebElement(WebUIAbstractKeyword.groovy:27)
	at com.kms.katalon.core.webui.keyword.builtin.ClickKeyword$_click_closure1.doCall(ClickKeyword.groovy:65)
	at com.kms.katalon.core.webui.keyword.builtin.ClickKeyword$_click_closure1.call(ClickKeyword.groovy)
	at com.kms.katalon.core.webui.keyword.internal.WebUIKeywordMain.runKeyword(WebUIKeywordMain.groovy:20)
	... 22 more


2022-01-15 12:53:07 - [TEST_STEP][PASSED] - openBrowser(""): Browser is opened with url: ''

2022-01-15 12:53:07 - [MESSAGE][WARNING] - A browser is already opened. Closing browser and opening a new one

2022-01-15 12:53:07 - [MESSAGE][INFO] - Starting 'Chrome' driver

2022-01-15 12:53:08 - [MESSAGE][INFO] - Action delay is set to 0 milliseconds

2022-01-15 12:53:09 - [MESSAGE][PASSED] - Browser is opened with url: ''

2022-01-15 12:53:09 - [TEST_STEP][PASSED] - navigateToUrl("http://localhost/"): Navigate to 'http://localhost/' successfully

2022-01-15 12:53:09 - [MESSAGE][PASSED] - Navigate to 'http://localhost/' successfully

2022-01-15 12:53:09 - [TEST_STEP][PASSED] - click(findTestObject("Object Repository/Page_L Tm Anh/a_Log in")): Object: 'Object Repository/Page_L Tm Anh/a_Log in' is clicked on

2022-01-15 12:53:10 - [MESSAGE][PASSED] - Object: 'Object Repository/Page_L Tm Anh/a_Log in' is clicked on

2022-01-15 12:53:10 - [TEST_STEP][PASSED] - setText(findTestObject("Object Repository/Page_L Tm Anh Log in to the site/input_Username_username"), "beta"): Text 'beta' is set on object 'Object Repository/Page_L Tm Anh Log in to the site/input_Username_username'

2022-01-15 12:53:11 - [MESSAGE][PASSED] - Text 'beta' is set on object 'Object Repository/Page_L Tm Anh Log in to the site/input_Username_username'

2022-01-15 12:53:11 - [TEST_STEP][PASSED] - setEncryptedText(findTestObject("Object Repository/Page_L Tm Anh Log in to the site/input_Password_password"), "eGmz8XUbrLe3vUQiiiujBg=="): Text ****** has been set on object 'Object Repository/Page_L Tm Anh Log in to the site/input_Password_password'

2022-01-15 12:53:11 - [MESSAGE][PASSED] - Text ****** has been set on object 'Object Repository/Page_L Tm Anh Log in to the site/input_Password_password'

2022-01-15 12:53:11 - [TEST_STEP][PASSED] - click(findTestObject("Object Repository/Page_L Tm Anh Log in to the site/button_Log in")): Object: 'Object Repository/Page_L Tm Anh Log in to the site/button_Log in' is clicked on

2022-01-15 12:53:12 - [MESSAGE][PASSED] - Object: 'Object Repository/Page_L Tm Anh Log in to the site/button_Log in' is clicked on

2022-01-15 12:53:12 - [TEST_STEP][PASSED] - click(findTestObject("Object Repository/Page_Dashboard/a_My courses")): Object: 'Object Repository/Page_Dashboard/a_My courses' is clicked on

2022-01-15 12:53:44 - [MESSAGE][INFO] - Unable to find the element located by 'By.xpath: //ul[@id='moremenu-61e0e36aac914-navbar-nav']/li[3]/a'. Please recheck the objects properties to make sure the desired element is located. 

2022-01-15 12:53:44 - [MESSAGE][WARNING] - [SELF-HEALING] Failed to find element with id 'Object Repository/Page_Dashboard/a_My courses'. Try using Self-healing.

2022-01-15 12:53:44 - [MESSAGE][WARNING] - [SELF-HEALING] The current locator of test object 'Object Repository/Page_Dashboard/a_My courses' was broken. Propose an alternative one: '//a[contains(text(),'My courses')]'.

2022-01-15 12:53:44 - [MESSAGE][PASSED] - Object: 'Object Repository/Page_Dashboard/a_My courses' is clicked on

2022-01-15 12:53:44 - [TEST_STEP][PASSED] - click(findTestObject("Object Repository/Page_My courses/div_Course image")): Object: 'Object Repository/Page_My courses/div_Course image' is clicked on

2022-01-15 12:53:46 - [MESSAGE][PASSED] - Object: 'Object Repository/Page_My courses/div_Course image' is clicked on

2022-01-15 12:53:46 - [TEST_STEP][PASSED] - click(findTestObject("Object Repository/Page_Course 2/a_More")): Object: 'Object Repository/Page_Course 2/a_More' is clicked on

2022-01-15 12:54:17 - [MESSAGE][INFO] - Unable to find the element located by 'By.xpath: //a[@id='moremenu-dropdown-61dcbc055a0de']'. Please recheck the objects properties to make sure the desired element is located. 

2022-01-15 12:54:17 - [MESSAGE][WARNING] - [SELF-HEALING] Failed to find element with id 'Object Repository/Page_Course 2/a_More'. Try using Self-healing.

2022-01-15 12:54:17 - [MESSAGE][WARNING] - [SELF-HEALING] The current locator of test object 'Object Repository/Page_Course 2/a_More' was broken. Propose an alternative one: '(//a[contains(text(),'More')])[2]'.

2022-01-15 12:54:17 - [MESSAGE][PASSED] - Object: 'Object Repository/Page_Course 2/a_More' is clicked on

2022-01-15 12:54:17 - [TEST_STEP][PASSED] - click(findTestObject("Object Repository/Page_Course 2/a_Question bank")): Object: 'Object Repository/Page_Course 2/a_Question bank' is clicked on

2022-01-15 12:54:48 - [MESSAGE][INFO] - Unable to find the element located by 'By.xpath: //li[@id='yui_3_17_2_1_1641856005443_47']/ul/li/a'. Please recheck the objects properties to make sure the desired element is located. 

2022-01-15 12:54:48 - [MESSAGE][WARNING] - [SELF-HEALING] Failed to find element with id 'Object Repository/Page_Course 2/a_Question bank'. Try using Self-healing.

2022-01-15 12:54:49 - [MESSAGE][WARNING] - [SELF-HEALING] The current locator of test object 'Object Repository/Page_Course 2/a_Question bank' was broken. Propose an alternative one: '//a[contains(text(),'Question bank')]'.

2022-01-15 12:54:50 - [MESSAGE][PASSED] - Object: 'Object Repository/Page_Course 2/a_Question bank' is clicked on

2022-01-15 12:54:50 - [TEST_STEP][PASSED] - scrollToElement(findTestObject("Object Repository/Page_Edit questions/a_Edit"), 0): Scroll to object 'Object Repository/Page_Edit questions/a_Edit' successfully

2022-01-15 12:54:50 - [MESSAGE][WARNING] - Timeout '0' is invalid. Using default page load timeout: '30'

2022-01-15 12:54:50 - [MESSAGE][PASSED] - Scroll to object 'Object Repository/Page_Edit questions/a_Edit' successfully

2022-01-15 12:54:50 - [TEST_STEP][PASSED] - click(findTestObject("Object Repository/Page_Edit questions/a_Edit")): Object: 'Object Repository/Page_Edit questions/a_Edit' is clicked on

2022-01-15 12:54:51 - [MESSAGE][PASSED] - Object: 'Object Repository/Page_Edit questions/a_Edit' is clicked on

2022-01-15 12:54:51 - [TEST_STEP][PASSED] - click(findTestObject("Object Repository/Page_Edit questions/a_Edit question")): Object: 'Object Repository/Page_Edit questions/a_Edit question' is clicked on

2022-01-15 12:55:22 - [MESSAGE][INFO] - Unable to find the element located by 'By.xpath: //div[@id='action-menu-1-menu']/a'. Please recheck the objects properties to make sure the desired element is located. 

2022-01-15 12:55:22 - [MESSAGE][WARNING] - [SELF-HEALING] Failed to find element with id 'Object Repository/Page_Edit questions/a_Edit question'. Try using Self-healing.

2022-01-15 12:55:22 - [MESSAGE][WARNING] - [SELF-HEALING] The current locator of test object 'Object Repository/Page_Edit questions/a_Edit question' was broken. Propose an alternative one: '(.//*[normalize-space(text()) and normalize-space(.)='Quiz 5'])[1]/following::a[2]'.

2022-01-15 12:55:22 - [MESSAGE][PASSED] - Object: 'Object Repository/Page_Edit questions/a_Edit question' is clicked on

2022-01-15 12:55:22 - [TEST_STEP][FAILED] - click(findTestObject("Object Repository/Page_Editing an Essay question/div_Question name")): Unable to click on object 'Object Repository/Page_Editing an Essay question/div_Question name' (Root cause: com.kms.katalon.core.exception.StepFailedException: Unable to click on object 'Object Repository/Page_Editing an Essay question/div_Question name'
	at com.kms.katalon.core.webui.keyword.internal.WebUIKeywordMain.stepFailed(WebUIKeywordMain.groovy:64)
	at com.kms.katalon.core.webui.keyword.internal.WebUIKeywordMain.runKeyword(WebUIKeywordMain.groovy:26)
	at com.kms.katalon.core.webui.keyword.builtin.ClickKeyword.click(ClickKeyword.groovy:74)
	at com.kms.katalon.core.webui.keyword.builtin.ClickKeyword.execute(ClickKeyword.groovy:40)
	at com.kms.katalon.core.keyword.internal.KeywordExecutor.executeKeywordForPlatform(KeywordExecutor.groovy:74)
	at com.kms.katalon.core.webui.keyword.WebUiBuiltInKeywords.click(WebUiBuiltInKeywords.groovy:620)
	at com.kms.katalon.core.webui.keyword.WebUiBuiltInKeywords$click$1.call(Unknown Source)
	at Edit a essay question.run(Edit a essay question:46)
	at com.kms.katalon.core.main.ScriptEngine.run(ScriptEngine.java:194)
	at com.kms.katalon.core.main.ScriptEngine.runScriptAsRawText(ScriptEngine.java:119)
	at com.kms.katalon.core.main.TestCaseExecutor.runScript(TestCaseExecutor.java:442)
	at com.kms.katalon.core.main.TestCaseExecutor.doExecute(TestCaseExecutor.java:433)
	at com.kms.katalon.core.main.TestCaseExecutor.processExecutionPhase(TestCaseExecutor.java:412)
	at com.kms.katalon.core.main.TestCaseExecutor.accessMainPhase(TestCaseExecutor.java:404)
	at com.kms.katalon.core.main.TestCaseExecutor.execute(TestCaseExecutor.java:281)
	at com.kms.katalon.core.main.TestCaseExecutor.execute(TestCaseExecutor.java:363)
	at com.kms.katalon.core.main.TestCaseExecutor.execute(TestCaseExecutor.java:363)
	at com.kms.katalon.core.main.TestCaseExecutor.execute(TestCaseExecutor.java:363)
	at com.kms.katalon.core.main.TestSuiteExecutor.accessTestCaseMainPhase(TestSuiteExecutor.java:202)
	at com.kms.katalon.core.main.TestSuiteExecutor.accessTestSuiteMainPhase(TestSuiteExecutor.java:164)
	at com.kms.katalon.core.main.TestSuiteExecutor.execute(TestSuiteExecutor.java:105)
	at com.kms.katalon.core.main.TestCaseMain.startTestSuite(TestCaseMain.java:181)
	at com.kms.katalon.core.main.TestCaseMain$startTestSuite$0.call(Unknown Source)
	at TempTestSuite1642221613940.run(TempTestSuite1642221613940.groovy:36)
Caused by: com.kms.katalon.core.webui.exception.WebElementNotFoundException: Web element with id: 'Object Repository/Page_Editing an Essay question/div_Question name' located by '//div[@id='fitem_id_name']' not found
	at com.kms.katalon.core.webui.common.WebUiCommonHelper.findWebElement(WebUiCommonHelper.java:1368)
	at com.kms.katalon.core.webui.keyword.internal.WebUIAbstractKeyword.findWebElement(WebUIAbstractKeyword.groovy:27)
	at com.kms.katalon.core.webui.keyword.builtin.ClickKeyword$_click_closure1.doCall(ClickKeyword.groovy:65)
	at com.kms.katalon.core.webui.keyword.builtin.ClickKeyword$_click_closure1.call(ClickKeyword.groovy)
	at com.kms.katalon.core.webui.keyword.internal.WebUIKeywordMain.runKeyword(WebUIKeywordMain.groovy:20)
	at com.kms.katalon.core.webui.keyword.builtin.ClickKeyword.click(ClickKeyword.groovy:74)
	at com.kms.katalon.core.webui.keyword.builtin.ClickKeyword.execute(ClickKeyword.groovy:40)
	at com.kms.katalon.core.keyword.internal.KeywordExecutor.executeKeywordForPlatform(KeywordExecutor.groovy:74)
	at com.kms.katalon.core.webui.keyword.WebUiBuiltInKeywords.click(WebUiBuiltInKeywords.groovy:620)
	at com.kms.katalon.core.webui.keyword.WebUiBuiltInKeywords$click$1.call(Unknown Source)
	at Script1641728464598.run(Script1641728464598.groovy:46)
	... 16 more
)

2022-01-15 12:55:54 - [MESSAGE][INFO] - Unable to find the element located by 'By.xpath: //div[@id='fitem_id_name']'. Please recheck the objects properties to make sure the desired element is located. 

2022-01-15 12:55:54 - [MESSAGE][WARNING] - [SELF-HEALING] Failed to find element with id 'Object Repository/Page_Editing an Essay question/div_Question name'. Try using Self-healing.

2022-01-15 12:55:54 - [MESSAGE][INFO] - [SELF-HEALING] Failed Locator: '//div[@id='fitem_id_name']'.

2022-01-15 12:55:54 - [MESSAGE][INFO] - [SELF-HEALING] Failed Locator: '//div[@id='yui_3_17_2_1_1641855771959_507']/div[3]'.

2022-01-15 12:55:54 - [MESSAGE][INFO] - [SELF-HEALING] Failed Locator: '(.//*[normalize-space(text()) and normalize-space(.)='Save in category'])[1]/following::div[4]'.

2022-01-15 12:55:55 - [MESSAGE][INFO] - [SELF-HEALING] Working Locator: '(.//*[normalize-space(text()) and normalize-space(.)='Question text'])[1]/preceding::div[6]'.

2022-01-15 12:55:55 - [MESSAGE][ERROR] - [SELF-HEALING] Cannot save screenshot to: C:\Users\antra\git\SE-Bonus-Assginment-Group1\Reports\Self-healing, reason: unknown error: unhandled inspector error: {"code":-32000,"message":"Cannot take screenshot with 0 height."}
  (Session info: chrome=97.0.4692.71)
Build info: version: '3.141.59', revision: 'e82be7d358', time: '2018-11-14T08:25:53'
System info: host: 'DESKTOP-5O7CBM9', ip: '192.168.16.1', os.name: 'Windows 10', os.arch: 'amd64', os.version: '10.0', java.version: '1.8.0_282'
Driver info: com.kms.katalon.selenium.driver.CChromeDriver
Capabilities {acceptInsecureCerts: false, browserName: chrome, browserVersion: 97.0.4692.71, chrome: {chromedriverVersion: 97.0.4692.71 (adefa7837d02a..., userDataDir: C:\Users\antra\AppData\Loca...}, goog:chromeOptions: {debuggerAddress: localhost:60976}, javascriptEnabled: true, networkConnectionEnabled: false, pageLoadStrategy: normal, platform: WINDOWS, platformName: WINDOWS, proxy: Proxy(), setWindowRect: true, strictFileInteractability: false, timeouts: {implicit: 0, pageLoad: 300000, script: 30000}, unhandledPromptBehavior: dismiss and notify, webauthn:extension:credBlob: true, webauthn:extension:largeBlob: true, webauthn:virtualAuthenticators: true}
Session ID: 6faeb57b3fac1b000eb87c19534cd883.

2022-01-15 12:55:55 - [MESSAGE][ERROR] - [SELF-HEALING] Cannot save screenshot to: C:\Users\antra\git\SE-Bonus-Assginment-Group1\Reports\Self-healing, reason: unknown error: unhandled inspector error: {"code":-32000,"message":"Cannot take screenshot with 0 height."}
  (Session info: chrome=97.0.4692.71)
Build info: version: '3.141.59', revision: 'e82be7d358', time: '2018-11-14T08:25:53'
System info: host: 'DESKTOP-5O7CBM9', ip: '192.168.16.1', os.name: 'Windows 10', os.arch: 'amd64', os.version: '10.0', java.version: '1.8.0_282'
Driver info: com.kms.katalon.selenium.driver.CChromeDriver
Capabilities {acceptInsecureCerts: false, browserName: chrome, browserVersion: 97.0.4692.71, chrome: {chromedriverVersion: 97.0.4692.71 (adefa7837d02a..., userDataDir: C:\Users\antra\AppData\Loca...}, goog:chromeOptions: {debuggerAddress: localhost:60976}, javascriptEnabled: true, networkConnectionEnabled: false, pageLoadStrategy: normal, platform: WINDOWS, platformName: WINDOWS, proxy: Proxy(), setWindowRect: true, strictFileInteractability: false, timeouts: {implicit: 0, pageLoad: 300000, script: 30000}, unhandledPromptBehavior: dismiss and notify, webauthn:extension:credBlob: true, webauthn:extension:largeBlob: true, webauthn:virtualAuthenticators: true}
Session ID: 6faeb57b3fac1b000eb87c19534cd883.

2022-01-15 12:55:55 - [MESSAGE][WARNING] - [SELF-HEALING] 'other' is different type of Path

2022-01-15 12:55:56 - [MESSAGE][INFO] - Unable to find the element located by 'By.xpath: //*[@id = 'fitem_id_name' and (text() = '
    
        
                
                    Question name
                
        
        
                
                
                
            
        
    
    
        
        
            
        
    
' or . = '
    
        
                
                    Question name
                
        
        
                
                
                
            
        
    
    
        
        
            
        
    
')]'. Please recheck the objects properties to make sure the desired element is located. 

2022-01-15 12:55:57 - [MESSAGE][INFO] - Unable to find the element located by 'By.cssSelector: #fitem_id_name'. Please recheck the objects properties to make sure the desired element is located. 

2022-01-15 12:55:57 - [MESSAGE][FAILED] - Unable to click on object 'Object Repository/Page_Editing an Essay question/div_Question name' (Root cause: com.kms.katalon.core.exception.StepFailedException: Unable to click on object 'Object Repository/Page_Editing an Essay question/div_Question name'
	at com.kms.katalon.core.webui.keyword.internal.WebUIKeywordMain.stepFailed(WebUIKeywordMain.groovy:64)
	at com.kms.katalon.core.webui.keyword.internal.WebUIKeywordMain.runKeyword(WebUIKeywordMain.groovy:26)
	at com.kms.katalon.core.webui.keyword.builtin.ClickKeyword.click(ClickKeyword.groovy:74)
	at com.kms.katalon.core.webui.keyword.builtin.ClickKeyword.execute(ClickKeyword.groovy:40)
	at com.kms.katalon.core.keyword.internal.KeywordExecutor.executeKeywordForPlatform(KeywordExecutor.groovy:74)
	at com.kms.katalon.core.webui.keyword.WebUiBuiltInKeywords.click(WebUiBuiltInKeywords.groovy:620)
	at com.kms.katalon.core.webui.keyword.WebUiBuiltInKeywords$click$1.call(Unknown Source)
	at Edit a essay question.run(Edit a essay question:46)
	at com.kms.katalon.core.main.ScriptEngine.run(ScriptEngine.java:194)
	at com.kms.katalon.core.main.ScriptEngine.runScriptAsRawText(ScriptEngine.java:119)
	at com.kms.katalon.core.main.TestCaseExecutor.runScript(TestCaseExecutor.java:442)
	at com.kms.katalon.core.main.TestCaseExecutor.doExecute(TestCaseExecutor.java:433)
	at com.kms.katalon.core.main.TestCaseExecutor.processExecutionPhase(TestCaseExecutor.java:412)
	at com.kms.katalon.core.main.TestCaseExecutor.accessMainPhase(TestCaseExecutor.java:404)
	at com.kms.katalon.core.main.TestCaseExecutor.execute(TestCaseExecutor.java:281)
	at com.kms.katalon.core.main.TestCaseExecutor.execute(TestCaseExecutor.java:363)
	at com.kms.katalon.core.main.TestCaseExecutor.execute(TestCaseExecutor.java:363)
	at com.kms.katalon.core.main.TestCaseExecutor.execute(TestCaseExecutor.java:363)
	at com.kms.katalon.core.main.TestSuiteExecutor.accessTestCaseMainPhase(TestSuiteExecutor.java:202)
	at com.kms.katalon.core.main.TestSuiteExecutor.accessTestSuiteMainPhase(TestSuiteExecutor.java:164)
	at com.kms.katalon.core.main.TestSuiteExecutor.execute(TestSuiteExecutor.java:105)
	at com.kms.katalon.core.main.TestCaseMain.startTestSuite(TestCaseMain.java:181)
	at com.kms.katalon.core.main.TestCaseMain$startTestSuite$0.call(Unknown Source)
	at TempTestSuite1642221613940.run(TempTestSuite1642221613940.groovy:36)
Caused by: com.kms.katalon.core.webui.exception.WebElementNotFoundException: Web element with id: 'Object Repository/Page_Editing an Essay question/div_Question name' located by '//div[@id='fitem_id_name']' not found
	at com.kms.katalon.core.webui.common.WebUiCommonHelper.findWebElement(WebUiCommonHelper.java:1368)
	at com.kms.katalon.core.webui.keyword.internal.WebUIAbstractKeyword.findWebElement(WebUIAbstractKeyword.groovy:27)
	at com.kms.katalon.core.webui.keyword.builtin.ClickKeyword$_click_closure1.doCall(ClickKeyword.groovy:65)
	at com.kms.katalon.core.webui.keyword.builtin.ClickKeyword$_click_closure1.call(ClickKeyword.groovy)
	at com.kms.katalon.core.webui.keyword.internal.WebUIKeywordMain.runKeyword(WebUIKeywordMain.groovy:20)
	at com.kms.katalon.core.webui.keyword.builtin.ClickKeyword.click(ClickKeyword.groovy:74)
	at com.kms.katalon.core.webui.keyword.builtin.ClickKeyword.execute(ClickKeyword.groovy:40)
	at com.kms.katalon.core.keyword.internal.KeywordExecutor.executeKeywordForPlatform(KeywordExecutor.groovy:74)
	at com.kms.katalon.core.webui.keyword.WebUiBuiltInKeywords.click(WebUiBuiltInKeywords.groovy:620)
	at com.kms.katalon.core.webui.keyword.WebUiBuiltInKeywords$click$1.call(Unknown Source)
	at Script1641728464598.run(Script1641728464598.groovy:46)
	... 16 more
)
[[ATTACHMENT|C:\\Users\\antra\\git\\SE-Bonus-Assginment-Group1\\Reports\\20220115_114013\\Run all test cases\\20220115_114013\\1642226157372.png]]]]></system-out>
         <system-err><![CDATA[2022-01-15 12:53:07 - [TEST_CASE][FAILED] - Test Cases/Question bank/Edit a essay question: Test Cases/Question bank/Edit a essay question FAILED.
Reason:
com.kms.katalon.core.exception.StepFailedException: Unable to click on object 'Object Repository/Page_Editing an Essay question/div_Question name'
	at com.kms.katalon.core.webui.keyword.internal.WebUIKeywordMain.stepFailed(WebUIKeywordMain.groovy:64)
	at com.kms.katalon.core.webui.keyword.internal.WebUIKeywordMain.runKeyword(WebUIKeywordMain.groovy:26)
	at com.kms.katalon.core.webui.keyword.builtin.ClickKeyword.click(ClickKeyword.groovy:74)
	at com.kms.katalon.core.webui.keyword.builtin.ClickKeyword.execute(ClickKeyword.groovy:40)
	at com.kms.katalon.core.keyword.internal.KeywordExecutor.executeKeywordForPlatform(KeywordExecutor.groovy:74)
	at com.kms.katalon.core.webui.keyword.WebUiBuiltInKeywords.click(WebUiBuiltInKeywords.groovy:620)
	at com.kms.katalon.core.webui.keyword.WebUiBuiltInKeywords$click$1.call(Unknown Source)
	at Edit a essay question.run(Edit a essay question:46)
	at com.kms.katalon.core.main.ScriptEngine.run(ScriptEngine.java:194)
	at com.kms.katalon.core.main.ScriptEngine.runScriptAsRawText(ScriptEngine.java:119)
	at com.kms.katalon.core.main.TestCaseExecutor.runScript(TestCaseExecutor.java:442)
	at com.kms.katalon.core.main.TestCaseExecutor.doExecute(TestCaseExecutor.java:433)
	at com.kms.katalon.core.main.TestCaseExecutor.processExecutionPhase(TestCaseExecutor.java:412)
	at com.kms.katalon.core.main.TestCaseExecutor.accessMainPhase(TestCaseExecutor.java:404)
	at com.kms.katalon.core.main.TestCaseExecutor.execute(TestCaseExecutor.java:281)
	at com.kms.katalon.core.main.TestCaseExecutor.execute(TestCaseExecutor.java:363)
	at com.kms.katalon.core.main.TestCaseExecutor.execute(TestCaseExecutor.java:363)
	at com.kms.katalon.core.main.TestCaseExecutor.execute(TestCaseExecutor.java:363)
	at com.kms.katalon.core.main.TestSuiteExecutor.accessTestCaseMainPhase(TestSuiteExecutor.java:202)
	at com.kms.katalon.core.main.TestSuiteExecutor.accessTestSuiteMainPhase(TestSuiteExecutor.java:164)
	at com.kms.katalon.core.main.TestSuiteExecutor.execute(TestSuiteExecutor.java:105)
	at com.kms.katalon.core.main.TestCaseMain.startTestSuite(TestCaseMain.java:181)
	at com.kms.katalon.core.main.TestCaseMain$startTestSuite$0.call(Unknown Source)
	at TempTestSuite1642221613940.run(TempTestSuite1642221613940.groovy:36)
Caused by: com.kms.katalon.core.webui.exception.WebElementNotFoundException: Web element with id: 'Object Repository/Page_Editing an Essay question/div_Question name' located by '//div[@id='fitem_id_name']' not found
	at com.kms.katalon.core.webui.common.WebUiCommonHelper.findWebElement(WebUiCommonHelper.java:1368)
	at com.kms.katalon.core.webui.keyword.internal.WebUIAbstractKeyword.findWebElement(WebUIAbstractKeyword.groovy:27)
	at com.kms.katalon.core.webui.keyword.builtin.ClickKeyword$_click_closure1.doCall(ClickKeyword.groovy:65)
	at com.kms.katalon.core.webui.keyword.builtin.ClickKeyword$_click_closure1.call(ClickKeyword.groovy)
	at com.kms.katalon.core.webui.keyword.internal.WebUIKeywordMain.runKeyword(WebUIKeywordMain.groovy:20)
	... 22 more]]></system-err>
      </testcase>
      <testcase name="Test Cases/Question bank/Preview a question in question bank" time="139.588" classname="Test Cases/Question bank/Preview a question in question bank" status="FAILED">
         <failure type="FAILED" message="Test Cases/Question bank/Preview a question in question bank FAILED.
Reason:
com.kms.katalon.core.exception.StepFailedException: Unable to click on object 'Object Repository/Page_Edit questions/span_Preview'
	at com.kms.katalon.core.webui.keyword.internal.WebUIKeywordMain.stepFailed(WebUIKeywordMain.groovy:64)
	at com.kms.katalon.core.webui.keyword.internal.WebUIKeywordMain.runKeyword(WebUIKeywordMain.groovy:26)
	at com.kms.katalon.core.webui.keyword.builtin.ClickKeyword.click(ClickKeyword.groovy:74)
	at com.kms.katalon.core.webui.keyword.builtin.ClickKeyword.execute(ClickKeyword.groovy:40)
	at com.kms.katalon.core.keyword.internal.KeywordExecutor.executeKeywordForPlatform(KeywordExecutor.groovy:74)
	at com.kms.katalon.core.webui.keyword.WebUiBuiltInKeywords.click(WebUiBuiltInKeywords.groovy:620)
	at com.kms.katalon.core.webui.keyword.WebUiBuiltInKeywords$click$1.call(Unknown Source)
	at Preview a question in question bank.run(Preview a question in question bank:44)
	at com.kms.katalon.core.main.ScriptEngine.run(ScriptEngine.java:194)
	at com.kms.katalon.core.main.ScriptEngine.runScriptAsRawText(ScriptEngine.java:119)
	at com.kms.katalon.core.main.TestCaseExecutor.runScript(TestCaseExecutor.java:442)
	at com.kms.katalon.core.main.TestCaseExecutor.doExecute(TestCaseExecutor.java:433)
	at com.kms.katalon.core.main.TestCaseExecutor.processExecutionPhase(TestCaseExecutor.java:412)
	at com.kms.katalon.core.main.TestCaseExecutor.accessMainPhase(TestCaseExecutor.java:404)
	at com.kms.katalon.core.main.TestCaseExecutor.execute(TestCaseExecutor.java:281)
	at com.kms.katalon.core.main.TestCaseExecutor.execute(TestCaseExecutor.java:363)
	at com.kms.katalon.core.main.TestCaseExecutor.execute(TestCaseExecutor.java:363)
	at com.kms.katalon.core.main.TestCaseExecutor.execute(TestCaseExecutor.java:363)
	at com.kms.katalon.core.main.TestSuiteExecutor.accessTestCaseMainPhase(TestSuiteExecutor.java:202)
	at com.kms.katalon.core.main.TestSuiteExecutor.accessTestSuiteMainPhase(TestSuiteExecutor.java:164)
	at com.kms.katalon.core.main.TestSuiteExecutor.execute(TestSuiteExecutor.java:105)
	at com.kms.katalon.core.main.TestCaseMain.startTestSuite(TestCaseMain.java:181)
	at com.kms.katalon.core.main.TestCaseMain$startTestSuite$0.call(Unknown Source)
	at TempTestSuite1642221613940.run(TempTestSuite1642221613940.groovy:36)
Caused by: com.kms.katalon.core.webui.exception.WebElementNotFoundException: Web element with id: 'Object Repository/Page_Edit questions/span_Preview' located by '//span[@id='actionmenuaction-4']' not found
	at com.kms.katalon.core.webui.common.WebUiCommonHelper.findWebElement(WebUiCommonHelper.java:1368)
	at com.kms.katalon.core.webui.keyword.internal.WebUIAbstractKeyword.findWebElement(WebUIAbstractKeyword.groovy:27)
	at com.kms.katalon.core.webui.keyword.builtin.ClickKeyword$_click_closure1.doCall(ClickKeyword.groovy:65)
	at com.kms.katalon.core.webui.keyword.builtin.ClickKeyword$_click_closure1.call(ClickKeyword.groovy)
	at com.kms.katalon.core.webui.keyword.internal.WebUIKeywordMain.runKeyword(WebUIKeywordMain.groovy:20)
	... 22 more
"/>
         <system-out><![CDATA[2022-01-15 13:02:55 - [TEST_CASE][FAILED] - Test Cases/Question bank/Preview a question in question bank: Test Cases/Question bank/Preview a question in question bank FAILED.
Reason:
com.kms.katalon.core.exception.StepFailedException: Unable to click on object 'Object Repository/Page_Edit questions/span_Preview'
	at com.kms.katalon.core.webui.keyword.internal.WebUIKeywordMain.stepFailed(WebUIKeywordMain.groovy:64)
	at com.kms.katalon.core.webui.keyword.internal.WebUIKeywordMain.runKeyword(WebUIKeywordMain.groovy:26)
	at com.kms.katalon.core.webui.keyword.builtin.ClickKeyword.click(ClickKeyword.groovy:74)
	at com.kms.katalon.core.webui.keyword.builtin.ClickKeyword.execute(ClickKeyword.groovy:40)
	at com.kms.katalon.core.keyword.internal.KeywordExecutor.executeKeywordForPlatform(KeywordExecutor.groovy:74)
	at com.kms.katalon.core.webui.keyword.WebUiBuiltInKeywords.click(WebUiBuiltInKeywords.groovy:620)
	at com.kms.katalon.core.webui.keyword.WebUiBuiltInKeywords$click$1.call(Unknown Source)
	at Preview a question in question bank.run(Preview a question in question bank:44)
	at com.kms.katalon.core.main.ScriptEngine.run(ScriptEngine.java:194)
	at com.kms.katalon.core.main.ScriptEngine.runScriptAsRawText(ScriptEngine.java:119)
	at com.kms.katalon.core.main.TestCaseExecutor.runScript(TestCaseExecutor.java:442)
	at com.kms.katalon.core.main.TestCaseExecutor.doExecute(TestCaseExecutor.java:433)
	at com.kms.katalon.core.main.TestCaseExecutor.processExecutionPhase(TestCaseExecutor.java:412)
	at com.kms.katalon.core.main.TestCaseExecutor.accessMainPhase(TestCaseExecutor.java:404)
	at com.kms.katalon.core.main.TestCaseExecutor.execute(TestCaseExecutor.java:281)
	at com.kms.katalon.core.main.TestCaseExecutor.execute(TestCaseExecutor.java:363)
	at com.kms.katalon.core.main.TestCaseExecutor.execute(TestCaseExecutor.java:363)
	at com.kms.katalon.core.main.TestCaseExecutor.execute(TestCaseExecutor.java:363)
	at com.kms.katalon.core.main.TestSuiteExecutor.accessTestCaseMainPhase(TestSuiteExecutor.java:202)
	at com.kms.katalon.core.main.TestSuiteExecutor.accessTestSuiteMainPhase(TestSuiteExecutor.java:164)
	at com.kms.katalon.core.main.TestSuiteExecutor.execute(TestSuiteExecutor.java:105)
	at com.kms.katalon.core.main.TestCaseMain.startTestSuite(TestCaseMain.java:181)
	at com.kms.katalon.core.main.TestCaseMain$startTestSuite$0.call(Unknown Source)
	at TempTestSuite1642221613940.run(TempTestSuite1642221613940.groovy:36)
Caused by: com.kms.katalon.core.webui.exception.WebElementNotFoundException: Web element with id: 'Object Repository/Page_Edit questions/span_Preview' located by '//span[@id='actionmenuaction-4']' not found
	at com.kms.katalon.core.webui.common.WebUiCommonHelper.findWebElement(WebUiCommonHelper.java:1368)
	at com.kms.katalon.core.webui.keyword.internal.WebUIAbstractKeyword.findWebElement(WebUIAbstractKeyword.groovy:27)
	at com.kms.katalon.core.webui.keyword.builtin.ClickKeyword$_click_closure1.doCall(ClickKeyword.groovy:65)
	at com.kms.katalon.core.webui.keyword.builtin.ClickKeyword$_click_closure1.call(ClickKeyword.groovy)
	at com.kms.katalon.core.webui.keyword.internal.WebUIKeywordMain.runKeyword(WebUIKeywordMain.groovy:20)
	... 22 more


2022-01-15 13:02:55 - [TEST_STEP][PASSED] - openBrowser(""): Browser is opened with url: ''

2022-01-15 13:02:55 - [MESSAGE][WARNING] - A browser is already opened. Closing browser and opening a new one

2022-01-15 13:02:55 - [MESSAGE][INFO] - Starting 'Chrome' driver

2022-01-15 13:02:55 - [MESSAGE][INFO] - Action delay is set to 0 milliseconds

2022-01-15 13:02:57 - [MESSAGE][PASSED] - Browser is opened with url: ''

2022-01-15 13:02:57 - [TEST_STEP][PASSED] - navigateToUrl("http://localhost/"): Navigate to 'http://localhost/' successfully

2022-01-15 13:02:57 - [MESSAGE][PASSED] - Navigate to 'http://localhost/' successfully

2022-01-15 13:02:57 - [TEST_STEP][PASSED] - click(findTestObject("Object Repository/Page_L Tm Anh/a_Log in")): Object: 'Object Repository/Page_L Tm Anh/a_Log in' is clicked on

2022-01-15 13:02:58 - [MESSAGE][PASSED] - Object: 'Object Repository/Page_L Tm Anh/a_Log in' is clicked on

2022-01-15 13:02:58 - [TEST_STEP][PASSED] - setText(findTestObject("Object Repository/Page_L Tm Anh Log in to the site/input_Username_username"), "beta"): Text 'beta' is set on object 'Object Repository/Page_L Tm Anh Log in to the site/input_Username_username'

2022-01-15 13:02:59 - [MESSAGE][PASSED] - Text 'beta' is set on object 'Object Repository/Page_L Tm Anh Log in to the site/input_Username_username'

2022-01-15 13:02:59 - [TEST_STEP][PASSED] - setEncryptedText(findTestObject("Object Repository/Page_L Tm Anh Log in to the site/input_Password_password"), "eGmz8XUbrLe3vUQiiiujBg=="): Text ****** has been set on object 'Object Repository/Page_L Tm Anh Log in to the site/input_Password_password'

2022-01-15 13:02:59 - [MESSAGE][PASSED] - Text ****** has been set on object 'Object Repository/Page_L Tm Anh Log in to the site/input_Password_password'

2022-01-15 13:02:59 - [TEST_STEP][PASSED] - click(findTestObject("Object Repository/Page_L Tm Anh Log in to the site/button_Log in")): Object: 'Object Repository/Page_L Tm Anh Log in to the site/button_Log in' is clicked on

2022-01-15 13:03:00 - [MESSAGE][PASSED] - Object: 'Object Repository/Page_L Tm Anh Log in to the site/button_Log in' is clicked on

2022-01-15 13:03:00 - [TEST_STEP][PASSED] - click(findTestObject("Object Repository/Page_Dashboard/a_My courses")): Object: 'Object Repository/Page_Dashboard/a_My courses' is clicked on

2022-01-15 13:03:32 - [MESSAGE][INFO] - Unable to find the element located by 'By.xpath: //ul[@id='moremenu-61e0e36aac914-navbar-nav']/li[3]/a'. Please recheck the objects properties to make sure the desired element is located. 

2022-01-15 13:03:32 - [MESSAGE][WARNING] - [SELF-HEALING] Failed to find element with id 'Object Repository/Page_Dashboard/a_My courses'. Try using Self-healing.

2022-01-15 13:03:32 - [MESSAGE][WARNING] - [SELF-HEALING] The current locator of test object 'Object Repository/Page_Dashboard/a_My courses' was broken. Propose an alternative one: '//a[contains(text(),'My courses')]'.

2022-01-15 13:03:33 - [MESSAGE][PASSED] - Object: 'Object Repository/Page_Dashboard/a_My courses' is clicked on

2022-01-15 13:03:33 - [TEST_STEP][PASSED] - click(findTestObject("Object Repository/Page_My courses/div_Course image")): Object: 'Object Repository/Page_My courses/div_Course image' is clicked on

2022-01-15 13:03:34 - [MESSAGE][PASSED] - Object: 'Object Repository/Page_My courses/div_Course image' is clicked on

2022-01-15 13:03:34 - [TEST_STEP][PASSED] - click(findTestObject("Object Repository/Page_Course 2/a_More")): Object: 'Object Repository/Page_Course 2/a_More' is clicked on

2022-01-15 13:04:05 - [MESSAGE][INFO] - Unable to find the element located by 'By.xpath: //a[@id='moremenu-dropdown-61dcbc055a0de']'. Please recheck the objects properties to make sure the desired element is located. 

2022-01-15 13:04:05 - [MESSAGE][WARNING] - [SELF-HEALING] Failed to find element with id 'Object Repository/Page_Course 2/a_More'. Try using Self-healing.

2022-01-15 13:04:05 - [MESSAGE][WARNING] - [SELF-HEALING] The current locator of test object 'Object Repository/Page_Course 2/a_More' was broken. Propose an alternative one: '(//a[contains(text(),'More')])[2]'.

2022-01-15 13:04:05 - [MESSAGE][PASSED] - Object: 'Object Repository/Page_Course 2/a_More' is clicked on

2022-01-15 13:04:05 - [TEST_STEP][PASSED] - click(findTestObject("Object Repository/Page_Course 2/a_Question bank")): Object: 'Object Repository/Page_Course 2/a_Question bank' is clicked on

2022-01-15 13:04:37 - [MESSAGE][INFO] - Unable to find the element located by 'By.xpath: //li[@id='yui_3_17_2_1_1641856005443_47']/ul/li/a'. Please recheck the objects properties to make sure the desired element is located. 

2022-01-15 13:04:37 - [MESSAGE][WARNING] - [SELF-HEALING] Failed to find element with id 'Object Repository/Page_Course 2/a_Question bank'. Try using Self-healing.

2022-01-15 13:04:37 - [MESSAGE][WARNING] - [SELF-HEALING] The current locator of test object 'Object Repository/Page_Course 2/a_Question bank' was broken. Propose an alternative one: '//a[contains(text(),'Question bank')]'.

2022-01-15 13:04:39 - [MESSAGE][PASSED] - Object: 'Object Repository/Page_Course 2/a_Question bank' is clicked on

2022-01-15 13:04:39 - [TEST_STEP][PASSED] - scrollToElement(findTestObject("Object Repository/Page_Edit questions/a_Edit"), 0): Scroll to object 'Object Repository/Page_Edit questions/a_Edit' successfully

2022-01-15 13:04:39 - [MESSAGE][WARNING] - Timeout '0' is invalid. Using default page load timeout: '30'

2022-01-15 13:04:39 - [MESSAGE][PASSED] - Scroll to object 'Object Repository/Page_Edit questions/a_Edit' successfully

2022-01-15 13:04:39 - [TEST_STEP][PASSED] - click(findTestObject("Object Repository/Page_Edit questions/a_Edit")): Object: 'Object Repository/Page_Edit questions/a_Edit' is clicked on

2022-01-15 13:04:40 - [MESSAGE][PASSED] - Object: 'Object Repository/Page_Edit questions/a_Edit' is clicked on

2022-01-15 13:04:40 - [TEST_STEP][FAILED] - click(findTestObject("Object Repository/Page_Edit questions/span_Preview")): Unable to click on object 'Object Repository/Page_Edit questions/span_Preview' (Root cause: com.kms.katalon.core.exception.StepFailedException: Unable to click on object 'Object Repository/Page_Edit questions/span_Preview'
	at com.kms.katalon.core.webui.keyword.internal.WebUIKeywordMain.stepFailed(WebUIKeywordMain.groovy:64)
	at com.kms.katalon.core.webui.keyword.internal.WebUIKeywordMain.runKeyword(WebUIKeywordMain.groovy:26)
	at com.kms.katalon.core.webui.keyword.builtin.ClickKeyword.click(ClickKeyword.groovy:74)
	at com.kms.katalon.core.webui.keyword.builtin.ClickKeyword.execute(ClickKeyword.groovy:40)
	at com.kms.katalon.core.keyword.internal.KeywordExecutor.executeKeywordForPlatform(KeywordExecutor.groovy:74)
	at com.kms.katalon.core.webui.keyword.WebUiBuiltInKeywords.click(WebUiBuiltInKeywords.groovy:620)
	at com.kms.katalon.core.webui.keyword.WebUiBuiltInKeywords$click$1.call(Unknown Source)
	at Preview a question in question bank.run(Preview a question in question bank:44)
	at com.kms.katalon.core.main.ScriptEngine.run(ScriptEngine.java:194)
	at com.kms.katalon.core.main.ScriptEngine.runScriptAsRawText(ScriptEngine.java:119)
	at com.kms.katalon.core.main.TestCaseExecutor.runScript(TestCaseExecutor.java:442)
	at com.kms.katalon.core.main.TestCaseExecutor.doExecute(TestCaseExecutor.java:433)
	at com.kms.katalon.core.main.TestCaseExecutor.processExecutionPhase(TestCaseExecutor.java:412)
	at com.kms.katalon.core.main.TestCaseExecutor.accessMainPhase(TestCaseExecutor.java:404)
	at com.kms.katalon.core.main.TestCaseExecutor.execute(TestCaseExecutor.java:281)
	at com.kms.katalon.core.main.TestCaseExecutor.execute(TestCaseExecutor.java:363)
	at com.kms.katalon.core.main.TestCaseExecutor.execute(TestCaseExecutor.java:363)
	at com.kms.katalon.core.main.TestCaseExecutor.execute(TestCaseExecutor.java:363)
	at com.kms.katalon.core.main.TestSuiteExecutor.accessTestCaseMainPhase(TestSuiteExecutor.java:202)
	at com.kms.katalon.core.main.TestSuiteExecutor.accessTestSuiteMainPhase(TestSuiteExecutor.java:164)
	at com.kms.katalon.core.main.TestSuiteExecutor.execute(TestSuiteExecutor.java:105)
	at com.kms.katalon.core.main.TestCaseMain.startTestSuite(TestCaseMain.java:181)
	at com.kms.katalon.core.main.TestCaseMain$startTestSuite$0.call(Unknown Source)
	at TempTestSuite1642221613940.run(TempTestSuite1642221613940.groovy:36)
Caused by: com.kms.katalon.core.webui.exception.WebElementNotFoundException: Web element with id: 'Object Repository/Page_Edit questions/span_Preview' located by '//span[@id='actionmenuaction-4']' not found
	at com.kms.katalon.core.webui.common.WebUiCommonHelper.findWebElement(WebUiCommonHelper.java:1368)
	at com.kms.katalon.core.webui.keyword.internal.WebUIAbstractKeyword.findWebElement(WebUIAbstractKeyword.groovy:27)
	at com.kms.katalon.core.webui.keyword.builtin.ClickKeyword$_click_closure1.doCall(ClickKeyword.groovy:65)
	at com.kms.katalon.core.webui.keyword.builtin.ClickKeyword$_click_closure1.call(ClickKeyword.groovy)
	at com.kms.katalon.core.webui.keyword.internal.WebUIKeywordMain.runKeyword(WebUIKeywordMain.groovy:20)
	at com.kms.katalon.core.webui.keyword.builtin.ClickKeyword.click(ClickKeyword.groovy:74)
	at com.kms.katalon.core.webui.keyword.builtin.ClickKeyword.execute(ClickKeyword.groovy:40)
	at com.kms.katalon.core.keyword.internal.KeywordExecutor.executeKeywordForPlatform(KeywordExecutor.groovy:74)
	at com.kms.katalon.core.webui.keyword.WebUiBuiltInKeywords.click(WebUiBuiltInKeywords.groovy:620)
	at com.kms.katalon.core.webui.keyword.WebUiBuiltInKeywords$click$1.call(Unknown Source)
	at Script1641725855630.run(Script1641725855630.groovy:44)
	... 16 more
)

2022-01-15 13:05:11 - [MESSAGE][INFO] - Unable to find the element located by 'By.xpath: //span[@id='actionmenuaction-4']'. Please recheck the objects properties to make sure the desired element is located. 

2022-01-15 13:05:11 - [MESSAGE][WARNING] - [SELF-HEALING] Failed to find element with id 'Object Repository/Page_Edit questions/span_Preview'. Try using Self-healing.

2022-01-15 13:05:11 - [MESSAGE][INFO] - [SELF-HEALING] Failed Locator: '//span[@id='actionmenuaction-4']'.

2022-01-15 13:05:11 - [MESSAGE][INFO] - [SELF-HEALING] Failed Locator: '//div[@id='action-menu-1-menu']/a[4]/span'.

2022-01-15 13:05:12 - [MESSAGE][INFO] - [SELF-HEALING] Failed Locator: '(.//*[normalize-space(text()) and normalize-space(.)='Manage tags'])[1]/following::span[1]'.

2022-01-15 13:05:12 - [MESSAGE][INFO] - [SELF-HEALING] Failed Locator: '(.//*[normalize-space(text()) and normalize-space(.)='Duplicate'])[1]/following::span[2]'.

2022-01-15 13:05:12 - [MESSAGE][INFO] - [SELF-HEALING] Working Locator: '(.//*[normalize-space(text()) and normalize-space(.)='Delete'])[1]/preceding::span[1]'.

2022-01-15 13:05:12 - [MESSAGE][ERROR] - [SELF-HEALING] Cannot save screenshot to: C:\Users\antra\git\SE-Bonus-Assginment-Group1\Reports\Self-healing, reason: unknown error: unhandled inspector error: {"code":-32000,"message":"Cannot take screenshot with 0 width."}
  (Session info: chrome=97.0.4692.71)
Build info: version: '3.141.59', revision: 'e82be7d358', time: '2018-11-14T08:25:53'
System info: host: 'DESKTOP-5O7CBM9', ip: '192.168.16.1', os.name: 'Windows 10', os.arch: 'amd64', os.version: '10.0', java.version: '1.8.0_282'
Driver info: com.kms.katalon.selenium.driver.CChromeDriver
Capabilities {acceptInsecureCerts: false, browserName: chrome, browserVersion: 97.0.4692.71, chrome: {chromedriverVersion: 97.0.4692.71 (adefa7837d02a..., userDataDir: C:\Users\antra\AppData\Loca...}, goog:chromeOptions: {debuggerAddress: localhost:61348}, javascriptEnabled: true, networkConnectionEnabled: false, pageLoadStrategy: normal, platform: WINDOWS, platformName: WINDOWS, proxy: Proxy(), setWindowRect: true, strictFileInteractability: false, timeouts: {implicit: 0, pageLoad: 300000, script: 30000}, unhandledPromptBehavior: dismiss and notify, webauthn:extension:credBlob: true, webauthn:extension:largeBlob: true, webauthn:virtualAuthenticators: true}
Session ID: ae8b84b2ef8d8c256954b42d992a321d.

2022-01-15 13:05:12 - [MESSAGE][ERROR] - [SELF-HEALING] Cannot save screenshot to: C:\Users\antra\git\SE-Bonus-Assginment-Group1\Reports\Self-healing, reason: unknown error: unhandled inspector error: {"code":-32000,"message":"Cannot take screenshot with 0 width."}
  (Session info: chrome=97.0.4692.71)
Build info: version: '3.141.59', revision: 'e82be7d358', time: '2018-11-14T08:25:53'
System info: host: 'DESKTOP-5O7CBM9', ip: '192.168.16.1', os.name: 'Windows 10', os.arch: 'amd64', os.version: '10.0', java.version: '1.8.0_282'
Driver info: com.kms.katalon.selenium.driver.CChromeDriver
Capabilities {acceptInsecureCerts: false, browserName: chrome, browserVersion: 97.0.4692.71, chrome: {chromedriverVersion: 97.0.4692.71 (adefa7837d02a..., userDataDir: C:\Users\antra\AppData\Loca...}, goog:chromeOptions: {debuggerAddress: localhost:61348}, javascriptEnabled: true, networkConnectionEnabled: false, pageLoadStrategy: normal, platform: WINDOWS, platformName: WINDOWS, proxy: Proxy(), setWindowRect: true, strictFileInteractability: false, timeouts: {implicit: 0, pageLoad: 300000, script: 30000}, unhandledPromptBehavior: dismiss and notify, webauthn:extension:credBlob: true, webauthn:extension:largeBlob: true, webauthn:virtualAuthenticators: true}
Session ID: ae8b84b2ef8d8c256954b42d992a321d.

2022-01-15 13:05:12 - [MESSAGE][WARNING] - [SELF-HEALING] 'other' is different type of Path

2022-01-15 13:05:13 - [MESSAGE][INFO] - Unable to find the element located by 'By.xpath: //*[@id = 'actionmenuaction-4' and (text() = 'Preview' or . = 'Preview')]'. Please recheck the objects properties to make sure the desired element is located. 

2022-01-15 13:05:14 - [MESSAGE][INFO] - Unable to find the element located by 'By.cssSelector: #actionmenuaction-4'. Please recheck the objects properties to make sure the desired element is located. 

2022-01-15 13:05:14 - [MESSAGE][FAILED] - Unable to click on object 'Object Repository/Page_Edit questions/span_Preview' (Root cause: com.kms.katalon.core.exception.StepFailedException: Unable to click on object 'Object Repository/Page_Edit questions/span_Preview'
	at com.kms.katalon.core.webui.keyword.internal.WebUIKeywordMain.stepFailed(WebUIKeywordMain.groovy:64)
	at com.kms.katalon.core.webui.keyword.internal.WebUIKeywordMain.runKeyword(WebUIKeywordMain.groovy:26)
	at com.kms.katalon.core.webui.keyword.builtin.ClickKeyword.click(ClickKeyword.groovy:74)
	at com.kms.katalon.core.webui.keyword.builtin.ClickKeyword.execute(ClickKeyword.groovy:40)
	at com.kms.katalon.core.keyword.internal.KeywordExecutor.executeKeywordForPlatform(KeywordExecutor.groovy:74)
	at com.kms.katalon.core.webui.keyword.WebUiBuiltInKeywords.click(WebUiBuiltInKeywords.groovy:620)
	at com.kms.katalon.core.webui.keyword.WebUiBuiltInKeywords$click$1.call(Unknown Source)
	at Preview a question in question bank.run(Preview a question in question bank:44)
	at com.kms.katalon.core.main.ScriptEngine.run(ScriptEngine.java:194)
	at com.kms.katalon.core.main.ScriptEngine.runScriptAsRawText(ScriptEngine.java:119)
	at com.kms.katalon.core.main.TestCaseExecutor.runScript(TestCaseExecutor.java:442)
	at com.kms.katalon.core.main.TestCaseExecutor.doExecute(TestCaseExecutor.java:433)
	at com.kms.katalon.core.main.TestCaseExecutor.processExecutionPhase(TestCaseExecutor.java:412)
	at com.kms.katalon.core.main.TestCaseExecutor.accessMainPhase(TestCaseExecutor.java:404)
	at com.kms.katalon.core.main.TestCaseExecutor.execute(TestCaseExecutor.java:281)
	at com.kms.katalon.core.main.TestCaseExecutor.execute(TestCaseExecutor.java:363)
	at com.kms.katalon.core.main.TestCaseExecutor.execute(TestCaseExecutor.java:363)
	at com.kms.katalon.core.main.TestCaseExecutor.execute(TestCaseExecutor.java:363)
	at com.kms.katalon.core.main.TestSuiteExecutor.accessTestCaseMainPhase(TestSuiteExecutor.java:202)
	at com.kms.katalon.core.main.TestSuiteExecutor.accessTestSuiteMainPhase(TestSuiteExecutor.java:164)
	at com.kms.katalon.core.main.TestSuiteExecutor.execute(TestSuiteExecutor.java:105)
	at com.kms.katalon.core.main.TestCaseMain.startTestSuite(TestCaseMain.java:181)
	at com.kms.katalon.core.main.TestCaseMain$startTestSuite$0.call(Unknown Source)
	at TempTestSuite1642221613940.run(TempTestSuite1642221613940.groovy:36)
Caused by: com.kms.katalon.core.webui.exception.WebElementNotFoundException: Web element with id: 'Object Repository/Page_Edit questions/span_Preview' located by '//span[@id='actionmenuaction-4']' not found
	at com.kms.katalon.core.webui.common.WebUiCommonHelper.findWebElement(WebUiCommonHelper.java:1368)
	at com.kms.katalon.core.webui.keyword.internal.WebUIAbstractKeyword.findWebElement(WebUIAbstractKeyword.groovy:27)
	at com.kms.katalon.core.webui.keyword.builtin.ClickKeyword$_click_closure1.doCall(ClickKeyword.groovy:65)
	at com.kms.katalon.core.webui.keyword.builtin.ClickKeyword$_click_closure1.call(ClickKeyword.groovy)
	at com.kms.katalon.core.webui.keyword.internal.WebUIKeywordMain.runKeyword(WebUIKeywordMain.groovy:20)
	at com.kms.katalon.core.webui.keyword.builtin.ClickKeyword.click(ClickKeyword.groovy:74)
	at com.kms.katalon.core.webui.keyword.builtin.ClickKeyword.execute(ClickKeyword.groovy:40)
	at com.kms.katalon.core.keyword.internal.KeywordExecutor.executeKeywordForPlatform(KeywordExecutor.groovy:74)
	at com.kms.katalon.core.webui.keyword.WebUiBuiltInKeywords.click(WebUiBuiltInKeywords.groovy:620)
	at com.kms.katalon.core.webui.keyword.WebUiBuiltInKeywords$click$1.call(Unknown Source)
	at Script1641725855630.run(Script1641725855630.groovy:44)
	... 16 more
)
[[ATTACHMENT|C:\\Users\\antra\\git\\SE-Bonus-Assginment-Group1\\Reports\\20220115_114013\\Run all test cases\\20220115_114013\\1642226714826.png]]]]></system-out>
         <system-err><![CDATA[2022-01-15 13:02:55 - [TEST_CASE][FAILED] - Test Cases/Question bank/Preview a question in question bank: Test Cases/Question bank/Preview a question in question bank FAILED.
Reason:
com.kms.katalon.core.exception.StepFailedException: Unable to click on object 'Object Repository/Page_Edit questions/span_Preview'
	at com.kms.katalon.core.webui.keyword.internal.WebUIKeywordMain.stepFailed(WebUIKeywordMain.groovy:64)
	at com.kms.katalon.core.webui.keyword.internal.WebUIKeywordMain.runKeyword(WebUIKeywordMain.groovy:26)
	at com.kms.katalon.core.webui.keyword.builtin.ClickKeyword.click(ClickKeyword.groovy:74)
	at com.kms.katalon.core.webui.keyword.builtin.ClickKeyword.execute(ClickKeyword.groovy:40)
	at com.kms.katalon.core.keyword.internal.KeywordExecutor.executeKeywordForPlatform(KeywordExecutor.groovy:74)
	at com.kms.katalon.core.webui.keyword.WebUiBuiltInKeywords.click(WebUiBuiltInKeywords.groovy:620)
	at com.kms.katalon.core.webui.keyword.WebUiBuiltInKeywords$click$1.call(Unknown Source)
	at Preview a question in question bank.run(Preview a question in question bank:44)
	at com.kms.katalon.core.main.ScriptEngine.run(ScriptEngine.java:194)
	at com.kms.katalon.core.main.ScriptEngine.runScriptAsRawText(ScriptEngine.java:119)
	at com.kms.katalon.core.main.TestCaseExecutor.runScript(TestCaseExecutor.java:442)
	at com.kms.katalon.core.main.TestCaseExecutor.doExecute(TestCaseExecutor.java:433)
	at com.kms.katalon.core.main.TestCaseExecutor.processExecutionPhase(TestCaseExecutor.java:412)
	at com.kms.katalon.core.main.TestCaseExecutor.accessMainPhase(TestCaseExecutor.java:404)
	at com.kms.katalon.core.main.TestCaseExecutor.execute(TestCaseExecutor.java:281)
	at com.kms.katalon.core.main.TestCaseExecutor.execute(TestCaseExecutor.java:363)
	at com.kms.katalon.core.main.TestCaseExecutor.execute(TestCaseExecutor.java:363)
	at com.kms.katalon.core.main.TestCaseExecutor.execute(TestCaseExecutor.java:363)
	at com.kms.katalon.core.main.TestSuiteExecutor.accessTestCaseMainPhase(TestSuiteExecutor.java:202)
	at com.kms.katalon.core.main.TestSuiteExecutor.accessTestSuiteMainPhase(TestSuiteExecutor.java:164)
	at com.kms.katalon.core.main.TestSuiteExecutor.execute(TestSuiteExecutor.java:105)
	at com.kms.katalon.core.main.TestCaseMain.startTestSuite(TestCaseMain.java:181)
	at com.kms.katalon.core.main.TestCaseMain$startTestSuite$0.call(Unknown Source)
	at TempTestSuite1642221613940.run(TempTestSuite1642221613940.groovy:36)
Caused by: com.kms.katalon.core.webui.exception.WebElementNotFoundException: Web element with id: 'Object Repository/Page_Edit questions/span_Preview' located by '//span[@id='actionmenuaction-4']' not found
	at com.kms.katalon.core.webui.common.WebUiCommonHelper.findWebElement(WebUiCommonHelper.java:1368)
	at com.kms.katalon.core.webui.keyword.internal.WebUIAbstractKeyword.findWebElement(WebUIAbstractKeyword.groovy:27)
	at com.kms.katalon.core.webui.keyword.builtin.ClickKeyword$_click_closure1.doCall(ClickKeyword.groovy:65)
	at com.kms.katalon.core.webui.keyword.builtin.ClickKeyword$_click_closure1.call(ClickKeyword.groovy)
	at com.kms.katalon.core.webui.keyword.internal.WebUIKeywordMain.runKeyword(WebUIKeywordMain.groovy:20)
	... 22 more]]></system-err>
      </testcase>
      <testcase name="Test Cases/Question bank/Export essay quesion as XML" time="143.417" classname="Test Cases/Question bank/Export essay quesion as XML" status="FAILED">
         <failure type="FAILED" message="Test Cases/Question bank/Export essay quesion as XML FAILED.
Reason:
com.kms.katalon.core.exception.StepFailedException: Unable to click on object 'Object Repository/Page_Edit questions/span_Export as Moodle XML'
	at com.kms.katalon.core.webui.keyword.internal.WebUIKeywordMain.stepFailed(WebUIKeywordMain.groovy:64)
	at com.kms.katalon.core.webui.keyword.internal.WebUIKeywordMain.runKeyword(WebUIKeywordMain.groovy:26)
	at com.kms.katalon.core.webui.keyword.builtin.ClickKeyword.click(ClickKeyword.groovy:74)
	at com.kms.katalon.core.webui.keyword.builtin.ClickKeyword.execute(ClickKeyword.groovy:40)
	at com.kms.katalon.core.keyword.internal.KeywordExecutor.executeKeywordForPlatform(KeywordExecutor.groovy:74)
	at com.kms.katalon.core.webui.keyword.WebUiBuiltInKeywords.click(WebUiBuiltInKeywords.groovy:620)
	at com.kms.katalon.core.webui.keyword.WebUiBuiltInKeywords$click$1.call(Unknown Source)
	at Export essay quesion as XML.run(Export essay quesion as XML:44)
	at com.kms.katalon.core.main.ScriptEngine.run(ScriptEngine.java:194)
	at com.kms.katalon.core.main.ScriptEngine.runScriptAsRawText(ScriptEngine.java:119)
	at com.kms.katalon.core.main.TestCaseExecutor.runScript(TestCaseExecutor.java:442)
	at com.kms.katalon.core.main.TestCaseExecutor.doExecute(TestCaseExecutor.java:433)
	at com.kms.katalon.core.main.TestCaseExecutor.processExecutionPhase(TestCaseExecutor.java:412)
	at com.kms.katalon.core.main.TestCaseExecutor.accessMainPhase(TestCaseExecutor.java:404)
	at com.kms.katalon.core.main.TestCaseExecutor.execute(TestCaseExecutor.java:281)
	at com.kms.katalon.core.main.TestCaseExecutor.execute(TestCaseExecutor.java:363)
	at com.kms.katalon.core.main.TestCaseExecutor.execute(TestCaseExecutor.java:363)
	at com.kms.katalon.core.main.TestCaseExecutor.execute(TestCaseExecutor.java:363)
	at com.kms.katalon.core.main.TestSuiteExecutor.accessTestCaseMainPhase(TestSuiteExecutor.java:202)
	at com.kms.katalon.core.main.TestSuiteExecutor.accessTestSuiteMainPhase(TestSuiteExecutor.java:164)
	at com.kms.katalon.core.main.TestSuiteExecutor.execute(TestSuiteExecutor.java:105)
	at com.kms.katalon.core.main.TestCaseMain.startTestSuite(TestCaseMain.java:181)
	at com.kms.katalon.core.main.TestCaseMain$startTestSuite$0.call(Unknown Source)
	at TempTestSuite1642221613940.run(TempTestSuite1642221613940.groovy:36)
Caused by: com.kms.katalon.core.webui.exception.WebElementNotFoundException: Web element with id: 'Object Repository/Page_Edit questions/span_Export as Moodle XML' located by '//span[@id='actionmenuaction-6']' not found
	at com.kms.katalon.core.webui.common.WebUiCommonHelper.findWebElement(WebUiCommonHelper.java:1368)
	at com.kms.katalon.core.webui.keyword.internal.WebUIAbstractKeyword.findWebElement(WebUIAbstractKeyword.groovy:27)
	at com.kms.katalon.core.webui.keyword.builtin.ClickKeyword$_click_closure1.doCall(ClickKeyword.groovy:65)
	at com.kms.katalon.core.webui.keyword.builtin.ClickKeyword$_click_closure1.call(ClickKeyword.groovy)
	at com.kms.katalon.core.webui.keyword.internal.WebUIKeywordMain.runKeyword(WebUIKeywordMain.groovy:20)
	... 22 more
"/>
         <system-out><![CDATA[2022-01-15 13:12:30 - [TEST_CASE][FAILED] - Test Cases/Question bank/Export essay quesion as XML: Test Cases/Question bank/Export essay quesion as XML FAILED.
Reason:
com.kms.katalon.core.exception.StepFailedException: Unable to click on object 'Object Repository/Page_Edit questions/span_Export as Moodle XML'
	at com.kms.katalon.core.webui.keyword.internal.WebUIKeywordMain.stepFailed(WebUIKeywordMain.groovy:64)
	at com.kms.katalon.core.webui.keyword.internal.WebUIKeywordMain.runKeyword(WebUIKeywordMain.groovy:26)
	at com.kms.katalon.core.webui.keyword.builtin.ClickKeyword.click(ClickKeyword.groovy:74)
	at com.kms.katalon.core.webui.keyword.builtin.ClickKeyword.execute(ClickKeyword.groovy:40)
	at com.kms.katalon.core.keyword.internal.KeywordExecutor.executeKeywordForPlatform(KeywordExecutor.groovy:74)
	at com.kms.katalon.core.webui.keyword.WebUiBuiltInKeywords.click(WebUiBuiltInKeywords.groovy:620)
	at com.kms.katalon.core.webui.keyword.WebUiBuiltInKeywords$click$1.call(Unknown Source)
	at Export essay quesion as XML.run(Export essay quesion as XML:44)
	at com.kms.katalon.core.main.ScriptEngine.run(ScriptEngine.java:194)
	at com.kms.katalon.core.main.ScriptEngine.runScriptAsRawText(ScriptEngine.java:119)
	at com.kms.katalon.core.main.TestCaseExecutor.runScript(TestCaseExecutor.java:442)
	at com.kms.katalon.core.main.TestCaseExecutor.doExecute(TestCaseExecutor.java:433)
	at com.kms.katalon.core.main.TestCaseExecutor.processExecutionPhase(TestCaseExecutor.java:412)
	at com.kms.katalon.core.main.TestCaseExecutor.accessMainPhase(TestCaseExecutor.java:404)
	at com.kms.katalon.core.main.TestCaseExecutor.execute(TestCaseExecutor.java:281)
	at com.kms.katalon.core.main.TestCaseExecutor.execute(TestCaseExecutor.java:363)
	at com.kms.katalon.core.main.TestCaseExecutor.execute(TestCaseExecutor.java:363)
	at com.kms.katalon.core.main.TestCaseExecutor.execute(TestCaseExecutor.java:363)
	at com.kms.katalon.core.main.TestSuiteExecutor.accessTestCaseMainPhase(TestSuiteExecutor.java:202)
	at com.kms.katalon.core.main.TestSuiteExecutor.accessTestSuiteMainPhase(TestSuiteExecutor.java:164)
	at com.kms.katalon.core.main.TestSuiteExecutor.execute(TestSuiteExecutor.java:105)
	at com.kms.katalon.core.main.TestCaseMain.startTestSuite(TestCaseMain.java:181)
	at com.kms.katalon.core.main.TestCaseMain$startTestSuite$0.call(Unknown Source)
	at TempTestSuite1642221613940.run(TempTestSuite1642221613940.groovy:36)
Caused by: com.kms.katalon.core.webui.exception.WebElementNotFoundException: Web element with id: 'Object Repository/Page_Edit questions/span_Export as Moodle XML' located by '//span[@id='actionmenuaction-6']' not found
	at com.kms.katalon.core.webui.common.WebUiCommonHelper.findWebElement(WebUiCommonHelper.java:1368)
	at com.kms.katalon.core.webui.keyword.internal.WebUIAbstractKeyword.findWebElement(WebUIAbstractKeyword.groovy:27)
	at com.kms.katalon.core.webui.keyword.builtin.ClickKeyword$_click_closure1.doCall(ClickKeyword.groovy:65)
	at com.kms.katalon.core.webui.keyword.builtin.ClickKeyword$_click_closure1.call(ClickKeyword.groovy)
	at com.kms.katalon.core.webui.keyword.internal.WebUIKeywordMain.runKeyword(WebUIKeywordMain.groovy:20)
	... 22 more


2022-01-15 13:12:30 - [TEST_STEP][PASSED] - openBrowser(""): Browser is opened with url: ''

2022-01-15 13:12:30 - [MESSAGE][WARNING] - A browser is already opened. Closing browser and opening a new one

2022-01-15 13:12:31 - [MESSAGE][INFO] - Starting 'Chrome' driver

2022-01-15 13:12:31 - [MESSAGE][INFO] - Action delay is set to 0 milliseconds

2022-01-15 13:12:33 - [MESSAGE][PASSED] - Browser is opened with url: ''

2022-01-15 13:12:33 - [TEST_STEP][PASSED] - navigateToUrl("http://localhost/"): Navigate to 'http://localhost/' successfully

2022-01-15 13:12:35 - [MESSAGE][PASSED] - Navigate to 'http://localhost/' successfully

2022-01-15 13:12:35 - [TEST_STEP][PASSED] - click(findTestObject("Object Repository/Page_L Tm Anh/a_Log in")): Object: 'Object Repository/Page_L Tm Anh/a_Log in' is clicked on

2022-01-15 13:12:35 - [MESSAGE][PASSED] - Object: 'Object Repository/Page_L Tm Anh/a_Log in' is clicked on

2022-01-15 13:12:35 - [TEST_STEP][PASSED] - setText(findTestObject("Object Repository/Page_L Tm Anh Log in to the site/input_Username_username"), "beta"): Text 'beta' is set on object 'Object Repository/Page_L Tm Anh Log in to the site/input_Username_username'

2022-01-15 13:12:36 - [MESSAGE][PASSED] - Text 'beta' is set on object 'Object Repository/Page_L Tm Anh Log in to the site/input_Username_username'

2022-01-15 13:12:36 - [TEST_STEP][PASSED] - setEncryptedText(findTestObject("Object Repository/Page_L Tm Anh Log in to the site/input_Password_password"), "eGmz8XUbrLe3vUQiiiujBg=="): Text ****** has been set on object 'Object Repository/Page_L Tm Anh Log in to the site/input_Password_password'

2022-01-15 13:12:37 - [MESSAGE][PASSED] - Text ****** has been set on object 'Object Repository/Page_L Tm Anh Log in to the site/input_Password_password'

2022-01-15 13:12:37 - [TEST_STEP][PASSED] - click(findTestObject("Object Repository/Page_L Tm Anh Log in to the site/button_Log in")): Object: 'Object Repository/Page_L Tm Anh Log in to the site/button_Log in' is clicked on

2022-01-15 13:12:38 - [MESSAGE][PASSED] - Object: 'Object Repository/Page_L Tm Anh Log in to the site/button_Log in' is clicked on

2022-01-15 13:12:38 - [TEST_STEP][PASSED] - click(findTestObject("Object Repository/Page_Dashboard/a_My courses")): Object: 'Object Repository/Page_Dashboard/a_My courses' is clicked on

2022-01-15 13:13:10 - [MESSAGE][INFO] - Unable to find the element located by 'By.xpath: //ul[@id='moremenu-61e0e36aac914-navbar-nav']/li[3]/a'. Please recheck the objects properties to make sure the desired element is located. 

2022-01-15 13:13:10 - [MESSAGE][WARNING] - [SELF-HEALING] Failed to find element with id 'Object Repository/Page_Dashboard/a_My courses'. Try using Self-healing.

2022-01-15 13:13:10 - [MESSAGE][WARNING] - [SELF-HEALING] The current locator of test object 'Object Repository/Page_Dashboard/a_My courses' was broken. Propose an alternative one: '//a[contains(text(),'My courses')]'.

2022-01-15 13:13:10 - [MESSAGE][PASSED] - Object: 'Object Repository/Page_Dashboard/a_My courses' is clicked on

2022-01-15 13:13:10 - [TEST_STEP][PASSED] - click(findTestObject("Object Repository/Page_My courses/div_Course image")): Object: 'Object Repository/Page_My courses/div_Course image' is clicked on

2022-01-15 13:13:12 - [MESSAGE][PASSED] - Object: 'Object Repository/Page_My courses/div_Course image' is clicked on

2022-01-15 13:13:12 - [TEST_STEP][PASSED] - click(findTestObject("Object Repository/Page_Course 2/a_More")): Object: 'Object Repository/Page_Course 2/a_More' is clicked on

2022-01-15 13:13:43 - [MESSAGE][INFO] - Unable to find the element located by 'By.xpath: //a[@id='moremenu-dropdown-61dcbc055a0de']'. Please recheck the objects properties to make sure the desired element is located. 

2022-01-15 13:13:43 - [MESSAGE][WARNING] - [SELF-HEALING] Failed to find element with id 'Object Repository/Page_Course 2/a_More'. Try using Self-healing.

2022-01-15 13:13:43 - [MESSAGE][WARNING] - [SELF-HEALING] The current locator of test object 'Object Repository/Page_Course 2/a_More' was broken. Propose an alternative one: '(//a[contains(text(),'More')])[2]'.

2022-01-15 13:13:44 - [MESSAGE][PASSED] - Object: 'Object Repository/Page_Course 2/a_More' is clicked on

2022-01-15 13:13:44 - [TEST_STEP][PASSED] - click(findTestObject("Object Repository/Page_Course 2/a_Question bank")): Object: 'Object Repository/Page_Course 2/a_Question bank' is clicked on

2022-01-15 13:14:15 - [MESSAGE][INFO] - Unable to find the element located by 'By.xpath: //li[@id='yui_3_17_2_1_1641856005443_47']/ul/li/a'. Please recheck the objects properties to make sure the desired element is located. 

2022-01-15 13:14:15 - [MESSAGE][WARNING] - [SELF-HEALING] Failed to find element with id 'Object Repository/Page_Course 2/a_Question bank'. Try using Self-healing.

2022-01-15 13:14:15 - [MESSAGE][WARNING] - [SELF-HEALING] The current locator of test object 'Object Repository/Page_Course 2/a_Question bank' was broken. Propose an alternative one: '//a[contains(text(),'Question bank')]'.

2022-01-15 13:14:17 - [MESSAGE][PASSED] - Object: 'Object Repository/Page_Course 2/a_Question bank' is clicked on

2022-01-15 13:14:17 - [TEST_STEP][PASSED] - scrollToElement(findTestObject("Object Repository/Page_Edit questions/a_Edit"), 0): Scroll to object 'Object Repository/Page_Edit questions/a_Edit' successfully

2022-01-15 13:14:18 - [MESSAGE][WARNING] - Timeout '0' is invalid. Using default page load timeout: '30'

2022-01-15 13:14:19 - [MESSAGE][PASSED] - Scroll to object 'Object Repository/Page_Edit questions/a_Edit' successfully

2022-01-15 13:14:19 - [TEST_STEP][PASSED] - click(findTestObject("Object Repository/Page_Edit questions/a_Edit")): Object: 'Object Repository/Page_Edit questions/a_Edit' is clicked on

2022-01-15 13:14:19 - [MESSAGE][PASSED] - Object: 'Object Repository/Page_Edit questions/a_Edit' is clicked on

2022-01-15 13:14:19 - [TEST_STEP][FAILED] - click(findTestObject("Object Repository/Page_Edit questions/span_Export as Moodle XML")): Unable to click on object 'Object Repository/Page_Edit questions/span_Export as Moodle XML' (Root cause: com.kms.katalon.core.exception.StepFailedException: Unable to click on object 'Object Repository/Page_Edit questions/span_Export as Moodle XML'
	at com.kms.katalon.core.webui.keyword.internal.WebUIKeywordMain.stepFailed(WebUIKeywordMain.groovy:64)
	at com.kms.katalon.core.webui.keyword.internal.WebUIKeywordMain.runKeyword(WebUIKeywordMain.groovy:26)
	at com.kms.katalon.core.webui.keyword.builtin.ClickKeyword.click(ClickKeyword.groovy:74)
	at com.kms.katalon.core.webui.keyword.builtin.ClickKeyword.execute(ClickKeyword.groovy:40)
	at com.kms.katalon.core.keyword.internal.KeywordExecutor.executeKeywordForPlatform(KeywordExecutor.groovy:74)
	at com.kms.katalon.core.webui.keyword.WebUiBuiltInKeywords.click(WebUiBuiltInKeywords.groovy:620)
	at com.kms.katalon.core.webui.keyword.WebUiBuiltInKeywords$click$1.call(Unknown Source)
	at Export essay quesion as XML.run(Export essay quesion as XML:44)
	at com.kms.katalon.core.main.ScriptEngine.run(ScriptEngine.java:194)
	at com.kms.katalon.core.main.ScriptEngine.runScriptAsRawText(ScriptEngine.java:119)
	at com.kms.katalon.core.main.TestCaseExecutor.runScript(TestCaseExecutor.java:442)
	at com.kms.katalon.core.main.TestCaseExecutor.doExecute(TestCaseExecutor.java:433)
	at com.kms.katalon.core.main.TestCaseExecutor.processExecutionPhase(TestCaseExecutor.java:412)
	at com.kms.katalon.core.main.TestCaseExecutor.accessMainPhase(TestCaseExecutor.java:404)
	at com.kms.katalon.core.main.TestCaseExecutor.execute(TestCaseExecutor.java:281)
	at com.kms.katalon.core.main.TestCaseExecutor.execute(TestCaseExecutor.java:363)
	at com.kms.katalon.core.main.TestCaseExecutor.execute(TestCaseExecutor.java:363)
	at com.kms.katalon.core.main.TestCaseExecutor.execute(TestCaseExecutor.java:363)
	at com.kms.katalon.core.main.TestSuiteExecutor.accessTestCaseMainPhase(TestSuiteExecutor.java:202)
	at com.kms.katalon.core.main.TestSuiteExecutor.accessTestSuiteMainPhase(TestSuiteExecutor.java:164)
	at com.kms.katalon.core.main.TestSuiteExecutor.execute(TestSuiteExecutor.java:105)
	at com.kms.katalon.core.main.TestCaseMain.startTestSuite(TestCaseMain.java:181)
	at com.kms.katalon.core.main.TestCaseMain$startTestSuite$0.call(Unknown Source)
	at TempTestSuite1642221613940.run(TempTestSuite1642221613940.groovy:36)
Caused by: com.kms.katalon.core.webui.exception.WebElementNotFoundException: Web element with id: 'Object Repository/Page_Edit questions/span_Export as Moodle XML' located by '//span[@id='actionmenuaction-6']' not found
	at com.kms.katalon.core.webui.common.WebUiCommonHelper.findWebElement(WebUiCommonHelper.java:1368)
	at com.kms.katalon.core.webui.keyword.internal.WebUIAbstractKeyword.findWebElement(WebUIAbstractKeyword.groovy:27)
	at com.kms.katalon.core.webui.keyword.builtin.ClickKeyword$_click_closure1.doCall(ClickKeyword.groovy:65)
	at com.kms.katalon.core.webui.keyword.builtin.ClickKeyword$_click_closure1.call(ClickKeyword.groovy)
	at com.kms.katalon.core.webui.keyword.internal.WebUIKeywordMain.runKeyword(WebUIKeywordMain.groovy:20)
	at com.kms.katalon.core.webui.keyword.builtin.ClickKeyword.click(ClickKeyword.groovy:74)
	at com.kms.katalon.core.webui.keyword.builtin.ClickKeyword.execute(ClickKeyword.groovy:40)
	at com.kms.katalon.core.keyword.internal.KeywordExecutor.executeKeywordForPlatform(KeywordExecutor.groovy:74)
	at com.kms.katalon.core.webui.keyword.WebUiBuiltInKeywords.click(WebUiBuiltInKeywords.groovy:620)
	at com.kms.katalon.core.webui.keyword.WebUiBuiltInKeywords$click$1.call(Unknown Source)
	at Script1641728496727.run(Script1641728496727.groovy:44)
	... 16 more
)

2022-01-15 13:14:50 - [MESSAGE][INFO] - Unable to find the element located by 'By.xpath: //span[@id='actionmenuaction-6']'. Please recheck the objects properties to make sure the desired element is located. 

2022-01-15 13:14:50 - [MESSAGE][WARNING] - [SELF-HEALING] Failed to find element with id 'Object Repository/Page_Edit questions/span_Export as Moodle XML'. Try using Self-healing.

2022-01-15 13:14:51 - [MESSAGE][INFO] - [SELF-HEALING] Failed Locator: '//span[@id='actionmenuaction-6']'.

2022-01-15 13:14:51 - [MESSAGE][INFO] - [SELF-HEALING] Failed Locator: '//div[@id='action-menu-1-menu']/a[6]/span'.

2022-01-15 13:14:51 - [MESSAGE][INFO] - [SELF-HEALING] Working Locator: '(.//*[normalize-space(text()) and normalize-space(.)='Delete'])[1]/following::span[1]'.

2022-01-15 13:14:51 - [MESSAGE][ERROR] - [SELF-HEALING] Cannot save screenshot to: C:\Users\antra\git\SE-Bonus-Assginment-Group1\Reports\Self-healing, reason: unknown error: unhandled inspector error: {"code":-32000,"message":"Cannot take screenshot with 0 width."}
  (Session info: chrome=97.0.4692.71)
Build info: version: '3.141.59', revision: 'e82be7d358', time: '2018-11-14T08:25:53'
System info: host: 'DESKTOP-5O7CBM9', ip: '192.168.16.1', os.name: 'Windows 10', os.arch: 'amd64', os.version: '10.0', java.version: '1.8.0_282'
Driver info: com.kms.katalon.selenium.driver.CChromeDriver
Capabilities {acceptInsecureCerts: false, browserName: chrome, browserVersion: 97.0.4692.71, chrome: {chromedriverVersion: 97.0.4692.71 (adefa7837d02a..., userDataDir: C:\Users\antra\AppData\Loca...}, goog:chromeOptions: {debuggerAddress: localhost:55121}, javascriptEnabled: true, networkConnectionEnabled: false, pageLoadStrategy: normal, platform: WINDOWS, platformName: WINDOWS, proxy: Proxy(), setWindowRect: true, strictFileInteractability: false, timeouts: {implicit: 0, pageLoad: 300000, script: 30000}, unhandledPromptBehavior: dismiss and notify, webauthn:extension:credBlob: true, webauthn:extension:largeBlob: true, webauthn:virtualAuthenticators: true}
Session ID: c2c1e2802e0cd88b8e9940a66e06b1f3.

2022-01-15 13:14:51 - [MESSAGE][ERROR] - [SELF-HEALING] Cannot save screenshot to: C:\Users\antra\git\SE-Bonus-Assginment-Group1\Reports\Self-healing, reason: unknown error: unhandled inspector error: {"code":-32000,"message":"Cannot take screenshot with 0 width."}
  (Session info: chrome=97.0.4692.71)
Build info: version: '3.141.59', revision: 'e82be7d358', time: '2018-11-14T08:25:53'
System info: host: 'DESKTOP-5O7CBM9', ip: '192.168.16.1', os.name: 'Windows 10', os.arch: 'amd64', os.version: '10.0', java.version: '1.8.0_282'
Driver info: com.kms.katalon.selenium.driver.CChromeDriver
Capabilities {acceptInsecureCerts: false, browserName: chrome, browserVersion: 97.0.4692.71, chrome: {chromedriverVersion: 97.0.4692.71 (adefa7837d02a..., userDataDir: C:\Users\antra\AppData\Loca...}, goog:chromeOptions: {debuggerAddress: localhost:55121}, javascriptEnabled: true, networkConnectionEnabled: false, pageLoadStrategy: normal, platform: WINDOWS, platformName: WINDOWS, proxy: Proxy(), setWindowRect: true, strictFileInteractability: false, timeouts: {implicit: 0, pageLoad: 300000, script: 30000}, unhandledPromptBehavior: dismiss and notify, webauthn:extension:credBlob: true, webauthn:extension:largeBlob: true, webauthn:virtualAuthenticators: true}
Session ID: c2c1e2802e0cd88b8e9940a66e06b1f3.

2022-01-15 13:14:51 - [MESSAGE][WARNING] - [SELF-HEALING] 'other' is different type of Path

2022-01-15 13:14:52 - [MESSAGE][INFO] - Unable to find the element located by 'By.xpath: //*[@id = 'actionmenuaction-6' and (text() = 'Export as Moodle XML' or . = 'Export as Moodle XML')]'. Please recheck the objects properties to make sure the desired element is located. 

2022-01-15 13:14:53 - [MESSAGE][INFO] - Unable to find the element located by 'By.cssSelector: #actionmenuaction-6'. Please recheck the objects properties to make sure the desired element is located. 

2022-01-15 13:14:54 - [MESSAGE][FAILED] - Unable to click on object 'Object Repository/Page_Edit questions/span_Export as Moodle XML' (Root cause: com.kms.katalon.core.exception.StepFailedException: Unable to click on object 'Object Repository/Page_Edit questions/span_Export as Moodle XML'
	at com.kms.katalon.core.webui.keyword.internal.WebUIKeywordMain.stepFailed(WebUIKeywordMain.groovy:64)
	at com.kms.katalon.core.webui.keyword.internal.WebUIKeywordMain.runKeyword(WebUIKeywordMain.groovy:26)
	at com.kms.katalon.core.webui.keyword.builtin.ClickKeyword.click(ClickKeyword.groovy:74)
	at com.kms.katalon.core.webui.keyword.builtin.ClickKeyword.execute(ClickKeyword.groovy:40)
	at com.kms.katalon.core.keyword.internal.KeywordExecutor.executeKeywordForPlatform(KeywordExecutor.groovy:74)
	at com.kms.katalon.core.webui.keyword.WebUiBuiltInKeywords.click(WebUiBuiltInKeywords.groovy:620)
	at com.kms.katalon.core.webui.keyword.WebUiBuiltInKeywords$click$1.call(Unknown Source)
	at Export essay quesion as XML.run(Export essay quesion as XML:44)
	at com.kms.katalon.core.main.ScriptEngine.run(ScriptEngine.java:194)
	at com.kms.katalon.core.main.ScriptEngine.runScriptAsRawText(ScriptEngine.java:119)
	at com.kms.katalon.core.main.TestCaseExecutor.runScript(TestCaseExecutor.java:442)
	at com.kms.katalon.core.main.TestCaseExecutor.doExecute(TestCaseExecutor.java:433)
	at com.kms.katalon.core.main.TestCaseExecutor.processExecutionPhase(TestCaseExecutor.java:412)
	at com.kms.katalon.core.main.TestCaseExecutor.accessMainPhase(TestCaseExecutor.java:404)
	at com.kms.katalon.core.main.TestCaseExecutor.execute(TestCaseExecutor.java:281)
	at com.kms.katalon.core.main.TestCaseExecutor.execute(TestCaseExecutor.java:363)
	at com.kms.katalon.core.main.TestCaseExecutor.execute(TestCaseExecutor.java:363)
	at com.kms.katalon.core.main.TestCaseExecutor.execute(TestCaseExecutor.java:363)
	at com.kms.katalon.core.main.TestSuiteExecutor.accessTestCaseMainPhase(TestSuiteExecutor.java:202)
	at com.kms.katalon.core.main.TestSuiteExecutor.accessTestSuiteMainPhase(TestSuiteExecutor.java:164)
	at com.kms.katalon.core.main.TestSuiteExecutor.execute(TestSuiteExecutor.java:105)
	at com.kms.katalon.core.main.TestCaseMain.startTestSuite(TestCaseMain.java:181)
	at com.kms.katalon.core.main.TestCaseMain$startTestSuite$0.call(Unknown Source)
	at TempTestSuite1642221613940.run(TempTestSuite1642221613940.groovy:36)
Caused by: com.kms.katalon.core.webui.exception.WebElementNotFoundException: Web element with id: 'Object Repository/Page_Edit questions/span_Export as Moodle XML' located by '//span[@id='actionmenuaction-6']' not found
	at com.kms.katalon.core.webui.common.WebUiCommonHelper.findWebElement(WebUiCommonHelper.java:1368)
	at com.kms.katalon.core.webui.keyword.internal.WebUIAbstractKeyword.findWebElement(WebUIAbstractKeyword.groovy:27)
	at com.kms.katalon.core.webui.keyword.builtin.ClickKeyword$_click_closure1.doCall(ClickKeyword.groovy:65)
	at com.kms.katalon.core.webui.keyword.builtin.ClickKeyword$_click_closure1.call(ClickKeyword.groovy)
	at com.kms.katalon.core.webui.keyword.internal.WebUIKeywordMain.runKeyword(WebUIKeywordMain.groovy:20)
	at com.kms.katalon.core.webui.keyword.builtin.ClickKeyword.click(ClickKeyword.groovy:74)
	at com.kms.katalon.core.webui.keyword.builtin.ClickKeyword.execute(ClickKeyword.groovy:40)
	at com.kms.katalon.core.keyword.internal.KeywordExecutor.executeKeywordForPlatform(KeywordExecutor.groovy:74)
	at com.kms.katalon.core.webui.keyword.WebUiBuiltInKeywords.click(WebUiBuiltInKeywords.groovy:620)
	at com.kms.katalon.core.webui.keyword.WebUiBuiltInKeywords$click$1.call(Unknown Source)
	at Script1641728496727.run(Script1641728496727.groovy:44)
	... 16 more
)
[[ATTACHMENT|C:\\Users\\antra\\git\\SE-Bonus-Assginment-Group1\\Reports\\20220115_114013\\Run all test cases\\20220115_114013\\1642227293970.png]]]]></system-out>
         <system-err><![CDATA[2022-01-15 13:12:30 - [TEST_CASE][FAILED] - Test Cases/Question bank/Export essay quesion as XML: Test Cases/Question bank/Export essay quesion as XML FAILED.
Reason:
com.kms.katalon.core.exception.StepFailedException: Unable to click on object 'Object Repository/Page_Edit questions/span_Export as Moodle XML'
	at com.kms.katalon.core.webui.keyword.internal.WebUIKeywordMain.stepFailed(WebUIKeywordMain.groovy:64)
	at com.kms.katalon.core.webui.keyword.internal.WebUIKeywordMain.runKeyword(WebUIKeywordMain.groovy:26)
	at com.kms.katalon.core.webui.keyword.builtin.ClickKeyword.click(ClickKeyword.groovy:74)
	at com.kms.katalon.core.webui.keyword.builtin.ClickKeyword.execute(ClickKeyword.groovy:40)
	at com.kms.katalon.core.keyword.internal.KeywordExecutor.executeKeywordForPlatform(KeywordExecutor.groovy:74)
	at com.kms.katalon.core.webui.keyword.WebUiBuiltInKeywords.click(WebUiBuiltInKeywords.groovy:620)
	at com.kms.katalon.core.webui.keyword.WebUiBuiltInKeywords$click$1.call(Unknown Source)
	at Export essay quesion as XML.run(Export essay quesion as XML:44)
	at com.kms.katalon.core.main.ScriptEngine.run(ScriptEngine.java:194)
	at com.kms.katalon.core.main.ScriptEngine.runScriptAsRawText(ScriptEngine.java:119)
	at com.kms.katalon.core.main.TestCaseExecutor.runScript(TestCaseExecutor.java:442)
	at com.kms.katalon.core.main.TestCaseExecutor.doExecute(TestCaseExecutor.java:433)
	at com.kms.katalon.core.main.TestCaseExecutor.processExecutionPhase(TestCaseExecutor.java:412)
	at com.kms.katalon.core.main.TestCaseExecutor.accessMainPhase(TestCaseExecutor.java:404)
	at com.kms.katalon.core.main.TestCaseExecutor.execute(TestCaseExecutor.java:281)
	at com.kms.katalon.core.main.TestCaseExecutor.execute(TestCaseExecutor.java:363)
	at com.kms.katalon.core.main.TestCaseExecutor.execute(TestCaseExecutor.java:363)
	at com.kms.katalon.core.main.TestCaseExecutor.execute(TestCaseExecutor.java:363)
	at com.kms.katalon.core.main.TestSuiteExecutor.accessTestCaseMainPhase(TestSuiteExecutor.java:202)
	at com.kms.katalon.core.main.TestSuiteExecutor.accessTestSuiteMainPhase(TestSuiteExecutor.java:164)
	at com.kms.katalon.core.main.TestSuiteExecutor.execute(TestSuiteExecutor.java:105)
	at com.kms.katalon.core.main.TestCaseMain.startTestSuite(TestCaseMain.java:181)
	at com.kms.katalon.core.main.TestCaseMain$startTestSuite$0.call(Unknown Source)
	at TempTestSuite1642221613940.run(TempTestSuite1642221613940.groovy:36)
Caused by: com.kms.katalon.core.webui.exception.WebElementNotFoundException: Web element with id: 'Object Repository/Page_Edit questions/span_Export as Moodle XML' located by '//span[@id='actionmenuaction-6']' not found
	at com.kms.katalon.core.webui.common.WebUiCommonHelper.findWebElement(WebUiCommonHelper.java:1368)
	at com.kms.katalon.core.webui.keyword.internal.WebUIAbstractKeyword.findWebElement(WebUIAbstractKeyword.groovy:27)
	at com.kms.katalon.core.webui.keyword.builtin.ClickKeyword$_click_closure1.doCall(ClickKeyword.groovy:65)
	at com.kms.katalon.core.webui.keyword.builtin.ClickKeyword$_click_closure1.call(ClickKeyword.groovy)
	at com.kms.katalon.core.webui.keyword.internal.WebUIKeywordMain.runKeyword(WebUIKeywordMain.groovy:20)
	... 22 more]]></system-err>
      </testcase>
      <testcase name="Test Cases/Question bank/Delete a question in question bank" time="141.848" classname="Test Cases/Question bank/Delete a question in question bank" status="FAILED">
         <failure type="FAILED" message="Test Cases/Question bank/Delete a question in question bank FAILED.
Reason:
com.kms.katalon.core.exception.StepFailedException: Unable to click on object 'Object Repository/Page_Edit questions/a_Delete'
	at com.kms.katalon.core.webui.keyword.internal.WebUIKeywordMain.stepFailed(WebUIKeywordMain.groovy:64)
	at com.kms.katalon.core.webui.keyword.internal.WebUIKeywordMain.runKeyword(WebUIKeywordMain.groovy:26)
	at com.kms.katalon.core.webui.keyword.builtin.ClickKeyword.click(ClickKeyword.groovy:74)
	at com.kms.katalon.core.webui.keyword.builtin.ClickKeyword.execute(ClickKeyword.groovy:40)
	at com.kms.katalon.core.keyword.internal.KeywordExecutor.executeKeywordForPlatform(KeywordExecutor.groovy:74)
	at com.kms.katalon.core.webui.keyword.WebUiBuiltInKeywords.click(WebUiBuiltInKeywords.groovy:620)
	at com.kms.katalon.core.webui.keyword.WebUiBuiltInKeywords$click$1.call(Unknown Source)
	at Delete a question in question bank.run(Delete a question in question bank:44)
	at com.kms.katalon.core.main.ScriptEngine.run(ScriptEngine.java:194)
	at com.kms.katalon.core.main.ScriptEngine.runScriptAsRawText(ScriptEngine.java:119)
	at com.kms.katalon.core.main.TestCaseExecutor.runScript(TestCaseExecutor.java:442)
	at com.kms.katalon.core.main.TestCaseExecutor.doExecute(TestCaseExecutor.java:433)
	at com.kms.katalon.core.main.TestCaseExecutor.processExecutionPhase(TestCaseExecutor.java:412)
	at com.kms.katalon.core.main.TestCaseExecutor.accessMainPhase(TestCaseExecutor.java:404)
	at com.kms.katalon.core.main.TestCaseExecutor.execute(TestCaseExecutor.java:281)
	at com.kms.katalon.core.main.TestCaseExecutor.execute(TestCaseExecutor.java:363)
	at com.kms.katalon.core.main.TestCaseExecutor.execute(TestCaseExecutor.java:363)
	at com.kms.katalon.core.main.TestCaseExecutor.execute(TestCaseExecutor.java:363)
	at com.kms.katalon.core.main.TestSuiteExecutor.accessTestCaseMainPhase(TestSuiteExecutor.java:202)
	at com.kms.katalon.core.main.TestSuiteExecutor.accessTestSuiteMainPhase(TestSuiteExecutor.java:164)
	at com.kms.katalon.core.main.TestSuiteExecutor.execute(TestSuiteExecutor.java:105)
	at com.kms.katalon.core.main.TestCaseMain.startTestSuite(TestCaseMain.java:181)
	at com.kms.katalon.core.main.TestCaseMain$startTestSuite$0.call(Unknown Source)
	at TempTestSuite1642221613940.run(TempTestSuite1642221613940.groovy:36)
Caused by: com.kms.katalon.core.webui.exception.WebElementNotFoundException: Web element with id: 'Object Repository/Page_Edit questions/a_Delete' located by '//div[@id='action-menu-1-menu']/a[5]' not found
	at com.kms.katalon.core.webui.common.WebUiCommonHelper.findWebElement(WebUiCommonHelper.java:1368)
	at com.kms.katalon.core.webui.keyword.internal.WebUIAbstractKeyword.findWebElement(WebUIAbstractKeyword.groovy:27)
	at com.kms.katalon.core.webui.keyword.builtin.ClickKeyword$_click_closure1.doCall(ClickKeyword.groovy:65)
	at com.kms.katalon.core.webui.keyword.builtin.ClickKeyword$_click_closure1.call(ClickKeyword.groovy)
	at com.kms.katalon.core.webui.keyword.internal.WebUIKeywordMain.runKeyword(WebUIKeywordMain.groovy:20)
	... 22 more
"/>
         <system-out><![CDATA[2022-01-15 13:22:00 - [TEST_CASE][FAILED] - Test Cases/Question bank/Delete a question in question bank: Test Cases/Question bank/Delete a question in question bank FAILED.
Reason:
com.kms.katalon.core.exception.StepFailedException: Unable to click on object 'Object Repository/Page_Edit questions/a_Delete'
	at com.kms.katalon.core.webui.keyword.internal.WebUIKeywordMain.stepFailed(WebUIKeywordMain.groovy:64)
	at com.kms.katalon.core.webui.keyword.internal.WebUIKeywordMain.runKeyword(WebUIKeywordMain.groovy:26)
	at com.kms.katalon.core.webui.keyword.builtin.ClickKeyword.click(ClickKeyword.groovy:74)
	at com.kms.katalon.core.webui.keyword.builtin.ClickKeyword.execute(ClickKeyword.groovy:40)
	at com.kms.katalon.core.keyword.internal.KeywordExecutor.executeKeywordForPlatform(KeywordExecutor.groovy:74)
	at com.kms.katalon.core.webui.keyword.WebUiBuiltInKeywords.click(WebUiBuiltInKeywords.groovy:620)
	at com.kms.katalon.core.webui.keyword.WebUiBuiltInKeywords$click$1.call(Unknown Source)
	at Delete a question in question bank.run(Delete a question in question bank:44)
	at com.kms.katalon.core.main.ScriptEngine.run(ScriptEngine.java:194)
	at com.kms.katalon.core.main.ScriptEngine.runScriptAsRawText(ScriptEngine.java:119)
	at com.kms.katalon.core.main.TestCaseExecutor.runScript(TestCaseExecutor.java:442)
	at com.kms.katalon.core.main.TestCaseExecutor.doExecute(TestCaseExecutor.java:433)
	at com.kms.katalon.core.main.TestCaseExecutor.processExecutionPhase(TestCaseExecutor.java:412)
	at com.kms.katalon.core.main.TestCaseExecutor.accessMainPhase(TestCaseExecutor.java:404)
	at com.kms.katalon.core.main.TestCaseExecutor.execute(TestCaseExecutor.java:281)
	at com.kms.katalon.core.main.TestCaseExecutor.execute(TestCaseExecutor.java:363)
	at com.kms.katalon.core.main.TestCaseExecutor.execute(TestCaseExecutor.java:363)
	at com.kms.katalon.core.main.TestCaseExecutor.execute(TestCaseExecutor.java:363)
	at com.kms.katalon.core.main.TestSuiteExecutor.accessTestCaseMainPhase(TestSuiteExecutor.java:202)
	at com.kms.katalon.core.main.TestSuiteExecutor.accessTestSuiteMainPhase(TestSuiteExecutor.java:164)
	at com.kms.katalon.core.main.TestSuiteExecutor.execute(TestSuiteExecutor.java:105)
	at com.kms.katalon.core.main.TestCaseMain.startTestSuite(TestCaseMain.java:181)
	at com.kms.katalon.core.main.TestCaseMain$startTestSuite$0.call(Unknown Source)
	at TempTestSuite1642221613940.run(TempTestSuite1642221613940.groovy:36)
Caused by: com.kms.katalon.core.webui.exception.WebElementNotFoundException: Web element with id: 'Object Repository/Page_Edit questions/a_Delete' located by '//div[@id='action-menu-1-menu']/a[5]' not found
	at com.kms.katalon.core.webui.common.WebUiCommonHelper.findWebElement(WebUiCommonHelper.java:1368)
	at com.kms.katalon.core.webui.keyword.internal.WebUIAbstractKeyword.findWebElement(WebUIAbstractKeyword.groovy:27)
	at com.kms.katalon.core.webui.keyword.builtin.ClickKeyword$_click_closure1.doCall(ClickKeyword.groovy:65)
	at com.kms.katalon.core.webui.keyword.builtin.ClickKeyword$_click_closure1.call(ClickKeyword.groovy)
	at com.kms.katalon.core.webui.keyword.internal.WebUIKeywordMain.runKeyword(WebUIKeywordMain.groovy:20)
	... 22 more


2022-01-15 13:22:00 - [TEST_STEP][PASSED] - openBrowser(""): Browser is opened with url: ''

2022-01-15 13:22:00 - [MESSAGE][WARNING] - A browser is already opened. Closing browser and opening a new one

2022-01-15 13:22:00 - [MESSAGE][INFO] - Starting 'Chrome' driver

2022-01-15 13:22:00 - [MESSAGE][INFO] - Action delay is set to 0 milliseconds

2022-01-15 13:22:02 - [MESSAGE][PASSED] - Browser is opened with url: ''

2022-01-15 13:22:02 - [TEST_STEP][PASSED] - navigateToUrl("http://localhost/"): Navigate to 'http://localhost/' successfully

2022-01-15 13:22:03 - [MESSAGE][PASSED] - Navigate to 'http://localhost/' successfully

2022-01-15 13:22:03 - [TEST_STEP][PASSED] - click(findTestObject("Object Repository/Page_L Tm Anh/a_Log in")): Object: 'Object Repository/Page_L Tm Anh/a_Log in' is clicked on

2022-01-15 13:22:04 - [MESSAGE][PASSED] - Object: 'Object Repository/Page_L Tm Anh/a_Log in' is clicked on

2022-01-15 13:22:04 - [TEST_STEP][PASSED] - setText(findTestObject("Object Repository/Page_L Tm Anh Log in to the site/input_Username_username"), "beta"): Text 'beta' is set on object 'Object Repository/Page_L Tm Anh Log in to the site/input_Username_username'

2022-01-15 13:22:05 - [MESSAGE][PASSED] - Text 'beta' is set on object 'Object Repository/Page_L Tm Anh Log in to the site/input_Username_username'

2022-01-15 13:22:05 - [TEST_STEP][PASSED] - setEncryptedText(findTestObject("Object Repository/Page_L Tm Anh Log in to the site/input_Password_password"), "eGmz8XUbrLe3vUQiiiujBg=="): Text ****** has been set on object 'Object Repository/Page_L Tm Anh Log in to the site/input_Password_password'

2022-01-15 13:22:05 - [MESSAGE][PASSED] - Text ****** has been set on object 'Object Repository/Page_L Tm Anh Log in to the site/input_Password_password'

2022-01-15 13:22:05 - [TEST_STEP][PASSED] - click(findTestObject("Object Repository/Page_L Tm Anh Log in to the site/button_Log in")): Object: 'Object Repository/Page_L Tm Anh Log in to the site/button_Log in' is clicked on

2022-01-15 13:22:06 - [MESSAGE][PASSED] - Object: 'Object Repository/Page_L Tm Anh Log in to the site/button_Log in' is clicked on

2022-01-15 13:22:06 - [TEST_STEP][PASSED] - click(findTestObject("Object Repository/Page_Dashboard/a_My courses")): Object: 'Object Repository/Page_Dashboard/a_My courses' is clicked on

2022-01-15 13:22:38 - [MESSAGE][INFO] - Unable to find the element located by 'By.xpath: //ul[@id='moremenu-61e0e36aac914-navbar-nav']/li[3]/a'. Please recheck the objects properties to make sure the desired element is located. 

2022-01-15 13:22:38 - [MESSAGE][WARNING] - [SELF-HEALING] Failed to find element with id 'Object Repository/Page_Dashboard/a_My courses'. Try using Self-healing.

2022-01-15 13:22:38 - [MESSAGE][WARNING] - [SELF-HEALING] The current locator of test object 'Object Repository/Page_Dashboard/a_My courses' was broken. Propose an alternative one: '//a[contains(text(),'My courses')]'.

2022-01-15 13:22:39 - [MESSAGE][PASSED] - Object: 'Object Repository/Page_Dashboard/a_My courses' is clicked on

2022-01-15 13:22:39 - [TEST_STEP][PASSED] - click(findTestObject("Object Repository/Page_My courses/div_Course image")): Object: 'Object Repository/Page_My courses/div_Course image' is clicked on

2022-01-15 13:22:40 - [MESSAGE][PASSED] - Object: 'Object Repository/Page_My courses/div_Course image' is clicked on

2022-01-15 13:22:40 - [TEST_STEP][PASSED] - click(findTestObject("Object Repository/Page_Course 2/a_More")): Object: 'Object Repository/Page_Course 2/a_More' is clicked on

2022-01-15 13:23:12 - [MESSAGE][INFO] - Unable to find the element located by 'By.xpath: //a[@id='moremenu-dropdown-61dcbc055a0de']'. Please recheck the objects properties to make sure the desired element is located. 

2022-01-15 13:23:12 - [MESSAGE][WARNING] - [SELF-HEALING] Failed to find element with id 'Object Repository/Page_Course 2/a_More'. Try using Self-healing.

2022-01-15 13:23:12 - [MESSAGE][WARNING] - [SELF-HEALING] The current locator of test object 'Object Repository/Page_Course 2/a_More' was broken. Propose an alternative one: '(//a[contains(text(),'More')])[2]'.

2022-01-15 13:23:12 - [MESSAGE][PASSED] - Object: 'Object Repository/Page_Course 2/a_More' is clicked on

2022-01-15 13:23:12 - [TEST_STEP][PASSED] - click(findTestObject("Object Repository/Page_Course 2/a_Question bank")): Object: 'Object Repository/Page_Course 2/a_Question bank' is clicked on

2022-01-15 13:23:44 - [MESSAGE][INFO] - Unable to find the element located by 'By.xpath: //li[@id='yui_3_17_2_1_1641856005443_47']/ul/li/a'. Please recheck the objects properties to make sure the desired element is located. 

2022-01-15 13:23:44 - [MESSAGE][WARNING] - [SELF-HEALING] Failed to find element with id 'Object Repository/Page_Course 2/a_Question bank'. Try using Self-healing.

2022-01-15 13:23:44 - [MESSAGE][WARNING] - [SELF-HEALING] The current locator of test object 'Object Repository/Page_Course 2/a_Question bank' was broken. Propose an alternative one: '//a[contains(text(),'Question bank')]'.

2022-01-15 13:23:45 - [MESSAGE][PASSED] - Object: 'Object Repository/Page_Course 2/a_Question bank' is clicked on

2022-01-15 13:23:45 - [TEST_STEP][PASSED] - scrollToElement(findTestObject("Object Repository/Page_Edit questions/a_Edit"), 0): Scroll to object 'Object Repository/Page_Edit questions/a_Edit' successfully

2022-01-15 13:23:45 - [MESSAGE][WARNING] - Timeout '0' is invalid. Using default page load timeout: '30'

2022-01-15 13:23:45 - [MESSAGE][PASSED] - Scroll to object 'Object Repository/Page_Edit questions/a_Edit' successfully

2022-01-15 13:23:45 - [TEST_STEP][PASSED] - click(findTestObject("Object Repository/Page_Edit questions/a_Edit")): Object: 'Object Repository/Page_Edit questions/a_Edit' is clicked on

2022-01-15 13:23:46 - [MESSAGE][PASSED] - Object: 'Object Repository/Page_Edit questions/a_Edit' is clicked on

2022-01-15 13:23:46 - [TEST_STEP][FAILED] - click(findTestObject("Object Repository/Page_Edit questions/a_Delete")): Unable to click on object 'Object Repository/Page_Edit questions/a_Delete' (Root cause: com.kms.katalon.core.exception.StepFailedException: Unable to click on object 'Object Repository/Page_Edit questions/a_Delete'
	at com.kms.katalon.core.webui.keyword.internal.WebUIKeywordMain.stepFailed(WebUIKeywordMain.groovy:64)
	at com.kms.katalon.core.webui.keyword.internal.WebUIKeywordMain.runKeyword(WebUIKeywordMain.groovy:26)
	at com.kms.katalon.core.webui.keyword.builtin.ClickKeyword.click(ClickKeyword.groovy:74)
	at com.kms.katalon.core.webui.keyword.builtin.ClickKeyword.execute(ClickKeyword.groovy:40)
	at com.kms.katalon.core.keyword.internal.KeywordExecutor.executeKeywordForPlatform(KeywordExecutor.groovy:74)
	at com.kms.katalon.core.webui.keyword.WebUiBuiltInKeywords.click(WebUiBuiltInKeywords.groovy:620)
	at com.kms.katalon.core.webui.keyword.WebUiBuiltInKeywords$click$1.call(Unknown Source)
	at Delete a question in question bank.run(Delete a question in question bank:44)
	at com.kms.katalon.core.main.ScriptEngine.run(ScriptEngine.java:194)
	at com.kms.katalon.core.main.ScriptEngine.runScriptAsRawText(ScriptEngine.java:119)
	at com.kms.katalon.core.main.TestCaseExecutor.runScript(TestCaseExecutor.java:442)
	at com.kms.katalon.core.main.TestCaseExecutor.doExecute(TestCaseExecutor.java:433)
	at com.kms.katalon.core.main.TestCaseExecutor.processExecutionPhase(TestCaseExecutor.java:412)
	at com.kms.katalon.core.main.TestCaseExecutor.accessMainPhase(TestCaseExecutor.java:404)
	at com.kms.katalon.core.main.TestCaseExecutor.execute(TestCaseExecutor.java:281)
	at com.kms.katalon.core.main.TestCaseExecutor.execute(TestCaseExecutor.java:363)
	at com.kms.katalon.core.main.TestCaseExecutor.execute(TestCaseExecutor.java:363)
	at com.kms.katalon.core.main.TestCaseExecutor.execute(TestCaseExecutor.java:363)
	at com.kms.katalon.core.main.TestSuiteExecutor.accessTestCaseMainPhase(TestSuiteExecutor.java:202)
	at com.kms.katalon.core.main.TestSuiteExecutor.accessTestSuiteMainPhase(TestSuiteExecutor.java:164)
	at com.kms.katalon.core.main.TestSuiteExecutor.execute(TestSuiteExecutor.java:105)
	at com.kms.katalon.core.main.TestCaseMain.startTestSuite(TestCaseMain.java:181)
	at com.kms.katalon.core.main.TestCaseMain$startTestSuite$0.call(Unknown Source)
	at TempTestSuite1642221613940.run(TempTestSuite1642221613940.groovy:36)
Caused by: com.kms.katalon.core.webui.exception.WebElementNotFoundException: Web element with id: 'Object Repository/Page_Edit questions/a_Delete' located by '//div[@id='action-menu-1-menu']/a[5]' not found
	at com.kms.katalon.core.webui.common.WebUiCommonHelper.findWebElement(WebUiCommonHelper.java:1368)
	at com.kms.katalon.core.webui.keyword.internal.WebUIAbstractKeyword.findWebElement(WebUIAbstractKeyword.groovy:27)
	at com.kms.katalon.core.webui.keyword.builtin.ClickKeyword$_click_closure1.doCall(ClickKeyword.groovy:65)
	at com.kms.katalon.core.webui.keyword.builtin.ClickKeyword$_click_closure1.call(ClickKeyword.groovy)
	at com.kms.katalon.core.webui.keyword.internal.WebUIKeywordMain.runKeyword(WebUIKeywordMain.groovy:20)
	at com.kms.katalon.core.webui.keyword.builtin.ClickKeyword.click(ClickKeyword.groovy:74)
	at com.kms.katalon.core.webui.keyword.builtin.ClickKeyword.execute(ClickKeyword.groovy:40)
	at com.kms.katalon.core.keyword.internal.KeywordExecutor.executeKeywordForPlatform(KeywordExecutor.groovy:74)
	at com.kms.katalon.core.webui.keyword.WebUiBuiltInKeywords.click(WebUiBuiltInKeywords.groovy:620)
	at com.kms.katalon.core.webui.keyword.WebUiBuiltInKeywords$click$1.call(Unknown Source)
	at Script1641726012424.run(Script1641726012424.groovy:44)
	... 16 more
)

2022-01-15 13:24:17 - [MESSAGE][INFO] - Unable to find the element located by 'By.xpath: //div[@id='action-menu-1-menu']/a[5]'. Please recheck the objects properties to make sure the desired element is located. 

2022-01-15 13:24:17 - [MESSAGE][WARNING] - [SELF-HEALING] Failed to find element with id 'Object Repository/Page_Edit questions/a_Delete'. Try using Self-healing.

2022-01-15 13:24:18 - [MESSAGE][INFO] - [SELF-HEALING] Failed Locator: '//div[@id='action-menu-1-menu']/a[5]'.

2022-01-15 13:24:18 - [MESSAGE][INFO] - [SELF-HEALING] Failed Locator: '(.//*[normalize-space(text()) and normalize-space(.)='Preview'])[1]/following::a[1]'.

2022-01-15 13:24:18 - [MESSAGE][INFO] - [SELF-HEALING] Failed Locator: '(.//*[normalize-space(text()) and normalize-space(.)='Manage tags'])[1]/following::a[2]'.

2022-01-15 13:24:19 - [MESSAGE][INFO] - [SELF-HEALING] Failed Locator: '(.//*[normalize-space(text()) and normalize-space(.)='Export as Moodle XML'])[1]/preceding::a[1]'.

2022-01-15 13:24:19 - [MESSAGE][INFO] - [SELF-HEALING] Failed Locator: '//a[@href='http://localhost/question/bank/deletequestion/delete.php?deleteselected=102&q102=1&sesskey=xbj1Sinngr&courseid=3&returnurl=%2Fquestion%2Fedit.php%3Fcourseid%3D3']'.

2022-01-15 13:24:19 - [MESSAGE][INFO] - [SELF-HEALING] Working Locator: '//a[5]'.

2022-01-15 13:24:19 - [MESSAGE][ERROR] - [SELF-HEALING] Cannot save screenshot to: C:\Users\antra\git\SE-Bonus-Assginment-Group1\Reports\Self-healing, reason: unknown error: unhandled inspector error: {"code":-32000,"message":"Cannot take screenshot with 0 width."}
  (Session info: chrome=97.0.4692.71)
Build info: version: '3.141.59', revision: 'e82be7d358', time: '2018-11-14T08:25:53'
System info: host: 'DESKTOP-5O7CBM9', ip: '192.168.16.1', os.name: 'Windows 10', os.arch: 'amd64', os.version: '10.0', java.version: '1.8.0_282'
Driver info: com.kms.katalon.selenium.driver.CChromeDriver
Capabilities {acceptInsecureCerts: false, browserName: chrome, browserVersion: 97.0.4692.71, chrome: {chromedriverVersion: 97.0.4692.71 (adefa7837d02a..., userDataDir: C:\Users\antra\AppData\Loca...}, goog:chromeOptions: {debuggerAddress: localhost:55487}, javascriptEnabled: true, networkConnectionEnabled: false, pageLoadStrategy: normal, platform: WINDOWS, platformName: WINDOWS, proxy: Proxy(), setWindowRect: true, strictFileInteractability: false, timeouts: {implicit: 0, pageLoad: 300000, script: 30000}, unhandledPromptBehavior: dismiss and notify, webauthn:extension:credBlob: true, webauthn:extension:largeBlob: true, webauthn:virtualAuthenticators: true}
Session ID: e7d41da3b8c15746c0bd3522e2f30087.

2022-01-15 13:24:19 - [MESSAGE][ERROR] - [SELF-HEALING] Cannot save screenshot to: C:\Users\antra\git\SE-Bonus-Assginment-Group1\Reports\Self-healing, reason: unknown error: unhandled inspector error: {"code":-32000,"message":"Cannot take screenshot with 0 width."}
  (Session info: chrome=97.0.4692.71)
Build info: version: '3.141.59', revision: 'e82be7d358', time: '2018-11-14T08:25:53'
System info: host: 'DESKTOP-5O7CBM9', ip: '192.168.16.1', os.name: 'Windows 10', os.arch: 'amd64', os.version: '10.0', java.version: '1.8.0_282'
Driver info: com.kms.katalon.selenium.driver.CChromeDriver
Capabilities {acceptInsecureCerts: false, browserName: chrome, browserVersion: 97.0.4692.71, chrome: {chromedriverVersion: 97.0.4692.71 (adefa7837d02a..., userDataDir: C:\Users\antra\AppData\Loca...}, goog:chromeOptions: {debuggerAddress: localhost:55487}, javascriptEnabled: true, networkConnectionEnabled: false, pageLoadStrategy: normal, platform: WINDOWS, platformName: WINDOWS, proxy: Proxy(), setWindowRect: true, strictFileInteractability: false, timeouts: {implicit: 0, pageLoad: 300000, script: 30000}, unhandledPromptBehavior: dismiss and notify, webauthn:extension:credBlob: true, webauthn:extension:largeBlob: true, webauthn:virtualAuthenticators: true}
Session ID: e7d41da3b8c15746c0bd3522e2f30087.

2022-01-15 13:24:19 - [MESSAGE][WARNING] - [SELF-HEALING] 'other' is different type of Path

2022-01-15 13:24:20 - [MESSAGE][INFO] - Unable to find the element located by 'By.xpath: //*[@href = 'http://localhost/question/bank/deletequestion/delete.php?deleteselected=102&q102=1&sesskey=xbj1Sinngr&courseid=3&returnurl=%2Fquestion%2Fedit.php%3Fcourseid%3D3' and (text() = '
                                
                                Delete
                        ' or . = '
                                
                                Delete
                        ')]'. Please recheck the objects properties to make sure the desired element is located. 

2022-01-15 13:24:21 - [MESSAGE][INFO] - Unable to find the element located by 'By.cssSelector: '. Please recheck the objects properties to make sure the desired element is located. 

2022-01-15 13:24:22 - [MESSAGE][FAILED] - Unable to click on object 'Object Repository/Page_Edit questions/a_Delete' (Root cause: com.kms.katalon.core.exception.StepFailedException: Unable to click on object 'Object Repository/Page_Edit questions/a_Delete'
	at com.kms.katalon.core.webui.keyword.internal.WebUIKeywordMain.stepFailed(WebUIKeywordMain.groovy:64)
	at com.kms.katalon.core.webui.keyword.internal.WebUIKeywordMain.runKeyword(WebUIKeywordMain.groovy:26)
	at com.kms.katalon.core.webui.keyword.builtin.ClickKeyword.click(ClickKeyword.groovy:74)
	at com.kms.katalon.core.webui.keyword.builtin.ClickKeyword.execute(ClickKeyword.groovy:40)
	at com.kms.katalon.core.keyword.internal.KeywordExecutor.executeKeywordForPlatform(KeywordExecutor.groovy:74)
	at com.kms.katalon.core.webui.keyword.WebUiBuiltInKeywords.click(WebUiBuiltInKeywords.groovy:620)
	at com.kms.katalon.core.webui.keyword.WebUiBuiltInKeywords$click$1.call(Unknown Source)
	at Delete a question in question bank.run(Delete a question in question bank:44)
	at com.kms.katalon.core.main.ScriptEngine.run(ScriptEngine.java:194)
	at com.kms.katalon.core.main.ScriptEngine.runScriptAsRawText(ScriptEngine.java:119)
	at com.kms.katalon.core.main.TestCaseExecutor.runScript(TestCaseExecutor.java:442)
	at com.kms.katalon.core.main.TestCaseExecutor.doExecute(TestCaseExecutor.java:433)
	at com.kms.katalon.core.main.TestCaseExecutor.processExecutionPhase(TestCaseExecutor.java:412)
	at com.kms.katalon.core.main.TestCaseExecutor.accessMainPhase(TestCaseExecutor.java:404)
	at com.kms.katalon.core.main.TestCaseExecutor.execute(TestCaseExecutor.java:281)
	at com.kms.katalon.core.main.TestCaseExecutor.execute(TestCaseExecutor.java:363)
	at com.kms.katalon.core.main.TestCaseExecutor.execute(TestCaseExecutor.java:363)
	at com.kms.katalon.core.main.TestCaseExecutor.execute(TestCaseExecutor.java:363)
	at com.kms.katalon.core.main.TestSuiteExecutor.accessTestCaseMainPhase(TestSuiteExecutor.java:202)
	at com.kms.katalon.core.main.TestSuiteExecutor.accessTestSuiteMainPhase(TestSuiteExecutor.java:164)
	at com.kms.katalon.core.main.TestSuiteExecutor.execute(TestSuiteExecutor.java:105)
	at com.kms.katalon.core.main.TestCaseMain.startTestSuite(TestCaseMain.java:181)
	at com.kms.katalon.core.main.TestCaseMain$startTestSuite$0.call(Unknown Source)
	at TempTestSuite1642221613940.run(TempTestSuite1642221613940.groovy:36)
Caused by: com.kms.katalon.core.webui.exception.WebElementNotFoundException: Web element with id: 'Object Repository/Page_Edit questions/a_Delete' located by '//div[@id='action-menu-1-menu']/a[5]' not found
	at com.kms.katalon.core.webui.common.WebUiCommonHelper.findWebElement(WebUiCommonHelper.java:1368)
	at com.kms.katalon.core.webui.keyword.internal.WebUIAbstractKeyword.findWebElement(WebUIAbstractKeyword.groovy:27)
	at com.kms.katalon.core.webui.keyword.builtin.ClickKeyword$_click_closure1.doCall(ClickKeyword.groovy:65)
	at com.kms.katalon.core.webui.keyword.builtin.ClickKeyword$_click_closure1.call(ClickKeyword.groovy)
	at com.kms.katalon.core.webui.keyword.internal.WebUIKeywordMain.runKeyword(WebUIKeywordMain.groovy:20)
	at com.kms.katalon.core.webui.keyword.builtin.ClickKeyword.click(ClickKeyword.groovy:74)
	at com.kms.katalon.core.webui.keyword.builtin.ClickKeyword.execute(ClickKeyword.groovy:40)
	at com.kms.katalon.core.keyword.internal.KeywordExecutor.executeKeywordForPlatform(KeywordExecutor.groovy:74)
	at com.kms.katalon.core.webui.keyword.WebUiBuiltInKeywords.click(WebUiBuiltInKeywords.groovy:620)
	at com.kms.katalon.core.webui.keyword.WebUiBuiltInKeywords$click$1.call(Unknown Source)
	at Script1641726012424.run(Script1641726012424.groovy:44)
	... 16 more
)
[[ATTACHMENT|C:\\Users\\antra\\git\\SE-Bonus-Assginment-Group1\\Reports\\20220115_114013\\Run all test cases\\20220115_114013\\1642227861950.png]]]]></system-out>
         <system-err><![CDATA[2022-01-15 13:22:00 - [TEST_CASE][FAILED] - Test Cases/Question bank/Delete a question in question bank: Test Cases/Question bank/Delete a question in question bank FAILED.
Reason:
com.kms.katalon.core.exception.StepFailedException: Unable to click on object 'Object Repository/Page_Edit questions/a_Delete'
	at com.kms.katalon.core.webui.keyword.internal.WebUIKeywordMain.stepFailed(WebUIKeywordMain.groovy:64)
	at com.kms.katalon.core.webui.keyword.internal.WebUIKeywordMain.runKeyword(WebUIKeywordMain.groovy:26)
	at com.kms.katalon.core.webui.keyword.builtin.ClickKeyword.click(ClickKeyword.groovy:74)
	at com.kms.katalon.core.webui.keyword.builtin.ClickKeyword.execute(ClickKeyword.groovy:40)
	at com.kms.katalon.core.keyword.internal.KeywordExecutor.executeKeywordForPlatform(KeywordExecutor.groovy:74)
	at com.kms.katalon.core.webui.keyword.WebUiBuiltInKeywords.click(WebUiBuiltInKeywords.groovy:620)
	at com.kms.katalon.core.webui.keyword.WebUiBuiltInKeywords$click$1.call(Unknown Source)
	at Delete a question in question bank.run(Delete a question in question bank:44)
	at com.kms.katalon.core.main.ScriptEngine.run(ScriptEngine.java:194)
	at com.kms.katalon.core.main.ScriptEngine.runScriptAsRawText(ScriptEngine.java:119)
	at com.kms.katalon.core.main.TestCaseExecutor.runScript(TestCaseExecutor.java:442)
	at com.kms.katalon.core.main.TestCaseExecutor.doExecute(TestCaseExecutor.java:433)
	at com.kms.katalon.core.main.TestCaseExecutor.processExecutionPhase(TestCaseExecutor.java:412)
	at com.kms.katalon.core.main.TestCaseExecutor.accessMainPhase(TestCaseExecutor.java:404)
	at com.kms.katalon.core.main.TestCaseExecutor.execute(TestCaseExecutor.java:281)
	at com.kms.katalon.core.main.TestCaseExecutor.execute(TestCaseExecutor.java:363)
	at com.kms.katalon.core.main.TestCaseExecutor.execute(TestCaseExecutor.java:363)
	at com.kms.katalon.core.main.TestCaseExecutor.execute(TestCaseExecutor.java:363)
	at com.kms.katalon.core.main.TestSuiteExecutor.accessTestCaseMainPhase(TestSuiteExecutor.java:202)
	at com.kms.katalon.core.main.TestSuiteExecutor.accessTestSuiteMainPhase(TestSuiteExecutor.java:164)
	at com.kms.katalon.core.main.TestSuiteExecutor.execute(TestSuiteExecutor.java:105)
	at com.kms.katalon.core.main.TestCaseMain.startTestSuite(TestCaseMain.java:181)
	at com.kms.katalon.core.main.TestCaseMain$startTestSuite$0.call(Unknown Source)
	at TempTestSuite1642221613940.run(TempTestSuite1642221613940.groovy:36)
Caused by: com.kms.katalon.core.webui.exception.WebElementNotFoundException: Web element with id: 'Object Repository/Page_Edit questions/a_Delete' located by '//div[@id='action-menu-1-menu']/a[5]' not found
	at com.kms.katalon.core.webui.common.WebUiCommonHelper.findWebElement(WebUiCommonHelper.java:1368)
	at com.kms.katalon.core.webui.keyword.internal.WebUIAbstractKeyword.findWebElement(WebUIAbstractKeyword.groovy:27)
	at com.kms.katalon.core.webui.keyword.builtin.ClickKeyword$_click_closure1.doCall(ClickKeyword.groovy:65)
	at com.kms.katalon.core.webui.keyword.builtin.ClickKeyword$_click_closure1.call(ClickKeyword.groovy)
	at com.kms.katalon.core.webui.keyword.internal.WebUIKeywordMain.runKeyword(WebUIKeywordMain.groovy:20)
	... 22 more]]></system-err>
      </testcase>
      <testcase name="Test Cases/Quiz/Preview a quiz by teacher" time="172.831" classname="Test Cases/Quiz/Preview a quiz by teacher" status="PASSED">
         <system-out><![CDATA[2022-01-15 13:24:22 - [TEST_CASE][PASSED] - Test Cases/Quiz/Preview a quiz by teacher: Test Cases/Quiz/Preview a quiz by teacher

2022-01-15 13:24:22 - [TEST_STEP][PASSED] - openBrowser(""): Browser is opened with url: ''

2022-01-15 13:24:22 - [MESSAGE][WARNING] - A browser is already opened. Closing browser and opening a new one

2022-01-15 13:24:23 - [MESSAGE][INFO] - Starting 'Chrome' driver

2022-01-15 13:24:23 - [MESSAGE][INFO] - Action delay is set to 0 milliseconds

2022-01-15 13:24:24 - [MESSAGE][PASSED] - Browser is opened with url: ''

2022-01-15 13:24:24 - [TEST_STEP][PASSED] - navigateToUrl("http://localhost/"): Navigate to 'http://localhost/' successfully

2022-01-15 13:24:25 - [MESSAGE][PASSED] - Navigate to 'http://localhost/' successfully

2022-01-15 13:24:25 - [TEST_STEP][PASSED] - click(findTestObject("Object Repository/Page_L Tm Anh/a_Log in")): Object: 'Object Repository/Page_L Tm Anh/a_Log in' is clicked on

2022-01-15 13:24:26 - [MESSAGE][PASSED] - Object: 'Object Repository/Page_L Tm Anh/a_Log in' is clicked on

2022-01-15 13:24:26 - [TEST_STEP][PASSED] - setText(findTestObject("Object Repository/Page_L Tm Anh Log in to the site/input_Username_username"), "admin"): Text 'admin' is set on object 'Object Repository/Page_L Tm Anh Log in to the site/input_Username_username'

2022-01-15 13:24:26 - [MESSAGE][PASSED] - Text 'admin' is set on object 'Object Repository/Page_L Tm Anh Log in to the site/input_Username_username'

2022-01-15 13:24:26 - [TEST_STEP][PASSED] - setEncryptedText(findTestObject("Object Repository/Page_L Tm Anh Log in to the site/input_Password_password"), "eGmz8XUbrLe3vUQiiiujBg=="): Text ****** has been set on object 'Object Repository/Page_L Tm Anh Log in to the site/input_Password_password'

2022-01-15 13:24:27 - [MESSAGE][PASSED] - Text ****** has been set on object 'Object Repository/Page_L Tm Anh Log in to the site/input_Password_password'

2022-01-15 13:24:27 - [TEST_STEP][PASSED] - click(findTestObject("Object Repository/Page_L Tm Anh Log in to the site/button_Log in")): Object: 'Object Repository/Page_L Tm Anh Log in to the site/button_Log in' is clicked on

2022-01-15 13:24:33 - [MESSAGE][PASSED] - Object: 'Object Repository/Page_L Tm Anh Log in to the site/button_Log in' is clicked on

2022-01-15 13:24:33 - [TEST_STEP][PASSED] - click(findTestObject("Object Repository/Page_Dashboard/a_My courses")): Object: 'Object Repository/Page_Dashboard/a_My courses' is clicked on

2022-01-15 13:25:04 - [MESSAGE][INFO] - Unable to find the element located by 'By.xpath: //ul[@id='moremenu-61e0e36aac914-navbar-nav']/li[3]/a'. Please recheck the objects properties to make sure the desired element is located. 

2022-01-15 13:25:04 - [MESSAGE][WARNING] - [SELF-HEALING] Failed to find element with id 'Object Repository/Page_Dashboard/a_My courses'. Try using Self-healing.

2022-01-15 13:25:04 - [MESSAGE][WARNING] - [SELF-HEALING] The current locator of test object 'Object Repository/Page_Dashboard/a_My courses' was broken. Propose an alternative one: '//a[contains(text(),'My courses')]'.

2022-01-15 13:25:05 - [MESSAGE][PASSED] - Object: 'Object Repository/Page_Dashboard/a_My courses' is clicked on

2022-01-15 13:25:05 - [TEST_STEP][PASSED] - click(findTestObject("Object Repository/Page_My courses/div_Course image")): Object: 'Object Repository/Page_My courses/div_Course image' is clicked on

2022-01-15 13:25:08 - [MESSAGE][PASSED] - Object: 'Object Repository/Page_My courses/div_Course image' is clicked on

2022-01-15 13:25:08 - [TEST_STEP][PASSED] - scrollToElement(findTestObject("Object Repository/Page_Course 1/a_Quiz 3"), 0): Scroll to object 'Object Repository/Page_Course 1/a_Quiz 3' successfully

2022-01-15 13:25:08 - [MESSAGE][WARNING] - Timeout '0' is invalid. Using default page load timeout: '30'

2022-01-15 13:25:08 - [MESSAGE][PASSED] - Scroll to object 'Object Repository/Page_Course 1/a_Quiz 3' successfully

2022-01-15 13:25:08 - [TEST_STEP][PASSED] - click(findTestObject("Object Repository/Page_Course 1/a_Quiz 3")): Object: 'Object Repository/Page_Course 1/a_Quiz 3' is clicked on

2022-01-15 13:25:12 - [MESSAGE][PASSED] - Object: 'Object Repository/Page_Course 1/a_Quiz 3' is clicked on

2022-01-15 13:25:12 - [TEST_STEP][PASSED] - click(findTestObject("Object Repository/Page_1 Quiz 3/a_Preview quiz")): Object: 'Object Repository/Page_1 Quiz 3/a_Preview quiz' is clicked on

2022-01-15 13:25:36 - [MESSAGE][PASSED] - Object: 'Object Repository/Page_1 Quiz 3/a_Preview quiz' is clicked on

2022-01-15 13:25:36 - [TEST_STEP][PASSED] - scrollToElement(findTestObject("Object Repository/Page_Quiz 3/input_Rich text editor_next"), 0): Scroll to object 'Object Repository/Page_Quiz 3/input_Rich text editor_next' successfully

2022-01-15 13:25:36 - [MESSAGE][WARNING] - Timeout '0' is invalid. Using default page load timeout: '30'

2022-01-15 13:25:36 - [MESSAGE][PASSED] - Scroll to object 'Object Repository/Page_Quiz 3/input_Rich text editor_next' successfully

2022-01-15 13:25:36 - [TEST_STEP][PASSED] - click(findTestObject("Object Repository/Page_Quiz 3/input_Rich text editor_next")): Object: 'Object Repository/Page_Quiz 3/input_Rich text editor_next' is clicked on

2022-01-15 13:25:38 - [MESSAGE][PASSED] - Object: 'Object Repository/Page_Quiz 3/input_Rich text editor_next' is clicked on

2022-01-15 13:25:38 - [TEST_STEP][PASSED] - scrollToElement(findTestObject("Object Repository/Page_Quiz 3 Attempt summary/button_Submit all and finish"), 0): Scroll to object 'Object Repository/Page_Quiz 3 Attempt summary/button_Submit all and finish' successfully

2022-01-15 13:25:38 - [MESSAGE][WARNING] - Timeout '0' is invalid. Using default page load timeout: '30'

2022-01-15 13:26:09 - [MESSAGE][INFO] - Unable to find the element located by 'By.xpath: //button[@id='single_button61dbe1d0515e48']'. Please recheck the objects properties to make sure the desired element is located. 

2022-01-15 13:26:09 - [MESSAGE][WARNING] - [SELF-HEALING] Failed to find element with id 'Object Repository/Page_Quiz 3 Attempt summary/button_Submit all and finish'. Try using Self-healing.

2022-01-15 13:26:10 - [MESSAGE][WARNING] - [SELF-HEALING] The current locator of test object 'Object Repository/Page_Quiz 3 Attempt summary/button_Submit all and finish' was broken. Propose an alternative one: '//section[@id='region-main']/div/div[4]/div/div/form/button'.

2022-01-15 13:26:10 - [MESSAGE][PASSED] - Scroll to object 'Object Repository/Page_Quiz 3 Attempt summary/button_Submit all and finish' successfully

2022-01-15 13:26:10 - [TEST_STEP][PASSED] - click(findTestObject("Object Repository/Page_Quiz 3 Attempt summary/button_Submit all and finish")): Object: 'Object Repository/Page_Quiz 3 Attempt summary/button_Submit all and finish' is clicked on

2022-01-15 13:26:41 - [MESSAGE][INFO] - Unable to find the element located by 'By.xpath: //button[@id='single_button61dbe1d0515e48']'. Please recheck the objects properties to make sure the desired element is located. 

2022-01-15 13:26:41 - [MESSAGE][WARNING] - [SELF-HEALING] Failed to find element with id 'Object Repository/Page_Quiz 3 Attempt summary/button_Submit all and finish'. Try using Self-healing.

2022-01-15 13:26:41 - [MESSAGE][WARNING] - [SELF-HEALING] The current locator of test object 'Object Repository/Page_Quiz 3 Attempt summary/button_Submit all and finish' was broken. Propose an alternative one: '//section[@id='region-main']/div/div[4]/div/div/form/button'.

2022-01-15 13:26:41 - [MESSAGE][PASSED] - Object: 'Object Repository/Page_Quiz 3 Attempt summary/button_Submit all and finish' is clicked on

2022-01-15 13:26:41 - [TEST_STEP][PASSED] - click(findTestObject("Object Repository/Page_Quiz 3 Attempt summary/input_Once you submit, you will no longer b_9708c7")): Object: 'Object Repository/Page_Quiz 3 Attempt summary/input_Once you submit, you will no longer b_9708c7' is clicked on

2022-01-15 13:27:13 - [MESSAGE][INFO] - Unable to find the element located by 'By.xpath: //input[@id='id_yuiconfirmyes-yui_3_17_2_2_1641799701392_8']'. Please recheck the objects properties to make sure the desired element is located. 

2022-01-15 13:27:13 - [MESSAGE][WARNING] - [SELF-HEALING] Failed to find element with id 'Object Repository/Page_Quiz 3 Attempt summary/input_Once you submit, you will no longer b_9708c7'. Try using Self-healing.

2022-01-15 13:27:13 - [MESSAGE][WARNING] - [SELF-HEALING] The current locator of test object 'Object Repository/Page_Quiz 3 Attempt summary/input_Once you submit, you will no longer b_9708c7' was broken. Propose an alternative one: '//div/div[2]/input'.

2022-01-15 13:27:14 - [MESSAGE][PASSED] - Object: 'Object Repository/Page_Quiz 3 Attempt summary/input_Once you submit, you will no longer b_9708c7' is clicked on

2022-01-15 13:27:14 - [TEST_STEP][PASSED] - closeBrowser(): Browser is closed

2022-01-15 13:27:15 - [MESSAGE][PASSED] - Browser is closed]]></system-out>
         <system-err><![CDATA[]]></system-err>
      </testcase>
      <testcase name="Test Cases/Quiz/Attempt quiz by student" time="145.205" classname="Test Cases/Quiz/Attempt quiz by student" status="PASSED">
         <system-out><![CDATA[2022-01-15 13:27:15 - [TEST_CASE][PASSED] - Test Cases/Quiz/Attempt quiz by student: Test Cases/Quiz/Attempt quiz by student

2022-01-15 13:27:15 - [TEST_STEP][PASSED] - openBrowser(""): Browser is opened with url: ''

2022-01-15 13:27:15 - [MESSAGE][INFO] - Starting 'Chrome' driver

2022-01-15 13:27:15 - [MESSAGE][INFO] - Action delay is set to 0 milliseconds

2022-01-15 13:27:17 - [MESSAGE][PASSED] - Browser is opened with url: ''

2022-01-15 13:27:17 - [TEST_STEP][PASSED] - navigateToUrl("http://localhost/"): Navigate to 'http://localhost/' successfully

2022-01-15 13:27:19 - [MESSAGE][PASSED] - Navigate to 'http://localhost/' successfully

2022-01-15 13:27:19 - [TEST_STEP][PASSED] - click(findTestObject("Object Repository/Page_L Tm Anh/a_Log in")): Object: 'Object Repository/Page_L Tm Anh/a_Log in' is clicked on

2022-01-15 13:27:20 - [MESSAGE][PASSED] - Object: 'Object Repository/Page_L Tm Anh/a_Log in' is clicked on

2022-01-15 13:27:20 - [TEST_STEP][PASSED] - setText(findTestObject("Object Repository/Page_L Tm Anh Log in to the site/input_Username_username"), "anhle2"): Text 'anhle2' is set on object 'Object Repository/Page_L Tm Anh Log in to the site/input_Username_username'

2022-01-15 13:27:21 - [MESSAGE][PASSED] - Text 'anhle2' is set on object 'Object Repository/Page_L Tm Anh Log in to the site/input_Username_username'

2022-01-15 13:27:21 - [TEST_STEP][PASSED] - setEncryptedText(findTestObject("Object Repository/Page_L Tm Anh Log in to the site/input_Password_password"), "eGmz8XUbrLe3vUQiiiujBg=="): Text ****** has been set on object 'Object Repository/Page_L Tm Anh Log in to the site/input_Password_password'

2022-01-15 13:27:21 - [MESSAGE][PASSED] - Text ****** has been set on object 'Object Repository/Page_L Tm Anh Log in to the site/input_Password_password'

2022-01-15 13:27:21 - [TEST_STEP][PASSED] - click(findTestObject("Object Repository/Page_L Tm Anh Log in to the site/button_Log in")): Object: 'Object Repository/Page_L Tm Anh Log in to the site/button_Log in' is clicked on

2022-01-15 13:27:23 - [MESSAGE][PASSED] - Object: 'Object Repository/Page_L Tm Anh Log in to the site/button_Log in' is clicked on

2022-01-15 13:27:23 - [TEST_STEP][PASSED] - click(findTestObject("Object Repository/Page_Dashboard/a_My courses")): Object: 'Object Repository/Page_Dashboard/a_My courses' is clicked on

2022-01-15 13:27:54 - [MESSAGE][INFO] - Unable to find the element located by 'By.xpath: //ul[@id='moremenu-61e0e36aac914-navbar-nav']/li[3]/a'. Please recheck the objects properties to make sure the desired element is located. 

2022-01-15 13:27:54 - [MESSAGE][WARNING] - [SELF-HEALING] Failed to find element with id 'Object Repository/Page_Dashboard/a_My courses'. Try using Self-healing.

2022-01-15 13:27:55 - [MESSAGE][WARNING] - [SELF-HEALING] The current locator of test object 'Object Repository/Page_Dashboard/a_My courses' was broken. Propose an alternative one: '//a[contains(text(),'My courses')]'.

2022-01-15 13:27:55 - [MESSAGE][PASSED] - Object: 'Object Repository/Page_Dashboard/a_My courses' is clicked on

2022-01-15 13:27:55 - [TEST_STEP][PASSED] - click(findTestObject("Object Repository/Page_My courses/div_Course image")): Object: 'Object Repository/Page_My courses/div_Course image' is clicked on

2022-01-15 13:27:57 - [MESSAGE][PASSED] - Object: 'Object Repository/Page_My courses/div_Course image' is clicked on

2022-01-15 13:27:57 - [TEST_STEP][PASSED] - click(findTestObject("Object Repository/Page_Course 1/a_Quiz 3")): Object: 'Object Repository/Page_Course 1/a_Quiz 3' is clicked on

2022-01-15 13:27:59 - [MESSAGE][PASSED] - Object: 'Object Repository/Page_Course 1/a_Quiz 3' is clicked on

2022-01-15 13:27:59 - [TEST_STEP][PASSED] - click(findTestObject("Object Repository/Page_1 Quiz 3/a_Attempt quiz")): Object: 'Object Repository/Page_1 Quiz 3/a_Attempt quiz' is clicked on

2022-01-15 13:28:01 - [MESSAGE][PASSED] - Object: 'Object Repository/Page_1 Quiz 3/a_Attempt quiz' is clicked on

2022-01-15 13:28:01 - [TEST_STEP][PASSED] - scrollToElement(findTestObject("Object Repository/Page_Quiz 3/input_Rich text editor_next"), 0): Scroll to object 'Object Repository/Page_Quiz 3/input_Rich text editor_next' successfully

2022-01-15 13:28:01 - [MESSAGE][WARNING] - Timeout '0' is invalid. Using default page load timeout: '30'

2022-01-15 13:28:02 - [MESSAGE][PASSED] - Scroll to object 'Object Repository/Page_Quiz 3/input_Rich text editor_next' successfully

2022-01-15 13:28:02 - [TEST_STEP][PASSED] - click(findTestObject("Object Repository/Page_Quiz 3/input_Rich text editor_next")): Object: 'Object Repository/Page_Quiz 3/input_Rich text editor_next' is clicked on

2022-01-15 13:28:03 - [MESSAGE][PASSED] - Object: 'Object Repository/Page_Quiz 3/input_Rich text editor_next' is clicked on

2022-01-15 13:28:03 - [TEST_STEP][PASSED] - scrollToElement(findTestObject("Object Repository/Page_Quiz 3 Attempt summary/button_Submit all and finish"), 0): Scroll to object 'Object Repository/Page_Quiz 3 Attempt summary/button_Submit all and finish' successfully

2022-01-15 13:28:03 - [MESSAGE][WARNING] - Timeout '0' is invalid. Using default page load timeout: '30'

2022-01-15 13:28:34 - [MESSAGE][INFO] - Unable to find the element located by 'By.xpath: //button[@id='single_button61dbe1d0515e48']'. Please recheck the objects properties to make sure the desired element is located. 

2022-01-15 13:28:34 - [MESSAGE][WARNING] - [SELF-HEALING] Failed to find element with id 'Object Repository/Page_Quiz 3 Attempt summary/button_Submit all and finish'. Try using Self-healing.

2022-01-15 13:28:35 - [MESSAGE][WARNING] - [SELF-HEALING] The current locator of test object 'Object Repository/Page_Quiz 3 Attempt summary/button_Submit all and finish' was broken. Propose an alternative one: '//section[@id='region-main']/div/div[4]/div/div/form/button'.

2022-01-15 13:28:35 - [MESSAGE][PASSED] - Scroll to object 'Object Repository/Page_Quiz 3 Attempt summary/button_Submit all and finish' successfully

2022-01-15 13:28:35 - [TEST_STEP][PASSED] - click(findTestObject("Object Repository/Page_Quiz 3 Attempt summary/button_Submit all and finish")): Object: 'Object Repository/Page_Quiz 3 Attempt summary/button_Submit all and finish' is clicked on

2022-01-15 13:29:06 - [MESSAGE][INFO] - Unable to find the element located by 'By.xpath: //button[@id='single_button61dbe1d0515e48']'. Please recheck the objects properties to make sure the desired element is located. 

2022-01-15 13:29:06 - [MESSAGE][WARNING] - [SELF-HEALING] Failed to find element with id 'Object Repository/Page_Quiz 3 Attempt summary/button_Submit all and finish'. Try using Self-healing.

2022-01-15 13:29:06 - [MESSAGE][WARNING] - [SELF-HEALING] The current locator of test object 'Object Repository/Page_Quiz 3 Attempt summary/button_Submit all and finish' was broken. Propose an alternative one: '//section[@id='region-main']/div/div[4]/div/div/form/button'.

2022-01-15 13:29:06 - [MESSAGE][PASSED] - Object: 'Object Repository/Page_Quiz 3 Attempt summary/button_Submit all and finish' is clicked on

2022-01-15 13:29:06 - [TEST_STEP][PASSED] - click(findTestObject("Object Repository/Page_Quiz 3 Attempt summary/input_Once you submit, you will no longer b_0cc48a")): Object: 'Object Repository/Page_Quiz 3 Attempt summary/input_Once you submit, you will no longer b_0cc48a' is clicked on

2022-01-15 13:29:38 - [MESSAGE][INFO] - Unable to find the element located by 'By.xpath: //input[@id='id_yuiconfirmyes-yui_3_17_2_2_1641800144491_8']'. Please recheck the objects properties to make sure the desired element is located. 

2022-01-15 13:29:38 - [MESSAGE][WARNING] - [SELF-HEALING] Failed to find element with id 'Object Repository/Page_Quiz 3 Attempt summary/input_Once you submit, you will no longer b_0cc48a'. Try using Self-healing.

2022-01-15 13:29:38 - [MESSAGE][WARNING] - [SELF-HEALING] The current locator of test object 'Object Repository/Page_Quiz 3 Attempt summary/input_Once you submit, you will no longer b_0cc48a' was broken. Propose an alternative one: '//div/div[2]/input'.

2022-01-15 13:29:39 - [MESSAGE][PASSED] - Object: 'Object Repository/Page_Quiz 3 Attempt summary/input_Once you submit, you will no longer b_0cc48a' is clicked on

2022-01-15 13:29:39 - [TEST_STEP][PASSED] - closeBrowser(): Browser is closed

2022-01-15 13:29:40 - [MESSAGE][PASSED] - Browser is closed]]></system-out>
         <system-err><![CDATA[]]></system-err>
      </testcase>
      <testcase name="Test Cases/Quiz/Add new question to quiz (edit quiz)" time="141.663" classname="Test Cases/Quiz/Add new question to quiz (edit quiz)" status="FAILED">
         <failure type="FAILED" message="Test Cases/Quiz/Add new question to quiz (edit quiz) FAILED.
Reason:
com.kms.katalon.core.exception.StepFailedException: Unable to click on object 'Object Repository/Page_Editing quiz quiz 6/input_Question_q151'
	at com.kms.katalon.core.webui.keyword.internal.WebUIKeywordMain.stepFailed(WebUIKeywordMain.groovy:64)
	at com.kms.katalon.core.webui.keyword.internal.WebUIKeywordMain.runKeyword(WebUIKeywordMain.groovy:26)
	at com.kms.katalon.core.webui.keyword.builtin.ClickKeyword.click(ClickKeyword.groovy:74)
	at com.kms.katalon.core.webui.keyword.builtin.ClickKeyword.execute(ClickKeyword.groovy:40)
	at com.kms.katalon.core.keyword.internal.KeywordExecutor.executeKeywordForPlatform(KeywordExecutor.groovy:74)
	at com.kms.katalon.core.webui.keyword.WebUiBuiltInKeywords.click(WebUiBuiltInKeywords.groovy:620)
	at com.kms.katalon.core.webui.keyword.WebUiBuiltInKeywords$click$1.call(Unknown Source)
	at Add new question to quiz (edit quiz).run(Add new question to quiz (edit quiz):44)
	at com.kms.katalon.core.main.ScriptEngine.run(ScriptEngine.java:194)
	at com.kms.katalon.core.main.ScriptEngine.runScriptAsRawText(ScriptEngine.java:119)
	at com.kms.katalon.core.main.TestCaseExecutor.runScript(TestCaseExecutor.java:442)
	at com.kms.katalon.core.main.TestCaseExecutor.doExecute(TestCaseExecutor.java:433)
	at com.kms.katalon.core.main.TestCaseExecutor.processExecutionPhase(TestCaseExecutor.java:412)
	at com.kms.katalon.core.main.TestCaseExecutor.accessMainPhase(TestCaseExecutor.java:404)
	at com.kms.katalon.core.main.TestCaseExecutor.execute(TestCaseExecutor.java:281)
	at com.kms.katalon.core.main.TestCaseExecutor.execute(TestCaseExecutor.java:363)
	at com.kms.katalon.core.main.TestCaseExecutor.execute(TestCaseExecutor.java:363)
	at com.kms.katalon.core.main.TestCaseExecutor.execute(TestCaseExecutor.java:363)
	at com.kms.katalon.core.main.TestSuiteExecutor.accessTestCaseMainPhase(TestSuiteExecutor.java:202)
	at com.kms.katalon.core.main.TestSuiteExecutor.accessTestSuiteMainPhase(TestSuiteExecutor.java:164)
	at com.kms.katalon.core.main.TestSuiteExecutor.execute(TestSuiteExecutor.java:105)
	at com.kms.katalon.core.main.TestCaseMain.startTestSuite(TestCaseMain.java:181)
	at com.kms.katalon.core.main.TestCaseMain$startTestSuite$0.call(Unknown Source)
	at TempTestSuite1642221613940.run(TempTestSuite1642221613940.groovy:36)
Caused by: com.kms.katalon.core.webui.exception.WebElementNotFoundException: Web element with id: 'Object Repository/Page_Editing quiz quiz 6/input_Question_q151' located by '//input[@id='checkq151']' not found
	at com.kms.katalon.core.webui.common.WebUiCommonHelper.findWebElement(WebUiCommonHelper.java:1368)
	at com.kms.katalon.core.webui.keyword.internal.WebUIAbstractKeyword.findWebElement(WebUIAbstractKeyword.groovy:27)
	at com.kms.katalon.core.webui.keyword.builtin.ClickKeyword$_click_closure1.doCall(ClickKeyword.groovy:65)
	at com.kms.katalon.core.webui.keyword.builtin.ClickKeyword$_click_closure1.call(ClickKeyword.groovy)
	at com.kms.katalon.core.webui.keyword.internal.WebUIKeywordMain.runKeyword(WebUIKeywordMain.groovy:20)
	... 22 more
"/>
         <system-out><![CDATA[2022-01-15 13:38:54 - [TEST_CASE][FAILED] - Test Cases/Quiz/Add new question to quiz (edit quiz): Test Cases/Quiz/Add new question to quiz (edit quiz) FAILED.
Reason:
com.kms.katalon.core.exception.StepFailedException: Unable to click on object 'Object Repository/Page_Editing quiz quiz 6/input_Question_q151'
	at com.kms.katalon.core.webui.keyword.internal.WebUIKeywordMain.stepFailed(WebUIKeywordMain.groovy:64)
	at com.kms.katalon.core.webui.keyword.internal.WebUIKeywordMain.runKeyword(WebUIKeywordMain.groovy:26)
	at com.kms.katalon.core.webui.keyword.builtin.ClickKeyword.click(ClickKeyword.groovy:74)
	at com.kms.katalon.core.webui.keyword.builtin.ClickKeyword.execute(ClickKeyword.groovy:40)
	at com.kms.katalon.core.keyword.internal.KeywordExecutor.executeKeywordForPlatform(KeywordExecutor.groovy:74)
	at com.kms.katalon.core.webui.keyword.WebUiBuiltInKeywords.click(WebUiBuiltInKeywords.groovy:620)
	at com.kms.katalon.core.webui.keyword.WebUiBuiltInKeywords$click$1.call(Unknown Source)
	at Add new question to quiz (edit quiz).run(Add new question to quiz (edit quiz):44)
	at com.kms.katalon.core.main.ScriptEngine.run(ScriptEngine.java:194)
	at com.kms.katalon.core.main.ScriptEngine.runScriptAsRawText(ScriptEngine.java:119)
	at com.kms.katalon.core.main.TestCaseExecutor.runScript(TestCaseExecutor.java:442)
	at com.kms.katalon.core.main.TestCaseExecutor.doExecute(TestCaseExecutor.java:433)
	at com.kms.katalon.core.main.TestCaseExecutor.processExecutionPhase(TestCaseExecutor.java:412)
	at com.kms.katalon.core.main.TestCaseExecutor.accessMainPhase(TestCaseExecutor.java:404)
	at com.kms.katalon.core.main.TestCaseExecutor.execute(TestCaseExecutor.java:281)
	at com.kms.katalon.core.main.TestCaseExecutor.execute(TestCaseExecutor.java:363)
	at com.kms.katalon.core.main.TestCaseExecutor.execute(TestCaseExecutor.java:363)
	at com.kms.katalon.core.main.TestCaseExecutor.execute(TestCaseExecutor.java:363)
	at com.kms.katalon.core.main.TestSuiteExecutor.accessTestCaseMainPhase(TestSuiteExecutor.java:202)
	at com.kms.katalon.core.main.TestSuiteExecutor.accessTestSuiteMainPhase(TestSuiteExecutor.java:164)
	at com.kms.katalon.core.main.TestSuiteExecutor.execute(TestSuiteExecutor.java:105)
	at com.kms.katalon.core.main.TestCaseMain.startTestSuite(TestCaseMain.java:181)
	at com.kms.katalon.core.main.TestCaseMain$startTestSuite$0.call(Unknown Source)
	at TempTestSuite1642221613940.run(TempTestSuite1642221613940.groovy:36)
Caused by: com.kms.katalon.core.webui.exception.WebElementNotFoundException: Web element with id: 'Object Repository/Page_Editing quiz quiz 6/input_Question_q151' located by '//input[@id='checkq151']' not found
	at com.kms.katalon.core.webui.common.WebUiCommonHelper.findWebElement(WebUiCommonHelper.java:1368)
	at com.kms.katalon.core.webui.keyword.internal.WebUIAbstractKeyword.findWebElement(WebUIAbstractKeyword.groovy:27)
	at com.kms.katalon.core.webui.keyword.builtin.ClickKeyword$_click_closure1.doCall(ClickKeyword.groovy:65)
	at com.kms.katalon.core.webui.keyword.builtin.ClickKeyword$_click_closure1.call(ClickKeyword.groovy)
	at com.kms.katalon.core.webui.keyword.internal.WebUIKeywordMain.runKeyword(WebUIKeywordMain.groovy:20)
	... 22 more


2022-01-15 13:38:54 - [TEST_STEP][PASSED] - openBrowser(""): Browser is opened with url: ''

2022-01-15 13:38:54 - [MESSAGE][WARNING] - A browser is already opened. Closing browser and opening a new one

2022-01-15 13:38:55 - [MESSAGE][INFO] - Starting 'Chrome' driver

2022-01-15 13:38:55 - [MESSAGE][INFO] - Action delay is set to 0 milliseconds

2022-01-15 13:38:56 - [MESSAGE][PASSED] - Browser is opened with url: ''

2022-01-15 13:38:56 - [TEST_STEP][PASSED] - navigateToUrl("http://localhost/"): Navigate to 'http://localhost/' successfully

2022-01-15 13:38:57 - [MESSAGE][PASSED] - Navigate to 'http://localhost/' successfully

2022-01-15 13:38:57 - [TEST_STEP][PASSED] - click(findTestObject("Object Repository/Page_L Tm Anh/a_Log in")): Object: 'Object Repository/Page_L Tm Anh/a_Log in' is clicked on

2022-01-15 13:38:57 - [MESSAGE][PASSED] - Object: 'Object Repository/Page_L Tm Anh/a_Log in' is clicked on

2022-01-15 13:38:57 - [TEST_STEP][PASSED] - setText(findTestObject("Object Repository/Page_L Tm Anh Log in to the site/input_Username_username"), "anhle8"): Text 'anhle8' is set on object 'Object Repository/Page_L Tm Anh Log in to the site/input_Username_username'

2022-01-15 13:38:58 - [MESSAGE][PASSED] - Text 'anhle8' is set on object 'Object Repository/Page_L Tm Anh Log in to the site/input_Username_username'

2022-01-15 13:38:58 - [TEST_STEP][PASSED] - setEncryptedText(findTestObject("Object Repository/Page_L Tm Anh Log in to the site/input_Password_password"), "eGmz8XUbrLe3vUQiiiujBg=="): Text ****** has been set on object 'Object Repository/Page_L Tm Anh Log in to the site/input_Password_password'

2022-01-15 13:38:58 - [MESSAGE][PASSED] - Text ****** has been set on object 'Object Repository/Page_L Tm Anh Log in to the site/input_Password_password'

2022-01-15 13:38:58 - [TEST_STEP][PASSED] - click(findTestObject("Object Repository/Page_L Tm Anh Log in to the site/button_Log in")): Object: 'Object Repository/Page_L Tm Anh Log in to the site/button_Log in' is clicked on

2022-01-15 13:39:00 - [MESSAGE][PASSED] - Object: 'Object Repository/Page_L Tm Anh Log in to the site/button_Log in' is clicked on

2022-01-15 13:39:00 - [TEST_STEP][PASSED] - click(findTestObject("Object Repository/Page_Dashboard/a_My courses")): Object: 'Object Repository/Page_Dashboard/a_My courses' is clicked on

2022-01-15 13:39:31 - [MESSAGE][INFO] - Unable to find the element located by 'By.xpath: //ul[@id='moremenu-61e0e36aac914-navbar-nav']/li[3]/a'. Please recheck the objects properties to make sure the desired element is located. 

2022-01-15 13:39:31 - [MESSAGE][WARNING] - [SELF-HEALING] Failed to find element with id 'Object Repository/Page_Dashboard/a_My courses'. Try using Self-healing.

2022-01-15 13:39:31 - [MESSAGE][WARNING] - [SELF-HEALING] The current locator of test object 'Object Repository/Page_Dashboard/a_My courses' was broken. Propose an alternative one: '//a[contains(text(),'My courses')]'.

2022-01-15 13:39:32 - [MESSAGE][PASSED] - Object: 'Object Repository/Page_Dashboard/a_My courses' is clicked on

2022-01-15 13:39:32 - [TEST_STEP][PASSED] - click(findTestObject("Object Repository/Page_My courses/div_Course image")): Object: 'Object Repository/Page_My courses/div_Course image' is clicked on

2022-01-15 13:39:33 - [MESSAGE][PASSED] - Object: 'Object Repository/Page_My courses/div_Course image' is clicked on

2022-01-15 13:39:33 - [TEST_STEP][PASSED] - click(findTestObject("Object Repository/Page_Course 6/a_quiz 6")): Object: 'Object Repository/Page_Course 6/a_quiz 6' is clicked on

2022-01-15 13:39:35 - [MESSAGE][PASSED] - Object: 'Object Repository/Page_Course 6/a_quiz 6' is clicked on

2022-01-15 13:39:35 - [TEST_STEP][PASSED] - click(findTestObject("Object Repository/Page_6 quiz 6/a_Edit quiz")): Object: 'Object Repository/Page_6 quiz 6/a_Edit quiz' is clicked on

2022-01-15 13:39:36 - [MESSAGE][PASSED] - Object: 'Object Repository/Page_6 quiz 6/a_Edit quiz' is clicked on

2022-01-15 13:39:36 - [TEST_STEP][PASSED] - click(findTestObject("Object Repository/Page_Editing quiz quiz 6/span_Add")): Object: 'Object Repository/Page_Editing quiz quiz 6/span_Add' is clicked on

2022-01-15 13:40:07 - [MESSAGE][INFO] - Unable to find the element located by 'By.xpath: //span[@id='yui_3_17_2_1_1642035243872_428']'. Please recheck the objects properties to make sure the desired element is located. 

2022-01-15 13:40:07 - [MESSAGE][WARNING] - [SELF-HEALING] Failed to find element with id 'Object Repository/Page_Editing quiz quiz 6/span_Add'. Try using Self-healing.

2022-01-15 13:40:07 - [MESSAGE][WARNING] - [SELF-HEALING] The current locator of test object 'Object Repository/Page_Editing quiz quiz 6/span_Add' was broken. Propose an alternative one: '//a[@id='action-menu-toggle-1']/span'.

2022-01-15 13:40:07 - [MESSAGE][PASSED] - Object: 'Object Repository/Page_Editing quiz quiz 6/span_Add' is clicked on

2022-01-15 13:40:07 - [TEST_STEP][PASSED] - click(findTestObject("Object Repository/Page_Editing quiz quiz 6/a_from question bank")): Object: 'Object Repository/Page_Editing quiz quiz 6/a_from question bank' is clicked on

2022-01-15 13:40:38 - [MESSAGE][INFO] - Unable to find the element located by 'By.xpath: //a[@id='yui_3_17_2_1_1642035243872_454']'. Please recheck the objects properties to make sure the desired element is located. 

2022-01-15 13:40:38 - [MESSAGE][WARNING] - [SELF-HEALING] Failed to find element with id 'Object Repository/Page_Editing quiz quiz 6/a_from question bank'. Try using Self-healing.

2022-01-15 13:40:40 - [MESSAGE][INFO] - Unable to find the element located by 'By.xpath: //div[@id='action-menu-1-menu']/a[2]'. Please recheck the objects properties to make sure the desired element is located. 

2022-01-15 13:40:40 - [MESSAGE][WARNING] - [SELF-HEALING] The current locator of test object 'Object Repository/Page_Editing quiz quiz 6/a_from question bank' was broken. Propose an alternative one: '(.//*[normalize-space(text()) and normalize-space(.)='Add'])[1]/following::a[2]'.

2022-01-15 13:40:40 - [MESSAGE][PASSED] - Object: 'Object Repository/Page_Editing quiz quiz 6/a_from question bank' is clicked on

2022-01-15 13:40:40 - [TEST_STEP][FAILED] - click(findTestObject("Object Repository/Page_Editing quiz quiz 6/input_Question_q151")): Unable to click on object 'Object Repository/Page_Editing quiz quiz 6/input_Question_q151' (Root cause: com.kms.katalon.core.exception.StepFailedException: Unable to click on object 'Object Repository/Page_Editing quiz quiz 6/input_Question_q151'
	at com.kms.katalon.core.webui.keyword.internal.WebUIKeywordMain.stepFailed(WebUIKeywordMain.groovy:64)
	at com.kms.katalon.core.webui.keyword.internal.WebUIKeywordMain.runKeyword(WebUIKeywordMain.groovy:26)
	at com.kms.katalon.core.webui.keyword.builtin.ClickKeyword.click(ClickKeyword.groovy:74)
	at com.kms.katalon.core.webui.keyword.builtin.ClickKeyword.execute(ClickKeyword.groovy:40)
	at com.kms.katalon.core.keyword.internal.KeywordExecutor.executeKeywordForPlatform(KeywordExecutor.groovy:74)
	at com.kms.katalon.core.webui.keyword.WebUiBuiltInKeywords.click(WebUiBuiltInKeywords.groovy:620)
	at com.kms.katalon.core.webui.keyword.WebUiBuiltInKeywords$click$1.call(Unknown Source)
	at Add new question to quiz (edit quiz).run(Add new question to quiz (edit quiz):44)
	at com.kms.katalon.core.main.ScriptEngine.run(ScriptEngine.java:194)
	at com.kms.katalon.core.main.ScriptEngine.runScriptAsRawText(ScriptEngine.java:119)
	at com.kms.katalon.core.main.TestCaseExecutor.runScript(TestCaseExecutor.java:442)
	at com.kms.katalon.core.main.TestCaseExecutor.doExecute(TestCaseExecutor.java:433)
	at com.kms.katalon.core.main.TestCaseExecutor.processExecutionPhase(TestCaseExecutor.java:412)
	at com.kms.katalon.core.main.TestCaseExecutor.accessMainPhase(TestCaseExecutor.java:404)
	at com.kms.katalon.core.main.TestCaseExecutor.execute(TestCaseExecutor.java:281)
	at com.kms.katalon.core.main.TestCaseExecutor.execute(TestCaseExecutor.java:363)
	at com.kms.katalon.core.main.TestCaseExecutor.execute(TestCaseExecutor.java:363)
	at com.kms.katalon.core.main.TestCaseExecutor.execute(TestCaseExecutor.java:363)
	at com.kms.katalon.core.main.TestSuiteExecutor.accessTestCaseMainPhase(TestSuiteExecutor.java:202)
	at com.kms.katalon.core.main.TestSuiteExecutor.accessTestSuiteMainPhase(TestSuiteExecutor.java:164)
	at com.kms.katalon.core.main.TestSuiteExecutor.execute(TestSuiteExecutor.java:105)
	at com.kms.katalon.core.main.TestCaseMain.startTestSuite(TestCaseMain.java:181)
	at com.kms.katalon.core.main.TestCaseMain$startTestSuite$0.call(Unknown Source)
	at TempTestSuite1642221613940.run(TempTestSuite1642221613940.groovy:36)
Caused by: com.kms.katalon.core.webui.exception.WebElementNotFoundException: Web element with id: 'Object Repository/Page_Editing quiz quiz 6/input_Question_q151' located by '//input[@id='checkq151']' not found
	at com.kms.katalon.core.webui.common.WebUiCommonHelper.findWebElement(WebUiCommonHelper.java:1368)
	at com.kms.katalon.core.webui.keyword.internal.WebUIAbstractKeyword.findWebElement(WebUIAbstractKeyword.groovy:27)
	at com.kms.katalon.core.webui.keyword.builtin.ClickKeyword$_click_closure1.doCall(ClickKeyword.groovy:65)
	at com.kms.katalon.core.webui.keyword.builtin.ClickKeyword$_click_closure1.call(ClickKeyword.groovy)
	at com.kms.katalon.core.webui.keyword.internal.WebUIKeywordMain.runKeyword(WebUIKeywordMain.groovy:20)
	at com.kms.katalon.core.webui.keyword.builtin.ClickKeyword.click(ClickKeyword.groovy:74)
	at com.kms.katalon.core.webui.keyword.builtin.ClickKeyword.execute(ClickKeyword.groovy:40)
	at com.kms.katalon.core.keyword.internal.KeywordExecutor.executeKeywordForPlatform(KeywordExecutor.groovy:74)
	at com.kms.katalon.core.webui.keyword.WebUiBuiltInKeywords.click(WebUiBuiltInKeywords.groovy:620)
	at com.kms.katalon.core.webui.keyword.WebUiBuiltInKeywords$click$1.call(Unknown Source)
	at Script1641778088497.run(Script1641778088497.groovy:44)
	... 16 more
)

2022-01-15 13:41:11 - [MESSAGE][INFO] - Unable to find the element located by 'By.xpath: //input[@id='checkq151']'. Please recheck the objects properties to make sure the desired element is located. 

2022-01-15 13:41:11 - [MESSAGE][WARNING] - [SELF-HEALING] Failed to find element with id 'Object Repository/Page_Editing quiz quiz 6/input_Question_q151'. Try using Self-healing.

2022-01-15 13:41:12 - [MESSAGE][INFO] - [SELF-HEALING] Failed Locator: '//input[@id='checkq151']'.

2022-01-15 13:41:12 - [MESSAGE][INFO] - [SELF-HEALING] Failed Locator: '//table[@id='categoryquestions']/tbody/tr/td[2]/input'.

2022-01-15 13:41:12 - [MESSAGE][INFO] - [SELF-HEALING] Failed Locator: '//td[2]/input'.

2022-01-15 13:41:13 - [MESSAGE][INFO] - [SELF-HEALING] Failed Locator: '//input[@id='checkq151']'.

2022-01-15 13:41:13 - [MESSAGE][INFO] - [SELF-HEALING] Failed Locator: '//table[@id='categoryquestions']/tbody/tr/td[2]/input'.

2022-01-15 13:41:13 - [MESSAGE][INFO] - [SELF-HEALING] Failed Locator: '//td[2]/input'.

2022-01-15 13:41:14 - [MESSAGE][INFO] - Unable to find the element located by 'By.xpath: //*[@id = 'checkq151' and @name = 'q151' and @type = 'checkbox']'. Please recheck the objects properties to make sure the desired element is located. 

2022-01-15 13:41:15 - [MESSAGE][INFO] - Unable to find the element located by 'By.cssSelector: #checkq151'. Please recheck the objects properties to make sure the desired element is located. 

2022-01-15 13:41:15 - [MESSAGE][FAILED] - Unable to click on object 'Object Repository/Page_Editing quiz quiz 6/input_Question_q151' (Root cause: com.kms.katalon.core.exception.StepFailedException: Unable to click on object 'Object Repository/Page_Editing quiz quiz 6/input_Question_q151'
	at com.kms.katalon.core.webui.keyword.internal.WebUIKeywordMain.stepFailed(WebUIKeywordMain.groovy:64)
	at com.kms.katalon.core.webui.keyword.internal.WebUIKeywordMain.runKeyword(WebUIKeywordMain.groovy:26)
	at com.kms.katalon.core.webui.keyword.builtin.ClickKeyword.click(ClickKeyword.groovy:74)
	at com.kms.katalon.core.webui.keyword.builtin.ClickKeyword.execute(ClickKeyword.groovy:40)
	at com.kms.katalon.core.keyword.internal.KeywordExecutor.executeKeywordForPlatform(KeywordExecutor.groovy:74)
	at com.kms.katalon.core.webui.keyword.WebUiBuiltInKeywords.click(WebUiBuiltInKeywords.groovy:620)
	at com.kms.katalon.core.webui.keyword.WebUiBuiltInKeywords$click$1.call(Unknown Source)
	at Add new question to quiz (edit quiz).run(Add new question to quiz (edit quiz):44)
	at com.kms.katalon.core.main.ScriptEngine.run(ScriptEngine.java:194)
	at com.kms.katalon.core.main.ScriptEngine.runScriptAsRawText(ScriptEngine.java:119)
	at com.kms.katalon.core.main.TestCaseExecutor.runScript(TestCaseExecutor.java:442)
	at com.kms.katalon.core.main.TestCaseExecutor.doExecute(TestCaseExecutor.java:433)
	at com.kms.katalon.core.main.TestCaseExecutor.processExecutionPhase(TestCaseExecutor.java:412)
	at com.kms.katalon.core.main.TestCaseExecutor.accessMainPhase(TestCaseExecutor.java:404)
	at com.kms.katalon.core.main.TestCaseExecutor.execute(TestCaseExecutor.java:281)
	at com.kms.katalon.core.main.TestCaseExecutor.execute(TestCaseExecutor.java:363)
	at com.kms.katalon.core.main.TestCaseExecutor.execute(TestCaseExecutor.java:363)
	at com.kms.katalon.core.main.TestCaseExecutor.execute(TestCaseExecutor.java:363)
	at com.kms.katalon.core.main.TestSuiteExecutor.accessTestCaseMainPhase(TestSuiteExecutor.java:202)
	at com.kms.katalon.core.main.TestSuiteExecutor.accessTestSuiteMainPhase(TestSuiteExecutor.java:164)
	at com.kms.katalon.core.main.TestSuiteExecutor.execute(TestSuiteExecutor.java:105)
	at com.kms.katalon.core.main.TestCaseMain.startTestSuite(TestCaseMain.java:181)
	at com.kms.katalon.core.main.TestCaseMain$startTestSuite$0.call(Unknown Source)
	at TempTestSuite1642221613940.run(TempTestSuite1642221613940.groovy:36)
Caused by: com.kms.katalon.core.webui.exception.WebElementNotFoundException: Web element with id: 'Object Repository/Page_Editing quiz quiz 6/input_Question_q151' located by '//input[@id='checkq151']' not found
	at com.kms.katalon.core.webui.common.WebUiCommonHelper.findWebElement(WebUiCommonHelper.java:1368)
	at com.kms.katalon.core.webui.keyword.internal.WebUIAbstractKeyword.findWebElement(WebUIAbstractKeyword.groovy:27)
	at com.kms.katalon.core.webui.keyword.builtin.ClickKeyword$_click_closure1.doCall(ClickKeyword.groovy:65)
	at com.kms.katalon.core.webui.keyword.builtin.ClickKeyword$_click_closure1.call(ClickKeyword.groovy)
	at com.kms.katalon.core.webui.keyword.internal.WebUIKeywordMain.runKeyword(WebUIKeywordMain.groovy:20)
	at com.kms.katalon.core.webui.keyword.builtin.ClickKeyword.click(ClickKeyword.groovy:74)
	at com.kms.katalon.core.webui.keyword.builtin.ClickKeyword.execute(ClickKeyword.groovy:40)
	at com.kms.katalon.core.keyword.internal.KeywordExecutor.executeKeywordForPlatform(KeywordExecutor.groovy:74)
	at com.kms.katalon.core.webui.keyword.WebUiBuiltInKeywords.click(WebUiBuiltInKeywords.groovy:620)
	at com.kms.katalon.core.webui.keyword.WebUiBuiltInKeywords$click$1.call(Unknown Source)
	at Script1641778088497.run(Script1641778088497.groovy:44)
	... 16 more
)
[[ATTACHMENT|C:\\Users\\antra\\git\\SE-Bonus-Assginment-Group1\\Reports\\20220115_114013\\Run all test cases\\20220115_114013\\1642228875807.png]]]]></system-out>
         <system-err><![CDATA[2022-01-15 13:38:54 - [TEST_CASE][FAILED] - Test Cases/Quiz/Add new question to quiz (edit quiz): Test Cases/Quiz/Add new question to quiz (edit quiz) FAILED.
Reason:
com.kms.katalon.core.exception.StepFailedException: Unable to click on object 'Object Repository/Page_Editing quiz quiz 6/input_Question_q151'
	at com.kms.katalon.core.webui.keyword.internal.WebUIKeywordMain.stepFailed(WebUIKeywordMain.groovy:64)
	at com.kms.katalon.core.webui.keyword.internal.WebUIKeywordMain.runKeyword(WebUIKeywordMain.groovy:26)
	at com.kms.katalon.core.webui.keyword.builtin.ClickKeyword.click(ClickKeyword.groovy:74)
	at com.kms.katalon.core.webui.keyword.builtin.ClickKeyword.execute(ClickKeyword.groovy:40)
	at com.kms.katalon.core.keyword.internal.KeywordExecutor.executeKeywordForPlatform(KeywordExecutor.groovy:74)
	at com.kms.katalon.core.webui.keyword.WebUiBuiltInKeywords.click(WebUiBuiltInKeywords.groovy:620)
	at com.kms.katalon.core.webui.keyword.WebUiBuiltInKeywords$click$1.call(Unknown Source)
	at Add new question to quiz (edit quiz).run(Add new question to quiz (edit quiz):44)
	at com.kms.katalon.core.main.ScriptEngine.run(ScriptEngine.java:194)
	at com.kms.katalon.core.main.ScriptEngine.runScriptAsRawText(ScriptEngine.java:119)
	at com.kms.katalon.core.main.TestCaseExecutor.runScript(TestCaseExecutor.java:442)
	at com.kms.katalon.core.main.TestCaseExecutor.doExecute(TestCaseExecutor.java:433)
	at com.kms.katalon.core.main.TestCaseExecutor.processExecutionPhase(TestCaseExecutor.java:412)
	at com.kms.katalon.core.main.TestCaseExecutor.accessMainPhase(TestCaseExecutor.java:404)
	at com.kms.katalon.core.main.TestCaseExecutor.execute(TestCaseExecutor.java:281)
	at com.kms.katalon.core.main.TestCaseExecutor.execute(TestCaseExecutor.java:363)
	at com.kms.katalon.core.main.TestCaseExecutor.execute(TestCaseExecutor.java:363)
	at com.kms.katalon.core.main.TestCaseExecutor.execute(TestCaseExecutor.java:363)
	at com.kms.katalon.core.main.TestSuiteExecutor.accessTestCaseMainPhase(TestSuiteExecutor.java:202)
	at com.kms.katalon.core.main.TestSuiteExecutor.accessTestSuiteMainPhase(TestSuiteExecutor.java:164)
	at com.kms.katalon.core.main.TestSuiteExecutor.execute(TestSuiteExecutor.java:105)
	at com.kms.katalon.core.main.TestCaseMain.startTestSuite(TestCaseMain.java:181)
	at com.kms.katalon.core.main.TestCaseMain$startTestSuite$0.call(Unknown Source)
	at TempTestSuite1642221613940.run(TempTestSuite1642221613940.groovy:36)
Caused by: com.kms.katalon.core.webui.exception.WebElementNotFoundException: Web element with id: 'Object Repository/Page_Editing quiz quiz 6/input_Question_q151' located by '//input[@id='checkq151']' not found
	at com.kms.katalon.core.webui.common.WebUiCommonHelper.findWebElement(WebUiCommonHelper.java:1368)
	at com.kms.katalon.core.webui.keyword.internal.WebUIAbstractKeyword.findWebElement(WebUIAbstractKeyword.groovy:27)
	at com.kms.katalon.core.webui.keyword.builtin.ClickKeyword$_click_closure1.doCall(ClickKeyword.groovy:65)
	at com.kms.katalon.core.webui.keyword.builtin.ClickKeyword$_click_closure1.call(ClickKeyword.groovy)
	at com.kms.katalon.core.webui.keyword.internal.WebUIKeywordMain.runKeyword(WebUIKeywordMain.groovy:20)
	... 22 more]]></system-err>
      </testcase>
      <testcase name="Test Cases/Deadline/View a deadline by student" time="60.815" classname="Test Cases/Deadline/View a deadline by student" status="PASSED">
         <system-out><![CDATA[2022-01-15 13:41:15 - [TEST_CASE][PASSED] - Test Cases/Deadline/View a deadline by student: Test Cases/Deadline/View a deadline by student

2022-01-15 13:41:16 - [TEST_STEP][PASSED] - openBrowser(""): Browser is opened with url: ''

2022-01-15 13:41:16 - [MESSAGE][WARNING] - A browser is already opened. Closing browser and opening a new one

2022-01-15 13:41:17 - [MESSAGE][INFO] - Starting 'Chrome' driver

2022-01-15 13:41:17 - [MESSAGE][INFO] - Action delay is set to 0 milliseconds

2022-01-15 13:41:18 - [MESSAGE][PASSED] - Browser is opened with url: ''

2022-01-15 13:41:18 - [TEST_STEP][PASSED] - navigateToUrl("http://localhost/"): Navigate to 'http://localhost/' successfully

2022-01-15 13:41:18 - [MESSAGE][PASSED] - Navigate to 'http://localhost/' successfully

2022-01-15 13:41:18 - [TEST_STEP][PASSED] - click(findTestObject("Object Repository/Page_L Tm Anh/a_Log in")): Object: 'Object Repository/Page_L Tm Anh/a_Log in' is clicked on

2022-01-15 13:41:19 - [MESSAGE][PASSED] - Object: 'Object Repository/Page_L Tm Anh/a_Log in' is clicked on

2022-01-15 13:41:19 - [TEST_STEP][PASSED] - setText(findTestObject("Object Repository/Page_L Tm Anh Log in to the site/input_Username_username"), "anhle2"): Text 'anhle2' is set on object 'Object Repository/Page_L Tm Anh Log in to the site/input_Username_username'

2022-01-15 13:41:20 - [MESSAGE][PASSED] - Text 'anhle2' is set on object 'Object Repository/Page_L Tm Anh Log in to the site/input_Username_username'

2022-01-15 13:41:20 - [TEST_STEP][PASSED] - setEncryptedText(findTestObject("Object Repository/Page_L Tm Anh Log in to the site/input_Password_password"), "eGmz8XUbrLe3vUQiiiujBg=="): Text ****** has been set on object 'Object Repository/Page_L Tm Anh Log in to the site/input_Password_password'

2022-01-15 13:41:20 - [MESSAGE][PASSED] - Text ****** has been set on object 'Object Repository/Page_L Tm Anh Log in to the site/input_Password_password'

2022-01-15 13:41:20 - [TEST_STEP][PASSED] - click(findTestObject("Object Repository/Page_L Tm Anh Log in to the site/button_Log in")): Object: 'Object Repository/Page_L Tm Anh Log in to the site/button_Log in' is clicked on

2022-01-15 13:41:21 - [MESSAGE][PASSED] - Object: 'Object Repository/Page_L Tm Anh Log in to the site/button_Log in' is clicked on

2022-01-15 13:41:21 - [TEST_STEP][PASSED] - click(findTestObject("Object Repository/Page_Dashboard/a_My courses")): Object: 'Object Repository/Page_Dashboard/a_My courses' is clicked on

2022-01-15 13:41:53 - [MESSAGE][INFO] - Unable to find the element located by 'By.xpath: //ul[@id='moremenu-61e0e36aac914-navbar-nav']/li[3]/a'. Please recheck the objects properties to make sure the desired element is located. 

2022-01-15 13:41:53 - [MESSAGE][WARNING] - [SELF-HEALING] Failed to find element with id 'Object Repository/Page_Dashboard/a_My courses'. Try using Self-healing.

2022-01-15 13:41:53 - [MESSAGE][WARNING] - [SELF-HEALING] The current locator of test object 'Object Repository/Page_Dashboard/a_My courses' was broken. Propose an alternative one: '//a[contains(text(),'My courses')]'.

2022-01-15 13:42:11 - [MESSAGE][PASSED] - Object: 'Object Repository/Page_Dashboard/a_My courses' is clicked on

2022-01-15 13:42:11 - [TEST_STEP][PASSED] - click(findTestObject("Object Repository/Page_My courses/div_Course image")): Object: 'Object Repository/Page_My courses/div_Course image' is clicked on

2022-01-15 13:42:12 - [MESSAGE][PASSED] - Object: 'Object Repository/Page_My courses/div_Course image' is clicked on

2022-01-15 13:42:12 - [TEST_STEP][PASSED] - click(findTestObject("Object Repository/Page_Course 1/a_Deadline 1  Assignment")): Object: 'Object Repository/Page_Course 1/a_Deadline 1  Assignment' is clicked on

2022-01-15 13:42:16 - [MESSAGE][PASSED] - Object: 'Object Repository/Page_Course 1/a_Deadline 1  Assignment' is clicked on

2022-01-15 13:42:16 - [TEST_STEP][PASSED] - closeBrowser(): Browser is closed

2022-01-15 13:42:16 - [MESSAGE][PASSED] - Browser is closed]]></system-out>
         <system-err><![CDATA[]]></system-err>
      </testcase>
      <testcase name="Test Cases/Deadline/Submit assignment in a deadline by student" time="211.578" classname="Test Cases/Deadline/Submit assignment in a deadline by student" status="PASSED">
         <system-out><![CDATA[2022-01-15 13:42:16 - [TEST_CASE][PASSED] - Test Cases/Deadline/Submit assignment in a deadline by student: Test Cases/Deadline/Submit assignment in a deadline by student

2022-01-15 13:42:17 - [TEST_STEP][PASSED] - openBrowser(""): Browser is opened with url: ''

2022-01-15 13:42:17 - [MESSAGE][INFO] - Starting 'Chrome' driver

2022-01-15 13:42:17 - [MESSAGE][INFO] - Action delay is set to 0 milliseconds

2022-01-15 13:42:18 - [MESSAGE][PASSED] - Browser is opened with url: ''

2022-01-15 13:42:18 - [TEST_STEP][PASSED] - navigateToUrl("http://localhost/"): Navigate to 'http://localhost/' successfully

2022-01-15 13:42:19 - [MESSAGE][PASSED] - Navigate to 'http://localhost/' successfully

2022-01-15 13:42:19 - [TEST_STEP][PASSED] - click(findTestObject("Object Repository/Page_L Tm Anh/a_Log in")): Object: 'Object Repository/Page_L Tm Anh/a_Log in' is clicked on

2022-01-15 13:42:19 - [MESSAGE][PASSED] - Object: 'Object Repository/Page_L Tm Anh/a_Log in' is clicked on

2022-01-15 13:42:19 - [TEST_STEP][PASSED] - setText(findTestObject("Object Repository/Page_L Tm Anh Log in to the site/input_Username_username"), "anhle2"): Text 'anhle2' is set on object 'Object Repository/Page_L Tm Anh Log in to the site/input_Username_username'

2022-01-15 13:42:20 - [MESSAGE][PASSED] - Text 'anhle2' is set on object 'Object Repository/Page_L Tm Anh Log in to the site/input_Username_username'

2022-01-15 13:42:20 - [TEST_STEP][PASSED] - setEncryptedText(findTestObject("Object Repository/Page_L Tm Anh Log in to the site/input_Password_password"), "eGmz8XUbrLe3vUQiiiujBg=="): Text ****** has been set on object 'Object Repository/Page_L Tm Anh Log in to the site/input_Password_password'

2022-01-15 13:42:20 - [MESSAGE][PASSED] - Text ****** has been set on object 'Object Repository/Page_L Tm Anh Log in to the site/input_Password_password'

2022-01-15 13:42:20 - [TEST_STEP][PASSED] - click(findTestObject("Object Repository/Page_L Tm Anh Log in to the site/button_Log in")): Object: 'Object Repository/Page_L Tm Anh Log in to the site/button_Log in' is clicked on

2022-01-15 13:42:22 - [MESSAGE][PASSED] - Object: 'Object Repository/Page_L Tm Anh Log in to the site/button_Log in' is clicked on

2022-01-15 13:42:22 - [TEST_STEP][PASSED] - click(findTestObject("Object Repository/Page_Dashboard/a_My courses")): Object: 'Object Repository/Page_Dashboard/a_My courses' is clicked on

2022-01-15 13:42:53 - [MESSAGE][INFO] - Unable to find the element located by 'By.xpath: //ul[@id='moremenu-61e0e36aac914-navbar-nav']/li[3]/a'. Please recheck the objects properties to make sure the desired element is located. 

2022-01-15 13:42:53 - [MESSAGE][WARNING] - [SELF-HEALING] Failed to find element with id 'Object Repository/Page_Dashboard/a_My courses'. Try using Self-healing.

2022-01-15 13:42:53 - [MESSAGE][WARNING] - [SELF-HEALING] The current locator of test object 'Object Repository/Page_Dashboard/a_My courses' was broken. Propose an alternative one: '//a[contains(text(),'My courses')]'.

2022-01-15 13:42:53 - [MESSAGE][PASSED] - Object: 'Object Repository/Page_Dashboard/a_My courses' is clicked on

2022-01-15 13:42:53 - [TEST_STEP][PASSED] - click(findTestObject("Object Repository/Page_My courses/div_Course image")): Object: 'Object Repository/Page_My courses/div_Course image' is clicked on

2022-01-15 13:42:55 - [MESSAGE][PASSED] - Object: 'Object Repository/Page_My courses/div_Course image' is clicked on

2022-01-15 13:42:55 - [TEST_STEP][PASSED] - click(findTestObject("Object Repository/Page_Course 1/a_Deadline 1  Assignment")): Object: 'Object Repository/Page_Course 1/a_Deadline 1  Assignment' is clicked on

2022-01-15 13:42:57 - [MESSAGE][PASSED] - Object: 'Object Repository/Page_Course 1/a_Deadline 1  Assignment' is clicked on

2022-01-15 13:42:57 - [TEST_STEP][PASSED] - click(findTestObject("Object Repository/Page_1 Deadline 1/button_Add submission")): Object: 'Object Repository/Page_1 Deadline 1/button_Add submission' is clicked on

2022-01-15 13:43:28 - [MESSAGE][INFO] - Unable to find the element located by 'By.xpath: //button[@id='single_button61dad83a029a47']'. Please recheck the objects properties to make sure the desired element is located. 

2022-01-15 13:43:28 - [MESSAGE][WARNING] - [SELF-HEALING] Failed to find element with id 'Object Repository/Page_1 Deadline 1/button_Add submission'. Try using Self-healing.

2022-01-15 13:43:29 - [MESSAGE][WARNING] - [SELF-HEALING] The current locator of test object 'Object Repository/Page_1 Deadline 1/button_Add submission' was broken. Propose an alternative one: '(.//*[normalize-space(text()) and normalize-space(.)='Mark as done'])[1]/following::button[1]'.

2022-01-15 13:43:30 - [MESSAGE][PASSED] - Object: 'Object Repository/Page_1 Deadline 1/button_Add submission' is clicked on

2022-01-15 13:43:30 - [TEST_STEP][PASSED] - click(findTestObject("Object Repository/Page_1 Deadline 1 - Edit submission/i_- drag and drop not supported_icon fa fa-_916087")): Object: 'Object Repository/Page_1 Deadline 1 - Edit submission/i_- drag and drop not supported_icon fa fa-_916087' is clicked on

2022-01-15 13:44:01 - [MESSAGE][INFO] - Unable to find the element located by 'By.xpath: //a[@id='yui_3_17_2_1_1641732156465_357']/i'. Please recheck the objects properties to make sure the desired element is located. 

2022-01-15 13:44:01 - [MESSAGE][WARNING] - [SELF-HEALING] Failed to find element with id 'Object Repository/Page_1 Deadline 1 - Edit submission/i_- drag and drop not supported_icon fa fa-_916087'. Try using Self-healing.

2022-01-15 13:44:01 - [MESSAGE][WARNING] - [SELF-HEALING] The current locator of test object 'Object Repository/Page_1 Deadline 1 - Edit submission/i_- drag and drop not supported_icon fa fa-_916087' was broken. Propose an alternative one: '//div[2]/div/div/div[2]/a/i'.

2022-01-15 13:44:01 - [MESSAGE][PASSED] - Object: 'Object Repository/Page_1 Deadline 1 - Edit submission/i_- drag and drop not supported_icon fa fa-_916087' is clicked on

2022-01-15 13:44:01 - [TEST_STEP][PASSED] - click(findTestObject("Object Repository/Page_1 Deadline 1 - Edit submission/button_Create folder")): Object: 'Object Repository/Page_1 Deadline 1 - Edit submission/button_Create folder' is clicked on

2022-01-15 13:44:33 - [MESSAGE][INFO] - Unable to find the element located by 'By.xpath: //button[@id='fm-mkdir-butcreate-61dad83c51b5c']'. Please recheck the objects properties to make sure the desired element is located. 

2022-01-15 13:44:33 - [MESSAGE][WARNING] - [SELF-HEALING] Failed to find element with id 'Object Repository/Page_1 Deadline 1 - Edit submission/button_Create folder'. Try using Self-healing.

2022-01-15 13:44:33 - [MESSAGE][WARNING] - [SELF-HEALING] The current locator of test object 'Object Repository/Page_1 Deadline 1 - Edit submission/button_Create folder' was broken. Propose an alternative one: '(.//*[normalize-space(text()) and normalize-space(.)='New folder name'])[1]/following::button[1]'.

2022-01-15 13:44:33 - [MESSAGE][PASSED] - Object: 'Object Repository/Page_1 Deadline 1 - Edit submission/button_Create folder' is clicked on

2022-01-15 13:44:33 - [TEST_STEP][PASSED] - click(findTestObject("Object Repository/Page_1 Deadline 1 - Edit submission/i_New folder_icon fa fa-ellipsis-v fa-fw")): Object: 'Object Repository/Page_1 Deadline 1 - Edit submission/i_New folder_icon fa fa-ellipsis-v fa-fw' is clicked on

2022-01-15 13:45:04 - [MESSAGE][INFO] - Unable to find the element located by 'By.xpath: //a[@id='yui_3_17_2_1_1641732156465_576']/span/i'. Please recheck the objects properties to make sure the desired element is located. 

2022-01-15 13:45:04 - [MESSAGE][WARNING] - [SELF-HEALING] Failed to find element with id 'Object Repository/Page_1 Deadline 1 - Edit submission/i_New folder_icon fa fa-ellipsis-v fa-fw'. Try using Self-healing.

2022-01-15 13:45:04 - [MESSAGE][WARNING] - [SELF-HEALING] The current locator of test object 'Object Repository/Page_1 Deadline 1 - Edit submission/i_New folder_icon fa fa-ellipsis-v fa-fw' was broken. Propose an alternative one: '//a[2]/span/i'.

2022-01-15 13:45:04 - [MESSAGE][PASSED] - Object: 'Object Repository/Page_1 Deadline 1 - Edit submission/i_New folder_icon fa fa-ellipsis-v fa-fw' is clicked on

2022-01-15 13:45:05 - [TEST_STEP][PASSED] - click(findTestObject("Object Repository/Page_1 Deadline 1 - Edit submission/button_Zip")): Object: 'Object Repository/Page_1 Deadline 1 - Edit submission/button_Zip' is clicked on

2022-01-15 13:45:36 - [MESSAGE][INFO] - Unable to find the element located by 'By.xpath: //button[@id='yui_3_17_2_1_1641732156465_659']'. Please recheck the objects properties to make sure the desired element is located. 

2022-01-15 13:45:36 - [MESSAGE][WARNING] - [SELF-HEALING] Failed to find element with id 'Object Repository/Page_1 Deadline 1 - Edit submission/button_Zip'. Try using Self-healing.

2022-01-15 13:45:36 - [MESSAGE][WARNING] - [SELF-HEALING] The current locator of test object 'Object Repository/Page_1 Deadline 1 - Edit submission/button_Zip' was broken. Propose an alternative one: '(.//*[normalize-space(text()) and normalize-space(.)='Set main file'])[1]/following::button[1]'.

2022-01-15 13:45:36 - [MESSAGE][PASSED] - Object: 'Object Repository/Page_1 Deadline 1 - Edit submission/button_Zip' is clicked on

2022-01-15 13:45:36 - [TEST_STEP][PASSED] - scrollToElement(findTestObject("Object Repository/Page_1 Deadline 1 - Edit submission/input_Loading_submitbutton"), 0): Scroll to object 'Object Repository/Page_1 Deadline 1 - Edit submission/input_Loading_submitbutton' successfully

2022-01-15 13:45:36 - [MESSAGE][WARNING] - Timeout '0' is invalid. Using default page load timeout: '30'

2022-01-15 13:45:37 - [MESSAGE][PASSED] - Scroll to object 'Object Repository/Page_1 Deadline 1 - Edit submission/input_Loading_submitbutton' successfully

2022-01-15 13:45:37 - [TEST_STEP][PASSED] - click(findTestObject("Object Repository/Page_1 Deadline 1 - Edit submission/input_Loading_submitbutton")): Object: 'Object Repository/Page_1 Deadline 1 - Edit submission/input_Loading_submitbutton' is clicked on

2022-01-15 13:45:47 - [MESSAGE][PASSED] - Object: 'Object Repository/Page_1 Deadline 1 - Edit submission/input_Loading_submitbutton' is clicked on

2022-01-15 13:45:47 - [TEST_STEP][PASSED] - closeBrowser(): Browser is closed

2022-01-15 13:45:48 - [MESSAGE][PASSED] - Browser is closed]]></system-out>
         <system-err><![CDATA[]]></system-err>
      </testcase>
      <testcase name="Test Cases/Deadline/Edit a submission in deadline by student" time="81.37" classname="Test Cases/Deadline/Edit a submission in deadline by student" status="PASSED">
         <system-out><![CDATA[2022-01-15 13:45:48 - [TEST_CASE][PASSED] - Test Cases/Deadline/Edit a submission in deadline by student: Test Cases/Deadline/Edit a submission in deadline by student

2022-01-15 13:45:49 - [TEST_STEP][PASSED] - openBrowser(""): Browser is opened with url: ''

2022-01-15 13:45:49 - [MESSAGE][INFO] - Starting 'Chrome' driver

2022-01-15 13:45:49 - [MESSAGE][INFO] - Action delay is set to 0 milliseconds

2022-01-15 13:45:50 - [MESSAGE][PASSED] - Browser is opened with url: ''

2022-01-15 13:45:50 - [TEST_STEP][PASSED] - navigateToUrl("http://localhost/"): Navigate to 'http://localhost/' successfully

2022-01-15 13:45:50 - [MESSAGE][PASSED] - Navigate to 'http://localhost/' successfully

2022-01-15 13:45:50 - [TEST_STEP][PASSED] - click(findTestObject("Object Repository/Page_L Tm Anh/a_Log in")): Object: 'Object Repository/Page_L Tm Anh/a_Log in' is clicked on

2022-01-15 13:45:51 - [MESSAGE][PASSED] - Object: 'Object Repository/Page_L Tm Anh/a_Log in' is clicked on

2022-01-15 13:45:51 - [TEST_STEP][PASSED] - setText(findTestObject("Object Repository/Page_L Tm Anh Log in to the site/input_Username_username"), "anhle2"): Text 'anhle2' is set on object 'Object Repository/Page_L Tm Anh Log in to the site/input_Username_username'

2022-01-15 13:45:52 - [MESSAGE][PASSED] - Text 'anhle2' is set on object 'Object Repository/Page_L Tm Anh Log in to the site/input_Username_username'

2022-01-15 13:45:52 - [TEST_STEP][PASSED] - setEncryptedText(findTestObject("Object Repository/Page_L Tm Anh Log in to the site/input_Password_password"), "eGmz8XUbrLe3vUQiiiujBg=="): Text ****** has been set on object 'Object Repository/Page_L Tm Anh Log in to the site/input_Password_password'

2022-01-15 13:45:52 - [MESSAGE][PASSED] - Text ****** has been set on object 'Object Repository/Page_L Tm Anh Log in to the site/input_Password_password'

2022-01-15 13:45:52 - [TEST_STEP][PASSED] - click(findTestObject("Object Repository/Page_L Tm Anh Log in to the site/button_Log in")): Object: 'Object Repository/Page_L Tm Anh Log in to the site/button_Log in' is clicked on

2022-01-15 13:45:53 - [MESSAGE][PASSED] - Object: 'Object Repository/Page_L Tm Anh Log in to the site/button_Log in' is clicked on

2022-01-15 13:45:53 - [TEST_STEP][PASSED] - click(findTestObject("Object Repository/Page_Dashboard/a_My courses")): Object: 'Object Repository/Page_Dashboard/a_My courses' is clicked on

2022-01-15 13:46:24 - [MESSAGE][INFO] - Unable to find the element located by 'By.xpath: //ul[@id='moremenu-61e0e36aac914-navbar-nav']/li[3]/a'. Please recheck the objects properties to make sure the desired element is located. 

2022-01-15 13:46:24 - [MESSAGE][WARNING] - [SELF-HEALING] Failed to find element with id 'Object Repository/Page_Dashboard/a_My courses'. Try using Self-healing.

2022-01-15 13:46:25 - [MESSAGE][WARNING] - [SELF-HEALING] The current locator of test object 'Object Repository/Page_Dashboard/a_My courses' was broken. Propose an alternative one: '//a[contains(text(),'My courses')]'.

2022-01-15 13:46:25 - [MESSAGE][PASSED] - Object: 'Object Repository/Page_Dashboard/a_My courses' is clicked on

2022-01-15 13:46:25 - [TEST_STEP][PASSED] - click(findTestObject("Object Repository/Page_My courses/div_Course image")): Object: 'Object Repository/Page_My courses/div_Course image' is clicked on

2022-01-15 13:46:26 - [MESSAGE][PASSED] - Object: 'Object Repository/Page_My courses/div_Course image' is clicked on

2022-01-15 13:46:26 - [TEST_STEP][PASSED] - click(findTestObject("Object Repository/Page_Course 1/a_Deadline 1  Assignment")): Object: 'Object Repository/Page_Course 1/a_Deadline 1  Assignment' is clicked on

2022-01-15 13:46:28 - [MESSAGE][PASSED] - Object: 'Object Repository/Page_Course 1/a_Deadline 1  Assignment' is clicked on

2022-01-15 13:46:28 - [TEST_STEP][PASSED] - click(findTestObject("Object Repository/Page_1 Deadline 1/button_Edit submission")): Object: 'Object Repository/Page_1 Deadline 1/button_Edit submission' is clicked on

2022-01-15 13:47:00 - [MESSAGE][INFO] - Unable to find the element located by 'By.xpath: //button[@id='single_button61dbabd014cde6']'. Please recheck the objects properties to make sure the desired element is located. 

2022-01-15 13:47:00 - [MESSAGE][WARNING] - [SELF-HEALING] Failed to find element with id 'Object Repository/Page_1 Deadline 1/button_Edit submission'. Try using Self-healing.

2022-01-15 13:47:00 - [MESSAGE][WARNING] - [SELF-HEALING] The current locator of test object 'Object Repository/Page_1 Deadline 1/button_Edit submission' was broken. Propose an alternative one: '//section[@id='region-main']/div[3]/div/div/div/div/form/button'.

2022-01-15 13:47:00 - [MESSAGE][PASSED] - Object: 'Object Repository/Page_1 Deadline 1/button_Edit submission' is clicked on

2022-01-15 13:47:00 - [TEST_STEP][PASSED] - scrollToElement(findTestObject("Page_1 Deadline 1 - Edit submission/input_Loading_submitbutton"), 0): Scroll to object 'Object Repository/Page_1 Deadline 1 - Edit submission/input_Loading_submitbutton' successfully

2022-01-15 13:47:00 - [MESSAGE][WARNING] - Timeout '0' is invalid. Using default page load timeout: '30'

2022-01-15 13:47:02 - [MESSAGE][PASSED] - Scroll to object 'Object Repository/Page_1 Deadline 1 - Edit submission/input_Loading_submitbutton' successfully

2022-01-15 13:47:02 - [TEST_STEP][PASSED] - click(findTestObject("Object Repository/Page_1 Deadline 1 - Edit submission/input_Loading_submitbutton")): Object: 'Object Repository/Page_1 Deadline 1 - Edit submission/input_Loading_submitbutton' is clicked on

2022-01-15 13:47:09 - [MESSAGE][PASSED] - Object: 'Object Repository/Page_1 Deadline 1 - Edit submission/input_Loading_submitbutton' is clicked on

2022-01-15 13:47:09 - [TEST_STEP][PASSED] - closeBrowser(): Browser is closed

2022-01-15 13:47:09 - [MESSAGE][PASSED] - Browser is closed]]></system-out>
         <system-err><![CDATA[]]></system-err>
      </testcase>
      <testcase name="Test Cases/Deadline/Download the submission in deadine by student" time="103.531" classname="Test Cases/Deadline/Download the submission in deadine by student" status="PASSED">
         <system-out><![CDATA[2022-01-15 13:47:09 - [TEST_CASE][PASSED] - Test Cases/Deadline/Download the submission in deadine by student: Test Cases/Deadline/Download the submission in deadine by student

2022-01-15 13:47:10 - [TEST_STEP][PASSED] - openBrowser(""): Browser is opened with url: ''

2022-01-15 13:47:10 - [MESSAGE][INFO] - Starting 'Chrome' driver

2022-01-15 13:47:10 - [MESSAGE][INFO] - Action delay is set to 0 milliseconds

2022-01-15 13:47:11 - [MESSAGE][PASSED] - Browser is opened with url: ''

2022-01-15 13:47:11 - [TEST_STEP][PASSED] - navigateToUrl("http://localhost/"): Navigate to 'http://localhost/' successfully

2022-01-15 13:47:11 - [MESSAGE][PASSED] - Navigate to 'http://localhost/' successfully

2022-01-15 13:47:11 - [TEST_STEP][PASSED] - click(findTestObject("Object Repository/Page_L Tm Anh/a_Log in")): Object: 'Object Repository/Page_L Tm Anh/a_Log in' is clicked on

2022-01-15 13:47:12 - [MESSAGE][PASSED] - Object: 'Object Repository/Page_L Tm Anh/a_Log in' is clicked on

2022-01-15 13:47:12 - [TEST_STEP][PASSED] - setText(findTestObject("Object Repository/Page_L Tm Anh Log in to the site/input_Username_username"), "anhle1"): Text 'anhle1' is set on object 'Object Repository/Page_L Tm Anh Log in to the site/input_Username_username'

2022-01-15 13:47:13 - [MESSAGE][PASSED] - Text 'anhle1' is set on object 'Object Repository/Page_L Tm Anh Log in to the site/input_Username_username'

2022-01-15 13:47:13 - [TEST_STEP][PASSED] - setEncryptedText(findTestObject("Object Repository/Page_L Tm Anh Log in to the site/input_Password_password"), "eGmz8XUbrLe3vUQiiiujBg=="): Text ****** has been set on object 'Object Repository/Page_L Tm Anh Log in to the site/input_Password_password'

2022-01-15 13:47:13 - [MESSAGE][PASSED] - Text ****** has been set on object 'Object Repository/Page_L Tm Anh Log in to the site/input_Password_password'

2022-01-15 13:47:13 - [TEST_STEP][PASSED] - click(findTestObject("Object Repository/Page_L Tm Anh Log in to the site/button_Log in")): Object: 'Object Repository/Page_L Tm Anh Log in to the site/button_Log in' is clicked on

2022-01-15 13:47:14 - [MESSAGE][PASSED] - Object: 'Object Repository/Page_L Tm Anh Log in to the site/button_Log in' is clicked on

2022-01-15 13:47:14 - [TEST_STEP][PASSED] - click(findTestObject("Object Repository/Page_Dashboard/a_My courses")): Object: 'Object Repository/Page_Dashboard/a_My courses' is clicked on

2022-01-15 13:47:46 - [MESSAGE][INFO] - Unable to find the element located by 'By.xpath: //ul[@id='moremenu-61e0e36aac914-navbar-nav']/li[3]/a'. Please recheck the objects properties to make sure the desired element is located. 

2022-01-15 13:47:46 - [MESSAGE][WARNING] - [SELF-HEALING] Failed to find element with id 'Object Repository/Page_Dashboard/a_My courses'. Try using Self-healing.

2022-01-15 13:47:46 - [MESSAGE][WARNING] - [SELF-HEALING] The current locator of test object 'Object Repository/Page_Dashboard/a_My courses' was broken. Propose an alternative one: '//a[contains(text(),'My courses')]'.

2022-01-15 13:47:46 - [MESSAGE][PASSED] - Object: 'Object Repository/Page_Dashboard/a_My courses' is clicked on

2022-01-15 13:47:46 - [TEST_STEP][PASSED] - click(findTestObject("Object Repository/Page_My courses/div_Course image")): Object: 'Object Repository/Page_My courses/div_Course image' is clicked on

2022-01-15 13:47:48 - [MESSAGE][PASSED] - Object: 'Object Repository/Page_My courses/div_Course image' is clicked on

2022-01-15 13:47:48 - [TEST_STEP][PASSED] - click(findTestObject("Object Repository/Page_Course 1/a_Deadline 1  Assignment")): Object: 'Object Repository/Page_Course 1/a_Deadline 1  Assignment' is clicked on

2022-01-15 13:47:49 - [MESSAGE][PASSED] - Object: 'Object Repository/Page_Course 1/a_Deadline 1  Assignment' is clicked on

2022-01-15 13:47:49 - [TEST_STEP][PASSED] - click(findTestObject("Object Repository/Page_1 Deadline 1/button_Edit submission")): Object: 'Object Repository/Page_1 Deadline 1/button_Edit submission' is clicked on

2022-01-15 13:48:20 - [MESSAGE][INFO] - Unable to find the element located by 'By.xpath: //button[@id='single_button61dbabd014cde6']'. Please recheck the objects properties to make sure the desired element is located. 

2022-01-15 13:48:20 - [MESSAGE][WARNING] - [SELF-HEALING] Failed to find element with id 'Object Repository/Page_1 Deadline 1/button_Edit submission'. Try using Self-healing.

2022-01-15 13:48:20 - [MESSAGE][WARNING] - [SELF-HEALING] The current locator of test object 'Object Repository/Page_1 Deadline 1/button_Edit submission' was broken. Propose an alternative one: '//section[@id='region-main']/div[3]/div/div/div/div/form/button'.

2022-01-15 13:48:21 - [MESSAGE][PASSED] - Object: 'Object Repository/Page_1 Deadline 1/button_Edit submission' is clicked on

2022-01-15 13:48:21 - [TEST_STEP][PASSED] - click(findTestObject("Object Repository/Page_1 Deadline 1 - Edit submission/i_- drag and drop not supported_icon fa fa-_ea7f6f")): Object: 'Object Repository/Page_1 Deadline 1 - Edit submission/i_- drag and drop not supported_icon fa fa-_ea7f6f' is clicked on

2022-01-15 13:48:52 - [MESSAGE][INFO] - Unable to find the element located by 'By.xpath: //a[@id='yui_3_17_2_1_1641786322657_385']/i'. Please recheck the objects properties to make sure the desired element is located. 

2022-01-15 13:48:52 - [MESSAGE][WARNING] - [SELF-HEALING] Failed to find element with id 'Object Repository/Page_1 Deadline 1 - Edit submission/i_- drag and drop not supported_icon fa fa-_ea7f6f'. Try using Self-healing.

2022-01-15 13:48:52 - [MESSAGE][WARNING] - [SELF-HEALING] The current locator of test object 'Object Repository/Page_1 Deadline 1 - Edit submission/i_- drag and drop not supported_icon fa fa-_ea7f6f' was broken. Propose an alternative one: '//div[3]/a/i'.

2022-01-15 13:48:52 - [MESSAGE][PASSED] - Object: 'Object Repository/Page_1 Deadline 1 - Edit submission/i_- drag and drop not supported_icon fa fa-_ea7f6f' is clicked on

2022-01-15 13:48:52 - [TEST_STEP][PASSED] - closeBrowser(): Browser is closed

2022-01-15 13:48:53 - [MESSAGE][PASSED] - Browser is closed]]></system-out>
         <system-err><![CDATA[]]></system-err>
      </testcase>
      <testcase name="Test Cases/Deadline/Cancel remove a submission in deadline" time="105.748" classname="Test Cases/Deadline/Cancel remove a submission in deadline" status="PASSED">
         <system-out><![CDATA[2022-01-15 13:48:53 - [TEST_CASE][PASSED] - Test Cases/Deadline/Cancel remove a submission in deadline: Test Cases/Deadline/Cancel remove a submission in deadline

2022-01-15 13:48:53 - [TEST_STEP][PASSED] - openBrowser(""): Browser is opened with url: ''

2022-01-15 13:48:53 - [MESSAGE][INFO] - Starting 'Chrome' driver

2022-01-15 13:48:53 - [MESSAGE][INFO] - Action delay is set to 0 milliseconds

2022-01-15 13:48:55 - [MESSAGE][PASSED] - Browser is opened with url: ''

2022-01-15 13:48:55 - [TEST_STEP][PASSED] - navigateToUrl("http://localhost/"): Navigate to 'http://localhost/' successfully

2022-01-15 13:48:55 - [MESSAGE][PASSED] - Navigate to 'http://localhost/' successfully

2022-01-15 13:48:55 - [TEST_STEP][PASSED] - click(findTestObject("Object Repository/Page_L Tm Anh/a_Log in")): Object: 'Object Repository/Page_L Tm Anh/a_Log in' is clicked on

2022-01-15 13:48:56 - [MESSAGE][PASSED] - Object: 'Object Repository/Page_L Tm Anh/a_Log in' is clicked on

2022-01-15 13:48:56 - [TEST_STEP][PASSED] - setText(findTestObject("Object Repository/Page_L Tm Anh Log in to the site/input_Username_username"), "anhle2"): Text 'anhle2' is set on object 'Object Repository/Page_L Tm Anh Log in to the site/input_Username_username'

2022-01-15 13:48:57 - [MESSAGE][PASSED] - Text 'anhle2' is set on object 'Object Repository/Page_L Tm Anh Log in to the site/input_Username_username'

2022-01-15 13:48:57 - [TEST_STEP][PASSED] - setEncryptedText(findTestObject("Object Repository/Page_L Tm Anh Log in to the site/input_Password_password"), "eGmz8XUbrLe3vUQiiiujBg=="): Text ****** has been set on object 'Object Repository/Page_L Tm Anh Log in to the site/input_Password_password'

2022-01-15 13:48:57 - [MESSAGE][PASSED] - Text ****** has been set on object 'Object Repository/Page_L Tm Anh Log in to the site/input_Password_password'

2022-01-15 13:48:57 - [TEST_STEP][PASSED] - click(findTestObject("Object Repository/Page_L Tm Anh Log in to the site/button_Log in")): Object: 'Object Repository/Page_L Tm Anh Log in to the site/button_Log in' is clicked on

2022-01-15 13:48:58 - [MESSAGE][PASSED] - Object: 'Object Repository/Page_L Tm Anh Log in to the site/button_Log in' is clicked on

2022-01-15 13:48:58 - [TEST_STEP][PASSED] - click(findTestObject("Object Repository/Page_Dashboard/a_My courses")): Object: 'Object Repository/Page_Dashboard/a_My courses' is clicked on

2022-01-15 13:49:29 - [MESSAGE][INFO] - Unable to find the element located by 'By.xpath: //ul[@id='moremenu-61e0e36aac914-navbar-nav']/li[3]/a'. Please recheck the objects properties to make sure the desired element is located. 

2022-01-15 13:49:29 - [MESSAGE][WARNING] - [SELF-HEALING] Failed to find element with id 'Object Repository/Page_Dashboard/a_My courses'. Try using Self-healing.

2022-01-15 13:49:30 - [MESSAGE][WARNING] - [SELF-HEALING] The current locator of test object 'Object Repository/Page_Dashboard/a_My courses' was broken. Propose an alternative one: '//a[contains(text(),'My courses')]'.

2022-01-15 13:49:30 - [MESSAGE][PASSED] - Object: 'Object Repository/Page_Dashboard/a_My courses' is clicked on

2022-01-15 13:49:30 - [TEST_STEP][PASSED] - click(findTestObject("Object Repository/Page_My courses/div_Course image")): Object: 'Object Repository/Page_My courses/div_Course image' is clicked on

2022-01-15 13:49:32 - [MESSAGE][PASSED] - Object: 'Object Repository/Page_My courses/div_Course image' is clicked on

2022-01-15 13:49:32 - [TEST_STEP][PASSED] - click(findTestObject("Object Repository/Page_Course 1/a_Deadline 1  Assignment")): Object: 'Object Repository/Page_Course 1/a_Deadline 1  Assignment' is clicked on

2022-01-15 13:49:34 - [MESSAGE][PASSED] - Object: 'Object Repository/Page_Course 1/a_Deadline 1  Assignment' is clicked on

2022-01-15 13:49:34 - [TEST_STEP][PASSED] - click(findTestObject("Object Repository/Page_1 Deadline 1/button_Remove submission")): Object: 'Object Repository/Page_1 Deadline 1/button_Remove submission' is clicked on

2022-01-15 13:50:05 - [MESSAGE][INFO] - Unable to find the element located by 'By.xpath: //button[@id='single_button61da3def500197']'. Please recheck the objects properties to make sure the desired element is located. 

2022-01-15 13:50:05 - [MESSAGE][WARNING] - [SELF-HEALING] Failed to find element with id 'Object Repository/Page_1 Deadline 1/button_Remove submission'. Try using Self-healing.

2022-01-15 13:50:05 - [MESSAGE][WARNING] - [SELF-HEALING] The current locator of test object 'Object Repository/Page_1 Deadline 1/button_Remove submission' was broken. Propose an alternative one: '(.//*[normalize-space(text()) and normalize-space(.)='Submission status'])[1]/preceding::button[1]'.

2022-01-15 13:50:06 - [MESSAGE][PASSED] - Object: 'Object Repository/Page_1 Deadline 1/button_Remove submission' is clicked on

2022-01-15 13:50:06 - [TEST_STEP][PASSED] - click(findTestObject("Object Repository/Page_1 Deadline 1/button_Cancel")): Object: 'Object Repository/Page_1 Deadline 1/button_Cancel' is clicked on

2022-01-15 13:50:37 - [MESSAGE][INFO] - Unable to find the element located by 'By.xpath: //button[@id='single_button61da3df1292357']'. Please recheck the objects properties to make sure the desired element is located. 

2022-01-15 13:50:37 - [MESSAGE][WARNING] - [SELF-HEALING] Failed to find element with id 'Object Repository/Page_1 Deadline 1/button_Cancel'. Try using Self-healing.

2022-01-15 13:50:37 - [MESSAGE][WARNING] - [SELF-HEALING] The current locator of test object 'Object Repository/Page_1 Deadline 1/button_Cancel' was broken. Propose an alternative one: '//div[@id='modal-footer']/div/div[2]/form/button'.

2022-01-15 13:50:38 - [MESSAGE][PASSED] - Object: 'Object Repository/Page_1 Deadline 1/button_Cancel' is clicked on

2022-01-15 13:50:38 - [TEST_STEP][PASSED] - closeBrowser(): Browser is closed

2022-01-15 13:50:39 - [MESSAGE][PASSED] - Browser is closed]]></system-out>
         <system-err><![CDATA[]]></system-err>
      </testcase>
      <testcase name="Test Cases/Deadline/Remove the submission in a deadline by student" time="106.169" classname="Test Cases/Deadline/Remove the submission in a deadline by student" status="PASSED">
         <system-out><![CDATA[2022-01-15 13:50:39 - [TEST_CASE][PASSED] - Test Cases/Deadline/Remove the submission in a deadline by student: Test Cases/Deadline/Remove the submission in a deadline by student

2022-01-15 13:50:39 - [TEST_STEP][PASSED] - openBrowser(""): Browser is opened with url: ''

2022-01-15 13:50:39 - [MESSAGE][INFO] - Starting 'Chrome' driver

2022-01-15 13:50:39 - [MESSAGE][INFO] - Action delay is set to 0 milliseconds

2022-01-15 13:50:40 - [MESSAGE][PASSED] - Browser is opened with url: ''

2022-01-15 13:50:40 - [TEST_STEP][PASSED] - navigateToUrl("http://localhost/"): Navigate to 'http://localhost/' successfully

2022-01-15 13:50:41 - [MESSAGE][PASSED] - Navigate to 'http://localhost/' successfully

2022-01-15 13:50:41 - [TEST_STEP][PASSED] - click(findTestObject("Object Repository/Page_L Tm Anh/a_Log in")): Object: 'Object Repository/Page_L Tm Anh/a_Log in' is clicked on

2022-01-15 13:50:42 - [MESSAGE][PASSED] - Object: 'Object Repository/Page_L Tm Anh/a_Log in' is clicked on

2022-01-15 13:50:42 - [TEST_STEP][PASSED] - setText(findTestObject("Object Repository/Page_L Tm Anh Log in to the site/input_Username_username"), "anhle2"): Text 'anhle2' is set on object 'Object Repository/Page_L Tm Anh Log in to the site/input_Username_username'

2022-01-15 13:50:43 - [MESSAGE][PASSED] - Text 'anhle2' is set on object 'Object Repository/Page_L Tm Anh Log in to the site/input_Username_username'

2022-01-15 13:50:43 - [TEST_STEP][PASSED] - setEncryptedText(findTestObject("Object Repository/Page_L Tm Anh Log in to the site/input_Password_password"), "eGmz8XUbrLe3vUQiiiujBg=="): Text ****** has been set on object 'Object Repository/Page_L Tm Anh Log in to the site/input_Password_password'

2022-01-15 13:50:43 - [MESSAGE][PASSED] - Text ****** has been set on object 'Object Repository/Page_L Tm Anh Log in to the site/input_Password_password'

2022-01-15 13:50:43 - [TEST_STEP][PASSED] - click(findTestObject("Object Repository/Page_L Tm Anh Log in to the site/button_Log in")): Object: 'Object Repository/Page_L Tm Anh Log in to the site/button_Log in' is clicked on

2022-01-15 13:50:45 - [MESSAGE][PASSED] - Object: 'Object Repository/Page_L Tm Anh Log in to the site/button_Log in' is clicked on

2022-01-15 13:50:45 - [TEST_STEP][PASSED] - click(findTestObject("Object Repository/Page_Dashboard/a_My courses")): Object: 'Object Repository/Page_Dashboard/a_My courses' is clicked on

2022-01-15 13:51:16 - [MESSAGE][INFO] - Unable to find the element located by 'By.xpath: //ul[@id='moremenu-61e0e36aac914-navbar-nav']/li[3]/a'. Please recheck the objects properties to make sure the desired element is located. 

2022-01-15 13:51:16 - [MESSAGE][WARNING] - [SELF-HEALING] Failed to find element with id 'Object Repository/Page_Dashboard/a_My courses'. Try using Self-healing.

2022-01-15 13:51:16 - [MESSAGE][WARNING] - [SELF-HEALING] The current locator of test object 'Object Repository/Page_Dashboard/a_My courses' was broken. Propose an alternative one: '//a[contains(text(),'My courses')]'.

2022-01-15 13:51:16 - [MESSAGE][PASSED] - Object: 'Object Repository/Page_Dashboard/a_My courses' is clicked on

2022-01-15 13:51:16 - [TEST_STEP][PASSED] - click(findTestObject("Object Repository/Page_My courses/div_Course image")): Object: 'Object Repository/Page_My courses/div_Course image' is clicked on

2022-01-15 13:51:18 - [MESSAGE][PASSED] - Object: 'Object Repository/Page_My courses/div_Course image' is clicked on

2022-01-15 13:51:18 - [TEST_STEP][PASSED] - click(findTestObject("Object Repository/Page_Course 1/a_Deadline 1  Assignment")): Object: 'Object Repository/Page_Course 1/a_Deadline 1  Assignment' is clicked on

2022-01-15 13:51:20 - [MESSAGE][PASSED] - Object: 'Object Repository/Page_Course 1/a_Deadline 1  Assignment' is clicked on

2022-01-15 13:51:20 - [TEST_STEP][PASSED] - click(findTestObject("Object Repository/Page_1 Deadline 1/button_Remove submission")): Object: 'Object Repository/Page_1 Deadline 1/button_Remove submission' is clicked on

2022-01-15 13:51:51 - [MESSAGE][INFO] - Unable to find the element located by 'By.xpath: //button[@id='single_button61da3def500197']'. Please recheck the objects properties to make sure the desired element is located. 

2022-01-15 13:51:51 - [MESSAGE][WARNING] - [SELF-HEALING] Failed to find element with id 'Object Repository/Page_1 Deadline 1/button_Remove submission'. Try using Self-healing.

2022-01-15 13:51:51 - [MESSAGE][WARNING] - [SELF-HEALING] The current locator of test object 'Object Repository/Page_1 Deadline 1/button_Remove submission' was broken. Propose an alternative one: '(.//*[normalize-space(text()) and normalize-space(.)='Submission status'])[1]/preceding::button[1]'.

2022-01-15 13:51:52 - [MESSAGE][PASSED] - Object: 'Object Repository/Page_1 Deadline 1/button_Remove submission' is clicked on

2022-01-15 13:51:52 - [TEST_STEP][PASSED] - click(findTestObject("Object Repository/Page_1 Deadline 1/button_Continue")): Object: 'Object Repository/Page_1 Deadline 1/button_Continue' is clicked on

2022-01-15 13:52:23 - [MESSAGE][INFO] - Unable to find the element located by 'By.xpath: //button[@id='single_button61da2e4a4a4336']'. Please recheck the objects properties to make sure the desired element is located. 

2022-01-15 13:52:23 - [MESSAGE][WARNING] - [SELF-HEALING] Failed to find element with id 'Object Repository/Page_1 Deadline 1/button_Continue'. Try using Self-healing.

2022-01-15 13:52:24 - [MESSAGE][WARNING] - [SELF-HEALING] The current locator of test object 'Object Repository/Page_1 Deadline 1/button_Continue' was broken. Propose an alternative one: '//div[@id='modal-footer']/div/div/form/button'.

2022-01-15 13:52:24 - [MESSAGE][PASSED] - Object: 'Object Repository/Page_1 Deadline 1/button_Continue' is clicked on

2022-01-15 13:52:24 - [TEST_STEP][PASSED] - closeBrowser(): Browser is closed

2022-01-15 13:52:25 - [MESSAGE][PASSED] - Browser is closed]]></system-out>
         <system-err><![CDATA[]]></system-err>
      </testcase>
      <testcase name="Test Cases/I1/Cancel add discussion topic" time="79.594" classname="Test Cases/I1/Cancel add discussion topic" status="PASSED">
         <system-out><![CDATA[2022-01-15 13:52:25 - [TEST_CASE][PASSED] - Test Cases/I1/Cancel add discussion topic: Test Cases/I1/Cancel add discussion topic

2022-01-15 13:52:26 - [TEST_STEP][PASSED] - openBrowser(""): Browser is opened with url: ''

2022-01-15 13:52:26 - [MESSAGE][INFO] - Starting 'Chrome' driver

2022-01-15 13:52:26 - [MESSAGE][INFO] - Action delay is set to 0 milliseconds

2022-01-15 13:52:28 - [MESSAGE][PASSED] - Browser is opened with url: ''

2022-01-15 13:52:28 - [TEST_STEP][PASSED] - navigateToUrl("http://localhost/"): Navigate to 'http://localhost/' successfully

2022-01-15 13:52:29 - [MESSAGE][PASSED] - Navigate to 'http://localhost/' successfully

2022-01-15 13:52:29 - [TEST_STEP][PASSED] - click(findTestObject("Object Repository/Page_L Tm Anh/a_Log in")): Object: 'Object Repository/Page_L Tm Anh/a_Log in' is clicked on

2022-01-15 13:52:30 - [MESSAGE][PASSED] - Object: 'Object Repository/Page_L Tm Anh/a_Log in' is clicked on

2022-01-15 13:52:30 - [TEST_STEP][PASSED] - setText(findTestObject("Object Repository/Page_L Tm Anh Log in to the site/input_Username_username"), "admin"): Text 'admin' is set on object 'Object Repository/Page_L Tm Anh Log in to the site/input_Username_username'

2022-01-15 13:52:31 - [MESSAGE][PASSED] - Text 'admin' is set on object 'Object Repository/Page_L Tm Anh Log in to the site/input_Username_username'

2022-01-15 13:52:31 - [TEST_STEP][PASSED] - setEncryptedText(findTestObject("Object Repository/Page_L Tm Anh Log in to the site/input_Password_password"), "eGmz8XUbrLe3vUQiiiujBg=="): Text ****** has been set on object 'Object Repository/Page_L Tm Anh Log in to the site/input_Password_password'

2022-01-15 13:52:31 - [MESSAGE][PASSED] - Text ****** has been set on object 'Object Repository/Page_L Tm Anh Log in to the site/input_Password_password'

2022-01-15 13:52:31 - [TEST_STEP][PASSED] - click(findTestObject("Object Repository/Page_L Tm Anh Log in to the site/button_Log in")): Object: 'Object Repository/Page_L Tm Anh Log in to the site/button_Log in' is clicked on

2022-01-15 13:52:33 - [MESSAGE][PASSED] - Object: 'Object Repository/Page_L Tm Anh Log in to the site/button_Log in' is clicked on

2022-01-15 13:52:33 - [TEST_STEP][PASSED] - click(findTestObject("Object Repository/Page_Dashboard/a_My courses")): Object: 'Object Repository/Page_Dashboard/a_My courses' is clicked on

2022-01-15 13:53:05 - [MESSAGE][INFO] - Unable to find the element located by 'By.xpath: //ul[@id='moremenu-61e0e36aac914-navbar-nav']/li[3]/a'. Please recheck the objects properties to make sure the desired element is located. 

2022-01-15 13:53:05 - [MESSAGE][WARNING] - [SELF-HEALING] Failed to find element with id 'Object Repository/Page_Dashboard/a_My courses'. Try using Self-healing.

2022-01-15 13:53:05 - [MESSAGE][WARNING] - [SELF-HEALING] The current locator of test object 'Object Repository/Page_Dashboard/a_My courses' was broken. Propose an alternative one: '//a[contains(text(),'My courses')]'.

2022-01-15 13:53:06 - [MESSAGE][PASSED] - Object: 'Object Repository/Page_Dashboard/a_My courses' is clicked on

2022-01-15 13:53:06 - [TEST_STEP][PASSED] - click(findTestObject("Object Repository/Page_My courses/div_Course image")): Object: 'Object Repository/Page_My courses/div_Course image' is clicked on

2022-01-15 13:53:08 - [MESSAGE][PASSED] - Object: 'Object Repository/Page_My courses/div_Course image' is clicked on

2022-01-15 13:53:08 - [TEST_STEP][PASSED] - click(findTestObject("Object Repository/Page_Course 1/a_Announcements  Forum")): Object: 'Object Repository/Page_Course 1/a_Announcements  Forum' is clicked on

2022-01-15 13:53:11 - [MESSAGE][PASSED] - Object: 'Object Repository/Page_Course 1/a_Announcements  Forum' is clicked on

2022-01-15 13:53:11 - [TEST_STEP][PASSED] - click(findTestObject("Object Repository/Page_Announcements/a_Add discussion topic")): Object: 'Object Repository/Page_Announcements/a_Add discussion topic' is clicked on

2022-01-15 13:53:42 - [MESSAGE][INFO] - Unable to find the element located by 'By.xpath: //a[@id='yui_3_17_2_1_1641384514071_523']'. Please recheck the objects properties to make sure the desired element is located. 

2022-01-15 13:53:42 - [MESSAGE][WARNING] - [SELF-HEALING] Failed to find element with id 'Object Repository/Page_Announcements/a_Add discussion topic'. Try using Self-healing.

2022-01-15 13:53:43 - [MESSAGE][WARNING] - [SELF-HEALING] The current locator of test object 'Object Repository/Page_Announcements/a_Add discussion topic' was broken. Propose an alternative one: '(.//*[normalize-space(text()) and normalize-space(.)='Search forums'])[2]/following::a[1]'.

2022-01-15 13:53:43 - [MESSAGE][PASSED] - Object: 'Object Repository/Page_Announcements/a_Add discussion topic' is clicked on

2022-01-15 13:53:43 - [TEST_STEP][PASSED] - click(findTestObject("Object Repository/Page_Announcements/input_Subject_subject")): Object: 'Object Repository/Page_Announcements/input_Subject_subject' is clicked on

2022-01-15 13:53:43 - [MESSAGE][PASSED] - Object: 'Object Repository/Page_Announcements/input_Subject_subject' is clicked on

2022-01-15 13:53:43 - [TEST_STEP][PASSED] - click(findTestObject("Object Repository/Page_Announcements/button_Cancel")): Object: 'Object Repository/Page_Announcements/button_Cancel' is clicked on

2022-01-15 13:53:44 - [MESSAGE][PASSED] - Object: 'Object Repository/Page_Announcements/button_Cancel' is clicked on

2022-01-15 13:53:44 - [TEST_STEP][PASSED] - closeBrowser(): Browser is closed

2022-01-15 13:53:45 - [MESSAGE][PASSED] - Browser is closed]]></system-out>
         <system-err><![CDATA[]]></system-err>
      </testcase>
      <testcase name="Test Cases/Lesson/View a lesson by student" time="42.33" classname="Test Cases/Lesson/View a lesson by student" status="PASSED">
         <system-out><![CDATA[2022-01-15 13:53:45 - [TEST_CASE][PASSED] - Test Cases/Lesson/View a lesson by student: Test Cases/Lesson/View a lesson by student

2022-01-15 13:53:45 - [TEST_STEP][PASSED] - openBrowser(""): Browser is opened with url: ''

2022-01-15 13:53:45 - [MESSAGE][INFO] - Starting 'Chrome' driver

2022-01-15 13:53:45 - [MESSAGE][INFO] - Action delay is set to 0 milliseconds

2022-01-15 13:53:46 - [MESSAGE][PASSED] - Browser is opened with url: ''

2022-01-15 13:53:46 - [TEST_STEP][PASSED] - navigateToUrl("http://localhost/"): Navigate to 'http://localhost/' successfully

2022-01-15 13:53:47 - [MESSAGE][PASSED] - Navigate to 'http://localhost/' successfully

2022-01-15 13:53:47 - [TEST_STEP][PASSED] - click(findTestObject("Object Repository/Page_L Tm Anh/a_Log in")): Object: 'Object Repository/Page_L Tm Anh/a_Log in' is clicked on

2022-01-15 13:53:47 - [MESSAGE][PASSED] - Object: 'Object Repository/Page_L Tm Anh/a_Log in' is clicked on

2022-01-15 13:53:47 - [TEST_STEP][PASSED] - setEncryptedText(findTestObject("Object Repository/Page_L Tm Anh Log in to the site/input_Password_password"), "eGmz8XUbrLe3vUQiiiujBg=="): Text ****** has been set on object 'Object Repository/Page_L Tm Anh Log in to the site/input_Password_password'

2022-01-15 13:53:48 - [MESSAGE][PASSED] - Text ****** has been set on object 'Object Repository/Page_L Tm Anh Log in to the site/input_Password_password'

2022-01-15 13:53:48 - [TEST_STEP][PASSED] - setText(findTestObject("Object Repository/Page_L Tm Anh Log in to the site/input_Username_username"), "anhle7"): Text 'anhle7' is set on object 'Object Repository/Page_L Tm Anh Log in to the site/input_Username_username'

2022-01-15 13:53:49 - [MESSAGE][PASSED] - Text 'anhle7' is set on object 'Object Repository/Page_L Tm Anh Log in to the site/input_Username_username'

2022-01-15 13:53:49 - [TEST_STEP][PASSED] - click(findTestObject("Object Repository/Page_L Tm Anh Log in to the site/button_Log in")): Object: 'Object Repository/Page_L Tm Anh Log in to the site/button_Log in' is clicked on

2022-01-15 13:53:50 - [MESSAGE][PASSED] - Object: 'Object Repository/Page_L Tm Anh Log in to the site/button_Log in' is clicked on

2022-01-15 13:53:50 - [TEST_STEP][PASSED] - click(findTestObject("Object Repository/Page_Dashboard/a_My courses")): Object: 'Object Repository/Page_Dashboard/a_My courses' is clicked on

2022-01-15 13:54:21 - [MESSAGE][INFO] - Unable to find the element located by 'By.xpath: //ul[@id='moremenu-61e0e36aac914-navbar-nav']/li[3]/a'. Please recheck the objects properties to make sure the desired element is located. 

2022-01-15 13:54:21 - [MESSAGE][WARNING] - [SELF-HEALING] Failed to find element with id 'Object Repository/Page_Dashboard/a_My courses'. Try using Self-healing.

2022-01-15 13:54:21 - [MESSAGE][WARNING] - [SELF-HEALING] The current locator of test object 'Object Repository/Page_Dashboard/a_My courses' was broken. Propose an alternative one: '//a[contains(text(),'My courses')]'.

2022-01-15 13:54:21 - [MESSAGE][PASSED] - Object: 'Object Repository/Page_Dashboard/a_My courses' is clicked on

2022-01-15 13:54:21 - [TEST_STEP][PASSED] - click(findTestObject("Object Repository/Page_My courses/div_Course image")): Object: 'Object Repository/Page_My courses/div_Course image' is clicked on

2022-01-15 13:54:24 - [MESSAGE][PASSED] - Object: 'Object Repository/Page_My courses/div_Course image' is clicked on

2022-01-15 13:54:24 - [TEST_STEP][PASSED] - click(findTestObject("Object Repository/Page_Course 5/a_Lesson 5")): Object: 'Object Repository/Page_Course 5/a_Lesson 5' is clicked on

2022-01-15 13:54:26 - [MESSAGE][PASSED] - Object: 'Object Repository/Page_Course 5/a_Lesson 5' is clicked on

2022-01-15 13:54:26 - [TEST_STEP][PASSED] - closeBrowser(): Browser is closed

2022-01-15 13:54:27 - [MESSAGE][PASSED] - Browser is closed]]></system-out>
         <system-err><![CDATA[]]></system-err>
      </testcase>
      <testcase name="Test Cases/Lesson/Add new question in a lesson" time="112.908" classname="Test Cases/Lesson/Add new question in a lesson" status="PASSED">
         <system-out><![CDATA[2022-01-15 13:54:27 - [TEST_CASE][PASSED] - Test Cases/Lesson/Add new question in a lesson: Test Cases/Lesson/Add new question in a lesson

2022-01-15 13:54:27 - [TEST_STEP][PASSED] - openBrowser(""): Browser is opened with url: ''

2022-01-15 13:54:27 - [MESSAGE][INFO] - Starting 'Chrome' driver

2022-01-15 13:54:27 - [MESSAGE][INFO] - Action delay is set to 0 milliseconds

2022-01-15 13:54:29 - [MESSAGE][PASSED] - Browser is opened with url: ''

2022-01-15 13:54:29 - [TEST_STEP][PASSED] - navigateToUrl("http://localhost/"): Navigate to 'http://localhost/' successfully

2022-01-15 13:54:29 - [MESSAGE][PASSED] - Navigate to 'http://localhost/' successfully

2022-01-15 13:54:29 - [TEST_STEP][PASSED] - click(findTestObject("Object Repository/Page_L Tm Anh/a_Log in")): Object: 'Object Repository/Page_L Tm Anh/a_Log in' is clicked on

2022-01-15 13:54:30 - [MESSAGE][PASSED] - Object: 'Object Repository/Page_L Tm Anh/a_Log in' is clicked on

2022-01-15 13:54:30 - [TEST_STEP][PASSED] - setEncryptedText(findTestObject("Object Repository/Page_L Tm Anh Log in to the site/input_Password_password"), "eGmz8XUbrLe3vUQiiiujBg=="): Text ****** has been set on object 'Object Repository/Page_L Tm Anh Log in to the site/input_Password_password'

2022-01-15 13:54:30 - [MESSAGE][PASSED] - Text ****** has been set on object 'Object Repository/Page_L Tm Anh Log in to the site/input_Password_password'

2022-01-15 13:54:30 - [TEST_STEP][PASSED] - setText(findTestObject("Object Repository/Page_L Tm Anh Log in to the site/input_Username_username"), "anhle4"): Text 'anhle4' is set on object 'Object Repository/Page_L Tm Anh Log in to the site/input_Username_username'

2022-01-15 13:54:31 - [MESSAGE][PASSED] - Text 'anhle4' is set on object 'Object Repository/Page_L Tm Anh Log in to the site/input_Username_username'

2022-01-15 13:54:31 - [TEST_STEP][PASSED] - click(findTestObject("Object Repository/Page_L Tm Anh Log in to the site/button_Log in")): Object: 'Object Repository/Page_L Tm Anh Log in to the site/button_Log in' is clicked on

2022-01-15 13:54:32 - [MESSAGE][PASSED] - Object: 'Object Repository/Page_L Tm Anh Log in to the site/button_Log in' is clicked on

2022-01-15 13:54:32 - [TEST_STEP][PASSED] - click(findTestObject("Object Repository/Page_Dashboard/a_My courses")): Object: 'Object Repository/Page_Dashboard/a_My courses' is clicked on

2022-01-15 13:55:04 - [MESSAGE][INFO] - Unable to find the element located by 'By.xpath: //ul[@id='moremenu-61e0e36aac914-navbar-nav']/li[3]/a'. Please recheck the objects properties to make sure the desired element is located. 

2022-01-15 13:55:04 - [MESSAGE][WARNING] - [SELF-HEALING] Failed to find element with id 'Object Repository/Page_Dashboard/a_My courses'. Try using Self-healing.

2022-01-15 13:55:04 - [MESSAGE][WARNING] - [SELF-HEALING] The current locator of test object 'Object Repository/Page_Dashboard/a_My courses' was broken. Propose an alternative one: '//a[contains(text(),'My courses')]'.

2022-01-15 13:55:04 - [MESSAGE][PASSED] - Object: 'Object Repository/Page_Dashboard/a_My courses' is clicked on

2022-01-15 13:55:04 - [TEST_STEP][PASSED] - click(findTestObject("Object Repository/Page_My courses/div_Course image")): Object: 'Object Repository/Page_My courses/div_Course image' is clicked on

2022-01-15 13:55:06 - [MESSAGE][PASSED] - Object: 'Object Repository/Page_My courses/div_Course image' is clicked on

2022-01-15 13:55:06 - [TEST_STEP][PASSED] - click(findTestObject("Object Repository/Page_Course 4/a_Lesson 1")): Object: 'Object Repository/Page_Course 4/a_Lesson 1' is clicked on

2022-01-15 13:55:08 - [MESSAGE][PASSED] - Object: 'Object Repository/Page_Course 4/a_Lesson 1' is clicked on

2022-01-15 13:55:08 - [TEST_STEP][PASSED] - click(findTestObject("Object Repository/Page_4 Lesson 1 Anh le la ai/button_Edit")): Object: 'Object Repository/Page_4 Lesson 1 Anh le la ai/button_Edit' is clicked on

2022-01-15 13:55:39 - [MESSAGE][INFO] - Unable to find the element located by 'By.xpath: //button[@id='single_button61df66d14f59e11']'. Please recheck the objects properties to make sure the desired element is located. 

2022-01-15 13:55:39 - [MESSAGE][WARNING] - [SELF-HEALING] Failed to find element with id 'Object Repository/Page_4 Lesson 1 Anh le la ai/button_Edit'. Try using Self-healing.

2022-01-15 13:55:39 - [MESSAGE][WARNING] - [SELF-HEALING] The current locator of test object 'Object Repository/Page_4 Lesson 1 Anh le la ai/button_Edit' was broken. Propose an alternative one: '(.//*[normalize-space(text()) and normalize-space(.)='Mark as done'])[1]/following::button[1]'.

2022-01-15 13:55:40 - [MESSAGE][PASSED] - Object: 'Object Repository/Page_4 Lesson 1 Anh le la ai/button_Edit' is clicked on

2022-01-15 13:55:40 - [TEST_STEP][PASSED] - selectOptionByValue(findTestObject("Object Repository/Page_4 Lesson 1 Edit/select_Add a new page.                    A_066c8c"), "0", true): All options with value '0' are selected in object 'Object Repository/Page_4 Lesson 1 Edit/select_Add a new page.                    A_066c8c'  using regular expression

2022-01-15 13:56:11 - [MESSAGE][INFO] - Unable to find the element located by 'By.xpath: //select[@id='single_select61df65b7381618']'. Please recheck the objects properties to make sure the desired element is located. 

2022-01-15 13:56:11 - [MESSAGE][WARNING] - [SELF-HEALING] Failed to find element with id 'Object Repository/Page_4 Lesson 1 Edit/select_Add a new page.                    A_066c8c'. Try using Self-healing.

2022-01-15 13:56:11 - [MESSAGE][WARNING] - [SELF-HEALING] The current locator of test object 'Object Repository/Page_4 Lesson 1 Edit/select_Add a new page.                    A_066c8c' was broken. Propose an alternative one: '(.//*[normalize-space(text()) and normalize-space(.)='Next page'])[1]/following::select[1]'.

2022-01-15 13:56:13 - [MESSAGE][PASSED] - All options with value '0' are selected in object 'Object Repository/Page_4 Lesson 1 Edit/select_Add a new page.                    A_066c8c'  using regular expression

2022-01-15 13:56:13 - [TEST_STEP][PASSED] - selectOptionByValue(findTestObject("Object Repository/Page_4 Lesson 1 Edit/select_Essay            Matching           _0874e8"), "10", true): All options with value '10' are selected in object 'Object Repository/Page_4 Lesson 1 Edit/select_Essay            Matching           _0874e8'  using regular expression

2022-01-15 13:56:14 - [MESSAGE][PASSED] - All options with value '10' are selected in object 'Object Repository/Page_4 Lesson 1 Edit/select_Essay            Matching           _0874e8'  using regular expression

2022-01-15 13:56:14 - [TEST_STEP][PASSED] - click(findTestObject("Object Repository/Page_4 Lesson 1 Edit/input_Select a question type_submitbutton")): Object: 'Object Repository/Page_4 Lesson 1 Edit/input_Select a question type_submitbutton' is clicked on

2022-01-15 13:56:15 - [MESSAGE][PASSED] - Object: 'Object Repository/Page_4 Lesson 1 Edit/input_Select a question type_submitbutton' is clicked on

2022-01-15 13:56:15 - [TEST_STEP][PASSED] - setText(findTestObject("Object Repository/Page_4 Lesson 1 Edit/input_Page title_title"), "Anh le la ai"): Text 'Anh le la ai' is set on object 'Object Repository/Page_4 Lesson 1 Edit/input_Page title_title'

2022-01-15 13:56:16 - [MESSAGE][PASSED] - Text 'Anh le la ai' is set on object 'Object Repository/Page_4 Lesson 1 Edit/input_Page title_title'

2022-01-15 13:56:16 - [TEST_STEP][PASSED] - setText(findTestObject("Object Repository/Page_4 Lesson 1 Edit/div_Anh le la ai"), "<p dir="ltr" style="text-align: left;">Anh le la ai</p>"): Text '<p dir="ltr" style="text-align: left;">Anh le la ai</p>' is set on object 'Object Repository/Page_4 Lesson 1 Edit/div_Anh le la ai'

2022-01-15 13:56:17 - [MESSAGE][PASSED] - Text '<p dir="ltr" style="text-align: left;">Anh le la ai</p>' is set on object 'Object Repository/Page_4 Lesson 1 Edit/div_Anh le la ai'

2022-01-15 13:56:17 - [TEST_STEP][PASSED] - scrollToElement(findTestObject("Object Repository/Page_4 Lesson 1 Edit/input_Select a question type_submitbutton"), 0): Scroll to object 'Object Repository/Page_4 Lesson 1 Edit/input_Select a question type_submitbutton' successfully

2022-01-15 13:56:17 - [MESSAGE][WARNING] - Timeout '0' is invalid. Using default page load timeout: '30'

2022-01-15 13:56:18 - [MESSAGE][PASSED] - Scroll to object 'Object Repository/Page_4 Lesson 1 Edit/input_Select a question type_submitbutton' successfully

2022-01-15 13:56:18 - [TEST_STEP][PASSED] - click(findTestObject("Object Repository/Page_4 Lesson 1 Edit/input_Select a question type_submitbutton")): Object: 'Object Repository/Page_4 Lesson 1 Edit/input_Select a question type_submitbutton' is clicked on

2022-01-15 13:56:19 - [MESSAGE][PASSED] - Object: 'Object Repository/Page_4 Lesson 1 Edit/input_Select a question type_submitbutton' is clicked on

2022-01-15 13:56:19 - [TEST_STEP][PASSED] - closeBrowser(): Browser is closed

2022-01-15 13:56:20 - [MESSAGE][PASSED] - Browser is closed]]></system-out>
         <system-err><![CDATA[]]></system-err>
      </testcase>
      <testcase name="Test Cases/Lesson/Edit a question in a lesson" time="108.834" classname="Test Cases/Lesson/Edit a question in a lesson" status="PASSED">
         <system-out><![CDATA[2022-01-15 13:56:20 - [TEST_CASE][PASSED] - Test Cases/Lesson/Edit a question in a lesson: Test Cases/Lesson/Edit a question in a lesson

2022-01-15 13:56:20 - [TEST_STEP][PASSED] - openBrowser(""): Browser is opened with url: ''

2022-01-15 13:56:20 - [MESSAGE][INFO] - Starting 'Chrome' driver

2022-01-15 13:56:20 - [MESSAGE][INFO] - Action delay is set to 0 milliseconds

2022-01-15 13:56:21 - [MESSAGE][PASSED] - Browser is opened with url: ''

2022-01-15 13:56:21 - [TEST_STEP][PASSED] - navigateToUrl("http://localhost/"): Navigate to 'http://localhost/' successfully

2022-01-15 13:56:22 - [MESSAGE][PASSED] - Navigate to 'http://localhost/' successfully

2022-01-15 13:56:22 - [TEST_STEP][PASSED] - click(findTestObject("Object Repository/Page_L Tm Anh/span_Log in")): Object: 'Object Repository/Page_L Tm Anh/span_Log in' is clicked on

2022-01-15 13:56:22 - [MESSAGE][PASSED] - Object: 'Object Repository/Page_L Tm Anh/span_Log in' is clicked on

2022-01-15 13:56:22 - [TEST_STEP][PASSED] - click(findTestObject("Object Repository/Page_L Tm Anh/a_Log in")): Object: 'Object Repository/Page_L Tm Anh/a_Log in' is clicked on

2022-01-15 13:56:54 - [MESSAGE][INFO] - Unable to find the element located by 'By.xpath: //div[@id='usernavigation']/div/div/span/a'. Please recheck the objects properties to make sure the desired element is located. 

2022-01-15 13:56:54 - [MESSAGE][WARNING] - [SELF-HEALING] Failed to find element with id 'Object Repository/Page_L Tm Anh/a_Log in'. Try using Self-healing.

2022-01-15 13:56:54 - [MESSAGE][WARNING] - [SELF-HEALING] The current locator of test object 'Object Repository/Page_L Tm Anh/a_Log in' was broken. Propose an alternative one: '//*/text()[normalize-space(.)='Log in']/parent::*'.

2022-01-15 13:56:54 - [MESSAGE][PASSED] - Object: 'Object Repository/Page_L Tm Anh/a_Log in' is clicked on

2022-01-15 13:56:54 - [TEST_STEP][PASSED] - setEncryptedText(findTestObject("Object Repository/Page_L Tm Anh Log in to the site/input_Password_password"), "eGmz8XUbrLe3vUQiiiujBg=="): Text ****** has been set on object 'Object Repository/Page_L Tm Anh Log in to the site/input_Password_password'

2022-01-15 13:56:55 - [MESSAGE][PASSED] - Text ****** has been set on object 'Object Repository/Page_L Tm Anh Log in to the site/input_Password_password'

2022-01-15 13:56:55 - [TEST_STEP][PASSED] - setText(findTestObject("Object Repository/Page_L Tm Anh Log in to the site/input_Username_username"), "anhle4"): Text 'anhle4' is set on object 'Object Repository/Page_L Tm Anh Log in to the site/input_Username_username'

2022-01-15 13:56:56 - [MESSAGE][PASSED] - Text 'anhle4' is set on object 'Object Repository/Page_L Tm Anh Log in to the site/input_Username_username'

2022-01-15 13:56:56 - [TEST_STEP][PASSED] - click(findTestObject("Object Repository/Page_L Tm Anh Log in to the site/button_Log in")): Object: 'Object Repository/Page_L Tm Anh Log in to the site/button_Log in' is clicked on

2022-01-15 13:56:57 - [MESSAGE][PASSED] - Object: 'Object Repository/Page_L Tm Anh Log in to the site/button_Log in' is clicked on

2022-01-15 13:56:57 - [TEST_STEP][PASSED] - click(findTestObject("Object Repository/Page_Dashboard/a_My courses")): Object: 'Object Repository/Page_Dashboard/a_My courses' is clicked on

2022-01-15 13:57:28 - [MESSAGE][INFO] - Unable to find the element located by 'By.xpath: //ul[@id='moremenu-61e0e36aac914-navbar-nav']/li[3]/a'. Please recheck the objects properties to make sure the desired element is located. 

2022-01-15 13:57:28 - [MESSAGE][WARNING] - [SELF-HEALING] Failed to find element with id 'Object Repository/Page_Dashboard/a_My courses'. Try using Self-healing.

2022-01-15 13:57:28 - [MESSAGE][WARNING] - [SELF-HEALING] The current locator of test object 'Object Repository/Page_Dashboard/a_My courses' was broken. Propose an alternative one: '//a[contains(text(),'My courses')]'.

2022-01-15 13:57:28 - [MESSAGE][PASSED] - Object: 'Object Repository/Page_Dashboard/a_My courses' is clicked on

2022-01-15 13:57:28 - [TEST_STEP][PASSED] - click(findTestObject("Object Repository/Page_My courses/div_Course image")): Object: 'Object Repository/Page_My courses/div_Course image' is clicked on

2022-01-15 13:57:30 - [MESSAGE][PASSED] - Object: 'Object Repository/Page_My courses/div_Course image' is clicked on

2022-01-15 13:57:30 - [TEST_STEP][PASSED] - click(findTestObject("Object Repository/Page_Course 4/a_Lesson 1")): Object: 'Object Repository/Page_Course 4/a_Lesson 1' is clicked on

2022-01-15 13:57:32 - [MESSAGE][PASSED] - Object: 'Object Repository/Page_Course 4/a_Lesson 1' is clicked on

2022-01-15 13:57:32 - [TEST_STEP][PASSED] - click(findTestObject("Object Repository/Page_4 Lesson 1 Anh le la ai/button_Edit")): Object: 'Object Repository/Page_4 Lesson 1 Anh le la ai/button_Edit' is clicked on

2022-01-15 13:58:03 - [MESSAGE][INFO] - Unable to find the element located by 'By.xpath: //button[@id='single_button61df66d14f59e11']'. Please recheck the objects properties to make sure the desired element is located. 

2022-01-15 13:58:03 - [MESSAGE][WARNING] - [SELF-HEALING] Failed to find element with id 'Object Repository/Page_4 Lesson 1 Anh le la ai/button_Edit'. Try using Self-healing.

2022-01-15 13:58:04 - [MESSAGE][WARNING] - [SELF-HEALING] The current locator of test object 'Object Repository/Page_4 Lesson 1 Anh le la ai/button_Edit' was broken. Propose an alternative one: '(.//*[normalize-space(text()) and normalize-space(.)='Mark as done'])[1]/following::button[1]'.

2022-01-15 13:58:04 - [MESSAGE][PASSED] - Object: 'Object Repository/Page_4 Lesson 1 Anh le la ai/button_Edit' is clicked on

2022-01-15 13:58:04 - [TEST_STEP][PASSED] - click(findTestObject("Object Repository/Page_4 Lesson 1 Edit/i_Next page_icon fa fa-cog fa-fw")): Object: 'Object Repository/Page_4 Lesson 1 Edit/i_Next page_icon fa fa-cog fa-fw' is clicked on

2022-01-15 13:58:06 - [MESSAGE][PASSED] - Object: 'Object Repository/Page_4 Lesson 1 Edit/i_Next page_icon fa fa-cog fa-fw' is clicked on

2022-01-15 13:58:06 - [TEST_STEP][PASSED] - click(findTestObject("Object Repository/Page_4 Lesson 1 Edit/div_Page title")): Object: 'Object Repository/Page_4 Lesson 1 Edit/div_Page title' is clicked on

2022-01-15 13:58:07 - [MESSAGE][PASSED] - Object: 'Object Repository/Page_4 Lesson 1 Edit/div_Page title' is clicked on

2022-01-15 13:58:07 - [TEST_STEP][PASSED] - setText(findTestObject("Object Repository/Page_4 Lesson 1 Edit/input_Page title_title"), "Anh le la ai"): Text 'Anh le la ai' is set on object 'Object Repository/Page_4 Lesson 1 Edit/input_Page title_title'

2022-01-15 13:58:08 - [MESSAGE][PASSED] - Text 'Anh le la ai' is set on object 'Object Repository/Page_4 Lesson 1 Edit/input_Page title_title'

2022-01-15 13:58:08 - [TEST_STEP][PASSED] - click(findTestObject("Object Repository/Page_4 Lesson 1 Edit/input_Score_submitbutton")): Object: 'Object Repository/Page_4 Lesson 1 Edit/input_Score_submitbutton' is clicked on

2022-01-15 13:58:08 - [MESSAGE][PASSED] - Object: 'Object Repository/Page_4 Lesson 1 Edit/input_Score_submitbutton' is clicked on

2022-01-15 13:58:08 - [TEST_STEP][PASSED] - closeBrowser(): Browser is closed

2022-01-15 13:58:09 - [MESSAGE][PASSED] - Browser is closed]]></system-out>
         <system-err><![CDATA[]]></system-err>
      </testcase>
      <testcase name="Test Cases/Lesson/Move a question in a lesson to other page" time="75.709" classname="Test Cases/Lesson/Move a question in a lesson to other page" status="PASSED">
         <system-out><![CDATA[2022-01-15 13:58:09 - [TEST_CASE][PASSED] - Test Cases/Lesson/Move a question in a lesson to other page: Test Cases/Lesson/Move a question in a lesson to other page

2022-01-15 13:58:09 - [TEST_STEP][PASSED] - openBrowser(""): Browser is opened with url: ''

2022-01-15 13:58:09 - [MESSAGE][INFO] - Starting 'Chrome' driver

2022-01-15 13:58:09 - [MESSAGE][INFO] - Action delay is set to 0 milliseconds

2022-01-15 13:58:10 - [MESSAGE][PASSED] - Browser is opened with url: ''

2022-01-15 13:58:10 - [TEST_STEP][PASSED] - navigateToUrl("http://localhost/"): Navigate to 'http://localhost/' successfully

2022-01-15 13:58:11 - [MESSAGE][PASSED] - Navigate to 'http://localhost/' successfully

2022-01-15 13:58:11 - [TEST_STEP][PASSED] - click(findTestObject("Object Repository/Page_L Tm Anh/a_Log in")): Object: 'Object Repository/Page_L Tm Anh/a_Log in' is clicked on

2022-01-15 13:58:11 - [MESSAGE][PASSED] - Object: 'Object Repository/Page_L Tm Anh/a_Log in' is clicked on

2022-01-15 13:58:11 - [TEST_STEP][PASSED] - setEncryptedText(findTestObject("Object Repository/Page_L Tm Anh Log in to the site/input_Password_password"), "eGmz8XUbrLe3vUQiiiujBg=="): Text ****** has been set on object 'Object Repository/Page_L Tm Anh Log in to the site/input_Password_password'

2022-01-15 13:58:12 - [MESSAGE][PASSED] - Text ****** has been set on object 'Object Repository/Page_L Tm Anh Log in to the site/input_Password_password'

2022-01-15 13:58:12 - [TEST_STEP][PASSED] - setText(findTestObject("Object Repository/Page_L Tm Anh Log in to the site/input_Username_username"), "anhle4"): Text 'anhle4' is set on object 'Object Repository/Page_L Tm Anh Log in to the site/input_Username_username'

2022-01-15 13:58:12 - [MESSAGE][PASSED] - Text 'anhle4' is set on object 'Object Repository/Page_L Tm Anh Log in to the site/input_Username_username'

2022-01-15 13:58:12 - [TEST_STEP][PASSED] - click(findTestObject("Object Repository/Page_L Tm Anh Log in to the site/button_Log in")): Object: 'Object Repository/Page_L Tm Anh Log in to the site/button_Log in' is clicked on

2022-01-15 13:58:13 - [MESSAGE][PASSED] - Object: 'Object Repository/Page_L Tm Anh Log in to the site/button_Log in' is clicked on

2022-01-15 13:58:13 - [TEST_STEP][PASSED] - click(findTestObject("Object Repository/Page_Dashboard/a_My courses")): Object: 'Object Repository/Page_Dashboard/a_My courses' is clicked on

2022-01-15 13:58:45 - [MESSAGE][INFO] - Unable to find the element located by 'By.xpath: //ul[@id='moremenu-61e0e36aac914-navbar-nav']/li[3]/a'. Please recheck the objects properties to make sure the desired element is located. 

2022-01-15 13:58:45 - [MESSAGE][WARNING] - [SELF-HEALING] Failed to find element with id 'Object Repository/Page_Dashboard/a_My courses'. Try using Self-healing.

2022-01-15 13:58:45 - [MESSAGE][WARNING] - [SELF-HEALING] The current locator of test object 'Object Repository/Page_Dashboard/a_My courses' was broken. Propose an alternative one: '//a[contains(text(),'My courses')]'.

2022-01-15 13:58:45 - [MESSAGE][PASSED] - Object: 'Object Repository/Page_Dashboard/a_My courses' is clicked on

2022-01-15 13:58:45 - [TEST_STEP][PASSED] - click(findTestObject("Object Repository/Page_My courses/div_Course image")): Object: 'Object Repository/Page_My courses/div_Course image' is clicked on

2022-01-15 13:58:47 - [MESSAGE][PASSED] - Object: 'Object Repository/Page_My courses/div_Course image' is clicked on

2022-01-15 13:58:47 - [TEST_STEP][PASSED] - click(findTestObject("Object Repository/Page_Course 4/a_Lesson 1")): Object: 'Object Repository/Page_Course 4/a_Lesson 1' is clicked on

2022-01-15 13:58:49 - [MESSAGE][PASSED] - Object: 'Object Repository/Page_Course 4/a_Lesson 1' is clicked on

2022-01-15 13:58:49 - [TEST_STEP][PASSED] - click(findTestObject("Object Repository/Page_4 Lesson 1 Anh le la ai/button_Edit")): Object: 'Object Repository/Page_4 Lesson 1 Anh le la ai/button_Edit' is clicked on

2022-01-15 13:59:20 - [MESSAGE][INFO] - Unable to find the element located by 'By.xpath: //button[@id='single_button61df66d14f59e11']'. Please recheck the objects properties to make sure the desired element is located. 

2022-01-15 13:59:20 - [MESSAGE][WARNING] - [SELF-HEALING] Failed to find element with id 'Object Repository/Page_4 Lesson 1 Anh le la ai/button_Edit'. Try using Self-healing.

2022-01-15 13:59:20 - [MESSAGE][WARNING] - [SELF-HEALING] The current locator of test object 'Object Repository/Page_4 Lesson 1 Anh le la ai/button_Edit' was broken. Propose an alternative one: '(.//*[normalize-space(text()) and normalize-space(.)='Mark as done'])[1]/following::button[1]'.

2022-01-15 13:59:21 - [MESSAGE][PASSED] - Object: 'Object Repository/Page_4 Lesson 1 Anh le la ai/button_Edit' is clicked on

2022-01-15 13:59:21 - [TEST_STEP][PASSED] - click(findTestObject("Object Repository/Page_4 Lesson 1 Edit/i_Next page_icon fa fa-arrows-v fa-fw")): Object: 'Object Repository/Page_4 Lesson 1 Edit/i_Next page_icon fa fa-arrows-v fa-fw' is clicked on

2022-01-15 13:59:22 - [MESSAGE][PASSED] - Object: 'Object Repository/Page_4 Lesson 1 Edit/i_Next page_icon fa fa-arrows-v fa-fw' is clicked on

2022-01-15 13:59:22 - [TEST_STEP][PASSED] - click(findTestObject("Object Repository/Page_4 Lesson 1 Moving page Anh le la ai/a_Move page to here")): Object: 'Object Repository/Page_4 Lesson 1 Moving page Anh le la ai/a_Move page to here' is clicked on

2022-01-15 13:59:24 - [MESSAGE][PASSED] - Object: 'Object Repository/Page_4 Lesson 1 Moving page Anh le la ai/a_Move page to here' is clicked on

2022-01-15 13:59:24 - [TEST_STEP][PASSED] - closeBrowser(): Browser is closed

2022-01-15 13:59:24 - [MESSAGE][PASSED] - Browser is closed]]></system-out>
         <system-err><![CDATA[]]></system-err>
      </testcase>
      <testcase name="Test Cases/Lesson/Preview a question in a lesson" time="78.639" classname="Test Cases/Lesson/Preview a question in a lesson" status="PASSED">
         <system-out><![CDATA[2022-01-15 13:59:25 - [TEST_CASE][PASSED] - Test Cases/Lesson/Preview a question in a lesson: Test Cases/Lesson/Preview a question in a lesson

2022-01-15 13:59:25 - [TEST_STEP][PASSED] - openBrowser(""): Browser is opened with url: ''

2022-01-15 13:59:25 - [MESSAGE][INFO] - Starting 'Chrome' driver

2022-01-15 13:59:25 - [MESSAGE][INFO] - Action delay is set to 0 milliseconds

2022-01-15 13:59:26 - [MESSAGE][PASSED] - Browser is opened with url: ''

2022-01-15 13:59:26 - [TEST_STEP][PASSED] - navigateToUrl("http://localhost/"): Navigate to 'http://localhost/' successfully

2022-01-15 13:59:27 - [MESSAGE][PASSED] - Navigate to 'http://localhost/' successfully

2022-01-15 13:59:27 - [TEST_STEP][PASSED] - click(findTestObject("Object Repository/Page_L Tm Anh/a_Log in")): Object: 'Object Repository/Page_L Tm Anh/a_Log in' is clicked on

2022-01-15 13:59:27 - [MESSAGE][PASSED] - Object: 'Object Repository/Page_L Tm Anh/a_Log in' is clicked on

2022-01-15 13:59:27 - [TEST_STEP][PASSED] - setEncryptedText(findTestObject("Object Repository/Page_L Tm Anh Log in to the site/input_Password_password"), "eGmz8XUbrLe3vUQiiiujBg=="): Text ****** has been set on object 'Object Repository/Page_L Tm Anh Log in to the site/input_Password_password'

2022-01-15 13:59:28 - [MESSAGE][PASSED] - Text ****** has been set on object 'Object Repository/Page_L Tm Anh Log in to the site/input_Password_password'

2022-01-15 13:59:28 - [TEST_STEP][PASSED] - setText(findTestObject("Object Repository/Page_L Tm Anh Log in to the site/input_Username_username"), "anhle4"): Text 'anhle4' is set on object 'Object Repository/Page_L Tm Anh Log in to the site/input_Username_username'

2022-01-15 13:59:28 - [MESSAGE][PASSED] - Text 'anhle4' is set on object 'Object Repository/Page_L Tm Anh Log in to the site/input_Username_username'

2022-01-15 13:59:28 - [TEST_STEP][PASSED] - click(findTestObject("Object Repository/Page_L Tm Anh Log in to the site/button_Log in")): Object: 'Object Repository/Page_L Tm Anh Log in to the site/button_Log in' is clicked on

2022-01-15 13:59:29 - [MESSAGE][PASSED] - Object: 'Object Repository/Page_L Tm Anh Log in to the site/button_Log in' is clicked on

2022-01-15 13:59:29 - [TEST_STEP][PASSED] - click(findTestObject("Object Repository/Page_Dashboard/a_My courses")): Object: 'Object Repository/Page_Dashboard/a_My courses' is clicked on

2022-01-15 14:00:01 - [MESSAGE][INFO] - Unable to find the element located by 'By.xpath: //ul[@id='moremenu-61e0e36aac914-navbar-nav']/li[3]/a'. Please recheck the objects properties to make sure the desired element is located. 

2022-01-15 14:00:01 - [MESSAGE][WARNING] - [SELF-HEALING] Failed to find element with id 'Object Repository/Page_Dashboard/a_My courses'. Try using Self-healing.

2022-01-15 14:00:01 - [MESSAGE][WARNING] - [SELF-HEALING] The current locator of test object 'Object Repository/Page_Dashboard/a_My courses' was broken. Propose an alternative one: '//a[contains(text(),'My courses')]'.

2022-01-15 14:00:01 - [MESSAGE][PASSED] - Object: 'Object Repository/Page_Dashboard/a_My courses' is clicked on

2022-01-15 14:00:01 - [TEST_STEP][PASSED] - click(findTestObject("Object Repository/Page_My courses/div_Course image")): Object: 'Object Repository/Page_My courses/div_Course image' is clicked on

2022-01-15 14:00:03 - [MESSAGE][PASSED] - Object: 'Object Repository/Page_My courses/div_Course image' is clicked on

2022-01-15 14:00:03 - [TEST_STEP][PASSED] - click(findTestObject("Object Repository/Page_Course 4/a_Lesson 1")): Object: 'Object Repository/Page_Course 4/a_Lesson 1' is clicked on

2022-01-15 14:00:04 - [MESSAGE][PASSED] - Object: 'Object Repository/Page_Course 4/a_Lesson 1' is clicked on

2022-01-15 14:00:04 - [TEST_STEP][PASSED] - click(findTestObject("Object Repository/Page_4 Lesson 1 Anh le la ai/button_Edit")): Object: 'Object Repository/Page_4 Lesson 1 Anh le la ai/button_Edit' is clicked on

2022-01-15 14:00:36 - [MESSAGE][INFO] - Unable to find the element located by 'By.xpath: //button[@id='single_button61df66d14f59e11']'. Please recheck the objects properties to make sure the desired element is located. 

2022-01-15 14:00:36 - [MESSAGE][WARNING] - [SELF-HEALING] Failed to find element with id 'Object Repository/Page_4 Lesson 1 Anh le la ai/button_Edit'. Try using Self-healing.

2022-01-15 14:00:36 - [MESSAGE][WARNING] - [SELF-HEALING] The current locator of test object 'Object Repository/Page_4 Lesson 1 Anh le la ai/button_Edit' was broken. Propose an alternative one: '(.//*[normalize-space(text()) and normalize-space(.)='Mark as done'])[1]/following::button[1]'.

2022-01-15 14:00:36 - [MESSAGE][PASSED] - Object: 'Object Repository/Page_4 Lesson 1 Anh le la ai/button_Edit' is clicked on

2022-01-15 14:00:36 - [TEST_STEP][PASSED] - click(findTestObject("Object Repository/Page_4 Lesson 1 Edit/i_Next page_icon fa fa-search-plus fa-fw")): Object: 'Object Repository/Page_4 Lesson 1 Edit/i_Next page_icon fa fa-search-plus fa-fw' is clicked on

2022-01-15 14:00:38 - [MESSAGE][PASSED] - Object: 'Object Repository/Page_4 Lesson 1 Edit/i_Next page_icon fa fa-search-plus fa-fw' is clicked on

2022-01-15 14:00:38 - [TEST_STEP][PASSED] - setText(findTestObject("Object Repository/Page_4 Lesson 1 Anh le la ai/div_1"), "<p dir="ltr" style="text-align: left;">1</p>"): Text '<p dir="ltr" style="text-align: left;">1</p>' is set on object 'Object Repository/Page_4 Lesson 1 Anh le la ai/div_1'

2022-01-15 14:00:40 - [MESSAGE][PASSED] - Text '<p dir="ltr" style="text-align: left;">1</p>' is set on object 'Object Repository/Page_4 Lesson 1 Anh le la ai/div_1'

2022-01-15 14:00:40 - [TEST_STEP][PASSED] - click(findTestObject("Object Repository/Page_4 Lesson 1 Anh le la ai/input_Rich text editor_submitbutton")): Object: 'Object Repository/Page_4 Lesson 1 Anh le la ai/input_Rich text editor_submitbutton' is clicked on

2022-01-15 14:00:42 - [MESSAGE][PASSED] - Object: 'Object Repository/Page_4 Lesson 1 Anh le la ai/input_Rich text editor_submitbutton' is clicked on

2022-01-15 14:00:42 - [TEST_STEP][PASSED] - closeBrowser(): Browser is closed

2022-01-15 14:00:43 - [MESSAGE][PASSED] - Browser is closed]]></system-out>
         <system-err><![CDATA[]]></system-err>
      </testcase>
      <testcase name="Test Cases/Lesson/Sent email have graded a lesson to a student" time="75.932" classname="Test Cases/Lesson/Sent email have graded a lesson to a student" status="PASSED">
         <system-out><![CDATA[2022-01-15 14:00:43 - [TEST_CASE][PASSED] - Test Cases/Lesson/Sent email have graded a lesson to a student: Test Cases/Lesson/Sent email have graded a lesson to a student

2022-01-15 14:00:44 - [TEST_STEP][PASSED] - openBrowser(""): Browser is opened with url: ''

2022-01-15 14:00:44 - [MESSAGE][INFO] - Starting 'Chrome' driver

2022-01-15 14:00:44 - [MESSAGE][INFO] - Action delay is set to 0 milliseconds

2022-01-15 14:00:45 - [MESSAGE][PASSED] - Browser is opened with url: ''

2022-01-15 14:00:45 - [TEST_STEP][PASSED] - navigateToUrl("http://localhost/"): Navigate to 'http://localhost/' successfully

2022-01-15 14:00:46 - [MESSAGE][PASSED] - Navigate to 'http://localhost/' successfully

2022-01-15 14:00:46 - [TEST_STEP][PASSED] - click(findTestObject("Object Repository/Page_L Tm Anh/a_Log in")): Object: 'Object Repository/Page_L Tm Anh/a_Log in' is clicked on

2022-01-15 14:00:47 - [MESSAGE][PASSED] - Object: 'Object Repository/Page_L Tm Anh/a_Log in' is clicked on

2022-01-15 14:00:47 - [TEST_STEP][PASSED] - setEncryptedText(findTestObject("Object Repository/Page_L Tm Anh Log in to the site/input_Password_password"), "eGmz8XUbrLe3vUQiiiujBg=="): Text ****** has been set on object 'Object Repository/Page_L Tm Anh Log in to the site/input_Password_password'

2022-01-15 14:00:47 - [MESSAGE][PASSED] - Text ****** has been set on object 'Object Repository/Page_L Tm Anh Log in to the site/input_Password_password'

2022-01-15 14:00:47 - [TEST_STEP][PASSED] - setText(findTestObject("Object Repository/Page_L Tm Anh Log in to the site/input_Username_username"), "anhle6"): Text 'anhle6' is set on object 'Object Repository/Page_L Tm Anh Log in to the site/input_Username_username'

2022-01-15 14:00:48 - [MESSAGE][PASSED] - Text 'anhle6' is set on object 'Object Repository/Page_L Tm Anh Log in to the site/input_Username_username'

2022-01-15 14:00:48 - [TEST_STEP][PASSED] - click(findTestObject("Object Repository/Page_L Tm Anh Log in to the site/button_Log in")): Object: 'Object Repository/Page_L Tm Anh Log in to the site/button_Log in' is clicked on

2022-01-15 14:00:50 - [MESSAGE][PASSED] - Object: 'Object Repository/Page_L Tm Anh Log in to the site/button_Log in' is clicked on

2022-01-15 14:00:50 - [TEST_STEP][PASSED] - click(findTestObject("Object Repository/Page_Dashboard/a_My courses")): Object: 'Object Repository/Page_Dashboard/a_My courses' is clicked on

2022-01-15 14:01:21 - [MESSAGE][INFO] - Unable to find the element located by 'By.xpath: //ul[@id='moremenu-61e0e36aac914-navbar-nav']/li[3]/a'. Please recheck the objects properties to make sure the desired element is located. 

2022-01-15 14:01:21 - [MESSAGE][WARNING] - [SELF-HEALING] Failed to find element with id 'Object Repository/Page_Dashboard/a_My courses'. Try using Self-healing.

2022-01-15 14:01:21 - [MESSAGE][WARNING] - [SELF-HEALING] The current locator of test object 'Object Repository/Page_Dashboard/a_My courses' was broken. Propose an alternative one: '//a[contains(text(),'My courses')]'.

2022-01-15 14:01:21 - [MESSAGE][PASSED] - Object: 'Object Repository/Page_Dashboard/a_My courses' is clicked on

2022-01-15 14:01:21 - [TEST_STEP][PASSED] - click(findTestObject("Object Repository/Page_My courses/div_Course image")): Object: 'Object Repository/Page_My courses/div_Course image' is clicked on

2022-01-15 14:01:23 - [MESSAGE][PASSED] - Object: 'Object Repository/Page_My courses/div_Course image' is clicked on

2022-01-15 14:01:23 - [TEST_STEP][PASSED] - click(findTestObject("Object Repository/Page_Course 5/a_Lesson 5")): Object: 'Object Repository/Page_Course 5/a_Lesson 5' is clicked on

2022-01-15 14:01:25 - [MESSAGE][PASSED] - Object: 'Object Repository/Page_Course 5/a_Lesson 5' is clicked on

2022-01-15 14:01:25 - [TEST_STEP][PASSED] - click(findTestObject("Object Repository/Page_5 Lesson 5 1/button_Grade essays")): Object: 'Object Repository/Page_5 Lesson 5 1/button_Grade essays' is clicked on

2022-01-15 14:01:56 - [MESSAGE][INFO] - Unable to find the element located by 'By.xpath: //button[@id='single_button61df6928268f812']'. Please recheck the objects properties to make sure the desired element is located. 

2022-01-15 14:01:56 - [MESSAGE][WARNING] - [SELF-HEALING] Failed to find element with id 'Object Repository/Page_5 Lesson 5 1/button_Grade essays'. Try using Self-healing.

2022-01-15 14:01:56 - [MESSAGE][WARNING] - [SELF-HEALING] The current locator of test object 'Object Repository/Page_5 Lesson 5 1/button_Grade essays' was broken. Propose an alternative one: '(.//*[normalize-space(text()) and normalize-space(.)='Edit'])[1]/following::button[1]'.

2022-01-15 14:01:57 - [MESSAGE][PASSED] - Object: 'Object Repository/Page_5 Lesson 5 1/button_Grade essays' is clicked on

2022-01-15 14:01:57 - [TEST_STEP][PASSED] - click(findTestObject("Object Repository/Page_5 Lesson 5 Grade essays/a_Email graded essays")): Object: 'Object Repository/Page_5 Lesson 5 Grade essays/a_Email graded essays' is clicked on

2022-01-15 14:01:59 - [MESSAGE][PASSED] - Object: 'Object Repository/Page_5 Lesson 5 Grade essays/a_Email graded essays' is clicked on

2022-01-15 14:01:59 - [TEST_STEP][PASSED] - closeBrowser(): Browser is closed

2022-01-15 14:01:59 - [MESSAGE][PASSED] - Browser is closed]]></system-out>
         <system-err><![CDATA[]]></system-err>
      </testcase>
      <testcase name="Test Cases/Lesson/Sent email have graded essay to all student" time="75.374" classname="Test Cases/Lesson/Sent email have graded essay to all student" status="PASSED">
         <system-out><![CDATA[2022-01-15 14:01:59 - [TEST_CASE][PASSED] - Test Cases/Lesson/Sent email have graded essay to all student: Test Cases/Lesson/Sent email have graded essay to all student

2022-01-15 14:02:00 - [TEST_STEP][PASSED] - openBrowser(""): Browser is opened with url: ''

2022-01-15 14:02:00 - [MESSAGE][INFO] - Starting 'Chrome' driver

2022-01-15 14:02:00 - [MESSAGE][INFO] - Action delay is set to 0 milliseconds

2022-01-15 14:02:01 - [MESSAGE][PASSED] - Browser is opened with url: ''

2022-01-15 14:02:01 - [TEST_STEP][PASSED] - navigateToUrl("http://localhost/"): Navigate to 'http://localhost/' successfully

2022-01-15 14:02:02 - [MESSAGE][PASSED] - Navigate to 'http://localhost/' successfully

2022-01-15 14:02:02 - [TEST_STEP][PASSED] - click(findTestObject("Object Repository/Page_L Tm Anh/a_Log in")): Object: 'Object Repository/Page_L Tm Anh/a_Log in' is clicked on

2022-01-15 14:02:02 - [MESSAGE][PASSED] - Object: 'Object Repository/Page_L Tm Anh/a_Log in' is clicked on

2022-01-15 14:02:02 - [TEST_STEP][PASSED] - setEncryptedText(findTestObject("Object Repository/Page_L Tm Anh Log in to the site/input_Password_password"), "eGmz8XUbrLe3vUQiiiujBg=="): Text ****** has been set on object 'Object Repository/Page_L Tm Anh Log in to the site/input_Password_password'

2022-01-15 14:02:03 - [MESSAGE][PASSED] - Text ****** has been set on object 'Object Repository/Page_L Tm Anh Log in to the site/input_Password_password'

2022-01-15 14:02:03 - [TEST_STEP][PASSED] - setText(findTestObject("Object Repository/Page_L Tm Anh Log in to the site/input_Username_username"), "anhle6"): Text 'anhle6' is set on object 'Object Repository/Page_L Tm Anh Log in to the site/input_Username_username'

2022-01-15 14:02:03 - [MESSAGE][PASSED] - Text 'anhle6' is set on object 'Object Repository/Page_L Tm Anh Log in to the site/input_Username_username'

2022-01-15 14:02:03 - [TEST_STEP][PASSED] - click(findTestObject("Object Repository/Page_L Tm Anh Log in to the site/button_Log in")): Object: 'Object Repository/Page_L Tm Anh Log in to the site/button_Log in' is clicked on

2022-01-15 14:02:05 - [MESSAGE][PASSED] - Object: 'Object Repository/Page_L Tm Anh Log in to the site/button_Log in' is clicked on

2022-01-15 14:02:05 - [TEST_STEP][PASSED] - click(findTestObject("Object Repository/Page_Dashboard/a_My courses")): Object: 'Object Repository/Page_Dashboard/a_My courses' is clicked on

2022-01-15 14:02:36 - [MESSAGE][INFO] - Unable to find the element located by 'By.xpath: //ul[@id='moremenu-61e0e36aac914-navbar-nav']/li[3]/a'. Please recheck the objects properties to make sure the desired element is located. 

2022-01-15 14:02:36 - [MESSAGE][WARNING] - [SELF-HEALING] Failed to find element with id 'Object Repository/Page_Dashboard/a_My courses'. Try using Self-healing.

2022-01-15 14:02:36 - [MESSAGE][WARNING] - [SELF-HEALING] The current locator of test object 'Object Repository/Page_Dashboard/a_My courses' was broken. Propose an alternative one: '//a[contains(text(),'My courses')]'.

2022-01-15 14:02:37 - [MESSAGE][PASSED] - Object: 'Object Repository/Page_Dashboard/a_My courses' is clicked on

2022-01-15 14:02:37 - [TEST_STEP][PASSED] - click(findTestObject("Object Repository/Page_My courses/div_Course image")): Object: 'Object Repository/Page_My courses/div_Course image' is clicked on

2022-01-15 14:02:38 - [MESSAGE][PASSED] - Object: 'Object Repository/Page_My courses/div_Course image' is clicked on

2022-01-15 14:02:38 - [TEST_STEP][PASSED] - click(findTestObject("Object Repository/Page_Course 5/a_Lesson 5")): Object: 'Object Repository/Page_Course 5/a_Lesson 5' is clicked on

2022-01-15 14:02:40 - [MESSAGE][PASSED] - Object: 'Object Repository/Page_Course 5/a_Lesson 5' is clicked on

2022-01-15 14:02:40 - [TEST_STEP][PASSED] - click(findTestObject("Object Repository/Page_5 Lesson 5 1/button_Grade essays")): Object: 'Object Repository/Page_5 Lesson 5 1/button_Grade essays' is clicked on

2022-01-15 14:03:11 - [MESSAGE][INFO] - Unable to find the element located by 'By.xpath: //button[@id='single_button61df6928268f812']'. Please recheck the objects properties to make sure the desired element is located. 

2022-01-15 14:03:11 - [MESSAGE][WARNING] - [SELF-HEALING] Failed to find element with id 'Object Repository/Page_5 Lesson 5 1/button_Grade essays'. Try using Self-healing.

2022-01-15 14:03:12 - [MESSAGE][WARNING] - [SELF-HEALING] The current locator of test object 'Object Repository/Page_5 Lesson 5 1/button_Grade essays' was broken. Propose an alternative one: '(.//*[normalize-space(text()) and normalize-space(.)='Edit'])[1]/following::button[1]'.

2022-01-15 14:03:12 - [MESSAGE][PASSED] - Object: 'Object Repository/Page_5 Lesson 5 1/button_Grade essays' is clicked on

2022-01-15 14:03:12 - [TEST_STEP][PASSED] - click(findTestObject("Object Repository/Page_5 Lesson 5 Grade essays/a_Email ALL graded essays")): Object: 'Object Repository/Page_5 Lesson 5 Grade essays/a_Email ALL graded essays' is clicked on

2022-01-15 14:03:14 - [MESSAGE][PASSED] - Object: 'Object Repository/Page_5 Lesson 5 Grade essays/a_Email ALL graded essays' is clicked on

2022-01-15 14:03:14 - [TEST_STEP][PASSED] - closeBrowser(): Browser is closed

2022-01-15 14:03:15 - [MESSAGE][PASSED] - Browser is closed]]></system-out>
         <system-err><![CDATA[]]></system-err>
      </testcase>
      <testcase name="Test Cases/I2/View grade of list course" time="10.601" classname="Test Cases/I2/View grade of list course" status="PASSED">
         <system-out><![CDATA[2022-01-15 14:03:15 - [TEST_CASE][PASSED] - Test Cases/I2/View grade of list course: Test Cases/I2/View grade of list course

2022-01-15 14:03:16 - [TEST_STEP][PASSED] - openBrowser(""): Browser is opened with url: ''

2022-01-15 14:03:16 - [MESSAGE][INFO] - Starting 'Chrome' driver

2022-01-15 14:03:16 - [MESSAGE][INFO] - Action delay is set to 0 milliseconds

2022-01-15 14:03:17 - [MESSAGE][PASSED] - Browser is opened with url: ''

2022-01-15 14:03:17 - [TEST_STEP][PASSED] - navigateToUrl("http://localhost/"): Navigate to 'http://localhost/' successfully

2022-01-15 14:03:18 - [MESSAGE][PASSED] - Navigate to 'http://localhost/' successfully

2022-01-15 14:03:18 - [TEST_STEP][PASSED] - click(findTestObject("Object Repository/Page_L Tm Anh/a_Log in")): Object: 'Object Repository/Page_L Tm Anh/a_Log in' is clicked on

2022-01-15 14:03:18 - [MESSAGE][PASSED] - Object: 'Object Repository/Page_L Tm Anh/a_Log in' is clicked on

2022-01-15 14:03:18 - [TEST_STEP][PASSED] - setText(findTestObject("Object Repository/Page_L Tm Anh Log in to the site/input_Username_username"), "anhle2"): Text 'anhle2' is set on object 'Object Repository/Page_L Tm Anh Log in to the site/input_Username_username'

2022-01-15 14:03:19 - [MESSAGE][PASSED] - Text 'anhle2' is set on object 'Object Repository/Page_L Tm Anh Log in to the site/input_Username_username'

2022-01-15 14:03:19 - [TEST_STEP][PASSED] - setEncryptedText(findTestObject("Object Repository/Page_L Tm Anh Log in to the site/input_Password_password"), "eGmz8XUbrLe3vUQiiiujBg=="): Text ****** has been set on object 'Object Repository/Page_L Tm Anh Log in to the site/input_Password_password'

2022-01-15 14:03:19 - [MESSAGE][PASSED] - Text ****** has been set on object 'Object Repository/Page_L Tm Anh Log in to the site/input_Password_password'

2022-01-15 14:03:19 - [TEST_STEP][PASSED] - click(findTestObject("Object Repository/Page_L Tm Anh Log in to the site/button_Log in")): Object: 'Object Repository/Page_L Tm Anh Log in to the site/button_Log in' is clicked on

2022-01-15 14:03:21 - [MESSAGE][PASSED] - Object: 'Object Repository/Page_L Tm Anh Log in to the site/button_Log in' is clicked on

2022-01-15 14:03:21 - [TEST_STEP][PASSED] - click(findTestObject("Object Repository/Page_Dashboard/a_T1")): Object: 'Object Repository/Page_Dashboard/a_T1' is clicked on

2022-01-15 14:03:22 - [MESSAGE][PASSED] - Object: 'Object Repository/Page_Dashboard/a_T1' is clicked on

2022-01-15 14:03:22 - [TEST_STEP][PASSED] - click(findTestObject("Object Repository/Page_Dashboard/a_Grades")): Object: 'Object Repository/Page_Dashboard/a_Grades' is clicked on

2022-01-15 14:03:25 - [MESSAGE][PASSED] - Object: 'Object Repository/Page_Dashboard/a_Grades' is clicked on

2022-01-15 14:03:25 - [TEST_STEP][PASSED] - closeBrowser(): Browser is closed

2022-01-15 14:03:25 - [MESSAGE][PASSED] - Browser is closed]]></system-out>
         <system-err><![CDATA[]]></system-err>
      </testcase>
      <testcase name="Test Cases/I2/Teacher view grade of a course" time="16.502" classname="Test Cases/I2/Teacher view grade of a course" status="PASSED">
         <system-out><![CDATA[2022-01-15 14:03:25 - [TEST_CASE][PASSED] - Test Cases/I2/Teacher view grade of a course: Test Cases/I2/Teacher view grade of a course

2022-01-15 14:03:26 - [TEST_STEP][PASSED] - openBrowser(""): Browser is opened with url: ''

2022-01-15 14:03:26 - [MESSAGE][INFO] - Starting 'Chrome' driver

2022-01-15 14:03:26 - [MESSAGE][INFO] - Action delay is set to 0 milliseconds

2022-01-15 14:03:28 - [MESSAGE][PASSED] - Browser is opened with url: ''

2022-01-15 14:03:28 - [TEST_STEP][PASSED] - navigateToUrl("http://localhost/"): Navigate to 'http://localhost/' successfully

2022-01-15 14:03:30 - [MESSAGE][PASSED] - Navigate to 'http://localhost/' successfully

2022-01-15 14:03:30 - [TEST_STEP][PASSED] - click(findTestObject("Object Repository/Page_L Tm Anh/a_Log in")): Object: 'Object Repository/Page_L Tm Anh/a_Log in' is clicked on

2022-01-15 14:03:31 - [MESSAGE][PASSED] - Object: 'Object Repository/Page_L Tm Anh/a_Log in' is clicked on

2022-01-15 14:03:31 - [TEST_STEP][PASSED] - setText(findTestObject("Object Repository/Page_L Tm Anh Log in to the site/input_Username_username"), "admin"): Text 'admin' is set on object 'Object Repository/Page_L Tm Anh Log in to the site/input_Username_username'

2022-01-15 14:03:32 - [MESSAGE][PASSED] - Text 'admin' is set on object 'Object Repository/Page_L Tm Anh Log in to the site/input_Username_username'

2022-01-15 14:03:32 - [TEST_STEP][PASSED] - setEncryptedText(findTestObject("Object Repository/Page_L Tm Anh Log in to the site/input_Password_password"), "eGmz8XUbrLe3vUQiiiujBg=="): Text ****** has been set on object 'Object Repository/Page_L Tm Anh Log in to the site/input_Password_password'

2022-01-15 14:03:32 - [MESSAGE][PASSED] - Text ****** has been set on object 'Object Repository/Page_L Tm Anh Log in to the site/input_Password_password'

2022-01-15 14:03:32 - [TEST_STEP][PASSED] - click(findTestObject("Object Repository/Page_L Tm Anh Log in to the site/button_Log in")): Object: 'Object Repository/Page_L Tm Anh Log in to the site/button_Log in' is clicked on

2022-01-15 14:03:34 - [MESSAGE][PASSED] - Object: 'Object Repository/Page_L Tm Anh Log in to the site/button_Log in' is clicked on

2022-01-15 14:03:34 - [TEST_STEP][PASSED] - click(findTestObject("Object Repository/Page_Dashboard/a_AU")): Object: 'Object Repository/Page_Dashboard/a_AU' is clicked on

2022-01-15 14:03:35 - [MESSAGE][PASSED] - Object: 'Object Repository/Page_Dashboard/a_AU' is clicked on

2022-01-15 14:03:35 - [TEST_STEP][PASSED] - click(findTestObject("Object Repository/Page_Dashboard/a_Grades")): Object: 'Object Repository/Page_Dashboard/a_Grades' is clicked on

2022-01-15 14:03:36 - [MESSAGE][PASSED] - Object: 'Object Repository/Page_Dashboard/a_Grades' is clicked on

2022-01-15 14:03:36 - [TEST_STEP][PASSED] - click(findTestObject("Object Repository/Page_Grades - Admin User/a_1")): Object: 'Object Repository/Page_Grades - Admin User/a_1' is clicked on

2022-01-15 14:03:41 - [MESSAGE][PASSED] - Object: 'Object Repository/Page_Grades - Admin User/a_1' is clicked on

2022-01-15 14:03:41 - [TEST_STEP][PASSED] - closeBrowser(): Browser is closed

2022-01-15 14:03:42 - [MESSAGE][PASSED] - Browser is closed]]></system-out>
         <system-err><![CDATA[]]></system-err>
      </testcase>
      <testcase name="Test Cases/I2/Student view grade of a course" time="13.036" classname="Test Cases/I2/Student view grade of a course" status="PASSED">
         <system-out><![CDATA[2022-01-15 14:03:42 - [TEST_CASE][PASSED] - Test Cases/I2/Student view grade of a course: Test Cases/I2/Student view grade of a course

2022-01-15 14:03:43 - [TEST_STEP][PASSED] - openBrowser(""): Browser is opened with url: ''

2022-01-15 14:03:43 - [MESSAGE][INFO] - Starting 'Chrome' driver

2022-01-15 14:03:43 - [MESSAGE][INFO] - Action delay is set to 0 milliseconds

2022-01-15 14:03:44 - [MESSAGE][PASSED] - Browser is opened with url: ''

2022-01-15 14:03:44 - [TEST_STEP][PASSED] - navigateToUrl("http://localhost/"): Navigate to 'http://localhost/' successfully

2022-01-15 14:03:45 - [MESSAGE][PASSED] - Navigate to 'http://localhost/' successfully

2022-01-15 14:03:45 - [TEST_STEP][PASSED] - click(findTestObject("Object Repository/Page_L Tm Anh/a_Log in")): Object: 'Object Repository/Page_L Tm Anh/a_Log in' is clicked on

2022-01-15 14:03:46 - [MESSAGE][PASSED] - Object: 'Object Repository/Page_L Tm Anh/a_Log in' is clicked on

2022-01-15 14:03:46 - [TEST_STEP][PASSED] - setText(findTestObject("Object Repository/Page_L Tm Anh Log in to the site/input_Username_username"), "anhle2"): Text 'anhle2' is set on object 'Object Repository/Page_L Tm Anh Log in to the site/input_Username_username'

2022-01-15 14:03:47 - [MESSAGE][PASSED] - Text 'anhle2' is set on object 'Object Repository/Page_L Tm Anh Log in to the site/input_Username_username'

2022-01-15 14:03:47 - [TEST_STEP][PASSED] - click(findTestObject("Object Repository/Page_L Tm Anh Log in to the site/form_Username                              _635ab4")): Object: 'Object Repository/Page_L Tm Anh Log in to the site/form_Username                              _635ab4' is clicked on

2022-01-15 14:03:47 - [MESSAGE][PASSED] - Object: 'Object Repository/Page_L Tm Anh Log in to the site/form_Username                              _635ab4' is clicked on

2022-01-15 14:03:47 - [TEST_STEP][PASSED] - setEncryptedText(findTestObject("Object Repository/Page_L Tm Anh Log in to the site/input_Password_password"), "eGmz8XUbrLe3vUQiiiujBg=="): Text ****** has been set on object 'Object Repository/Page_L Tm Anh Log in to the site/input_Password_password'

2022-01-15 14:03:48 - [MESSAGE][PASSED] - Text ****** has been set on object 'Object Repository/Page_L Tm Anh Log in to the site/input_Password_password'

2022-01-15 14:03:48 - [TEST_STEP][PASSED] - click(findTestObject("Object Repository/Page_L Tm Anh Log in to the site/button_Log in")): Object: 'Object Repository/Page_L Tm Anh Log in to the site/button_Log in' is clicked on

2022-01-15 14:03:50 - [MESSAGE][PASSED] - Object: 'Object Repository/Page_L Tm Anh Log in to the site/button_Log in' is clicked on

2022-01-15 14:03:50 - [TEST_STEP][PASSED] - click(findTestObject("Object Repository/Page_Dashboard/a_T1")): Object: 'Object Repository/Page_Dashboard/a_T1' is clicked on

2022-01-15 14:03:51 - [MESSAGE][PASSED] - Object: 'Object Repository/Page_Dashboard/a_T1' is clicked on

2022-01-15 14:03:51 - [TEST_STEP][PASSED] - click(findTestObject("Object Repository/Page_Dashboard/a_Grades")): Object: 'Object Repository/Page_Dashboard/a_Grades' is clicked on

2022-01-15 14:03:53 - [MESSAGE][PASSED] - Object: 'Object Repository/Page_Dashboard/a_Grades' is clicked on

2022-01-15 14:03:53 - [TEST_STEP][PASSED] - click(findTestObject("Object Repository/Page_Grades - Thien 1/a_1")): Object: 'Object Repository/Page_Grades - Thien 1/a_1' is clicked on

2022-01-15 14:03:54 - [MESSAGE][PASSED] - Object: 'Object Repository/Page_Grades - Thien 1/a_1' is clicked on

2022-01-15 14:03:54 - [TEST_STEP][PASSED] - closeBrowser(): Browser is closed

2022-01-15 14:03:55 - [MESSAGE][PASSED] - Browser is closed]]></system-out>
         <system-err><![CDATA[]]></system-err>
      </testcase>
      <system-out><![CDATA[2022-01-15 11:40:21 - [TEST_SUITE][FAILED] - Run all test cases: Test Cases/Question bank/Duplicate a essay question FAILED.
Reason:
com.kms.katalon.core.exception.StepFailedException: Unable to set text 'Quiz 5' of object 'Object Repository/Page_Editing an Essay question/input_Question name_name'
	at com.kms.katalon.core.webui.keyword.internal.WebUIKeywordMain.stepFailed(WebUIKeywordMain.groovy:64)
	at com.kms.katalon.core.webui.keyword.internal.WebUIKeywordMain.runKeyword(WebUIKeywordMain.groovy:26)
	at com.kms.katalon.core.webui.keyword.builtin.SetTextKeyword.setText(SetTextKeyword.groovy:66)
	at com.kms.katalon.core.webui.keyword.builtin.SetTextKeyword.execute(SetTextKeyword.groovy:37)
	at com.kms.katalon.core.keyword.internal.KeywordExecutor.executeKeywordForPlatform(KeywordExecutor.groovy:74)
	at com.kms.katalon.core.webui.keyword.WebUiBuiltInKeywords.setText(WebUiBuiltInKeywords.groovy:980)
	at com.kms.katalon.core.webui.keyword.WebUiBuiltInKeywords$setText$2.call(Unknown Source)
	at Duplicate a essay question.run(Duplicate a essay question:46)
	at com.kms.katalon.core.main.ScriptEngine.run(ScriptEngine.java:194)
	at com.kms.katalon.core.main.ScriptEngine.runScriptAsRawText(ScriptEngine.java:119)
	at com.kms.katalon.core.main.TestCaseExecutor.runScript(TestCaseExecutor.java:442)
	at com.kms.katalon.core.main.TestCaseExecutor.doExecute(TestCaseExecutor.java:433)
	at com.kms.katalon.core.main.TestCaseExecutor.processExecutionPhase(TestCaseExecutor.java:412)
	at com.kms.katalon.core.main.TestCaseExecutor.accessMainPhase(TestCaseExecutor.java:404)
	at com.kms.katalon.core.main.TestCaseExecutor.execute(TestCaseExecutor.java:281)
	at com.kms.katalon.core.main.TestSuiteExecutor.accessTestCaseMainPhase(TestSuiteExecutor.java:202)
	at com.kms.katalon.core.main.TestSuiteExecutor.accessTestSuiteMainPhase(TestSuiteExecutor.java:164)
	at com.kms.katalon.core.main.TestSuiteExecutor.execute(TestSuiteExecutor.java:105)
	at com.kms.katalon.core.main.TestCaseMain.startTestSuite(TestCaseMain.java:181)
	at com.kms.katalon.core.main.TestCaseMain$startTestSuite$0.call(Unknown Source)
	at TempTestSuite1642221613940.run(TempTestSuite1642221613940.groovy:36)
Caused by: org.openqa.selenium.ElementNotInteractableException: element not interactable
  (Session info: chrome=97.0.4692.71)
Build info: version: '3.141.59', revision: 'e82be7d358', time: '2018-11-14T08:25:53'
System info: host: 'DESKTOP-5O7CBM9', ip: '192.168.16.1', os.name: 'Windows 10', os.arch: 'amd64', os.version: '10.0', java.version: '1.8.0_282'
Driver info: com.kms.katalon.selenium.driver.CChromeDriver
Capabilities {acceptInsecureCerts: false, browserName: chrome, browserVersion: 97.0.4692.71, chrome: {chromedriverVersion: 97.0.4692.71 (adefa7837d02a..., userDataDir: C:\Users\antra\AppData\Loca...}, goog:chromeOptions: {debuggerAddress: localhost:49367}, javascriptEnabled: true, networkConnectionEnabled: false, pageLoadStrategy: normal, platform: WINDOWS, platformName: WINDOWS, proxy: Proxy(), setWindowRect: true, strictFileInteractability: false, timeouts: {implicit: 0, pageLoad: 300000, script: 30000}, unhandledPromptBehavior: dismiss and notify, webauthn:extension:credBlob: true, webauthn:extension:largeBlob: true, webauthn:virtualAuthenticators: true}
Session ID: ea61f7bad12882f6922f2df7b0af9369
	at org.openqa.selenium.remote.http.W3CHttpResponseCodec.createException(W3CHttpResponseCodec.java:187)
	at org.openqa.selenium.remote.http.W3CHttpResponseCodec.decode(W3CHttpResponseCodec.java:122)
	at org.openqa.selenium.remote.http.W3CHttpResponseCodec.decode(W3CHttpResponseCodec.java:49)
	at org.openqa.selenium.remote.HttpCommandExecutor.execute(HttpCommandExecutor.java:158)
	at org.openqa.selenium.remote.service.DriverCommandExecutor.execute(DriverCommandExecutor.java:83)
	at org.openqa.selenium.remote.RemoteWebDriver.execute(RemoteWebDriver.java:552)
	at com.kms.katalon.selenium.driver.CChromeDriver.execute(CChromeDriver.java:19)
	at org.openqa.selenium.remote.RemoteWebElement.execute(RemoteWebElement.java:285)
	at org.openqa.selenium.remote.RemoteWebElement.sendKeys(RemoteWebElement.java:106)
	at org.openqa.selenium.support.events.EventFiringWebDriver$EventFiringWebElement.lambda$new$0(EventFiringWebDriver.java:404)
	at com.sun.proxy.$Proxy11.sendKeys(Unknown Source)
	at org.openqa.selenium.support.events.EventFiringWebDriver$EventFiringWebElement.sendKeys(EventFiringWebDriver.java:429)
	at com.kms.katalon.core.webui.keyword.builtin.SetTextKeyword$_setText_closure1.doCall(SetTextKeyword.groovy:59)
	at com.kms.katalon.core.webui.keyword.builtin.SetTextKeyword$_setText_closure1.call(SetTextKeyword.groovy)
	at com.kms.katalon.core.webui.keyword.internal.WebUIKeywordMain.runKeyword(WebUIKeywordMain.groovy:20)
	... 19 more]]></system-out>
      <system-err><![CDATA[2022-01-15 11:40:21 - [TEST_SUITE][FAILED] - Run all test cases: Test Cases/Question bank/Duplicate a essay question FAILED.
Reason:
com.kms.katalon.core.exception.StepFailedException: Unable to set text 'Quiz 5' of object 'Object Repository/Page_Editing an Essay question/input_Question name_name'
	at com.kms.katalon.core.webui.keyword.internal.WebUIKeywordMain.stepFailed(WebUIKeywordMain.groovy:64)
	at com.kms.katalon.core.webui.keyword.internal.WebUIKeywordMain.runKeyword(WebUIKeywordMain.groovy:26)
	at com.kms.katalon.core.webui.keyword.builtin.SetTextKeyword.setText(SetTextKeyword.groovy:66)
	at com.kms.katalon.core.webui.keyword.builtin.SetTextKeyword.execute(SetTextKeyword.groovy:37)
	at com.kms.katalon.core.keyword.internal.KeywordExecutor.executeKeywordForPlatform(KeywordExecutor.groovy:74)
	at com.kms.katalon.core.webui.keyword.WebUiBuiltInKeywords.setText(WebUiBuiltInKeywords.groovy:980)
	at com.kms.katalon.core.webui.keyword.WebUiBuiltInKeywords$setText$2.call(Unknown Source)
	at Duplicate a essay question.run(Duplicate a essay question:46)
	at com.kms.katalon.core.main.ScriptEngine.run(ScriptEngine.java:194)
	at com.kms.katalon.core.main.ScriptEngine.runScriptAsRawText(ScriptEngine.java:119)
	at com.kms.katalon.core.main.TestCaseExecutor.runScript(TestCaseExecutor.java:442)
	at com.kms.katalon.core.main.TestCaseExecutor.doExecute(TestCaseExecutor.java:433)
	at com.kms.katalon.core.main.TestCaseExecutor.processExecutionPhase(TestCaseExecutor.java:412)
	at com.kms.katalon.core.main.TestCaseExecutor.accessMainPhase(TestCaseExecutor.java:404)
	at com.kms.katalon.core.main.TestCaseExecutor.execute(TestCaseExecutor.java:281)
	at com.kms.katalon.core.main.TestSuiteExecutor.accessTestCaseMainPhase(TestSuiteExecutor.java:202)
	at com.kms.katalon.core.main.TestSuiteExecutor.accessTestSuiteMainPhase(TestSuiteExecutor.java:164)
	at com.kms.katalon.core.main.TestSuiteExecutor.execute(TestSuiteExecutor.java:105)
	at com.kms.katalon.core.main.TestCaseMain.startTestSuite(TestCaseMain.java:181)
	at com.kms.katalon.core.main.TestCaseMain$startTestSuite$0.call(Unknown Source)
	at TempTestSuite1642221613940.run(TempTestSuite1642221613940.groovy:36)
Caused by: org.openqa.selenium.ElementNotInteractableException: element not interactable
  (Session info: chrome=97.0.4692.71)
Build info: version: '3.141.59', revision: 'e82be7d358', time: '2018-11-14T08:25:53'
System info: host: 'DESKTOP-5O7CBM9', ip: '192.168.16.1', os.name: 'Windows 10', os.arch: 'amd64', os.version: '10.0', java.version: '1.8.0_282'
Driver info: com.kms.katalon.selenium.driver.CChromeDriver
Capabilities {acceptInsecureCerts: false, browserName: chrome, browserVersion: 97.0.4692.71, chrome: {chromedriverVersion: 97.0.4692.71 (adefa7837d02a..., userDataDir: C:\Users\antra\AppData\Loca...}, goog:chromeOptions: {debuggerAddress: localhost:49367}, javascriptEnabled: true, networkConnectionEnabled: false, pageLoadStrategy: normal, platform: WINDOWS, platformName: WINDOWS, proxy: Proxy(), setWindowRect: true, strictFileInteractability: false, timeouts: {implicit: 0, pageLoad: 300000, script: 30000}, unhandledPromptBehavior: dismiss and notify, webauthn:extension:credBlob: true, webauthn:extension:largeBlob: true, webauthn:virtualAuthenticators: true}
Session ID: ea61f7bad12882f6922f2df7b0af9369
	at org.openqa.selenium.remote.http.W3CHttpResponseCodec.createException(W3CHttpResponseCodec.java:187)
	at org.openqa.selenium.remote.http.W3CHttpResponseCodec.decode(W3CHttpResponseCodec.java:122)
	at org.openqa.selenium.remote.http.W3CHttpResponseCodec.decode(W3CHttpResponseCodec.java:49)
	at org.openqa.selenium.remote.HttpCommandExecutor.execute(HttpCommandExecutor.java:158)
	at org.openqa.selenium.remote.service.DriverCommandExecutor.execute(DriverCommandExecutor.java:83)
	at org.openqa.selenium.remote.RemoteWebDriver.execute(RemoteWebDriver.java:552)
	at com.kms.katalon.selenium.driver.CChromeDriver.execute(CChromeDriver.java:19)
	at org.openqa.selenium.remote.RemoteWebElement.execute(RemoteWebElement.java:285)
	at org.openqa.selenium.remote.RemoteWebElement.sendKeys(RemoteWebElement.java:106)
	at org.openqa.selenium.support.events.EventFiringWebDriver$EventFiringWebElement.lambda$new$0(EventFiringWebDriver.java:404)
	at com.sun.proxy.$Proxy11.sendKeys(Unknown Source)
	at org.openqa.selenium.support.events.EventFiringWebDriver$EventFiringWebElement.sendKeys(EventFiringWebDriver.java:429)
	at com.kms.katalon.core.webui.keyword.builtin.SetTextKeyword$_setText_closure1.doCall(SetTextKeyword.groovy:59)
	at com.kms.katalon.core.webui.keyword.builtin.SetTextKeyword$_setText_closure1.call(SetTextKeyword.groovy)
	at com.kms.katalon.core.webui.keyword.internal.WebUIKeywordMain.runKeyword(WebUIKeywordMain.groovy:20)
	... 19 more]]></system-err>
   </testsuite>
</testsuites>
