<?xml version="1.0" encoding="UTF-8"?>
<testsuites name="Run all test cases" time="6308.433" tests="50" failures="5" errors="0">
   <testsuite name="Run all test cases" tests="50" failures="5" errors="0" time="6308.433" skipped="0" timestamp="2022-01-16 19:05:17" hostname="antra - 192.168.16.1" id="Test Suites/Run all test cases">
      <properties>
         <property name="deviceName" value=""/>
         <property name="devicePlatform" value=""/>
         <property name="logFolder" value="C:\\Users\\antra\\git\\SE-Bonus-Assginment-Group1\\Reports\\20220116_190505\\Run all test cases\\20220116_190505"/>
         <property name="logFiles" value="C:\\Users\\antra\\git\\SE-Bonus-Assginment-Group1\\Reports\\20220116_190505\\Run all test cases\\20220116_190505\\execution0.log"/>
         <property name="attachments" value="C:\\Users\\antra\\git\\SE-Bonus-Assginment-Group1\\Reports\\20220116_190505\\Run all test cases\\20220116_190505\\1642336318120.png, C:\\Users\\antra\\git\\SE-Bonus-Assginment-Group1\\Reports\\20220116_190505\\Run all test cases\\20220116_190505\\1642336390680.png, C:\\Users\\antra\\git\\SE-Bonus-Assginment-Group1\\Reports\\20220116_190505\\Run all test cases\\20220116_190505\\1642336465091.png, C:\\Users\\antra\\git\\SE-Bonus-Assginment-Group1\\Reports\\20220116_190505\\Run all test cases\\20220116_190505\\1642336537431.png, C:\\Users\\antra\\git\\SE-Bonus-Assginment-Group1\\Reports\\20220116_190505\\Run all test cases\\20220116_190505\\1642336609752.png, C:\\Users\\antra\\git\\SE-Bonus-Assginment-Group1\\Reports\\20220116_190505\\Run all test cases\\20220116_190505\\1642336682052.png, C:\\Users\\antra\\git\\SE-Bonus-Assginment-Group1\\Reports\\20220116_190505\\Run all test cases\\20220116_190505\\1642336754155.png, C:\\Users\\antra\\git\\SE-Bonus-Assginment-Group1\\Reports\\20220116_190505\\Run all test cases\\20220116_190505\\1642336826628.png, C:\\Users\\antra\\git\\SE-Bonus-Assginment-Group1\\Reports\\20220116_190505\\Run all test cases\\20220116_190505\\1642336899541.png, C:\\Users\\antra\\git\\SE-Bonus-Assginment-Group1\\Reports\\20220116_190505\\Run all test cases\\20220116_190505\\1642336971752.png, C:\\Users\\antra\\git\\SE-Bonus-Assginment-Group1\\Reports\\20220116_190505\\Run all test cases\\20220116_190505\\1642337047164.png, C:\\Users\\antra\\git\\SE-Bonus-Assginment-Group1\\Reports\\20220116_190505\\Run all test cases\\20220116_190505\\1642337119737.png, C:\\Users\\antra\\git\\SE-Bonus-Assginment-Group1\\Reports\\20220116_190505\\Run all test cases\\20220116_190505\\1642337194323.png, C:\\Users\\antra\\git\\SE-Bonus-Assginment-Group1\\Reports\\20220116_190505\\Run all test cases\\20220116_190505\\1642337267140.png, C:\\Users\\antra\\git\\SE-Bonus-Assginment-Group1\\Reports\\20220116_190505\\Run all test cases\\20220116_190505\\1642337342329.png, C:\\Users\\antra\\git\\SE-Bonus-Assginment-Group1\\Reports\\20220116_190505\\Run all test cases\\20220116_190505\\1642337418379.png, C:\\Users\\antra\\git\\SE-Bonus-Assginment-Group1\\Reports\\20220116_190505\\Run all test cases\\20220116_190505\\1642337564813.png, C:\\Users\\antra\\git\\SE-Bonus-Assginment-Group1\\Reports\\20220116_190505\\Run all test cases\\20220116_190505\\1642337602762.png, C:\\Users\\antra\\git\\SE-Bonus-Assginment-Group1\\Reports\\20220116_190505\\Run all test cases\\20220116_190505\\1642337641497.png, C:\\Users\\antra\\git\\SE-Bonus-Assginment-Group1\\Reports\\20220116_190505\\Run all test cases\\20220116_190505\\1642337680008.png"/>
         <property name="hostName" value="antra - 192.168.16.1"/>
         <property name="os" value="Windows 10 64bit"/>
         <property name="katalonVersion" value="8.2.0.208"/>
         <property name="browser" value="Chrome 97.0.4692.71"/>
         <property name="hostAddress" value="192.168.16.1"/>
         <property name="sessionId" value="e6a45fd2035dd2c001ec506b4ed364e1"/>
         <property name="seleniumVersion" value="3.141.59"/>
         <property name="proxyInformation" value="ProxyInformation { proxyOption=NO_PROXY, proxyServerType=HTTP, username=, password=********, proxyServerAddress=, proxyServerPort=0, executionList=&quot;&quot;, isApplyToDesiredCapabilities=true }"/>
         <property name="platform" value="Windows 10"/>
      </properties>
      <testcase name="Test Cases/Chat/Chat starred" time="174.732" classname="Test Cases/Chat/Chat starred" status="PASSED">
         <system-out><![CDATA[2022-01-16 19:05:17 - [TEST_CASE][PASSED] - Test Cases/Chat/Chat starred: Test Cases/Chat/Chat starred

2022-01-16 19:05:18 - [TEST_STEP][PASSED] - openBrowser(""): Browser is opened with url: ''

2022-01-16 19:05:18 - [MESSAGE][INFO] - Starting 'Chrome' driver

2022-01-16 19:05:18 - [MESSAGE][INFO] - Action delay is set to 0 milliseconds

2022-01-16 19:05:22 - [MESSAGE][PASSED] - Browser is opened with url: ''

2022-01-16 19:05:22 - [TEST_STEP][PASSED] - navigateToUrl("http://localhost/"): Navigate to 'http://localhost/' successfully

2022-01-16 19:05:27 - [MESSAGE][PASSED] - Navigate to 'http://localhost/' successfully

2022-01-16 19:05:27 - [TEST_STEP][PASSED] - click(findTestObject("Object Repository/Page_L Tm Anh/a_Log in")): Object: 'Object Repository/Page_L Tm Anh/a_Log in' is clicked on

2022-01-16 19:05:28 - [MESSAGE][PASSED] - Object: 'Object Repository/Page_L Tm Anh/a_Log in' is clicked on

2022-01-16 19:05:28 - [TEST_STEP][PASSED] - setText(findTestObject("Object Repository/Page_L Tm Anh Log in to the site/input_Username_username"), "anhle1"): Text 'anhle1' is set on object 'Object Repository/Page_L Tm Anh Log in to the site/input_Username_username'

2022-01-16 19:05:29 - [MESSAGE][PASSED] - Text 'anhle1' is set on object 'Object Repository/Page_L Tm Anh Log in to the site/input_Username_username'

2022-01-16 19:05:29 - [TEST_STEP][PASSED] - setEncryptedText(findTestObject("Object Repository/Page_L Tm Anh Log in to the site/input_Password_password"), "eGmz8XUbrLe3vUQiiiujBg=="): Text ****** has been set on object 'Object Repository/Page_L Tm Anh Log in to the site/input_Password_password'

2022-01-16 19:05:29 - [MESSAGE][PASSED] - Text ****** has been set on object 'Object Repository/Page_L Tm Anh Log in to the site/input_Password_password'

2022-01-16 19:05:29 - [TEST_STEP][PASSED] - click(findTestObject("Object Repository/Page_L Tm Anh Log in to the site/button_Log in")): Object: 'Object Repository/Page_L Tm Anh Log in to the site/button_Log in' is clicked on

2022-01-16 19:05:34 - [MESSAGE][PASSED] - Object: 'Object Repository/Page_L Tm Anh Log in to the site/button_Log in' is clicked on

2022-01-16 19:05:34 - [TEST_STEP][PASSED] - click(findTestObject("Object Repository/Page_Dashboard/a_0")): Object: 'Object Repository/Page_Dashboard/a_0' is clicked on

2022-01-16 19:06:05 - [MESSAGE][INFO] - Unable to find the element located by 'By.xpath: //a[@id='message-drawer-toggle-61dc107224f9a61dc1072131d45']'. Please recheck the objects properties to make sure the desired element is located. 

2022-01-16 19:06:05 - [MESSAGE][WARNING] - [SELF-HEALING] Failed to find element with id 'Object Repository/Page_Dashboard/a_0'. Try using Self-healing.

2022-01-16 19:06:06 - [MESSAGE][WARNING] - [SELF-HEALING] The current locator of test object 'Object Repository/Page_Dashboard/a_0' was broken. Propose an alternative one: '//div[@id='usernavigation']/div[2]/a'.

2022-01-16 19:06:06 - [MESSAGE][PASSED] - Object: 'Object Repository/Page_Dashboard/a_0' is clicked on

2022-01-16 19:06:06 - [TEST_STEP][PASSED] - click(findTestObject("Object Repository/Page_Dashboard/div_L CDE")): Object: 'Object Repository/Page_Dashboard/div_L CDE' is clicked on

2022-01-16 19:06:37 - [MESSAGE][INFO] - Unable to find the element located by 'By.xpath: //div[@id='view-overview-favourites-target-61dc107227d7461dc1072131d47']/div[2]/a/div/div'. Please recheck the objects properties to make sure the desired element is located. 

2022-01-16 19:06:37 - [MESSAGE][WARNING] - [SELF-HEALING] Failed to find element with id 'Object Repository/Page_Dashboard/div_L CDE'. Try using Self-healing.

2022-01-16 19:06:37 - [MESSAGE][WARNING] - [SELF-HEALING] The current locator of test object 'Object Repository/Page_Dashboard/div_L CDE' was broken. Propose an alternative one: '(.//*[normalize-space(text()) and normalize-space(.)='Starred'])[1]/following::div[5]'.

2022-01-16 19:06:37 - [MESSAGE][PASSED] - Object: 'Object Repository/Page_Dashboard/div_L CDE' is clicked on

2022-01-16 19:06:37 - [TEST_STEP][PASSED] - setText(findTestObject("Object Repository/Page_Dashboard/textarea_Use enter to send_yui_3_17_2_1_164_f30280"), "alo"): Text 'alo' is set on object 'Object Repository/Page_Dashboard/textarea_Use enter to send_yui_3_17_2_1_164_f30280'

2022-01-16 19:07:08 - [MESSAGE][INFO] - Unable to find the element located by 'By.xpath: //textarea[@id='yui_3_17_2_1_1641812082235_35']'. Please recheck the objects properties to make sure the desired element is located. 

2022-01-16 19:07:08 - [MESSAGE][WARNING] - [SELF-HEALING] Failed to find element with id 'Object Repository/Page_Dashboard/textarea_Use enter to send_yui_3_17_2_1_164_f30280'. Try using Self-healing.

2022-01-16 19:07:09 - [MESSAGE][WARNING] - [SELF-HEALING] The current locator of test object 'Object Repository/Page_Dashboard/textarea_Use enter to send_yui_3_17_2_1_164_f30280' was broken. Propose an alternative one: '//textarea'.

2022-01-16 19:07:40 - [MESSAGE][INFO] - Unable to find the element located by 'By.xpath: //textarea[@id='yui_3_17_2_1_1641812082235_35']'. Please recheck the objects properties to make sure the desired element is located. 

2022-01-16 19:07:40 - [MESSAGE][WARNING] - [SELF-HEALING] Failed to find element with id 'Object Repository/Page_Dashboard/textarea_Use enter to send_yui_3_17_2_1_164_f30280'. Try using Self-healing.

2022-01-16 19:07:40 - [MESSAGE][WARNING] - [SELF-HEALING] The current locator of test object 'Object Repository/Page_Dashboard/textarea_Use enter to send_yui_3_17_2_1_164_f30280' was broken. Propose an alternative one: '//textarea'.

2022-01-16 19:07:40 - [MESSAGE][PASSED] - Text 'alo' is set on object 'Object Repository/Page_Dashboard/textarea_Use enter to send_yui_3_17_2_1_164_f30280'

2022-01-16 19:07:40 - [TEST_STEP][PASSED] - click(findTestObject("Object Repository/Page_Dashboard/button__btn btn-link btn-icon icon-size-3 m_754a09")): Object: 'Object Repository/Page_Dashboard/button__btn btn-link btn-icon icon-size-3 m_754a09' is clicked on

2022-01-16 19:08:11 - [MESSAGE][INFO] - Unable to find the element located by 'By.xpath: //div[@id='yui_3_17_2_1_1641812082235_36']/div/button[2]'. Please recheck the objects properties to make sure the desired element is located. 

2022-01-16 19:08:11 - [MESSAGE][WARNING] - [SELF-HEALING] Failed to find element with id 'Object Repository/Page_Dashboard/button__btn btn-link btn-icon icon-size-3 m_754a09'. Try using Self-healing.

2022-01-16 19:08:11 - [MESSAGE][WARNING] - [SELF-HEALING] The current locator of test object 'Object Repository/Page_Dashboard/button__btn btn-link btn-icon icon-size-3 m_754a09' was broken. Propose an alternative one: '(.//*[normalize-space(text()) and normalize-space(.)='😠'])[1]/following::button[2]'.

2022-01-16 19:08:12 - [MESSAGE][PASSED] - Object: 'Object Repository/Page_Dashboard/button__btn btn-link btn-icon icon-size-3 m_754a09' is clicked on

2022-01-16 19:08:12 - [TEST_STEP][PASSED] - closeBrowser(): Browser is closed

2022-01-16 19:08:12 - [MESSAGE][PASSED] - Browser is closed]]></system-out>
         <system-err><![CDATA[]]></system-err>
      </testcase>
      <testcase name="Test Cases/Chat/Chat with group" time="166.958" classname="Test Cases/Chat/Chat with group" status="PASSED">
         <system-out><![CDATA[2022-01-16 19:08:12 - [TEST_CASE][PASSED] - Test Cases/Chat/Chat with group: Test Cases/Chat/Chat with group

2022-01-16 19:08:12 - [TEST_STEP][PASSED] - openBrowser(""): Browser is opened with url: ''

2022-01-16 19:08:12 - [MESSAGE][INFO] - Starting 'Chrome' driver

2022-01-16 19:08:12 - [MESSAGE][INFO] - Action delay is set to 0 milliseconds

2022-01-16 19:08:14 - [MESSAGE][PASSED] - Browser is opened with url: ''

2022-01-16 19:08:14 - [TEST_STEP][PASSED] - closeBrowser(): Browser is closed

2022-01-16 19:08:14 - [MESSAGE][PASSED] - Browser is closed

2022-01-16 19:08:14 - [TEST_STEP][PASSED] - openBrowser(""): Browser is opened with url: ''

2022-01-16 19:08:14 - [MESSAGE][INFO] - Starting 'Chrome' driver

2022-01-16 19:08:14 - [MESSAGE][INFO] - Action delay is set to 0 milliseconds

2022-01-16 19:08:15 - [MESSAGE][PASSED] - Browser is opened with url: ''

2022-01-16 19:08:15 - [TEST_STEP][PASSED] - navigateToUrl("http://localhost/"): Navigate to 'http://localhost/' successfully

2022-01-16 19:08:17 - [MESSAGE][PASSED] - Navigate to 'http://localhost/' successfully

2022-01-16 19:08:17 - [TEST_STEP][PASSED] - click(findTestObject("Object Repository/Page_L Tm Anh/a_Log in")): Object: 'Object Repository/Page_L Tm Anh/a_Log in' is clicked on

2022-01-16 19:08:18 - [MESSAGE][PASSED] - Object: 'Object Repository/Page_L Tm Anh/a_Log in' is clicked on

2022-01-16 19:08:18 - [TEST_STEP][PASSED] - setText(findTestObject("Object Repository/Page_L Tm Anh Log in to the site/input_Username_username"), "admin"): Text 'admin' is set on object 'Object Repository/Page_L Tm Anh Log in to the site/input_Username_username'

2022-01-16 19:08:18 - [MESSAGE][PASSED] - Text 'admin' is set on object 'Object Repository/Page_L Tm Anh Log in to the site/input_Username_username'

2022-01-16 19:08:18 - [TEST_STEP][PASSED] - setEncryptedText(findTestObject("Object Repository/Page_L Tm Anh Log in to the site/input_Password_password"), "eGmz8XUbrLe3vUQiiiujBg=="): Text ****** has been set on object 'Object Repository/Page_L Tm Anh Log in to the site/input_Password_password'

2022-01-16 19:08:19 - [MESSAGE][PASSED] - Text ****** has been set on object 'Object Repository/Page_L Tm Anh Log in to the site/input_Password_password'

2022-01-16 19:08:19 - [TEST_STEP][PASSED] - click(findTestObject("Object Repository/Page_L Tm Anh Log in to the site/button_Log in")): Object: 'Object Repository/Page_L Tm Anh Log in to the site/button_Log in' is clicked on

2022-01-16 19:08:20 - [MESSAGE][PASSED] - Object: 'Object Repository/Page_L Tm Anh Log in to the site/button_Log in' is clicked on

2022-01-16 19:08:20 - [TEST_STEP][PASSED] - click(findTestObject("Object Repository/Page_Dashboard/a_0")): Object: 'Object Repository/Page_Dashboard/a_0' is clicked on

2022-01-16 19:08:52 - [MESSAGE][INFO] - Unable to find the element located by 'By.xpath: //a[@id='message-drawer-toggle-61dc107224f9a61dc1072131d45']'. Please recheck the objects properties to make sure the desired element is located. 

2022-01-16 19:08:52 - [MESSAGE][WARNING] - [SELF-HEALING] Failed to find element with id 'Object Repository/Page_Dashboard/a_0'. Try using Self-healing.

2022-01-16 19:08:52 - [MESSAGE][WARNING] - [SELF-HEALING] The current locator of test object 'Object Repository/Page_Dashboard/a_0' was broken. Propose an alternative one: '//div[@id='usernavigation']/div[2]/a'.

2022-01-16 19:08:52 - [MESSAGE][PASSED] - Object: 'Object Repository/Page_Dashboard/a_0' is clicked on

2022-01-16 19:08:52 - [TEST_STEP][PASSED] - click(findTestObject("Object Repository/Page_Dashboard/div_Team 1")): Object: 'Object Repository/Page_Dashboard/div_Team 1' is clicked on

2022-01-16 19:09:23 - [MESSAGE][INFO] - Unable to find the element located by 'By.xpath: //div[@id='view-overview-group-messages-target-61d99a8c1b06361d99a8a88c6d7']/div[2]/a/div/div'. Please recheck the objects properties to make sure the desired element is located. 

2022-01-16 19:09:23 - [MESSAGE][WARNING] - [SELF-HEALING] Failed to find element with id 'Object Repository/Page_Dashboard/div_Team 1'. Try using Self-healing.

2022-01-16 19:09:23 - [MESSAGE][WARNING] - [SELF-HEALING] The current locator of test object 'Object Repository/Page_Dashboard/div_Team 1' was broken. Propose an alternative one: '(.//*[normalize-space(text()) and normalize-space(.)='Group'])[1]/following::div[5]'.

2022-01-16 19:09:24 - [MESSAGE][PASSED] - Object: 'Object Repository/Page_Dashboard/div_Team 1' is clicked on

2022-01-16 19:09:24 - [TEST_STEP][PASSED] - setText(findTestObject("Object Repository/Page_Dashboard/textarea_Use enter to send_yui_3_17_2_1_164_167f3b"), "hello"): Text 'hello' is set on object 'Object Repository/Page_Dashboard/textarea_Use enter to send_yui_3_17_2_1_164_167f3b'

2022-01-16 19:09:55 - [MESSAGE][INFO] - Unable to find the element located by 'By.xpath: //textarea[@id='yui_3_17_2_1_1641650828764_35']'. Please recheck the objects properties to make sure the desired element is located. 

2022-01-16 19:09:55 - [MESSAGE][WARNING] - [SELF-HEALING] Failed to find element with id 'Object Repository/Page_Dashboard/textarea_Use enter to send_yui_3_17_2_1_164_167f3b'. Try using Self-healing.

2022-01-16 19:09:55 - [MESSAGE][WARNING] - [SELF-HEALING] The current locator of test object 'Object Repository/Page_Dashboard/textarea_Use enter to send_yui_3_17_2_1_164_167f3b' was broken. Propose an alternative one: '//textarea'.

2022-01-16 19:10:27 - [MESSAGE][INFO] - Unable to find the element located by 'By.xpath: //textarea[@id='yui_3_17_2_1_1641650828764_35']'. Please recheck the objects properties to make sure the desired element is located. 

2022-01-16 19:10:27 - [MESSAGE][WARNING] - [SELF-HEALING] Failed to find element with id 'Object Repository/Page_Dashboard/textarea_Use enter to send_yui_3_17_2_1_164_167f3b'. Try using Self-healing.

2022-01-16 19:10:27 - [MESSAGE][WARNING] - [SELF-HEALING] The current locator of test object 'Object Repository/Page_Dashboard/textarea_Use enter to send_yui_3_17_2_1_164_167f3b' was broken. Propose an alternative one: '//textarea'.

2022-01-16 19:10:27 - [MESSAGE][PASSED] - Text 'hello' is set on object 'Object Repository/Page_Dashboard/textarea_Use enter to send_yui_3_17_2_1_164_167f3b'

2022-01-16 19:10:27 - [TEST_STEP][PASSED] - click(findTestObject("Object Repository/Page_Dashboard/i__icon fa fa-paper-plane fa-fw")): Object: 'Object Repository/Page_Dashboard/i__icon fa fa-paper-plane fa-fw' is clicked on

2022-01-16 19:10:58 - [MESSAGE][INFO] - Unable to find the element located by 'By.xpath: //div[@id='yui_3_17_2_1_1641809714717_40']/div/button[2]/span/i'. Please recheck the objects properties to make sure the desired element is located. 

2022-01-16 19:10:58 - [MESSAGE][WARNING] - [SELF-HEALING] Failed to find element with id 'Object Repository/Page_Dashboard/i__icon fa fa-paper-plane fa-fw'. Try using Self-healing.

2022-01-16 19:10:58 - [MESSAGE][WARNING] - [SELF-HEALING] The current locator of test object 'Object Repository/Page_Dashboard/i__icon fa fa-paper-plane fa-fw' was broken. Propose an alternative one: '//button[2]/span/i'.

2022-01-16 19:10:59 - [MESSAGE][PASSED] - Object: 'Object Repository/Page_Dashboard/i__icon fa fa-paper-plane fa-fw' is clicked on

2022-01-16 19:10:59 - [TEST_STEP][PASSED] - closeBrowser(): Browser is closed

2022-01-16 19:10:59 - [MESSAGE][PASSED] - Browser is closed]]></system-out>
         <system-err><![CDATA[]]></system-err>
      </testcase>
      <testcase name="Test Cases/Chat/Chat private" time="164.756" classname="Test Cases/Chat/Chat private" status="PASSED">
         <system-out><![CDATA[2022-01-16 19:10:59 - [TEST_CASE][PASSED] - Test Cases/Chat/Chat private: Test Cases/Chat/Chat private

2022-01-16 19:10:59 - [TEST_STEP][PASSED] - openBrowser(""): Browser is opened with url: ''

2022-01-16 19:10:59 - [MESSAGE][INFO] - Starting 'Chrome' driver

2022-01-16 19:10:59 - [MESSAGE][INFO] - Action delay is set to 0 milliseconds

2022-01-16 19:11:01 - [MESSAGE][PASSED] - Browser is opened with url: ''

2022-01-16 19:11:01 - [TEST_STEP][PASSED] - navigateToUrl("http://localhost/"): Navigate to 'http://localhost/' successfully

2022-01-16 19:11:01 - [MESSAGE][PASSED] - Navigate to 'http://localhost/' successfully

2022-01-16 19:11:01 - [TEST_STEP][PASSED] - click(findTestObject("Object Repository/Page_L Tm Anh/a_Log in")): Object: 'Object Repository/Page_L Tm Anh/a_Log in' is clicked on

2022-01-16 19:11:02 - [MESSAGE][PASSED] - Object: 'Object Repository/Page_L Tm Anh/a_Log in' is clicked on

2022-01-16 19:11:02 - [TEST_STEP][PASSED] - setText(findTestObject("Object Repository/Page_L Tm Anh Log in to the site/input_Username_username"), "admin"): Text 'admin' is set on object 'Object Repository/Page_L Tm Anh Log in to the site/input_Username_username'

2022-01-16 19:11:03 - [MESSAGE][PASSED] - Text 'admin' is set on object 'Object Repository/Page_L Tm Anh Log in to the site/input_Username_username'

2022-01-16 19:11:03 - [TEST_STEP][PASSED] - setEncryptedText(findTestObject("Object Repository/Page_L Tm Anh Log in to the site/input_Password_password"), "eGmz8XUbrLe3vUQiiiujBg=="): Text ****** has been set on object 'Object Repository/Page_L Tm Anh Log in to the site/input_Password_password'

2022-01-16 19:11:03 - [MESSAGE][PASSED] - Text ****** has been set on object 'Object Repository/Page_L Tm Anh Log in to the site/input_Password_password'

2022-01-16 19:11:03 - [TEST_STEP][PASSED] - click(findTestObject("Object Repository/Page_L Tm Anh Log in to the site/button_Log in")): Object: 'Object Repository/Page_L Tm Anh Log in to the site/button_Log in' is clicked on

2022-01-16 19:11:04 - [MESSAGE][PASSED] - Object: 'Object Repository/Page_L Tm Anh Log in to the site/button_Log in' is clicked on

2022-01-16 19:11:04 - [TEST_STEP][PASSED] - click(findTestObject("Object Repository/Page_Dashboard/a_0")): Object: 'Object Repository/Page_Dashboard/a_0' is clicked on

2022-01-16 19:11:35 - [MESSAGE][INFO] - Unable to find the element located by 'By.xpath: //a[@id='message-drawer-toggle-61dc107224f9a61dc1072131d45']'. Please recheck the objects properties to make sure the desired element is located. 

2022-01-16 19:11:35 - [MESSAGE][WARNING] - [SELF-HEALING] Failed to find element with id 'Object Repository/Page_Dashboard/a_0'. Try using Self-healing.

2022-01-16 19:11:36 - [MESSAGE][WARNING] - [SELF-HEALING] The current locator of test object 'Object Repository/Page_Dashboard/a_0' was broken. Propose an alternative one: '//div[@id='usernavigation']/div[2]/a'.

2022-01-16 19:11:36 - [MESSAGE][PASSED] - Object: 'Object Repository/Page_Dashboard/a_0' is clicked on

2022-01-16 19:11:36 - [TEST_STEP][PASSED] - click(findTestObject("Object Repository/Page_Dashboard/i_hello_icon fa fa-caret-right fa-fw")): Object: 'Object Repository/Page_Dashboard/i_hello_icon fa fa-caret-right fa-fw' is clicked on

2022-01-16 19:11:37 - [MESSAGE][PASSED] - Object: 'Object Repository/Page_Dashboard/i_hello_icon fa fa-caret-right fa-fw' is clicked on

2022-01-16 19:11:37 - [TEST_STEP][PASSED] - click(findTestObject("Object Repository/Page_Dashboard/div_Student Two")): Object: 'Object Repository/Page_Dashboard/div_Student Two' is clicked on

2022-01-16 19:12:08 - [MESSAGE][INFO] - Unable to find the element located by 'By.xpath: //div[@id='view-overview-messages-target-61dc0732a02da61dc07328cc3c7']/div[2]/a/div/div'. Please recheck the objects properties to make sure the desired element is located. 

2022-01-16 19:12:08 - [MESSAGE][WARNING] - [SELF-HEALING] Failed to find element with id 'Object Repository/Page_Dashboard/div_Student Two'. Try using Self-healing.

2022-01-16 19:12:08 - [MESSAGE][WARNING] - [SELF-HEALING] The current locator of test object 'Object Repository/Page_Dashboard/div_Student Two' was broken. Propose an alternative one: '(.//*[normalize-space(text()) and normalize-space(.)='Private'])[1]/following::div[5]'.

2022-01-16 19:12:08 - [MESSAGE][PASSED] - Object: 'Object Repository/Page_Dashboard/div_Student Two' is clicked on

2022-01-16 19:12:08 - [TEST_STEP][PASSED] - setText(findTestObject("Object Repository/Page_Dashboard/textarea_Use enter to send_yui_3_17_2_1_164_1c2d5d"), "alo"): Text 'alo' is set on object 'Object Repository/Page_Dashboard/textarea_Use enter to send_yui_3_17_2_1_164_1c2d5d'

2022-01-16 19:12:40 - [MESSAGE][INFO] - Unable to find the element located by 'By.xpath: //textarea[@id='yui_3_17_2_1_1641809714717_39']'. Please recheck the objects properties to make sure the desired element is located. 

2022-01-16 19:12:40 - [MESSAGE][WARNING] - [SELF-HEALING] Failed to find element with id 'Object Repository/Page_Dashboard/textarea_Use enter to send_yui_3_17_2_1_164_1c2d5d'. Try using Self-healing.

2022-01-16 19:12:40 - [MESSAGE][WARNING] - [SELF-HEALING] The current locator of test object 'Object Repository/Page_Dashboard/textarea_Use enter to send_yui_3_17_2_1_164_1c2d5d' was broken. Propose an alternative one: '//textarea'.

2022-01-16 19:13:11 - [MESSAGE][INFO] - Unable to find the element located by 'By.xpath: //textarea[@id='yui_3_17_2_1_1641809714717_39']'. Please recheck the objects properties to make sure the desired element is located. 

2022-01-16 19:13:11 - [MESSAGE][WARNING] - [SELF-HEALING] Failed to find element with id 'Object Repository/Page_Dashboard/textarea_Use enter to send_yui_3_17_2_1_164_1c2d5d'. Try using Self-healing.

2022-01-16 19:13:12 - [MESSAGE][WARNING] - [SELF-HEALING] The current locator of test object 'Object Repository/Page_Dashboard/textarea_Use enter to send_yui_3_17_2_1_164_1c2d5d' was broken. Propose an alternative one: '//textarea'.

2022-01-16 19:13:12 - [MESSAGE][PASSED] - Text 'alo' is set on object 'Object Repository/Page_Dashboard/textarea_Use enter to send_yui_3_17_2_1_164_1c2d5d'

2022-01-16 19:13:12 - [TEST_STEP][PASSED] - click(findTestObject("Object Repository/Page_Dashboard/i__icon fa fa-paper-plane fa-fw")): Object: 'Object Repository/Page_Dashboard/i__icon fa fa-paper-plane fa-fw' is clicked on

2022-01-16 19:13:43 - [MESSAGE][INFO] - Unable to find the element located by 'By.xpath: //div[@id='yui_3_17_2_1_1641809714717_40']/div/button[2]/span/i'. Please recheck the objects properties to make sure the desired element is located. 

2022-01-16 19:13:43 - [MESSAGE][WARNING] - [SELF-HEALING] Failed to find element with id 'Object Repository/Page_Dashboard/i__icon fa fa-paper-plane fa-fw'. Try using Self-healing.

2022-01-16 19:13:43 - [MESSAGE][WARNING] - [SELF-HEALING] The current locator of test object 'Object Repository/Page_Dashboard/i__icon fa fa-paper-plane fa-fw' was broken. Propose an alternative one: '//button[2]/span/i'.

2022-01-16 19:13:43 - [MESSAGE][PASSED] - Object: 'Object Repository/Page_Dashboard/i__icon fa fa-paper-plane fa-fw' is clicked on

2022-01-16 19:13:43 - [TEST_STEP][PASSED] - closeBrowser(): Browser is closed

2022-01-16 19:13:44 - [MESSAGE][PASSED] - Browser is closed]]></system-out>
         <system-err><![CDATA[]]></system-err>
      </testcase>
      <testcase name="Test Cases/Chat/Search user and chat" time="195.67" classname="Test Cases/Chat/Search user and chat" status="PASSED">
         <system-out><![CDATA[2022-01-16 19:13:44 - [TEST_CASE][PASSED] - Test Cases/Chat/Search user and chat: Test Cases/Chat/Search user and chat

2022-01-16 19:13:44 - [TEST_STEP][PASSED] - openBrowser(""): Browser is opened with url: ''

2022-01-16 19:13:44 - [MESSAGE][INFO] - Starting 'Chrome' driver

2022-01-16 19:13:44 - [MESSAGE][INFO] - Action delay is set to 0 milliseconds

2022-01-16 19:13:45 - [MESSAGE][PASSED] - Browser is opened with url: ''

2022-01-16 19:13:45 - [TEST_STEP][PASSED] - navigateToUrl("http://localhost/"): Navigate to 'http://localhost/' successfully

2022-01-16 19:13:46 - [MESSAGE][PASSED] - Navigate to 'http://localhost/' successfully

2022-01-16 19:13:46 - [TEST_STEP][PASSED] - click(findTestObject("Object Repository/Page_L Tm Anh/a_Log in")): Object: 'Object Repository/Page_L Tm Anh/a_Log in' is clicked on

2022-01-16 19:13:46 - [MESSAGE][PASSED] - Object: 'Object Repository/Page_L Tm Anh/a_Log in' is clicked on

2022-01-16 19:13:46 - [TEST_STEP][PASSED] - setText(findTestObject("Object Repository/Page_L Tm Anh Log in to the site/input_Username_username"), "admin"): Text 'admin' is set on object 'Object Repository/Page_L Tm Anh Log in to the site/input_Username_username'

2022-01-16 19:13:47 - [MESSAGE][PASSED] - Text 'admin' is set on object 'Object Repository/Page_L Tm Anh Log in to the site/input_Username_username'

2022-01-16 19:13:47 - [TEST_STEP][PASSED] - setEncryptedText(findTestObject("Object Repository/Page_L Tm Anh Log in to the site/input_Password_password"), "eGmz8XUbrLe3vUQiiiujBg=="): Text ****** has been set on object 'Object Repository/Page_L Tm Anh Log in to the site/input_Password_password'

2022-01-16 19:13:48 - [MESSAGE][PASSED] - Text ****** has been set on object 'Object Repository/Page_L Tm Anh Log in to the site/input_Password_password'

2022-01-16 19:13:48 - [TEST_STEP][PASSED] - click(findTestObject("Object Repository/Page_L Tm Anh Log in to the site/button_Log in")): Object: 'Object Repository/Page_L Tm Anh Log in to the site/button_Log in' is clicked on

2022-01-16 19:13:49 - [MESSAGE][PASSED] - Object: 'Object Repository/Page_L Tm Anh Log in to the site/button_Log in' is clicked on

2022-01-16 19:13:49 - [TEST_STEP][PASSED] - click(findTestObject("Object Repository/Page_Dashboard/i_See all_icon fa fa-comment-o fa-fw")): Object: 'Object Repository/Page_Dashboard/i_See all_icon fa fa-comment-o fa-fw' is clicked on

2022-01-16 19:14:20 - [MESSAGE][INFO] - Unable to find the element located by 'By.xpath: //a[@id='message-drawer-toggle-61da31feb585e61da31fe9dea25']/i'. Please recheck the objects properties to make sure the desired element is located. 

2022-01-16 19:14:20 - [MESSAGE][WARNING] - [SELF-HEALING] Failed to find element with id 'Object Repository/Page_Dashboard/i_See all_icon fa fa-comment-o fa-fw'. Try using Self-healing.

2022-01-16 19:14:20 - [MESSAGE][WARNING] - [SELF-HEALING] The current locator of test object 'Object Repository/Page_Dashboard/i_See all_icon fa fa-comment-o fa-fw' was broken. Propose an alternative one: '//div[2]/a/i'.

2022-01-16 19:14:20 - [MESSAGE][PASSED] - Object: 'Object Repository/Page_Dashboard/i_See all_icon fa fa-comment-o fa-fw' is clicked on

2022-01-16 19:14:20 - [TEST_STEP][PASSED] - setText(findTestObject("Object Repository/Page_Dashboard/input_Messages selected_form-control"), "Anh Le"): Text 'Anh Le' is set on object 'Object Repository/Page_Dashboard/input_Messages selected_form-control'

2022-01-16 19:14:22 - [MESSAGE][PASSED] - Text 'Anh Le' is set on object 'Object Repository/Page_Dashboard/input_Messages selected_form-control'

2022-01-16 19:14:22 - [TEST_STEP][PASSED] - click(findTestObject("Object Repository/Page_Dashboard/i_Messages selected_icon fa fa-search fa-fw")): Object: 'Object Repository/Page_Dashboard/i_Messages selected_icon fa fa-search fa-fw' is clicked on

2022-01-16 19:14:53 - [MESSAGE][INFO] - Unable to find the element located by 'By.xpath: //div[@id='yui_3_17_2_1_1641689598842_31']/div[4]/div/div/div/button/span/i'. Please recheck the objects properties to make sure the desired element is located. 

2022-01-16 19:14:53 - [MESSAGE][WARNING] - [SELF-HEALING] Failed to find element with id 'Object Repository/Page_Dashboard/i_Messages selected_icon fa fa-search fa-fw'. Try using Self-healing.

2022-01-16 19:14:53 - [MESSAGE][WARNING] - [SELF-HEALING] The current locator of test object 'Object Repository/Page_Dashboard/i_Messages selected_icon fa fa-search fa-fw' was broken. Propose an alternative one: '//button/span/i'.

2022-01-16 19:14:53 - [MESSAGE][PASSED] - Object: 'Object Repository/Page_Dashboard/i_Messages selected_icon fa fa-search fa-fw' is clicked on

2022-01-16 19:14:53 - [TEST_STEP][PASSED] - click(findTestObject("Object Repository/Page_Dashboard/a_Anh Lee")): Object: 'Object Repository/Page_Dashboard/a_Anh Lee' is clicked on

2022-01-16 19:15:24 - [MESSAGE][INFO] - Unable to find the element located by 'By.xpath: //div[@id='yui_3_17_2_1_1641689598842_26']/div[6]/div/div/div/div[2]/div/a'. Please recheck the objects properties to make sure the desired element is located. 

2022-01-16 19:15:24 - [MESSAGE][WARNING] - [SELF-HEALING] Failed to find element with id 'Object Repository/Page_Dashboard/a_Anh Lee'. Try using Self-healing.

2022-01-16 19:15:25 - [MESSAGE][WARNING] - [SELF-HEALING] The current locator of test object 'Object Repository/Page_Dashboard/a_Anh Lee' was broken. Propose an alternative one: '(.//*[normalize-space(text()) and normalize-space(.)='Non-contacts'])[1]/following::a[1]'.

2022-01-16 19:15:25 - [MESSAGE][PASSED] - Object: 'Object Repository/Page_Dashboard/a_Anh Lee' is clicked on

2022-01-16 19:15:25 - [TEST_STEP][PASSED] - setText(findTestObject("Object Repository/Page_Dashboard/textarea_Use enter to send_yui_3_17_2_1_164_9e4947"), "kk"): Text 'kk' is set on object 'Object Repository/Page_Dashboard/textarea_Use enter to send_yui_3_17_2_1_164_9e4947'

2022-01-16 19:15:56 - [MESSAGE][INFO] - Unable to find the element located by 'By.xpath: //textarea[@id='yui_3_17_2_1_1641689351127_51']'. Please recheck the objects properties to make sure the desired element is located. 

2022-01-16 19:15:56 - [MESSAGE][WARNING] - [SELF-HEALING] Failed to find element with id 'Object Repository/Page_Dashboard/textarea_Use enter to send_yui_3_17_2_1_164_9e4947'. Try using Self-healing.

2022-01-16 19:15:56 - [MESSAGE][WARNING] - [SELF-HEALING] The current locator of test object 'Object Repository/Page_Dashboard/textarea_Use enter to send_yui_3_17_2_1_164_9e4947' was broken. Propose an alternative one: '//textarea'.

2022-01-16 19:16:27 - [MESSAGE][INFO] - Unable to find the element located by 'By.xpath: //textarea[@id='yui_3_17_2_1_1641689351127_51']'. Please recheck the objects properties to make sure the desired element is located. 

2022-01-16 19:16:27 - [MESSAGE][WARNING] - [SELF-HEALING] Failed to find element with id 'Object Repository/Page_Dashboard/textarea_Use enter to send_yui_3_17_2_1_164_9e4947'. Try using Self-healing.

2022-01-16 19:16:27 - [MESSAGE][WARNING] - [SELF-HEALING] The current locator of test object 'Object Repository/Page_Dashboard/textarea_Use enter to send_yui_3_17_2_1_164_9e4947' was broken. Propose an alternative one: '//textarea'.

2022-01-16 19:16:27 - [MESSAGE][PASSED] - Text 'kk' is set on object 'Object Repository/Page_Dashboard/textarea_Use enter to send_yui_3_17_2_1_164_9e4947'

2022-01-16 19:16:27 - [TEST_STEP][PASSED] - click(findTestObject("Object Repository/Page_Dashboard/i__icon fa fa-paper-plane fa-fw")): Object: 'Object Repository/Page_Dashboard/i__icon fa fa-paper-plane fa-fw' is clicked on

2022-01-16 19:16:59 - [MESSAGE][INFO] - Unable to find the element located by 'By.xpath: //div[@id='yui_3_17_2_1_1641809714717_40']/div/button[2]/span/i'. Please recheck the objects properties to make sure the desired element is located. 

2022-01-16 19:16:59 - [MESSAGE][WARNING] - [SELF-HEALING] Failed to find element with id 'Object Repository/Page_Dashboard/i__icon fa fa-paper-plane fa-fw'. Try using Self-healing.

2022-01-16 19:16:59 - [MESSAGE][WARNING] - [SELF-HEALING] The current locator of test object 'Object Repository/Page_Dashboard/i__icon fa fa-paper-plane fa-fw' was broken. Propose an alternative one: '//button[2]/span/i'.

2022-01-16 19:16:59 - [MESSAGE][PASSED] - Object: 'Object Repository/Page_Dashboard/i__icon fa fa-paper-plane fa-fw' is clicked on

2022-01-16 19:16:59 - [TEST_STEP][PASSED] - closeBrowser(): Browser is closed

2022-01-16 19:17:00 - [MESSAGE][PASSED] - Browser is closed]]></system-out>
         <system-err><![CDATA[]]></system-err>
      </testcase>
      <testcase name="Test Cases/Chat/Add contact" time="74.535" classname="Test Cases/Chat/Add contact" status="PASSED">
         <system-out><![CDATA[2022-01-16 19:17:00 - [TEST_CASE][PASSED] - Test Cases/Chat/Add contact: Test Cases/Chat/Add contact

2022-01-16 19:17:00 - [TEST_STEP][PASSED] - openBrowser(""): Browser is opened with url: ''

2022-01-16 19:17:00 - [MESSAGE][INFO] - Starting 'Chrome' driver

2022-01-16 19:17:00 - [MESSAGE][INFO] - Action delay is set to 0 milliseconds

2022-01-16 19:17:01 - [MESSAGE][PASSED] - Browser is opened with url: ''

2022-01-16 19:17:01 - [TEST_STEP][PASSED] - navigateToUrl("http://localhost/"): Navigate to 'http://localhost/' successfully

2022-01-16 19:17:02 - [MESSAGE][PASSED] - Navigate to 'http://localhost/' successfully

2022-01-16 19:17:02 - [TEST_STEP][PASSED] - click(findTestObject("Object Repository/Page_L Tm Anh/a_Log in")): Object: 'Object Repository/Page_L Tm Anh/a_Log in' is clicked on

2022-01-16 19:17:03 - [MESSAGE][PASSED] - Object: 'Object Repository/Page_L Tm Anh/a_Log in' is clicked on

2022-01-16 19:17:03 - [TEST_STEP][PASSED] - setText(findTestObject("Object Repository/Page_L Tm Anh Log in to the site/input_Username_username"), "admin"): Text 'admin' is set on object 'Object Repository/Page_L Tm Anh Log in to the site/input_Username_username'

2022-01-16 19:17:03 - [MESSAGE][PASSED] - Text 'admin' is set on object 'Object Repository/Page_L Tm Anh Log in to the site/input_Username_username'

2022-01-16 19:17:03 - [TEST_STEP][PASSED] - setEncryptedText(findTestObject("Object Repository/Page_L Tm Anh Log in to the site/input_Password_password"), "eGmz8XUbrLe3vUQiiiujBg=="): Text ****** has been set on object 'Object Repository/Page_L Tm Anh Log in to the site/input_Password_password'

2022-01-16 19:17:04 - [MESSAGE][PASSED] - Text ****** has been set on object 'Object Repository/Page_L Tm Anh Log in to the site/input_Password_password'

2022-01-16 19:17:04 - [TEST_STEP][PASSED] - click(findTestObject("Object Repository/Page_L Tm Anh Log in to the site/button_Log in")): Object: 'Object Repository/Page_L Tm Anh Log in to the site/button_Log in' is clicked on

2022-01-16 19:17:05 - [MESSAGE][PASSED] - Object: 'Object Repository/Page_L Tm Anh Log in to the site/button_Log in' is clicked on

2022-01-16 19:17:05 - [TEST_STEP][PASSED] - click(findTestObject("Object Repository/Page_Dashboard/a_0")): Object: 'Object Repository/Page_Dashboard/a_0' is clicked on

2022-01-16 19:17:36 - [MESSAGE][INFO] - Unable to find the element located by 'By.xpath: //a[@id='message-drawer-toggle-61dc107224f9a61dc1072131d45']'. Please recheck the objects properties to make sure the desired element is located. 

2022-01-16 19:17:36 - [MESSAGE][WARNING] - [SELF-HEALING] Failed to find element with id 'Object Repository/Page_Dashboard/a_0'. Try using Self-healing.

2022-01-16 19:17:37 - [MESSAGE][WARNING] - [SELF-HEALING] The current locator of test object 'Object Repository/Page_Dashboard/a_0' was broken. Propose an alternative one: '//div[@id='usernavigation']/div[2]/a'.

2022-01-16 19:17:37 - [MESSAGE][PASSED] - Object: 'Object Repository/Page_Dashboard/a_0' is clicked on

2022-01-16 19:17:37 - [TEST_STEP][PASSED] - setText(findTestObject("Object Repository/Page_Dashboard/input_Messages selected_form-control"), "Anh Lee"): Text 'Anh Lee' is set on object 'Object Repository/Page_Dashboard/input_Messages selected_form-control'

2022-01-16 19:17:38 - [MESSAGE][PASSED] - Text 'Anh Lee' is set on object 'Object Repository/Page_Dashboard/input_Messages selected_form-control'

2022-01-16 19:17:38 - [TEST_STEP][PASSED] - click(findTestObject("Object Repository/Page_Dashboard/button_Messages selected_btn btn-submit ico_2a7788")): Object: 'Object Repository/Page_Dashboard/button_Messages selected_btn btn-submit ico_2a7788' is clicked on

2022-01-16 19:17:39 - [MESSAGE][PASSED] - Object: 'Object Repository/Page_Dashboard/button_Messages selected_btn btn-submit ico_2a7788' is clicked on

2022-01-16 19:17:39 - [TEST_STEP][PASSED] - click(findTestObject("Object Repository/Page_Dashboard/a_Anh Lee")): Object: 'Object Repository/Page_Dashboard/a_Anh Lee' is clicked on

2022-01-16 19:18:10 - [MESSAGE][INFO] - Unable to find the element located by 'By.xpath: //div[@id='yui_3_17_2_1_1641689598842_26']/div[6]/div/div/div/div[2]/div/a'. Please recheck the objects properties to make sure the desired element is located. 

2022-01-16 19:18:10 - [MESSAGE][WARNING] - [SELF-HEALING] Failed to find element with id 'Object Repository/Page_Dashboard/a_Anh Lee'. Try using Self-healing.

2022-01-16 19:18:10 - [MESSAGE][WARNING] - [SELF-HEALING] The current locator of test object 'Object Repository/Page_Dashboard/a_Anh Lee' was broken. Propose an alternative one: '(.//*[normalize-space(text()) and normalize-space(.)='Non-contacts'])[1]/following::a[1]'.

2022-01-16 19:18:10 - [MESSAGE][PASSED] - Object: 'Object Repository/Page_Dashboard/a_Anh Lee' is clicked on

2022-01-16 19:18:10 - [TEST_STEP][PASSED] - click(findTestObject("Object Repository/Page_Dashboard/i_Anh Lee_icon fa fa-ellipsis-h fa-fw")): Object: 'Object Repository/Page_Dashboard/i_Anh Lee_icon fa fa-ellipsis-h fa-fw' is clicked on

2022-01-16 19:18:12 - [MESSAGE][PASSED] - Object: 'Object Repository/Page_Dashboard/i_Anh Lee_icon fa fa-ellipsis-h fa-fw' is clicked on

2022-01-16 19:18:12 - [TEST_STEP][PASSED] - click(findTestObject("Object Repository/Page_Dashboard/a_User info")): Object: 'Object Repository/Page_Dashboard/a_User info' is clicked on

2022-01-16 19:18:12 - [MESSAGE][PASSED] - Object: 'Object Repository/Page_Dashboard/a_User info' is clicked on

2022-01-16 19:18:12 - [TEST_STEP][PASSED] - click(findTestObject("Object Repository/Page_Dashboard/button_Add to contacts")): Object: 'Object Repository/Page_Dashboard/button_Add to contacts' is clicked on

2022-01-16 19:18:13 - [MESSAGE][PASSED] - Object: 'Object Repository/Page_Dashboard/button_Add to contacts' is clicked on

2022-01-16 19:18:13 - [TEST_STEP][PASSED] - click(findTestObject("Object Repository/Page_Dashboard/button_Add")): Object: 'Object Repository/Page_Dashboard/button_Add' is clicked on

2022-01-16 19:18:14 - [MESSAGE][PASSED] - Object: 'Object Repository/Page_Dashboard/button_Add' is clicked on

2022-01-16 19:18:14 - [TEST_STEP][PASSED] - closeBrowser(): Browser is closed

2022-01-16 19:18:14 - [MESSAGE][PASSED] - Browser is closed]]></system-out>
         <system-err><![CDATA[]]></system-err>
      </testcase>
      <testcase name="Test Cases/Chat/Accept contact" time="164.342" classname="Test Cases/Chat/Accept contact" status="PASSED">
         <system-out><![CDATA[2022-01-16 19:18:14 - [TEST_CASE][PASSED] - Test Cases/Chat/Accept contact: Test Cases/Chat/Accept contact

2022-01-16 19:18:14 - [TEST_STEP][PASSED] - openBrowser(""): Browser is opened with url: ''

2022-01-16 19:18:14 - [MESSAGE][INFO] - Starting 'Chrome' driver

2022-01-16 19:18:14 - [MESSAGE][INFO] - Action delay is set to 0 milliseconds

2022-01-16 19:18:16 - [MESSAGE][PASSED] - Browser is opened with url: ''

2022-01-16 19:18:16 - [TEST_STEP][PASSED] - navigateToUrl("http://localhost/"): Navigate to 'http://localhost/' successfully

2022-01-16 19:18:16 - [MESSAGE][PASSED] - Navigate to 'http://localhost/' successfully

2022-01-16 19:18:16 - [TEST_STEP][PASSED] - click(findTestObject("Object Repository/Page_L Tm Anh/a_Log in")): Object: 'Object Repository/Page_L Tm Anh/a_Log in' is clicked on

2022-01-16 19:18:17 - [MESSAGE][PASSED] - Object: 'Object Repository/Page_L Tm Anh/a_Log in' is clicked on

2022-01-16 19:18:17 - [TEST_STEP][PASSED] - setText(findTestObject("Object Repository/Page_L Tm Anh Log in to the site/input_Username_username"), "admin3"): Text 'admin3' is set on object 'Object Repository/Page_L Tm Anh Log in to the site/input_Username_username'

2022-01-16 19:18:18 - [MESSAGE][PASSED] - Text 'admin3' is set on object 'Object Repository/Page_L Tm Anh Log in to the site/input_Username_username'

2022-01-16 19:18:18 - [TEST_STEP][PASSED] - setEncryptedText(findTestObject("Object Repository/Page_L Tm Anh Log in to the site/input_Password_password"), "eGmz8XUbrLe3vUQiiiujBg=="): Text ****** has been set on object 'Object Repository/Page_L Tm Anh Log in to the site/input_Password_password'

2022-01-16 19:18:18 - [MESSAGE][PASSED] - Text ****** has been set on object 'Object Repository/Page_L Tm Anh Log in to the site/input_Password_password'

2022-01-16 19:18:18 - [TEST_STEP][PASSED] - click(findTestObject("Object Repository/Page_L Tm Anh Log in to the site/button_Log in")): Object: 'Object Repository/Page_L Tm Anh Log in to the site/button_Log in' is clicked on

2022-01-16 19:18:20 - [MESSAGE][PASSED] - Object: 'Object Repository/Page_L Tm Anh Log in to the site/button_Log in' is clicked on

2022-01-16 19:18:20 - [TEST_STEP][PASSED] - click(findTestObject("Object Repository/Page_Dashboard/i_See all_icon fa fa-comment-o fa-fw")): Object: 'Object Repository/Page_Dashboard/i_See all_icon fa fa-comment-o fa-fw' is clicked on

2022-01-16 19:18:51 - [MESSAGE][INFO] - Unable to find the element located by 'By.xpath: //a[@id='message-drawer-toggle-61da31feb585e61da31fe9dea25']/i'. Please recheck the objects properties to make sure the desired element is located. 

2022-01-16 19:18:51 - [MESSAGE][WARNING] - [SELF-HEALING] Failed to find element with id 'Object Repository/Page_Dashboard/i_See all_icon fa fa-comment-o fa-fw'. Try using Self-healing.

2022-01-16 19:18:51 - [MESSAGE][WARNING] - [SELF-HEALING] The current locator of test object 'Object Repository/Page_Dashboard/i_See all_icon fa fa-comment-o fa-fw' was broken. Propose an alternative one: '//div[2]/a/i'.

2022-01-16 19:18:51 - [MESSAGE][PASSED] - Object: 'Object Repository/Page_Dashboard/i_See all_icon fa fa-comment-o fa-fw' is clicked on

2022-01-16 19:18:51 - [TEST_STEP][PASSED] - click(findTestObject("Object Repository/Page_Dashboard/a_Contacts                                 _4239a2")): Object: 'Object Repository/Page_Dashboard/a_Contacts                                 _4239a2' is clicked on

2022-01-16 19:19:23 - [MESSAGE][INFO] - Unable to find the element located by 'By.xpath: //div[@id='message-drawer-61d55e0da414861d55e0d8b2d37']/div[2]/div[3]/div[2]/a'. Please recheck the objects properties to make sure the desired element is located. 

2022-01-16 19:19:23 - [MESSAGE][WARNING] - [SELF-HEALING] Failed to find element with id 'Object Repository/Page_Dashboard/a_Contacts                                 _4239a2'. Try using Self-healing.

2022-01-16 19:19:23 - [MESSAGE][WARNING] - [SELF-HEALING] The current locator of test object 'Object Repository/Page_Dashboard/a_Contacts                                 _4239a2' was broken. Propose an alternative one: '(.//*[normalize-space(text()) and normalize-space(.)='Contacts'])[1]/following::a[3]'.

2022-01-16 19:19:23 - [MESSAGE][PASSED] - Object: 'Object Repository/Page_Dashboard/a_Contacts                                 _4239a2' is clicked on

2022-01-16 19:19:23 - [TEST_STEP][PASSED] - click(findTestObject("Object Repository/Page_Dashboard/a_Requests                                 _76dac8")): Object: 'Object Repository/Page_Dashboard/a_Requests                                 _76dac8' is clicked on

2022-01-16 19:19:54 - [MESSAGE][INFO] - Unable to find the element located by 'By.xpath: //a[@id='requests-tab-61d55e0da414861d55e0d8b2d37']'. Please recheck the objects properties to make sure the desired element is located. 

2022-01-16 19:19:54 - [MESSAGE][WARNING] - [SELF-HEALING] Failed to find element with id 'Object Repository/Page_Dashboard/a_Requests                                 _76dac8'. Try using Self-healing.

2022-01-16 19:19:54 - [MESSAGE][WARNING] - [SELF-HEALING] The current locator of test object 'Object Repository/Page_Dashboard/a_Requests                                 _76dac8' was broken. Propose an alternative one: '(.//*[normalize-space(text()) and normalize-space(.)='Contacts'])[2]/following::a[1]'.

2022-01-16 19:19:55 - [MESSAGE][PASSED] - Object: 'Object Repository/Page_Dashboard/a_Requests                                 _76dac8' is clicked on

2022-01-16 19:19:55 - [TEST_STEP][PASSED] - click(findTestObject("Object Repository/Page_Dashboard/p_Would like to contact you")): Object: 'Object Repository/Page_Dashboard/p_Would like to contact you' is clicked on

2022-01-16 19:20:26 - [MESSAGE][INFO] - Unable to find the element located by 'By.xpath: //div[@id='requests-tab-panel-61d55e0da414861d55e0d8b2d37']/div[2]/a/div/p'. Please recheck the objects properties to make sure the desired element is located. 

2022-01-16 19:20:26 - [MESSAGE][WARNING] - [SELF-HEALING] Failed to find element with id 'Object Repository/Page_Dashboard/p_Would like to contact you'. Try using Self-healing.

2022-01-16 19:20:26 - [MESSAGE][WARNING] - [SELF-HEALING] The current locator of test object 'Object Repository/Page_Dashboard/p_Would like to contact you' was broken. Propose an alternative one: '(.//*[normalize-space(text()) and normalize-space(.)='Admin User'])[1]/following::p[1]'.

2022-01-16 19:20:26 - [MESSAGE][PASSED] - Object: 'Object Repository/Page_Dashboard/p_Would like to contact you' is clicked on

2022-01-16 19:20:26 - [TEST_STEP][PASSED] - click(findTestObject("Object Repository/Page_Dashboard/span_Accept and add to contacts")): Object: 'Object Repository/Page_Dashboard/span_Accept and add to contacts' is clicked on

2022-01-16 19:20:58 - [MESSAGE][INFO] - Unable to find the element located by 'By.xpath: //div[@id='yui_3_17_2_1_1641373197849_26']/div[3]/div/div[2]/div/button[8]/span'. Please recheck the objects properties to make sure the desired element is located. 

2022-01-16 19:20:58 - [MESSAGE][WARNING] - [SELF-HEALING] Failed to find element with id 'Object Repository/Page_Dashboard/span_Accept and add to contacts'. Try using Self-healing.

2022-01-16 19:20:58 - [MESSAGE][WARNING] - [SELF-HEALING] The current locator of test object 'Object Repository/Page_Dashboard/span_Accept and add to contacts' was broken. Propose an alternative one: '(.//*[normalize-space(text()) and normalize-space(.)='Send contact request'])[1]/following::span[3]'.

2022-01-16 19:20:58 - [MESSAGE][PASSED] - Object: 'Object Repository/Page_Dashboard/span_Accept and add to contacts' is clicked on

2022-01-16 19:20:58 - [TEST_STEP][PASSED] - closeBrowser(): Browser is closed

2022-01-16 19:20:59 - [MESSAGE][PASSED] - Browser is closed]]></system-out>
         <system-err><![CDATA[]]></system-err>
      </testcase>
      <testcase name="Test Cases/Chat/Remove a contact" time="103.843" classname="Test Cases/Chat/Remove a contact" status="PASSED">
         <system-out><![CDATA[2022-01-16 19:20:59 - [TEST_CASE][PASSED] - Test Cases/Chat/Remove a contact: Test Cases/Chat/Remove a contact

2022-01-16 19:20:59 - [TEST_STEP][PASSED] - openBrowser(""): Browser is opened with url: ''

2022-01-16 19:20:59 - [MESSAGE][INFO] - Starting 'Chrome' driver

2022-01-16 19:20:59 - [MESSAGE][INFO] - Action delay is set to 0 milliseconds

2022-01-16 19:21:00 - [MESSAGE][PASSED] - Browser is opened with url: ''

2022-01-16 19:21:00 - [TEST_STEP][PASSED] - navigateToUrl("http://localhost/"): Navigate to 'http://localhost/' successfully

2022-01-16 19:21:01 - [MESSAGE][PASSED] - Navigate to 'http://localhost/' successfully

2022-01-16 19:21:01 - [TEST_STEP][PASSED] - click(findTestObject("Object Repository/Page_L Tm Anh/a_Log in")): Object: 'Object Repository/Page_L Tm Anh/a_Log in' is clicked on

2022-01-16 19:21:01 - [MESSAGE][PASSED] - Object: 'Object Repository/Page_L Tm Anh/a_Log in' is clicked on

2022-01-16 19:21:01 - [TEST_STEP][PASSED] - setText(findTestObject("Object Repository/Page_L Tm Anh Log in to the site/input_Username_username"), "admin"): Text 'admin' is set on object 'Object Repository/Page_L Tm Anh Log in to the site/input_Username_username'

2022-01-16 19:21:02 - [MESSAGE][PASSED] - Text 'admin' is set on object 'Object Repository/Page_L Tm Anh Log in to the site/input_Username_username'

2022-01-16 19:21:02 - [TEST_STEP][PASSED] - setEncryptedText(findTestObject("Object Repository/Page_L Tm Anh Log in to the site/input_Password_password"), "eGmz8XUbrLe3vUQiiiujBg=="): Text ****** has been set on object 'Object Repository/Page_L Tm Anh Log in to the site/input_Password_password'

2022-01-16 19:21:02 - [MESSAGE][PASSED] - Text ****** has been set on object 'Object Repository/Page_L Tm Anh Log in to the site/input_Password_password'

2022-01-16 19:21:02 - [TEST_STEP][PASSED] - click(findTestObject("Object Repository/Page_L Tm Anh Log in to the site/button_Log in")): Object: 'Object Repository/Page_L Tm Anh Log in to the site/button_Log in' is clicked on

2022-01-16 19:21:04 - [MESSAGE][PASSED] - Object: 'Object Repository/Page_L Tm Anh Log in to the site/button_Log in' is clicked on

2022-01-16 19:21:04 - [TEST_STEP][PASSED] - click(findTestObject("Object Repository/Page_Dashboard/i_See all_icon fa fa-comment-o fa-fw")): Object: 'Object Repository/Page_Dashboard/i_See all_icon fa fa-comment-o fa-fw' is clicked on

2022-01-16 19:21:35 - [MESSAGE][INFO] - Unable to find the element located by 'By.xpath: //a[@id='message-drawer-toggle-61da31feb585e61da31fe9dea25']/i'. Please recheck the objects properties to make sure the desired element is located. 

2022-01-16 19:21:35 - [MESSAGE][WARNING] - [SELF-HEALING] Failed to find element with id 'Object Repository/Page_Dashboard/i_See all_icon fa fa-comment-o fa-fw'. Try using Self-healing.

2022-01-16 19:21:35 - [MESSAGE][WARNING] - [SELF-HEALING] The current locator of test object 'Object Repository/Page_Dashboard/i_See all_icon fa fa-comment-o fa-fw' was broken. Propose an alternative one: '//div[2]/a/i'.

2022-01-16 19:21:35 - [MESSAGE][PASSED] - Object: 'Object Repository/Page_Dashboard/i_See all_icon fa fa-comment-o fa-fw' is clicked on

2022-01-16 19:21:35 - [TEST_STEP][PASSED] - click(findTestObject("Object Repository/Page_Dashboard/button_Private                             _e23f4d")): Object: 'Object Repository/Page_Dashboard/button_Private                             _e23f4d' is clicked on

2022-01-16 19:21:36 - [MESSAGE][PASSED] - Object: 'Object Repository/Page_Dashboard/button_Private                             _e23f4d' is clicked on

2022-01-16 19:21:36 - [TEST_STEP][PASSED] - click(findTestObject("Object Repository/Page_Dashboard/i__icon fa fa-chevron-right fa-fw")): Object: 'Object Repository/Page_Dashboard/i__icon fa fa-chevron-right fa-fw' is clicked on

2022-01-16 19:22:07 - [MESSAGE][INFO] - Unable to find the element located by 'By.xpath: //div[@id='view-overview-messages-target-61d5c032d7e3961d5c032c12767']/div[2]/a/div[2]/div[2]/div/span/i'. Please recheck the objects properties to make sure the desired element is located. 

2022-01-16 19:22:07 - [MESSAGE][WARNING] - [SELF-HEALING] Failed to find element with id 'Object Repository/Page_Dashboard/i__icon fa fa-chevron-right fa-fw'. Try using Self-healing.

2022-01-16 19:22:08 - [MESSAGE][WARNING] - [SELF-HEALING] The current locator of test object 'Object Repository/Page_Dashboard/i__icon fa fa-chevron-right fa-fw' was broken. Propose an alternative one: '//div[3]/div[2]/div[2]/a/div[2]/div[2]/div/span/i'.

2022-01-16 19:22:08 - [MESSAGE][PASSED] - Object: 'Object Repository/Page_Dashboard/i__icon fa fa-chevron-right fa-fw' is clicked on

2022-01-16 19:22:08 - [TEST_STEP][PASSED] - click(findTestObject("Object Repository/Page_Dashboard/button_Anh Lee_conversation-actions-menu-button")): Object: 'Object Repository/Page_Dashboard/button_Anh Lee_conversation-actions-menu-button' is clicked on

2022-01-16 19:22:09 - [MESSAGE][PASSED] - Object: 'Object Repository/Page_Dashboard/button_Anh Lee_conversation-actions-menu-button' is clicked on

2022-01-16 19:22:09 - [TEST_STEP][PASSED] - click(findTestObject("Object Repository/Page_Dashboard/a_User info")): Object: 'Object Repository/Page_Dashboard/a_User info' is clicked on

2022-01-16 19:22:10 - [MESSAGE][PASSED] - Object: 'Object Repository/Page_Dashboard/a_User info' is clicked on

2022-01-16 19:22:10 - [TEST_STEP][PASSED] - click(findTestObject("Object Repository/Page_Dashboard/button_Remove from contacts")): Object: 'Object Repository/Page_Dashboard/button_Remove from contacts' is clicked on

2022-01-16 19:22:10 - [MESSAGE][PASSED] - Object: 'Object Repository/Page_Dashboard/button_Remove from contacts' is clicked on

2022-01-16 19:22:10 - [TEST_STEP][PASSED] - click(findTestObject("Object Repository/Page_Dashboard/span_Remove")): Object: 'Object Repository/Page_Dashboard/span_Remove' is clicked on

2022-01-16 19:22:41 - [MESSAGE][INFO] - Unable to find the element located by 'By.xpath: //div[@id='yui_3_17_2_1_1641398322952_26']/div[3]/div/div[2]/div/button[3]/span'. Please recheck the objects properties to make sure the desired element is located. 

2022-01-16 19:22:41 - [MESSAGE][WARNING] - [SELF-HEALING] Failed to find element with id 'Object Repository/Page_Dashboard/span_Remove'. Try using Self-healing.

2022-01-16 19:22:42 - [MESSAGE][WARNING] - [SELF-HEALING] The current locator of test object 'Object Repository/Page_Dashboard/span_Remove' was broken. Propose an alternative one: '(.//*[normalize-space(text()) and normalize-space(.)='Unblock'])[1]/following::span[3]'.

2022-01-16 19:22:42 - [MESSAGE][PASSED] - Object: 'Object Repository/Page_Dashboard/span_Remove' is clicked on

2022-01-16 19:22:42 - [TEST_STEP][PASSED] - closeBrowser(): Browser is closed

2022-01-16 19:22:42 - [MESSAGE][PASSED] - Browser is closed]]></system-out>
         <system-err><![CDATA[]]></system-err>
      </testcase>
      <testcase name="Test Cases/Chat/Cancel block user" time="104.778" classname="Test Cases/Chat/Cancel block user" status="PASSED">
         <system-out><![CDATA[2022-01-16 19:22:42 - [TEST_CASE][PASSED] - Test Cases/Chat/Cancel block user: Test Cases/Chat/Cancel block user

2022-01-16 19:22:43 - [TEST_STEP][PASSED] - openBrowser(""): Browser is opened with url: ''

2022-01-16 19:22:43 - [MESSAGE][INFO] - Starting 'Chrome' driver

2022-01-16 19:22:43 - [MESSAGE][INFO] - Action delay is set to 0 milliseconds

2022-01-16 19:22:44 - [MESSAGE][PASSED] - Browser is opened with url: ''

2022-01-16 19:22:44 - [TEST_STEP][PASSED] - navigateToUrl("http://localhost/"): Navigate to 'http://localhost/' successfully

2022-01-16 19:22:45 - [MESSAGE][PASSED] - Navigate to 'http://localhost/' successfully

2022-01-16 19:22:45 - [TEST_STEP][PASSED] - click(findTestObject("Object Repository/Page_L Tm Anh/a_Log in")): Object: 'Object Repository/Page_L Tm Anh/a_Log in' is clicked on

2022-01-16 19:22:46 - [MESSAGE][PASSED] - Object: 'Object Repository/Page_L Tm Anh/a_Log in' is clicked on

2022-01-16 19:22:46 - [TEST_STEP][PASSED] - setText(findTestObject("Object Repository/Page_L Tm Anh Log in to the site/input_Username_username"), "admin"): Text 'admin' is set on object 'Object Repository/Page_L Tm Anh Log in to the site/input_Username_username'

2022-01-16 19:22:47 - [MESSAGE][PASSED] - Text 'admin' is set on object 'Object Repository/Page_L Tm Anh Log in to the site/input_Username_username'

2022-01-16 19:22:47 - [TEST_STEP][PASSED] - setEncryptedText(findTestObject("Object Repository/Page_L Tm Anh Log in to the site/input_Password_password"), "eGmz8XUbrLe3vUQiiiujBg=="): Text ****** has been set on object 'Object Repository/Page_L Tm Anh Log in to the site/input_Password_password'

2022-01-16 19:22:47 - [MESSAGE][PASSED] - Text ****** has been set on object 'Object Repository/Page_L Tm Anh Log in to the site/input_Password_password'

2022-01-16 19:22:47 - [TEST_STEP][PASSED] - click(findTestObject("Object Repository/Page_L Tm Anh Log in to the site/button_Log in")): Object: 'Object Repository/Page_L Tm Anh Log in to the site/button_Log in' is clicked on

2022-01-16 19:22:48 - [MESSAGE][PASSED] - Object: 'Object Repository/Page_L Tm Anh Log in to the site/button_Log in' is clicked on

2022-01-16 19:22:48 - [TEST_STEP][PASSED] - click(findTestObject("Object Repository/Page_Dashboard/a_0")): Object: 'Object Repository/Page_Dashboard/a_0' is clicked on

2022-01-16 19:23:19 - [MESSAGE][INFO] - Unable to find the element located by 'By.xpath: //a[@id='message-drawer-toggle-61dc107224f9a61dc1072131d45']'. Please recheck the objects properties to make sure the desired element is located. 

2022-01-16 19:23:19 - [MESSAGE][WARNING] - [SELF-HEALING] Failed to find element with id 'Object Repository/Page_Dashboard/a_0'. Try using Self-healing.

2022-01-16 19:23:20 - [MESSAGE][WARNING] - [SELF-HEALING] The current locator of test object 'Object Repository/Page_Dashboard/a_0' was broken. Propose an alternative one: '//div[@id='usernavigation']/div[2]/a'.

2022-01-16 19:23:20 - [MESSAGE][PASSED] - Object: 'Object Repository/Page_Dashboard/a_0' is clicked on

2022-01-16 19:23:20 - [TEST_STEP][PASSED] - setText(findTestObject("Object Repository/Page_Dashboard/input_Messages selected_form-control"), "student"): Text 'student' is set on object 'Object Repository/Page_Dashboard/input_Messages selected_form-control'

2022-01-16 19:23:21 - [MESSAGE][PASSED] - Text 'student' is set on object 'Object Repository/Page_Dashboard/input_Messages selected_form-control'

2022-01-16 19:23:21 - [TEST_STEP][PASSED] - click(findTestObject("Object Repository/Page_Dashboard/button_Messages selected_btn btn-submit ico_2a7788")): Object: 'Object Repository/Page_Dashboard/button_Messages selected_btn btn-submit ico_2a7788' is clicked on

2022-01-16 19:23:21 - [MESSAGE][PASSED] - Object: 'Object Repository/Page_Dashboard/button_Messages selected_btn btn-submit ico_2a7788' is clicked on

2022-01-16 19:23:21 - [TEST_STEP][PASSED] - click(findTestObject("Object Repository/Page_Dashboard/a_Student One")): Object: 'Object Repository/Page_Dashboard/a_Student One' is clicked on

2022-01-16 19:23:53 - [MESSAGE][INFO] - Unable to find the element located by 'By.xpath: //div[@id='yui_3_17_2_1_1641386046992_25']/div[6]/div/div/div/div[2]/div/a'. Please recheck the objects properties to make sure the desired element is located. 

2022-01-16 19:23:53 - [MESSAGE][WARNING] - [SELF-HEALING] Failed to find element with id 'Object Repository/Page_Dashboard/a_Student One'. Try using Self-healing.

2022-01-16 19:23:53 - [MESSAGE][WARNING] - [SELF-HEALING] The current locator of test object 'Object Repository/Page_Dashboard/a_Student One' was broken. Propose an alternative one: '(.//*[normalize-space(text()) and normalize-space(.)='Non-contacts'])[1]/following::a[1]'.

2022-01-16 19:23:53 - [MESSAGE][PASSED] - Object: 'Object Repository/Page_Dashboard/a_Student One' is clicked on

2022-01-16 19:23:53 - [TEST_STEP][PASSED] - click(findTestObject("Object Repository/Page_Dashboard/i_Student One_icon fa fa-ellipsis-h fa-fw")): Object: 'Object Repository/Page_Dashboard/i_Student One_icon fa fa-ellipsis-h fa-fw' is clicked on

2022-01-16 19:23:54 - [MESSAGE][PASSED] - Object: 'Object Repository/Page_Dashboard/i_Student One_icon fa fa-ellipsis-h fa-fw' is clicked on

2022-01-16 19:23:54 - [TEST_STEP][PASSED] - click(findTestObject("Object Repository/Page_Dashboard/a_Block user")): Object: 'Object Repository/Page_Dashboard/a_Block user' is clicked on

2022-01-16 19:23:55 - [MESSAGE][PASSED] - Object: 'Object Repository/Page_Dashboard/a_Block user' is clicked on

2022-01-16 19:23:55 - [TEST_STEP][PASSED] - click(findTestObject("Object Repository/Page_Dashboard/button_Cancel")): Object: 'Object Repository/Page_Dashboard/button_Cancel' is clicked on

2022-01-16 19:24:26 - [MESSAGE][INFO] - Unable to find the element located by 'By.xpath: (//button[@type='button'])[22]'. Please recheck the objects properties to make sure the desired element is located. 

2022-01-16 19:24:26 - [MESSAGE][WARNING] - [SELF-HEALING] Failed to find element with id 'Object Repository/Page_Dashboard/button_Cancel'. Try using Self-healing.

2022-01-16 19:24:26 - [MESSAGE][WARNING] - [SELF-HEALING] The current locator of test object 'Object Repository/Page_Dashboard/button_Cancel' was broken. Propose an alternative one: '(.//*[normalize-space(text()) and normalize-space(.)='OK'])[1]/following::button[1]'.

2022-01-16 19:24:26 - [MESSAGE][PASSED] - Object: 'Object Repository/Page_Dashboard/button_Cancel' is clicked on

2022-01-16 19:24:26 - [TEST_STEP][PASSED] - closeBrowser(): Browser is closed

2022-01-16 19:24:27 - [MESSAGE][PASSED] - Browser is closed]]></system-out>
         <system-err><![CDATA[]]></system-err>
      </testcase>
      <testcase name="Test Cases/Chat/Block user" time="74.487" classname="Test Cases/Chat/Block user" status="PASSED">
         <system-out><![CDATA[2022-01-16 19:24:27 - [TEST_CASE][PASSED] - Test Cases/Chat/Block user: Test Cases/Chat/Block user

2022-01-16 19:24:27 - [TEST_STEP][PASSED] - openBrowser(""): Browser is opened with url: ''

2022-01-16 19:24:27 - [MESSAGE][INFO] - Starting 'Chrome' driver

2022-01-16 19:24:27 - [MESSAGE][INFO] - Action delay is set to 0 milliseconds

2022-01-16 19:24:29 - [MESSAGE][PASSED] - Browser is opened with url: ''

2022-01-16 19:24:29 - [TEST_STEP][PASSED] - navigateToUrl("http://localhost/"): Navigate to 'http://localhost/' successfully

2022-01-16 19:24:29 - [MESSAGE][PASSED] - Navigate to 'http://localhost/' successfully

2022-01-16 19:24:29 - [TEST_STEP][PASSED] - click(findTestObject("Object Repository/Page_L Tm Anh/a_Log in")): Object: 'Object Repository/Page_L Tm Anh/a_Log in' is clicked on

2022-01-16 19:24:30 - [MESSAGE][PASSED] - Object: 'Object Repository/Page_L Tm Anh/a_Log in' is clicked on

2022-01-16 19:24:30 - [TEST_STEP][PASSED] - click(findTestObject("Object Repository/Page_L Tm Anh Log in to the site/form_Username                              _635ab4")): Object: 'Object Repository/Page_L Tm Anh Log in to the site/form_Username                              _635ab4' is clicked on

2022-01-16 19:24:31 - [MESSAGE][PASSED] - Object: 'Object Repository/Page_L Tm Anh Log in to the site/form_Username                              _635ab4' is clicked on

2022-01-16 19:24:31 - [TEST_STEP][PASSED] - setText(findTestObject("Object Repository/Page_L Tm Anh Log in to the site/input_Username_username"), "admin"): Text 'admin' is set on object 'Object Repository/Page_L Tm Anh Log in to the site/input_Username_username'

2022-01-16 19:24:31 - [MESSAGE][PASSED] - Text 'admin' is set on object 'Object Repository/Page_L Tm Anh Log in to the site/input_Username_username'

2022-01-16 19:24:31 - [TEST_STEP][PASSED] - setEncryptedText(findTestObject("Object Repository/Page_L Tm Anh Log in to the site/input_Password_password"), "eGmz8XUbrLe3vUQiiiujBg=="): Text ****** has been set on object 'Object Repository/Page_L Tm Anh Log in to the site/input_Password_password'

2022-01-16 19:24:32 - [MESSAGE][PASSED] - Text ****** has been set on object 'Object Repository/Page_L Tm Anh Log in to the site/input_Password_password'

2022-01-16 19:24:32 - [TEST_STEP][PASSED] - click(findTestObject("Object Repository/Page_L Tm Anh Log in to the site/button_Log in")): Object: 'Object Repository/Page_L Tm Anh Log in to the site/button_Log in' is clicked on

2022-01-16 19:24:33 - [MESSAGE][PASSED] - Object: 'Object Repository/Page_L Tm Anh Log in to the site/button_Log in' is clicked on

2022-01-16 19:24:33 - [TEST_STEP][PASSED] - click(findTestObject("Object Repository/Page_Dashboard/a_0")): Object: 'Object Repository/Page_Dashboard/a_0' is clicked on

2022-01-16 19:25:04 - [MESSAGE][INFO] - Unable to find the element located by 'By.xpath: //a[@id='message-drawer-toggle-61dc107224f9a61dc1072131d45']'. Please recheck the objects properties to make sure the desired element is located. 

2022-01-16 19:25:04 - [MESSAGE][WARNING] - [SELF-HEALING] Failed to find element with id 'Object Repository/Page_Dashboard/a_0'. Try using Self-healing.

2022-01-16 19:25:04 - [MESSAGE][WARNING] - [SELF-HEALING] The current locator of test object 'Object Repository/Page_Dashboard/a_0' was broken. Propose an alternative one: '//div[@id='usernavigation']/div[2]/a'.

2022-01-16 19:25:04 - [MESSAGE][PASSED] - Object: 'Object Repository/Page_Dashboard/a_0' is clicked on

2022-01-16 19:25:04 - [TEST_STEP][PASSED] - setText(findTestObject("Object Repository/Page_Dashboard/input_Messages selected_form-control"), "student"): Text 'student' is set on object 'Object Repository/Page_Dashboard/input_Messages selected_form-control'

2022-01-16 19:25:06 - [MESSAGE][PASSED] - Text 'student' is set on object 'Object Repository/Page_Dashboard/input_Messages selected_form-control'

2022-01-16 19:25:06 - [TEST_STEP][PASSED] - click(findTestObject("Object Repository/Page_Dashboard/button_Messages selected_btn btn-submit ico_2a7788")): Object: 'Object Repository/Page_Dashboard/button_Messages selected_btn btn-submit ico_2a7788' is clicked on

2022-01-16 19:25:06 - [MESSAGE][PASSED] - Object: 'Object Repository/Page_Dashboard/button_Messages selected_btn btn-submit ico_2a7788' is clicked on

2022-01-16 19:25:06 - [TEST_STEP][PASSED] - click(findTestObject("Object Repository/Page_Dashboard/a_Student Two")): Object: 'Object Repository/Page_Dashboard/a_Student Two' is clicked on

2022-01-16 19:25:37 - [MESSAGE][INFO] - Unable to find the element located by 'By.xpath: //div[@id='yui_3_17_2_1_1641382110919_25']/div[6]/div/div/div/div[2]/div/a[2]'. Please recheck the objects properties to make sure the desired element is located. 

2022-01-16 19:25:37 - [MESSAGE][WARNING] - [SELF-HEALING] Failed to find element with id 'Object Repository/Page_Dashboard/a_Student Two'. Try using Self-healing.

2022-01-16 19:25:38 - [MESSAGE][WARNING] - [SELF-HEALING] The current locator of test object 'Object Repository/Page_Dashboard/a_Student Two' was broken. Propose an alternative one: '(.//*[normalize-space(text()) and normalize-space(.)='Student'])[1]/following::a[1]'.

2022-01-16 19:25:38 - [MESSAGE][PASSED] - Object: 'Object Repository/Page_Dashboard/a_Student Two' is clicked on

2022-01-16 19:25:38 - [TEST_STEP][PASSED] - click(findTestObject("Object Repository/Page_Dashboard/i_Student Two_icon fa fa-ellipsis-h fa-fw")): Object: 'Object Repository/Page_Dashboard/i_Student Two_icon fa fa-ellipsis-h fa-fw' is clicked on

2022-01-16 19:25:39 - [MESSAGE][PASSED] - Object: 'Object Repository/Page_Dashboard/i_Student Two_icon fa fa-ellipsis-h fa-fw' is clicked on

2022-01-16 19:25:39 - [TEST_STEP][PASSED] - click(findTestObject("Object Repository/Page_Dashboard/a_User info")): Object: 'Object Repository/Page_Dashboard/a_User info' is clicked on

2022-01-16 19:25:40 - [MESSAGE][PASSED] - Object: 'Object Repository/Page_Dashboard/a_User info' is clicked on

2022-01-16 19:25:40 - [TEST_STEP][PASSED] - click(findTestObject("Object Repository/Page_Dashboard/button_Block user")): Object: 'Object Repository/Page_Dashboard/button_Block user' is clicked on

2022-01-16 19:25:40 - [MESSAGE][PASSED] - Object: 'Object Repository/Page_Dashboard/button_Block user' is clicked on

2022-01-16 19:25:40 - [TEST_STEP][PASSED] - click(findTestObject("Object Repository/Page_Dashboard/button_Block")): Object: 'Object Repository/Page_Dashboard/button_Block' is clicked on

2022-01-16 19:25:41 - [MESSAGE][PASSED] - Object: 'Object Repository/Page_Dashboard/button_Block' is clicked on

2022-01-16 19:25:41 - [TEST_STEP][PASSED] - closeBrowser(): Browser is closed

2022-01-16 19:25:42 - [MESSAGE][PASSED] - Browser is closed]]></system-out>
         <system-err><![CDATA[]]></system-err>
      </testcase>
      <testcase name="Test Cases/Chat/Unblock user" time="165.285" classname="Test Cases/Chat/Unblock user" status="PASSED">
         <system-out><![CDATA[2022-01-16 19:25:42 - [TEST_CASE][PASSED] - Test Cases/Chat/Unblock user: Test Cases/Chat/Unblock user

2022-01-16 19:25:42 - [TEST_STEP][PASSED] - openBrowser(""): Browser is opened with url: ''

2022-01-16 19:25:42 - [MESSAGE][INFO] - Starting 'Chrome' driver

2022-01-16 19:25:42 - [MESSAGE][INFO] - Action delay is set to 0 milliseconds

2022-01-16 19:25:43 - [MESSAGE][PASSED] - Browser is opened with url: ''

2022-01-16 19:25:43 - [TEST_STEP][PASSED] - navigateToUrl("http://localhost/"): Navigate to 'http://localhost/' successfully

2022-01-16 19:25:44 - [MESSAGE][PASSED] - Navigate to 'http://localhost/' successfully

2022-01-16 19:25:44 - [TEST_STEP][PASSED] - click(findTestObject("Object Repository/Page_L Tm Anh/a_Log in")): Object: 'Object Repository/Page_L Tm Anh/a_Log in' is clicked on

2022-01-16 19:25:44 - [MESSAGE][PASSED] - Object: 'Object Repository/Page_L Tm Anh/a_Log in' is clicked on

2022-01-16 19:25:44 - [TEST_STEP][PASSED] - setText(findTestObject("Object Repository/Page_L Tm Anh Log in to the site/input_Username_username"), "admin"): Text 'admin' is set on object 'Object Repository/Page_L Tm Anh Log in to the site/input_Username_username'

2022-01-16 19:25:45 - [MESSAGE][PASSED] - Text 'admin' is set on object 'Object Repository/Page_L Tm Anh Log in to the site/input_Username_username'

2022-01-16 19:25:45 - [TEST_STEP][PASSED] - setEncryptedText(findTestObject("Object Repository/Page_L Tm Anh Log in to the site/input_Password_password"), "eGmz8XUbrLe3vUQiiiujBg=="): Text ****** has been set on object 'Object Repository/Page_L Tm Anh Log in to the site/input_Password_password'

2022-01-16 19:25:46 - [MESSAGE][PASSED] - Text ****** has been set on object 'Object Repository/Page_L Tm Anh Log in to the site/input_Password_password'

2022-01-16 19:25:46 - [TEST_STEP][PASSED] - click(findTestObject("Object Repository/Page_L Tm Anh Log in to the site/button_Log in")): Object: 'Object Repository/Page_L Tm Anh Log in to the site/button_Log in' is clicked on

2022-01-16 19:25:47 - [MESSAGE][PASSED] - Object: 'Object Repository/Page_L Tm Anh Log in to the site/button_Log in' is clicked on

2022-01-16 19:25:47 - [TEST_STEP][PASSED] - click(findTestObject("Object Repository/Page_Dashboard/i_See all_icon fa fa-comment-o fa-fw")): Object: 'Object Repository/Page_Dashboard/i_See all_icon fa fa-comment-o fa-fw' is clicked on

2022-01-16 19:26:18 - [MESSAGE][INFO] - Unable to find the element located by 'By.xpath: //a[@id='message-drawer-toggle-61da31feb585e61da31fe9dea25']/i'. Please recheck the objects properties to make sure the desired element is located. 

2022-01-16 19:26:18 - [MESSAGE][WARNING] - [SELF-HEALING] Failed to find element with id 'Object Repository/Page_Dashboard/i_See all_icon fa fa-comment-o fa-fw'. Try using Self-healing.

2022-01-16 19:26:19 - [MESSAGE][WARNING] - [SELF-HEALING] The current locator of test object 'Object Repository/Page_Dashboard/i_See all_icon fa fa-comment-o fa-fw' was broken. Propose an alternative one: '//div[2]/a/i'.

2022-01-16 19:26:19 - [MESSAGE][PASSED] - Object: 'Object Repository/Page_Dashboard/i_See all_icon fa fa-comment-o fa-fw' is clicked on

2022-01-16 19:26:19 - [TEST_STEP][PASSED] - setText(findTestObject("Object Repository/Page_Dashboard/input_Messages selected_form-control"), "student"): Text 'student' is set on object 'Object Repository/Page_Dashboard/input_Messages selected_form-control'

2022-01-16 19:26:20 - [MESSAGE][PASSED] - Text 'student' is set on object 'Object Repository/Page_Dashboard/input_Messages selected_form-control'

2022-01-16 19:26:20 - [TEST_STEP][PASSED] - click(findTestObject("Object Repository/Page_Dashboard/i_Messages selected_icon fa fa-search fa-fw")): Object: 'Object Repository/Page_Dashboard/i_Messages selected_icon fa fa-search fa-fw' is clicked on

2022-01-16 19:26:51 - [MESSAGE][INFO] - Unable to find the element located by 'By.xpath: //div[@id='yui_3_17_2_1_1641689598842_31']/div[4]/div/div/div/button/span/i'. Please recheck the objects properties to make sure the desired element is located. 

2022-01-16 19:26:51 - [MESSAGE][WARNING] - [SELF-HEALING] Failed to find element with id 'Object Repository/Page_Dashboard/i_Messages selected_icon fa fa-search fa-fw'. Try using Self-healing.

2022-01-16 19:26:51 - [MESSAGE][WARNING] - [SELF-HEALING] The current locator of test object 'Object Repository/Page_Dashboard/i_Messages selected_icon fa fa-search fa-fw' was broken. Propose an alternative one: '//button/span/i'.

2022-01-16 19:26:51 - [MESSAGE][PASSED] - Object: 'Object Repository/Page_Dashboard/i_Messages selected_icon fa fa-search fa-fw' is clicked on

2022-01-16 19:26:51 - [TEST_STEP][PASSED] - click(findTestObject("Object Repository/Page_Dashboard/a_Student Two")): Object: 'Object Repository/Page_Dashboard/a_Student Two' is clicked on

2022-01-16 19:27:23 - [MESSAGE][INFO] - Unable to find the element located by 'By.xpath: //div[@id='yui_3_17_2_1_1641382110919_25']/div[6]/div/div/div/div[2]/div/a[2]'. Please recheck the objects properties to make sure the desired element is located. 

2022-01-16 19:27:23 - [MESSAGE][WARNING] - [SELF-HEALING] Failed to find element with id 'Object Repository/Page_Dashboard/a_Student Two'. Try using Self-healing.

2022-01-16 19:27:23 - [MESSAGE][WARNING] - [SELF-HEALING] The current locator of test object 'Object Repository/Page_Dashboard/a_Student Two' was broken. Propose an alternative one: '(.//*[normalize-space(text()) and normalize-space(.)='Student'])[1]/following::a[1]'.

2022-01-16 19:27:23 - [MESSAGE][PASSED] - Object: 'Object Repository/Page_Dashboard/a_Student Two' is clicked on

2022-01-16 19:27:23 - [TEST_STEP][PASSED] - click(findTestObject("Object Repository/Page_Dashboard/span_Unblock user")): Object: 'Object Repository/Page_Dashboard/span_Unblock user' is clicked on

2022-01-16 19:27:54 - [MESSAGE][INFO] - Unable to find the element located by 'By.xpath: //div[@id='message-drawer-61d57004667c961d570045584c7']/div[4]/div/div[4]/div/button/span'. Please recheck the objects properties to make sure the desired element is located. 

2022-01-16 19:27:54 - [MESSAGE][WARNING] - [SELF-HEALING] Failed to find element with id 'Object Repository/Page_Dashboard/span_Unblock user'. Try using Self-healing.

2022-01-16 19:27:55 - [MESSAGE][WARNING] - [SELF-HEALING] The current locator of test object 'Object Repository/Page_Dashboard/span_Unblock user' was broken. Propose an alternative one: '(.//*[normalize-space(text()) and normalize-space(.)='Send contact request'])[2]/following::span[3]'.

2022-01-16 19:27:55 - [MESSAGE][PASSED] - Object: 'Object Repository/Page_Dashboard/span_Unblock user' is clicked on

2022-01-16 19:27:55 - [TEST_STEP][PASSED] - click(findTestObject("Object Repository/Page_Dashboard/span_Unblock")): Object: 'Object Repository/Page_Dashboard/span_Unblock' is clicked on

2022-01-16 19:28:26 - [MESSAGE][INFO] - Unable to find the element located by 'By.xpath: //div[@id='yui_3_17_2_1_1641376457670_26']/div[3]/div/div[2]/div/button[2]/span'. Please recheck the objects properties to make sure the desired element is located. 

2022-01-16 19:28:26 - [MESSAGE][WARNING] - [SELF-HEALING] Failed to find element with id 'Object Repository/Page_Dashboard/span_Unblock'. Try using Self-healing.

2022-01-16 19:28:26 - [MESSAGE][WARNING] - [SELF-HEALING] The current locator of test object 'Object Repository/Page_Dashboard/span_Unblock' was broken. Propose an alternative one: '(.//*[normalize-space(text()) and normalize-space(.)='Block'])[1]/following::span[3]'.

2022-01-16 19:28:26 - [MESSAGE][PASSED] - Object: 'Object Repository/Page_Dashboard/span_Unblock' is clicked on

2022-01-16 19:28:26 - [TEST_STEP][PASSED] - closeBrowser(): Browser is closed

2022-01-16 19:28:27 - [MESSAGE][PASSED] - Browser is closed]]></system-out>
         <system-err><![CDATA[]]></system-err>
      </testcase>
      <testcase name="Test Cases/Chat/Delete conversation (message with another user)" time="138.844" classname="Test Cases/Chat/Delete conversation (message with another user)" status="PASSED">
         <system-out><![CDATA[2022-01-16 19:28:27 - [TEST_CASE][PASSED] - Test Cases/Chat/Delete conversation (message with another user): Test Cases/Chat/Delete conversation (message with another user)

2022-01-16 19:28:27 - [TEST_STEP][PASSED] - openBrowser(""): Browser is opened with url: ''

2022-01-16 19:28:27 - [MESSAGE][INFO] - Starting 'Chrome' driver

2022-01-16 19:28:27 - [MESSAGE][INFO] - Action delay is set to 0 milliseconds

2022-01-16 19:28:29 - [MESSAGE][PASSED] - Browser is opened with url: ''

2022-01-16 19:28:29 - [TEST_STEP][PASSED] - navigateToUrl("http://localhost/"): Navigate to 'http://localhost/' successfully

2022-01-16 19:28:30 - [MESSAGE][PASSED] - Navigate to 'http://localhost/' successfully

2022-01-16 19:28:30 - [TEST_STEP][PASSED] - click(findTestObject("Object Repository/Page_L Tm Anh/span_Log in")): Object: 'Object Repository/Page_L Tm Anh/span_Log in' is clicked on

2022-01-16 19:28:31 - [MESSAGE][PASSED] - Object: 'Object Repository/Page_L Tm Anh/span_Log in' is clicked on

2022-01-16 19:28:31 - [TEST_STEP][PASSED] - click(findTestObject("Object Repository/Page_L Tm Anh/a_Log in")): Object: 'Object Repository/Page_L Tm Anh/a_Log in' is clicked on

2022-01-16 19:29:02 - [MESSAGE][INFO] - Unable to find the element located by 'By.xpath: //div[@id='usernavigation']/div/div/span/a'. Please recheck the objects properties to make sure the desired element is located. 

2022-01-16 19:29:02 - [MESSAGE][WARNING] - [SELF-HEALING] Failed to find element with id 'Object Repository/Page_L Tm Anh/a_Log in'. Try using Self-healing.

2022-01-16 19:29:02 - [MESSAGE][WARNING] - [SELF-HEALING] The current locator of test object 'Object Repository/Page_L Tm Anh/a_Log in' was broken. Propose an alternative one: '//*/text()[normalize-space(.)='Log in']/parent::*'.

2022-01-16 19:29:03 - [MESSAGE][PASSED] - Object: 'Object Repository/Page_L Tm Anh/a_Log in' is clicked on

2022-01-16 19:29:03 - [TEST_STEP][PASSED] - setText(findTestObject("Object Repository/Page_L Tm Anh Log in to the site/input_Username_username"), "admin"): Text 'admin' is set on object 'Object Repository/Page_L Tm Anh Log in to the site/input_Username_username'

2022-01-16 19:29:04 - [MESSAGE][PASSED] - Text 'admin' is set on object 'Object Repository/Page_L Tm Anh Log in to the site/input_Username_username'

2022-01-16 19:29:04 - [TEST_STEP][PASSED] - setEncryptedText(findTestObject("Object Repository/Page_L Tm Anh Log in to the site/input_Password_password"), "eGmz8XUbrLe3vUQiiiujBg=="): Text ****** has been set on object 'Object Repository/Page_L Tm Anh Log in to the site/input_Password_password'

2022-01-16 19:29:04 - [MESSAGE][PASSED] - Text ****** has been set on object 'Object Repository/Page_L Tm Anh Log in to the site/input_Password_password'

2022-01-16 19:29:04 - [TEST_STEP][PASSED] - click(findTestObject("Object Repository/Page_L Tm Anh Log in to the site/button_Log in")): Object: 'Object Repository/Page_L Tm Anh Log in to the site/button_Log in' is clicked on

2022-01-16 19:29:07 - [MESSAGE][PASSED] - Object: 'Object Repository/Page_L Tm Anh Log in to the site/button_Log in' is clicked on

2022-01-16 19:29:07 - [TEST_STEP][PASSED] - click(findTestObject("Object Repository/Page_Dashboard/i_See all_icon fa fa-comment-o fa-fw")): Object: 'Object Repository/Page_Dashboard/i_See all_icon fa fa-comment-o fa-fw' is clicked on

2022-01-16 19:29:38 - [MESSAGE][INFO] - Unable to find the element located by 'By.xpath: //a[@id='message-drawer-toggle-61da31feb585e61da31fe9dea25']/i'. Please recheck the objects properties to make sure the desired element is located. 

2022-01-16 19:29:38 - [MESSAGE][WARNING] - [SELF-HEALING] Failed to find element with id 'Object Repository/Page_Dashboard/i_See all_icon fa fa-comment-o fa-fw'. Try using Self-healing.

2022-01-16 19:29:38 - [MESSAGE][WARNING] - [SELF-HEALING] The current locator of test object 'Object Repository/Page_Dashboard/i_See all_icon fa fa-comment-o fa-fw' was broken. Propose an alternative one: '//div[2]/a/i'.

2022-01-16 19:29:38 - [MESSAGE][PASSED] - Object: 'Object Repository/Page_Dashboard/i_See all_icon fa fa-comment-o fa-fw' is clicked on

2022-01-16 19:29:38 - [TEST_STEP][PASSED] - setText(findTestObject("Object Repository/Page_Dashboard/input_Messages selected_form-control"), "Anh Le"): Text 'Anh Le' is set on object 'Object Repository/Page_Dashboard/input_Messages selected_form-control'

2022-01-16 19:29:39 - [MESSAGE][PASSED] - Text 'Anh Le' is set on object 'Object Repository/Page_Dashboard/input_Messages selected_form-control'

2022-01-16 19:29:39 - [TEST_STEP][PASSED] - click(findTestObject("Object Repository/Page_Dashboard/i_Messages selected_icon fa fa-search fa-fw")): Object: 'Object Repository/Page_Dashboard/i_Messages selected_icon fa fa-search fa-fw' is clicked on

2022-01-16 19:30:11 - [MESSAGE][INFO] - Unable to find the element located by 'By.xpath: //div[@id='yui_3_17_2_1_1641689598842_31']/div[4]/div/div/div/button/span/i'. Please recheck the objects properties to make sure the desired element is located. 

2022-01-16 19:30:11 - [MESSAGE][WARNING] - [SELF-HEALING] Failed to find element with id 'Object Repository/Page_Dashboard/i_Messages selected_icon fa fa-search fa-fw'. Try using Self-healing.

2022-01-16 19:30:11 - [MESSAGE][WARNING] - [SELF-HEALING] The current locator of test object 'Object Repository/Page_Dashboard/i_Messages selected_icon fa fa-search fa-fw' was broken. Propose an alternative one: '//button/span/i'.

2022-01-16 19:30:11 - [MESSAGE][PASSED] - Object: 'Object Repository/Page_Dashboard/i_Messages selected_icon fa fa-search fa-fw' is clicked on

2022-01-16 19:30:11 - [TEST_STEP][PASSED] - click(findTestObject("Object Repository/Page_Dashboard/a_Anh Lee")): Object: 'Object Repository/Page_Dashboard/a_Anh Lee' is clicked on

2022-01-16 19:30:42 - [MESSAGE][INFO] - Unable to find the element located by 'By.xpath: //div[@id='yui_3_17_2_1_1641689598842_26']/div[6]/div/div/div/div[2]/div/a'. Please recheck the objects properties to make sure the desired element is located. 

2022-01-16 19:30:42 - [MESSAGE][WARNING] - [SELF-HEALING] Failed to find element with id 'Object Repository/Page_Dashboard/a_Anh Lee'. Try using Self-healing.

2022-01-16 19:30:42 - [MESSAGE][WARNING] - [SELF-HEALING] The current locator of test object 'Object Repository/Page_Dashboard/a_Anh Lee' was broken. Propose an alternative one: '(.//*[normalize-space(text()) and normalize-space(.)='Non-contacts'])[1]/following::a[1]'.

2022-01-16 19:30:43 - [MESSAGE][PASSED] - Object: 'Object Repository/Page_Dashboard/a_Anh Lee' is clicked on

2022-01-16 19:30:43 - [TEST_STEP][PASSED] - click(findTestObject("Object Repository/Page_Dashboard/i_Anh Lee_icon fa fa-ellipsis-h fa-fw")): Object: 'Object Repository/Page_Dashboard/i_Anh Lee_icon fa fa-ellipsis-h fa-fw' is clicked on

2022-01-16 19:30:44 - [MESSAGE][PASSED] - Object: 'Object Repository/Page_Dashboard/i_Anh Lee_icon fa fa-ellipsis-h fa-fw' is clicked on

2022-01-16 19:30:44 - [TEST_STEP][PASSED] - click(findTestObject("Object Repository/Page_Dashboard/a_Delete conversation")): Object: 'Object Repository/Page_Dashboard/a_Delete conversation' is clicked on

2022-01-16 19:30:45 - [MESSAGE][PASSED] - Object: 'Object Repository/Page_Dashboard/a_Delete conversation' is clicked on

2022-01-16 19:30:45 - [TEST_STEP][PASSED] - click(findTestObject("Object Repository/Page_Dashboard/button_Delete")): Object: 'Object Repository/Page_Dashboard/button_Delete' is clicked on

2022-01-16 19:30:45 - [MESSAGE][PASSED] - Object: 'Object Repository/Page_Dashboard/button_Delete' is clicked on

2022-01-16 19:30:45 - [TEST_STEP][PASSED] - closeBrowser(): Browser is closed

2022-01-16 19:30:46 - [MESSAGE][PASSED] - Browser is closed]]></system-out>
         <system-err><![CDATA[]]></system-err>
      </testcase>
      <testcase name="Test Cases/I1/Create a event category type (event button)" time="72.313" classname="Test Cases/I1/Create a event category type (event button)" status="FAILED">
         <failure type="FAILED" message="Test Cases/I1/Create a event category type (event button) FAILED.
Reason:
com.kms.katalon.core.exception.StepFailedException: Unable to set text '10' of object 'Object Repository/Page_Dashboard/input_Event title_name'
	at com.kms.katalon.core.webui.keyword.internal.WebUIKeywordMain.stepFailed(WebUIKeywordMain.groovy:64)
	at com.kms.katalon.core.webui.keyword.internal.WebUIKeywordMain.runKeyword(WebUIKeywordMain.groovy:26)
	at com.kms.katalon.core.webui.keyword.builtin.SetTextKeyword.setText(SetTextKeyword.groovy:66)
	at com.kms.katalon.core.webui.keyword.builtin.SetTextKeyword.execute(SetTextKeyword.groovy:37)
	at com.kms.katalon.core.keyword.internal.KeywordExecutor.executeKeywordForPlatform(KeywordExecutor.groovy:74)
	at com.kms.katalon.core.webui.keyword.WebUiBuiltInKeywords.setText(WebUiBuiltInKeywords.groovy:980)
	at com.kms.katalon.core.webui.keyword.WebUiBuiltInKeywords$setText$2.call(Unknown Source)
	at Create a event category type (event button).run(Create a event category type (event button):34)
	at com.kms.katalon.core.main.ScriptEngine.run(ScriptEngine.java:194)
	at com.kms.katalon.core.main.ScriptEngine.runScriptAsRawText(ScriptEngine.java:119)
	at com.kms.katalon.core.main.TestCaseExecutor.runScript(TestCaseExecutor.java:442)
	at com.kms.katalon.core.main.TestCaseExecutor.doExecute(TestCaseExecutor.java:433)
	at com.kms.katalon.core.main.TestCaseExecutor.processExecutionPhase(TestCaseExecutor.java:412)
	at com.kms.katalon.core.main.TestCaseExecutor.accessMainPhase(TestCaseExecutor.java:404)
	at com.kms.katalon.core.main.TestCaseExecutor.execute(TestCaseExecutor.java:281)
	at com.kms.katalon.core.main.TestCaseExecutor.execute(TestCaseExecutor.java:363)
	at com.kms.katalon.core.main.TestCaseExecutor.execute(TestCaseExecutor.java:363)
	at com.kms.katalon.core.main.TestCaseExecutor.execute(TestCaseExecutor.java:363)
	at com.kms.katalon.core.main.TestSuiteExecutor.accessTestCaseMainPhase(TestSuiteExecutor.java:202)
	at com.kms.katalon.core.main.TestSuiteExecutor.accessTestSuiteMainPhase(TestSuiteExecutor.java:164)
	at com.kms.katalon.core.main.TestSuiteExecutor.execute(TestSuiteExecutor.java:105)
	at com.kms.katalon.core.main.TestCaseMain.startTestSuite(TestCaseMain.java:181)
	at com.kms.katalon.core.main.TestCaseMain$startTestSuite$0.call(Unknown Source)
	at TempTestSuite1642334705478.run(TempTestSuite1642334705478.groovy:36)
Caused by: com.kms.katalon.core.webui.exception.WebElementNotFoundException: Web element with id: 'Object Repository/Page_Dashboard/input_Event title_name' located by '//input[@id='id_name']' not found
	at com.kms.katalon.core.webui.common.WebUiCommonHelper.findWebElement(WebUiCommonHelper.java:1368)
	at com.kms.katalon.core.webui.keyword.internal.WebUIAbstractKeyword.findWebElement(WebUIAbstractKeyword.groovy:27)
	at com.kms.katalon.core.webui.keyword.internal.WebUIAbstractKeyword.findWebElement(WebUIAbstractKeyword.groovy:26)
	at com.kms.katalon.core.webui.keyword.builtin.SetTextKeyword$_setText_closure1.doCall(SetTextKeyword.groovy:51)
	at com.kms.katalon.core.webui.keyword.builtin.SetTextKeyword$_setText_closure1.call(SetTextKeyword.groovy)
	at com.kms.katalon.core.webui.keyword.internal.WebUIKeywordMain.runKeyword(WebUIKeywordMain.groovy:20)
	... 22 more
"/>
         <system-out><![CDATA[2022-01-16 19:34:25 - [TEST_CASE][FAILED] - Test Cases/I1/Create a event category type (event button): Test Cases/I1/Create a event category type (event button) FAILED.
Reason:
com.kms.katalon.core.exception.StepFailedException: Unable to set text '10' of object 'Object Repository/Page_Dashboard/input_Event title_name'
	at com.kms.katalon.core.webui.keyword.internal.WebUIKeywordMain.stepFailed(WebUIKeywordMain.groovy:64)
	at com.kms.katalon.core.webui.keyword.internal.WebUIKeywordMain.runKeyword(WebUIKeywordMain.groovy:26)
	at com.kms.katalon.core.webui.keyword.builtin.SetTextKeyword.setText(SetTextKeyword.groovy:66)
	at com.kms.katalon.core.webui.keyword.builtin.SetTextKeyword.execute(SetTextKeyword.groovy:37)
	at com.kms.katalon.core.keyword.internal.KeywordExecutor.executeKeywordForPlatform(KeywordExecutor.groovy:74)
	at com.kms.katalon.core.webui.keyword.WebUiBuiltInKeywords.setText(WebUiBuiltInKeywords.groovy:980)
	at com.kms.katalon.core.webui.keyword.WebUiBuiltInKeywords$setText$2.call(Unknown Source)
	at Create a event category type (event button).run(Create a event category type (event button):34)
	at com.kms.katalon.core.main.ScriptEngine.run(ScriptEngine.java:194)
	at com.kms.katalon.core.main.ScriptEngine.runScriptAsRawText(ScriptEngine.java:119)
	at com.kms.katalon.core.main.TestCaseExecutor.runScript(TestCaseExecutor.java:442)
	at com.kms.katalon.core.main.TestCaseExecutor.doExecute(TestCaseExecutor.java:433)
	at com.kms.katalon.core.main.TestCaseExecutor.processExecutionPhase(TestCaseExecutor.java:412)
	at com.kms.katalon.core.main.TestCaseExecutor.accessMainPhase(TestCaseExecutor.java:404)
	at com.kms.katalon.core.main.TestCaseExecutor.execute(TestCaseExecutor.java:281)
	at com.kms.katalon.core.main.TestCaseExecutor.execute(TestCaseExecutor.java:363)
	at com.kms.katalon.core.main.TestCaseExecutor.execute(TestCaseExecutor.java:363)
	at com.kms.katalon.core.main.TestCaseExecutor.execute(TestCaseExecutor.java:363)
	at com.kms.katalon.core.main.TestSuiteExecutor.accessTestCaseMainPhase(TestSuiteExecutor.java:202)
	at com.kms.katalon.core.main.TestSuiteExecutor.accessTestSuiteMainPhase(TestSuiteExecutor.java:164)
	at com.kms.katalon.core.main.TestSuiteExecutor.execute(TestSuiteExecutor.java:105)
	at com.kms.katalon.core.main.TestCaseMain.startTestSuite(TestCaseMain.java:181)
	at com.kms.katalon.core.main.TestCaseMain$startTestSuite$0.call(Unknown Source)
	at TempTestSuite1642334705478.run(TempTestSuite1642334705478.groovy:36)
Caused by: com.kms.katalon.core.webui.exception.WebElementNotFoundException: Web element with id: 'Object Repository/Page_Dashboard/input_Event title_name' located by '//input[@id='id_name']' not found
	at com.kms.katalon.core.webui.common.WebUiCommonHelper.findWebElement(WebUiCommonHelper.java:1368)
	at com.kms.katalon.core.webui.keyword.internal.WebUIAbstractKeyword.findWebElement(WebUIAbstractKeyword.groovy:27)
	at com.kms.katalon.core.webui.keyword.internal.WebUIAbstractKeyword.findWebElement(WebUIAbstractKeyword.groovy:26)
	at com.kms.katalon.core.webui.keyword.builtin.SetTextKeyword$_setText_closure1.doCall(SetTextKeyword.groovy:51)
	at com.kms.katalon.core.webui.keyword.builtin.SetTextKeyword$_setText_closure1.call(SetTextKeyword.groovy)
	at com.kms.katalon.core.webui.keyword.internal.WebUIKeywordMain.runKeyword(WebUIKeywordMain.groovy:20)
	... 22 more


2022-01-16 19:34:25 - [TEST_STEP][PASSED] - openBrowser(""): Browser is opened with url: ''

2022-01-16 19:34:25 - [MESSAGE][WARNING] - A browser is already opened. Closing browser and opening a new one

2022-01-16 19:34:25 - [MESSAGE][INFO] - Starting 'Chrome' driver

2022-01-16 19:34:25 - [MESSAGE][INFO] - Action delay is set to 0 milliseconds

2022-01-16 19:34:27 - [MESSAGE][PASSED] - Browser is opened with url: ''

2022-01-16 19:34:27 - [TEST_STEP][PASSED] - navigateToUrl("http://localhost/"): Navigate to 'http://localhost/' successfully

2022-01-16 19:34:27 - [MESSAGE][PASSED] - Navigate to 'http://localhost/' successfully

2022-01-16 19:34:27 - [TEST_STEP][PASSED] - click(findTestObject("Object Repository/Page_L Tm Anh/a_Log in")): Object: 'Object Repository/Page_L Tm Anh/a_Log in' is clicked on

2022-01-16 19:34:28 - [MESSAGE][PASSED] - Object: 'Object Repository/Page_L Tm Anh/a_Log in' is clicked on

2022-01-16 19:34:28 - [TEST_STEP][PASSED] - setText(findTestObject("Object Repository/Page_L Tm Anh Log in to the site/input_Username_username"), "admin"): Text 'admin' is set on object 'Object Repository/Page_L Tm Anh Log in to the site/input_Username_username'

2022-01-16 19:34:29 - [MESSAGE][PASSED] - Text 'admin' is set on object 'Object Repository/Page_L Tm Anh Log in to the site/input_Username_username'

2022-01-16 19:34:29 - [TEST_STEP][PASSED] - setEncryptedText(findTestObject("Object Repository/Page_L Tm Anh Log in to the site/input_Password_password"), "eGmz8XUbrLe3vUQiiiujBg=="): Text ****** has been set on object 'Object Repository/Page_L Tm Anh Log in to the site/input_Password_password'

2022-01-16 19:34:29 - [MESSAGE][PASSED] - Text ****** has been set on object 'Object Repository/Page_L Tm Anh Log in to the site/input_Password_password'

2022-01-16 19:34:29 - [TEST_STEP][PASSED] - click(findTestObject("Object Repository/Page_L Tm Anh Log in to the site/button_Log in")): Object: 'Object Repository/Page_L Tm Anh Log in to the site/button_Log in' is clicked on

2022-01-16 19:34:30 - [MESSAGE][PASSED] - Object: 'Object Repository/Page_L Tm Anh Log in to the site/button_Log in' is clicked on

2022-01-16 19:34:30 - [TEST_STEP][PASSED] - click(findTestObject("Object Repository/Page_Dashboard/button_New event")): Object: 'Object Repository/Page_Dashboard/button_New event' is clicked on

2022-01-16 19:35:01 - [MESSAGE][INFO] - Unable to find the element located by 'By.xpath: //div[@id='calendar-month-61de1c2e471ee61de1c2e3471f2-1']/div/button'. Please recheck the objects properties to make sure the desired element is located. 

2022-01-16 19:35:01 - [MESSAGE][WARNING] - [SELF-HEALING] Failed to find element with id 'Object Repository/Page_Dashboard/button_New event'. Try using Self-healing.

2022-01-16 19:35:02 - [MESSAGE][WARNING] - [SELF-HEALING] The current locator of test object 'Object Repository/Page_Dashboard/button_New event' was broken. Propose an alternative one: '(.//*[normalize-space(text()) and normalize-space(.)='List of courses'])[1]/following::button[1]'.

2022-01-16 19:35:02 - [MESSAGE][PASSED] - Object: 'Object Repository/Page_Dashboard/button_New event' is clicked on

2022-01-16 19:35:02 - [TEST_STEP][FAILED] - setText(findTestObject("Object Repository/Page_Dashboard/input_Event title_name"), "10"): Unable to set text '10' of object 'Object Repository/Page_Dashboard/input_Event title_name' (Root cause: com.kms.katalon.core.exception.StepFailedException: Unable to set text '10' of object 'Object Repository/Page_Dashboard/input_Event title_name'
	at com.kms.katalon.core.webui.keyword.internal.WebUIKeywordMain.stepFailed(WebUIKeywordMain.groovy:64)
	at com.kms.katalon.core.webui.keyword.internal.WebUIKeywordMain.runKeyword(WebUIKeywordMain.groovy:26)
	at com.kms.katalon.core.webui.keyword.builtin.SetTextKeyword.setText(SetTextKeyword.groovy:66)
	at com.kms.katalon.core.webui.keyword.builtin.SetTextKeyword.execute(SetTextKeyword.groovy:37)
	at com.kms.katalon.core.keyword.internal.KeywordExecutor.executeKeywordForPlatform(KeywordExecutor.groovy:74)
	at com.kms.katalon.core.webui.keyword.WebUiBuiltInKeywords.setText(WebUiBuiltInKeywords.groovy:980)
	at com.kms.katalon.core.webui.keyword.WebUiBuiltInKeywords$setText$2.call(Unknown Source)
	at Create a event category type (event button).run(Create a event category type (event button):34)
	at com.kms.katalon.core.main.ScriptEngine.run(ScriptEngine.java:194)
	at com.kms.katalon.core.main.ScriptEngine.runScriptAsRawText(ScriptEngine.java:119)
	at com.kms.katalon.core.main.TestCaseExecutor.runScript(TestCaseExecutor.java:442)
	at com.kms.katalon.core.main.TestCaseExecutor.doExecute(TestCaseExecutor.java:433)
	at com.kms.katalon.core.main.TestCaseExecutor.processExecutionPhase(TestCaseExecutor.java:412)
	at com.kms.katalon.core.main.TestCaseExecutor.accessMainPhase(TestCaseExecutor.java:404)
	at com.kms.katalon.core.main.TestCaseExecutor.execute(TestCaseExecutor.java:281)
	at com.kms.katalon.core.main.TestCaseExecutor.execute(TestCaseExecutor.java:363)
	at com.kms.katalon.core.main.TestCaseExecutor.execute(TestCaseExecutor.java:363)
	at com.kms.katalon.core.main.TestCaseExecutor.execute(TestCaseExecutor.java:363)
	at com.kms.katalon.core.main.TestSuiteExecutor.accessTestCaseMainPhase(TestSuiteExecutor.java:202)
	at com.kms.katalon.core.main.TestSuiteExecutor.accessTestSuiteMainPhase(TestSuiteExecutor.java:164)
	at com.kms.katalon.core.main.TestSuiteExecutor.execute(TestSuiteExecutor.java:105)
	at com.kms.katalon.core.main.TestCaseMain.startTestSuite(TestCaseMain.java:181)
	at com.kms.katalon.core.main.TestCaseMain$startTestSuite$0.call(Unknown Source)
	at TempTestSuite1642334705478.run(TempTestSuite1642334705478.groovy:36)
Caused by: com.kms.katalon.core.webui.exception.WebElementNotFoundException: Web element with id: 'Object Repository/Page_Dashboard/input_Event title_name' located by '//input[@id='id_name']' not found
	at com.kms.katalon.core.webui.common.WebUiCommonHelper.findWebElement(WebUiCommonHelper.java:1368)
	at com.kms.katalon.core.webui.keyword.internal.WebUIAbstractKeyword.findWebElement(WebUIAbstractKeyword.groovy:27)
	at com.kms.katalon.core.webui.keyword.internal.WebUIAbstractKeyword.findWebElement(WebUIAbstractKeyword.groovy:26)
	at com.kms.katalon.core.webui.keyword.builtin.SetTextKeyword$_setText_closure1.doCall(SetTextKeyword.groovy:51)
	at com.kms.katalon.core.webui.keyword.builtin.SetTextKeyword$_setText_closure1.call(SetTextKeyword.groovy)
	at com.kms.katalon.core.webui.keyword.internal.WebUIKeywordMain.runKeyword(WebUIKeywordMain.groovy:20)
	at com.kms.katalon.core.webui.keyword.builtin.SetTextKeyword.setText(SetTextKeyword.groovy:66)
	at com.kms.katalon.core.webui.keyword.builtin.SetTextKeyword.execute(SetTextKeyword.groovy:37)
	at com.kms.katalon.core.keyword.internal.KeywordExecutor.executeKeywordForPlatform(KeywordExecutor.groovy:74)
	at com.kms.katalon.core.webui.keyword.WebUiBuiltInKeywords.setText(WebUiBuiltInKeywords.groovy:980)
	at com.kms.katalon.core.webui.keyword.WebUiBuiltInKeywords$setText$2.call(Unknown Source)
	at Script1641383865200.run(Script1641383865200.groovy:34)
	... 16 more
)

2022-01-16 19:35:33 - [MESSAGE][INFO] - Unable to find the element located by 'By.xpath: //input[@id='id_name']'. Please recheck the objects properties to make sure the desired element is located. 

2022-01-16 19:35:33 - [MESSAGE][WARNING] - [SELF-HEALING] Failed to find element with id 'Object Repository/Page_Dashboard/input_Event title_name'. Try using Self-healing.

2022-01-16 19:35:33 - [MESSAGE][INFO] - [SELF-HEALING] Failed Locator: '//input[@id='id_name']'.

2022-01-16 19:35:34 - [MESSAGE][INFO] - [SELF-HEALING] Failed Locator: '//div[@id='yui_3_17_2_1_1641946158383_761']/input'.

2022-01-16 19:35:34 - [MESSAGE][INFO] - [SELF-HEALING] Failed Locator: '//div/div[2]/input'.

2022-01-16 19:35:34 - [MESSAGE][INFO] - [SELF-HEALING] Failed Locator: '//input[@id='id_name']'.

2022-01-16 19:35:34 - [MESSAGE][INFO] - [SELF-HEALING] Failed Locator: '//div[@id='yui_3_17_2_1_1641946158383_761']/input'.

2022-01-16 19:35:35 - [MESSAGE][INFO] - [SELF-HEALING] Failed Locator: '//div/div[2]/input'.

2022-01-16 19:35:36 - [MESSAGE][INFO] - Unable to find the element located by 'By.xpath: //*[@type = 'text' and @name = 'name' and @id = 'id_name']'. Please recheck the objects properties to make sure the desired element is located. 

2022-01-16 19:35:37 - [MESSAGE][INFO] - Unable to find the element located by 'By.cssSelector: #id_name'. Please recheck the objects properties to make sure the desired element is located. 

2022-01-16 19:35:37 - [MESSAGE][FAILED] - Unable to set text '10' of object 'Object Repository/Page_Dashboard/input_Event title_name' (Root cause: com.kms.katalon.core.exception.StepFailedException: Unable to set text '10' of object 'Object Repository/Page_Dashboard/input_Event title_name'
	at com.kms.katalon.core.webui.keyword.internal.WebUIKeywordMain.stepFailed(WebUIKeywordMain.groovy:64)
	at com.kms.katalon.core.webui.keyword.internal.WebUIKeywordMain.runKeyword(WebUIKeywordMain.groovy:26)
	at com.kms.katalon.core.webui.keyword.builtin.SetTextKeyword.setText(SetTextKeyword.groovy:66)
	at com.kms.katalon.core.webui.keyword.builtin.SetTextKeyword.execute(SetTextKeyword.groovy:37)
	at com.kms.katalon.core.keyword.internal.KeywordExecutor.executeKeywordForPlatform(KeywordExecutor.groovy:74)
	at com.kms.katalon.core.webui.keyword.WebUiBuiltInKeywords.setText(WebUiBuiltInKeywords.groovy:980)
	at com.kms.katalon.core.webui.keyword.WebUiBuiltInKeywords$setText$2.call(Unknown Source)
	at Create a event category type (event button).run(Create a event category type (event button):34)
	at com.kms.katalon.core.main.ScriptEngine.run(ScriptEngine.java:194)
	at com.kms.katalon.core.main.ScriptEngine.runScriptAsRawText(ScriptEngine.java:119)
	at com.kms.katalon.core.main.TestCaseExecutor.runScript(TestCaseExecutor.java:442)
	at com.kms.katalon.core.main.TestCaseExecutor.doExecute(TestCaseExecutor.java:433)
	at com.kms.katalon.core.main.TestCaseExecutor.processExecutionPhase(TestCaseExecutor.java:412)
	at com.kms.katalon.core.main.TestCaseExecutor.accessMainPhase(TestCaseExecutor.java:404)
	at com.kms.katalon.core.main.TestCaseExecutor.execute(TestCaseExecutor.java:281)
	at com.kms.katalon.core.main.TestCaseExecutor.execute(TestCaseExecutor.java:363)
	at com.kms.katalon.core.main.TestCaseExecutor.execute(TestCaseExecutor.java:363)
	at com.kms.katalon.core.main.TestCaseExecutor.execute(TestCaseExecutor.java:363)
	at com.kms.katalon.core.main.TestSuiteExecutor.accessTestCaseMainPhase(TestSuiteExecutor.java:202)
	at com.kms.katalon.core.main.TestSuiteExecutor.accessTestSuiteMainPhase(TestSuiteExecutor.java:164)
	at com.kms.katalon.core.main.TestSuiteExecutor.execute(TestSuiteExecutor.java:105)
	at com.kms.katalon.core.main.TestCaseMain.startTestSuite(TestCaseMain.java:181)
	at com.kms.katalon.core.main.TestCaseMain$startTestSuite$0.call(Unknown Source)
	at TempTestSuite1642334705478.run(TempTestSuite1642334705478.groovy:36)
Caused by: com.kms.katalon.core.webui.exception.WebElementNotFoundException: Web element with id: 'Object Repository/Page_Dashboard/input_Event title_name' located by '//input[@id='id_name']' not found
	at com.kms.katalon.core.webui.common.WebUiCommonHelper.findWebElement(WebUiCommonHelper.java:1368)
	at com.kms.katalon.core.webui.keyword.internal.WebUIAbstractKeyword.findWebElement(WebUIAbstractKeyword.groovy:27)
	at com.kms.katalon.core.webui.keyword.internal.WebUIAbstractKeyword.findWebElement(WebUIAbstractKeyword.groovy:26)
	at com.kms.katalon.core.webui.keyword.builtin.SetTextKeyword$_setText_closure1.doCall(SetTextKeyword.groovy:51)
	at com.kms.katalon.core.webui.keyword.builtin.SetTextKeyword$_setText_closure1.call(SetTextKeyword.groovy)
	at com.kms.katalon.core.webui.keyword.internal.WebUIKeywordMain.runKeyword(WebUIKeywordMain.groovy:20)
	at com.kms.katalon.core.webui.keyword.builtin.SetTextKeyword.setText(SetTextKeyword.groovy:66)
	at com.kms.katalon.core.webui.keyword.builtin.SetTextKeyword.execute(SetTextKeyword.groovy:37)
	at com.kms.katalon.core.keyword.internal.KeywordExecutor.executeKeywordForPlatform(KeywordExecutor.groovy:74)
	at com.kms.katalon.core.webui.keyword.WebUiBuiltInKeywords.setText(WebUiBuiltInKeywords.groovy:980)
	at com.kms.katalon.core.webui.keyword.WebUiBuiltInKeywords$setText$2.call(Unknown Source)
	at Script1641383865200.run(Script1641383865200.groovy:34)
	... 16 more
)
[[ATTACHMENT|C:\\Users\\antra\\git\\SE-Bonus-Assginment-Group1\\Reports\\20220116_190505\\Run all test cases\\20220116_190505\\1642336537431.png]]]]></system-out>
         <system-err><![CDATA[2022-01-16 19:34:25 - [TEST_CASE][FAILED] - Test Cases/I1/Create a event category type (event button): Test Cases/I1/Create a event category type (event button) FAILED.
Reason:
com.kms.katalon.core.exception.StepFailedException: Unable to set text '10' of object 'Object Repository/Page_Dashboard/input_Event title_name'
	at com.kms.katalon.core.webui.keyword.internal.WebUIKeywordMain.stepFailed(WebUIKeywordMain.groovy:64)
	at com.kms.katalon.core.webui.keyword.internal.WebUIKeywordMain.runKeyword(WebUIKeywordMain.groovy:26)
	at com.kms.katalon.core.webui.keyword.builtin.SetTextKeyword.setText(SetTextKeyword.groovy:66)
	at com.kms.katalon.core.webui.keyword.builtin.SetTextKeyword.execute(SetTextKeyword.groovy:37)
	at com.kms.katalon.core.keyword.internal.KeywordExecutor.executeKeywordForPlatform(KeywordExecutor.groovy:74)
	at com.kms.katalon.core.webui.keyword.WebUiBuiltInKeywords.setText(WebUiBuiltInKeywords.groovy:980)
	at com.kms.katalon.core.webui.keyword.WebUiBuiltInKeywords$setText$2.call(Unknown Source)
	at Create a event category type (event button).run(Create a event category type (event button):34)
	at com.kms.katalon.core.main.ScriptEngine.run(ScriptEngine.java:194)
	at com.kms.katalon.core.main.ScriptEngine.runScriptAsRawText(ScriptEngine.java:119)
	at com.kms.katalon.core.main.TestCaseExecutor.runScript(TestCaseExecutor.java:442)
	at com.kms.katalon.core.main.TestCaseExecutor.doExecute(TestCaseExecutor.java:433)
	at com.kms.katalon.core.main.TestCaseExecutor.processExecutionPhase(TestCaseExecutor.java:412)
	at com.kms.katalon.core.main.TestCaseExecutor.accessMainPhase(TestCaseExecutor.java:404)
	at com.kms.katalon.core.main.TestCaseExecutor.execute(TestCaseExecutor.java:281)
	at com.kms.katalon.core.main.TestCaseExecutor.execute(TestCaseExecutor.java:363)
	at com.kms.katalon.core.main.TestCaseExecutor.execute(TestCaseExecutor.java:363)
	at com.kms.katalon.core.main.TestCaseExecutor.execute(TestCaseExecutor.java:363)
	at com.kms.katalon.core.main.TestSuiteExecutor.accessTestCaseMainPhase(TestSuiteExecutor.java:202)
	at com.kms.katalon.core.main.TestSuiteExecutor.accessTestSuiteMainPhase(TestSuiteExecutor.java:164)
	at com.kms.katalon.core.main.TestSuiteExecutor.execute(TestSuiteExecutor.java:105)
	at com.kms.katalon.core.main.TestCaseMain.startTestSuite(TestCaseMain.java:181)
	at com.kms.katalon.core.main.TestCaseMain$startTestSuite$0.call(Unknown Source)
	at TempTestSuite1642334705478.run(TempTestSuite1642334705478.groovy:36)
Caused by: com.kms.katalon.core.webui.exception.WebElementNotFoundException: Web element with id: 'Object Repository/Page_Dashboard/input_Event title_name' located by '//input[@id='id_name']' not found
	at com.kms.katalon.core.webui.common.WebUiCommonHelper.findWebElement(WebUiCommonHelper.java:1368)
	at com.kms.katalon.core.webui.keyword.internal.WebUIAbstractKeyword.findWebElement(WebUIAbstractKeyword.groovy:27)
	at com.kms.katalon.core.webui.keyword.internal.WebUIAbstractKeyword.findWebElement(WebUIAbstractKeyword.groovy:26)
	at com.kms.katalon.core.webui.keyword.builtin.SetTextKeyword$_setText_closure1.doCall(SetTextKeyword.groovy:51)
	at com.kms.katalon.core.webui.keyword.builtin.SetTextKeyword$_setText_closure1.call(SetTextKeyword.groovy)
	at com.kms.katalon.core.webui.keyword.internal.WebUIKeywordMain.runKeyword(WebUIKeywordMain.groovy:20)
	... 22 more]]></system-err>
      </testcase>
      <testcase name="Test Cases/I1/Create a event course type (event button)" time="72.47" classname="Test Cases/I1/Create a event course type (event button)" status="FAILED">
         <failure type="FAILED" message="Test Cases/I1/Create a event course type (event button) FAILED.
Reason:
com.kms.katalon.core.exception.StepFailedException: Unable to set text '10' of object 'Object Repository/Page_Dashboard/input_Event title_name'
	at com.kms.katalon.core.webui.keyword.internal.WebUIKeywordMain.stepFailed(WebUIKeywordMain.groovy:64)
	at com.kms.katalon.core.webui.keyword.internal.WebUIKeywordMain.runKeyword(WebUIKeywordMain.groovy:26)
	at com.kms.katalon.core.webui.keyword.builtin.SetTextKeyword.setText(SetTextKeyword.groovy:66)
	at com.kms.katalon.core.webui.keyword.builtin.SetTextKeyword.execute(SetTextKeyword.groovy:37)
	at com.kms.katalon.core.keyword.internal.KeywordExecutor.executeKeywordForPlatform(KeywordExecutor.groovy:74)
	at com.kms.katalon.core.webui.keyword.WebUiBuiltInKeywords.setText(WebUiBuiltInKeywords.groovy:980)
	at com.kms.katalon.core.webui.keyword.WebUiBuiltInKeywords$setText$2.call(Unknown Source)
	at Create a event course type (event button).run(Create a event course type (event button):34)
	at com.kms.katalon.core.main.ScriptEngine.run(ScriptEngine.java:194)
	at com.kms.katalon.core.main.ScriptEngine.runScriptAsRawText(ScriptEngine.java:119)
	at com.kms.katalon.core.main.TestCaseExecutor.runScript(TestCaseExecutor.java:442)
	at com.kms.katalon.core.main.TestCaseExecutor.doExecute(TestCaseExecutor.java:433)
	at com.kms.katalon.core.main.TestCaseExecutor.processExecutionPhase(TestCaseExecutor.java:412)
	at com.kms.katalon.core.main.TestCaseExecutor.accessMainPhase(TestCaseExecutor.java:404)
	at com.kms.katalon.core.main.TestCaseExecutor.execute(TestCaseExecutor.java:281)
	at com.kms.katalon.core.main.TestCaseExecutor.execute(TestCaseExecutor.java:363)
	at com.kms.katalon.core.main.TestCaseExecutor.execute(TestCaseExecutor.java:363)
	at com.kms.katalon.core.main.TestCaseExecutor.execute(TestCaseExecutor.java:363)
	at com.kms.katalon.core.main.TestSuiteExecutor.accessTestCaseMainPhase(TestSuiteExecutor.java:202)
	at com.kms.katalon.core.main.TestSuiteExecutor.accessTestSuiteMainPhase(TestSuiteExecutor.java:164)
	at com.kms.katalon.core.main.TestSuiteExecutor.execute(TestSuiteExecutor.java:105)
	at com.kms.katalon.core.main.TestCaseMain.startTestSuite(TestCaseMain.java:181)
	at com.kms.katalon.core.main.TestCaseMain$startTestSuite$0.call(Unknown Source)
	at TempTestSuite1642334705478.run(TempTestSuite1642334705478.groovy:36)
Caused by: com.kms.katalon.core.webui.exception.WebElementNotFoundException: Web element with id: 'Object Repository/Page_Dashboard/input_Event title_name' located by '//input[@id='id_name']' not found
	at com.kms.katalon.core.webui.common.WebUiCommonHelper.findWebElement(WebUiCommonHelper.java:1368)
	at com.kms.katalon.core.webui.keyword.internal.WebUIAbstractKeyword.findWebElement(WebUIAbstractKeyword.groovy:27)
	at com.kms.katalon.core.webui.keyword.internal.WebUIAbstractKeyword.findWebElement(WebUIAbstractKeyword.groovy:26)
	at com.kms.katalon.core.webui.keyword.builtin.SetTextKeyword$_setText_closure1.doCall(SetTextKeyword.groovy:51)
	at com.kms.katalon.core.webui.keyword.builtin.SetTextKeyword$_setText_closure1.call(SetTextKeyword.groovy)
	at com.kms.katalon.core.webui.keyword.internal.WebUIKeywordMain.runKeyword(WebUIKeywordMain.groovy:20)
	... 22 more
"/>
         <system-out><![CDATA[2022-01-16 19:39:14 - [TEST_CASE][FAILED] - Test Cases/I1/Create a event course type (event button): Test Cases/I1/Create a event course type (event button) FAILED.
Reason:
com.kms.katalon.core.exception.StepFailedException: Unable to set text '10' of object 'Object Repository/Page_Dashboard/input_Event title_name'
	at com.kms.katalon.core.webui.keyword.internal.WebUIKeywordMain.stepFailed(WebUIKeywordMain.groovy:64)
	at com.kms.katalon.core.webui.keyword.internal.WebUIKeywordMain.runKeyword(WebUIKeywordMain.groovy:26)
	at com.kms.katalon.core.webui.keyword.builtin.SetTextKeyword.setText(SetTextKeyword.groovy:66)
	at com.kms.katalon.core.webui.keyword.builtin.SetTextKeyword.execute(SetTextKeyword.groovy:37)
	at com.kms.katalon.core.keyword.internal.KeywordExecutor.executeKeywordForPlatform(KeywordExecutor.groovy:74)
	at com.kms.katalon.core.webui.keyword.WebUiBuiltInKeywords.setText(WebUiBuiltInKeywords.groovy:980)
	at com.kms.katalon.core.webui.keyword.WebUiBuiltInKeywords$setText$2.call(Unknown Source)
	at Create a event course type (event button).run(Create a event course type (event button):34)
	at com.kms.katalon.core.main.ScriptEngine.run(ScriptEngine.java:194)
	at com.kms.katalon.core.main.ScriptEngine.runScriptAsRawText(ScriptEngine.java:119)
	at com.kms.katalon.core.main.TestCaseExecutor.runScript(TestCaseExecutor.java:442)
	at com.kms.katalon.core.main.TestCaseExecutor.doExecute(TestCaseExecutor.java:433)
	at com.kms.katalon.core.main.TestCaseExecutor.processExecutionPhase(TestCaseExecutor.java:412)
	at com.kms.katalon.core.main.TestCaseExecutor.accessMainPhase(TestCaseExecutor.java:404)
	at com.kms.katalon.core.main.TestCaseExecutor.execute(TestCaseExecutor.java:281)
	at com.kms.katalon.core.main.TestCaseExecutor.execute(TestCaseExecutor.java:363)
	at com.kms.katalon.core.main.TestCaseExecutor.execute(TestCaseExecutor.java:363)
	at com.kms.katalon.core.main.TestCaseExecutor.execute(TestCaseExecutor.java:363)
	at com.kms.katalon.core.main.TestSuiteExecutor.accessTestCaseMainPhase(TestSuiteExecutor.java:202)
	at com.kms.katalon.core.main.TestSuiteExecutor.accessTestSuiteMainPhase(TestSuiteExecutor.java:164)
	at com.kms.katalon.core.main.TestSuiteExecutor.execute(TestSuiteExecutor.java:105)
	at com.kms.katalon.core.main.TestCaseMain.startTestSuite(TestCaseMain.java:181)
	at com.kms.katalon.core.main.TestCaseMain$startTestSuite$0.call(Unknown Source)
	at TempTestSuite1642334705478.run(TempTestSuite1642334705478.groovy:36)
Caused by: com.kms.katalon.core.webui.exception.WebElementNotFoundException: Web element with id: 'Object Repository/Page_Dashboard/input_Event title_name' located by '//input[@id='id_name']' not found
	at com.kms.katalon.core.webui.common.WebUiCommonHelper.findWebElement(WebUiCommonHelper.java:1368)
	at com.kms.katalon.core.webui.keyword.internal.WebUIAbstractKeyword.findWebElement(WebUIAbstractKeyword.groovy:27)
	at com.kms.katalon.core.webui.keyword.internal.WebUIAbstractKeyword.findWebElement(WebUIAbstractKeyword.groovy:26)
	at com.kms.katalon.core.webui.keyword.builtin.SetTextKeyword$_setText_closure1.doCall(SetTextKeyword.groovy:51)
	at com.kms.katalon.core.webui.keyword.builtin.SetTextKeyword$_setText_closure1.call(SetTextKeyword.groovy)
	at com.kms.katalon.core.webui.keyword.internal.WebUIKeywordMain.runKeyword(WebUIKeywordMain.groovy:20)
	... 22 more


2022-01-16 19:39:14 - [TEST_STEP][PASSED] - openBrowser(""): Browser is opened with url: ''

2022-01-16 19:39:14 - [MESSAGE][WARNING] - A browser is already opened. Closing browser and opening a new one

2022-01-16 19:39:14 - [MESSAGE][INFO] - Starting 'Chrome' driver

2022-01-16 19:39:14 - [MESSAGE][INFO] - Action delay is set to 0 milliseconds

2022-01-16 19:39:16 - [MESSAGE][PASSED] - Browser is opened with url: ''

2022-01-16 19:39:16 - [TEST_STEP][PASSED] - navigateToUrl("http://localhost/"): Navigate to 'http://localhost/' successfully

2022-01-16 19:39:16 - [MESSAGE][PASSED] - Navigate to 'http://localhost/' successfully

2022-01-16 19:39:16 - [TEST_STEP][PASSED] - click(findTestObject("Object Repository/Page_L Tm Anh/a_Log in")): Object: 'Object Repository/Page_L Tm Anh/a_Log in' is clicked on

2022-01-16 19:39:17 - [MESSAGE][PASSED] - Object: 'Object Repository/Page_L Tm Anh/a_Log in' is clicked on

2022-01-16 19:39:17 - [TEST_STEP][PASSED] - setText(findTestObject("Object Repository/Page_L Tm Anh Log in to the site/input_Username_username"), "admin"): Text 'admin' is set on object 'Object Repository/Page_L Tm Anh Log in to the site/input_Username_username'

2022-01-16 19:39:18 - [MESSAGE][PASSED] - Text 'admin' is set on object 'Object Repository/Page_L Tm Anh Log in to the site/input_Username_username'

2022-01-16 19:39:18 - [TEST_STEP][PASSED] - setEncryptedText(findTestObject("Object Repository/Page_L Tm Anh Log in to the site/input_Password_password"), "eGmz8XUbrLe3vUQiiiujBg=="): Text ****** has been set on object 'Object Repository/Page_L Tm Anh Log in to the site/input_Password_password'

2022-01-16 19:39:18 - [MESSAGE][PASSED] - Text ****** has been set on object 'Object Repository/Page_L Tm Anh Log in to the site/input_Password_password'

2022-01-16 19:39:18 - [TEST_STEP][PASSED] - click(findTestObject("Object Repository/Page_L Tm Anh Log in to the site/button_Log in")): Object: 'Object Repository/Page_L Tm Anh Log in to the site/button_Log in' is clicked on

2022-01-16 19:39:19 - [MESSAGE][PASSED] - Object: 'Object Repository/Page_L Tm Anh Log in to the site/button_Log in' is clicked on

2022-01-16 19:39:19 - [TEST_STEP][PASSED] - click(findTestObject("Object Repository/Page_Dashboard/button_New event")): Object: 'Object Repository/Page_Dashboard/button_New event' is clicked on

2022-01-16 19:39:51 - [MESSAGE][INFO] - Unable to find the element located by 'By.xpath: //div[@id='calendar-month-61de1c2e471ee61de1c2e3471f2-1']/div/button'. Please recheck the objects properties to make sure the desired element is located. 

2022-01-16 19:39:51 - [MESSAGE][WARNING] - [SELF-HEALING] Failed to find element with id 'Object Repository/Page_Dashboard/button_New event'. Try using Self-healing.

2022-01-16 19:39:51 - [MESSAGE][WARNING] - [SELF-HEALING] The current locator of test object 'Object Repository/Page_Dashboard/button_New event' was broken. Propose an alternative one: '(.//*[normalize-space(text()) and normalize-space(.)='List of courses'])[1]/following::button[1]'.

2022-01-16 19:39:51 - [MESSAGE][PASSED] - Object: 'Object Repository/Page_Dashboard/button_New event' is clicked on

2022-01-16 19:39:51 - [TEST_STEP][FAILED] - setText(findTestObject("Object Repository/Page_Dashboard/input_Event title_name"), "10"): Unable to set text '10' of object 'Object Repository/Page_Dashboard/input_Event title_name' (Root cause: com.kms.katalon.core.exception.StepFailedException: Unable to set text '10' of object 'Object Repository/Page_Dashboard/input_Event title_name'
	at com.kms.katalon.core.webui.keyword.internal.WebUIKeywordMain.stepFailed(WebUIKeywordMain.groovy:64)
	at com.kms.katalon.core.webui.keyword.internal.WebUIKeywordMain.runKeyword(WebUIKeywordMain.groovy:26)
	at com.kms.katalon.core.webui.keyword.builtin.SetTextKeyword.setText(SetTextKeyword.groovy:66)
	at com.kms.katalon.core.webui.keyword.builtin.SetTextKeyword.execute(SetTextKeyword.groovy:37)
	at com.kms.katalon.core.keyword.internal.KeywordExecutor.executeKeywordForPlatform(KeywordExecutor.groovy:74)
	at com.kms.katalon.core.webui.keyword.WebUiBuiltInKeywords.setText(WebUiBuiltInKeywords.groovy:980)
	at com.kms.katalon.core.webui.keyword.WebUiBuiltInKeywords$setText$2.call(Unknown Source)
	at Create a event course type (event button).run(Create a event course type (event button):34)
	at com.kms.katalon.core.main.ScriptEngine.run(ScriptEngine.java:194)
	at com.kms.katalon.core.main.ScriptEngine.runScriptAsRawText(ScriptEngine.java:119)
	at com.kms.katalon.core.main.TestCaseExecutor.runScript(TestCaseExecutor.java:442)
	at com.kms.katalon.core.main.TestCaseExecutor.doExecute(TestCaseExecutor.java:433)
	at com.kms.katalon.core.main.TestCaseExecutor.processExecutionPhase(TestCaseExecutor.java:412)
	at com.kms.katalon.core.main.TestCaseExecutor.accessMainPhase(TestCaseExecutor.java:404)
	at com.kms.katalon.core.main.TestCaseExecutor.execute(TestCaseExecutor.java:281)
	at com.kms.katalon.core.main.TestCaseExecutor.execute(TestCaseExecutor.java:363)
	at com.kms.katalon.core.main.TestCaseExecutor.execute(TestCaseExecutor.java:363)
	at com.kms.katalon.core.main.TestCaseExecutor.execute(TestCaseExecutor.java:363)
	at com.kms.katalon.core.main.TestSuiteExecutor.accessTestCaseMainPhase(TestSuiteExecutor.java:202)
	at com.kms.katalon.core.main.TestSuiteExecutor.accessTestSuiteMainPhase(TestSuiteExecutor.java:164)
	at com.kms.katalon.core.main.TestSuiteExecutor.execute(TestSuiteExecutor.java:105)
	at com.kms.katalon.core.main.TestCaseMain.startTestSuite(TestCaseMain.java:181)
	at com.kms.katalon.core.main.TestCaseMain$startTestSuite$0.call(Unknown Source)
	at TempTestSuite1642334705478.run(TempTestSuite1642334705478.groovy:36)
Caused by: com.kms.katalon.core.webui.exception.WebElementNotFoundException: Web element with id: 'Object Repository/Page_Dashboard/input_Event title_name' located by '//input[@id='id_name']' not found
	at com.kms.katalon.core.webui.common.WebUiCommonHelper.findWebElement(WebUiCommonHelper.java:1368)
	at com.kms.katalon.core.webui.keyword.internal.WebUIAbstractKeyword.findWebElement(WebUIAbstractKeyword.groovy:27)
	at com.kms.katalon.core.webui.keyword.internal.WebUIAbstractKeyword.findWebElement(WebUIAbstractKeyword.groovy:26)
	at com.kms.katalon.core.webui.keyword.builtin.SetTextKeyword$_setText_closure1.doCall(SetTextKeyword.groovy:51)
	at com.kms.katalon.core.webui.keyword.builtin.SetTextKeyword$_setText_closure1.call(SetTextKeyword.groovy)
	at com.kms.katalon.core.webui.keyword.internal.WebUIKeywordMain.runKeyword(WebUIKeywordMain.groovy:20)
	at com.kms.katalon.core.webui.keyword.builtin.SetTextKeyword.setText(SetTextKeyword.groovy:66)
	at com.kms.katalon.core.webui.keyword.builtin.SetTextKeyword.execute(SetTextKeyword.groovy:37)
	at com.kms.katalon.core.keyword.internal.KeywordExecutor.executeKeywordForPlatform(KeywordExecutor.groovy:74)
	at com.kms.katalon.core.webui.keyword.WebUiBuiltInKeywords.setText(WebUiBuiltInKeywords.groovy:980)
	at com.kms.katalon.core.webui.keyword.WebUiBuiltInKeywords$setText$2.call(Unknown Source)
	at Script1641383823719.run(Script1641383823719.groovy:34)
	... 16 more
)

2022-01-16 19:40:22 - [MESSAGE][INFO] - Unable to find the element located by 'By.xpath: //input[@id='id_name']'. Please recheck the objects properties to make sure the desired element is located. 

2022-01-16 19:40:22 - [MESSAGE][WARNING] - [SELF-HEALING] Failed to find element with id 'Object Repository/Page_Dashboard/input_Event title_name'. Try using Self-healing.

2022-01-16 19:40:22 - [MESSAGE][INFO] - [SELF-HEALING] Failed Locator: '//input[@id='id_name']'.

2022-01-16 19:40:23 - [MESSAGE][INFO] - [SELF-HEALING] Failed Locator: '//div[@id='yui_3_17_2_1_1641946158383_761']/input'.

2022-01-16 19:40:23 - [MESSAGE][INFO] - [SELF-HEALING] Failed Locator: '//div/div[2]/input'.

2022-01-16 19:40:23 - [MESSAGE][INFO] - [SELF-HEALING] Failed Locator: '//input[@id='id_name']'.

2022-01-16 19:40:24 - [MESSAGE][INFO] - [SELF-HEALING] Failed Locator: '//div[@id='yui_3_17_2_1_1641946158383_761']/input'.

2022-01-16 19:40:24 - [MESSAGE][INFO] - [SELF-HEALING] Failed Locator: '//div/div[2]/input'.

2022-01-16 19:40:25 - [MESSAGE][INFO] - Unable to find the element located by 'By.xpath: //*[@type = 'text' and @name = 'name' and @id = 'id_name']'. Please recheck the objects properties to make sure the desired element is located. 

2022-01-16 19:40:26 - [MESSAGE][INFO] - Unable to find the element located by 'By.cssSelector: #id_name'. Please recheck the objects properties to make sure the desired element is located. 

2022-01-16 19:40:26 - [MESSAGE][FAILED] - Unable to set text '10' of object 'Object Repository/Page_Dashboard/input_Event title_name' (Root cause: com.kms.katalon.core.exception.StepFailedException: Unable to set text '10' of object 'Object Repository/Page_Dashboard/input_Event title_name'
	at com.kms.katalon.core.webui.keyword.internal.WebUIKeywordMain.stepFailed(WebUIKeywordMain.groovy:64)
	at com.kms.katalon.core.webui.keyword.internal.WebUIKeywordMain.runKeyword(WebUIKeywordMain.groovy:26)
	at com.kms.katalon.core.webui.keyword.builtin.SetTextKeyword.setText(SetTextKeyword.groovy:66)
	at com.kms.katalon.core.webui.keyword.builtin.SetTextKeyword.execute(SetTextKeyword.groovy:37)
	at com.kms.katalon.core.keyword.internal.KeywordExecutor.executeKeywordForPlatform(KeywordExecutor.groovy:74)
	at com.kms.katalon.core.webui.keyword.WebUiBuiltInKeywords.setText(WebUiBuiltInKeywords.groovy:980)
	at com.kms.katalon.core.webui.keyword.WebUiBuiltInKeywords$setText$2.call(Unknown Source)
	at Create a event course type (event button).run(Create a event course type (event button):34)
	at com.kms.katalon.core.main.ScriptEngine.run(ScriptEngine.java:194)
	at com.kms.katalon.core.main.ScriptEngine.runScriptAsRawText(ScriptEngine.java:119)
	at com.kms.katalon.core.main.TestCaseExecutor.runScript(TestCaseExecutor.java:442)
	at com.kms.katalon.core.main.TestCaseExecutor.doExecute(TestCaseExecutor.java:433)
	at com.kms.katalon.core.main.TestCaseExecutor.processExecutionPhase(TestCaseExecutor.java:412)
	at com.kms.katalon.core.main.TestCaseExecutor.accessMainPhase(TestCaseExecutor.java:404)
	at com.kms.katalon.core.main.TestCaseExecutor.execute(TestCaseExecutor.java:281)
	at com.kms.katalon.core.main.TestCaseExecutor.execute(TestCaseExecutor.java:363)
	at com.kms.katalon.core.main.TestCaseExecutor.execute(TestCaseExecutor.java:363)
	at com.kms.katalon.core.main.TestCaseExecutor.execute(TestCaseExecutor.java:363)
	at com.kms.katalon.core.main.TestSuiteExecutor.accessTestCaseMainPhase(TestSuiteExecutor.java:202)
	at com.kms.katalon.core.main.TestSuiteExecutor.accessTestSuiteMainPhase(TestSuiteExecutor.java:164)
	at com.kms.katalon.core.main.TestSuiteExecutor.execute(TestSuiteExecutor.java:105)
	at com.kms.katalon.core.main.TestCaseMain.startTestSuite(TestCaseMain.java:181)
	at com.kms.katalon.core.main.TestCaseMain$startTestSuite$0.call(Unknown Source)
	at TempTestSuite1642334705478.run(TempTestSuite1642334705478.groovy:36)
Caused by: com.kms.katalon.core.webui.exception.WebElementNotFoundException: Web element with id: 'Object Repository/Page_Dashboard/input_Event title_name' located by '//input[@id='id_name']' not found
	at com.kms.katalon.core.webui.common.WebUiCommonHelper.findWebElement(WebUiCommonHelper.java:1368)
	at com.kms.katalon.core.webui.keyword.internal.WebUIAbstractKeyword.findWebElement(WebUIAbstractKeyword.groovy:27)
	at com.kms.katalon.core.webui.keyword.internal.WebUIAbstractKeyword.findWebElement(WebUIAbstractKeyword.groovy:26)
	at com.kms.katalon.core.webui.keyword.builtin.SetTextKeyword$_setText_closure1.doCall(SetTextKeyword.groovy:51)
	at com.kms.katalon.core.webui.keyword.builtin.SetTextKeyword$_setText_closure1.call(SetTextKeyword.groovy)
	at com.kms.katalon.core.webui.keyword.internal.WebUIKeywordMain.runKeyword(WebUIKeywordMain.groovy:20)
	at com.kms.katalon.core.webui.keyword.builtin.SetTextKeyword.setText(SetTextKeyword.groovy:66)
	at com.kms.katalon.core.webui.keyword.builtin.SetTextKeyword.execute(SetTextKeyword.groovy:37)
	at com.kms.katalon.core.keyword.internal.KeywordExecutor.executeKeywordForPlatform(KeywordExecutor.groovy:74)
	at com.kms.katalon.core.webui.keyword.WebUiBuiltInKeywords.setText(WebUiBuiltInKeywords.groovy:980)
	at com.kms.katalon.core.webui.keyword.WebUiBuiltInKeywords$setText$2.call(Unknown Source)
	at Script1641383823719.run(Script1641383823719.groovy:34)
	... 16 more
)
[[ATTACHMENT|C:\\Users\\antra\\git\\SE-Bonus-Assginment-Group1\\Reports\\20220116_190505\\Run all test cases\\20220116_190505\\1642336826628.png]]]]></system-out>
         <system-err><![CDATA[2022-01-16 19:39:14 - [TEST_CASE][FAILED] - Test Cases/I1/Create a event course type (event button): Test Cases/I1/Create a event course type (event button) FAILED.
Reason:
com.kms.katalon.core.exception.StepFailedException: Unable to set text '10' of object 'Object Repository/Page_Dashboard/input_Event title_name'
	at com.kms.katalon.core.webui.keyword.internal.WebUIKeywordMain.stepFailed(WebUIKeywordMain.groovy:64)
	at com.kms.katalon.core.webui.keyword.internal.WebUIKeywordMain.runKeyword(WebUIKeywordMain.groovy:26)
	at com.kms.katalon.core.webui.keyword.builtin.SetTextKeyword.setText(SetTextKeyword.groovy:66)
	at com.kms.katalon.core.webui.keyword.builtin.SetTextKeyword.execute(SetTextKeyword.groovy:37)
	at com.kms.katalon.core.keyword.internal.KeywordExecutor.executeKeywordForPlatform(KeywordExecutor.groovy:74)
	at com.kms.katalon.core.webui.keyword.WebUiBuiltInKeywords.setText(WebUiBuiltInKeywords.groovy:980)
	at com.kms.katalon.core.webui.keyword.WebUiBuiltInKeywords$setText$2.call(Unknown Source)
	at Create a event course type (event button).run(Create a event course type (event button):34)
	at com.kms.katalon.core.main.ScriptEngine.run(ScriptEngine.java:194)
	at com.kms.katalon.core.main.ScriptEngine.runScriptAsRawText(ScriptEngine.java:119)
	at com.kms.katalon.core.main.TestCaseExecutor.runScript(TestCaseExecutor.java:442)
	at com.kms.katalon.core.main.TestCaseExecutor.doExecute(TestCaseExecutor.java:433)
	at com.kms.katalon.core.main.TestCaseExecutor.processExecutionPhase(TestCaseExecutor.java:412)
	at com.kms.katalon.core.main.TestCaseExecutor.accessMainPhase(TestCaseExecutor.java:404)
	at com.kms.katalon.core.main.TestCaseExecutor.execute(TestCaseExecutor.java:281)
	at com.kms.katalon.core.main.TestCaseExecutor.execute(TestCaseExecutor.java:363)
	at com.kms.katalon.core.main.TestCaseExecutor.execute(TestCaseExecutor.java:363)
	at com.kms.katalon.core.main.TestCaseExecutor.execute(TestCaseExecutor.java:363)
	at com.kms.katalon.core.main.TestSuiteExecutor.accessTestCaseMainPhase(TestSuiteExecutor.java:202)
	at com.kms.katalon.core.main.TestSuiteExecutor.accessTestSuiteMainPhase(TestSuiteExecutor.java:164)
	at com.kms.katalon.core.main.TestSuiteExecutor.execute(TestSuiteExecutor.java:105)
	at com.kms.katalon.core.main.TestCaseMain.startTestSuite(TestCaseMain.java:181)
	at com.kms.katalon.core.main.TestCaseMain$startTestSuite$0.call(Unknown Source)
	at TempTestSuite1642334705478.run(TempTestSuite1642334705478.groovy:36)
Caused by: com.kms.katalon.core.webui.exception.WebElementNotFoundException: Web element with id: 'Object Repository/Page_Dashboard/input_Event title_name' located by '//input[@id='id_name']' not found
	at com.kms.katalon.core.webui.common.WebUiCommonHelper.findWebElement(WebUiCommonHelper.java:1368)
	at com.kms.katalon.core.webui.keyword.internal.WebUIAbstractKeyword.findWebElement(WebUIAbstractKeyword.groovy:27)
	at com.kms.katalon.core.webui.keyword.internal.WebUIAbstractKeyword.findWebElement(WebUIAbstractKeyword.groovy:26)
	at com.kms.katalon.core.webui.keyword.builtin.SetTextKeyword$_setText_closure1.doCall(SetTextKeyword.groovy:51)
	at com.kms.katalon.core.webui.keyword.builtin.SetTextKeyword$_setText_closure1.call(SetTextKeyword.groovy)
	at com.kms.katalon.core.webui.keyword.internal.WebUIKeywordMain.runKeyword(WebUIKeywordMain.groovy:20)
	... 22 more]]></system-err>
      </testcase>
      <testcase name="Test Cases/I1/Create a event site type (event button)" time="72.571" classname="Test Cases/I1/Create a event site type (event button)" status="FAILED">
         <failure type="FAILED" message="Test Cases/I1/Create a event site type (event button) FAILED.
Reason:
com.kms.katalon.core.exception.StepFailedException: Unable to set text '5' of object 'Object Repository/Page_Dashboard/input_Event title_name'
	at com.kms.katalon.core.webui.keyword.internal.WebUIKeywordMain.stepFailed(WebUIKeywordMain.groovy:64)
	at com.kms.katalon.core.webui.keyword.internal.WebUIKeywordMain.runKeyword(WebUIKeywordMain.groovy:26)
	at com.kms.katalon.core.webui.keyword.builtin.SetTextKeyword.setText(SetTextKeyword.groovy:66)
	at com.kms.katalon.core.webui.keyword.builtin.SetTextKeyword.execute(SetTextKeyword.groovy:37)
	at com.kms.katalon.core.keyword.internal.KeywordExecutor.executeKeywordForPlatform(KeywordExecutor.groovy:74)
	at com.kms.katalon.core.webui.keyword.WebUiBuiltInKeywords.setText(WebUiBuiltInKeywords.groovy:980)
	at com.kms.katalon.core.webui.keyword.WebUiBuiltInKeywords$setText$2.call(Unknown Source)
	at Create a event site type (event button).run(Create a event site type (event button):34)
	at com.kms.katalon.core.main.ScriptEngine.run(ScriptEngine.java:194)
	at com.kms.katalon.core.main.ScriptEngine.runScriptAsRawText(ScriptEngine.java:119)
	at com.kms.katalon.core.main.TestCaseExecutor.runScript(TestCaseExecutor.java:442)
	at com.kms.katalon.core.main.TestCaseExecutor.doExecute(TestCaseExecutor.java:433)
	at com.kms.katalon.core.main.TestCaseExecutor.processExecutionPhase(TestCaseExecutor.java:412)
	at com.kms.katalon.core.main.TestCaseExecutor.accessMainPhase(TestCaseExecutor.java:404)
	at com.kms.katalon.core.main.TestCaseExecutor.execute(TestCaseExecutor.java:281)
	at com.kms.katalon.core.main.TestCaseExecutor.execute(TestCaseExecutor.java:363)
	at com.kms.katalon.core.main.TestCaseExecutor.execute(TestCaseExecutor.java:363)
	at com.kms.katalon.core.main.TestCaseExecutor.execute(TestCaseExecutor.java:363)
	at com.kms.katalon.core.main.TestSuiteExecutor.accessTestCaseMainPhase(TestSuiteExecutor.java:202)
	at com.kms.katalon.core.main.TestSuiteExecutor.accessTestSuiteMainPhase(TestSuiteExecutor.java:164)
	at com.kms.katalon.core.main.TestSuiteExecutor.execute(TestSuiteExecutor.java:105)
	at com.kms.katalon.core.main.TestCaseMain.startTestSuite(TestCaseMain.java:181)
	at com.kms.katalon.core.main.TestCaseMain$startTestSuite$0.call(Unknown Source)
	at TempTestSuite1642334705478.run(TempTestSuite1642334705478.groovy:36)
Caused by: com.kms.katalon.core.webui.exception.WebElementNotFoundException: Web element with id: 'Object Repository/Page_Dashboard/input_Event title_name' located by '//input[@id='id_name']' not found
	at com.kms.katalon.core.webui.common.WebUiCommonHelper.findWebElement(WebUiCommonHelper.java:1368)
	at com.kms.katalon.core.webui.keyword.internal.WebUIAbstractKeyword.findWebElement(WebUIAbstractKeyword.groovy:27)
	at com.kms.katalon.core.webui.keyword.internal.WebUIAbstractKeyword.findWebElement(WebUIAbstractKeyword.groovy:26)
	at com.kms.katalon.core.webui.keyword.builtin.SetTextKeyword$_setText_closure1.doCall(SetTextKeyword.groovy:51)
	at com.kms.katalon.core.webui.keyword.builtin.SetTextKeyword$_setText_closure1.call(SetTextKeyword.groovy)
	at com.kms.katalon.core.webui.keyword.internal.WebUIKeywordMain.runKeyword(WebUIKeywordMain.groovy:20)
	... 22 more
"/>
         <system-out><![CDATA[2022-01-16 19:44:07 - [TEST_CASE][FAILED] - Test Cases/I1/Create a event site type (event button): Test Cases/I1/Create a event site type (event button) FAILED.
Reason:
com.kms.katalon.core.exception.StepFailedException: Unable to set text '5' of object 'Object Repository/Page_Dashboard/input_Event title_name'
	at com.kms.katalon.core.webui.keyword.internal.WebUIKeywordMain.stepFailed(WebUIKeywordMain.groovy:64)
	at com.kms.katalon.core.webui.keyword.internal.WebUIKeywordMain.runKeyword(WebUIKeywordMain.groovy:26)
	at com.kms.katalon.core.webui.keyword.builtin.SetTextKeyword.setText(SetTextKeyword.groovy:66)
	at com.kms.katalon.core.webui.keyword.builtin.SetTextKeyword.execute(SetTextKeyword.groovy:37)
	at com.kms.katalon.core.keyword.internal.KeywordExecutor.executeKeywordForPlatform(KeywordExecutor.groovy:74)
	at com.kms.katalon.core.webui.keyword.WebUiBuiltInKeywords.setText(WebUiBuiltInKeywords.groovy:980)
	at com.kms.katalon.core.webui.keyword.WebUiBuiltInKeywords$setText$2.call(Unknown Source)
	at Create a event site type (event button).run(Create a event site type (event button):34)
	at com.kms.katalon.core.main.ScriptEngine.run(ScriptEngine.java:194)
	at com.kms.katalon.core.main.ScriptEngine.runScriptAsRawText(ScriptEngine.java:119)
	at com.kms.katalon.core.main.TestCaseExecutor.runScript(TestCaseExecutor.java:442)
	at com.kms.katalon.core.main.TestCaseExecutor.doExecute(TestCaseExecutor.java:433)
	at com.kms.katalon.core.main.TestCaseExecutor.processExecutionPhase(TestCaseExecutor.java:412)
	at com.kms.katalon.core.main.TestCaseExecutor.accessMainPhase(TestCaseExecutor.java:404)
	at com.kms.katalon.core.main.TestCaseExecutor.execute(TestCaseExecutor.java:281)
	at com.kms.katalon.core.main.TestCaseExecutor.execute(TestCaseExecutor.java:363)
	at com.kms.katalon.core.main.TestCaseExecutor.execute(TestCaseExecutor.java:363)
	at com.kms.katalon.core.main.TestCaseExecutor.execute(TestCaseExecutor.java:363)
	at com.kms.katalon.core.main.TestSuiteExecutor.accessTestCaseMainPhase(TestSuiteExecutor.java:202)
	at com.kms.katalon.core.main.TestSuiteExecutor.accessTestSuiteMainPhase(TestSuiteExecutor.java:164)
	at com.kms.katalon.core.main.TestSuiteExecutor.execute(TestSuiteExecutor.java:105)
	at com.kms.katalon.core.main.TestCaseMain.startTestSuite(TestCaseMain.java:181)
	at com.kms.katalon.core.main.TestCaseMain$startTestSuite$0.call(Unknown Source)
	at TempTestSuite1642334705478.run(TempTestSuite1642334705478.groovy:36)
Caused by: com.kms.katalon.core.webui.exception.WebElementNotFoundException: Web element with id: 'Object Repository/Page_Dashboard/input_Event title_name' located by '//input[@id='id_name']' not found
	at com.kms.katalon.core.webui.common.WebUiCommonHelper.findWebElement(WebUiCommonHelper.java:1368)
	at com.kms.katalon.core.webui.keyword.internal.WebUIAbstractKeyword.findWebElement(WebUIAbstractKeyword.groovy:27)
	at com.kms.katalon.core.webui.keyword.internal.WebUIAbstractKeyword.findWebElement(WebUIAbstractKeyword.groovy:26)
	at com.kms.katalon.core.webui.keyword.builtin.SetTextKeyword$_setText_closure1.doCall(SetTextKeyword.groovy:51)
	at com.kms.katalon.core.webui.keyword.builtin.SetTextKeyword$_setText_closure1.call(SetTextKeyword.groovy)
	at com.kms.katalon.core.webui.keyword.internal.WebUIKeywordMain.runKeyword(WebUIKeywordMain.groovy:20)
	... 22 more


2022-01-16 19:44:07 - [TEST_STEP][PASSED] - openBrowser(""): Browser is opened with url: ''

2022-01-16 19:44:07 - [MESSAGE][WARNING] - A browser is already opened. Closing browser and opening a new one

2022-01-16 19:44:08 - [MESSAGE][INFO] - Starting 'Chrome' driver

2022-01-16 19:44:08 - [MESSAGE][INFO] - Action delay is set to 0 milliseconds

2022-01-16 19:44:09 - [MESSAGE][PASSED] - Browser is opened with url: ''

2022-01-16 19:44:09 - [TEST_STEP][PASSED] - navigateToUrl("http://localhost/"): Navigate to 'http://localhost/' successfully

2022-01-16 19:44:09 - [MESSAGE][PASSED] - Navigate to 'http://localhost/' successfully

2022-01-16 19:44:09 - [TEST_STEP][PASSED] - click(findTestObject("Object Repository/Page_L Tm Anh/a_Log in")): Object: 'Object Repository/Page_L Tm Anh/a_Log in' is clicked on

2022-01-16 19:44:10 - [MESSAGE][PASSED] - Object: 'Object Repository/Page_L Tm Anh/a_Log in' is clicked on

2022-01-16 19:44:10 - [TEST_STEP][PASSED] - setText(findTestObject("Object Repository/Page_L Tm Anh Log in to the site/input_Username_username"), "admin"): Text 'admin' is set on object 'Object Repository/Page_L Tm Anh Log in to the site/input_Username_username'

2022-01-16 19:44:11 - [MESSAGE][PASSED] - Text 'admin' is set on object 'Object Repository/Page_L Tm Anh Log in to the site/input_Username_username'

2022-01-16 19:44:11 - [TEST_STEP][PASSED] - setEncryptedText(findTestObject("Object Repository/Page_L Tm Anh Log in to the site/input_Password_password"), "eGmz8XUbrLe3vUQiiiujBg=="): Text ****** has been set on object 'Object Repository/Page_L Tm Anh Log in to the site/input_Password_password'

2022-01-16 19:44:11 - [MESSAGE][PASSED] - Text ****** has been set on object 'Object Repository/Page_L Tm Anh Log in to the site/input_Password_password'

2022-01-16 19:44:11 - [TEST_STEP][PASSED] - click(findTestObject("Object Repository/Page_L Tm Anh Log in to the site/button_Log in")): Object: 'Object Repository/Page_L Tm Anh Log in to the site/button_Log in' is clicked on

2022-01-16 19:44:12 - [MESSAGE][PASSED] - Object: 'Object Repository/Page_L Tm Anh Log in to the site/button_Log in' is clicked on

2022-01-16 19:44:12 - [TEST_STEP][PASSED] - click(findTestObject("Object Repository/Page_Dashboard/button_New event")): Object: 'Object Repository/Page_Dashboard/button_New event' is clicked on

2022-01-16 19:44:44 - [MESSAGE][INFO] - Unable to find the element located by 'By.xpath: //div[@id='calendar-month-61de1c2e471ee61de1c2e3471f2-1']/div/button'. Please recheck the objects properties to make sure the desired element is located. 

2022-01-16 19:44:44 - [MESSAGE][WARNING] - [SELF-HEALING] Failed to find element with id 'Object Repository/Page_Dashboard/button_New event'. Try using Self-healing.

2022-01-16 19:44:44 - [MESSAGE][WARNING] - [SELF-HEALING] The current locator of test object 'Object Repository/Page_Dashboard/button_New event' was broken. Propose an alternative one: '(.//*[normalize-space(text()) and normalize-space(.)='List of courses'])[1]/following::button[1]'.

2022-01-16 19:44:44 - [MESSAGE][PASSED] - Object: 'Object Repository/Page_Dashboard/button_New event' is clicked on

2022-01-16 19:44:44 - [TEST_STEP][FAILED] - setText(findTestObject("Object Repository/Page_Dashboard/input_Event title_name"), "5"): Unable to set text '5' of object 'Object Repository/Page_Dashboard/input_Event title_name' (Root cause: com.kms.katalon.core.exception.StepFailedException: Unable to set text '5' of object 'Object Repository/Page_Dashboard/input_Event title_name'
	at com.kms.katalon.core.webui.keyword.internal.WebUIKeywordMain.stepFailed(WebUIKeywordMain.groovy:64)
	at com.kms.katalon.core.webui.keyword.internal.WebUIKeywordMain.runKeyword(WebUIKeywordMain.groovy:26)
	at com.kms.katalon.core.webui.keyword.builtin.SetTextKeyword.setText(SetTextKeyword.groovy:66)
	at com.kms.katalon.core.webui.keyword.builtin.SetTextKeyword.execute(SetTextKeyword.groovy:37)
	at com.kms.katalon.core.keyword.internal.KeywordExecutor.executeKeywordForPlatform(KeywordExecutor.groovy:74)
	at com.kms.katalon.core.webui.keyword.WebUiBuiltInKeywords.setText(WebUiBuiltInKeywords.groovy:980)
	at com.kms.katalon.core.webui.keyword.WebUiBuiltInKeywords$setText$2.call(Unknown Source)
	at Create a event site type (event button).run(Create a event site type (event button):34)
	at com.kms.katalon.core.main.ScriptEngine.run(ScriptEngine.java:194)
	at com.kms.katalon.core.main.ScriptEngine.runScriptAsRawText(ScriptEngine.java:119)
	at com.kms.katalon.core.main.TestCaseExecutor.runScript(TestCaseExecutor.java:442)
	at com.kms.katalon.core.main.TestCaseExecutor.doExecute(TestCaseExecutor.java:433)
	at com.kms.katalon.core.main.TestCaseExecutor.processExecutionPhase(TestCaseExecutor.java:412)
	at com.kms.katalon.core.main.TestCaseExecutor.accessMainPhase(TestCaseExecutor.java:404)
	at com.kms.katalon.core.main.TestCaseExecutor.execute(TestCaseExecutor.java:281)
	at com.kms.katalon.core.main.TestCaseExecutor.execute(TestCaseExecutor.java:363)
	at com.kms.katalon.core.main.TestCaseExecutor.execute(TestCaseExecutor.java:363)
	at com.kms.katalon.core.main.TestCaseExecutor.execute(TestCaseExecutor.java:363)
	at com.kms.katalon.core.main.TestSuiteExecutor.accessTestCaseMainPhase(TestSuiteExecutor.java:202)
	at com.kms.katalon.core.main.TestSuiteExecutor.accessTestSuiteMainPhase(TestSuiteExecutor.java:164)
	at com.kms.katalon.core.main.TestSuiteExecutor.execute(TestSuiteExecutor.java:105)
	at com.kms.katalon.core.main.TestCaseMain.startTestSuite(TestCaseMain.java:181)
	at com.kms.katalon.core.main.TestCaseMain$startTestSuite$0.call(Unknown Source)
	at TempTestSuite1642334705478.run(TempTestSuite1642334705478.groovy:36)
Caused by: com.kms.katalon.core.webui.exception.WebElementNotFoundException: Web element with id: 'Object Repository/Page_Dashboard/input_Event title_name' located by '//input[@id='id_name']' not found
	at com.kms.katalon.core.webui.common.WebUiCommonHelper.findWebElement(WebUiCommonHelper.java:1368)
	at com.kms.katalon.core.webui.keyword.internal.WebUIAbstractKeyword.findWebElement(WebUIAbstractKeyword.groovy:27)
	at com.kms.katalon.core.webui.keyword.internal.WebUIAbstractKeyword.findWebElement(WebUIAbstractKeyword.groovy:26)
	at com.kms.katalon.core.webui.keyword.builtin.SetTextKeyword$_setText_closure1.doCall(SetTextKeyword.groovy:51)
	at com.kms.katalon.core.webui.keyword.builtin.SetTextKeyword$_setText_closure1.call(SetTextKeyword.groovy)
	at com.kms.katalon.core.webui.keyword.internal.WebUIKeywordMain.runKeyword(WebUIKeywordMain.groovy:20)
	at com.kms.katalon.core.webui.keyword.builtin.SetTextKeyword.setText(SetTextKeyword.groovy:66)
	at com.kms.katalon.core.webui.keyword.builtin.SetTextKeyword.execute(SetTextKeyword.groovy:37)
	at com.kms.katalon.core.keyword.internal.KeywordExecutor.executeKeywordForPlatform(KeywordExecutor.groovy:74)
	at com.kms.katalon.core.webui.keyword.WebUiBuiltInKeywords.setText(WebUiBuiltInKeywords.groovy:980)
	at com.kms.katalon.core.webui.keyword.WebUiBuiltInKeywords$setText$2.call(Unknown Source)
	at Script1641383840853.run(Script1641383840853.groovy:34)
	... 16 more
)

2022-01-16 19:45:15 - [MESSAGE][INFO] - Unable to find the element located by 'By.xpath: //input[@id='id_name']'. Please recheck the objects properties to make sure the desired element is located. 

2022-01-16 19:45:15 - [MESSAGE][WARNING] - [SELF-HEALING] Failed to find element with id 'Object Repository/Page_Dashboard/input_Event title_name'. Try using Self-healing.

2022-01-16 19:45:16 - [MESSAGE][INFO] - [SELF-HEALING] Failed Locator: '//input[@id='id_name']'.

2022-01-16 19:45:16 - [MESSAGE][INFO] - [SELF-HEALING] Failed Locator: '//div[@id='yui_3_17_2_1_1641946158383_761']/input'.

2022-01-16 19:45:16 - [MESSAGE][INFO] - [SELF-HEALING] Failed Locator: '//div/div[2]/input'.

2022-01-16 19:45:16 - [MESSAGE][INFO] - [SELF-HEALING] Failed Locator: '//input[@id='id_name']'.

2022-01-16 19:45:17 - [MESSAGE][INFO] - [SELF-HEALING] Failed Locator: '//div[@id='yui_3_17_2_1_1641946158383_761']/input'.

2022-01-16 19:45:17 - [MESSAGE][INFO] - [SELF-HEALING] Failed Locator: '//div/div[2]/input'.

2022-01-16 19:45:18 - [MESSAGE][INFO] - Unable to find the element located by 'By.xpath: //*[@type = 'text' and @name = 'name' and @id = 'id_name']'. Please recheck the objects properties to make sure the desired element is located. 

2022-01-16 19:45:19 - [MESSAGE][INFO] - Unable to find the element located by 'By.cssSelector: #id_name'. Please recheck the objects properties to make sure the desired element is located. 

2022-01-16 19:45:19 - [MESSAGE][FAILED] - Unable to set text '5' of object 'Object Repository/Page_Dashboard/input_Event title_name' (Root cause: com.kms.katalon.core.exception.StepFailedException: Unable to set text '5' of object 'Object Repository/Page_Dashboard/input_Event title_name'
	at com.kms.katalon.core.webui.keyword.internal.WebUIKeywordMain.stepFailed(WebUIKeywordMain.groovy:64)
	at com.kms.katalon.core.webui.keyword.internal.WebUIKeywordMain.runKeyword(WebUIKeywordMain.groovy:26)
	at com.kms.katalon.core.webui.keyword.builtin.SetTextKeyword.setText(SetTextKeyword.groovy:66)
	at com.kms.katalon.core.webui.keyword.builtin.SetTextKeyword.execute(SetTextKeyword.groovy:37)
	at com.kms.katalon.core.keyword.internal.KeywordExecutor.executeKeywordForPlatform(KeywordExecutor.groovy:74)
	at com.kms.katalon.core.webui.keyword.WebUiBuiltInKeywords.setText(WebUiBuiltInKeywords.groovy:980)
	at com.kms.katalon.core.webui.keyword.WebUiBuiltInKeywords$setText$2.call(Unknown Source)
	at Create a event site type (event button).run(Create a event site type (event button):34)
	at com.kms.katalon.core.main.ScriptEngine.run(ScriptEngine.java:194)
	at com.kms.katalon.core.main.ScriptEngine.runScriptAsRawText(ScriptEngine.java:119)
	at com.kms.katalon.core.main.TestCaseExecutor.runScript(TestCaseExecutor.java:442)
	at com.kms.katalon.core.main.TestCaseExecutor.doExecute(TestCaseExecutor.java:433)
	at com.kms.katalon.core.main.TestCaseExecutor.processExecutionPhase(TestCaseExecutor.java:412)
	at com.kms.katalon.core.main.TestCaseExecutor.accessMainPhase(TestCaseExecutor.java:404)
	at com.kms.katalon.core.main.TestCaseExecutor.execute(TestCaseExecutor.java:281)
	at com.kms.katalon.core.main.TestCaseExecutor.execute(TestCaseExecutor.java:363)
	at com.kms.katalon.core.main.TestCaseExecutor.execute(TestCaseExecutor.java:363)
	at com.kms.katalon.core.main.TestCaseExecutor.execute(TestCaseExecutor.java:363)
	at com.kms.katalon.core.main.TestSuiteExecutor.accessTestCaseMainPhase(TestSuiteExecutor.java:202)
	at com.kms.katalon.core.main.TestSuiteExecutor.accessTestSuiteMainPhase(TestSuiteExecutor.java:164)
	at com.kms.katalon.core.main.TestSuiteExecutor.execute(TestSuiteExecutor.java:105)
	at com.kms.katalon.core.main.TestCaseMain.startTestSuite(TestCaseMain.java:181)
	at com.kms.katalon.core.main.TestCaseMain$startTestSuite$0.call(Unknown Source)
	at TempTestSuite1642334705478.run(TempTestSuite1642334705478.groovy:36)
Caused by: com.kms.katalon.core.webui.exception.WebElementNotFoundException: Web element with id: 'Object Repository/Page_Dashboard/input_Event title_name' located by '//input[@id='id_name']' not found
	at com.kms.katalon.core.webui.common.WebUiCommonHelper.findWebElement(WebUiCommonHelper.java:1368)
	at com.kms.katalon.core.webui.keyword.internal.WebUIAbstractKeyword.findWebElement(WebUIAbstractKeyword.groovy:27)
	at com.kms.katalon.core.webui.keyword.internal.WebUIAbstractKeyword.findWebElement(WebUIAbstractKeyword.groovy:26)
	at com.kms.katalon.core.webui.keyword.builtin.SetTextKeyword$_setText_closure1.doCall(SetTextKeyword.groovy:51)
	at com.kms.katalon.core.webui.keyword.builtin.SetTextKeyword$_setText_closure1.call(SetTextKeyword.groovy)
	at com.kms.katalon.core.webui.keyword.internal.WebUIKeywordMain.runKeyword(WebUIKeywordMain.groovy:20)
	at com.kms.katalon.core.webui.keyword.builtin.SetTextKeyword.setText(SetTextKeyword.groovy:66)
	at com.kms.katalon.core.webui.keyword.builtin.SetTextKeyword.execute(SetTextKeyword.groovy:37)
	at com.kms.katalon.core.keyword.internal.KeywordExecutor.executeKeywordForPlatform(KeywordExecutor.groovy:74)
	at com.kms.katalon.core.webui.keyword.WebUiBuiltInKeywords.setText(WebUiBuiltInKeywords.groovy:980)
	at com.kms.katalon.core.webui.keyword.WebUiBuiltInKeywords$setText$2.call(Unknown Source)
	at Script1641383840853.run(Script1641383840853.groovy:34)
	... 16 more
)
[[ATTACHMENT|C:\\Users\\antra\\git\\SE-Bonus-Assginment-Group1\\Reports\\20220116_190505\\Run all test cases\\20220116_190505\\1642337119737.png]]]]></system-out>
         <system-err><![CDATA[2022-01-16 19:44:07 - [TEST_CASE][FAILED] - Test Cases/I1/Create a event site type (event button): Test Cases/I1/Create a event site type (event button) FAILED.
Reason:
com.kms.katalon.core.exception.StepFailedException: Unable to set text '5' of object 'Object Repository/Page_Dashboard/input_Event title_name'
	at com.kms.katalon.core.webui.keyword.internal.WebUIKeywordMain.stepFailed(WebUIKeywordMain.groovy:64)
	at com.kms.katalon.core.webui.keyword.internal.WebUIKeywordMain.runKeyword(WebUIKeywordMain.groovy:26)
	at com.kms.katalon.core.webui.keyword.builtin.SetTextKeyword.setText(SetTextKeyword.groovy:66)
	at com.kms.katalon.core.webui.keyword.builtin.SetTextKeyword.execute(SetTextKeyword.groovy:37)
	at com.kms.katalon.core.keyword.internal.KeywordExecutor.executeKeywordForPlatform(KeywordExecutor.groovy:74)
	at com.kms.katalon.core.webui.keyword.WebUiBuiltInKeywords.setText(WebUiBuiltInKeywords.groovy:980)
	at com.kms.katalon.core.webui.keyword.WebUiBuiltInKeywords$setText$2.call(Unknown Source)
	at Create a event site type (event button).run(Create a event site type (event button):34)
	at com.kms.katalon.core.main.ScriptEngine.run(ScriptEngine.java:194)
	at com.kms.katalon.core.main.ScriptEngine.runScriptAsRawText(ScriptEngine.java:119)
	at com.kms.katalon.core.main.TestCaseExecutor.runScript(TestCaseExecutor.java:442)
	at com.kms.katalon.core.main.TestCaseExecutor.doExecute(TestCaseExecutor.java:433)
	at com.kms.katalon.core.main.TestCaseExecutor.processExecutionPhase(TestCaseExecutor.java:412)
	at com.kms.katalon.core.main.TestCaseExecutor.accessMainPhase(TestCaseExecutor.java:404)
	at com.kms.katalon.core.main.TestCaseExecutor.execute(TestCaseExecutor.java:281)
	at com.kms.katalon.core.main.TestCaseExecutor.execute(TestCaseExecutor.java:363)
	at com.kms.katalon.core.main.TestCaseExecutor.execute(TestCaseExecutor.java:363)
	at com.kms.katalon.core.main.TestCaseExecutor.execute(TestCaseExecutor.java:363)
	at com.kms.katalon.core.main.TestSuiteExecutor.accessTestCaseMainPhase(TestSuiteExecutor.java:202)
	at com.kms.katalon.core.main.TestSuiteExecutor.accessTestSuiteMainPhase(TestSuiteExecutor.java:164)
	at com.kms.katalon.core.main.TestSuiteExecutor.execute(TestSuiteExecutor.java:105)
	at com.kms.katalon.core.main.TestCaseMain.startTestSuite(TestCaseMain.java:181)
	at com.kms.katalon.core.main.TestCaseMain$startTestSuite$0.call(Unknown Source)
	at TempTestSuite1642334705478.run(TempTestSuite1642334705478.groovy:36)
Caused by: com.kms.katalon.core.webui.exception.WebElementNotFoundException: Web element with id: 'Object Repository/Page_Dashboard/input_Event title_name' located by '//input[@id='id_name']' not found
	at com.kms.katalon.core.webui.common.WebUiCommonHelper.findWebElement(WebUiCommonHelper.java:1368)
	at com.kms.katalon.core.webui.keyword.internal.WebUIAbstractKeyword.findWebElement(WebUIAbstractKeyword.groovy:27)
	at com.kms.katalon.core.webui.keyword.internal.WebUIAbstractKeyword.findWebElement(WebUIAbstractKeyword.groovy:26)
	at com.kms.katalon.core.webui.keyword.builtin.SetTextKeyword$_setText_closure1.doCall(SetTextKeyword.groovy:51)
	at com.kms.katalon.core.webui.keyword.builtin.SetTextKeyword$_setText_closure1.call(SetTextKeyword.groovy)
	at com.kms.katalon.core.webui.keyword.internal.WebUIKeywordMain.runKeyword(WebUIKeywordMain.groovy:20)
	... 22 more]]></system-err>
      </testcase>
      <testcase name="Test Cases/I1/Create a event user type (event button)" time="76.029" classname="Test Cases/I1/Create a event user type (event button)" status="FAILED">
         <failure type="FAILED" message="Test Cases/I1/Create a event user type (event button) FAILED.
Reason:
com.kms.katalon.core.exception.StepFailedException: Unable to select option by value '6' of object 'Object Repository/Page_Dashboard/select_1        2        3        4        _45ea30'  using regular expression
	at com.kms.katalon.core.webui.keyword.internal.WebUIKeywordMain.stepFailed(WebUIKeywordMain.groovy:64)
	at com.kms.katalon.core.webui.keyword.internal.WebUIKeywordMain.runKeyword(WebUIKeywordMain.groovy:26)
	at com.kms.katalon.core.webui.keyword.builtin.SelectOptionByValueKeyword.selectOptionByValue(SelectOptionByValueKeyword.groovy:99)
	at com.kms.katalon.core.webui.keyword.builtin.SelectOptionByValueKeyword.execute(SelectOptionByValueKeyword.groovy:71)
	at com.kms.katalon.core.keyword.internal.KeywordExecutor.executeKeywordForPlatform(KeywordExecutor.groovy:74)
	at com.kms.katalon.core.webui.keyword.WebUiBuiltInKeywords.selectOptionByValue(WebUiBuiltInKeywords.groovy:1168)
	at com.kms.katalon.core.webui.keyword.WebUiBuiltInKeywords$selectOptionByValue$5.call(Unknown Source)
	at Create a event user type (event button).run(Create a event user type (event button):34)
	at com.kms.katalon.core.main.ScriptEngine.run(ScriptEngine.java:194)
	at com.kms.katalon.core.main.ScriptEngine.runScriptAsRawText(ScriptEngine.java:119)
	at com.kms.katalon.core.main.TestCaseExecutor.runScript(TestCaseExecutor.java:442)
	at com.kms.katalon.core.main.TestCaseExecutor.doExecute(TestCaseExecutor.java:433)
	at com.kms.katalon.core.main.TestCaseExecutor.processExecutionPhase(TestCaseExecutor.java:412)
	at com.kms.katalon.core.main.TestCaseExecutor.accessMainPhase(TestCaseExecutor.java:404)
	at com.kms.katalon.core.main.TestCaseExecutor.execute(TestCaseExecutor.java:281)
	at com.kms.katalon.core.main.TestCaseExecutor.execute(TestCaseExecutor.java:363)
	at com.kms.katalon.core.main.TestCaseExecutor.execute(TestCaseExecutor.java:363)
	at com.kms.katalon.core.main.TestCaseExecutor.execute(TestCaseExecutor.java:363)
	at com.kms.katalon.core.main.TestSuiteExecutor.accessTestCaseMainPhase(TestSuiteExecutor.java:202)
	at com.kms.katalon.core.main.TestSuiteExecutor.accessTestSuiteMainPhase(TestSuiteExecutor.java:164)
	at com.kms.katalon.core.main.TestSuiteExecutor.execute(TestSuiteExecutor.java:105)
	at com.kms.katalon.core.main.TestCaseMain.startTestSuite(TestCaseMain.java:181)
	at com.kms.katalon.core.main.TestCaseMain$startTestSuite$0.call(Unknown Source)
	at TempTestSuite1642334705478.run(TempTestSuite1642334705478.groovy:36)
Caused by: com.kms.katalon.core.webui.exception.WebElementNotFoundException: Web element with id: 'Object Repository/Page_Dashboard/select_1        2        3        4        _45ea30' located by '//select[@id='id_timestart_day']' not found
	at com.kms.katalon.core.webui.common.WebUiCommonHelper.findWebElement(WebUiCommonHelper.java:1368)
	at com.kms.katalon.core.webui.keyword.internal.WebUIAbstractKeyword.findWebElement(WebUIAbstractKeyword.groovy:27)
	at com.kms.katalon.core.webui.keyword.internal.WebUIAbstractKeyword.findWebElement(WebUIAbstractKeyword.groovy:26)
	at com.kms.katalon.core.webui.keyword.builtin.SelectOptionByValueKeyword$_selectOptionByValue_closure1.doCall(SelectOptionByValueKeyword.groovy:86)
	at com.kms.katalon.core.webui.keyword.builtin.SelectOptionByValueKeyword$_selectOptionByValue_closure1.call(SelectOptionByValueKeyword.groovy)
	at com.kms.katalon.core.webui.keyword.internal.WebUIKeywordMain.runKeyword(WebUIKeywordMain.groovy:20)
	... 22 more
"/>
         <system-out><![CDATA[2022-01-16 19:49:02 - [TEST_CASE][FAILED] - Test Cases/I1/Create a event user type (event button): Test Cases/I1/Create a event user type (event button) FAILED.
Reason:
com.kms.katalon.core.exception.StepFailedException: Unable to select option by value '6' of object 'Object Repository/Page_Dashboard/select_1        2        3        4        _45ea30'  using regular expression
	at com.kms.katalon.core.webui.keyword.internal.WebUIKeywordMain.stepFailed(WebUIKeywordMain.groovy:64)
	at com.kms.katalon.core.webui.keyword.internal.WebUIKeywordMain.runKeyword(WebUIKeywordMain.groovy:26)
	at com.kms.katalon.core.webui.keyword.builtin.SelectOptionByValueKeyword.selectOptionByValue(SelectOptionByValueKeyword.groovy:99)
	at com.kms.katalon.core.webui.keyword.builtin.SelectOptionByValueKeyword.execute(SelectOptionByValueKeyword.groovy:71)
	at com.kms.katalon.core.keyword.internal.KeywordExecutor.executeKeywordForPlatform(KeywordExecutor.groovy:74)
	at com.kms.katalon.core.webui.keyword.WebUiBuiltInKeywords.selectOptionByValue(WebUiBuiltInKeywords.groovy:1168)
	at com.kms.katalon.core.webui.keyword.WebUiBuiltInKeywords$selectOptionByValue$5.call(Unknown Source)
	at Create a event user type (event button).run(Create a event user type (event button):34)
	at com.kms.katalon.core.main.ScriptEngine.run(ScriptEngine.java:194)
	at com.kms.katalon.core.main.ScriptEngine.runScriptAsRawText(ScriptEngine.java:119)
	at com.kms.katalon.core.main.TestCaseExecutor.runScript(TestCaseExecutor.java:442)
	at com.kms.katalon.core.main.TestCaseExecutor.doExecute(TestCaseExecutor.java:433)
	at com.kms.katalon.core.main.TestCaseExecutor.processExecutionPhase(TestCaseExecutor.java:412)
	at com.kms.katalon.core.main.TestCaseExecutor.accessMainPhase(TestCaseExecutor.java:404)
	at com.kms.katalon.core.main.TestCaseExecutor.execute(TestCaseExecutor.java:281)
	at com.kms.katalon.core.main.TestCaseExecutor.execute(TestCaseExecutor.java:363)
	at com.kms.katalon.core.main.TestCaseExecutor.execute(TestCaseExecutor.java:363)
	at com.kms.katalon.core.main.TestCaseExecutor.execute(TestCaseExecutor.java:363)
	at com.kms.katalon.core.main.TestSuiteExecutor.accessTestCaseMainPhase(TestSuiteExecutor.java:202)
	at com.kms.katalon.core.main.TestSuiteExecutor.accessTestSuiteMainPhase(TestSuiteExecutor.java:164)
	at com.kms.katalon.core.main.TestSuiteExecutor.execute(TestSuiteExecutor.java:105)
	at com.kms.katalon.core.main.TestCaseMain.startTestSuite(TestCaseMain.java:181)
	at com.kms.katalon.core.main.TestCaseMain$startTestSuite$0.call(Unknown Source)
	at TempTestSuite1642334705478.run(TempTestSuite1642334705478.groovy:36)
Caused by: com.kms.katalon.core.webui.exception.WebElementNotFoundException: Web element with id: 'Object Repository/Page_Dashboard/select_1        2        3        4        _45ea30' located by '//select[@id='id_timestart_day']' not found
	at com.kms.katalon.core.webui.common.WebUiCommonHelper.findWebElement(WebUiCommonHelper.java:1368)
	at com.kms.katalon.core.webui.keyword.internal.WebUIAbstractKeyword.findWebElement(WebUIAbstractKeyword.groovy:27)
	at com.kms.katalon.core.webui.keyword.internal.WebUIAbstractKeyword.findWebElement(WebUIAbstractKeyword.groovy:26)
	at com.kms.katalon.core.webui.keyword.builtin.SelectOptionByValueKeyword$_selectOptionByValue_closure1.doCall(SelectOptionByValueKeyword.groovy:86)
	at com.kms.katalon.core.webui.keyword.builtin.SelectOptionByValueKeyword$_selectOptionByValue_closure1.call(SelectOptionByValueKeyword.groovy)
	at com.kms.katalon.core.webui.keyword.internal.WebUIKeywordMain.runKeyword(WebUIKeywordMain.groovy:20)
	... 22 more


2022-01-16 19:49:02 - [TEST_STEP][PASSED] - openBrowser(""): Browser is opened with url: ''

2022-01-16 19:49:02 - [MESSAGE][WARNING] - A browser is already opened. Closing browser and opening a new one

2022-01-16 19:49:03 - [MESSAGE][INFO] - Starting 'Chrome' driver

2022-01-16 19:49:03 - [MESSAGE][INFO] - Action delay is set to 0 milliseconds

2022-01-16 19:49:04 - [MESSAGE][PASSED] - Browser is opened with url: ''

2022-01-16 19:49:04 - [TEST_STEP][PASSED] - navigateToUrl("http://localhost/"): Navigate to 'http://localhost/' successfully

2022-01-16 19:49:06 - [MESSAGE][PASSED] - Navigate to 'http://localhost/' successfully

2022-01-16 19:49:06 - [TEST_STEP][PASSED] - click(findTestObject("Object Repository/Page_L Tm Anh/a_Log in")): Object: 'Object Repository/Page_L Tm Anh/a_Log in' is clicked on

2022-01-16 19:49:07 - [MESSAGE][PASSED] - Object: 'Object Repository/Page_L Tm Anh/a_Log in' is clicked on

2022-01-16 19:49:07 - [TEST_STEP][PASSED] - setText(findTestObject("Object Repository/Page_L Tm Anh Log in to the site/input_Username_username"), "admin"): Text 'admin' is set on object 'Object Repository/Page_L Tm Anh Log in to the site/input_Username_username'

2022-01-16 19:49:08 - [MESSAGE][PASSED] - Text 'admin' is set on object 'Object Repository/Page_L Tm Anh Log in to the site/input_Username_username'

2022-01-16 19:49:08 - [TEST_STEP][PASSED] - setEncryptedText(findTestObject("Object Repository/Page_L Tm Anh Log in to the site/input_Password_password"), "eGmz8XUbrLe3vUQiiiujBg=="): Text ****** has been set on object 'Object Repository/Page_L Tm Anh Log in to the site/input_Password_password'

2022-01-16 19:49:08 - [MESSAGE][PASSED] - Text ****** has been set on object 'Object Repository/Page_L Tm Anh Log in to the site/input_Password_password'

2022-01-16 19:49:08 - [TEST_STEP][PASSED] - click(findTestObject("Object Repository/Page_L Tm Anh Log in to the site/button_Log in")): Object: 'Object Repository/Page_L Tm Anh Log in to the site/button_Log in' is clicked on

2022-01-16 19:49:11 - [MESSAGE][PASSED] - Object: 'Object Repository/Page_L Tm Anh Log in to the site/button_Log in' is clicked on

2022-01-16 19:49:11 - [TEST_STEP][PASSED] - click(findTestObject("Object Repository/Page_Dashboard/button_New event")): Object: 'Object Repository/Page_Dashboard/button_New event' is clicked on

2022-01-16 19:49:42 - [MESSAGE][INFO] - Unable to find the element located by 'By.xpath: //div[@id='calendar-month-61de1c2e471ee61de1c2e3471f2-1']/div/button'. Please recheck the objects properties to make sure the desired element is located. 

2022-01-16 19:49:42 - [MESSAGE][WARNING] - [SELF-HEALING] Failed to find element with id 'Object Repository/Page_Dashboard/button_New event'. Try using Self-healing.

2022-01-16 19:49:42 - [MESSAGE][WARNING] - [SELF-HEALING] The current locator of test object 'Object Repository/Page_Dashboard/button_New event' was broken. Propose an alternative one: '(.//*[normalize-space(text()) and normalize-space(.)='List of courses'])[1]/following::button[1]'.

2022-01-16 19:49:43 - [MESSAGE][PASSED] - Object: 'Object Repository/Page_Dashboard/button_New event' is clicked on

2022-01-16 19:49:43 - [TEST_STEP][FAILED] - selectOptionByValue(findTestObject("Object Repository/Page_Dashboard/select_1        2        3        4        _45ea30"), "6", true): Unable to select option by value '6' of object 'Object Repository/Page_Dashboard/select_1        2        3        4        _45ea30'  using regular expression (Root cause: com.kms.katalon.core.exception.StepFailedException: Unable to select option by value '6' of object 'Object Repository/Page_Dashboard/select_1        2        3        4        _45ea30'  using regular expression
	at com.kms.katalon.core.webui.keyword.internal.WebUIKeywordMain.stepFailed(WebUIKeywordMain.groovy:64)
	at com.kms.katalon.core.webui.keyword.internal.WebUIKeywordMain.runKeyword(WebUIKeywordMain.groovy:26)
	at com.kms.katalon.core.webui.keyword.builtin.SelectOptionByValueKeyword.selectOptionByValue(SelectOptionByValueKeyword.groovy:99)
	at com.kms.katalon.core.webui.keyword.builtin.SelectOptionByValueKeyword.execute(SelectOptionByValueKeyword.groovy:71)
	at com.kms.katalon.core.keyword.internal.KeywordExecutor.executeKeywordForPlatform(KeywordExecutor.groovy:74)
	at com.kms.katalon.core.webui.keyword.WebUiBuiltInKeywords.selectOptionByValue(WebUiBuiltInKeywords.groovy:1168)
	at com.kms.katalon.core.webui.keyword.WebUiBuiltInKeywords$selectOptionByValue$5.call(Unknown Source)
	at Create a event user type (event button).run(Create a event user type (event button):34)
	at com.kms.katalon.core.main.ScriptEngine.run(ScriptEngine.java:194)
	at com.kms.katalon.core.main.ScriptEngine.runScriptAsRawText(ScriptEngine.java:119)
	at com.kms.katalon.core.main.TestCaseExecutor.runScript(TestCaseExecutor.java:442)
	at com.kms.katalon.core.main.TestCaseExecutor.doExecute(TestCaseExecutor.java:433)
	at com.kms.katalon.core.main.TestCaseExecutor.processExecutionPhase(TestCaseExecutor.java:412)
	at com.kms.katalon.core.main.TestCaseExecutor.accessMainPhase(TestCaseExecutor.java:404)
	at com.kms.katalon.core.main.TestCaseExecutor.execute(TestCaseExecutor.java:281)
	at com.kms.katalon.core.main.TestCaseExecutor.execute(TestCaseExecutor.java:363)
	at com.kms.katalon.core.main.TestCaseExecutor.execute(TestCaseExecutor.java:363)
	at com.kms.katalon.core.main.TestCaseExecutor.execute(TestCaseExecutor.java:363)
	at com.kms.katalon.core.main.TestSuiteExecutor.accessTestCaseMainPhase(TestSuiteExecutor.java:202)
	at com.kms.katalon.core.main.TestSuiteExecutor.accessTestSuiteMainPhase(TestSuiteExecutor.java:164)
	at com.kms.katalon.core.main.TestSuiteExecutor.execute(TestSuiteExecutor.java:105)
	at com.kms.katalon.core.main.TestCaseMain.startTestSuite(TestCaseMain.java:181)
	at com.kms.katalon.core.main.TestCaseMain$startTestSuite$0.call(Unknown Source)
	at TempTestSuite1642334705478.run(TempTestSuite1642334705478.groovy:36)
Caused by: com.kms.katalon.core.webui.exception.WebElementNotFoundException: Web element with id: 'Object Repository/Page_Dashboard/select_1        2        3        4        _45ea30' located by '//select[@id='id_timestart_day']' not found
	at com.kms.katalon.core.webui.common.WebUiCommonHelper.findWebElement(WebUiCommonHelper.java:1368)
	at com.kms.katalon.core.webui.keyword.internal.WebUIAbstractKeyword.findWebElement(WebUIAbstractKeyword.groovy:27)
	at com.kms.katalon.core.webui.keyword.internal.WebUIAbstractKeyword.findWebElement(WebUIAbstractKeyword.groovy:26)
	at com.kms.katalon.core.webui.keyword.builtin.SelectOptionByValueKeyword$_selectOptionByValue_closure1.doCall(SelectOptionByValueKeyword.groovy:86)
	at com.kms.katalon.core.webui.keyword.builtin.SelectOptionByValueKeyword$_selectOptionByValue_closure1.call(SelectOptionByValueKeyword.groovy)
	at com.kms.katalon.core.webui.keyword.internal.WebUIKeywordMain.runKeyword(WebUIKeywordMain.groovy:20)
	at com.kms.katalon.core.webui.keyword.builtin.SelectOptionByValueKeyword.selectOptionByValue(SelectOptionByValueKeyword.groovy:99)
	at com.kms.katalon.core.webui.keyword.builtin.SelectOptionByValueKeyword.execute(SelectOptionByValueKeyword.groovy:71)
	at com.kms.katalon.core.keyword.internal.KeywordExecutor.executeKeywordForPlatform(KeywordExecutor.groovy:74)
	at com.kms.katalon.core.webui.keyword.WebUiBuiltInKeywords.selectOptionByValue(WebUiBuiltInKeywords.groovy:1168)
	at com.kms.katalon.core.webui.keyword.WebUiBuiltInKeywords$selectOptionByValue$5.call(Unknown Source)
	at Script1641383851982.run(Script1641383851982.groovy:34)
	... 16 more
)

2022-01-16 19:50:14 - [MESSAGE][INFO] - Unable to find the element located by 'By.xpath: //select[@id='id_timestart_day']'. Please recheck the objects properties to make sure the desired element is located. 

2022-01-16 19:50:14 - [MESSAGE][WARNING] - [SELF-HEALING] Failed to find element with id 'Object Repository/Page_Dashboard/select_1        2        3        4        _45ea30'. Try using Self-healing.

2022-01-16 19:50:14 - [MESSAGE][INFO] - [SELF-HEALING] Failed Locator: '//select[@id='id_timestart_day']'.

2022-01-16 19:50:14 - [MESSAGE][INFO] - [SELF-HEALING] Failed Locator: '//span[@id='yui_3_17_2_1_1641383882428_769']/select'.

2022-01-16 19:50:15 - [MESSAGE][INFO] - [SELF-HEALING] Failed Locator: '(.//*[normalize-space(text()) and normalize-space(.)='Day'])[1]/following::select[1]'.

2022-01-16 19:50:15 - [MESSAGE][INFO] - [SELF-HEALING] Failed Locator: '(.//*[normalize-space(text()) and normalize-space(.)='Date'])[2]/following::select[1]'.

2022-01-16 19:50:15 - [MESSAGE][INFO] - [SELF-HEALING] Failed Locator: '(.//*[normalize-space(text()) and normalize-space(.)='Month'])[1]/preceding::select[1]'.

2022-01-16 19:50:15 - [MESSAGE][INFO] - [SELF-HEALING] Failed Locator: '(.//*[normalize-space(text()) and normalize-space(.)='Year'])[1]/preceding::select[2]'.

2022-01-16 19:50:16 - [MESSAGE][INFO] - [SELF-HEALING] Failed Locator: '//span/select'.

2022-01-16 19:50:17 - [MESSAGE][INFO] - Unable to find the element located by 'By.xpath: //*[@name = 'timestart[day]' and @id = 'id_timestart_day' and (text() = '
        1
        2
        3
        4
        5
        6
        7
        8
        9
        10
        11
        12
        13
        14
        15
        16
        17
        18
        19
        20
        21
        22
        23
        24
        25
        26
        27
        28
        29
        30
        31
    ' or . = '
        1
        2
        3
        4
        5
        6
        7
        8
        9
        10
        11
        12
        13
        14
        15
        16
        17
        18
        19
        20
        21
        22
        23
        24
        25
        26
        27
        28
        29
        30
        31
    ')]'. Please recheck the objects properties to make sure the desired element is located. 

2022-01-16 19:50:18 - [MESSAGE][INFO] - Unable to find the element located by 'By.cssSelector: #id_timestart_day'. Please recheck the objects properties to make sure the desired element is located. 

2022-01-16 19:50:18 - [MESSAGE][FAILED] - Unable to select option by value '6' of object 'Object Repository/Page_Dashboard/select_1        2        3        4        _45ea30'  using regular expression (Root cause: com.kms.katalon.core.exception.StepFailedException: Unable to select option by value '6' of object 'Object Repository/Page_Dashboard/select_1        2        3        4        _45ea30'  using regular expression
	at com.kms.katalon.core.webui.keyword.internal.WebUIKeywordMain.stepFailed(WebUIKeywordMain.groovy:64)
	at com.kms.katalon.core.webui.keyword.internal.WebUIKeywordMain.runKeyword(WebUIKeywordMain.groovy:26)
	at com.kms.katalon.core.webui.keyword.builtin.SelectOptionByValueKeyword.selectOptionByValue(SelectOptionByValueKeyword.groovy:99)
	at com.kms.katalon.core.webui.keyword.builtin.SelectOptionByValueKeyword.execute(SelectOptionByValueKeyword.groovy:71)
	at com.kms.katalon.core.keyword.internal.KeywordExecutor.executeKeywordForPlatform(KeywordExecutor.groovy:74)
	at com.kms.katalon.core.webui.keyword.WebUiBuiltInKeywords.selectOptionByValue(WebUiBuiltInKeywords.groovy:1168)
	at com.kms.katalon.core.webui.keyword.WebUiBuiltInKeywords$selectOptionByValue$5.call(Unknown Source)
	at Create a event user type (event button).run(Create a event user type (event button):34)
	at com.kms.katalon.core.main.ScriptEngine.run(ScriptEngine.java:194)
	at com.kms.katalon.core.main.ScriptEngine.runScriptAsRawText(ScriptEngine.java:119)
	at com.kms.katalon.core.main.TestCaseExecutor.runScript(TestCaseExecutor.java:442)
	at com.kms.katalon.core.main.TestCaseExecutor.doExecute(TestCaseExecutor.java:433)
	at com.kms.katalon.core.main.TestCaseExecutor.processExecutionPhase(TestCaseExecutor.java:412)
	at com.kms.katalon.core.main.TestCaseExecutor.accessMainPhase(TestCaseExecutor.java:404)
	at com.kms.katalon.core.main.TestCaseExecutor.execute(TestCaseExecutor.java:281)
	at com.kms.katalon.core.main.TestCaseExecutor.execute(TestCaseExecutor.java:363)
	at com.kms.katalon.core.main.TestCaseExecutor.execute(TestCaseExecutor.java:363)
	at com.kms.katalon.core.main.TestCaseExecutor.execute(TestCaseExecutor.java:363)
	at com.kms.katalon.core.main.TestSuiteExecutor.accessTestCaseMainPhase(TestSuiteExecutor.java:202)
	at com.kms.katalon.core.main.TestSuiteExecutor.accessTestSuiteMainPhase(TestSuiteExecutor.java:164)
	at com.kms.katalon.core.main.TestSuiteExecutor.execute(TestSuiteExecutor.java:105)
	at com.kms.katalon.core.main.TestCaseMain.startTestSuite(TestCaseMain.java:181)
	at com.kms.katalon.core.main.TestCaseMain$startTestSuite$0.call(Unknown Source)
	at TempTestSuite1642334705478.run(TempTestSuite1642334705478.groovy:36)
Caused by: com.kms.katalon.core.webui.exception.WebElementNotFoundException: Web element with id: 'Object Repository/Page_Dashboard/select_1        2        3        4        _45ea30' located by '//select[@id='id_timestart_day']' not found
	at com.kms.katalon.core.webui.common.WebUiCommonHelper.findWebElement(WebUiCommonHelper.java:1368)
	at com.kms.katalon.core.webui.keyword.internal.WebUIAbstractKeyword.findWebElement(WebUIAbstractKeyword.groovy:27)
	at com.kms.katalon.core.webui.keyword.internal.WebUIAbstractKeyword.findWebElement(WebUIAbstractKeyword.groovy:26)
	at com.kms.katalon.core.webui.keyword.builtin.SelectOptionByValueKeyword$_selectOptionByValue_closure1.doCall(SelectOptionByValueKeyword.groovy:86)
	at com.kms.katalon.core.webui.keyword.builtin.SelectOptionByValueKeyword$_selectOptionByValue_closure1.call(SelectOptionByValueKeyword.groovy)
	at com.kms.katalon.core.webui.keyword.internal.WebUIKeywordMain.runKeyword(WebUIKeywordMain.groovy:20)
	at com.kms.katalon.core.webui.keyword.builtin.SelectOptionByValueKeyword.selectOptionByValue(SelectOptionByValueKeyword.groovy:99)
	at com.kms.katalon.core.webui.keyword.builtin.SelectOptionByValueKeyword.execute(SelectOptionByValueKeyword.groovy:71)
	at com.kms.katalon.core.keyword.internal.KeywordExecutor.executeKeywordForPlatform(KeywordExecutor.groovy:74)
	at com.kms.katalon.core.webui.keyword.WebUiBuiltInKeywords.selectOptionByValue(WebUiBuiltInKeywords.groovy:1168)
	at com.kms.katalon.core.webui.keyword.WebUiBuiltInKeywords$selectOptionByValue$5.call(Unknown Source)
	at Script1641383851982.run(Script1641383851982.groovy:34)
	... 16 more
)
[[ATTACHMENT|C:\\Users\\antra\\git\\SE-Bonus-Assginment-Group1\\Reports\\20220116_190505\\Run all test cases\\20220116_190505\\1642337418379.png]]]]></system-out>
         <system-err><![CDATA[2022-01-16 19:49:02 - [TEST_CASE][FAILED] - Test Cases/I1/Create a event user type (event button): Test Cases/I1/Create a event user type (event button) FAILED.
Reason:
com.kms.katalon.core.exception.StepFailedException: Unable to select option by value '6' of object 'Object Repository/Page_Dashboard/select_1        2        3        4        _45ea30'  using regular expression
	at com.kms.katalon.core.webui.keyword.internal.WebUIKeywordMain.stepFailed(WebUIKeywordMain.groovy:64)
	at com.kms.katalon.core.webui.keyword.internal.WebUIKeywordMain.runKeyword(WebUIKeywordMain.groovy:26)
	at com.kms.katalon.core.webui.keyword.builtin.SelectOptionByValueKeyword.selectOptionByValue(SelectOptionByValueKeyword.groovy:99)
	at com.kms.katalon.core.webui.keyword.builtin.SelectOptionByValueKeyword.execute(SelectOptionByValueKeyword.groovy:71)
	at com.kms.katalon.core.keyword.internal.KeywordExecutor.executeKeywordForPlatform(KeywordExecutor.groovy:74)
	at com.kms.katalon.core.webui.keyword.WebUiBuiltInKeywords.selectOptionByValue(WebUiBuiltInKeywords.groovy:1168)
	at com.kms.katalon.core.webui.keyword.WebUiBuiltInKeywords$selectOptionByValue$5.call(Unknown Source)
	at Create a event user type (event button).run(Create a event user type (event button):34)
	at com.kms.katalon.core.main.ScriptEngine.run(ScriptEngine.java:194)
	at com.kms.katalon.core.main.ScriptEngine.runScriptAsRawText(ScriptEngine.java:119)
	at com.kms.katalon.core.main.TestCaseExecutor.runScript(TestCaseExecutor.java:442)
	at com.kms.katalon.core.main.TestCaseExecutor.doExecute(TestCaseExecutor.java:433)
	at com.kms.katalon.core.main.TestCaseExecutor.processExecutionPhase(TestCaseExecutor.java:412)
	at com.kms.katalon.core.main.TestCaseExecutor.accessMainPhase(TestCaseExecutor.java:404)
	at com.kms.katalon.core.main.TestCaseExecutor.execute(TestCaseExecutor.java:281)
	at com.kms.katalon.core.main.TestCaseExecutor.execute(TestCaseExecutor.java:363)
	at com.kms.katalon.core.main.TestCaseExecutor.execute(TestCaseExecutor.java:363)
	at com.kms.katalon.core.main.TestCaseExecutor.execute(TestCaseExecutor.java:363)
	at com.kms.katalon.core.main.TestSuiteExecutor.accessTestCaseMainPhase(TestSuiteExecutor.java:202)
	at com.kms.katalon.core.main.TestSuiteExecutor.accessTestSuiteMainPhase(TestSuiteExecutor.java:164)
	at com.kms.katalon.core.main.TestSuiteExecutor.execute(TestSuiteExecutor.java:105)
	at com.kms.katalon.core.main.TestCaseMain.startTestSuite(TestCaseMain.java:181)
	at com.kms.katalon.core.main.TestCaseMain$startTestSuite$0.call(Unknown Source)
	at TempTestSuite1642334705478.run(TempTestSuite1642334705478.groovy:36)
Caused by: com.kms.katalon.core.webui.exception.WebElementNotFoundException: Web element with id: 'Object Repository/Page_Dashboard/select_1        2        3        4        _45ea30' located by '//select[@id='id_timestart_day']' not found
	at com.kms.katalon.core.webui.common.WebUiCommonHelper.findWebElement(WebUiCommonHelper.java:1368)
	at com.kms.katalon.core.webui.keyword.internal.WebUIAbstractKeyword.findWebElement(WebUIAbstractKeyword.groovy:27)
	at com.kms.katalon.core.webui.keyword.internal.WebUIAbstractKeyword.findWebElement(WebUIAbstractKeyword.groovy:26)
	at com.kms.katalon.core.webui.keyword.builtin.SelectOptionByValueKeyword$_selectOptionByValue_closure1.doCall(SelectOptionByValueKeyword.groovy:86)
	at com.kms.katalon.core.webui.keyword.builtin.SelectOptionByValueKeyword$_selectOptionByValue_closure1.call(SelectOptionByValueKeyword.groovy)
	at com.kms.katalon.core.webui.keyword.internal.WebUIKeywordMain.runKeyword(WebUIKeywordMain.groovy:20)
	... 22 more]]></system-err>
      </testcase>
      <testcase name="Test Cases/I1/Add discussion topic" time="87.409" classname="Test Cases/I1/Add discussion topic" status="PASSED">
         <system-out><![CDATA[2022-01-16 19:50:18 - [TEST_CASE][PASSED] - Test Cases/I1/Add discussion topic: Test Cases/I1/Add discussion topic

2022-01-16 19:50:19 - [TEST_STEP][PASSED] - openBrowser(""): Browser is opened with url: ''

2022-01-16 19:50:19 - [MESSAGE][WARNING] - A browser is already opened. Closing browser and opening a new one

2022-01-16 19:50:19 - [MESSAGE][INFO] - Starting 'Chrome' driver

2022-01-16 19:50:19 - [MESSAGE][INFO] - Action delay is set to 0 milliseconds

2022-01-16 19:50:21 - [MESSAGE][PASSED] - Browser is opened with url: ''

2022-01-16 19:50:21 - [TEST_STEP][PASSED] - navigateToUrl("http://localhost/"): Navigate to 'http://localhost/' successfully

2022-01-16 19:50:22 - [MESSAGE][PASSED] - Navigate to 'http://localhost/' successfully

2022-01-16 19:50:22 - [TEST_STEP][PASSED] - click(findTestObject("Object Repository/Page_L Tm Anh/a_Log in")): Object: 'Object Repository/Page_L Tm Anh/a_Log in' is clicked on

2022-01-16 19:50:23 - [MESSAGE][PASSED] - Object: 'Object Repository/Page_L Tm Anh/a_Log in' is clicked on

2022-01-16 19:50:23 - [TEST_STEP][PASSED] - setText(findTestObject("Object Repository/Page_L Tm Anh Log in to the site/input_Username_username"), "admin"): Text 'admin' is set on object 'Object Repository/Page_L Tm Anh Log in to the site/input_Username_username'

2022-01-16 19:50:24 - [MESSAGE][PASSED] - Text 'admin' is set on object 'Object Repository/Page_L Tm Anh Log in to the site/input_Username_username'

2022-01-16 19:50:24 - [TEST_STEP][PASSED] - setEncryptedText(findTestObject("Object Repository/Page_L Tm Anh Log in to the site/input_Password_password"), "eGmz8XUbrLe3vUQiiiujBg=="): Text ****** has been set on object 'Object Repository/Page_L Tm Anh Log in to the site/input_Password_password'

2022-01-16 19:50:24 - [MESSAGE][PASSED] - Text ****** has been set on object 'Object Repository/Page_L Tm Anh Log in to the site/input_Password_password'

2022-01-16 19:50:24 - [TEST_STEP][PASSED] - click(findTestObject("Object Repository/Page_L Tm Anh Log in to the site/button_Log in")): Object: 'Object Repository/Page_L Tm Anh Log in to the site/button_Log in' is clicked on

2022-01-16 19:50:26 - [MESSAGE][PASSED] - Object: 'Object Repository/Page_L Tm Anh Log in to the site/button_Log in' is clicked on

2022-01-16 19:50:26 - [TEST_STEP][PASSED] - click(findTestObject("Object Repository/Page_Dashboard/a_My courses")): Object: 'Object Repository/Page_Dashboard/a_My courses' is clicked on

2022-01-16 19:50:57 - [MESSAGE][INFO] - Unable to find the element located by 'By.xpath: //ul[@id='moremenu-61e0e36aac914-navbar-nav']/li[3]/a'. Please recheck the objects properties to make sure the desired element is located. 

2022-01-16 19:50:57 - [MESSAGE][WARNING] - [SELF-HEALING] Failed to find element with id 'Object Repository/Page_Dashboard/a_My courses'. Try using Self-healing.

2022-01-16 19:50:58 - [MESSAGE][WARNING] - [SELF-HEALING] The current locator of test object 'Object Repository/Page_Dashboard/a_My courses' was broken. Propose an alternative one: '//a[contains(text(),'My courses')]'.

2022-01-16 19:50:58 - [MESSAGE][PASSED] - Object: 'Object Repository/Page_Dashboard/a_My courses' is clicked on

2022-01-16 19:50:58 - [TEST_STEP][PASSED] - click(findTestObject("Object Repository/Page_My courses/div_Course image")): Object: 'Object Repository/Page_My courses/div_Course image' is clicked on

2022-01-16 19:51:04 - [MESSAGE][PASSED] - Object: 'Object Repository/Page_My courses/div_Course image' is clicked on

2022-01-16 19:51:04 - [TEST_STEP][PASSED] - click(findTestObject("Object Repository/Page_Course 1/a_Announcements  Forum")): Object: 'Object Repository/Page_Course 1/a_Announcements  Forum' is clicked on

2022-01-16 19:51:09 - [MESSAGE][PASSED] - Object: 'Object Repository/Page_Course 1/a_Announcements  Forum' is clicked on

2022-01-16 19:51:09 - [TEST_STEP][PASSED] - click(findTestObject("Object Repository/Page_Announcements/a_Add discussion topic")): Object: 'Object Repository/Page_Announcements/a_Add discussion topic' is clicked on

2022-01-16 19:51:40 - [MESSAGE][INFO] - Unable to find the element located by 'By.xpath: //a[@id='yui_3_17_2_1_1641384514071_523']'. Please recheck the objects properties to make sure the desired element is located. 

2022-01-16 19:51:40 - [MESSAGE][WARNING] - [SELF-HEALING] Failed to find element with id 'Object Repository/Page_Announcements/a_Add discussion topic'. Try using Self-healing.

2022-01-16 19:51:41 - [MESSAGE][WARNING] - [SELF-HEALING] The current locator of test object 'Object Repository/Page_Announcements/a_Add discussion topic' was broken. Propose an alternative one: '(.//*[normalize-space(text()) and normalize-space(.)='Search forums'])[2]/following::a[1]'.

2022-01-16 19:51:41 - [MESSAGE][PASSED] - Object: 'Object Repository/Page_Announcements/a_Add discussion topic' is clicked on

2022-01-16 19:51:41 - [TEST_STEP][PASSED] - setText(findTestObject("Object Repository/Page_Announcements/input_Subject_subject"), "1"): Text '1' is set on object 'Object Repository/Page_Announcements/input_Subject_subject'

2022-01-16 19:51:41 - [MESSAGE][PASSED] - Text '1' is set on object 'Object Repository/Page_Announcements/input_Subject_subject'

2022-01-16 19:51:41 - [TEST_STEP][PASSED] - setText(findTestObject("Object Repository/Page_Announcements/div_1"), "<p dir="ltr" style="text-align: left;">1</p>"): Text '<p dir="ltr" style="text-align: left;">1</p>' is set on object 'Object Repository/Page_Announcements/div_1'

2022-01-16 19:51:43 - [MESSAGE][PASSED] - Text '<p dir="ltr" style="text-align: left;">1</p>' is set on object 'Object Repository/Page_Announcements/div_1'

2022-01-16 19:51:43 - [TEST_STEP][PASSED] - click(findTestObject("Object Repository/Page_Announcements/input_Rich text editor_submitbutton")): Object: 'Object Repository/Page_Announcements/input_Rich text editor_submitbutton' is clicked on

2022-01-16 19:51:45 - [MESSAGE][PASSED] - Object: 'Object Repository/Page_Announcements/input_Rich text editor_submitbutton' is clicked on

2022-01-16 19:51:45 - [TEST_STEP][PASSED] - closeBrowser(): Browser is closed

2022-01-16 19:51:46 - [MESSAGE][PASSED] - Browser is closed]]></system-out>
         <system-err><![CDATA[]]></system-err>
      </testcase>
      <testcase name="Test Cases/I2/View my profile" time="8.508" classname="Test Cases/I2/View my profile" status="PASSED">
         <system-out><![CDATA[2022-01-16 19:51:46 - [TEST_CASE][PASSED] - Test Cases/I2/View my profile: Test Cases/I2/View my profile

2022-01-16 19:51:46 - [TEST_STEP][PASSED] - openBrowser(""): Browser is opened with url: ''

2022-01-16 19:51:46 - [MESSAGE][INFO] - Starting 'Chrome' driver

2022-01-16 19:51:46 - [MESSAGE][INFO] - Action delay is set to 0 milliseconds

2022-01-16 19:51:47 - [MESSAGE][PASSED] - Browser is opened with url: ''

2022-01-16 19:51:47 - [TEST_STEP][PASSED] - navigateToUrl("http://localhost/"): Navigate to 'http://localhost/' successfully

2022-01-16 19:51:48 - [MESSAGE][PASSED] - Navigate to 'http://localhost/' successfully

2022-01-16 19:51:48 - [TEST_STEP][PASSED] - click(findTestObject("Object Repository/Page_L Tm Anh/a_Log in")): Object: 'Object Repository/Page_L Tm Anh/a_Log in' is clicked on

2022-01-16 19:51:49 - [MESSAGE][PASSED] - Object: 'Object Repository/Page_L Tm Anh/a_Log in' is clicked on

2022-01-16 19:51:49 - [TEST_STEP][PASSED] - setText(findTestObject("Object Repository/Page_L Tm Anh Log in to the site/input_Username_username"), "admin"): Text 'admin' is set on object 'Object Repository/Page_L Tm Anh Log in to the site/input_Username_username'

2022-01-16 19:51:50 - [MESSAGE][PASSED] - Text 'admin' is set on object 'Object Repository/Page_L Tm Anh Log in to the site/input_Username_username'

2022-01-16 19:51:50 - [TEST_STEP][PASSED] - setEncryptedText(findTestObject("Object Repository/Page_L Tm Anh Log in to the site/input_Password_password"), "eGmz8XUbrLe3vUQiiiujBg=="): Text ****** has been set on object 'Object Repository/Page_L Tm Anh Log in to the site/input_Password_password'

2022-01-16 19:51:50 - [MESSAGE][PASSED] - Text ****** has been set on object 'Object Repository/Page_L Tm Anh Log in to the site/input_Password_password'

2022-01-16 19:51:50 - [TEST_STEP][PASSED] - click(findTestObject("Object Repository/Page_L Tm Anh Log in to the site/button_Log in")): Object: 'Object Repository/Page_L Tm Anh Log in to the site/button_Log in' is clicked on

2022-01-16 19:51:51 - [MESSAGE][PASSED] - Object: 'Object Repository/Page_L Tm Anh Log in to the site/button_Log in' is clicked on

2022-01-16 19:51:51 - [TEST_STEP][PASSED] - click(findTestObject("Object Repository/Page_Dashboard/a_AU")): Object: 'Object Repository/Page_Dashboard/a_AU' is clicked on

2022-01-16 19:51:52 - [MESSAGE][PASSED] - Object: 'Object Repository/Page_Dashboard/a_AU' is clicked on

2022-01-16 19:51:52 - [TEST_STEP][PASSED] - click(findTestObject("Object Repository/Page_Dashboard/a_Profile")): Object: 'Object Repository/Page_Dashboard/a_Profile' is clicked on

2022-01-16 19:51:54 - [MESSAGE][PASSED] - Object: 'Object Repository/Page_Dashboard/a_Profile' is clicked on

2022-01-16 19:51:54 - [TEST_STEP][PASSED] - closeBrowser(): Browser is closed

2022-01-16 19:51:54 - [MESSAGE][PASSED] - Browser is closed]]></system-out>
         <system-err><![CDATA[]]></system-err>
      </testcase>
      <testcase name="Test Cases/I2/Edit my profile" time="12.084" classname="Test Cases/I2/Edit my profile" status="PASSED">
         <system-out><![CDATA[2022-01-16 19:51:54 - [TEST_CASE][PASSED] - Test Cases/I2/Edit my profile: Test Cases/I2/Edit my profile

2022-01-16 19:51:55 - [TEST_STEP][PASSED] - openBrowser(""): Browser is opened with url: ''

2022-01-16 19:51:55 - [MESSAGE][INFO] - Starting 'Chrome' driver

2022-01-16 19:51:55 - [MESSAGE][INFO] - Action delay is set to 0 milliseconds

2022-01-16 19:51:56 - [MESSAGE][PASSED] - Browser is opened with url: ''

2022-01-16 19:51:56 - [TEST_STEP][PASSED] - navigateToUrl("http://localhost/"): Navigate to 'http://localhost/' successfully

2022-01-16 19:51:57 - [MESSAGE][PASSED] - Navigate to 'http://localhost/' successfully

2022-01-16 19:51:57 - [TEST_STEP][PASSED] - click(findTestObject("Object Repository/Page_L Tm Anh/a_Log in")): Object: 'Object Repository/Page_L Tm Anh/a_Log in' is clicked on

2022-01-16 19:51:57 - [MESSAGE][PASSED] - Object: 'Object Repository/Page_L Tm Anh/a_Log in' is clicked on

2022-01-16 19:51:57 - [TEST_STEP][PASSED] - setText(findTestObject("Object Repository/Page_L Tm Anh Log in to the site/input_Username_username"), "admin"): Text 'admin' is set on object 'Object Repository/Page_L Tm Anh Log in to the site/input_Username_username'

2022-01-16 19:51:58 - [MESSAGE][PASSED] - Text 'admin' is set on object 'Object Repository/Page_L Tm Anh Log in to the site/input_Username_username'

2022-01-16 19:51:58 - [TEST_STEP][PASSED] - setEncryptedText(findTestObject("Object Repository/Page_L Tm Anh Log in to the site/input_Password_password"), "eGmz8XUbrLe3vUQiiiujBg=="): Text ****** has been set on object 'Object Repository/Page_L Tm Anh Log in to the site/input_Password_password'

2022-01-16 19:51:59 - [MESSAGE][PASSED] - Text ****** has been set on object 'Object Repository/Page_L Tm Anh Log in to the site/input_Password_password'

2022-01-16 19:51:59 - [TEST_STEP][PASSED] - click(findTestObject("Object Repository/Page_L Tm Anh Log in to the site/button_Log in")): Object: 'Object Repository/Page_L Tm Anh Log in to the site/button_Log in' is clicked on

2022-01-16 19:52:00 - [MESSAGE][PASSED] - Object: 'Object Repository/Page_L Tm Anh Log in to the site/button_Log in' is clicked on

2022-01-16 19:52:00 - [TEST_STEP][PASSED] - click(findTestObject("Object Repository/Page_Dashboard/a_AU")): Object: 'Object Repository/Page_Dashboard/a_AU' is clicked on

2022-01-16 19:52:01 - [MESSAGE][PASSED] - Object: 'Object Repository/Page_Dashboard/a_AU' is clicked on

2022-01-16 19:52:01 - [TEST_STEP][PASSED] - click(findTestObject("Object Repository/Page_Dashboard/a_Profile")): Object: 'Object Repository/Page_Dashboard/a_Profile' is clicked on

2022-01-16 19:52:02 - [MESSAGE][PASSED] - Object: 'Object Repository/Page_Dashboard/a_Profile' is clicked on

2022-01-16 19:52:02 - [TEST_STEP][PASSED] - click(findTestObject("Object Repository/Page_Admin User Public profile/a_Edit profile")): Object: 'Object Repository/Page_Admin User Public profile/a_Edit profile' is clicked on

2022-01-16 19:52:04 - [MESSAGE][PASSED] - Object: 'Object Repository/Page_Admin User Public profile/a_Edit profile' is clicked on

2022-01-16 19:52:04 - [TEST_STEP][PASSED] - scrollToElement(findTestObject("Object Repository/Page_Anh Lee Edit profile/input_Address_submitbutton"), 0): Scroll to object 'Object Repository/Page_Anh Lee Edit profile/input_Address_submitbutton' successfully

2022-01-16 19:52:04 - [MESSAGE][WARNING] - Timeout '0' is invalid. Using default page load timeout: '30'

2022-01-16 19:52:05 - [MESSAGE][PASSED] - Scroll to object 'Object Repository/Page_Anh Lee Edit profile/input_Address_submitbutton' successfully

2022-01-16 19:52:05 - [TEST_STEP][PASSED] - click(findTestObject("Object Repository/Page_Anh Lee Edit profile/input_Address_submitbutton")): Object: 'Object Repository/Page_Anh Lee Edit profile/input_Address_submitbutton' is clicked on

2022-01-16 19:52:06 - [MESSAGE][PASSED] - Object: 'Object Repository/Page_Anh Lee Edit profile/input_Address_submitbutton' is clicked on

2022-01-16 19:52:06 - [TEST_STEP][PASSED] - closeBrowser(): Browser is closed

2022-01-16 19:52:06 - [MESSAGE][PASSED] - Browser is closed]]></system-out>
         <system-err><![CDATA[]]></system-err>
      </testcase>
      <testcase name="Test Cases/I2/See all notifications" time="38.51" classname="Test Cases/I2/See all notifications" status="FAILED">
         <failure type="FAILED" message="Test Cases/I2/See all notifications FAILED.
Reason:
com.kms.katalon.core.exception.StepFailedException: Unable to click on object 'Object Repository/Page_Dashboard/div_See all'
	at com.kms.katalon.core.webui.keyword.internal.WebUIKeywordMain.stepFailed(WebUIKeywordMain.groovy:64)
	at com.kms.katalon.core.webui.keyword.internal.WebUIKeywordMain.runKeyword(WebUIKeywordMain.groovy:26)
	at com.kms.katalon.core.webui.keyword.builtin.ClickKeyword.click(ClickKeyword.groovy:74)
	at com.kms.katalon.core.webui.keyword.builtin.ClickKeyword.execute(ClickKeyword.groovy:40)
	at com.kms.katalon.core.keyword.internal.KeywordExecutor.executeKeywordForPlatform(KeywordExecutor.groovy:74)
	at com.kms.katalon.core.webui.keyword.WebUiBuiltInKeywords.click(WebUiBuiltInKeywords.groovy:620)
	at com.kms.katalon.core.webui.keyword.WebUiBuiltInKeywords$click$1.call(Unknown Source)
	at See all notifications.run(See all notifications:34)
	at com.kms.katalon.core.main.ScriptEngine.run(ScriptEngine.java:194)
	at com.kms.katalon.core.main.ScriptEngine.runScriptAsRawText(ScriptEngine.java:119)
	at com.kms.katalon.core.main.TestCaseExecutor.runScript(TestCaseExecutor.java:442)
	at com.kms.katalon.core.main.TestCaseExecutor.doExecute(TestCaseExecutor.java:433)
	at com.kms.katalon.core.main.TestCaseExecutor.processExecutionPhase(TestCaseExecutor.java:412)
	at com.kms.katalon.core.main.TestCaseExecutor.accessMainPhase(TestCaseExecutor.java:404)
	at com.kms.katalon.core.main.TestCaseExecutor.execute(TestCaseExecutor.java:281)
	at com.kms.katalon.core.main.TestCaseExecutor.execute(TestCaseExecutor.java:363)
	at com.kms.katalon.core.main.TestCaseExecutor.execute(TestCaseExecutor.java:363)
	at com.kms.katalon.core.main.TestCaseExecutor.execute(TestCaseExecutor.java:363)
	at com.kms.katalon.core.main.TestSuiteExecutor.accessTestCaseMainPhase(TestSuiteExecutor.java:202)
	at com.kms.katalon.core.main.TestSuiteExecutor.accessTestSuiteMainPhase(TestSuiteExecutor.java:164)
	at com.kms.katalon.core.main.TestSuiteExecutor.execute(TestSuiteExecutor.java:105)
	at com.kms.katalon.core.main.TestCaseMain.startTestSuite(TestCaseMain.java:181)
	at com.kms.katalon.core.main.TestCaseMain$startTestSuite$0.call(Unknown Source)
	at TempTestSuite1642334705478.run(TempTestSuite1642334705478.groovy:36)
Caused by: org.openqa.selenium.ElementNotInteractableException: element not interactable
  (Session info: chrome=97.0.4692.71)
Build info: version: '3.141.59', revision: 'e82be7d358', time: '2018-11-14T08:25:53'
System info: host: 'DESKTOP-5O7CBM9', ip: '192.168.16.1', os.name: 'Windows 10', os.arch: 'amd64', os.version: '10.0', java.version: '1.8.0_282'
Driver info: com.kms.katalon.selenium.driver.CChromeDriver
Capabilities {acceptInsecureCerts: false, browserName: chrome, browserVersion: 97.0.4692.71, chrome: {chromedriverVersion: 97.0.4692.71 (adefa7837d02a..., userDataDir: C:\Users\antra\AppData\Loca...}, goog:chromeOptions: {debuggerAddress: localhost:50398}, javascriptEnabled: true, networkConnectionEnabled: false, pageLoadStrategy: normal, platform: WINDOWS, platformName: WINDOWS, proxy: Proxy(), setWindowRect: true, strictFileInteractability: false, timeouts: {implicit: 0, pageLoad: 300000, script: 30000}, unhandledPromptBehavior: dismiss and notify, webauthn:extension:credBlob: true, webauthn:extension:largeBlob: true, webauthn:virtualAuthenticators: true}
Session ID: 16ab4cc9de72843cff98d9ea3290801d
	at org.openqa.selenium.remote.http.W3CHttpResponseCodec.createException(W3CHttpResponseCodec.java:187)
	at org.openqa.selenium.remote.http.W3CHttpResponseCodec.decode(W3CHttpResponseCodec.java:122)
	at org.openqa.selenium.remote.http.W3CHttpResponseCodec.decode(W3CHttpResponseCodec.java:49)
	at org.openqa.selenium.remote.HttpCommandExecutor.execute(HttpCommandExecutor.java:158)
	at org.openqa.selenium.remote.service.DriverCommandExecutor.execute(DriverCommandExecutor.java:83)
	at org.openqa.selenium.remote.RemoteWebDriver.execute(RemoteWebDriver.java:552)
	at com.kms.katalon.selenium.driver.CChromeDriver.execute(CChromeDriver.java:19)
	at org.openqa.selenium.remote.RemoteWebElement.execute(RemoteWebElement.java:285)
	at org.openqa.selenium.remote.RemoteWebElement.click(RemoteWebElement.java:84)
	at org.openqa.selenium.support.events.EventFiringWebDriver$EventFiringWebElement.lambda$new$0(EventFiringWebDriver.java:404)
	at com.sun.proxy.$Proxy11.click(Unknown Source)
	at org.openqa.selenium.support.events.EventFiringWebDriver$EventFiringWebElement.click(EventFiringWebDriver.java:417)
	at org.openqa.selenium.WebElement$click.call(Unknown Source)
	at com.kms.katalon.core.webui.keyword.builtin.ClickKeyword.clickUntilSuccessWithTimeout(ClickKeyword.groovy:81)
	at com.kms.katalon.core.webui.keyword.builtin.ClickKeyword.clickUntilSuccessWithTimeout(ClickKeyword.groovy)
	at com.kms.katalon.core.webui.keyword.builtin.ClickKeyword$_click_closure1.doCall(ClickKeyword.groovy:67)
	at com.kms.katalon.core.webui.keyword.builtin.ClickKeyword$_click_closure1.call(ClickKeyword.groovy)
	at com.kms.katalon.core.webui.keyword.internal.WebUIKeywordMain.runKeyword(WebUIKeywordMain.groovy:20)
	... 22 more
"/>
         <system-out><![CDATA[2022-01-16 19:54:01 - [TEST_CASE][FAILED] - Test Cases/I2/See all notifications: Test Cases/I2/See all notifications FAILED.
Reason:
com.kms.katalon.core.exception.StepFailedException: Unable to click on object 'Object Repository/Page_Dashboard/div_See all'
	at com.kms.katalon.core.webui.keyword.internal.WebUIKeywordMain.stepFailed(WebUIKeywordMain.groovy:64)
	at com.kms.katalon.core.webui.keyword.internal.WebUIKeywordMain.runKeyword(WebUIKeywordMain.groovy:26)
	at com.kms.katalon.core.webui.keyword.builtin.ClickKeyword.click(ClickKeyword.groovy:74)
	at com.kms.katalon.core.webui.keyword.builtin.ClickKeyword.execute(ClickKeyword.groovy:40)
	at com.kms.katalon.core.keyword.internal.KeywordExecutor.executeKeywordForPlatform(KeywordExecutor.groovy:74)
	at com.kms.katalon.core.webui.keyword.WebUiBuiltInKeywords.click(WebUiBuiltInKeywords.groovy:620)
	at com.kms.katalon.core.webui.keyword.WebUiBuiltInKeywords$click$1.call(Unknown Source)
	at See all notifications.run(See all notifications:34)
	at com.kms.katalon.core.main.ScriptEngine.run(ScriptEngine.java:194)
	at com.kms.katalon.core.main.ScriptEngine.runScriptAsRawText(ScriptEngine.java:119)
	at com.kms.katalon.core.main.TestCaseExecutor.runScript(TestCaseExecutor.java:442)
	at com.kms.katalon.core.main.TestCaseExecutor.doExecute(TestCaseExecutor.java:433)
	at com.kms.katalon.core.main.TestCaseExecutor.processExecutionPhase(TestCaseExecutor.java:412)
	at com.kms.katalon.core.main.TestCaseExecutor.accessMainPhase(TestCaseExecutor.java:404)
	at com.kms.katalon.core.main.TestCaseExecutor.execute(TestCaseExecutor.java:281)
	at com.kms.katalon.core.main.TestCaseExecutor.execute(TestCaseExecutor.java:363)
	at com.kms.katalon.core.main.TestCaseExecutor.execute(TestCaseExecutor.java:363)
	at com.kms.katalon.core.main.TestCaseExecutor.execute(TestCaseExecutor.java:363)
	at com.kms.katalon.core.main.TestSuiteExecutor.accessTestCaseMainPhase(TestSuiteExecutor.java:202)
	at com.kms.katalon.core.main.TestSuiteExecutor.accessTestSuiteMainPhase(TestSuiteExecutor.java:164)
	at com.kms.katalon.core.main.TestSuiteExecutor.execute(TestSuiteExecutor.java:105)
	at com.kms.katalon.core.main.TestCaseMain.startTestSuite(TestCaseMain.java:181)
	at com.kms.katalon.core.main.TestCaseMain$startTestSuite$0.call(Unknown Source)
	at TempTestSuite1642334705478.run(TempTestSuite1642334705478.groovy:36)
Caused by: org.openqa.selenium.ElementNotInteractableException: element not interactable
  (Session info: chrome=97.0.4692.71)
Build info: version: '3.141.59', revision: 'e82be7d358', time: '2018-11-14T08:25:53'
System info: host: 'DESKTOP-5O7CBM9', ip: '192.168.16.1', os.name: 'Windows 10', os.arch: 'amd64', os.version: '10.0', java.version: '1.8.0_282'
Driver info: com.kms.katalon.selenium.driver.CChromeDriver
Capabilities {acceptInsecureCerts: false, browserName: chrome, browserVersion: 97.0.4692.71, chrome: {chromedriverVersion: 97.0.4692.71 (adefa7837d02a..., userDataDir: C:\Users\antra\AppData\Loca...}, goog:chromeOptions: {debuggerAddress: localhost:50398}, javascriptEnabled: true, networkConnectionEnabled: false, pageLoadStrategy: normal, platform: WINDOWS, platformName: WINDOWS, proxy: Proxy(), setWindowRect: true, strictFileInteractability: false, timeouts: {implicit: 0, pageLoad: 300000, script: 30000}, unhandledPromptBehavior: dismiss and notify, webauthn:extension:credBlob: true, webauthn:extension:largeBlob: true, webauthn:virtualAuthenticators: true}
Session ID: 16ab4cc9de72843cff98d9ea3290801d
	at org.openqa.selenium.remote.http.W3CHttpResponseCodec.createException(W3CHttpResponseCodec.java:187)
	at org.openqa.selenium.remote.http.W3CHttpResponseCodec.decode(W3CHttpResponseCodec.java:122)
	at org.openqa.selenium.remote.http.W3CHttpResponseCodec.decode(W3CHttpResponseCodec.java:49)
	at org.openqa.selenium.remote.HttpCommandExecutor.execute(HttpCommandExecutor.java:158)
	at org.openqa.selenium.remote.service.DriverCommandExecutor.execute(DriverCommandExecutor.java:83)
	at org.openqa.selenium.remote.RemoteWebDriver.execute(RemoteWebDriver.java:552)
	at com.kms.katalon.selenium.driver.CChromeDriver.execute(CChromeDriver.java:19)
	at org.openqa.selenium.remote.RemoteWebElement.execute(RemoteWebElement.java:285)
	at org.openqa.selenium.remote.RemoteWebElement.click(RemoteWebElement.java:84)
	at org.openqa.selenium.support.events.EventFiringWebDriver$EventFiringWebElement.lambda$new$0(EventFiringWebDriver.java:404)
	at com.sun.proxy.$Proxy11.click(Unknown Source)
	at org.openqa.selenium.support.events.EventFiringWebDriver$EventFiringWebElement.click(EventFiringWebDriver.java:417)
	at org.openqa.selenium.WebElement$click.call(Unknown Source)
	at com.kms.katalon.core.webui.keyword.builtin.ClickKeyword.clickUntilSuccessWithTimeout(ClickKeyword.groovy:81)
	at com.kms.katalon.core.webui.keyword.builtin.ClickKeyword.clickUntilSuccessWithTimeout(ClickKeyword.groovy)
	at com.kms.katalon.core.webui.keyword.builtin.ClickKeyword$_click_closure1.doCall(ClickKeyword.groovy:67)
	at com.kms.katalon.core.webui.keyword.builtin.ClickKeyword$_click_closure1.call(ClickKeyword.groovy)
	at com.kms.katalon.core.webui.keyword.internal.WebUIKeywordMain.runKeyword(WebUIKeywordMain.groovy:20)
	... 22 more


2022-01-16 19:54:01 - [TEST_STEP][PASSED] - openBrowser(""): Browser is opened with url: ''

2022-01-16 19:54:01 - [MESSAGE][WARNING] - A browser is already opened. Closing browser and opening a new one

2022-01-16 19:54:02 - [MESSAGE][INFO] - Starting 'Chrome' driver

2022-01-16 19:54:02 - [MESSAGE][INFO] - Action delay is set to 0 milliseconds

2022-01-16 19:54:03 - [MESSAGE][PASSED] - Browser is opened with url: ''

2022-01-16 19:54:03 - [TEST_STEP][PASSED] - navigateToUrl("http://localhost/"): Navigate to 'http://localhost/' successfully

2022-01-16 19:54:04 - [MESSAGE][PASSED] - Navigate to 'http://localhost/' successfully

2022-01-16 19:54:04 - [TEST_STEP][PASSED] - click(findTestObject("Object Repository/Page_L Tm Anh/a_Log in")): Object: 'Object Repository/Page_L Tm Anh/a_Log in' is clicked on

2022-01-16 19:54:04 - [MESSAGE][PASSED] - Object: 'Object Repository/Page_L Tm Anh/a_Log in' is clicked on

2022-01-16 19:54:04 - [TEST_STEP][PASSED] - setText(findTestObject("Object Repository/Page_L Tm Anh Log in to the site/input_Username_username"), "admin"): Text 'admin' is set on object 'Object Repository/Page_L Tm Anh Log in to the site/input_Username_username'

2022-01-16 19:54:05 - [MESSAGE][PASSED] - Text 'admin' is set on object 'Object Repository/Page_L Tm Anh Log in to the site/input_Username_username'

2022-01-16 19:54:05 - [TEST_STEP][PASSED] - setEncryptedText(findTestObject("Object Repository/Page_L Tm Anh Log in to the site/input_Password_password"), "eGmz8XUbrLe3vUQiiiujBg=="): Text ****** has been set on object 'Object Repository/Page_L Tm Anh Log in to the site/input_Password_password'

2022-01-16 19:54:05 - [MESSAGE][PASSED] - Text ****** has been set on object 'Object Repository/Page_L Tm Anh Log in to the site/input_Password_password'

2022-01-16 19:54:05 - [TEST_STEP][PASSED] - click(findTestObject("Object Repository/Page_L Tm Anh Log in to the site/button_Log in")): Object: 'Object Repository/Page_L Tm Anh Log in to the site/button_Log in' is clicked on

2022-01-16 19:54:07 - [MESSAGE][PASSED] - Object: 'Object Repository/Page_L Tm Anh Log in to the site/button_Log in' is clicked on

2022-01-16 19:54:07 - [TEST_STEP][PASSED] - click(findTestObject("Object Repository/Page_Dashboard/i_Site administration_icon fa fa-bell-o fa-fw")): Object: 'Object Repository/Page_Dashboard/i_Site administration_icon fa fa-bell-o fa-fw' is clicked on

2022-01-16 19:54:08 - [MESSAGE][PASSED] - Object: 'Object Repository/Page_Dashboard/i_Site administration_icon fa fa-bell-o fa-fw' is clicked on

2022-01-16 19:54:08 - [TEST_STEP][FAILED] - click(findTestObject("Object Repository/Page_Dashboard/div_See all")): Unable to click on object 'Object Repository/Page_Dashboard/div_See all' (Root cause: com.kms.katalon.core.exception.StepFailedException: Unable to click on object 'Object Repository/Page_Dashboard/div_See all'
	at com.kms.katalon.core.webui.keyword.internal.WebUIKeywordMain.stepFailed(WebUIKeywordMain.groovy:64)
	at com.kms.katalon.core.webui.keyword.internal.WebUIKeywordMain.runKeyword(WebUIKeywordMain.groovy:26)
	at com.kms.katalon.core.webui.keyword.builtin.ClickKeyword.click(ClickKeyword.groovy:74)
	at com.kms.katalon.core.webui.keyword.builtin.ClickKeyword.execute(ClickKeyword.groovy:40)
	at com.kms.katalon.core.keyword.internal.KeywordExecutor.executeKeywordForPlatform(KeywordExecutor.groovy:74)
	at com.kms.katalon.core.webui.keyword.WebUiBuiltInKeywords.click(WebUiBuiltInKeywords.groovy:620)
	at com.kms.katalon.core.webui.keyword.WebUiBuiltInKeywords$click$1.call(Unknown Source)
	at See all notifications.run(See all notifications:34)
	at com.kms.katalon.core.main.ScriptEngine.run(ScriptEngine.java:194)
	at com.kms.katalon.core.main.ScriptEngine.runScriptAsRawText(ScriptEngine.java:119)
	at com.kms.katalon.core.main.TestCaseExecutor.runScript(TestCaseExecutor.java:442)
	at com.kms.katalon.core.main.TestCaseExecutor.doExecute(TestCaseExecutor.java:433)
	at com.kms.katalon.core.main.TestCaseExecutor.processExecutionPhase(TestCaseExecutor.java:412)
	at com.kms.katalon.core.main.TestCaseExecutor.accessMainPhase(TestCaseExecutor.java:404)
	at com.kms.katalon.core.main.TestCaseExecutor.execute(TestCaseExecutor.java:281)
	at com.kms.katalon.core.main.TestCaseExecutor.execute(TestCaseExecutor.java:363)
	at com.kms.katalon.core.main.TestCaseExecutor.execute(TestCaseExecutor.java:363)
	at com.kms.katalon.core.main.TestCaseExecutor.execute(TestCaseExecutor.java:363)
	at com.kms.katalon.core.main.TestSuiteExecutor.accessTestCaseMainPhase(TestSuiteExecutor.java:202)
	at com.kms.katalon.core.main.TestSuiteExecutor.accessTestSuiteMainPhase(TestSuiteExecutor.java:164)
	at com.kms.katalon.core.main.TestSuiteExecutor.execute(TestSuiteExecutor.java:105)
	at com.kms.katalon.core.main.TestCaseMain.startTestSuite(TestCaseMain.java:181)
	at com.kms.katalon.core.main.TestCaseMain$startTestSuite$0.call(Unknown Source)
	at TempTestSuite1642334705478.run(TempTestSuite1642334705478.groovy:36)
Caused by: org.openqa.selenium.ElementNotInteractableException: element not interactable
  (Session info: chrome=97.0.4692.71)
Build info: version: '3.141.59', revision: 'e82be7d358', time: '2018-11-14T08:25:53'
System info: host: 'DESKTOP-5O7CBM9', ip: '192.168.16.1', os.name: 'Windows 10', os.arch: 'amd64', os.version: '10.0', java.version: '1.8.0_282'
Driver info: com.kms.katalon.selenium.driver.CChromeDriver
Capabilities {acceptInsecureCerts: false, browserName: chrome, browserVersion: 97.0.4692.71, chrome: {chromedriverVersion: 97.0.4692.71 (adefa7837d02a..., userDataDir: C:\Users\antra\AppData\Loca...}, goog:chromeOptions: {debuggerAddress: localhost:50398}, javascriptEnabled: true, networkConnectionEnabled: false, pageLoadStrategy: normal, platform: WINDOWS, platformName: WINDOWS, proxy: Proxy(), setWindowRect: true, strictFileInteractability: false, timeouts: {implicit: 0, pageLoad: 300000, script: 30000}, unhandledPromptBehavior: dismiss and notify, webauthn:extension:credBlob: true, webauthn:extension:largeBlob: true, webauthn:virtualAuthenticators: true}
Session ID: 16ab4cc9de72843cff98d9ea3290801d
	at org.openqa.selenium.remote.http.W3CHttpResponseCodec.createException(W3CHttpResponseCodec.java:187)
	at org.openqa.selenium.remote.http.W3CHttpResponseCodec.decode(W3CHttpResponseCodec.java:122)
	at org.openqa.selenium.remote.http.W3CHttpResponseCodec.decode(W3CHttpResponseCodec.java:49)
	at org.openqa.selenium.remote.HttpCommandExecutor.execute(HttpCommandExecutor.java:158)
	at org.openqa.selenium.remote.service.DriverCommandExecutor.execute(DriverCommandExecutor.java:83)
	at org.openqa.selenium.remote.RemoteWebDriver.execute(RemoteWebDriver.java:552)
	at com.kms.katalon.selenium.driver.CChromeDriver.execute(CChromeDriver.java:19)
	at org.openqa.selenium.remote.RemoteWebElement.execute(RemoteWebElement.java:285)
	at org.openqa.selenium.remote.RemoteWebElement.click(RemoteWebElement.java:84)
	at org.openqa.selenium.support.events.EventFiringWebDriver$EventFiringWebElement.lambda$new$0(EventFiringWebDriver.java:404)
	at com.sun.proxy.$Proxy11.click(Unknown Source)
	at org.openqa.selenium.support.events.EventFiringWebDriver$EventFiringWebElement.click(EventFiringWebDriver.java:417)
	at org.openqa.selenium.WebElement$click.call(Unknown Source)
	at com.kms.katalon.core.webui.keyword.builtin.ClickKeyword.clickUntilSuccessWithTimeout(ClickKeyword.groovy:81)
	at com.kms.katalon.core.webui.keyword.builtin.ClickKeyword.clickUntilSuccessWithTimeout(ClickKeyword.groovy)
	at com.kms.katalon.core.webui.keyword.builtin.ClickKeyword$_click_closure1.doCall(ClickKeyword.groovy:67)
	at com.kms.katalon.core.webui.keyword.builtin.ClickKeyword$_click_closure1.call(ClickKeyword.groovy)
	at com.kms.katalon.core.webui.keyword.internal.WebUIKeywordMain.runKeyword(WebUIKeywordMain.groovy:20)
	at com.kms.katalon.core.webui.keyword.builtin.ClickKeyword.click(ClickKeyword.groovy:74)
	at com.kms.katalon.core.webui.keyword.builtin.ClickKeyword.execute(ClickKeyword.groovy:40)
	at com.kms.katalon.core.keyword.internal.KeywordExecutor.executeKeywordForPlatform(KeywordExecutor.groovy:74)
	at com.kms.katalon.core.webui.keyword.WebUiBuiltInKeywords.click(WebUiBuiltInKeywords.groovy:620)
	at com.kms.katalon.core.webui.keyword.WebUiBuiltInKeywords$click$1.call(Unknown Source)
	at Script1641688329843.run(Script1641688329843.groovy:34)
	... 16 more
)

2022-01-16 19:54:39 - [MESSAGE][INFO] - Unable to find the element located by 'By.xpath: //div[@id='popover-region-container-61da2d4595e0961da2d45767654']/a/div/div'. Please recheck the objects properties to make sure the desired element is located. 

2022-01-16 19:54:39 - [MESSAGE][WARNING] - [SELF-HEALING] Failed to find element with id 'Object Repository/Page_Dashboard/div_See all'. Try using Self-healing.

2022-01-16 19:54:39 - [MESSAGE][WARNING] - [SELF-HEALING] The current locator of test object 'Object Repository/Page_Dashboard/div_See all' was broken. Propose an alternative one: '(.//*[normalize-space(text()) and normalize-space(.)='You have no notifications'])[1]/following::div[2]'.

2022-01-16 19:54:40 - [MESSAGE][FAILED] - Unable to click on object 'Object Repository/Page_Dashboard/div_See all' (Root cause: com.kms.katalon.core.exception.StepFailedException: Unable to click on object 'Object Repository/Page_Dashboard/div_See all'
	at com.kms.katalon.core.webui.keyword.internal.WebUIKeywordMain.stepFailed(WebUIKeywordMain.groovy:64)
	at com.kms.katalon.core.webui.keyword.internal.WebUIKeywordMain.runKeyword(WebUIKeywordMain.groovy:26)
	at com.kms.katalon.core.webui.keyword.builtin.ClickKeyword.click(ClickKeyword.groovy:74)
	at com.kms.katalon.core.webui.keyword.builtin.ClickKeyword.execute(ClickKeyword.groovy:40)
	at com.kms.katalon.core.keyword.internal.KeywordExecutor.executeKeywordForPlatform(KeywordExecutor.groovy:74)
	at com.kms.katalon.core.webui.keyword.WebUiBuiltInKeywords.click(WebUiBuiltInKeywords.groovy:620)
	at com.kms.katalon.core.webui.keyword.WebUiBuiltInKeywords$click$1.call(Unknown Source)
	at See all notifications.run(See all notifications:34)
	at com.kms.katalon.core.main.ScriptEngine.run(ScriptEngine.java:194)
	at com.kms.katalon.core.main.ScriptEngine.runScriptAsRawText(ScriptEngine.java:119)
	at com.kms.katalon.core.main.TestCaseExecutor.runScript(TestCaseExecutor.java:442)
	at com.kms.katalon.core.main.TestCaseExecutor.doExecute(TestCaseExecutor.java:433)
	at com.kms.katalon.core.main.TestCaseExecutor.processExecutionPhase(TestCaseExecutor.java:412)
	at com.kms.katalon.core.main.TestCaseExecutor.accessMainPhase(TestCaseExecutor.java:404)
	at com.kms.katalon.core.main.TestCaseExecutor.execute(TestCaseExecutor.java:281)
	at com.kms.katalon.core.main.TestCaseExecutor.execute(TestCaseExecutor.java:363)
	at com.kms.katalon.core.main.TestCaseExecutor.execute(TestCaseExecutor.java:363)
	at com.kms.katalon.core.main.TestCaseExecutor.execute(TestCaseExecutor.java:363)
	at com.kms.katalon.core.main.TestSuiteExecutor.accessTestCaseMainPhase(TestSuiteExecutor.java:202)
	at com.kms.katalon.core.main.TestSuiteExecutor.accessTestSuiteMainPhase(TestSuiteExecutor.java:164)
	at com.kms.katalon.core.main.TestSuiteExecutor.execute(TestSuiteExecutor.java:105)
	at com.kms.katalon.core.main.TestCaseMain.startTestSuite(TestCaseMain.java:181)
	at com.kms.katalon.core.main.TestCaseMain$startTestSuite$0.call(Unknown Source)
	at TempTestSuite1642334705478.run(TempTestSuite1642334705478.groovy:36)
Caused by: org.openqa.selenium.ElementNotInteractableException: element not interactable
  (Session info: chrome=97.0.4692.71)
Build info: version: '3.141.59', revision: 'e82be7d358', time: '2018-11-14T08:25:53'
System info: host: 'DESKTOP-5O7CBM9', ip: '192.168.16.1', os.name: 'Windows 10', os.arch: 'amd64', os.version: '10.0', java.version: '1.8.0_282'
Driver info: com.kms.katalon.selenium.driver.CChromeDriver
Capabilities {acceptInsecureCerts: false, browserName: chrome, browserVersion: 97.0.4692.71, chrome: {chromedriverVersion: 97.0.4692.71 (adefa7837d02a..., userDataDir: C:\Users\antra\AppData\Loca...}, goog:chromeOptions: {debuggerAddress: localhost:50398}, javascriptEnabled: true, networkConnectionEnabled: false, pageLoadStrategy: normal, platform: WINDOWS, platformName: WINDOWS, proxy: Proxy(), setWindowRect: true, strictFileInteractability: false, timeouts: {implicit: 0, pageLoad: 300000, script: 30000}, unhandledPromptBehavior: dismiss and notify, webauthn:extension:credBlob: true, webauthn:extension:largeBlob: true, webauthn:virtualAuthenticators: true}
Session ID: 16ab4cc9de72843cff98d9ea3290801d
	at org.openqa.selenium.remote.http.W3CHttpResponseCodec.createException(W3CHttpResponseCodec.java:187)
	at org.openqa.selenium.remote.http.W3CHttpResponseCodec.decode(W3CHttpResponseCodec.java:122)
	at org.openqa.selenium.remote.http.W3CHttpResponseCodec.decode(W3CHttpResponseCodec.java:49)
	at org.openqa.selenium.remote.HttpCommandExecutor.execute(HttpCommandExecutor.java:158)
	at org.openqa.selenium.remote.service.DriverCommandExecutor.execute(DriverCommandExecutor.java:83)
	at org.openqa.selenium.remote.RemoteWebDriver.execute(RemoteWebDriver.java:552)
	at com.kms.katalon.selenium.driver.CChromeDriver.execute(CChromeDriver.java:19)
	at org.openqa.selenium.remote.RemoteWebElement.execute(RemoteWebElement.java:285)
	at org.openqa.selenium.remote.RemoteWebElement.click(RemoteWebElement.java:84)
	at org.openqa.selenium.support.events.EventFiringWebDriver$EventFiringWebElement.lambda$new$0(EventFiringWebDriver.java:404)
	at com.sun.proxy.$Proxy11.click(Unknown Source)
	at org.openqa.selenium.support.events.EventFiringWebDriver$EventFiringWebElement.click(EventFiringWebDriver.java:417)
	at org.openqa.selenium.WebElement$click.call(Unknown Source)
	at com.kms.katalon.core.webui.keyword.builtin.ClickKeyword.clickUntilSuccessWithTimeout(ClickKeyword.groovy:81)
	at com.kms.katalon.core.webui.keyword.builtin.ClickKeyword.clickUntilSuccessWithTimeout(ClickKeyword.groovy)
	at com.kms.katalon.core.webui.keyword.builtin.ClickKeyword$_click_closure1.doCall(ClickKeyword.groovy:67)
	at com.kms.katalon.core.webui.keyword.builtin.ClickKeyword$_click_closure1.call(ClickKeyword.groovy)
	at com.kms.katalon.core.webui.keyword.internal.WebUIKeywordMain.runKeyword(WebUIKeywordMain.groovy:20)
	at com.kms.katalon.core.webui.keyword.builtin.ClickKeyword.click(ClickKeyword.groovy:74)
	at com.kms.katalon.core.webui.keyword.builtin.ClickKeyword.execute(ClickKeyword.groovy:40)
	at com.kms.katalon.core.keyword.internal.KeywordExecutor.executeKeywordForPlatform(KeywordExecutor.groovy:74)
	at com.kms.katalon.core.webui.keyword.WebUiBuiltInKeywords.click(WebUiBuiltInKeywords.groovy:620)
	at com.kms.katalon.core.webui.keyword.WebUiBuiltInKeywords$click$1.call(Unknown Source)
	at Script1641688329843.run(Script1641688329843.groovy:34)
	... 16 more
)
[[ATTACHMENT|C:\\Users\\antra\\git\\SE-Bonus-Assginment-Group1\\Reports\\20220116_190505\\Run all test cases\\20220116_190505\\1642337680008.png]]]]></system-out>
         <system-err><![CDATA[2022-01-16 19:54:01 - [TEST_CASE][FAILED] - Test Cases/I2/See all notifications: Test Cases/I2/See all notifications FAILED.
Reason:
com.kms.katalon.core.exception.StepFailedException: Unable to click on object 'Object Repository/Page_Dashboard/div_See all'
	at com.kms.katalon.core.webui.keyword.internal.WebUIKeywordMain.stepFailed(WebUIKeywordMain.groovy:64)
	at com.kms.katalon.core.webui.keyword.internal.WebUIKeywordMain.runKeyword(WebUIKeywordMain.groovy:26)
	at com.kms.katalon.core.webui.keyword.builtin.ClickKeyword.click(ClickKeyword.groovy:74)
	at com.kms.katalon.core.webui.keyword.builtin.ClickKeyword.execute(ClickKeyword.groovy:40)
	at com.kms.katalon.core.keyword.internal.KeywordExecutor.executeKeywordForPlatform(KeywordExecutor.groovy:74)
	at com.kms.katalon.core.webui.keyword.WebUiBuiltInKeywords.click(WebUiBuiltInKeywords.groovy:620)
	at com.kms.katalon.core.webui.keyword.WebUiBuiltInKeywords$click$1.call(Unknown Source)
	at See all notifications.run(See all notifications:34)
	at com.kms.katalon.core.main.ScriptEngine.run(ScriptEngine.java:194)
	at com.kms.katalon.core.main.ScriptEngine.runScriptAsRawText(ScriptEngine.java:119)
	at com.kms.katalon.core.main.TestCaseExecutor.runScript(TestCaseExecutor.java:442)
	at com.kms.katalon.core.main.TestCaseExecutor.doExecute(TestCaseExecutor.java:433)
	at com.kms.katalon.core.main.TestCaseExecutor.processExecutionPhase(TestCaseExecutor.java:412)
	at com.kms.katalon.core.main.TestCaseExecutor.accessMainPhase(TestCaseExecutor.java:404)
	at com.kms.katalon.core.main.TestCaseExecutor.execute(TestCaseExecutor.java:281)
	at com.kms.katalon.core.main.TestCaseExecutor.execute(TestCaseExecutor.java:363)
	at com.kms.katalon.core.main.TestCaseExecutor.execute(TestCaseExecutor.java:363)
	at com.kms.katalon.core.main.TestCaseExecutor.execute(TestCaseExecutor.java:363)
	at com.kms.katalon.core.main.TestSuiteExecutor.accessTestCaseMainPhase(TestSuiteExecutor.java:202)
	at com.kms.katalon.core.main.TestSuiteExecutor.accessTestSuiteMainPhase(TestSuiteExecutor.java:164)
	at com.kms.katalon.core.main.TestSuiteExecutor.execute(TestSuiteExecutor.java:105)
	at com.kms.katalon.core.main.TestCaseMain.startTestSuite(TestCaseMain.java:181)
	at com.kms.katalon.core.main.TestCaseMain$startTestSuite$0.call(Unknown Source)
	at TempTestSuite1642334705478.run(TempTestSuite1642334705478.groovy:36)
Caused by: org.openqa.selenium.ElementNotInteractableException: element not interactable
  (Session info: chrome=97.0.4692.71)
Build info: version: '3.141.59', revision: 'e82be7d358', time: '2018-11-14T08:25:53'
System info: host: 'DESKTOP-5O7CBM9', ip: '192.168.16.1', os.name: 'Windows 10', os.arch: 'amd64', os.version: '10.0', java.version: '1.8.0_282'
Driver info: com.kms.katalon.selenium.driver.CChromeDriver
Capabilities {acceptInsecureCerts: false, browserName: chrome, browserVersion: 97.0.4692.71, chrome: {chromedriverVersion: 97.0.4692.71 (adefa7837d02a..., userDataDir: C:\Users\antra\AppData\Loca...}, goog:chromeOptions: {debuggerAddress: localhost:50398}, javascriptEnabled: true, networkConnectionEnabled: false, pageLoadStrategy: normal, platform: WINDOWS, platformName: WINDOWS, proxy: Proxy(), setWindowRect: true, strictFileInteractability: false, timeouts: {implicit: 0, pageLoad: 300000, script: 30000}, unhandledPromptBehavior: dismiss and notify, webauthn:extension:credBlob: true, webauthn:extension:largeBlob: true, webauthn:virtualAuthenticators: true}
Session ID: 16ab4cc9de72843cff98d9ea3290801d
	at org.openqa.selenium.remote.http.W3CHttpResponseCodec.createException(W3CHttpResponseCodec.java:187)
	at org.openqa.selenium.remote.http.W3CHttpResponseCodec.decode(W3CHttpResponseCodec.java:122)
	at org.openqa.selenium.remote.http.W3CHttpResponseCodec.decode(W3CHttpResponseCodec.java:49)
	at org.openqa.selenium.remote.HttpCommandExecutor.execute(HttpCommandExecutor.java:158)
	at org.openqa.selenium.remote.service.DriverCommandExecutor.execute(DriverCommandExecutor.java:83)
	at org.openqa.selenium.remote.RemoteWebDriver.execute(RemoteWebDriver.java:552)
	at com.kms.katalon.selenium.driver.CChromeDriver.execute(CChromeDriver.java:19)
	at org.openqa.selenium.remote.RemoteWebElement.execute(RemoteWebElement.java:285)
	at org.openqa.selenium.remote.RemoteWebElement.click(RemoteWebElement.java:84)
	at org.openqa.selenium.support.events.EventFiringWebDriver$EventFiringWebElement.lambda$new$0(EventFiringWebDriver.java:404)
	at com.sun.proxy.$Proxy11.click(Unknown Source)
	at org.openqa.selenium.support.events.EventFiringWebDriver$EventFiringWebElement.click(EventFiringWebDriver.java:417)
	at org.openqa.selenium.WebElement$click.call(Unknown Source)
	at com.kms.katalon.core.webui.keyword.builtin.ClickKeyword.clickUntilSuccessWithTimeout(ClickKeyword.groovy:81)
	at com.kms.katalon.core.webui.keyword.builtin.ClickKeyword.clickUntilSuccessWithTimeout(ClickKeyword.groovy)
	at com.kms.katalon.core.webui.keyword.builtin.ClickKeyword$_click_closure1.doCall(ClickKeyword.groovy:67)
	at com.kms.katalon.core.webui.keyword.builtin.ClickKeyword$_click_closure1.call(ClickKeyword.groovy)
	at com.kms.katalon.core.webui.keyword.internal.WebUIKeywordMain.runKeyword(WebUIKeywordMain.groovy:20)
	... 22 more]]></system-err>
      </testcase>
      <testcase name="Test Cases/I2/View a full notification" time="40.906" classname="Test Cases/I2/View a full notification" status="PASSED">
         <system-out><![CDATA[2022-01-16 19:54:40 - [TEST_CASE][PASSED] - Test Cases/I2/View a full notification: Test Cases/I2/View a full notification

2022-01-16 19:54:40 - [TEST_STEP][PASSED] - openBrowser(""): Browser is opened with url: ''

2022-01-16 19:54:40 - [MESSAGE][WARNING] - A browser is already opened. Closing browser and opening a new one

2022-01-16 19:54:41 - [MESSAGE][INFO] - Starting 'Chrome' driver

2022-01-16 19:54:41 - [MESSAGE][INFO] - Action delay is set to 0 milliseconds

2022-01-16 19:54:42 - [MESSAGE][PASSED] - Browser is opened with url: ''

2022-01-16 19:54:42 - [TEST_STEP][PASSED] - navigateToUrl("http://localhost/"): Navigate to 'http://localhost/' successfully

2022-01-16 19:54:43 - [MESSAGE][PASSED] - Navigate to 'http://localhost/' successfully

2022-01-16 19:54:43 - [TEST_STEP][PASSED] - click(findTestObject("Object Repository/Page_L Tm Anh/a_Log in")): Object: 'Object Repository/Page_L Tm Anh/a_Log in' is clicked on

2022-01-16 19:54:43 - [MESSAGE][PASSED] - Object: 'Object Repository/Page_L Tm Anh/a_Log in' is clicked on

2022-01-16 19:54:43 - [TEST_STEP][PASSED] - click(findTestObject("Object Repository/Page_L Tm Anh Log in to the site/form_Username                              _635ab4")): Object: 'Object Repository/Page_L Tm Anh Log in to the site/form_Username                              _635ab4' is clicked on

2022-01-16 19:54:44 - [MESSAGE][PASSED] - Object: 'Object Repository/Page_L Tm Anh Log in to the site/form_Username                              _635ab4' is clicked on

2022-01-16 19:54:44 - [TEST_STEP][PASSED] - setText(findTestObject("Object Repository/Page_L Tm Anh Log in to the site/input_Username_username"), "admin"): Text 'admin' is set on object 'Object Repository/Page_L Tm Anh Log in to the site/input_Username_username'

2022-01-16 19:54:45 - [MESSAGE][PASSED] - Text 'admin' is set on object 'Object Repository/Page_L Tm Anh Log in to the site/input_Username_username'

2022-01-16 19:54:45 - [TEST_STEP][PASSED] - setEncryptedText(findTestObject("Object Repository/Page_L Tm Anh Log in to the site/input_Password_password"), "eGmz8XUbrLe3vUQiiiujBg=="): Text ****** has been set on object 'Object Repository/Page_L Tm Anh Log in to the site/input_Password_password'

2022-01-16 19:54:45 - [MESSAGE][PASSED] - Text ****** has been set on object 'Object Repository/Page_L Tm Anh Log in to the site/input_Password_password'

2022-01-16 19:54:45 - [TEST_STEP][PASSED] - click(findTestObject("Object Repository/Page_L Tm Anh Log in to the site/button_Log in")): Object: 'Object Repository/Page_L Tm Anh Log in to the site/button_Log in' is clicked on

2022-01-16 19:54:46 - [MESSAGE][PASSED] - Object: 'Object Repository/Page_L Tm Anh Log in to the site/button_Log in' is clicked on

2022-01-16 19:54:46 - [TEST_STEP][PASSED] - click(findTestObject("Object Repository/Page_Dashboard/i_Site administration_icon fa fa-bell-o fa-fw")): Object: 'Object Repository/Page_Dashboard/i_Site administration_icon fa fa-bell-o fa-fw' is clicked on

2022-01-16 19:54:47 - [MESSAGE][PASSED] - Object: 'Object Repository/Page_Dashboard/i_Site administration_icon fa fa-bell-o fa-fw' is clicked on

2022-01-16 19:54:47 - [TEST_STEP][PASSED] - click(findTestObject("Object Repository/Page_Dashboard/a_View full notification")): Object: 'Object Repository/Page_Dashboard/a_View full notification' is clicked on

2022-01-16 19:55:18 - [MESSAGE][INFO] - Unable to find the element located by 'By.xpath: //div[@id='popover-region-container-61da2c529109e61da2c528055f4']/div[2]/div/div/div/a[2]'. Please recheck the objects properties to make sure the desired element is located. 

2022-01-16 19:55:18 - [MESSAGE][WARNING] - [SELF-HEALING] Failed to find element with id 'Object Repository/Page_Dashboard/a_View full notification'. Try using Self-healing.

2022-01-16 19:55:20 - [MESSAGE][INFO] - Unable to find the element located by 'By.xpath: //a[contains(text(),'View full notification')]'. Please recheck the objects properties to make sure the desired element is located. 

2022-01-16 19:55:20 - [MESSAGE][WARNING] - [SELF-HEALING] The current locator of test object 'Object Repository/Page_Dashboard/a_View full notification' was broken. Propose an alternative one: '(.//*[normalize-space(text()) and normalize-space(.)='Notifications'])[1]/following::a[4]'.

2022-01-16 19:55:20 - [MESSAGE][PASSED] - Object: 'Object Repository/Page_Dashboard/a_View full notification' is clicked on

2022-01-16 19:55:20 - [TEST_STEP][PASSED] - closeBrowser(): Browser is closed

2022-01-16 19:55:21 - [MESSAGE][PASSED] - Browser is closed]]></system-out>
         <system-err><![CDATA[]]></system-err>
      </testcase>
      <testcase name="Test Cases/Question bank/Add a essay question in question bank" time="176.04" classname="Test Cases/Question bank/Add a essay question in question bank" status="PASSED">
         <system-out><![CDATA[2022-01-16 19:55:21 - [TEST_CASE][PASSED] - Test Cases/Question bank/Add a essay question in question bank: Test Cases/Question bank/Add a essay question in question bank

2022-01-16 19:55:21 - [TEST_STEP][PASSED] - openBrowser(""): Browser is opened with url: ''

2022-01-16 19:55:21 - [MESSAGE][INFO] - Starting 'Chrome' driver

2022-01-16 19:55:21 - [MESSAGE][INFO] - Action delay is set to 0 milliseconds

2022-01-16 19:55:22 - [MESSAGE][PASSED] - Browser is opened with url: ''

2022-01-16 19:55:22 - [TEST_STEP][PASSED] - navigateToUrl("http://localhost/"): Navigate to 'http://localhost/' successfully

2022-01-16 19:55:23 - [MESSAGE][PASSED] - Navigate to 'http://localhost/' successfully

2022-01-16 19:55:23 - [TEST_STEP][PASSED] - click(findTestObject("Object Repository/Page_L Tm Anh/a_Log in")): Object: 'Object Repository/Page_L Tm Anh/a_Log in' is clicked on

2022-01-16 19:55:24 - [MESSAGE][PASSED] - Object: 'Object Repository/Page_L Tm Anh/a_Log in' is clicked on

2022-01-16 19:55:24 - [TEST_STEP][PASSED] - setText(findTestObject("Object Repository/Page_L Tm Anh Log in to the site/input_Username_username"), "beta"): Text 'beta' is set on object 'Object Repository/Page_L Tm Anh Log in to the site/input_Username_username'

2022-01-16 19:55:24 - [MESSAGE][PASSED] - Text 'beta' is set on object 'Object Repository/Page_L Tm Anh Log in to the site/input_Username_username'

2022-01-16 19:55:24 - [TEST_STEP][PASSED] - setEncryptedText(findTestObject("Object Repository/Page_L Tm Anh Log in to the site/input_Password_password"), "eGmz8XUbrLe3vUQiiiujBg=="): Text ****** has been set on object 'Object Repository/Page_L Tm Anh Log in to the site/input_Password_password'

2022-01-16 19:55:25 - [MESSAGE][PASSED] - Text ****** has been set on object 'Object Repository/Page_L Tm Anh Log in to the site/input_Password_password'

2022-01-16 19:55:25 - [TEST_STEP][PASSED] - click(findTestObject("Object Repository/Page_L Tm Anh Log in to the site/button_Log in")): Object: 'Object Repository/Page_L Tm Anh Log in to the site/button_Log in' is clicked on

2022-01-16 19:55:26 - [MESSAGE][PASSED] - Object: 'Object Repository/Page_L Tm Anh Log in to the site/button_Log in' is clicked on

2022-01-16 19:55:26 - [TEST_STEP][PASSED] - click(findTestObject("Object Repository/Page_Dashboard/a_My courses")): Object: 'Object Repository/Page_Dashboard/a_My courses' is clicked on

2022-01-16 19:55:57 - [MESSAGE][INFO] - Unable to find the element located by 'By.xpath: //ul[@id='moremenu-61e0e36aac914-navbar-nav']/li[3]/a'. Please recheck the objects properties to make sure the desired element is located. 

2022-01-16 19:55:57 - [MESSAGE][WARNING] - [SELF-HEALING] Failed to find element with id 'Object Repository/Page_Dashboard/a_My courses'. Try using Self-healing.

2022-01-16 19:55:58 - [MESSAGE][WARNING] - [SELF-HEALING] The current locator of test object 'Object Repository/Page_Dashboard/a_My courses' was broken. Propose an alternative one: '//a[contains(text(),'My courses')]'.

2022-01-16 19:55:58 - [MESSAGE][PASSED] - Object: 'Object Repository/Page_Dashboard/a_My courses' is clicked on

2022-01-16 19:55:58 - [TEST_STEP][PASSED] - click(findTestObject("Object Repository/Page_My courses/div_Course image")): Object: 'Object Repository/Page_My courses/div_Course image' is clicked on

2022-01-16 19:56:00 - [MESSAGE][PASSED] - Object: 'Object Repository/Page_My courses/div_Course image' is clicked on

2022-01-16 19:56:00 - [TEST_STEP][PASSED] - click(findTestObject("Object Repository/Page_Course 2/a_More")): Object: 'Object Repository/Page_Course 2/a_More' is clicked on

2022-01-16 19:56:31 - [MESSAGE][INFO] - Unable to find the element located by 'By.xpath: //a[@id='moremenu-dropdown-61dcbc055a0de']'. Please recheck the objects properties to make sure the desired element is located. 

2022-01-16 19:56:31 - [MESSAGE][WARNING] - [SELF-HEALING] Failed to find element with id 'Object Repository/Page_Course 2/a_More'. Try using Self-healing.

2022-01-16 19:56:32 - [MESSAGE][WARNING] - [SELF-HEALING] The current locator of test object 'Object Repository/Page_Course 2/a_More' was broken. Propose an alternative one: '(//a[contains(text(),'More')])[2]'.

2022-01-16 19:56:32 - [MESSAGE][PASSED] - Object: 'Object Repository/Page_Course 2/a_More' is clicked on

2022-01-16 19:56:32 - [TEST_STEP][PASSED] - click(findTestObject("Object Repository/Page_Course 2/a_Question bank")): Object: 'Object Repository/Page_Course 2/a_Question bank' is clicked on

2022-01-16 19:57:03 - [MESSAGE][INFO] - Unable to find the element located by 'By.xpath: //li[@id='yui_3_17_2_1_1641856005443_47']/ul/li/a'. Please recheck the objects properties to make sure the desired element is located. 

2022-01-16 19:57:03 - [MESSAGE][WARNING] - [SELF-HEALING] Failed to find element with id 'Object Repository/Page_Course 2/a_Question bank'. Try using Self-healing.

2022-01-16 19:57:03 - [MESSAGE][WARNING] - [SELF-HEALING] The current locator of test object 'Object Repository/Page_Course 2/a_Question bank' was broken. Propose an alternative one: '//a[contains(text(),'Question bank')]'.

2022-01-16 19:57:07 - [MESSAGE][PASSED] - Object: 'Object Repository/Page_Course 2/a_Question bank' is clicked on

2022-01-16 19:57:07 - [TEST_STEP][PASSED] - click(findTestObject("Object Repository/Page_Edit questions/button_Create a new question")): Object: 'Object Repository/Page_Edit questions/button_Create a new question' is clicked on

2022-01-16 19:57:38 - [MESSAGE][INFO] - Unable to find the element located by 'By.xpath: //button[@id='single_button61dcb9be554e49']'. Please recheck the objects properties to make sure the desired element is located. 

2022-01-16 19:57:38 - [MESSAGE][WARNING] - [SELF-HEALING] Failed to find element with id 'Object Repository/Page_Edit questions/button_Create a new question'. Try using Self-healing.

2022-01-16 19:57:38 - [MESSAGE][WARNING] - [SELF-HEALING] The current locator of test object 'Object Repository/Page_Edit questions/button_Create a new question' was broken. Propose an alternative one: '//section[@id='region-main']/div/div[2]/div/div/form/button'.

2022-01-16 19:57:38 - [MESSAGE][PASSED] - Object: 'Object Repository/Page_Edit questions/button_Create a new question' is clicked on

2022-01-16 19:57:38 - [TEST_STEP][PASSED] - click(findTestObject("Object Repository/Page_Edit questions/input_Numerical_qtype")): Object: 'Object Repository/Page_Edit questions/input_Numerical_qtype' is clicked on

2022-01-16 19:57:39 - [MESSAGE][PASSED] - Object: 'Object Repository/Page_Edit questions/input_Numerical_qtype' is clicked on

2022-01-16 19:57:39 - [TEST_STEP][PASSED] - click(findTestObject("Object Repository/Page_Edit questions/input_Description_submitbutton")): Object: 'Object Repository/Page_Edit questions/input_Description_submitbutton' is clicked on

2022-01-16 19:58:10 - [MESSAGE][INFO] - Unable to find the element located by 'By.xpath: //input[@id='yui_3_17_2_1_1641855422405_351']'. Please recheck the objects properties to make sure the desired element is located. 

2022-01-16 19:58:10 - [MESSAGE][WARNING] - [SELF-HEALING] Failed to find element with id 'Object Repository/Page_Edit questions/input_Description_submitbutton'. Try using Self-healing.

2022-01-16 19:58:10 - [MESSAGE][WARNING] - [SELF-HEALING] The current locator of test object 'Object Repository/Page_Edit questions/input_Description_submitbutton' was broken. Propose an alternative one: '//div[3]/input'.

2022-01-16 19:58:11 - [MESSAGE][PASSED] - Object: 'Object Repository/Page_Edit questions/input_Description_submitbutton' is clicked on

2022-01-16 19:58:11 - [TEST_STEP][PASSED] - setText(findTestObject("Object Repository/Page_Editing an Essay question/input_Question name_name"), "Quiz 5"): Text 'Quiz 5' is set on object 'Object Repository/Page_Editing an Essay question/input_Question name_name'

2022-01-16 19:58:13 - [MESSAGE][PASSED] - Text 'Quiz 5' is set on object 'Object Repository/Page_Editing an Essay question/input_Question name_name'

2022-01-16 19:58:13 - [TEST_STEP][PASSED] - setText(findTestObject("Object Repository/Page_Editing an Essay question/div_Quiz 5"), "<p dir="ltr" style="text-align: left;" id="yui_3_17_2_1_1641855428617_1717">Quiz 5</p>"): Text '<p dir="ltr" style="text-align: left;" id="yui_3_17_2_1_1641855428617_1717">Quiz 5</p>' is set on object 'Object Repository/Page_Editing an Essay question/div_Quiz 5'

2022-01-16 19:58:14 - [MESSAGE][PASSED] - Text '<p dir="ltr" style="text-align: left;" id="yui_3_17_2_1_1641855428617_1717">Quiz 5</p>' is set on object 'Object Repository/Page_Editing an Essay question/div_Quiz 5'

2022-01-16 19:58:14 - [TEST_STEP][PASSED] - scrollToElement(findTestObject("Object Repository/Page_Editing an Essay question/input__submitbutton"), 0): Scroll to object 'Object Repository/Page_Editing an Essay question/input__submitbutton' successfully

2022-01-16 19:58:14 - [MESSAGE][WARNING] - Timeout '0' is invalid. Using default page load timeout: '30'

2022-01-16 19:58:14 - [MESSAGE][PASSED] - Scroll to object 'Object Repository/Page_Editing an Essay question/input__submitbutton' successfully

2022-01-16 19:58:14 - [TEST_STEP][PASSED] - click(findTestObject("Object Repository/Page_Editing an Essay question/input__submitbutton")): Object: 'Object Repository/Page_Editing an Essay question/input__submitbutton' is clicked on

2022-01-16 19:58:16 - [MESSAGE][PASSED] - Object: 'Object Repository/Page_Editing an Essay question/input__submitbutton' is clicked on

2022-01-16 19:58:16 - [TEST_STEP][PASSED] - closeBrowser(): Browser is closed

2022-01-16 19:58:17 - [MESSAGE][PASSED] - Browser is closed]]></system-out>
         <system-err><![CDATA[]]></system-err>
      </testcase>
      <testcase name="Test Cases/Question bank/Add a new multiple choice question" time="184.477" classname="Test Cases/Question bank/Add a new multiple choice question" status="PASSED">
         <system-out><![CDATA[2022-01-16 19:58:17 - [TEST_CASE][PASSED] - Test Cases/Question bank/Add a new multiple choice question: Test Cases/Question bank/Add a new multiple choice question

2022-01-16 19:58:17 - [TEST_STEP][PASSED] - openBrowser(""): Browser is opened with url: ''

2022-01-16 19:58:17 - [MESSAGE][INFO] - Starting 'Chrome' driver

2022-01-16 19:58:17 - [MESSAGE][INFO] - Action delay is set to 0 milliseconds

2022-01-16 19:58:18 - [MESSAGE][PASSED] - Browser is opened with url: ''

2022-01-16 19:58:18 - [TEST_STEP][PASSED] - navigateToUrl("http://localhost/"): Navigate to 'http://localhost/' successfully

2022-01-16 19:58:19 - [MESSAGE][PASSED] - Navigate to 'http://localhost/' successfully

2022-01-16 19:58:19 - [TEST_STEP][PASSED] - click(findTestObject("Object Repository/Page_L Tm Anh/a_Log in")): Object: 'Object Repository/Page_L Tm Anh/a_Log in' is clicked on

2022-01-16 19:58:20 - [MESSAGE][PASSED] - Object: 'Object Repository/Page_L Tm Anh/a_Log in' is clicked on

2022-01-16 19:58:20 - [TEST_STEP][PASSED] - setText(findTestObject("Object Repository/Page_L Tm Anh Log in to the site/input_Username_username"), "admin"): Text 'admin' is set on object 'Object Repository/Page_L Tm Anh Log in to the site/input_Username_username'

2022-01-16 19:58:20 - [MESSAGE][PASSED] - Text 'admin' is set on object 'Object Repository/Page_L Tm Anh Log in to the site/input_Username_username'

2022-01-16 19:58:20 - [TEST_STEP][PASSED] - setEncryptedText(findTestObject("Object Repository/Page_L Tm Anh Log in to the site/input_Password_password"), "eGmz8XUbrLe3vUQiiiujBg=="): Text ****** has been set on object 'Object Repository/Page_L Tm Anh Log in to the site/input_Password_password'

2022-01-16 19:58:21 - [MESSAGE][PASSED] - Text ****** has been set on object 'Object Repository/Page_L Tm Anh Log in to the site/input_Password_password'

2022-01-16 19:58:21 - [TEST_STEP][PASSED] - click(findTestObject("Object Repository/Page_L Tm Anh Log in to the site/div_Log in")): Object: 'Object Repository/Page_L Tm Anh Log in to the site/div_Log in' is clicked on

2022-01-16 19:58:21 - [MESSAGE][PASSED] - Object: 'Object Repository/Page_L Tm Anh Log in to the site/div_Log in' is clicked on

2022-01-16 19:58:21 - [TEST_STEP][PASSED] - click(findTestObject("Object Repository/Page_L Tm Anh Log in to the site/button_Log in")): Object: 'Object Repository/Page_L Tm Anh Log in to the site/button_Log in' is clicked on

2022-01-16 19:58:23 - [MESSAGE][PASSED] - Object: 'Object Repository/Page_L Tm Anh Log in to the site/button_Log in' is clicked on

2022-01-16 19:58:23 - [TEST_STEP][PASSED] - click(findTestObject("Object Repository/Page_Dashboard/a_My courses")): Object: 'Object Repository/Page_Dashboard/a_My courses' is clicked on

2022-01-16 19:58:54 - [MESSAGE][INFO] - Unable to find the element located by 'By.xpath: //ul[@id='moremenu-61e0e36aac914-navbar-nav']/li[3]/a'. Please recheck the objects properties to make sure the desired element is located. 

2022-01-16 19:58:54 - [MESSAGE][WARNING] - [SELF-HEALING] Failed to find element with id 'Object Repository/Page_Dashboard/a_My courses'. Try using Self-healing.

2022-01-16 19:58:54 - [MESSAGE][WARNING] - [SELF-HEALING] The current locator of test object 'Object Repository/Page_Dashboard/a_My courses' was broken. Propose an alternative one: '//a[contains(text(),'My courses')]'.

2022-01-16 19:58:55 - [MESSAGE][PASSED] - Object: 'Object Repository/Page_Dashboard/a_My courses' is clicked on

2022-01-16 19:58:55 - [TEST_STEP][PASSED] - click(findTestObject("Object Repository/Page_My courses/div_Course image")): Object: 'Object Repository/Page_My courses/div_Course image' is clicked on

2022-01-16 19:58:57 - [MESSAGE][PASSED] - Object: 'Object Repository/Page_My courses/div_Course image' is clicked on

2022-01-16 19:58:57 - [TEST_STEP][PASSED] - click(findTestObject("Object Repository/Page_Course 1/a_More")): Object: 'Object Repository/Page_Course 1/a_More' is clicked on

2022-01-16 19:59:28 - [MESSAGE][INFO] - Unable to find the element located by 'By.xpath: //a[@id='moremenu-dropdown-61dac5e62f398']'. Please recheck the objects properties to make sure the desired element is located. 

2022-01-16 19:59:28 - [MESSAGE][WARNING] - [SELF-HEALING] Failed to find element with id 'Object Repository/Page_Course 1/a_More'. Try using Self-healing.

2022-01-16 19:59:28 - [MESSAGE][WARNING] - [SELF-HEALING] The current locator of test object 'Object Repository/Page_Course 1/a_More' was broken. Propose an alternative one: '(//a[contains(text(),'More')])[2]'.

2022-01-16 19:59:28 - [MESSAGE][PASSED] - Object: 'Object Repository/Page_Course 1/a_More' is clicked on

2022-01-16 19:59:28 - [TEST_STEP][PASSED] - click(findTestObject("Object Repository/Page_Course 1/a_Question bank")): Object: 'Object Repository/Page_Course 1/a_Question bank' is clicked on

2022-01-16 19:59:59 - [MESSAGE][INFO] - Unable to find the element located by 'By.xpath: //li[@id='yui_3_17_2_1_1641727462260_71']/ul/li/a'. Please recheck the objects properties to make sure the desired element is located. 

2022-01-16 19:59:59 - [MESSAGE][WARNING] - [SELF-HEALING] Failed to find element with id 'Object Repository/Page_Course 1/a_Question bank'. Try using Self-healing.

2022-01-16 20:00:00 - [MESSAGE][WARNING] - [SELF-HEALING] The current locator of test object 'Object Repository/Page_Course 1/a_Question bank' was broken. Propose an alternative one: '//a[contains(text(),'Question bank')]'.

2022-01-16 20:00:01 - [MESSAGE][PASSED] - Object: 'Object Repository/Page_Course 1/a_Question bank' is clicked on

2022-01-16 20:00:01 - [TEST_STEP][PASSED] - click(findTestObject("Object Repository/Page_Edit questions/button_Create a new question")): Object: 'Object Repository/Page_Edit questions/button_Create a new question' is clicked on

2022-01-16 20:00:32 - [MESSAGE][INFO] - Unable to find the element located by 'By.xpath: //button[@id='single_button61dcb9be554e49']'. Please recheck the objects properties to make sure the desired element is located. 

2022-01-16 20:00:32 - [MESSAGE][WARNING] - [SELF-HEALING] Failed to find element with id 'Object Repository/Page_Edit questions/button_Create a new question'. Try using Self-healing.

2022-01-16 20:00:33 - [MESSAGE][WARNING] - [SELF-HEALING] The current locator of test object 'Object Repository/Page_Edit questions/button_Create a new question' was broken. Propose an alternative one: '//section[@id='region-main']/div/div[2]/div/div/form/button'.

2022-01-16 20:00:33 - [MESSAGE][PASSED] - Object: 'Object Repository/Page_Edit questions/button_Create a new question' is clicked on

2022-01-16 20:00:33 - [TEST_STEP][PASSED] - click(findTestObject("Object Repository/Page_Edit questions/input_Questions_qtype")): Object: 'Object Repository/Page_Edit questions/input_Questions_qtype' is clicked on

2022-01-16 20:00:33 - [MESSAGE][PASSED] - Object: 'Object Repository/Page_Edit questions/input_Questions_qtype' is clicked on

2022-01-16 20:00:33 - [TEST_STEP][PASSED] - click(findTestObject("Object Repository/Page_Edit questions/input_Description_submitbutton")): Object: 'Object Repository/Page_Edit questions/input_Description_submitbutton' is clicked on

2022-01-16 20:01:04 - [MESSAGE][INFO] - Unable to find the element located by 'By.xpath: //input[@id='yui_3_17_2_1_1641855422405_351']'. Please recheck the objects properties to make sure the desired element is located. 

2022-01-16 20:01:04 - [MESSAGE][WARNING] - [SELF-HEALING] Failed to find element with id 'Object Repository/Page_Edit questions/input_Description_submitbutton'. Try using Self-healing.

2022-01-16 20:01:05 - [MESSAGE][WARNING] - [SELF-HEALING] The current locator of test object 'Object Repository/Page_Edit questions/input_Description_submitbutton' was broken. Propose an alternative one: '//div[3]/input'.

2022-01-16 20:01:06 - [MESSAGE][PASSED] - Object: 'Object Repository/Page_Edit questions/input_Description_submitbutton' is clicked on

2022-01-16 20:01:06 - [TEST_STEP][PASSED] - setText(findTestObject("Object Repository/Page_Editing a Multiple choice question/input_Question name_name"), "Anh le la ai"): Text 'Anh le la ai' is set on object 'Object Repository/Page_Editing a Multiple choice question/input_Question name_name'

2022-01-16 20:01:07 - [MESSAGE][PASSED] - Text 'Anh le la ai' is set on object 'Object Repository/Page_Editing a Multiple choice question/input_Question name_name'

2022-01-16 20:01:07 - [TEST_STEP][PASSED] - setText(findTestObject("Object Repository/Page_Editing a Multiple choice question/div_Anh le la ai"), "<p dir="ltr" style="text-align: left;">Anh le la ai</p>"): Text '<p dir="ltr" style="text-align: left;">Anh le la ai</p>' is set on object 'Object Repository/Page_Editing a Multiple choice question/div_Anh le la ai'

2022-01-16 20:01:08 - [MESSAGE][PASSED] - Text '<p dir="ltr" style="text-align: left;">Anh le la ai</p>' is set on object 'Object Repository/Page_Editing a Multiple choice question/div_Anh le la ai'

2022-01-16 20:01:08 - [TEST_STEP][PASSED] - scrollToElement(findTestObject("Object Repository/Page_Editing a Multiple choice question/div_1"), 0): Scroll to object 'Object Repository/Page_Editing a Multiple choice question/div_1' successfully

2022-01-16 20:01:09 - [MESSAGE][WARNING] - Timeout '0' is invalid. Using default page load timeout: '30'

2022-01-16 20:01:09 - [MESSAGE][PASSED] - Scroll to object 'Object Repository/Page_Editing a Multiple choice question/div_1' successfully

2022-01-16 20:01:09 - [TEST_STEP][PASSED] - setText(findTestObject("Object Repository/Page_Editing a Multiple choice question/div_1"), "<p dir="ltr" style="text-align: left;" id="yui_3_17_2_1_1641727220527_6952">1</p>"): Text '<p dir="ltr" style="text-align: left;" id="yui_3_17_2_1_1641727220527_6952">1</p>' is set on object 'Object Repository/Page_Editing a Multiple choice question/div_1'

2022-01-16 20:01:10 - [MESSAGE][PASSED] - Text '<p dir="ltr" style="text-align: left;" id="yui_3_17_2_1_1641727220527_6952">1</p>' is set on object 'Object Repository/Page_Editing a Multiple choice question/div_1'

2022-01-16 20:01:10 - [TEST_STEP][PASSED] - selectOptionByValue(findTestObject("Object Repository/Page_Editing a Multiple choice question/select_None            100            90   _353130"), "1.0", true): All options with value '1.0' are selected in object 'Object Repository/Page_Editing a Multiple choice question/select_None            100            90   _353130'  using regular expression

2022-01-16 20:01:12 - [MESSAGE][PASSED] - All options with value '1.0' are selected in object 'Object Repository/Page_Editing a Multiple choice question/select_None            100            90   _353130'  using regular expression

2022-01-16 20:01:12 - [TEST_STEP][PASSED] - scrollToElement(findTestObject("Object Repository/Page_Editing a Multiple choice question/div_1_1"), 0): Scroll to object 'Object Repository/Page_Editing a Multiple choice question/div_1_1' successfully

2022-01-16 20:01:12 - [MESSAGE][WARNING] - Timeout '0' is invalid. Using default page load timeout: '30'

2022-01-16 20:01:12 - [MESSAGE][PASSED] - Scroll to object 'Object Repository/Page_Editing a Multiple choice question/div_1_1' successfully

2022-01-16 20:01:12 - [TEST_STEP][PASSED] - setText(findTestObject("Object Repository/Page_Editing a Multiple choice question/div_1_1"), "<p dir="ltr" style="text-align: left;" id="yui_3_17_2_1_1641727220527_6971">1</p>"): Text '<p dir="ltr" style="text-align: left;" id="yui_3_17_2_1_1641727220527_6971">1</p>' is set on object 'Object Repository/Page_Editing a Multiple choice question/div_1_1'

2022-01-16 20:01:13 - [MESSAGE][PASSED] - Text '<p dir="ltr" style="text-align: left;" id="yui_3_17_2_1_1641727220527_6971">1</p>' is set on object 'Object Repository/Page_Editing a Multiple choice question/div_1_1'

2022-01-16 20:01:13 - [TEST_STEP][PASSED] - selectOptionByValue(findTestObject("Object Repository/Page_Editing a Multiple choice question/select_None            100            90   _353130_1"), "0.5", true): All options with value '0.5' are selected in object 'Object Repository/Page_Editing a Multiple choice question/select_None            100            90   _353130_1'  using regular expression

2022-01-16 20:01:15 - [MESSAGE][PASSED] - All options with value '0.5' are selected in object 'Object Repository/Page_Editing a Multiple choice question/select_None            100            90   _353130_1'  using regular expression

2022-01-16 20:01:15 - [TEST_STEP][PASSED] - scrollToElement(findTestObject("Object Repository/Page_Editing a Multiple choice question/div_2"), 0): Scroll to object 'Object Repository/Page_Editing a Multiple choice question/div_2' successfully

2022-01-16 20:01:15 - [MESSAGE][WARNING] - Timeout '0' is invalid. Using default page load timeout: '30'

2022-01-16 20:01:16 - [MESSAGE][PASSED] - Scroll to object 'Object Repository/Page_Editing a Multiple choice question/div_2' successfully

2022-01-16 20:01:16 - [TEST_STEP][PASSED] - setText(findTestObject("Object Repository/Page_Editing a Multiple choice question/div_2"), "<p dir="ltr" style="text-align: left;" id="yui_3_17_2_1_1641727220527_6988">2</p>"): Text '<p dir="ltr" style="text-align: left;" id="yui_3_17_2_1_1641727220527_6988">2</p>' is set on object 'Object Repository/Page_Editing a Multiple choice question/div_2'

2022-01-16 20:01:17 - [MESSAGE][PASSED] - Text '<p dir="ltr" style="text-align: left;" id="yui_3_17_2_1_1641727220527_6988">2</p>' is set on object 'Object Repository/Page_Editing a Multiple choice question/div_2'

2022-01-16 20:01:17 - [TEST_STEP][PASSED] - selectOptionByValue(findTestObject("Object Repository/Page_Editing a Multiple choice question/select_None            100            90   _353130_1_2"), "0.3", true): All options with value '0.3' are selected in object 'Object Repository/Page_Editing a Multiple choice question/select_None            100            90   _353130_1_2'  using regular expression

2022-01-16 20:01:19 - [MESSAGE][PASSED] - All options with value '0.3' are selected in object 'Object Repository/Page_Editing a Multiple choice question/select_None            100            90   _353130_1_2'  using regular expression

2022-01-16 20:01:19 - [TEST_STEP][PASSED] - scrollToElement(findTestObject("Object Repository/Page_Editing a Multiple choice question/input__submitbutton"), 0): Scroll to object 'Object Repository/Page_Editing a Multiple choice question/input__submitbutton' successfully

2022-01-16 20:01:19 - [MESSAGE][WARNING] - Timeout '0' is invalid. Using default page load timeout: '30'

2022-01-16 20:01:19 - [MESSAGE][PASSED] - Scroll to object 'Object Repository/Page_Editing a Multiple choice question/input__submitbutton' successfully

2022-01-16 20:01:19 - [TEST_STEP][PASSED] - click(findTestObject("Object Repository/Page_Editing a Multiple choice question/input__submitbutton")): Object: 'Object Repository/Page_Editing a Multiple choice question/input__submitbutton' is clicked on

2022-01-16 20:01:20 - [MESSAGE][PASSED] - Object: 'Object Repository/Page_Editing a Multiple choice question/input__submitbutton' is clicked on

2022-01-16 20:01:20 - [TEST_STEP][PASSED] - closeBrowser(): Browser is closed

2022-01-16 20:01:21 - [MESSAGE][PASSED] - Browser is closed]]></system-out>
         <system-err><![CDATA[]]></system-err>
      </testcase>
      <testcase name="Test Cases/Question bank/Add a new Short answer question" time="175.039" classname="Test Cases/Question bank/Add a new Short answer question" status="PASSED">
         <system-out><![CDATA[2022-01-16 20:01:21 - [TEST_CASE][PASSED] - Test Cases/Question bank/Add a new Short answer question: Test Cases/Question bank/Add a new Short answer question

2022-01-16 20:01:21 - [TEST_STEP][PASSED] - openBrowser(""): Browser is opened with url: ''

2022-01-16 20:01:21 - [MESSAGE][INFO] - Starting 'Chrome' driver

2022-01-16 20:01:21 - [MESSAGE][INFO] - Action delay is set to 0 milliseconds

2022-01-16 20:01:23 - [MESSAGE][PASSED] - Browser is opened with url: ''

2022-01-16 20:01:23 - [TEST_STEP][PASSED] - navigateToUrl("http://localhost/"): Navigate to 'http://localhost/' successfully

2022-01-16 20:01:23 - [MESSAGE][PASSED] - Navigate to 'http://localhost/' successfully

2022-01-16 20:01:23 - [TEST_STEP][PASSED] - click(findTestObject("Object Repository/Page_L Tm Anh/a_Log in")): Object: 'Object Repository/Page_L Tm Anh/a_Log in' is clicked on

2022-01-16 20:01:24 - [MESSAGE][PASSED] - Object: 'Object Repository/Page_L Tm Anh/a_Log in' is clicked on

2022-01-16 20:01:24 - [TEST_STEP][PASSED] - setText(findTestObject("Object Repository/Page_L Tm Anh Log in to the site/input_Username_username"), "admin"): Text 'admin' is set on object 'Object Repository/Page_L Tm Anh Log in to the site/input_Username_username'

2022-01-16 20:01:25 - [MESSAGE][PASSED] - Text 'admin' is set on object 'Object Repository/Page_L Tm Anh Log in to the site/input_Username_username'

2022-01-16 20:01:25 - [TEST_STEP][PASSED] - setEncryptedText(findTestObject("Object Repository/Page_L Tm Anh Log in to the site/input_Password_password"), "eGmz8XUbrLe3vUQiiiujBg=="): Text ****** has been set on object 'Object Repository/Page_L Tm Anh Log in to the site/input_Password_password'

2022-01-16 20:01:25 - [MESSAGE][PASSED] - Text ****** has been set on object 'Object Repository/Page_L Tm Anh Log in to the site/input_Password_password'

2022-01-16 20:01:25 - [TEST_STEP][PASSED] - click(findTestObject("Object Repository/Page_L Tm Anh Log in to the site/button_Log in")): Object: 'Object Repository/Page_L Tm Anh Log in to the site/button_Log in' is clicked on

2022-01-16 20:01:27 - [MESSAGE][PASSED] - Object: 'Object Repository/Page_L Tm Anh Log in to the site/button_Log in' is clicked on

2022-01-16 20:01:27 - [TEST_STEP][PASSED] - click(findTestObject("Object Repository/Page_Dashboard/a_My courses")): Object: 'Object Repository/Page_Dashboard/a_My courses' is clicked on

2022-01-16 20:01:58 - [MESSAGE][INFO] - Unable to find the element located by 'By.xpath: //ul[@id='moremenu-61e0e36aac914-navbar-nav']/li[3]/a'. Please recheck the objects properties to make sure the desired element is located. 

2022-01-16 20:01:58 - [MESSAGE][WARNING] - [SELF-HEALING] Failed to find element with id 'Object Repository/Page_Dashboard/a_My courses'. Try using Self-healing.

2022-01-16 20:01:58 - [MESSAGE][WARNING] - [SELF-HEALING] The current locator of test object 'Object Repository/Page_Dashboard/a_My courses' was broken. Propose an alternative one: '//a[contains(text(),'My courses')]'.

2022-01-16 20:01:58 - [MESSAGE][PASSED] - Object: 'Object Repository/Page_Dashboard/a_My courses' is clicked on

2022-01-16 20:01:58 - [TEST_STEP][PASSED] - click(findTestObject("Object Repository/Page_My courses/div_Course image")): Object: 'Object Repository/Page_My courses/div_Course image' is clicked on

2022-01-16 20:02:00 - [MESSAGE][PASSED] - Object: 'Object Repository/Page_My courses/div_Course image' is clicked on

2022-01-16 20:02:00 - [TEST_STEP][PASSED] - click(findTestObject("Object Repository/Page_Course 1/a_More")): Object: 'Object Repository/Page_Course 1/a_More' is clicked on

2022-01-16 20:02:31 - [MESSAGE][INFO] - Unable to find the element located by 'By.xpath: //a[@id='moremenu-dropdown-61dac5e62f398']'. Please recheck the objects properties to make sure the desired element is located. 

2022-01-16 20:02:31 - [MESSAGE][WARNING] - [SELF-HEALING] Failed to find element with id 'Object Repository/Page_Course 1/a_More'. Try using Self-healing.

2022-01-16 20:02:31 - [MESSAGE][WARNING] - [SELF-HEALING] The current locator of test object 'Object Repository/Page_Course 1/a_More' was broken. Propose an alternative one: '(//a[contains(text(),'More')])[2]'.

2022-01-16 20:02:32 - [MESSAGE][PASSED] - Object: 'Object Repository/Page_Course 1/a_More' is clicked on

2022-01-16 20:02:32 - [TEST_STEP][PASSED] - click(findTestObject("Object Repository/Page_Course 1/a_Question bank")): Object: 'Object Repository/Page_Course 1/a_Question bank' is clicked on

2022-01-16 20:03:03 - [MESSAGE][INFO] - Unable to find the element located by 'By.xpath: //li[@id='yui_3_17_2_1_1641727462260_71']/ul/li/a'. Please recheck the objects properties to make sure the desired element is located. 

2022-01-16 20:03:03 - [MESSAGE][WARNING] - [SELF-HEALING] Failed to find element with id 'Object Repository/Page_Course 1/a_Question bank'. Try using Self-healing.

2022-01-16 20:03:03 - [MESSAGE][WARNING] - [SELF-HEALING] The current locator of test object 'Object Repository/Page_Course 1/a_Question bank' was broken. Propose an alternative one: '//a[contains(text(),'Question bank')]'.

2022-01-16 20:03:04 - [MESSAGE][PASSED] - Object: 'Object Repository/Page_Course 1/a_Question bank' is clicked on

2022-01-16 20:03:04 - [TEST_STEP][PASSED] - click(findTestObject("Object Repository/Page_Edit questions/button_Create a new question")): Object: 'Object Repository/Page_Edit questions/button_Create a new question' is clicked on

2022-01-16 20:03:35 - [MESSAGE][INFO] - Unable to find the element located by 'By.xpath: //button[@id='single_button61dcb9be554e49']'. Please recheck the objects properties to make sure the desired element is located. 

2022-01-16 20:03:35 - [MESSAGE][WARNING] - [SELF-HEALING] Failed to find element with id 'Object Repository/Page_Edit questions/button_Create a new question'. Try using Self-healing.

2022-01-16 20:03:36 - [MESSAGE][WARNING] - [SELF-HEALING] The current locator of test object 'Object Repository/Page_Edit questions/button_Create a new question' was broken. Propose an alternative one: '//section[@id='region-main']/div/div[2]/div/div/form/button'.

2022-01-16 20:03:36 - [MESSAGE][PASSED] - Object: 'Object Repository/Page_Edit questions/button_Create a new question' is clicked on

2022-01-16 20:03:36 - [TEST_STEP][PASSED] - click(findTestObject("Object Repository/Page_Edit questions/input_Matching_qtype")): Object: 'Object Repository/Page_Edit questions/input_Matching_qtype' is clicked on

2022-01-16 20:03:36 - [MESSAGE][PASSED] - Object: 'Object Repository/Page_Edit questions/input_Matching_qtype' is clicked on

2022-01-16 20:03:36 - [TEST_STEP][PASSED] - click(findTestObject("Object Repository/Page_Edit questions/input_Description_submitbutton")): Object: 'Object Repository/Page_Edit questions/input_Description_submitbutton' is clicked on

2022-01-16 20:04:07 - [MESSAGE][INFO] - Unable to find the element located by 'By.xpath: //input[@id='yui_3_17_2_1_1641855422405_351']'. Please recheck the objects properties to make sure the desired element is located. 

2022-01-16 20:04:07 - [MESSAGE][WARNING] - [SELF-HEALING] Failed to find element with id 'Object Repository/Page_Edit questions/input_Description_submitbutton'. Try using Self-healing.

2022-01-16 20:04:08 - [MESSAGE][WARNING] - [SELF-HEALING] The current locator of test object 'Object Repository/Page_Edit questions/input_Description_submitbutton' was broken. Propose an alternative one: '//div[3]/input'.

2022-01-16 20:04:09 - [MESSAGE][PASSED] - Object: 'Object Repository/Page_Edit questions/input_Description_submitbutton' is clicked on

2022-01-16 20:04:09 - [TEST_STEP][PASSED] - setText(findTestObject("Object Repository/Page_Editing a Short answer question/input_Question name_name"), "Anh le la ai"): Text 'Anh le la ai' is set on object 'Object Repository/Page_Editing a Short answer question/input_Question name_name'

2022-01-16 20:04:10 - [MESSAGE][PASSED] - Text 'Anh le la ai' is set on object 'Object Repository/Page_Editing a Short answer question/input_Question name_name'

2022-01-16 20:04:10 - [TEST_STEP][PASSED] - setText(findTestObject("Object Repository/Page_Editing a Short answer question/div_Anh le la ai"), "<p dir="ltr" style="text-align: left;" id="yui_3_17_2_1_1641726965698_2888">Anh le la ai</p>"): Text '<p dir="ltr" style="text-align: left;" id="yui_3_17_2_1_1641726965698_2888">Anh le la ai</p>' is set on object 'Object Repository/Page_Editing a Short answer question/div_Anh le la ai'

2022-01-16 20:04:11 - [MESSAGE][PASSED] - Text '<p dir="ltr" style="text-align: left;" id="yui_3_17_2_1_1641726965698_2888">Anh le la ai</p>' is set on object 'Object Repository/Page_Editing a Short answer question/div_Anh le la ai'

2022-01-16 20:04:11 - [TEST_STEP][PASSED] - scrollToElement(findTestObject("Object Repository/Page_Editing a Short answer question/input_Answer 1_answer0"), 0): Scroll to object 'Object Repository/Page_Editing a Short answer question/input_Answer 1_answer0' successfully

2022-01-16 20:04:11 - [MESSAGE][WARNING] - Timeout '0' is invalid. Using default page load timeout: '30'

2022-01-16 20:04:12 - [MESSAGE][PASSED] - Scroll to object 'Object Repository/Page_Editing a Short answer question/input_Answer 1_answer0' successfully

2022-01-16 20:04:12 - [TEST_STEP][PASSED] - setText(findTestObject("Object Repository/Page_Editing a Short answer question/input_Answer 1_answer0"), "1"): Text '1' is set on object 'Object Repository/Page_Editing a Short answer question/input_Answer 1_answer0'

2022-01-16 20:04:12 - [MESSAGE][PASSED] - Text '1' is set on object 'Object Repository/Page_Editing a Short answer question/input_Answer 1_answer0'

2022-01-16 20:04:12 - [TEST_STEP][PASSED] - selectOptionByValue(findTestObject("Object Repository/Page_Editing a Short answer question/select_None        100        90        83._8cdef3"), "1.0", true): All options with value '1.0' are selected in object 'Object Repository/Page_Editing a Short answer question/select_None        100        90        83._8cdef3'  using regular expression

2022-01-16 20:04:14 - [MESSAGE][PASSED] - All options with value '1.0' are selected in object 'Object Repository/Page_Editing a Short answer question/select_None        100        90        83._8cdef3'  using regular expression

2022-01-16 20:04:14 - [TEST_STEP][PASSED] - scrollToElement(findTestObject("Object Repository/Page_Editing a Short answer question/input__submitbutton"), 0): Scroll to object 'Object Repository/Page_Editing a Short answer question/input__submitbutton' successfully

2022-01-16 20:04:14 - [MESSAGE][WARNING] - Timeout '0' is invalid. Using default page load timeout: '30'

2022-01-16 20:04:14 - [MESSAGE][PASSED] - Scroll to object 'Object Repository/Page_Editing a Short answer question/input__submitbutton' successfully

2022-01-16 20:04:14 - [TEST_STEP][PASSED] - click(findTestObject("Object Repository/Page_Editing a Short answer question/input__submitbutton")): Object: 'Object Repository/Page_Editing a Short answer question/input__submitbutton' is clicked on

2022-01-16 20:04:15 - [MESSAGE][PASSED] - Object: 'Object Repository/Page_Editing a Short answer question/input__submitbutton' is clicked on

2022-01-16 20:04:15 - [TEST_STEP][PASSED] - closeBrowser(): Browser is closed

2022-01-16 20:04:16 - [MESSAGE][PASSED] - Browser is closed]]></system-out>
         <system-err><![CDATA[]]></system-err>
      </testcase>
      <testcase name="Test Cases/Question bank/Add a numerical question" time="175.423" classname="Test Cases/Question bank/Add a numerical question" status="PASSED">
         <system-out><![CDATA[2022-01-16 20:04:16 - [TEST_CASE][PASSED] - Test Cases/Question bank/Add a numerical question: Test Cases/Question bank/Add a numerical question

2022-01-16 20:04:16 - [TEST_STEP][PASSED] - openBrowser(""): Browser is opened with url: ''

2022-01-16 20:04:16 - [MESSAGE][INFO] - Starting 'Chrome' driver

2022-01-16 20:04:16 - [MESSAGE][INFO] - Action delay is set to 0 milliseconds

2022-01-16 20:04:18 - [MESSAGE][PASSED] - Browser is opened with url: ''

2022-01-16 20:04:18 - [TEST_STEP][PASSED] - navigateToUrl("http://localhost/"): Navigate to 'http://localhost/' successfully

2022-01-16 20:04:18 - [MESSAGE][PASSED] - Navigate to 'http://localhost/' successfully

2022-01-16 20:04:18 - [TEST_STEP][PASSED] - click(findTestObject("Object Repository/Page_L Tm Anh/a_Log in")): Object: 'Object Repository/Page_L Tm Anh/a_Log in' is clicked on

2022-01-16 20:04:19 - [MESSAGE][PASSED] - Object: 'Object Repository/Page_L Tm Anh/a_Log in' is clicked on

2022-01-16 20:04:19 - [TEST_STEP][PASSED] - setText(findTestObject("Object Repository/Page_L Tm Anh Log in to the site/input_Username_username"), "admin"): Text 'admin' is set on object 'Object Repository/Page_L Tm Anh Log in to the site/input_Username_username'

2022-01-16 20:04:20 - [MESSAGE][PASSED] - Text 'admin' is set on object 'Object Repository/Page_L Tm Anh Log in to the site/input_Username_username'

2022-01-16 20:04:20 - [TEST_STEP][PASSED] - setEncryptedText(findTestObject("Object Repository/Page_L Tm Anh Log in to the site/input_Password_password"), "eGmz8XUbrLe3vUQiiiujBg=="): Text ****** has been set on object 'Object Repository/Page_L Tm Anh Log in to the site/input_Password_password'

2022-01-16 20:04:20 - [MESSAGE][PASSED] - Text ****** has been set on object 'Object Repository/Page_L Tm Anh Log in to the site/input_Password_password'

2022-01-16 20:04:20 - [TEST_STEP][PASSED] - click(findTestObject("Object Repository/Page_L Tm Anh Log in to the site/button_Log in")): Object: 'Object Repository/Page_L Tm Anh Log in to the site/button_Log in' is clicked on

2022-01-16 20:04:22 - [MESSAGE][PASSED] - Object: 'Object Repository/Page_L Tm Anh Log in to the site/button_Log in' is clicked on

2022-01-16 20:04:22 - [TEST_STEP][PASSED] - click(findTestObject("Object Repository/Page_Dashboard/a_My courses")): Object: 'Object Repository/Page_Dashboard/a_My courses' is clicked on

2022-01-16 20:04:53 - [MESSAGE][INFO] - Unable to find the element located by 'By.xpath: //ul[@id='moremenu-61e0e36aac914-navbar-nav']/li[3]/a'. Please recheck the objects properties to make sure the desired element is located. 

2022-01-16 20:04:53 - [MESSAGE][WARNING] - [SELF-HEALING] Failed to find element with id 'Object Repository/Page_Dashboard/a_My courses'. Try using Self-healing.

2022-01-16 20:04:53 - [MESSAGE][WARNING] - [SELF-HEALING] The current locator of test object 'Object Repository/Page_Dashboard/a_My courses' was broken. Propose an alternative one: '//a[contains(text(),'My courses')]'.

2022-01-16 20:04:54 - [MESSAGE][PASSED] - Object: 'Object Repository/Page_Dashboard/a_My courses' is clicked on

2022-01-16 20:04:54 - [TEST_STEP][PASSED] - click(findTestObject("Object Repository/Page_My courses/div_Course image")): Object: 'Object Repository/Page_My courses/div_Course image' is clicked on

2022-01-16 20:04:55 - [MESSAGE][PASSED] - Object: 'Object Repository/Page_My courses/div_Course image' is clicked on

2022-01-16 20:04:55 - [TEST_STEP][PASSED] - click(findTestObject("Object Repository/Page_Course 1/a_More")): Object: 'Object Repository/Page_Course 1/a_More' is clicked on

2022-01-16 20:05:27 - [MESSAGE][INFO] - Unable to find the element located by 'By.xpath: //a[@id='moremenu-dropdown-61dac5e62f398']'. Please recheck the objects properties to make sure the desired element is located. 

2022-01-16 20:05:27 - [MESSAGE][WARNING] - [SELF-HEALING] Failed to find element with id 'Object Repository/Page_Course 1/a_More'. Try using Self-healing.

2022-01-16 20:05:27 - [MESSAGE][WARNING] - [SELF-HEALING] The current locator of test object 'Object Repository/Page_Course 1/a_More' was broken. Propose an alternative one: '(//a[contains(text(),'More')])[2]'.

2022-01-16 20:05:27 - [MESSAGE][PASSED] - Object: 'Object Repository/Page_Course 1/a_More' is clicked on

2022-01-16 20:05:27 - [TEST_STEP][PASSED] - click(findTestObject("Object Repository/Page_Course 1/a_Question bank")): Object: 'Object Repository/Page_Course 1/a_Question bank' is clicked on

2022-01-16 20:05:58 - [MESSAGE][INFO] - Unable to find the element located by 'By.xpath: //li[@id='yui_3_17_2_1_1641727462260_71']/ul/li/a'. Please recheck the objects properties to make sure the desired element is located. 

2022-01-16 20:05:58 - [MESSAGE][WARNING] - [SELF-HEALING] Failed to find element with id 'Object Repository/Page_Course 1/a_Question bank'. Try using Self-healing.

2022-01-16 20:05:58 - [MESSAGE][WARNING] - [SELF-HEALING] The current locator of test object 'Object Repository/Page_Course 1/a_Question bank' was broken. Propose an alternative one: '//a[contains(text(),'Question bank')]'.

2022-01-16 20:05:59 - [MESSAGE][PASSED] - Object: 'Object Repository/Page_Course 1/a_Question bank' is clicked on

2022-01-16 20:05:59 - [TEST_STEP][PASSED] - click(findTestObject("Object Repository/Page_Edit questions/button_Create a new question")): Object: 'Object Repository/Page_Edit questions/button_Create a new question' is clicked on

2022-01-16 20:06:31 - [MESSAGE][INFO] - Unable to find the element located by 'By.xpath: //button[@id='single_button61dcb9be554e49']'. Please recheck the objects properties to make sure the desired element is located. 

2022-01-16 20:06:31 - [MESSAGE][WARNING] - [SELF-HEALING] Failed to find element with id 'Object Repository/Page_Edit questions/button_Create a new question'. Try using Self-healing.

2022-01-16 20:06:31 - [MESSAGE][WARNING] - [SELF-HEALING] The current locator of test object 'Object Repository/Page_Edit questions/button_Create a new question' was broken. Propose an alternative one: '//section[@id='region-main']/div/div[2]/div/div/form/button'.

2022-01-16 20:06:31 - [MESSAGE][PASSED] - Object: 'Object Repository/Page_Edit questions/button_Create a new question' is clicked on

2022-01-16 20:06:31 - [TEST_STEP][PASSED] - click(findTestObject("Object Repository/Page_Edit questions/input_Short answer_qtype")): Object: 'Object Repository/Page_Edit questions/input_Short answer_qtype' is clicked on

2022-01-16 20:06:32 - [MESSAGE][PASSED] - Object: 'Object Repository/Page_Edit questions/input_Short answer_qtype' is clicked on

2022-01-16 20:06:32 - [TEST_STEP][PASSED] - click(findTestObject("Object Repository/Page_Edit questions/input_Description_submitbutton")): Object: 'Object Repository/Page_Edit questions/input_Description_submitbutton' is clicked on

2022-01-16 20:07:03 - [MESSAGE][INFO] - Unable to find the element located by 'By.xpath: //input[@id='yui_3_17_2_1_1641855422405_351']'. Please recheck the objects properties to make sure the desired element is located. 

2022-01-16 20:07:03 - [MESSAGE][WARNING] - [SELF-HEALING] Failed to find element with id 'Object Repository/Page_Edit questions/input_Description_submitbutton'. Try using Self-healing.

2022-01-16 20:07:03 - [MESSAGE][WARNING] - [SELF-HEALING] The current locator of test object 'Object Repository/Page_Edit questions/input_Description_submitbutton' was broken. Propose an alternative one: '//div[3]/input'.

2022-01-16 20:07:04 - [MESSAGE][PASSED] - Object: 'Object Repository/Page_Edit questions/input_Description_submitbutton' is clicked on

2022-01-16 20:07:04 - [TEST_STEP][PASSED] - setText(findTestObject("Object Repository/Page_Editing a Numerical question/input_Question name_name"), "Anh le la ai"): Text 'Anh le la ai' is set on object 'Object Repository/Page_Editing a Numerical question/input_Question name_name'

2022-01-16 20:07:05 - [MESSAGE][PASSED] - Text 'Anh le la ai' is set on object 'Object Repository/Page_Editing a Numerical question/input_Question name_name'

2022-01-16 20:07:05 - [TEST_STEP][PASSED] - setText(findTestObject("Object Repository/Page_Editing a Numerical question/div_Anh le la ai"), "<p dir="ltr" style="text-align: left;">Anh le la ai</p>"): Text '<p dir="ltr" style="text-align: left;">Anh le la ai</p>' is set on object 'Object Repository/Page_Editing a Numerical question/div_Anh le la ai'

2022-01-16 20:07:06 - [MESSAGE][PASSED] - Text '<p dir="ltr" style="text-align: left;">Anh le la ai</p>' is set on object 'Object Repository/Page_Editing a Numerical question/div_Anh le la ai'

2022-01-16 20:07:06 - [TEST_STEP][PASSED] - scrollToElement(findTestObject("Object Repository/Page_Editing a Numerical question/input_Answer 1_answer0"), 0): Scroll to object 'Object Repository/Page_Editing a Numerical question/input_Answer 1_answer0' successfully

2022-01-16 20:07:06 - [MESSAGE][WARNING] - Timeout '0' is invalid. Using default page load timeout: '30'

2022-01-16 20:07:07 - [MESSAGE][PASSED] - Scroll to object 'Object Repository/Page_Editing a Numerical question/input_Answer 1_answer0' successfully

2022-01-16 20:07:07 - [TEST_STEP][PASSED] - setText(findTestObject("Object Repository/Page_Editing a Numerical question/input_Answer 1_answer0"), "1"): Text '1' is set on object 'Object Repository/Page_Editing a Numerical question/input_Answer 1_answer0'

2022-01-16 20:07:08 - [MESSAGE][PASSED] - Text '1' is set on object 'Object Repository/Page_Editing a Numerical question/input_Answer 1_answer0'

2022-01-16 20:07:08 - [TEST_STEP][PASSED] - selectOptionByValue(findTestObject("Object Repository/Page_Editing a Numerical question/select_None        100        90        83._8cdef3"), "1.0", true): All options with value '1.0' are selected in object 'Object Repository/Page_Editing a Numerical question/select_None        100        90        83._8cdef3'  using regular expression

2022-01-16 20:07:09 - [MESSAGE][PASSED] - All options with value '1.0' are selected in object 'Object Repository/Page_Editing a Numerical question/select_None        100        90        83._8cdef3'  using regular expression

2022-01-16 20:07:09 - [TEST_STEP][PASSED] - scrollToElement(findTestObject("Object Repository/Page_Editing a Numerical question/input__submitbutton"), 0): Scroll to object 'Object Repository/Page_Editing a Numerical question/input__submitbutton' successfully

2022-01-16 20:07:09 - [MESSAGE][WARNING] - Timeout '0' is invalid. Using default page load timeout: '30'

2022-01-16 20:07:09 - [MESSAGE][PASSED] - Scroll to object 'Object Repository/Page_Editing a Numerical question/input__submitbutton' successfully

2022-01-16 20:07:09 - [TEST_STEP][PASSED] - click(findTestObject("Object Repository/Page_Editing a Numerical question/input__submitbutton")): Object: 'Object Repository/Page_Editing a Numerical question/input__submitbutton' is clicked on

2022-01-16 20:07:11 - [MESSAGE][PASSED] - Object: 'Object Repository/Page_Editing a Numerical question/input__submitbutton' is clicked on

2022-01-16 20:07:11 - [TEST_STEP][PASSED] - closeBrowser(): Browser is closed

2022-01-16 20:07:12 - [MESSAGE][PASSED] - Browser is closed]]></system-out>
         <system-err><![CDATA[]]></system-err>
      </testcase>
      <testcase name="Test Cases/Question bank/Add a True False question" time="203.711" classname="Test Cases/Question bank/Add a True False question" status="PASSED">
         <system-out><![CDATA[2022-01-16 20:07:12 - [TEST_CASE][PASSED] - Test Cases/Question bank/Add a True False question: Test Cases/Question bank/Add a True False question

2022-01-16 20:07:12 - [TEST_STEP][PASSED] - openBrowser(""): Browser is opened with url: ''

2022-01-16 20:07:12 - [MESSAGE][INFO] - Starting 'Chrome' driver

2022-01-16 20:07:12 - [MESSAGE][INFO] - Action delay is set to 0 milliseconds

2022-01-16 20:07:13 - [MESSAGE][PASSED] - Browser is opened with url: ''

2022-01-16 20:07:13 - [TEST_STEP][PASSED] - navigateToUrl("http://localhost/"): Navigate to 'http://localhost/' successfully

2022-01-16 20:07:14 - [MESSAGE][PASSED] - Navigate to 'http://localhost/' successfully

2022-01-16 20:07:14 - [TEST_STEP][PASSED] - click(findTestObject("Object Repository/Page_L Tm Anh/a_Log in")): Object: 'Object Repository/Page_L Tm Anh/a_Log in' is clicked on

2022-01-16 20:07:14 - [MESSAGE][PASSED] - Object: 'Object Repository/Page_L Tm Anh/a_Log in' is clicked on

2022-01-16 20:07:14 - [TEST_STEP][PASSED] - setText(findTestObject("Object Repository/Page_L Tm Anh Log in to the site/input_Username_username"), "admin"): Text 'admin' is set on object 'Object Repository/Page_L Tm Anh Log in to the site/input_Username_username'

2022-01-16 20:07:15 - [MESSAGE][PASSED] - Text 'admin' is set on object 'Object Repository/Page_L Tm Anh Log in to the site/input_Username_username'

2022-01-16 20:07:15 - [TEST_STEP][PASSED] - setEncryptedText(findTestObject("Object Repository/Page_L Tm Anh Log in to the site/input_Password_password"), "eGmz8XUbrLe3vUQiiiujBg=="): Text ****** has been set on object 'Object Repository/Page_L Tm Anh Log in to the site/input_Password_password'

2022-01-16 20:07:16 - [MESSAGE][PASSED] - Text ****** has been set on object 'Object Repository/Page_L Tm Anh Log in to the site/input_Password_password'

2022-01-16 20:07:16 - [TEST_STEP][PASSED] - click(findTestObject("Object Repository/Page_L Tm Anh Log in to the site/button_Log in")): Object: 'Object Repository/Page_L Tm Anh Log in to the site/button_Log in' is clicked on

2022-01-16 20:07:17 - [MESSAGE][PASSED] - Object: 'Object Repository/Page_L Tm Anh Log in to the site/button_Log in' is clicked on

2022-01-16 20:07:17 - [TEST_STEP][PASSED] - click(findTestObject("Object Repository/Page_Dashboard/a_My courses")): Object: 'Object Repository/Page_Dashboard/a_My courses' is clicked on

2022-01-16 20:07:48 - [MESSAGE][INFO] - Unable to find the element located by 'By.xpath: //ul[@id='moremenu-61e0e36aac914-navbar-nav']/li[3]/a'. Please recheck the objects properties to make sure the desired element is located. 

2022-01-16 20:07:48 - [MESSAGE][WARNING] - [SELF-HEALING] Failed to find element with id 'Object Repository/Page_Dashboard/a_My courses'. Try using Self-healing.

2022-01-16 20:07:49 - [MESSAGE][WARNING] - [SELF-HEALING] The current locator of test object 'Object Repository/Page_Dashboard/a_My courses' was broken. Propose an alternative one: '//a[contains(text(),'My courses')]'.

2022-01-16 20:07:49 - [MESSAGE][PASSED] - Object: 'Object Repository/Page_Dashboard/a_My courses' is clicked on

2022-01-16 20:07:49 - [TEST_STEP][PASSED] - click(findTestObject("Object Repository/Page_My courses/div_Course image")): Object: 'Object Repository/Page_My courses/div_Course image' is clicked on

2022-01-16 20:07:50 - [MESSAGE][PASSED] - Object: 'Object Repository/Page_My courses/div_Course image' is clicked on

2022-01-16 20:07:50 - [TEST_STEP][PASSED] - click(findTestObject("Object Repository/Page_Course 1/a_More")): Object: 'Object Repository/Page_Course 1/a_More' is clicked on

2022-01-16 20:08:22 - [MESSAGE][INFO] - Unable to find the element located by 'By.xpath: //a[@id='moremenu-dropdown-61dac5e62f398']'. Please recheck the objects properties to make sure the desired element is located. 

2022-01-16 20:08:22 - [MESSAGE][WARNING] - [SELF-HEALING] Failed to find element with id 'Object Repository/Page_Course 1/a_More'. Try using Self-healing.

2022-01-16 20:08:22 - [MESSAGE][WARNING] - [SELF-HEALING] The current locator of test object 'Object Repository/Page_Course 1/a_More' was broken. Propose an alternative one: '(//a[contains(text(),'More')])[2]'.

2022-01-16 20:08:22 - [MESSAGE][PASSED] - Object: 'Object Repository/Page_Course 1/a_More' is clicked on

2022-01-16 20:08:22 - [TEST_STEP][PASSED] - click(findTestObject("Object Repository/Page_Course 1/a_Question bank")): Object: 'Object Repository/Page_Course 1/a_Question bank' is clicked on

2022-01-16 20:08:53 - [MESSAGE][INFO] - Unable to find the element located by 'By.xpath: //li[@id='yui_3_17_2_1_1641727462260_71']/ul/li/a'. Please recheck the objects properties to make sure the desired element is located. 

2022-01-16 20:08:53 - [MESSAGE][WARNING] - [SELF-HEALING] Failed to find element with id 'Object Repository/Page_Course 1/a_Question bank'. Try using Self-healing.

2022-01-16 20:08:53 - [MESSAGE][WARNING] - [SELF-HEALING] The current locator of test object 'Object Repository/Page_Course 1/a_Question bank' was broken. Propose an alternative one: '//a[contains(text(),'Question bank')]'.

2022-01-16 20:08:55 - [MESSAGE][PASSED] - Object: 'Object Repository/Page_Course 1/a_Question bank' is clicked on

2022-01-16 20:08:55 - [TEST_STEP][PASSED] - click(findTestObject("Object Repository/Page_Edit questions/button_Create a new question")): Object: 'Object Repository/Page_Edit questions/button_Create a new question' is clicked on

2022-01-16 20:09:26 - [MESSAGE][INFO] - Unable to find the element located by 'By.xpath: //button[@id='single_button61dcb9be554e49']'. Please recheck the objects properties to make sure the desired element is located. 

2022-01-16 20:09:26 - [MESSAGE][WARNING] - [SELF-HEALING] Failed to find element with id 'Object Repository/Page_Edit questions/button_Create a new question'. Try using Self-healing.

2022-01-16 20:09:26 - [MESSAGE][WARNING] - [SELF-HEALING] The current locator of test object 'Object Repository/Page_Edit questions/button_Create a new question' was broken. Propose an alternative one: '//section[@id='region-main']/div/div[2]/div/div/form/button'.

2022-01-16 20:09:26 - [MESSAGE][PASSED] - Object: 'Object Repository/Page_Edit questions/button_Create a new question' is clicked on

2022-01-16 20:09:26 - [TEST_STEP][PASSED] - click(findTestObject("Object Repository/Page_Edit questions/label_TrueFalse                            _836f0e")): Object: 'Object Repository/Page_Edit questions/label_TrueFalse                            _836f0e' is clicked on

2022-01-16 20:09:58 - [MESSAGE][INFO] - Unable to find the element located by 'By.xpath: //label[@id='yui_3_17_2_1_1641726634670_331']'. Please recheck the objects properties to make sure the desired element is located. 

2022-01-16 20:09:58 - [MESSAGE][WARNING] - [SELF-HEALING] Failed to find element with id 'Object Repository/Page_Edit questions/label_TrueFalse                            _836f0e'. Try using Self-healing.

2022-01-16 20:09:58 - [MESSAGE][WARNING] - [SELF-HEALING] The current locator of test object 'Object Repository/Page_Edit questions/label_TrueFalse                            _836f0e' was broken. Propose an alternative one: '(.//*[normalize-space(text()) and normalize-space(.)='Multiple choice'])[1]/following::label[1]'.

2022-01-16 20:09:58 - [MESSAGE][PASSED] - Object: 'Object Repository/Page_Edit questions/label_TrueFalse                            _836f0e' is clicked on

2022-01-16 20:09:58 - [TEST_STEP][PASSED] - click(findTestObject("Object Repository/Page_Edit questions/input_Description_submitbutton")): Object: 'Object Repository/Page_Edit questions/input_Description_submitbutton' is clicked on

2022-01-16 20:10:29 - [MESSAGE][INFO] - Unable to find the element located by 'By.xpath: //input[@id='yui_3_17_2_1_1641855422405_351']'. Please recheck the objects properties to make sure the desired element is located. 

2022-01-16 20:10:29 - [MESSAGE][WARNING] - [SELF-HEALING] Failed to find element with id 'Object Repository/Page_Edit questions/input_Description_submitbutton'. Try using Self-healing.

2022-01-16 20:10:29 - [MESSAGE][WARNING] - [SELF-HEALING] The current locator of test object 'Object Repository/Page_Edit questions/input_Description_submitbutton' was broken. Propose an alternative one: '//div[3]/input'.

2022-01-16 20:10:30 - [MESSAGE][PASSED] - Object: 'Object Repository/Page_Edit questions/input_Description_submitbutton' is clicked on

2022-01-16 20:10:30 - [TEST_STEP][PASSED] - setText(findTestObject("Object Repository/Page_Editing a TrueFalse question/input_Question name_name"), "Anh le la ai"): Text 'Anh le la ai' is set on object 'Object Repository/Page_Editing a TrueFalse question/input_Question name_name'

2022-01-16 20:10:32 - [MESSAGE][PASSED] - Text 'Anh le la ai' is set on object 'Object Repository/Page_Editing a TrueFalse question/input_Question name_name'

2022-01-16 20:10:32 - [TEST_STEP][PASSED] - setText(findTestObject("Object Repository/Page_Editing a TrueFalse question/div_Anh le la ai"), "<p dir="ltr" style="text-align: left;" id="yui_3_17_2_1_1641726640458_1708">Anh le la ai</p>"): Text '<p dir="ltr" style="text-align: left;" id="yui_3_17_2_1_1641726640458_1708">Anh le la ai</p>' is set on object 'Object Repository/Page_Editing a TrueFalse question/div_Anh le la ai'

2022-01-16 20:10:33 - [MESSAGE][PASSED] - Text '<p dir="ltr" style="text-align: left;" id="yui_3_17_2_1_1641726640458_1708">Anh le la ai</p>' is set on object 'Object Repository/Page_Editing a TrueFalse question/div_Anh le la ai'

2022-01-16 20:10:33 - [TEST_STEP][PASSED] - scrollToElement(findTestObject("Object Repository/Page_Editing a TrueFalse question/input__submitbutton"), 0): Scroll to object 'Object Repository/Page_Editing a TrueFalse question/input__submitbutton' successfully

2022-01-16 20:10:33 - [MESSAGE][WARNING] - Timeout '0' is invalid. Using default page load timeout: '30'

2022-01-16 20:10:33 - [MESSAGE][PASSED] - Scroll to object 'Object Repository/Page_Editing a TrueFalse question/input__submitbutton' successfully

2022-01-16 20:10:33 - [TEST_STEP][PASSED] - click(findTestObject("Object Repository/Page_Editing a TrueFalse question/input__submitbutton")): Object: 'Object Repository/Page_Editing a TrueFalse question/input__submitbutton' is clicked on

2022-01-16 20:10:35 - [MESSAGE][PASSED] - Object: 'Object Repository/Page_Editing a TrueFalse question/input__submitbutton' is clicked on

2022-01-16 20:10:35 - [TEST_STEP][PASSED] - closeBrowser(): Browser is closed

2022-01-16 20:10:35 - [MESSAGE][PASSED] - Browser is closed]]></system-out>
         <system-err><![CDATA[]]></system-err>
      </testcase>
      <testcase name="Test Cases/Question bank/Duplicate a essay question" time="108.934" classname="Test Cases/Question bank/Duplicate a essay question" status="PASSED">
         <system-out><![CDATA[2022-01-16 20:10:35 - [TEST_CASE][PASSED] - Test Cases/Question bank/Duplicate a essay question: Test Cases/Question bank/Duplicate a essay question

2022-01-16 20:10:36 - [TEST_STEP][PASSED] - openBrowser(""): Browser is opened with url: ''

2022-01-16 20:10:36 - [MESSAGE][INFO] - Starting 'Chrome' driver

2022-01-16 20:10:36 - [MESSAGE][INFO] - Action delay is set to 0 milliseconds

2022-01-16 20:10:37 - [MESSAGE][PASSED] - Browser is opened with url: ''

2022-01-16 20:10:37 - [TEST_STEP][PASSED] - navigateToUrl("http://localhost/"): Navigate to 'http://localhost/' successfully

2022-01-16 20:10:38 - [MESSAGE][PASSED] - Navigate to 'http://localhost/' successfully

2022-01-16 20:10:38 - [TEST_STEP][PASSED] - click(findTestObject("Object Repository/Page_L Tm Anh/a_Log in")): Object: 'Object Repository/Page_L Tm Anh/a_Log in' is clicked on

2022-01-16 20:10:38 - [MESSAGE][PASSED] - Object: 'Object Repository/Page_L Tm Anh/a_Log in' is clicked on

2022-01-16 20:10:38 - [TEST_STEP][PASSED] - setText(findTestObject("Object Repository/Page_L Tm Anh Log in to the site/input_Username_username"), "beta"): Text 'beta' is set on object 'Object Repository/Page_L Tm Anh Log in to the site/input_Username_username'

2022-01-16 20:10:39 - [MESSAGE][PASSED] - Text 'beta' is set on object 'Object Repository/Page_L Tm Anh Log in to the site/input_Username_username'

2022-01-16 20:10:39 - [TEST_STEP][PASSED] - setEncryptedText(findTestObject("Object Repository/Page_L Tm Anh Log in to the site/input_Password_password"), "eGmz8XUbrLe3vUQiiiujBg=="): Text ****** has been set on object 'Object Repository/Page_L Tm Anh Log in to the site/input_Password_password'

2022-01-16 20:10:39 - [MESSAGE][PASSED] - Text ****** has been set on object 'Object Repository/Page_L Tm Anh Log in to the site/input_Password_password'

2022-01-16 20:10:39 - [TEST_STEP][PASSED] - click(findTestObject("Object Repository/Page_L Tm Anh Log in to the site/button_Log in")): Object: 'Object Repository/Page_L Tm Anh Log in to the site/button_Log in' is clicked on

2022-01-16 20:10:40 - [MESSAGE][PASSED] - Object: 'Object Repository/Page_L Tm Anh Log in to the site/button_Log in' is clicked on

2022-01-16 20:10:40 - [TEST_STEP][PASSED] - click(findTestObject("Object Repository/Page_Dashboard/a_My courses")): Object: 'Object Repository/Page_Dashboard/a_My courses' is clicked on

2022-01-16 20:11:12 - [MESSAGE][INFO] - Unable to find the element located by 'By.xpath: //ul[@id='moremenu-61e0e36aac914-navbar-nav']/li[3]/a'. Please recheck the objects properties to make sure the desired element is located. 

2022-01-16 20:11:12 - [MESSAGE][WARNING] - [SELF-HEALING] Failed to find element with id 'Object Repository/Page_Dashboard/a_My courses'. Try using Self-healing.

2022-01-16 20:11:12 - [MESSAGE][WARNING] - [SELF-HEALING] The current locator of test object 'Object Repository/Page_Dashboard/a_My courses' was broken. Propose an alternative one: '//a[contains(text(),'My courses')]'.

2022-01-16 20:11:13 - [MESSAGE][PASSED] - Object: 'Object Repository/Page_Dashboard/a_My courses' is clicked on

2022-01-16 20:11:13 - [TEST_STEP][PASSED] - click(findTestObject("Object Repository/Page_My courses/div_Course image")): Object: 'Object Repository/Page_My courses/div_Course image' is clicked on

2022-01-16 20:11:14 - [MESSAGE][PASSED] - Object: 'Object Repository/Page_My courses/div_Course image' is clicked on

2022-01-16 20:11:14 - [TEST_STEP][PASSED] - click(findTestObject("Object Repository/Page_Course 2/a_More")): Object: 'Object Repository/Page_Course 2/a_More' is clicked on

2022-01-16 20:11:45 - [MESSAGE][INFO] - Unable to find the element located by 'By.xpath: //a[@id='moremenu-dropdown-61dcbc055a0de']'. Please recheck the objects properties to make sure the desired element is located. 

2022-01-16 20:11:45 - [MESSAGE][WARNING] - [SELF-HEALING] Failed to find element with id 'Object Repository/Page_Course 2/a_More'. Try using Self-healing.

2022-01-16 20:11:46 - [MESSAGE][WARNING] - [SELF-HEALING] The current locator of test object 'Object Repository/Page_Course 2/a_More' was broken. Propose an alternative one: '(//a[contains(text(),'More')])[2]'.

2022-01-16 20:11:46 - [MESSAGE][PASSED] - Object: 'Object Repository/Page_Course 2/a_More' is clicked on

2022-01-16 20:11:46 - [TEST_STEP][PASSED] - click(findTestObject("Object Repository/Page_Course 2/a_Question bank")): Object: 'Object Repository/Page_Course 2/a_Question bank' is clicked on

2022-01-16 20:12:17 - [MESSAGE][INFO] - Unable to find the element located by 'By.xpath: //li[@id='yui_3_17_2_1_1641856005443_47']/ul/li/a'. Please recheck the objects properties to make sure the desired element is located. 

2022-01-16 20:12:17 - [MESSAGE][WARNING] - [SELF-HEALING] Failed to find element with id 'Object Repository/Page_Course 2/a_Question bank'. Try using Self-healing.

2022-01-16 20:12:17 - [MESSAGE][WARNING] - [SELF-HEALING] The current locator of test object 'Object Repository/Page_Course 2/a_Question bank' was broken. Propose an alternative one: '//a[contains(text(),'Question bank')]'.

2022-01-16 20:12:18 - [MESSAGE][PASSED] - Object: 'Object Repository/Page_Course 2/a_Question bank' is clicked on

2022-01-16 20:12:18 - [TEST_STEP][PASSED] - scrollToElement(findTestObject("Object Repository/Page_Edit questions/a_Edit"), 0): Scroll to object 'Object Repository/Page_Edit questions/a_Edit' successfully

2022-01-16 20:12:18 - [MESSAGE][WARNING] - Timeout '0' is invalid. Using default page load timeout: '30'

2022-01-16 20:12:19 - [MESSAGE][PASSED] - Scroll to object 'Object Repository/Page_Edit questions/a_Edit' successfully

2022-01-16 20:12:19 - [TEST_STEP][PASSED] - click(findTestObject("Object Repository/Page_Edit questions/a_Edit")): Object: 'Object Repository/Page_Edit questions/a_Edit' is clicked on

2022-01-16 20:12:19 - [MESSAGE][PASSED] - Object: 'Object Repository/Page_Edit questions/a_Edit' is clicked on

2022-01-16 20:12:19 - [TEST_STEP][PASSED] - click(findTestObject("Object Repository/Page_Edit questions/a_Duplicate")): Object: 'Object Repository/Page_Edit questions/a_Duplicate' is clicked on

2022-01-16 20:12:20 - [MESSAGE][PASSED] - Object: 'Object Repository/Page_Edit questions/a_Duplicate' is clicked on

2022-01-16 20:12:20 - [TEST_STEP][PASSED] - setText(findTestObject("Object Repository/Page_Editing an Essay question/input_Question name_name"), "Quiz 5"): Text 'Quiz 5' is set on object 'Object Repository/Page_Editing an Essay question/input_Question name_name'

2022-01-16 20:12:22 - [MESSAGE][PASSED] - Text 'Quiz 5' is set on object 'Object Repository/Page_Editing an Essay question/input_Question name_name'

2022-01-16 20:12:22 - [TEST_STEP][PASSED] - scrollToElement(findTestObject("Object Repository/Page_Editing an Essay question/input_Tuesday, 11 January 2022, 657 AM_subm_3b0f34"), 0): Scroll to object 'Object Repository/Page_Editing an Essay question/input_Tuesday, 11 January 2022, 657 AM_subm_3b0f34' successfully

2022-01-16 20:12:22 - [MESSAGE][WARNING] - Timeout '0' is invalid. Using default page load timeout: '30'

2022-01-16 20:12:22 - [MESSAGE][PASSED] - Scroll to object 'Object Repository/Page_Editing an Essay question/input_Tuesday, 11 January 2022, 657 AM_subm_3b0f34' successfully

2022-01-16 20:12:22 - [TEST_STEP][PASSED] - click(findTestObject("Object Repository/Page_Editing an Essay question/input_Tuesday, 11 January 2022, 657 AM_subm_3b0f34")): Object: 'Object Repository/Page_Editing an Essay question/input_Tuesday, 11 January 2022, 657 AM_subm_3b0f34' is clicked on

2022-01-16 20:12:24 - [MESSAGE][PASSED] - Object: 'Object Repository/Page_Editing an Essay question/input_Tuesday, 11 January 2022, 657 AM_subm_3b0f34' is clicked on

2022-01-16 20:12:24 - [TEST_STEP][PASSED] - closeBrowser(): Browser is closed

2022-01-16 20:12:24 - [MESSAGE][PASSED] - Browser is closed]]></system-out>
         <system-err><![CDATA[]]></system-err>
      </testcase>
      <testcase name="Test Cases/Question bank/Edit a essay question" time="108.724" classname="Test Cases/Question bank/Edit a essay question" status="PASSED">
         <system-out><![CDATA[2022-01-16 20:12:24 - [TEST_CASE][PASSED] - Test Cases/Question bank/Edit a essay question: Test Cases/Question bank/Edit a essay question

2022-01-16 20:12:25 - [TEST_STEP][PASSED] - openBrowser(""): Browser is opened with url: ''

2022-01-16 20:12:25 - [MESSAGE][INFO] - Starting 'Chrome' driver

2022-01-16 20:12:25 - [MESSAGE][INFO] - Action delay is set to 0 milliseconds

2022-01-16 20:12:26 - [MESSAGE][PASSED] - Browser is opened with url: ''

2022-01-16 20:12:26 - [TEST_STEP][PASSED] - navigateToUrl("http://localhost/"): Navigate to 'http://localhost/' successfully

2022-01-16 20:12:26 - [MESSAGE][PASSED] - Navigate to 'http://localhost/' successfully

2022-01-16 20:12:26 - [TEST_STEP][PASSED] - click(findTestObject("Object Repository/Page_L Tm Anh/a_Log in")): Object: 'Object Repository/Page_L Tm Anh/a_Log in' is clicked on

2022-01-16 20:12:27 - [MESSAGE][PASSED] - Object: 'Object Repository/Page_L Tm Anh/a_Log in' is clicked on

2022-01-16 20:12:27 - [TEST_STEP][PASSED] - setText(findTestObject("Object Repository/Page_L Tm Anh Log in to the site/input_Username_username"), "beta"): Text 'beta' is set on object 'Object Repository/Page_L Tm Anh Log in to the site/input_Username_username'

2022-01-16 20:12:28 - [MESSAGE][PASSED] - Text 'beta' is set on object 'Object Repository/Page_L Tm Anh Log in to the site/input_Username_username'

2022-01-16 20:12:28 - [TEST_STEP][PASSED] - setEncryptedText(findTestObject("Object Repository/Page_L Tm Anh Log in to the site/input_Password_password"), "eGmz8XUbrLe3vUQiiiujBg=="): Text ****** has been set on object 'Object Repository/Page_L Tm Anh Log in to the site/input_Password_password'

2022-01-16 20:12:28 - [MESSAGE][PASSED] - Text ****** has been set on object 'Object Repository/Page_L Tm Anh Log in to the site/input_Password_password'

2022-01-16 20:12:28 - [TEST_STEP][PASSED] - click(findTestObject("Object Repository/Page_L Tm Anh Log in to the site/button_Log in")): Object: 'Object Repository/Page_L Tm Anh Log in to the site/button_Log in' is clicked on

2022-01-16 20:12:29 - [MESSAGE][PASSED] - Object: 'Object Repository/Page_L Tm Anh Log in to the site/button_Log in' is clicked on

2022-01-16 20:12:29 - [TEST_STEP][PASSED] - click(findTestObject("Object Repository/Page_Dashboard/a_My courses")): Object: 'Object Repository/Page_Dashboard/a_My courses' is clicked on

2022-01-16 20:13:01 - [MESSAGE][INFO] - Unable to find the element located by 'By.xpath: //ul[@id='moremenu-61e0e36aac914-navbar-nav']/li[3]/a'. Please recheck the objects properties to make sure the desired element is located. 

2022-01-16 20:13:01 - [MESSAGE][WARNING] - [SELF-HEALING] Failed to find element with id 'Object Repository/Page_Dashboard/a_My courses'. Try using Self-healing.

2022-01-16 20:13:01 - [MESSAGE][WARNING] - [SELF-HEALING] The current locator of test object 'Object Repository/Page_Dashboard/a_My courses' was broken. Propose an alternative one: '//a[contains(text(),'My courses')]'.

2022-01-16 20:13:01 - [MESSAGE][PASSED] - Object: 'Object Repository/Page_Dashboard/a_My courses' is clicked on

2022-01-16 20:13:01 - [TEST_STEP][PASSED] - click(findTestObject("Object Repository/Page_My courses/div_Course image")): Object: 'Object Repository/Page_My courses/div_Course image' is clicked on

2022-01-16 20:13:03 - [MESSAGE][PASSED] - Object: 'Object Repository/Page_My courses/div_Course image' is clicked on

2022-01-16 20:13:03 - [TEST_STEP][PASSED] - click(findTestObject("Object Repository/Page_Course 2/a_More")): Object: 'Object Repository/Page_Course 2/a_More' is clicked on

2022-01-16 20:13:34 - [MESSAGE][INFO] - Unable to find the element located by 'By.xpath: //a[@id='moremenu-dropdown-61dcbc055a0de']'. Please recheck the objects properties to make sure the desired element is located. 

2022-01-16 20:13:34 - [MESSAGE][WARNING] - [SELF-HEALING] Failed to find element with id 'Object Repository/Page_Course 2/a_More'. Try using Self-healing.

2022-01-16 20:13:34 - [MESSAGE][WARNING] - [SELF-HEALING] The current locator of test object 'Object Repository/Page_Course 2/a_More' was broken. Propose an alternative one: '(//a[contains(text(),'More')])[2]'.

2022-01-16 20:13:34 - [MESSAGE][PASSED] - Object: 'Object Repository/Page_Course 2/a_More' is clicked on

2022-01-16 20:13:34 - [TEST_STEP][PASSED] - click(findTestObject("Object Repository/Page_Course 2/a_Question bank")): Object: 'Object Repository/Page_Course 2/a_Question bank' is clicked on

2022-01-16 20:14:06 - [MESSAGE][INFO] - Unable to find the element located by 'By.xpath: //li[@id='yui_3_17_2_1_1641856005443_47']/ul/li/a'. Please recheck the objects properties to make sure the desired element is located. 

2022-01-16 20:14:06 - [MESSAGE][WARNING] - [SELF-HEALING] Failed to find element with id 'Object Repository/Page_Course 2/a_Question bank'. Try using Self-healing.

2022-01-16 20:14:06 - [MESSAGE][WARNING] - [SELF-HEALING] The current locator of test object 'Object Repository/Page_Course 2/a_Question bank' was broken. Propose an alternative one: '//a[contains(text(),'Question bank')]'.

2022-01-16 20:14:07 - [MESSAGE][PASSED] - Object: 'Object Repository/Page_Course 2/a_Question bank' is clicked on

2022-01-16 20:14:07 - [TEST_STEP][PASSED] - scrollToElement(findTestObject("Object Repository/Page_Edit questions/a_Edit"), 0): Scroll to object 'Object Repository/Page_Edit questions/a_Edit' successfully

2022-01-16 20:14:07 - [MESSAGE][WARNING] - Timeout '0' is invalid. Using default page load timeout: '30'

2022-01-16 20:14:07 - [MESSAGE][PASSED] - Scroll to object 'Object Repository/Page_Edit questions/a_Edit' successfully

2022-01-16 20:14:07 - [TEST_STEP][PASSED] - click(findTestObject("Object Repository/Page_Edit questions/a_Edit")): Object: 'Object Repository/Page_Edit questions/a_Edit' is clicked on

2022-01-16 20:14:08 - [MESSAGE][PASSED] - Object: 'Object Repository/Page_Edit questions/a_Edit' is clicked on

2022-01-16 20:14:08 - [TEST_STEP][PASSED] - click(findTestObject("Object Repository/Page_Edit questions/a_Edit question")): Object: 'Object Repository/Page_Edit questions/a_Edit question' is clicked on

2022-01-16 20:14:09 - [MESSAGE][PASSED] - Object: 'Object Repository/Page_Edit questions/a_Edit question' is clicked on

2022-01-16 20:14:09 - [TEST_STEP][PASSED] - click(findTestObject("Object Repository/Page_Editing an Essay question/div_Question name")): Object: 'Object Repository/Page_Editing an Essay question/div_Question name' is clicked on

2022-01-16 20:14:10 - [MESSAGE][PASSED] - Object: 'Object Repository/Page_Editing an Essay question/div_Question name' is clicked on

2022-01-16 20:14:10 - [TEST_STEP][PASSED] - setText(findTestObject("Object Repository/Page_Editing an Essay question/input_Question name_name"), "Quiz 5"): Text 'Quiz 5' is set on object 'Object Repository/Page_Editing an Essay question/input_Question name_name'

2022-01-16 20:14:11 - [MESSAGE][PASSED] - Text 'Quiz 5' is set on object 'Object Repository/Page_Editing an Essay question/input_Question name_name'

2022-01-16 20:14:11 - [TEST_STEP][PASSED] - click(findTestObject("Object Repository/Page_Editing an Essay question/input_Preview_submitbutton")): Object: 'Object Repository/Page_Editing an Essay question/input_Preview_submitbutton' is clicked on

2022-01-16 20:14:12 - [MESSAGE][PASSED] - Object: 'Object Repository/Page_Editing an Essay question/input_Preview_submitbutton' is clicked on

2022-01-16 20:14:12 - [TEST_STEP][PASSED] - closeBrowser(): Browser is closed

2022-01-16 20:14:13 - [MESSAGE][PASSED] - Browser is closed]]></system-out>
         <system-err><![CDATA[]]></system-err>
      </testcase>
      <testcase name="Test Cases/Question bank/Preview a question in question bank" time="110.025" classname="Test Cases/Question bank/Preview a question in question bank" status="PASSED">
         <system-out><![CDATA[2022-01-16 20:14:13 - [TEST_CASE][PASSED] - Test Cases/Question bank/Preview a question in question bank: Test Cases/Question bank/Preview a question in question bank

2022-01-16 20:14:13 - [TEST_STEP][PASSED] - openBrowser(""): Browser is opened with url: ''

2022-01-16 20:14:13 - [MESSAGE][INFO] - Starting 'Chrome' driver

2022-01-16 20:14:13 - [MESSAGE][INFO] - Action delay is set to 0 milliseconds

2022-01-16 20:14:15 - [MESSAGE][PASSED] - Browser is opened with url: ''

2022-01-16 20:14:15 - [TEST_STEP][PASSED] - navigateToUrl("http://localhost/"): Navigate to 'http://localhost/' successfully

2022-01-16 20:14:15 - [MESSAGE][PASSED] - Navigate to 'http://localhost/' successfully

2022-01-16 20:14:15 - [TEST_STEP][PASSED] - click(findTestObject("Object Repository/Page_L Tm Anh/a_Log in")): Object: 'Object Repository/Page_L Tm Anh/a_Log in' is clicked on

2022-01-16 20:14:16 - [MESSAGE][PASSED] - Object: 'Object Repository/Page_L Tm Anh/a_Log in' is clicked on

2022-01-16 20:14:16 - [TEST_STEP][PASSED] - setText(findTestObject("Object Repository/Page_L Tm Anh Log in to the site/input_Username_username"), "beta"): Text 'beta' is set on object 'Object Repository/Page_L Tm Anh Log in to the site/input_Username_username'

2022-01-16 20:14:17 - [MESSAGE][PASSED] - Text 'beta' is set on object 'Object Repository/Page_L Tm Anh Log in to the site/input_Username_username'

2022-01-16 20:14:17 - [TEST_STEP][PASSED] - setEncryptedText(findTestObject("Object Repository/Page_L Tm Anh Log in to the site/input_Password_password"), "eGmz8XUbrLe3vUQiiiujBg=="): Text ****** has been set on object 'Object Repository/Page_L Tm Anh Log in to the site/input_Password_password'

2022-01-16 20:14:17 - [MESSAGE][PASSED] - Text ****** has been set on object 'Object Repository/Page_L Tm Anh Log in to the site/input_Password_password'

2022-01-16 20:14:17 - [TEST_STEP][PASSED] - click(findTestObject("Object Repository/Page_L Tm Anh Log in to the site/button_Log in")): Object: 'Object Repository/Page_L Tm Anh Log in to the site/button_Log in' is clicked on

2022-01-16 20:14:19 - [MESSAGE][PASSED] - Object: 'Object Repository/Page_L Tm Anh Log in to the site/button_Log in' is clicked on

2022-01-16 20:14:19 - [TEST_STEP][PASSED] - click(findTestObject("Object Repository/Page_Dashboard/a_My courses")): Object: 'Object Repository/Page_Dashboard/a_My courses' is clicked on

2022-01-16 20:14:50 - [MESSAGE][INFO] - Unable to find the element located by 'By.xpath: //ul[@id='moremenu-61e0e36aac914-navbar-nav']/li[3]/a'. Please recheck the objects properties to make sure the desired element is located. 

2022-01-16 20:14:50 - [MESSAGE][WARNING] - [SELF-HEALING] Failed to find element with id 'Object Repository/Page_Dashboard/a_My courses'. Try using Self-healing.

2022-01-16 20:14:50 - [MESSAGE][WARNING] - [SELF-HEALING] The current locator of test object 'Object Repository/Page_Dashboard/a_My courses' was broken. Propose an alternative one: '//a[contains(text(),'My courses')]'.

2022-01-16 20:14:50 - [MESSAGE][PASSED] - Object: 'Object Repository/Page_Dashboard/a_My courses' is clicked on

2022-01-16 20:14:50 - [TEST_STEP][PASSED] - click(findTestObject("Object Repository/Page_My courses/div_Course image")): Object: 'Object Repository/Page_My courses/div_Course image' is clicked on

2022-01-16 20:14:52 - [MESSAGE][PASSED] - Object: 'Object Repository/Page_My courses/div_Course image' is clicked on

2022-01-16 20:14:52 - [TEST_STEP][PASSED] - click(findTestObject("Object Repository/Page_Course 2/a_More")): Object: 'Object Repository/Page_Course 2/a_More' is clicked on

2022-01-16 20:15:23 - [MESSAGE][INFO] - Unable to find the element located by 'By.xpath: //a[@id='moremenu-dropdown-61dcbc055a0de']'. Please recheck the objects properties to make sure the desired element is located. 

2022-01-16 20:15:23 - [MESSAGE][WARNING] - [SELF-HEALING] Failed to find element with id 'Object Repository/Page_Course 2/a_More'. Try using Self-healing.

2022-01-16 20:15:23 - [MESSAGE][WARNING] - [SELF-HEALING] The current locator of test object 'Object Repository/Page_Course 2/a_More' was broken. Propose an alternative one: '(//a[contains(text(),'More')])[2]'.

2022-01-16 20:15:23 - [MESSAGE][PASSED] - Object: 'Object Repository/Page_Course 2/a_More' is clicked on

2022-01-16 20:15:23 - [TEST_STEP][PASSED] - click(findTestObject("Object Repository/Page_Course 2/a_Question bank")): Object: 'Object Repository/Page_Course 2/a_Question bank' is clicked on

2022-01-16 20:15:54 - [MESSAGE][INFO] - Unable to find the element located by 'By.xpath: //li[@id='yui_3_17_2_1_1641856005443_47']/ul/li/a'. Please recheck the objects properties to make sure the desired element is located. 

2022-01-16 20:15:54 - [MESSAGE][WARNING] - [SELF-HEALING] Failed to find element with id 'Object Repository/Page_Course 2/a_Question bank'. Try using Self-healing.

2022-01-16 20:15:55 - [MESSAGE][WARNING] - [SELF-HEALING] The current locator of test object 'Object Repository/Page_Course 2/a_Question bank' was broken. Propose an alternative one: '//a[contains(text(),'Question bank')]'.

2022-01-16 20:15:56 - [MESSAGE][PASSED] - Object: 'Object Repository/Page_Course 2/a_Question bank' is clicked on

2022-01-16 20:15:56 - [TEST_STEP][PASSED] - scrollToElement(findTestObject("Object Repository/Page_Edit questions/a_Edit"), 0): Scroll to object 'Object Repository/Page_Edit questions/a_Edit' successfully

2022-01-16 20:15:56 - [MESSAGE][WARNING] - Timeout '0' is invalid. Using default page load timeout: '30'

2022-01-16 20:15:56 - [MESSAGE][PASSED] - Scroll to object 'Object Repository/Page_Edit questions/a_Edit' successfully

2022-01-16 20:15:56 - [TEST_STEP][PASSED] - click(findTestObject("Object Repository/Page_Edit questions/a_Edit")): Object: 'Object Repository/Page_Edit questions/a_Edit' is clicked on

2022-01-16 20:15:57 - [MESSAGE][PASSED] - Object: 'Object Repository/Page_Edit questions/a_Edit' is clicked on

2022-01-16 20:15:57 - [TEST_STEP][PASSED] - click(findTestObject("Object Repository/Page_Edit questions/span_Preview")): Object: 'Object Repository/Page_Edit questions/span_Preview' is clicked on

2022-01-16 20:15:59 - [MESSAGE][PASSED] - Object: 'Object Repository/Page_Edit questions/span_Preview' is clicked on

2022-01-16 20:15:59 - [TEST_STEP][PASSED] - click(findTestObject("Object Repository/Page_Preview question Quiz 5/input_Rich text editor_finish")): Object: 'Object Repository/Page_Preview question Quiz 5/input_Rich text editor_finish' is clicked on

2022-01-16 20:16:01 - [MESSAGE][PASSED] - Object: 'Object Repository/Page_Preview question Quiz 5/input_Rich text editor_finish' is clicked on

2022-01-16 20:16:01 - [TEST_STEP][PASSED] - click(findTestObject("Object Repository/Page_Preview question Quiz 5/a_Close preview")): Object: 'Object Repository/Page_Preview question Quiz 5/a_Close preview' is clicked on

2022-01-16 20:16:02 - [MESSAGE][PASSED] - Object: 'Object Repository/Page_Preview question Quiz 5/a_Close preview' is clicked on

2022-01-16 20:16:02 - [TEST_STEP][PASSED] - closeBrowser(): Browser is closed

2022-01-16 20:16:03 - [MESSAGE][PASSED] - Browser is closed]]></system-out>
         <system-err><![CDATA[]]></system-err>
      </testcase>
      <testcase name="Test Cases/Question bank/Export essay quesion as XML" time="105.996" classname="Test Cases/Question bank/Export essay quesion as XML" status="PASSED">
         <system-out><![CDATA[2022-01-16 20:16:03 - [TEST_CASE][PASSED] - Test Cases/Question bank/Export essay quesion as XML: Test Cases/Question bank/Export essay quesion as XML

2022-01-16 20:16:03 - [TEST_STEP][PASSED] - openBrowser(""): Browser is opened with url: ''

2022-01-16 20:16:03 - [MESSAGE][INFO] - Starting 'Chrome' driver

2022-01-16 20:16:03 - [MESSAGE][INFO] - Action delay is set to 0 milliseconds

2022-01-16 20:16:05 - [MESSAGE][PASSED] - Browser is opened with url: ''

2022-01-16 20:16:05 - [TEST_STEP][PASSED] - navigateToUrl("http://localhost/"): Navigate to 'http://localhost/' successfully

2022-01-16 20:16:05 - [MESSAGE][PASSED] - Navigate to 'http://localhost/' successfully

2022-01-16 20:16:05 - [TEST_STEP][PASSED] - click(findTestObject("Object Repository/Page_L Tm Anh/a_Log in")): Object: 'Object Repository/Page_L Tm Anh/a_Log in' is clicked on

2022-01-16 20:16:06 - [MESSAGE][PASSED] - Object: 'Object Repository/Page_L Tm Anh/a_Log in' is clicked on

2022-01-16 20:16:06 - [TEST_STEP][PASSED] - setText(findTestObject("Object Repository/Page_L Tm Anh Log in to the site/input_Username_username"), "beta"): Text 'beta' is set on object 'Object Repository/Page_L Tm Anh Log in to the site/input_Username_username'

2022-01-16 20:16:07 - [MESSAGE][PASSED] - Text 'beta' is set on object 'Object Repository/Page_L Tm Anh Log in to the site/input_Username_username'

2022-01-16 20:16:07 - [TEST_STEP][PASSED] - setEncryptedText(findTestObject("Object Repository/Page_L Tm Anh Log in to the site/input_Password_password"), "eGmz8XUbrLe3vUQiiiujBg=="): Text ****** has been set on object 'Object Repository/Page_L Tm Anh Log in to the site/input_Password_password'

2022-01-16 20:16:07 - [MESSAGE][PASSED] - Text ****** has been set on object 'Object Repository/Page_L Tm Anh Log in to the site/input_Password_password'

2022-01-16 20:16:07 - [TEST_STEP][PASSED] - click(findTestObject("Object Repository/Page_L Tm Anh Log in to the site/button_Log in")): Object: 'Object Repository/Page_L Tm Anh Log in to the site/button_Log in' is clicked on

2022-01-16 20:16:09 - [MESSAGE][PASSED] - Object: 'Object Repository/Page_L Tm Anh Log in to the site/button_Log in' is clicked on

2022-01-16 20:16:09 - [TEST_STEP][PASSED] - click(findTestObject("Object Repository/Page_Dashboard/a_My courses")): Object: 'Object Repository/Page_Dashboard/a_My courses' is clicked on

2022-01-16 20:16:40 - [MESSAGE][INFO] - Unable to find the element located by 'By.xpath: //ul[@id='moremenu-61e0e36aac914-navbar-nav']/li[3]/a'. Please recheck the objects properties to make sure the desired element is located. 

2022-01-16 20:16:40 - [MESSAGE][WARNING] - [SELF-HEALING] Failed to find element with id 'Object Repository/Page_Dashboard/a_My courses'. Try using Self-healing.

2022-01-16 20:16:40 - [MESSAGE][WARNING] - [SELF-HEALING] The current locator of test object 'Object Repository/Page_Dashboard/a_My courses' was broken. Propose an alternative one: '//a[contains(text(),'My courses')]'.

2022-01-16 20:16:41 - [MESSAGE][PASSED] - Object: 'Object Repository/Page_Dashboard/a_My courses' is clicked on

2022-01-16 20:16:41 - [TEST_STEP][PASSED] - click(findTestObject("Object Repository/Page_My courses/div_Course image")): Object: 'Object Repository/Page_My courses/div_Course image' is clicked on

2022-01-16 20:16:43 - [MESSAGE][PASSED] - Object: 'Object Repository/Page_My courses/div_Course image' is clicked on

2022-01-16 20:16:43 - [TEST_STEP][PASSED] - click(findTestObject("Object Repository/Page_Course 2/a_More")): Object: 'Object Repository/Page_Course 2/a_More' is clicked on

2022-01-16 20:17:14 - [MESSAGE][INFO] - Unable to find the element located by 'By.xpath: //a[@id='moremenu-dropdown-61dcbc055a0de']'. Please recheck the objects properties to make sure the desired element is located. 

2022-01-16 20:17:14 - [MESSAGE][WARNING] - [SELF-HEALING] Failed to find element with id 'Object Repository/Page_Course 2/a_More'. Try using Self-healing.

2022-01-16 20:17:14 - [MESSAGE][WARNING] - [SELF-HEALING] The current locator of test object 'Object Repository/Page_Course 2/a_More' was broken. Propose an alternative one: '(//a[contains(text(),'More')])[2]'.

2022-01-16 20:17:15 - [MESSAGE][PASSED] - Object: 'Object Repository/Page_Course 2/a_More' is clicked on

2022-01-16 20:17:15 - [TEST_STEP][PASSED] - click(findTestObject("Object Repository/Page_Course 2/a_Question bank")): Object: 'Object Repository/Page_Course 2/a_Question bank' is clicked on

2022-01-16 20:17:46 - [MESSAGE][INFO] - Unable to find the element located by 'By.xpath: //li[@id='yui_3_17_2_1_1641856005443_47']/ul/li/a'. Please recheck the objects properties to make sure the desired element is located. 

2022-01-16 20:17:46 - [MESSAGE][WARNING] - [SELF-HEALING] Failed to find element with id 'Object Repository/Page_Course 2/a_Question bank'. Try using Self-healing.

2022-01-16 20:17:46 - [MESSAGE][WARNING] - [SELF-HEALING] The current locator of test object 'Object Repository/Page_Course 2/a_Question bank' was broken. Propose an alternative one: '//a[contains(text(),'Question bank')]'.

2022-01-16 20:17:47 - [MESSAGE][PASSED] - Object: 'Object Repository/Page_Course 2/a_Question bank' is clicked on

2022-01-16 20:17:47 - [TEST_STEP][PASSED] - scrollToElement(findTestObject("Object Repository/Page_Edit questions/a_Edit"), 0): Scroll to object 'Object Repository/Page_Edit questions/a_Edit' successfully

2022-01-16 20:17:47 - [MESSAGE][WARNING] - Timeout '0' is invalid. Using default page load timeout: '30'

2022-01-16 20:17:47 - [MESSAGE][PASSED] - Scroll to object 'Object Repository/Page_Edit questions/a_Edit' successfully

2022-01-16 20:17:47 - [TEST_STEP][PASSED] - click(findTestObject("Object Repository/Page_Edit questions/a_Edit")): Object: 'Object Repository/Page_Edit questions/a_Edit' is clicked on

2022-01-16 20:17:48 - [MESSAGE][PASSED] - Object: 'Object Repository/Page_Edit questions/a_Edit' is clicked on

2022-01-16 20:17:48 - [TEST_STEP][PASSED] - click(findTestObject("Object Repository/Page_Edit questions/span_Export as Moodle XML")): Object: 'Object Repository/Page_Edit questions/span_Export as Moodle XML' is clicked on

2022-01-16 20:17:48 - [MESSAGE][PASSED] - Object: 'Object Repository/Page_Edit questions/span_Export as Moodle XML' is clicked on

2022-01-16 20:17:48 - [TEST_STEP][PASSED] - closeBrowser(): Browser is closed

2022-01-16 20:17:49 - [MESSAGE][PASSED] - Browser is closed]]></system-out>
         <system-err><![CDATA[]]></system-err>
      </testcase>
      <testcase name="Test Cases/Question bank/Delete a question in question bank" time="137.476" classname="Test Cases/Question bank/Delete a question in question bank" status="PASSED">
         <system-out><![CDATA[2022-01-16 20:17:49 - [TEST_CASE][PASSED] - Test Cases/Question bank/Delete a question in question bank: Test Cases/Question bank/Delete a question in question bank

2022-01-16 20:17:49 - [TEST_STEP][PASSED] - openBrowser(""): Browser is opened with url: ''

2022-01-16 20:17:49 - [MESSAGE][INFO] - Starting 'Chrome' driver

2022-01-16 20:17:49 - [MESSAGE][INFO] - Action delay is set to 0 milliseconds

2022-01-16 20:17:51 - [MESSAGE][PASSED] - Browser is opened with url: ''

2022-01-16 20:17:51 - [TEST_STEP][PASSED] - navigateToUrl("http://localhost/"): Navigate to 'http://localhost/' successfully

2022-01-16 20:17:51 - [MESSAGE][PASSED] - Navigate to 'http://localhost/' successfully

2022-01-16 20:17:51 - [TEST_STEP][PASSED] - click(findTestObject("Object Repository/Page_L Tm Anh/a_Log in")): Object: 'Object Repository/Page_L Tm Anh/a_Log in' is clicked on

2022-01-16 20:17:52 - [MESSAGE][PASSED] - Object: 'Object Repository/Page_L Tm Anh/a_Log in' is clicked on

2022-01-16 20:17:52 - [TEST_STEP][PASSED] - setText(findTestObject("Object Repository/Page_L Tm Anh Log in to the site/input_Username_username"), "beta"): Text 'beta' is set on object 'Object Repository/Page_L Tm Anh Log in to the site/input_Username_username'

2022-01-16 20:17:53 - [MESSAGE][PASSED] - Text 'beta' is set on object 'Object Repository/Page_L Tm Anh Log in to the site/input_Username_username'

2022-01-16 20:17:53 - [TEST_STEP][PASSED] - setEncryptedText(findTestObject("Object Repository/Page_L Tm Anh Log in to the site/input_Password_password"), "eGmz8XUbrLe3vUQiiiujBg=="): Text ****** has been set on object 'Object Repository/Page_L Tm Anh Log in to the site/input_Password_password'

2022-01-16 20:17:53 - [MESSAGE][PASSED] - Text ****** has been set on object 'Object Repository/Page_L Tm Anh Log in to the site/input_Password_password'

2022-01-16 20:17:53 - [TEST_STEP][PASSED] - click(findTestObject("Object Repository/Page_L Tm Anh Log in to the site/button_Log in")): Object: 'Object Repository/Page_L Tm Anh Log in to the site/button_Log in' is clicked on

2022-01-16 20:17:54 - [MESSAGE][PASSED] - Object: 'Object Repository/Page_L Tm Anh Log in to the site/button_Log in' is clicked on

2022-01-16 20:17:54 - [TEST_STEP][PASSED] - click(findTestObject("Object Repository/Page_Dashboard/a_My courses")): Object: 'Object Repository/Page_Dashboard/a_My courses' is clicked on

2022-01-16 20:18:26 - [MESSAGE][INFO] - Unable to find the element located by 'By.xpath: //ul[@id='moremenu-61e0e36aac914-navbar-nav']/li[3]/a'. Please recheck the objects properties to make sure the desired element is located. 

2022-01-16 20:18:26 - [MESSAGE][WARNING] - [SELF-HEALING] Failed to find element with id 'Object Repository/Page_Dashboard/a_My courses'. Try using Self-healing.

2022-01-16 20:18:26 - [MESSAGE][WARNING] - [SELF-HEALING] The current locator of test object 'Object Repository/Page_Dashboard/a_My courses' was broken. Propose an alternative one: '//a[contains(text(),'My courses')]'.

2022-01-16 20:18:27 - [MESSAGE][PASSED] - Object: 'Object Repository/Page_Dashboard/a_My courses' is clicked on

2022-01-16 20:18:27 - [TEST_STEP][PASSED] - click(findTestObject("Object Repository/Page_My courses/div_Course image")): Object: 'Object Repository/Page_My courses/div_Course image' is clicked on

2022-01-16 20:18:28 - [MESSAGE][PASSED] - Object: 'Object Repository/Page_My courses/div_Course image' is clicked on

2022-01-16 20:18:28 - [TEST_STEP][PASSED] - click(findTestObject("Object Repository/Page_Course 2/a_More")): Object: 'Object Repository/Page_Course 2/a_More' is clicked on

2022-01-16 20:18:59 - [MESSAGE][INFO] - Unable to find the element located by 'By.xpath: //a[@id='moremenu-dropdown-61dcbc055a0de']'. Please recheck the objects properties to make sure the desired element is located. 

2022-01-16 20:18:59 - [MESSAGE][WARNING] - [SELF-HEALING] Failed to find element with id 'Object Repository/Page_Course 2/a_More'. Try using Self-healing.

2022-01-16 20:19:00 - [MESSAGE][WARNING] - [SELF-HEALING] The current locator of test object 'Object Repository/Page_Course 2/a_More' was broken. Propose an alternative one: '(//a[contains(text(),'More')])[2]'.

2022-01-16 20:19:00 - [MESSAGE][PASSED] - Object: 'Object Repository/Page_Course 2/a_More' is clicked on

2022-01-16 20:19:00 - [TEST_STEP][PASSED] - click(findTestObject("Object Repository/Page_Course 2/a_Question bank")): Object: 'Object Repository/Page_Course 2/a_Question bank' is clicked on

2022-01-16 20:19:31 - [MESSAGE][INFO] - Unable to find the element located by 'By.xpath: //li[@id='yui_3_17_2_1_1641856005443_47']/ul/li/a'. Please recheck the objects properties to make sure the desired element is located. 

2022-01-16 20:19:31 - [MESSAGE][WARNING] - [SELF-HEALING] Failed to find element with id 'Object Repository/Page_Course 2/a_Question bank'. Try using Self-healing.

2022-01-16 20:19:31 - [MESSAGE][WARNING] - [SELF-HEALING] The current locator of test object 'Object Repository/Page_Course 2/a_Question bank' was broken. Propose an alternative one: '//a[contains(text(),'Question bank')]'.

2022-01-16 20:19:32 - [MESSAGE][PASSED] - Object: 'Object Repository/Page_Course 2/a_Question bank' is clicked on

2022-01-16 20:19:32 - [TEST_STEP][PASSED] - scrollToElement(findTestObject("Object Repository/Page_Edit questions/a_Edit"), 0): Scroll to object 'Object Repository/Page_Edit questions/a_Edit' successfully

2022-01-16 20:19:32 - [MESSAGE][WARNING] - Timeout '0' is invalid. Using default page load timeout: '30'

2022-01-16 20:19:32 - [MESSAGE][PASSED] - Scroll to object 'Object Repository/Page_Edit questions/a_Edit' successfully

2022-01-16 20:19:32 - [TEST_STEP][PASSED] - click(findTestObject("Object Repository/Page_Edit questions/a_Edit")): Object: 'Object Repository/Page_Edit questions/a_Edit' is clicked on

2022-01-16 20:19:33 - [MESSAGE][PASSED] - Object: 'Object Repository/Page_Edit questions/a_Edit' is clicked on

2022-01-16 20:19:33 - [TEST_STEP][PASSED] - click(findTestObject("Object Repository/Page_Edit questions/a_Delete")): Object: 'Object Repository/Page_Edit questions/a_Delete' is clicked on

2022-01-16 20:19:34 - [MESSAGE][PASSED] - Object: 'Object Repository/Page_Edit questions/a_Delete' is clicked on

2022-01-16 20:19:34 - [TEST_STEP][PASSED] - click(findTestObject("Object Repository/Page_Delete selected question/button_Delete")): Object: 'Object Repository/Page_Delete selected question/button_Delete' is clicked on

2022-01-16 20:20:05 - [MESSAGE][INFO] - Unable to find the element located by 'By.xpath: //button[@id='single_button61dcbc1b7f5f96']'. Please recheck the objects properties to make sure the desired element is located. 

2022-01-16 20:20:05 - [MESSAGE][WARNING] - [SELF-HEALING] Failed to find element with id 'Object Repository/Page_Delete selected question/button_Delete'. Try using Self-healing.

2022-01-16 20:20:05 - [MESSAGE][WARNING] - [SELF-HEALING] The current locator of test object 'Object Repository/Page_Delete selected question/button_Delete' was broken. Propose an alternative one: '//div[@id='modal-footer']/div/div/form/button'.

2022-01-16 20:20:06 - [MESSAGE][PASSED] - Object: 'Object Repository/Page_Delete selected question/button_Delete' is clicked on

2022-01-16 20:20:06 - [TEST_STEP][PASSED] - closeBrowser(): Browser is closed

2022-01-16 20:20:07 - [MESSAGE][PASSED] - Browser is closed]]></system-out>
         <system-err><![CDATA[]]></system-err>
      </testcase>
      <testcase name="Test Cases/Quiz/Preview a quiz by teacher" time="143.009" classname="Test Cases/Quiz/Preview a quiz by teacher" status="PASSED">
         <system-out><![CDATA[2022-01-16 20:20:07 - [TEST_CASE][PASSED] - Test Cases/Quiz/Preview a quiz by teacher: Test Cases/Quiz/Preview a quiz by teacher

2022-01-16 20:20:07 - [TEST_STEP][PASSED] - openBrowser(""): Browser is opened with url: ''

2022-01-16 20:20:07 - [MESSAGE][INFO] - Starting 'Chrome' driver

2022-01-16 20:20:07 - [MESSAGE][INFO] - Action delay is set to 0 milliseconds

2022-01-16 20:20:08 - [MESSAGE][PASSED] - Browser is opened with url: ''

2022-01-16 20:20:08 - [TEST_STEP][PASSED] - navigateToUrl("http://localhost/"): Navigate to 'http://localhost/' successfully

2022-01-16 20:20:09 - [MESSAGE][PASSED] - Navigate to 'http://localhost/' successfully

2022-01-16 20:20:09 - [TEST_STEP][PASSED] - click(findTestObject("Object Repository/Page_L Tm Anh/a_Log in")): Object: 'Object Repository/Page_L Tm Anh/a_Log in' is clicked on

2022-01-16 20:20:09 - [MESSAGE][PASSED] - Object: 'Object Repository/Page_L Tm Anh/a_Log in' is clicked on

2022-01-16 20:20:09 - [TEST_STEP][PASSED] - setText(findTestObject("Object Repository/Page_L Tm Anh Log in to the site/input_Username_username"), "admin"): Text 'admin' is set on object 'Object Repository/Page_L Tm Anh Log in to the site/input_Username_username'

2022-01-16 20:20:10 - [MESSAGE][PASSED] - Text 'admin' is set on object 'Object Repository/Page_L Tm Anh Log in to the site/input_Username_username'

2022-01-16 20:20:10 - [TEST_STEP][PASSED] - setEncryptedText(findTestObject("Object Repository/Page_L Tm Anh Log in to the site/input_Password_password"), "eGmz8XUbrLe3vUQiiiujBg=="): Text ****** has been set on object 'Object Repository/Page_L Tm Anh Log in to the site/input_Password_password'

2022-01-16 20:20:11 - [MESSAGE][PASSED] - Text ****** has been set on object 'Object Repository/Page_L Tm Anh Log in to the site/input_Password_password'

2022-01-16 20:20:11 - [TEST_STEP][PASSED] - click(findTestObject("Object Repository/Page_L Tm Anh Log in to the site/button_Log in")): Object: 'Object Repository/Page_L Tm Anh Log in to the site/button_Log in' is clicked on

2022-01-16 20:20:12 - [MESSAGE][PASSED] - Object: 'Object Repository/Page_L Tm Anh Log in to the site/button_Log in' is clicked on

2022-01-16 20:20:12 - [TEST_STEP][PASSED] - click(findTestObject("Object Repository/Page_Dashboard/a_My courses")): Object: 'Object Repository/Page_Dashboard/a_My courses' is clicked on

2022-01-16 20:20:43 - [MESSAGE][INFO] - Unable to find the element located by 'By.xpath: //ul[@id='moremenu-61e0e36aac914-navbar-nav']/li[3]/a'. Please recheck the objects properties to make sure the desired element is located. 

2022-01-16 20:20:43 - [MESSAGE][WARNING] - [SELF-HEALING] Failed to find element with id 'Object Repository/Page_Dashboard/a_My courses'. Try using Self-healing.

2022-01-16 20:20:44 - [MESSAGE][WARNING] - [SELF-HEALING] The current locator of test object 'Object Repository/Page_Dashboard/a_My courses' was broken. Propose an alternative one: '//a[contains(text(),'My courses')]'.

2022-01-16 20:20:44 - [MESSAGE][PASSED] - Object: 'Object Repository/Page_Dashboard/a_My courses' is clicked on

2022-01-16 20:20:44 - [TEST_STEP][PASSED] - click(findTestObject("Object Repository/Page_My courses/div_Course image")): Object: 'Object Repository/Page_My courses/div_Course image' is clicked on

2022-01-16 20:20:46 - [MESSAGE][PASSED] - Object: 'Object Repository/Page_My courses/div_Course image' is clicked on

2022-01-16 20:20:46 - [TEST_STEP][PASSED] - scrollToElement(findTestObject("Object Repository/Page_Course 1/a_Quiz 3"), 0): Scroll to object 'Object Repository/Page_Course 1/a_Quiz 3' successfully

2022-01-16 20:20:46 - [MESSAGE][WARNING] - Timeout '0' is invalid. Using default page load timeout: '30'

2022-01-16 20:20:47 - [MESSAGE][PASSED] - Scroll to object 'Object Repository/Page_Course 1/a_Quiz 3' successfully

2022-01-16 20:20:47 - [TEST_STEP][PASSED] - click(findTestObject("Object Repository/Page_Course 1/a_Quiz 3")): Object: 'Object Repository/Page_Course 1/a_Quiz 3' is clicked on

2022-01-16 20:20:48 - [MESSAGE][PASSED] - Object: 'Object Repository/Page_Course 1/a_Quiz 3' is clicked on

2022-01-16 20:20:48 - [TEST_STEP][PASSED] - click(findTestObject("Object Repository/Page_1 Quiz 3/a_Preview quiz")): Object: 'Object Repository/Page_1 Quiz 3/a_Preview quiz' is clicked on

2022-01-16 20:20:51 - [MESSAGE][PASSED] - Object: 'Object Repository/Page_1 Quiz 3/a_Preview quiz' is clicked on

2022-01-16 20:20:51 - [TEST_STEP][PASSED] - scrollToElement(findTestObject("Object Repository/Page_Quiz 3/input_Rich text editor_next"), 0): Scroll to object 'Object Repository/Page_Quiz 3/input_Rich text editor_next' successfully

2022-01-16 20:20:52 - [MESSAGE][WARNING] - Timeout '0' is invalid. Using default page load timeout: '30'

2022-01-16 20:20:52 - [MESSAGE][PASSED] - Scroll to object 'Object Repository/Page_Quiz 3/input_Rich text editor_next' successfully

2022-01-16 20:20:52 - [TEST_STEP][PASSED] - click(findTestObject("Object Repository/Page_Quiz 3/input_Rich text editor_next")): Object: 'Object Repository/Page_Quiz 3/input_Rich text editor_next' is clicked on

2022-01-16 20:20:54 - [MESSAGE][PASSED] - Object: 'Object Repository/Page_Quiz 3/input_Rich text editor_next' is clicked on

2022-01-16 20:20:54 - [TEST_STEP][PASSED] - scrollToElement(findTestObject("Object Repository/Page_Quiz 3 Attempt summary/button_Submit all and finish"), 0): Scroll to object 'Object Repository/Page_Quiz 3 Attempt summary/button_Submit all and finish' successfully

2022-01-16 20:20:54 - [MESSAGE][WARNING] - Timeout '0' is invalid. Using default page load timeout: '30'

2022-01-16 20:21:25 - [MESSAGE][INFO] - Unable to find the element located by 'By.xpath: //button[@id='single_button61dbe1d0515e48']'. Please recheck the objects properties to make sure the desired element is located. 

2022-01-16 20:21:25 - [MESSAGE][WARNING] - [SELF-HEALING] Failed to find element with id 'Object Repository/Page_Quiz 3 Attempt summary/button_Submit all and finish'. Try using Self-healing.

2022-01-16 20:21:25 - [MESSAGE][WARNING] - [SELF-HEALING] The current locator of test object 'Object Repository/Page_Quiz 3 Attempt summary/button_Submit all and finish' was broken. Propose an alternative one: '//section[@id='region-main']/div/div[4]/div/div/form/button'.

2022-01-16 20:21:25 - [MESSAGE][PASSED] - Scroll to object 'Object Repository/Page_Quiz 3 Attempt summary/button_Submit all and finish' successfully

2022-01-16 20:21:25 - [TEST_STEP][PASSED] - click(findTestObject("Object Repository/Page_Quiz 3 Attempt summary/button_Submit all and finish")): Object: 'Object Repository/Page_Quiz 3 Attempt summary/button_Submit all and finish' is clicked on

2022-01-16 20:21:56 - [MESSAGE][INFO] - Unable to find the element located by 'By.xpath: //button[@id='single_button61dbe1d0515e48']'. Please recheck the objects properties to make sure the desired element is located. 

2022-01-16 20:21:56 - [MESSAGE][WARNING] - [SELF-HEALING] Failed to find element with id 'Object Repository/Page_Quiz 3 Attempt summary/button_Submit all and finish'. Try using Self-healing.

2022-01-16 20:21:57 - [MESSAGE][WARNING] - [SELF-HEALING] The current locator of test object 'Object Repository/Page_Quiz 3 Attempt summary/button_Submit all and finish' was broken. Propose an alternative one: '//section[@id='region-main']/div/div[4]/div/div/form/button'.

2022-01-16 20:21:57 - [MESSAGE][PASSED] - Object: 'Object Repository/Page_Quiz 3 Attempt summary/button_Submit all and finish' is clicked on

2022-01-16 20:21:57 - [TEST_STEP][PASSED] - click(findTestObject("Object Repository/Page_Quiz 3 Attempt summary/input_Once you submit, you will no longer b_9708c7")): Object: 'Object Repository/Page_Quiz 3 Attempt summary/input_Once you submit, you will no longer b_9708c7' is clicked on

2022-01-16 20:22:28 - [MESSAGE][INFO] - Unable to find the element located by 'By.xpath: //input[@id='id_yuiconfirmyes-yui_3_17_2_2_1641799701392_8']'. Please recheck the objects properties to make sure the desired element is located. 

2022-01-16 20:22:28 - [MESSAGE][WARNING] - [SELF-HEALING] Failed to find element with id 'Object Repository/Page_Quiz 3 Attempt summary/input_Once you submit, you will no longer b_9708c7'. Try using Self-healing.

2022-01-16 20:22:28 - [MESSAGE][WARNING] - [SELF-HEALING] The current locator of test object 'Object Repository/Page_Quiz 3 Attempt summary/input_Once you submit, you will no longer b_9708c7' was broken. Propose an alternative one: '//div/div[2]/input'.

2022-01-16 20:22:29 - [MESSAGE][PASSED] - Object: 'Object Repository/Page_Quiz 3 Attempt summary/input_Once you submit, you will no longer b_9708c7' is clicked on

2022-01-16 20:22:29 - [TEST_STEP][PASSED] - closeBrowser(): Browser is closed

2022-01-16 20:22:30 - [MESSAGE][PASSED] - Browser is closed]]></system-out>
         <system-err><![CDATA[]]></system-err>
      </testcase>
      <testcase name="Test Cases/Quiz/Attempt quiz by student" time="141.243" classname="Test Cases/Quiz/Attempt quiz by student" status="PASSED">
         <system-out><![CDATA[2022-01-16 20:22:30 - [TEST_CASE][PASSED] - Test Cases/Quiz/Attempt quiz by student: Test Cases/Quiz/Attempt quiz by student

2022-01-16 20:22:30 - [TEST_STEP][PASSED] - openBrowser(""): Browser is opened with url: ''

2022-01-16 20:22:30 - [MESSAGE][INFO] - Starting 'Chrome' driver

2022-01-16 20:22:30 - [MESSAGE][INFO] - Action delay is set to 0 milliseconds

2022-01-16 20:22:32 - [MESSAGE][PASSED] - Browser is opened with url: ''

2022-01-16 20:22:32 - [TEST_STEP][PASSED] - navigateToUrl("http://localhost/"): Navigate to 'http://localhost/' successfully

2022-01-16 20:22:32 - [MESSAGE][PASSED] - Navigate to 'http://localhost/' successfully

2022-01-16 20:22:32 - [TEST_STEP][PASSED] - click(findTestObject("Object Repository/Page_L Tm Anh/a_Log in")): Object: 'Object Repository/Page_L Tm Anh/a_Log in' is clicked on

2022-01-16 20:22:33 - [MESSAGE][PASSED] - Object: 'Object Repository/Page_L Tm Anh/a_Log in' is clicked on

2022-01-16 20:22:33 - [TEST_STEP][PASSED] - setText(findTestObject("Object Repository/Page_L Tm Anh Log in to the site/input_Username_username"), "anhle2"): Text 'anhle2' is set on object 'Object Repository/Page_L Tm Anh Log in to the site/input_Username_username'

2022-01-16 20:22:34 - [MESSAGE][PASSED] - Text 'anhle2' is set on object 'Object Repository/Page_L Tm Anh Log in to the site/input_Username_username'

2022-01-16 20:22:34 - [TEST_STEP][PASSED] - setEncryptedText(findTestObject("Object Repository/Page_L Tm Anh Log in to the site/input_Password_password"), "eGmz8XUbrLe3vUQiiiujBg=="): Text ****** has been set on object 'Object Repository/Page_L Tm Anh Log in to the site/input_Password_password'

2022-01-16 20:22:34 - [MESSAGE][PASSED] - Text ****** has been set on object 'Object Repository/Page_L Tm Anh Log in to the site/input_Password_password'

2022-01-16 20:22:34 - [TEST_STEP][PASSED] - click(findTestObject("Object Repository/Page_L Tm Anh Log in to the site/button_Log in")): Object: 'Object Repository/Page_L Tm Anh Log in to the site/button_Log in' is clicked on

2022-01-16 20:22:36 - [MESSAGE][PASSED] - Object: 'Object Repository/Page_L Tm Anh Log in to the site/button_Log in' is clicked on

2022-01-16 20:22:36 - [TEST_STEP][PASSED] - click(findTestObject("Object Repository/Page_Dashboard/a_My courses")): Object: 'Object Repository/Page_Dashboard/a_My courses' is clicked on

2022-01-16 20:23:07 - [MESSAGE][INFO] - Unable to find the element located by 'By.xpath: //ul[@id='moremenu-61e0e36aac914-navbar-nav']/li[3]/a'. Please recheck the objects properties to make sure the desired element is located. 

2022-01-16 20:23:07 - [MESSAGE][WARNING] - [SELF-HEALING] Failed to find element with id 'Object Repository/Page_Dashboard/a_My courses'. Try using Self-healing.

2022-01-16 20:23:08 - [MESSAGE][WARNING] - [SELF-HEALING] The current locator of test object 'Object Repository/Page_Dashboard/a_My courses' was broken. Propose an alternative one: '//a[contains(text(),'My courses')]'.

2022-01-16 20:23:08 - [MESSAGE][PASSED] - Object: 'Object Repository/Page_Dashboard/a_My courses' is clicked on

2022-01-16 20:23:08 - [TEST_STEP][PASSED] - click(findTestObject("Object Repository/Page_My courses/div_Course image")): Object: 'Object Repository/Page_My courses/div_Course image' is clicked on

2022-01-16 20:23:10 - [MESSAGE][PASSED] - Object: 'Object Repository/Page_My courses/div_Course image' is clicked on

2022-01-16 20:23:10 - [TEST_STEP][PASSED] - click(findTestObject("Object Repository/Page_Course 1/a_Quiz 3")): Object: 'Object Repository/Page_Course 1/a_Quiz 3' is clicked on

2022-01-16 20:23:11 - [MESSAGE][PASSED] - Object: 'Object Repository/Page_Course 1/a_Quiz 3' is clicked on

2022-01-16 20:23:11 - [TEST_STEP][PASSED] - click(findTestObject("Object Repository/Page_1 Quiz 3/a_Attempt quiz")): Object: 'Object Repository/Page_1 Quiz 3/a_Attempt quiz' is clicked on

2022-01-16 20:23:13 - [MESSAGE][PASSED] - Object: 'Object Repository/Page_1 Quiz 3/a_Attempt quiz' is clicked on

2022-01-16 20:23:13 - [TEST_STEP][PASSED] - scrollToElement(findTestObject("Object Repository/Page_Quiz 3/input_Rich text editor_next"), 0): Scroll to object 'Object Repository/Page_Quiz 3/input_Rich text editor_next' successfully

2022-01-16 20:23:13 - [MESSAGE][WARNING] - Timeout '0' is invalid. Using default page load timeout: '30'

2022-01-16 20:23:14 - [MESSAGE][PASSED] - Scroll to object 'Object Repository/Page_Quiz 3/input_Rich text editor_next' successfully

2022-01-16 20:23:14 - [TEST_STEP][PASSED] - click(findTestObject("Object Repository/Page_Quiz 3/input_Rich text editor_next")): Object: 'Object Repository/Page_Quiz 3/input_Rich text editor_next' is clicked on

2022-01-16 20:23:15 - [MESSAGE][PASSED] - Object: 'Object Repository/Page_Quiz 3/input_Rich text editor_next' is clicked on

2022-01-16 20:23:15 - [TEST_STEP][PASSED] - scrollToElement(findTestObject("Object Repository/Page_Quiz 3 Attempt summary/button_Submit all and finish"), 0): Scroll to object 'Object Repository/Page_Quiz 3 Attempt summary/button_Submit all and finish' successfully

2022-01-16 20:23:15 - [MESSAGE][WARNING] - Timeout '0' is invalid. Using default page load timeout: '30'

2022-01-16 20:23:46 - [MESSAGE][INFO] - Unable to find the element located by 'By.xpath: //button[@id='single_button61dbe1d0515e48']'. Please recheck the objects properties to make sure the desired element is located. 

2022-01-16 20:23:46 - [MESSAGE][WARNING] - [SELF-HEALING] Failed to find element with id 'Object Repository/Page_Quiz 3 Attempt summary/button_Submit all and finish'. Try using Self-healing.

2022-01-16 20:23:46 - [MESSAGE][WARNING] - [SELF-HEALING] The current locator of test object 'Object Repository/Page_Quiz 3 Attempt summary/button_Submit all and finish' was broken. Propose an alternative one: '//section[@id='region-main']/div/div[4]/div/div/form/button'.

2022-01-16 20:23:46 - [MESSAGE][PASSED] - Scroll to object 'Object Repository/Page_Quiz 3 Attempt summary/button_Submit all and finish' successfully

2022-01-16 20:23:46 - [TEST_STEP][PASSED] - click(findTestObject("Object Repository/Page_Quiz 3 Attempt summary/button_Submit all and finish")): Object: 'Object Repository/Page_Quiz 3 Attempt summary/button_Submit all and finish' is clicked on

2022-01-16 20:24:18 - [MESSAGE][INFO] - Unable to find the element located by 'By.xpath: //button[@id='single_button61dbe1d0515e48']'. Please recheck the objects properties to make sure the desired element is located. 

2022-01-16 20:24:18 - [MESSAGE][WARNING] - [SELF-HEALING] Failed to find element with id 'Object Repository/Page_Quiz 3 Attempt summary/button_Submit all and finish'. Try using Self-healing.

2022-01-16 20:24:18 - [MESSAGE][WARNING] - [SELF-HEALING] The current locator of test object 'Object Repository/Page_Quiz 3 Attempt summary/button_Submit all and finish' was broken. Propose an alternative one: '//section[@id='region-main']/div/div[4]/div/div/form/button'.

2022-01-16 20:24:18 - [MESSAGE][PASSED] - Object: 'Object Repository/Page_Quiz 3 Attempt summary/button_Submit all and finish' is clicked on

2022-01-16 20:24:18 - [TEST_STEP][PASSED] - click(findTestObject("Object Repository/Page_Quiz 3 Attempt summary/input_Once you submit, you will no longer b_0cc48a")): Object: 'Object Repository/Page_Quiz 3 Attempt summary/input_Once you submit, you will no longer b_0cc48a' is clicked on

2022-01-16 20:24:49 - [MESSAGE][INFO] - Unable to find the element located by 'By.xpath: //input[@id='id_yuiconfirmyes-yui_3_17_2_2_1641800144491_8']'. Please recheck the objects properties to make sure the desired element is located. 

2022-01-16 20:24:49 - [MESSAGE][WARNING] - [SELF-HEALING] Failed to find element with id 'Object Repository/Page_Quiz 3 Attempt summary/input_Once you submit, you will no longer b_0cc48a'. Try using Self-healing.

2022-01-16 20:24:49 - [MESSAGE][WARNING] - [SELF-HEALING] The current locator of test object 'Object Repository/Page_Quiz 3 Attempt summary/input_Once you submit, you will no longer b_0cc48a' was broken. Propose an alternative one: '//div/div[2]/input'.

2022-01-16 20:24:50 - [MESSAGE][PASSED] - Object: 'Object Repository/Page_Quiz 3 Attempt summary/input_Once you submit, you will no longer b_0cc48a' is clicked on

2022-01-16 20:24:50 - [TEST_STEP][PASSED] - closeBrowser(): Browser is closed

2022-01-16 20:24:51 - [MESSAGE][PASSED] - Browser is closed]]></system-out>
         <system-err><![CDATA[]]></system-err>
      </testcase>
      <testcase name="Test Cases/Quiz/Add new question to quiz (edit quiz)" time="108.32" classname="Test Cases/Quiz/Add new question to quiz (edit quiz)" status="PASSED">
         <system-out><![CDATA[2022-01-16 20:24:51 - [TEST_CASE][PASSED] - Test Cases/Quiz/Add new question to quiz (edit quiz): Test Cases/Quiz/Add new question to quiz (edit quiz)

2022-01-16 20:24:51 - [TEST_STEP][PASSED] - openBrowser(""): Browser is opened with url: ''

2022-01-16 20:24:51 - [MESSAGE][INFO] - Starting 'Chrome' driver

2022-01-16 20:24:51 - [MESSAGE][INFO] - Action delay is set to 0 milliseconds

2022-01-16 20:24:53 - [MESSAGE][PASSED] - Browser is opened with url: ''

2022-01-16 20:24:53 - [TEST_STEP][PASSED] - navigateToUrl("http://localhost/"): Navigate to 'http://localhost/' successfully

2022-01-16 20:24:53 - [MESSAGE][PASSED] - Navigate to 'http://localhost/' successfully

2022-01-16 20:24:53 - [TEST_STEP][PASSED] - click(findTestObject("Object Repository/Page_L Tm Anh/a_Log in")): Object: 'Object Repository/Page_L Tm Anh/a_Log in' is clicked on

2022-01-16 20:24:54 - [MESSAGE][PASSED] - Object: 'Object Repository/Page_L Tm Anh/a_Log in' is clicked on

2022-01-16 20:24:54 - [TEST_STEP][PASSED] - setText(findTestObject("Object Repository/Page_L Tm Anh Log in to the site/input_Username_username"), "anhle8"): Text 'anhle8' is set on object 'Object Repository/Page_L Tm Anh Log in to the site/input_Username_username'

2022-01-16 20:24:55 - [MESSAGE][PASSED] - Text 'anhle8' is set on object 'Object Repository/Page_L Tm Anh Log in to the site/input_Username_username'

2022-01-16 20:24:55 - [TEST_STEP][PASSED] - setEncryptedText(findTestObject("Object Repository/Page_L Tm Anh Log in to the site/input_Password_password"), "eGmz8XUbrLe3vUQiiiujBg=="): Text ****** has been set on object 'Object Repository/Page_L Tm Anh Log in to the site/input_Password_password'

2022-01-16 20:24:55 - [MESSAGE][PASSED] - Text ****** has been set on object 'Object Repository/Page_L Tm Anh Log in to the site/input_Password_password'

2022-01-16 20:24:55 - [TEST_STEP][PASSED] - click(findTestObject("Object Repository/Page_L Tm Anh Log in to the site/button_Log in")): Object: 'Object Repository/Page_L Tm Anh Log in to the site/button_Log in' is clicked on

2022-01-16 20:24:56 - [MESSAGE][PASSED] - Object: 'Object Repository/Page_L Tm Anh Log in to the site/button_Log in' is clicked on

2022-01-16 20:24:56 - [TEST_STEP][PASSED] - click(findTestObject("Object Repository/Page_Dashboard/a_My courses")): Object: 'Object Repository/Page_Dashboard/a_My courses' is clicked on

2022-01-16 20:25:27 - [MESSAGE][INFO] - Unable to find the element located by 'By.xpath: //ul[@id='moremenu-61e0e36aac914-navbar-nav']/li[3]/a'. Please recheck the objects properties to make sure the desired element is located. 

2022-01-16 20:25:27 - [MESSAGE][WARNING] - [SELF-HEALING] Failed to find element with id 'Object Repository/Page_Dashboard/a_My courses'. Try using Self-healing.

2022-01-16 20:25:28 - [MESSAGE][WARNING] - [SELF-HEALING] The current locator of test object 'Object Repository/Page_Dashboard/a_My courses' was broken. Propose an alternative one: '//a[contains(text(),'My courses')]'.

2022-01-16 20:25:28 - [MESSAGE][PASSED] - Object: 'Object Repository/Page_Dashboard/a_My courses' is clicked on

2022-01-16 20:25:28 - [TEST_STEP][PASSED] - click(findTestObject("Object Repository/Page_My courses/div_Course image")): Object: 'Object Repository/Page_My courses/div_Course image' is clicked on

2022-01-16 20:25:30 - [MESSAGE][PASSED] - Object: 'Object Repository/Page_My courses/div_Course image' is clicked on

2022-01-16 20:25:30 - [TEST_STEP][PASSED] - click(findTestObject("Object Repository/Page_Course 6/a_quiz 6")): Object: 'Object Repository/Page_Course 6/a_quiz 6' is clicked on

2022-01-16 20:25:31 - [MESSAGE][PASSED] - Object: 'Object Repository/Page_Course 6/a_quiz 6' is clicked on

2022-01-16 20:25:31 - [TEST_STEP][PASSED] - click(findTestObject("Object Repository/Page_6 quiz 6/a_Edit quiz")): Object: 'Object Repository/Page_6 quiz 6/a_Edit quiz' is clicked on

2022-01-16 20:25:34 - [MESSAGE][PASSED] - Object: 'Object Repository/Page_6 quiz 6/a_Edit quiz' is clicked on

2022-01-16 20:25:34 - [TEST_STEP][PASSED] - click(findTestObject("Object Repository/Page_Editing quiz quiz 6/span_Add")): Object: 'Object Repository/Page_Editing quiz quiz 6/span_Add' is clicked on

2022-01-16 20:26:05 - [MESSAGE][INFO] - Unable to find the element located by 'By.xpath: //span[@id='yui_3_17_2_1_1642035243872_428']'. Please recheck the objects properties to make sure the desired element is located. 

2022-01-16 20:26:05 - [MESSAGE][WARNING] - [SELF-HEALING] Failed to find element with id 'Object Repository/Page_Editing quiz quiz 6/span_Add'. Try using Self-healing.

2022-01-16 20:26:05 - [MESSAGE][WARNING] - [SELF-HEALING] The current locator of test object 'Object Repository/Page_Editing quiz quiz 6/span_Add' was broken. Propose an alternative one: '//a[@id='action-menu-toggle-1']/span'.

2022-01-16 20:26:05 - [MESSAGE][PASSED] - Object: 'Object Repository/Page_Editing quiz quiz 6/span_Add' is clicked on

2022-01-16 20:26:05 - [TEST_STEP][PASSED] - click(findTestObject("Object Repository/Page_Editing quiz quiz 6/a_from question bank")): Object: 'Object Repository/Page_Editing quiz quiz 6/a_from question bank' is clicked on

2022-01-16 20:26:36 - [MESSAGE][INFO] - Unable to find the element located by 'By.xpath: //a[@id='yui_3_17_2_1_1642035243872_454']'. Please recheck the objects properties to make sure the desired element is located. 

2022-01-16 20:26:36 - [MESSAGE][WARNING] - [SELF-HEALING] Failed to find element with id 'Object Repository/Page_Editing quiz quiz 6/a_from question bank'. Try using Self-healing.

2022-01-16 20:26:37 - [MESSAGE][WARNING] - [SELF-HEALING] The current locator of test object 'Object Repository/Page_Editing quiz quiz 6/a_from question bank' was broken. Propose an alternative one: '//div[@id='action-menu-1-menu']/a[2]'.

2022-01-16 20:26:37 - [MESSAGE][PASSED] - Object: 'Object Repository/Page_Editing quiz quiz 6/a_from question bank' is clicked on

2022-01-16 20:26:37 - [TEST_STEP][PASSED] - click(findTestObject("Object Repository/Page_Editing quiz quiz 6/input_Question_q151")): Object: 'Object Repository/Page_Editing quiz quiz 6/input_Question_q151' is clicked on

2022-01-16 20:26:38 - [MESSAGE][PASSED] - Object: 'Object Repository/Page_Editing quiz quiz 6/input_Question_q151' is clicked on

2022-01-16 20:26:38 - [TEST_STEP][PASSED] - click(findTestObject("Object Repository/Page_Editing quiz quiz 6/input_Select_add")): Object: 'Object Repository/Page_Editing quiz quiz 6/input_Select_add' is clicked on

2022-01-16 20:26:39 - [MESSAGE][PASSED] - Object: 'Object Repository/Page_Editing quiz quiz 6/input_Select_add' is clicked on]]></system-out>
         <system-err><![CDATA[]]></system-err>
      </testcase>
      <testcase name="Test Cases/Deadline/View a deadline by student" time="44.374" classname="Test Cases/Deadline/View a deadline by student" status="PASSED">
         <system-out><![CDATA[2022-01-16 20:26:39 - [TEST_CASE][PASSED] - Test Cases/Deadline/View a deadline by student: Test Cases/Deadline/View a deadline by student

2022-01-16 20:26:40 - [TEST_STEP][PASSED] - openBrowser(""): Browser is opened with url: ''

2022-01-16 20:26:40 - [MESSAGE][WARNING] - A browser is already opened. Closing browser and opening a new one

2022-01-16 20:26:41 - [MESSAGE][INFO] - Starting 'Chrome' driver

2022-01-16 20:26:41 - [MESSAGE][INFO] - Action delay is set to 0 milliseconds

2022-01-16 20:26:42 - [MESSAGE][PASSED] - Browser is opened with url: ''

2022-01-16 20:26:42 - [TEST_STEP][PASSED] - navigateToUrl("http://localhost/"): Navigate to 'http://localhost/' successfully

2022-01-16 20:26:43 - [MESSAGE][PASSED] - Navigate to 'http://localhost/' successfully

2022-01-16 20:26:43 - [TEST_STEP][PASSED] - click(findTestObject("Object Repository/Page_L Tm Anh/a_Log in")): Object: 'Object Repository/Page_L Tm Anh/a_Log in' is clicked on

2022-01-16 20:26:44 - [MESSAGE][PASSED] - Object: 'Object Repository/Page_L Tm Anh/a_Log in' is clicked on

2022-01-16 20:26:44 - [TEST_STEP][PASSED] - setText(findTestObject("Object Repository/Page_L Tm Anh Log in to the site/input_Username_username"), "anhle2"): Text 'anhle2' is set on object 'Object Repository/Page_L Tm Anh Log in to the site/input_Username_username'

2022-01-16 20:26:44 - [MESSAGE][PASSED] - Text 'anhle2' is set on object 'Object Repository/Page_L Tm Anh Log in to the site/input_Username_username'

2022-01-16 20:26:44 - [TEST_STEP][PASSED] - setEncryptedText(findTestObject("Object Repository/Page_L Tm Anh Log in to the site/input_Password_password"), "eGmz8XUbrLe3vUQiiiujBg=="): Text ****** has been set on object 'Object Repository/Page_L Tm Anh Log in to the site/input_Password_password'

2022-01-16 20:26:45 - [MESSAGE][PASSED] - Text ****** has been set on object 'Object Repository/Page_L Tm Anh Log in to the site/input_Password_password'

2022-01-16 20:26:45 - [TEST_STEP][PASSED] - click(findTestObject("Object Repository/Page_L Tm Anh Log in to the site/button_Log in")): Object: 'Object Repository/Page_L Tm Anh Log in to the site/button_Log in' is clicked on

2022-01-16 20:26:46 - [MESSAGE][PASSED] - Object: 'Object Repository/Page_L Tm Anh Log in to the site/button_Log in' is clicked on

2022-01-16 20:26:46 - [TEST_STEP][PASSED] - click(findTestObject("Object Repository/Page_Dashboard/a_My courses")): Object: 'Object Repository/Page_Dashboard/a_My courses' is clicked on

2022-01-16 20:27:18 - [MESSAGE][INFO] - Unable to find the element located by 'By.xpath: //ul[@id='moremenu-61e0e36aac914-navbar-nav']/li[3]/a'. Please recheck the objects properties to make sure the desired element is located. 

2022-01-16 20:27:18 - [MESSAGE][WARNING] - [SELF-HEALING] Failed to find element with id 'Object Repository/Page_Dashboard/a_My courses'. Try using Self-healing.

2022-01-16 20:27:18 - [MESSAGE][WARNING] - [SELF-HEALING] The current locator of test object 'Object Repository/Page_Dashboard/a_My courses' was broken. Propose an alternative one: '//a[contains(text(),'My courses')]'.

2022-01-16 20:27:18 - [MESSAGE][PASSED] - Object: 'Object Repository/Page_Dashboard/a_My courses' is clicked on

2022-01-16 20:27:18 - [TEST_STEP][PASSED] - click(findTestObject("Object Repository/Page_My courses/div_Course image")): Object: 'Object Repository/Page_My courses/div_Course image' is clicked on

2022-01-16 20:27:20 - [MESSAGE][PASSED] - Object: 'Object Repository/Page_My courses/div_Course image' is clicked on

2022-01-16 20:27:20 - [TEST_STEP][PASSED] - click(findTestObject("Object Repository/Page_Course 1/a_Deadline 1  Assignment")): Object: 'Object Repository/Page_Course 1/a_Deadline 1  Assignment' is clicked on

2022-01-16 20:27:23 - [MESSAGE][PASSED] - Object: 'Object Repository/Page_Course 1/a_Deadline 1  Assignment' is clicked on

2022-01-16 20:27:23 - [TEST_STEP][PASSED] - closeBrowser(): Browser is closed

2022-01-16 20:27:24 - [MESSAGE][PASSED] - Browser is closed]]></system-out>
         <system-err><![CDATA[]]></system-err>
      </testcase>
      <testcase name="Test Cases/Deadline/Submit assignment in a deadline by student" time="223.537" classname="Test Cases/Deadline/Submit assignment in a deadline by student" status="PASSED">
         <system-out><![CDATA[2022-01-16 20:27:24 - [TEST_CASE][PASSED] - Test Cases/Deadline/Submit assignment in a deadline by student: Test Cases/Deadline/Submit assignment in a deadline by student

2022-01-16 20:27:24 - [TEST_STEP][PASSED] - openBrowser(""): Browser is opened with url: ''

2022-01-16 20:27:24 - [MESSAGE][INFO] - Starting 'Chrome' driver

2022-01-16 20:27:24 - [MESSAGE][INFO] - Action delay is set to 0 milliseconds

2022-01-16 20:27:26 - [MESSAGE][PASSED] - Browser is opened with url: ''

2022-01-16 20:27:26 - [TEST_STEP][PASSED] - navigateToUrl("http://localhost/"): Navigate to 'http://localhost/' successfully

2022-01-16 20:27:27 - [MESSAGE][PASSED] - Navigate to 'http://localhost/' successfully

2022-01-16 20:27:27 - [TEST_STEP][PASSED] - click(findTestObject("Object Repository/Page_L Tm Anh/a_Log in")): Object: 'Object Repository/Page_L Tm Anh/a_Log in' is clicked on

2022-01-16 20:27:28 - [MESSAGE][PASSED] - Object: 'Object Repository/Page_L Tm Anh/a_Log in' is clicked on

2022-01-16 20:27:28 - [TEST_STEP][PASSED] - setText(findTestObject("Object Repository/Page_L Tm Anh Log in to the site/input_Username_username"), "anhle2"): Text 'anhle2' is set on object 'Object Repository/Page_L Tm Anh Log in to the site/input_Username_username'

2022-01-16 20:27:28 - [MESSAGE][PASSED] - Text 'anhle2' is set on object 'Object Repository/Page_L Tm Anh Log in to the site/input_Username_username'

2022-01-16 20:27:28 - [TEST_STEP][PASSED] - setEncryptedText(findTestObject("Object Repository/Page_L Tm Anh Log in to the site/input_Password_password"), "eGmz8XUbrLe3vUQiiiujBg=="): Text ****** has been set on object 'Object Repository/Page_L Tm Anh Log in to the site/input_Password_password'

2022-01-16 20:27:29 - [MESSAGE][PASSED] - Text ****** has been set on object 'Object Repository/Page_L Tm Anh Log in to the site/input_Password_password'

2022-01-16 20:27:29 - [TEST_STEP][PASSED] - click(findTestObject("Object Repository/Page_L Tm Anh Log in to the site/button_Log in")): Object: 'Object Repository/Page_L Tm Anh Log in to the site/button_Log in' is clicked on

2022-01-16 20:27:30 - [MESSAGE][PASSED] - Object: 'Object Repository/Page_L Tm Anh Log in to the site/button_Log in' is clicked on

2022-01-16 20:27:30 - [TEST_STEP][PASSED] - click(findTestObject("Object Repository/Page_Dashboard/a_My courses")): Object: 'Object Repository/Page_Dashboard/a_My courses' is clicked on

2022-01-16 20:28:01 - [MESSAGE][INFO] - Unable to find the element located by 'By.xpath: //ul[@id='moremenu-61e0e36aac914-navbar-nav']/li[3]/a'. Please recheck the objects properties to make sure the desired element is located. 

2022-01-16 20:28:01 - [MESSAGE][WARNING] - [SELF-HEALING] Failed to find element with id 'Object Repository/Page_Dashboard/a_My courses'. Try using Self-healing.

2022-01-16 20:28:01 - [MESSAGE][WARNING] - [SELF-HEALING] The current locator of test object 'Object Repository/Page_Dashboard/a_My courses' was broken. Propose an alternative one: '//a[contains(text(),'My courses')]'.

2022-01-16 20:28:02 - [MESSAGE][PASSED] - Object: 'Object Repository/Page_Dashboard/a_My courses' is clicked on

2022-01-16 20:28:02 - [TEST_STEP][PASSED] - click(findTestObject("Object Repository/Page_My courses/div_Course image")): Object: 'Object Repository/Page_My courses/div_Course image' is clicked on

2022-01-16 20:28:03 - [MESSAGE][PASSED] - Object: 'Object Repository/Page_My courses/div_Course image' is clicked on

2022-01-16 20:28:03 - [TEST_STEP][PASSED] - click(findTestObject("Object Repository/Page_Course 1/a_Deadline 1  Assignment")): Object: 'Object Repository/Page_Course 1/a_Deadline 1  Assignment' is clicked on

2022-01-16 20:28:05 - [MESSAGE][PASSED] - Object: 'Object Repository/Page_Course 1/a_Deadline 1  Assignment' is clicked on

2022-01-16 20:28:05 - [TEST_STEP][PASSED] - click(findTestObject("Object Repository/Page_1 Deadline 1/button_Add submission")): Object: 'Object Repository/Page_1 Deadline 1/button_Add submission' is clicked on

2022-01-16 20:28:36 - [MESSAGE][INFO] - Unable to find the element located by 'By.xpath: //button[@id='single_button61dad83a029a47']'. Please recheck the objects properties to make sure the desired element is located. 

2022-01-16 20:28:36 - [MESSAGE][WARNING] - [SELF-HEALING] Failed to find element with id 'Object Repository/Page_1 Deadline 1/button_Add submission'. Try using Self-healing.

2022-01-16 20:28:37 - [MESSAGE][WARNING] - [SELF-HEALING] The current locator of test object 'Object Repository/Page_1 Deadline 1/button_Add submission' was broken. Propose an alternative one: '(.//*[normalize-space(text()) and normalize-space(.)='Mark as done'])[1]/following::button[1]'.

2022-01-16 20:28:39 - [MESSAGE][PASSED] - Object: 'Object Repository/Page_1 Deadline 1/button_Add submission' is clicked on

2022-01-16 20:28:39 - [TEST_STEP][PASSED] - click(findTestObject("Object Repository/Page_1 Deadline 1 - Edit submission/i_- drag and drop not supported_icon fa fa-_916087")): Object: 'Object Repository/Page_1 Deadline 1 - Edit submission/i_- drag and drop not supported_icon fa fa-_916087' is clicked on

2022-01-16 20:29:10 - [MESSAGE][INFO] - Unable to find the element located by 'By.xpath: //a[@id='yui_3_17_2_1_1641732156465_357']/i'. Please recheck the objects properties to make sure the desired element is located. 

2022-01-16 20:29:10 - [MESSAGE][WARNING] - [SELF-HEALING] Failed to find element with id 'Object Repository/Page_1 Deadline 1 - Edit submission/i_- drag and drop not supported_icon fa fa-_916087'. Try using Self-healing.

2022-01-16 20:29:11 - [MESSAGE][WARNING] - [SELF-HEALING] The current locator of test object 'Object Repository/Page_1 Deadline 1 - Edit submission/i_- drag and drop not supported_icon fa fa-_916087' was broken. Propose an alternative one: '//div[2]/div/div/div[2]/a/i'.

2022-01-16 20:29:11 - [MESSAGE][PASSED] - Object: 'Object Repository/Page_1 Deadline 1 - Edit submission/i_- drag and drop not supported_icon fa fa-_916087' is clicked on

2022-01-16 20:29:11 - [TEST_STEP][PASSED] - click(findTestObject("Object Repository/Page_1 Deadline 1 - Edit submission/button_Create folder")): Object: 'Object Repository/Page_1 Deadline 1 - Edit submission/button_Create folder' is clicked on

2022-01-16 20:29:42 - [MESSAGE][INFO] - Unable to find the element located by 'By.xpath: //button[@id='fm-mkdir-butcreate-61dad83c51b5c']'. Please recheck the objects properties to make sure the desired element is located. 

2022-01-16 20:29:42 - [MESSAGE][WARNING] - [SELF-HEALING] Failed to find element with id 'Object Repository/Page_1 Deadline 1 - Edit submission/button_Create folder'. Try using Self-healing.

2022-01-16 20:29:42 - [MESSAGE][WARNING] - [SELF-HEALING] The current locator of test object 'Object Repository/Page_1 Deadline 1 - Edit submission/button_Create folder' was broken. Propose an alternative one: '(.//*[normalize-space(text()) and normalize-space(.)='New folder name'])[1]/following::button[1]'.

2022-01-16 20:29:42 - [MESSAGE][PASSED] - Object: 'Object Repository/Page_1 Deadline 1 - Edit submission/button_Create folder' is clicked on

2022-01-16 20:29:42 - [TEST_STEP][PASSED] - click(findTestObject("Object Repository/Page_1 Deadline 1 - Edit submission/i_New folder_icon fa fa-ellipsis-v fa-fw")): Object: 'Object Repository/Page_1 Deadline 1 - Edit submission/i_New folder_icon fa fa-ellipsis-v fa-fw' is clicked on

2022-01-16 20:30:14 - [MESSAGE][INFO] - Unable to find the element located by 'By.xpath: //a[@id='yui_3_17_2_1_1641732156465_576']/span/i'. Please recheck the objects properties to make sure the desired element is located. 

2022-01-16 20:30:14 - [MESSAGE][WARNING] - [SELF-HEALING] Failed to find element with id 'Object Repository/Page_1 Deadline 1 - Edit submission/i_New folder_icon fa fa-ellipsis-v fa-fw'. Try using Self-healing.

2022-01-16 20:30:14 - [MESSAGE][WARNING] - [SELF-HEALING] The current locator of test object 'Object Repository/Page_1 Deadline 1 - Edit submission/i_New folder_icon fa fa-ellipsis-v fa-fw' was broken. Propose an alternative one: '//a[2]/span/i'.

2022-01-16 20:30:14 - [MESSAGE][PASSED] - Object: 'Object Repository/Page_1 Deadline 1 - Edit submission/i_New folder_icon fa fa-ellipsis-v fa-fw' is clicked on

2022-01-16 20:30:14 - [TEST_STEP][PASSED] - click(findTestObject("Object Repository/Page_1 Deadline 1 - Edit submission/button_Zip")): Object: 'Object Repository/Page_1 Deadline 1 - Edit submission/button_Zip' is clicked on

2022-01-16 20:30:45 - [MESSAGE][INFO] - Unable to find the element located by 'By.xpath: //button[@id='yui_3_17_2_1_1641732156465_659']'. Please recheck the objects properties to make sure the desired element is located. 

2022-01-16 20:30:45 - [MESSAGE][WARNING] - [SELF-HEALING] Failed to find element with id 'Object Repository/Page_1 Deadline 1 - Edit submission/button_Zip'. Try using Self-healing.

2022-01-16 20:30:46 - [MESSAGE][WARNING] - [SELF-HEALING] The current locator of test object 'Object Repository/Page_1 Deadline 1 - Edit submission/button_Zip' was broken. Propose an alternative one: '(.//*[normalize-space(text()) and normalize-space(.)='Set main file'])[1]/following::button[1]'.

2022-01-16 20:30:46 - [MESSAGE][PASSED] - Object: 'Object Repository/Page_1 Deadline 1 - Edit submission/button_Zip' is clicked on

2022-01-16 20:30:46 - [TEST_STEP][PASSED] - scrollToElement(findTestObject("Object Repository/Page_1 Deadline 1 - Edit submission/input_Loading_submitbutton"), 0): Scroll to object 'Object Repository/Page_1 Deadline 1 - Edit submission/input_Loading_submitbutton' successfully

2022-01-16 20:30:46 - [MESSAGE][WARNING] - Timeout '0' is invalid. Using default page load timeout: '30'

2022-01-16 20:30:49 - [MESSAGE][PASSED] - Scroll to object 'Object Repository/Page_1 Deadline 1 - Edit submission/input_Loading_submitbutton' successfully

2022-01-16 20:30:49 - [TEST_STEP][PASSED] - click(findTestObject("Object Repository/Page_1 Deadline 1 - Edit submission/input_Loading_submitbutton")): Object: 'Object Repository/Page_1 Deadline 1 - Edit submission/input_Loading_submitbutton' is clicked on

2022-01-16 20:31:06 - [MESSAGE][PASSED] - Object: 'Object Repository/Page_1 Deadline 1 - Edit submission/input_Loading_submitbutton' is clicked on

2022-01-16 20:31:06 - [TEST_STEP][PASSED] - closeBrowser(): Browser is closed

2022-01-16 20:31:07 - [MESSAGE][PASSED] - Browser is closed]]></system-out>
         <system-err><![CDATA[]]></system-err>
      </testcase>
      <testcase name="Test Cases/Deadline/Edit a submission in deadline by student" time="87.619" classname="Test Cases/Deadline/Edit a submission in deadline by student" status="PASSED">
         <system-out><![CDATA[2022-01-16 20:31:07 - [TEST_CASE][PASSED] - Test Cases/Deadline/Edit a submission in deadline by student: Test Cases/Deadline/Edit a submission in deadline by student

2022-01-16 20:31:08 - [TEST_STEP][PASSED] - openBrowser(""): Browser is opened with url: ''

2022-01-16 20:31:08 - [MESSAGE][INFO] - Starting 'Chrome' driver

2022-01-16 20:31:08 - [MESSAGE][INFO] - Action delay is set to 0 milliseconds

2022-01-16 20:31:10 - [MESSAGE][PASSED] - Browser is opened with url: ''

2022-01-16 20:31:10 - [TEST_STEP][PASSED] - navigateToUrl("http://localhost/"): Navigate to 'http://localhost/' successfully

2022-01-16 20:31:11 - [MESSAGE][PASSED] - Navigate to 'http://localhost/' successfully

2022-01-16 20:31:11 - [TEST_STEP][PASSED] - click(findTestObject("Object Repository/Page_L Tm Anh/a_Log in")): Object: 'Object Repository/Page_L Tm Anh/a_Log in' is clicked on

2022-01-16 20:31:11 - [MESSAGE][PASSED] - Object: 'Object Repository/Page_L Tm Anh/a_Log in' is clicked on

2022-01-16 20:31:11 - [TEST_STEP][PASSED] - setText(findTestObject("Object Repository/Page_L Tm Anh Log in to the site/input_Username_username"), "anhle2"): Text 'anhle2' is set on object 'Object Repository/Page_L Tm Anh Log in to the site/input_Username_username'

2022-01-16 20:31:12 - [MESSAGE][PASSED] - Text 'anhle2' is set on object 'Object Repository/Page_L Tm Anh Log in to the site/input_Username_username'

2022-01-16 20:31:12 - [TEST_STEP][PASSED] - setEncryptedText(findTestObject("Object Repository/Page_L Tm Anh Log in to the site/input_Password_password"), "eGmz8XUbrLe3vUQiiiujBg=="): Text ****** has been set on object 'Object Repository/Page_L Tm Anh Log in to the site/input_Password_password'

2022-01-16 20:31:13 - [MESSAGE][PASSED] - Text ****** has been set on object 'Object Repository/Page_L Tm Anh Log in to the site/input_Password_password'

2022-01-16 20:31:13 - [TEST_STEP][PASSED] - click(findTestObject("Object Repository/Page_L Tm Anh Log in to the site/button_Log in")): Object: 'Object Repository/Page_L Tm Anh Log in to the site/button_Log in' is clicked on

2022-01-16 20:31:14 - [MESSAGE][PASSED] - Object: 'Object Repository/Page_L Tm Anh Log in to the site/button_Log in' is clicked on

2022-01-16 20:31:14 - [TEST_STEP][PASSED] - click(findTestObject("Object Repository/Page_Dashboard/a_My courses")): Object: 'Object Repository/Page_Dashboard/a_My courses' is clicked on

2022-01-16 20:31:45 - [MESSAGE][INFO] - Unable to find the element located by 'By.xpath: //ul[@id='moremenu-61e0e36aac914-navbar-nav']/li[3]/a'. Please recheck the objects properties to make sure the desired element is located. 

2022-01-16 20:31:45 - [MESSAGE][WARNING] - [SELF-HEALING] Failed to find element with id 'Object Repository/Page_Dashboard/a_My courses'. Try using Self-healing.

2022-01-16 20:31:46 - [MESSAGE][WARNING] - [SELF-HEALING] The current locator of test object 'Object Repository/Page_Dashboard/a_My courses' was broken. Propose an alternative one: '//a[contains(text(),'My courses')]'.

2022-01-16 20:31:48 - [MESSAGE][PASSED] - Object: 'Object Repository/Page_Dashboard/a_My courses' is clicked on

2022-01-16 20:31:48 - [TEST_STEP][PASSED] - click(findTestObject("Object Repository/Page_My courses/div_Course image")): Object: 'Object Repository/Page_My courses/div_Course image' is clicked on

2022-01-16 20:31:50 - [MESSAGE][PASSED] - Object: 'Object Repository/Page_My courses/div_Course image' is clicked on

2022-01-16 20:31:50 - [TEST_STEP][PASSED] - click(findTestObject("Object Repository/Page_Course 1/a_Deadline 1  Assignment")): Object: 'Object Repository/Page_Course 1/a_Deadline 1  Assignment' is clicked on

2022-01-16 20:31:52 - [MESSAGE][PASSED] - Object: 'Object Repository/Page_Course 1/a_Deadline 1  Assignment' is clicked on

2022-01-16 20:31:52 - [TEST_STEP][PASSED] - click(findTestObject("Object Repository/Page_1 Deadline 1/button_Edit submission")): Object: 'Object Repository/Page_1 Deadline 1/button_Edit submission' is clicked on

2022-01-16 20:32:24 - [MESSAGE][INFO] - Unable to find the element located by 'By.xpath: //button[@id='single_button61dbabd014cde6']'. Please recheck the objects properties to make sure the desired element is located. 

2022-01-16 20:32:24 - [MESSAGE][WARNING] - [SELF-HEALING] Failed to find element with id 'Object Repository/Page_1 Deadline 1/button_Edit submission'. Try using Self-healing.

2022-01-16 20:32:24 - [MESSAGE][WARNING] - [SELF-HEALING] The current locator of test object 'Object Repository/Page_1 Deadline 1/button_Edit submission' was broken. Propose an alternative one: '//section[@id='region-main']/div[3]/div/div/div/div/form/button'.

2022-01-16 20:32:25 - [MESSAGE][PASSED] - Object: 'Object Repository/Page_1 Deadline 1/button_Edit submission' is clicked on

2022-01-16 20:32:25 - [TEST_STEP][PASSED] - scrollToElement(findTestObject("Page_1 Deadline 1 - Edit submission/input_Loading_submitbutton"), 0): Scroll to object 'Object Repository/Page_1 Deadline 1 - Edit submission/input_Loading_submitbutton' successfully

2022-01-16 20:32:25 - [MESSAGE][WARNING] - Timeout '0' is invalid. Using default page load timeout: '30'

2022-01-16 20:32:26 - [MESSAGE][PASSED] - Scroll to object 'Object Repository/Page_1 Deadline 1 - Edit submission/input_Loading_submitbutton' successfully

2022-01-16 20:32:26 - [TEST_STEP][PASSED] - click(findTestObject("Object Repository/Page_1 Deadline 1 - Edit submission/input_Loading_submitbutton")): Object: 'Object Repository/Page_1 Deadline 1 - Edit submission/input_Loading_submitbutton' is clicked on

2022-01-16 20:32:34 - [MESSAGE][PASSED] - Object: 'Object Repository/Page_1 Deadline 1 - Edit submission/input_Loading_submitbutton' is clicked on

2022-01-16 20:32:34 - [TEST_STEP][PASSED] - closeBrowser(): Browser is closed

2022-01-16 20:32:35 - [MESSAGE][PASSED] - Browser is closed]]></system-out>
         <system-err><![CDATA[]]></system-err>
      </testcase>
      <testcase name="Test Cases/Deadline/Download the submission in deadine by student" time="112.56" classname="Test Cases/Deadline/Download the submission in deadine by student" status="PASSED">
         <system-out><![CDATA[2022-01-16 20:32:35 - [TEST_CASE][PASSED] - Test Cases/Deadline/Download the submission in deadine by student: Test Cases/Deadline/Download the submission in deadine by student

2022-01-16 20:32:35 - [TEST_STEP][PASSED] - openBrowser(""): Browser is opened with url: ''

2022-01-16 20:32:35 - [MESSAGE][INFO] - Starting 'Chrome' driver

2022-01-16 20:32:35 - [MESSAGE][INFO] - Action delay is set to 0 milliseconds

2022-01-16 20:32:37 - [MESSAGE][PASSED] - Browser is opened with url: ''

2022-01-16 20:32:37 - [TEST_STEP][PASSED] - navigateToUrl("http://localhost/"): Navigate to 'http://localhost/' successfully

2022-01-16 20:32:40 - [MESSAGE][PASSED] - Navigate to 'http://localhost/' successfully

2022-01-16 20:32:40 - [TEST_STEP][PASSED] - click(findTestObject("Object Repository/Page_L Tm Anh/a_Log in")): Object: 'Object Repository/Page_L Tm Anh/a_Log in' is clicked on

2022-01-16 20:32:41 - [MESSAGE][PASSED] - Object: 'Object Repository/Page_L Tm Anh/a_Log in' is clicked on

2022-01-16 20:32:41 - [TEST_STEP][PASSED] - setText(findTestObject("Object Repository/Page_L Tm Anh Log in to the site/input_Username_username"), "anhle1"): Text 'anhle1' is set on object 'Object Repository/Page_L Tm Anh Log in to the site/input_Username_username'

2022-01-16 20:32:42 - [MESSAGE][PASSED] - Text 'anhle1' is set on object 'Object Repository/Page_L Tm Anh Log in to the site/input_Username_username'

2022-01-16 20:32:42 - [TEST_STEP][PASSED] - setEncryptedText(findTestObject("Object Repository/Page_L Tm Anh Log in to the site/input_Password_password"), "eGmz8XUbrLe3vUQiiiujBg=="): Text ****** has been set on object 'Object Repository/Page_L Tm Anh Log in to the site/input_Password_password'

2022-01-16 20:32:42 - [MESSAGE][PASSED] - Text ****** has been set on object 'Object Repository/Page_L Tm Anh Log in to the site/input_Password_password'

2022-01-16 20:32:42 - [TEST_STEP][PASSED] - click(findTestObject("Object Repository/Page_L Tm Anh Log in to the site/button_Log in")): Object: 'Object Repository/Page_L Tm Anh Log in to the site/button_Log in' is clicked on

2022-01-16 20:32:45 - [MESSAGE][PASSED] - Object: 'Object Repository/Page_L Tm Anh Log in to the site/button_Log in' is clicked on

2022-01-16 20:32:45 - [TEST_STEP][PASSED] - click(findTestObject("Object Repository/Page_Dashboard/a_My courses")): Object: 'Object Repository/Page_Dashboard/a_My courses' is clicked on

2022-01-16 20:33:16 - [MESSAGE][INFO] - Unable to find the element located by 'By.xpath: //ul[@id='moremenu-61e0e36aac914-navbar-nav']/li[3]/a'. Please recheck the objects properties to make sure the desired element is located. 

2022-01-16 20:33:16 - [MESSAGE][WARNING] - [SELF-HEALING] Failed to find element with id 'Object Repository/Page_Dashboard/a_My courses'. Try using Self-healing.

2022-01-16 20:33:16 - [MESSAGE][WARNING] - [SELF-HEALING] The current locator of test object 'Object Repository/Page_Dashboard/a_My courses' was broken. Propose an alternative one: '//a[contains(text(),'My courses')]'.

2022-01-16 20:33:17 - [MESSAGE][PASSED] - Object: 'Object Repository/Page_Dashboard/a_My courses' is clicked on

2022-01-16 20:33:17 - [TEST_STEP][PASSED] - click(findTestObject("Object Repository/Page_My courses/div_Course image")): Object: 'Object Repository/Page_My courses/div_Course image' is clicked on

2022-01-16 20:33:20 - [MESSAGE][PASSED] - Object: 'Object Repository/Page_My courses/div_Course image' is clicked on

2022-01-16 20:33:20 - [TEST_STEP][PASSED] - click(findTestObject("Object Repository/Page_Course 1/a_Deadline 1  Assignment")): Object: 'Object Repository/Page_Course 1/a_Deadline 1  Assignment' is clicked on

2022-01-16 20:33:22 - [MESSAGE][PASSED] - Object: 'Object Repository/Page_Course 1/a_Deadline 1  Assignment' is clicked on

2022-01-16 20:33:22 - [TEST_STEP][PASSED] - click(findTestObject("Object Repository/Page_1 Deadline 1/button_Edit submission")): Object: 'Object Repository/Page_1 Deadline 1/button_Edit submission' is clicked on

2022-01-16 20:33:53 - [MESSAGE][INFO] - Unable to find the element located by 'By.xpath: //button[@id='single_button61dbabd014cde6']'. Please recheck the objects properties to make sure the desired element is located. 

2022-01-16 20:33:53 - [MESSAGE][WARNING] - [SELF-HEALING] Failed to find element with id 'Object Repository/Page_1 Deadline 1/button_Edit submission'. Try using Self-healing.

2022-01-16 20:33:53 - [MESSAGE][WARNING] - [SELF-HEALING] The current locator of test object 'Object Repository/Page_1 Deadline 1/button_Edit submission' was broken. Propose an alternative one: '//section[@id='region-main']/div[3]/div/div/div/div/form/button'.

2022-01-16 20:33:55 - [MESSAGE][PASSED] - Object: 'Object Repository/Page_1 Deadline 1/button_Edit submission' is clicked on

2022-01-16 20:33:55 - [TEST_STEP][PASSED] - click(findTestObject("Object Repository/Page_1 Deadline 1 - Edit submission/i_- drag and drop not supported_icon fa fa-_ea7f6f")): Object: 'Object Repository/Page_1 Deadline 1 - Edit submission/i_- drag and drop not supported_icon fa fa-_ea7f6f' is clicked on

2022-01-16 20:34:26 - [MESSAGE][INFO] - Unable to find the element located by 'By.xpath: //a[@id='yui_3_17_2_1_1641786322657_385']/i'. Please recheck the objects properties to make sure the desired element is located. 

2022-01-16 20:34:26 - [MESSAGE][WARNING] - [SELF-HEALING] Failed to find element with id 'Object Repository/Page_1 Deadline 1 - Edit submission/i_- drag and drop not supported_icon fa fa-_ea7f6f'. Try using Self-healing.

2022-01-16 20:34:26 - [MESSAGE][WARNING] - [SELF-HEALING] The current locator of test object 'Object Repository/Page_1 Deadline 1 - Edit submission/i_- drag and drop not supported_icon fa fa-_ea7f6f' was broken. Propose an alternative one: '//div[3]/a/i'.

2022-01-16 20:34:26 - [MESSAGE][PASSED] - Object: 'Object Repository/Page_1 Deadline 1 - Edit submission/i_- drag and drop not supported_icon fa fa-_ea7f6f' is clicked on

2022-01-16 20:34:26 - [TEST_STEP][PASSED] - closeBrowser(): Browser is closed

2022-01-16 20:34:27 - [MESSAGE][PASSED] - Browser is closed]]></system-out>
         <system-err><![CDATA[]]></system-err>
      </testcase>
      <testcase name="Test Cases/Deadline/Cancel remove a submission in deadline" time="113.555" classname="Test Cases/Deadline/Cancel remove a submission in deadline" status="PASSED">
         <system-out><![CDATA[2022-01-16 20:34:28 - [TEST_CASE][PASSED] - Test Cases/Deadline/Cancel remove a submission in deadline: Test Cases/Deadline/Cancel remove a submission in deadline

2022-01-16 20:34:28 - [TEST_STEP][PASSED] - openBrowser(""): Browser is opened with url: ''

2022-01-16 20:34:28 - [MESSAGE][INFO] - Starting 'Chrome' driver

2022-01-16 20:34:28 - [MESSAGE][INFO] - Action delay is set to 0 milliseconds

2022-01-16 20:34:30 - [MESSAGE][PASSED] - Browser is opened with url: ''

2022-01-16 20:34:30 - [TEST_STEP][PASSED] - navigateToUrl("http://localhost/"): Navigate to 'http://localhost/' successfully

2022-01-16 20:34:32 - [MESSAGE][PASSED] - Navigate to 'http://localhost/' successfully

2022-01-16 20:34:32 - [TEST_STEP][PASSED] - click(findTestObject("Object Repository/Page_L Tm Anh/a_Log in")): Object: 'Object Repository/Page_L Tm Anh/a_Log in' is clicked on

2022-01-16 20:34:33 - [MESSAGE][PASSED] - Object: 'Object Repository/Page_L Tm Anh/a_Log in' is clicked on

2022-01-16 20:34:33 - [TEST_STEP][PASSED] - setText(findTestObject("Object Repository/Page_L Tm Anh Log in to the site/input_Username_username"), "anhle2"): Text 'anhle2' is set on object 'Object Repository/Page_L Tm Anh Log in to the site/input_Username_username'

2022-01-16 20:34:34 - [MESSAGE][PASSED] - Text 'anhle2' is set on object 'Object Repository/Page_L Tm Anh Log in to the site/input_Username_username'

2022-01-16 20:34:34 - [TEST_STEP][PASSED] - setEncryptedText(findTestObject("Object Repository/Page_L Tm Anh Log in to the site/input_Password_password"), "eGmz8XUbrLe3vUQiiiujBg=="): Text ****** has been set on object 'Object Repository/Page_L Tm Anh Log in to the site/input_Password_password'

2022-01-16 20:34:35 - [MESSAGE][PASSED] - Text ****** has been set on object 'Object Repository/Page_L Tm Anh Log in to the site/input_Password_password'

2022-01-16 20:34:35 - [TEST_STEP][PASSED] - click(findTestObject("Object Repository/Page_L Tm Anh Log in to the site/button_Log in")): Object: 'Object Repository/Page_L Tm Anh Log in to the site/button_Log in' is clicked on

2022-01-16 20:34:37 - [MESSAGE][PASSED] - Object: 'Object Repository/Page_L Tm Anh Log in to the site/button_Log in' is clicked on

2022-01-16 20:34:37 - [TEST_STEP][PASSED] - click(findTestObject("Object Repository/Page_Dashboard/a_My courses")): Object: 'Object Repository/Page_Dashboard/a_My courses' is clicked on

2022-01-16 20:35:09 - [MESSAGE][INFO] - Unable to find the element located by 'By.xpath: //ul[@id='moremenu-61e0e36aac914-navbar-nav']/li[3]/a'. Please recheck the objects properties to make sure the desired element is located. 

2022-01-16 20:35:09 - [MESSAGE][WARNING] - [SELF-HEALING] Failed to find element with id 'Object Repository/Page_Dashboard/a_My courses'. Try using Self-healing.

2022-01-16 20:35:09 - [MESSAGE][WARNING] - [SELF-HEALING] The current locator of test object 'Object Repository/Page_Dashboard/a_My courses' was broken. Propose an alternative one: '//a[contains(text(),'My courses')]'.

2022-01-16 20:35:10 - [MESSAGE][PASSED] - Object: 'Object Repository/Page_Dashboard/a_My courses' is clicked on

2022-01-16 20:35:10 - [TEST_STEP][PASSED] - click(findTestObject("Object Repository/Page_My courses/div_Course image")): Object: 'Object Repository/Page_My courses/div_Course image' is clicked on

2022-01-16 20:35:12 - [MESSAGE][PASSED] - Object: 'Object Repository/Page_My courses/div_Course image' is clicked on

2022-01-16 20:35:12 - [TEST_STEP][PASSED] - click(findTestObject("Object Repository/Page_Course 1/a_Deadline 1  Assignment")): Object: 'Object Repository/Page_Course 1/a_Deadline 1  Assignment' is clicked on

2022-01-16 20:35:15 - [MESSAGE][PASSED] - Object: 'Object Repository/Page_Course 1/a_Deadline 1  Assignment' is clicked on

2022-01-16 20:35:15 - [TEST_STEP][PASSED] - click(findTestObject("Object Repository/Page_1 Deadline 1/button_Remove submission")): Object: 'Object Repository/Page_1 Deadline 1/button_Remove submission' is clicked on

2022-01-16 20:35:46 - [MESSAGE][INFO] - Unable to find the element located by 'By.xpath: //button[@id='single_button61da3def500197']'. Please recheck the objects properties to make sure the desired element is located. 

2022-01-16 20:35:46 - [MESSAGE][WARNING] - [SELF-HEALING] Failed to find element with id 'Object Repository/Page_1 Deadline 1/button_Remove submission'. Try using Self-healing.

2022-01-16 20:35:46 - [MESSAGE][WARNING] - [SELF-HEALING] The current locator of test object 'Object Repository/Page_1 Deadline 1/button_Remove submission' was broken. Propose an alternative one: '//section[@id='region-main']/div[3]/div/div/div[2]/div/form/button'.

2022-01-16 20:35:47 - [MESSAGE][PASSED] - Object: 'Object Repository/Page_1 Deadline 1/button_Remove submission' is clicked on

2022-01-16 20:35:47 - [TEST_STEP][PASSED] - click(findTestObject("Object Repository/Page_1 Deadline 1/button_Cancel")): Object: 'Object Repository/Page_1 Deadline 1/button_Cancel' is clicked on

2022-01-16 20:36:19 - [MESSAGE][INFO] - Unable to find the element located by 'By.xpath: //button[@id='single_button61da3df1292357']'. Please recheck the objects properties to make sure the desired element is located. 

2022-01-16 20:36:19 - [MESSAGE][WARNING] - [SELF-HEALING] Failed to find element with id 'Object Repository/Page_1 Deadline 1/button_Cancel'. Try using Self-healing.

2022-01-16 20:36:19 - [MESSAGE][WARNING] - [SELF-HEALING] The current locator of test object 'Object Repository/Page_1 Deadline 1/button_Cancel' was broken. Propose an alternative one: '(.//*[normalize-space(text()) and normalize-space(.)='Contact site support'])[1]/preceding::button[2]'.

2022-01-16 20:36:20 - [MESSAGE][PASSED] - Object: 'Object Repository/Page_1 Deadline 1/button_Cancel' is clicked on

2022-01-16 20:36:20 - [TEST_STEP][PASSED] - closeBrowser(): Browser is closed

2022-01-16 20:36:21 - [MESSAGE][PASSED] - Browser is closed]]></system-out>
         <system-err><![CDATA[]]></system-err>
      </testcase>
      <testcase name="Test Cases/Deadline/Remove the submission in a deadline by student" time="112.159" classname="Test Cases/Deadline/Remove the submission in a deadline by student" status="PASSED">
         <system-out><![CDATA[2022-01-16 20:36:21 - [TEST_CASE][PASSED] - Test Cases/Deadline/Remove the submission in a deadline by student: Test Cases/Deadline/Remove the submission in a deadline by student

2022-01-16 20:36:22 - [TEST_STEP][PASSED] - openBrowser(""): Browser is opened with url: ''

2022-01-16 20:36:22 - [MESSAGE][INFO] - Starting 'Chrome' driver

2022-01-16 20:36:22 - [MESSAGE][INFO] - Action delay is set to 0 milliseconds

2022-01-16 20:36:24 - [MESSAGE][PASSED] - Browser is opened with url: ''

2022-01-16 20:36:24 - [TEST_STEP][PASSED] - navigateToUrl("http://localhost/"): Navigate to 'http://localhost/' successfully

2022-01-16 20:36:25 - [MESSAGE][PASSED] - Navigate to 'http://localhost/' successfully

2022-01-16 20:36:25 - [TEST_STEP][PASSED] - click(findTestObject("Object Repository/Page_L Tm Anh/a_Log in")): Object: 'Object Repository/Page_L Tm Anh/a_Log in' is clicked on

2022-01-16 20:36:26 - [MESSAGE][PASSED] - Object: 'Object Repository/Page_L Tm Anh/a_Log in' is clicked on

2022-01-16 20:36:26 - [TEST_STEP][PASSED] - setText(findTestObject("Object Repository/Page_L Tm Anh Log in to the site/input_Username_username"), "anhle2"): Text 'anhle2' is set on object 'Object Repository/Page_L Tm Anh Log in to the site/input_Username_username'

2022-01-16 20:36:27 - [MESSAGE][PASSED] - Text 'anhle2' is set on object 'Object Repository/Page_L Tm Anh Log in to the site/input_Username_username'

2022-01-16 20:36:27 - [TEST_STEP][PASSED] - setEncryptedText(findTestObject("Object Repository/Page_L Tm Anh Log in to the site/input_Password_password"), "eGmz8XUbrLe3vUQiiiujBg=="): Text ****** has been set on object 'Object Repository/Page_L Tm Anh Log in to the site/input_Password_password'

2022-01-16 20:36:28 - [MESSAGE][PASSED] - Text ****** has been set on object 'Object Repository/Page_L Tm Anh Log in to the site/input_Password_password'

2022-01-16 20:36:28 - [TEST_STEP][PASSED] - click(findTestObject("Object Repository/Page_L Tm Anh Log in to the site/button_Log in")): Object: 'Object Repository/Page_L Tm Anh Log in to the site/button_Log in' is clicked on

2022-01-16 20:36:30 - [MESSAGE][PASSED] - Object: 'Object Repository/Page_L Tm Anh Log in to the site/button_Log in' is clicked on

2022-01-16 20:36:30 - [TEST_STEP][PASSED] - click(findTestObject("Object Repository/Page_Dashboard/a_My courses")): Object: 'Object Repository/Page_Dashboard/a_My courses' is clicked on

2022-01-16 20:37:02 - [MESSAGE][INFO] - Unable to find the element located by 'By.xpath: //ul[@id='moremenu-61e0e36aac914-navbar-nav']/li[3]/a'. Please recheck the objects properties to make sure the desired element is located. 

2022-01-16 20:37:02 - [MESSAGE][WARNING] - [SELF-HEALING] Failed to find element with id 'Object Repository/Page_Dashboard/a_My courses'. Try using Self-healing.

2022-01-16 20:37:02 - [MESSAGE][WARNING] - [SELF-HEALING] The current locator of test object 'Object Repository/Page_Dashboard/a_My courses' was broken. Propose an alternative one: '//a[contains(text(),'My courses')]'.

2022-01-16 20:37:03 - [MESSAGE][PASSED] - Object: 'Object Repository/Page_Dashboard/a_My courses' is clicked on

2022-01-16 20:37:03 - [TEST_STEP][PASSED] - click(findTestObject("Object Repository/Page_My courses/div_Course image")): Object: 'Object Repository/Page_My courses/div_Course image' is clicked on

2022-01-16 20:37:05 - [MESSAGE][PASSED] - Object: 'Object Repository/Page_My courses/div_Course image' is clicked on

2022-01-16 20:37:05 - [TEST_STEP][PASSED] - click(findTestObject("Object Repository/Page_Course 1/a_Deadline 1  Assignment")): Object: 'Object Repository/Page_Course 1/a_Deadline 1  Assignment' is clicked on

2022-01-16 20:37:07 - [MESSAGE][PASSED] - Object: 'Object Repository/Page_Course 1/a_Deadline 1  Assignment' is clicked on

2022-01-16 20:37:07 - [TEST_STEP][PASSED] - click(findTestObject("Object Repository/Page_1 Deadline 1/button_Remove submission")): Object: 'Object Repository/Page_1 Deadline 1/button_Remove submission' is clicked on

2022-01-16 20:37:38 - [MESSAGE][INFO] - Unable to find the element located by 'By.xpath: //button[@id='single_button61da3def500197']'. Please recheck the objects properties to make sure the desired element is located. 

2022-01-16 20:37:38 - [MESSAGE][WARNING] - [SELF-HEALING] Failed to find element with id 'Object Repository/Page_1 Deadline 1/button_Remove submission'. Try using Self-healing.

2022-01-16 20:37:39 - [MESSAGE][WARNING] - [SELF-HEALING] The current locator of test object 'Object Repository/Page_1 Deadline 1/button_Remove submission' was broken. Propose an alternative one: '//section[@id='region-main']/div[3]/div/div/div[2]/div/form/button'.

2022-01-16 20:37:40 - [MESSAGE][PASSED] - Object: 'Object Repository/Page_1 Deadline 1/button_Remove submission' is clicked on

2022-01-16 20:37:40 - [TEST_STEP][PASSED] - click(findTestObject("Object Repository/Page_1 Deadline 1/button_Continue")): Object: 'Object Repository/Page_1 Deadline 1/button_Continue' is clicked on

2022-01-16 20:38:11 - [MESSAGE][INFO] - Unable to find the element located by 'By.xpath: //button[@id='single_button61da2e4a4a4336']'. Please recheck the objects properties to make sure the desired element is located. 

2022-01-16 20:38:11 - [MESSAGE][WARNING] - [SELF-HEALING] Failed to find element with id 'Object Repository/Page_1 Deadline 1/button_Continue'. Try using Self-healing.

2022-01-16 20:38:11 - [MESSAGE][WARNING] - [SELF-HEALING] The current locator of test object 'Object Repository/Page_1 Deadline 1/button_Continue' was broken. Propose an alternative one: '//div[@id='modal-footer']/div/div/form/button'.

2022-01-16 20:38:12 - [MESSAGE][PASSED] - Object: 'Object Repository/Page_1 Deadline 1/button_Continue' is clicked on

2022-01-16 20:38:12 - [TEST_STEP][PASSED] - closeBrowser(): Browser is closed

2022-01-16 20:38:13 - [MESSAGE][PASSED] - Browser is closed]]></system-out>
         <system-err><![CDATA[]]></system-err>
      </testcase>
      <testcase name="Test Cases/I1/Cancel add discussion topic" time="82.005" classname="Test Cases/I1/Cancel add discussion topic" status="PASSED">
         <system-out><![CDATA[2022-01-16 20:38:13 - [TEST_CASE][PASSED] - Test Cases/I1/Cancel add discussion topic: Test Cases/I1/Cancel add discussion topic

2022-01-16 20:38:14 - [TEST_STEP][PASSED] - openBrowser(""): Browser is opened with url: ''

2022-01-16 20:38:14 - [MESSAGE][INFO] - Starting 'Chrome' driver

2022-01-16 20:38:14 - [MESSAGE][INFO] - Action delay is set to 0 milliseconds

2022-01-16 20:38:16 - [MESSAGE][PASSED] - Browser is opened with url: ''

2022-01-16 20:38:16 - [TEST_STEP][PASSED] - navigateToUrl("http://localhost/"): Navigate to 'http://localhost/' successfully

2022-01-16 20:38:17 - [MESSAGE][PASSED] - Navigate to 'http://localhost/' successfully

2022-01-16 20:38:17 - [TEST_STEP][PASSED] - click(findTestObject("Object Repository/Page_L Tm Anh/a_Log in")): Object: 'Object Repository/Page_L Tm Anh/a_Log in' is clicked on

2022-01-16 20:38:18 - [MESSAGE][PASSED] - Object: 'Object Repository/Page_L Tm Anh/a_Log in' is clicked on

2022-01-16 20:38:18 - [TEST_STEP][PASSED] - setText(findTestObject("Object Repository/Page_L Tm Anh Log in to the site/input_Username_username"), "admin"): Text 'admin' is set on object 'Object Repository/Page_L Tm Anh Log in to the site/input_Username_username'

2022-01-16 20:38:19 - [MESSAGE][PASSED] - Text 'admin' is set on object 'Object Repository/Page_L Tm Anh Log in to the site/input_Username_username'

2022-01-16 20:38:19 - [TEST_STEP][PASSED] - setEncryptedText(findTestObject("Object Repository/Page_L Tm Anh Log in to the site/input_Password_password"), "eGmz8XUbrLe3vUQiiiujBg=="): Text ****** has been set on object 'Object Repository/Page_L Tm Anh Log in to the site/input_Password_password'

2022-01-16 20:38:20 - [MESSAGE][PASSED] - Text ****** has been set on object 'Object Repository/Page_L Tm Anh Log in to the site/input_Password_password'

2022-01-16 20:38:20 - [TEST_STEP][PASSED] - click(findTestObject("Object Repository/Page_L Tm Anh Log in to the site/button_Log in")): Object: 'Object Repository/Page_L Tm Anh Log in to the site/button_Log in' is clicked on

2022-01-16 20:38:22 - [MESSAGE][PASSED] - Object: 'Object Repository/Page_L Tm Anh Log in to the site/button_Log in' is clicked on

2022-01-16 20:38:22 - [TEST_STEP][PASSED] - click(findTestObject("Object Repository/Page_Dashboard/a_My courses")): Object: 'Object Repository/Page_Dashboard/a_My courses' is clicked on

2022-01-16 20:38:54 - [MESSAGE][INFO] - Unable to find the element located by 'By.xpath: //ul[@id='moremenu-61e0e36aac914-navbar-nav']/li[3]/a'. Please recheck the objects properties to make sure the desired element is located. 

2022-01-16 20:38:54 - [MESSAGE][WARNING] - [SELF-HEALING] Failed to find element with id 'Object Repository/Page_Dashboard/a_My courses'. Try using Self-healing.

2022-01-16 20:38:54 - [MESSAGE][WARNING] - [SELF-HEALING] The current locator of test object 'Object Repository/Page_Dashboard/a_My courses' was broken. Propose an alternative one: '//a[contains(text(),'My courses')]'.

2022-01-16 20:38:55 - [MESSAGE][PASSED] - Object: 'Object Repository/Page_Dashboard/a_My courses' is clicked on

2022-01-16 20:38:55 - [TEST_STEP][PASSED] - click(findTestObject("Object Repository/Page_My courses/div_Course image")): Object: 'Object Repository/Page_My courses/div_Course image' is clicked on

2022-01-16 20:38:57 - [MESSAGE][PASSED] - Object: 'Object Repository/Page_My courses/div_Course image' is clicked on

2022-01-16 20:38:57 - [TEST_STEP][PASSED] - click(findTestObject("Object Repository/Page_Course 1/a_Announcements  Forum")): Object: 'Object Repository/Page_Course 1/a_Announcements  Forum' is clicked on

2022-01-16 20:39:01 - [MESSAGE][PASSED] - Object: 'Object Repository/Page_Course 1/a_Announcements  Forum' is clicked on

2022-01-16 20:39:01 - [TEST_STEP][PASSED] - click(findTestObject("Object Repository/Page_Announcements/a_Add discussion topic")): Object: 'Object Repository/Page_Announcements/a_Add discussion topic' is clicked on

2022-01-16 20:39:32 - [MESSAGE][INFO] - Unable to find the element located by 'By.xpath: //a[@id='yui_3_17_2_1_1641384514071_523']'. Please recheck the objects properties to make sure the desired element is located. 

2022-01-16 20:39:32 - [MESSAGE][WARNING] - [SELF-HEALING] Failed to find element with id 'Object Repository/Page_Announcements/a_Add discussion topic'. Try using Self-healing.

2022-01-16 20:39:33 - [MESSAGE][WARNING] - [SELF-HEALING] The current locator of test object 'Object Repository/Page_Announcements/a_Add discussion topic' was broken. Propose an alternative one: '(.//*[normalize-space(text()) and normalize-space(.)='Search forums'])[2]/following::a[1]'.

2022-01-16 20:39:33 - [MESSAGE][PASSED] - Object: 'Object Repository/Page_Announcements/a_Add discussion topic' is clicked on

2022-01-16 20:39:33 - [TEST_STEP][PASSED] - click(findTestObject("Object Repository/Page_Announcements/input_Subject_subject")): Object: 'Object Repository/Page_Announcements/input_Subject_subject' is clicked on

2022-01-16 20:39:34 - [MESSAGE][PASSED] - Object: 'Object Repository/Page_Announcements/input_Subject_subject' is clicked on

2022-01-16 20:39:34 - [TEST_STEP][PASSED] - click(findTestObject("Object Repository/Page_Announcements/button_Cancel")): Object: 'Object Repository/Page_Announcements/button_Cancel' is clicked on

2022-01-16 20:39:34 - [MESSAGE][PASSED] - Object: 'Object Repository/Page_Announcements/button_Cancel' is clicked on

2022-01-16 20:39:34 - [TEST_STEP][PASSED] - closeBrowser(): Browser is closed

2022-01-16 20:39:35 - [MESSAGE][PASSED] - Browser is closed]]></system-out>
         <system-err><![CDATA[]]></system-err>
      </testcase>
      <testcase name="Test Cases/Lesson/View a lesson by student" time="46.104" classname="Test Cases/Lesson/View a lesson by student" status="PASSED">
         <system-out><![CDATA[2022-01-16 20:39:35 - [TEST_CASE][PASSED] - Test Cases/Lesson/View a lesson by student: Test Cases/Lesson/View a lesson by student

2022-01-16 20:39:37 - [TEST_STEP][PASSED] - openBrowser(""): Browser is opened with url: ''

2022-01-16 20:39:37 - [MESSAGE][INFO] - Starting 'Chrome' driver

2022-01-16 20:39:37 - [MESSAGE][INFO] - Action delay is set to 0 milliseconds

2022-01-16 20:39:38 - [MESSAGE][PASSED] - Browser is opened with url: ''

2022-01-16 20:39:38 - [TEST_STEP][PASSED] - navigateToUrl("http://localhost/"): Navigate to 'http://localhost/' successfully

2022-01-16 20:39:39 - [MESSAGE][PASSED] - Navigate to 'http://localhost/' successfully

2022-01-16 20:39:39 - [TEST_STEP][PASSED] - click(findTestObject("Object Repository/Page_L Tm Anh/a_Log in")): Object: 'Object Repository/Page_L Tm Anh/a_Log in' is clicked on

2022-01-16 20:39:40 - [MESSAGE][PASSED] - Object: 'Object Repository/Page_L Tm Anh/a_Log in' is clicked on

2022-01-16 20:39:40 - [TEST_STEP][PASSED] - setEncryptedText(findTestObject("Object Repository/Page_L Tm Anh Log in to the site/input_Password_password"), "eGmz8XUbrLe3vUQiiiujBg=="): Text ****** has been set on object 'Object Repository/Page_L Tm Anh Log in to the site/input_Password_password'

2022-01-16 20:39:40 - [MESSAGE][PASSED] - Text ****** has been set on object 'Object Repository/Page_L Tm Anh Log in to the site/input_Password_password'

2022-01-16 20:39:40 - [TEST_STEP][PASSED] - setText(findTestObject("Object Repository/Page_L Tm Anh Log in to the site/input_Username_username"), "anhle7"): Text 'anhle7' is set on object 'Object Repository/Page_L Tm Anh Log in to the site/input_Username_username'

2022-01-16 20:39:41 - [MESSAGE][PASSED] - Text 'anhle7' is set on object 'Object Repository/Page_L Tm Anh Log in to the site/input_Username_username'

2022-01-16 20:39:41 - [TEST_STEP][PASSED] - click(findTestObject("Object Repository/Page_L Tm Anh Log in to the site/button_Log in")): Object: 'Object Repository/Page_L Tm Anh Log in to the site/button_Log in' is clicked on

2022-01-16 20:39:43 - [MESSAGE][PASSED] - Object: 'Object Repository/Page_L Tm Anh Log in to the site/button_Log in' is clicked on

2022-01-16 20:39:43 - [TEST_STEP][PASSED] - click(findTestObject("Object Repository/Page_Dashboard/a_My courses")): Object: 'Object Repository/Page_Dashboard/a_My courses' is clicked on

2022-01-16 20:40:14 - [MESSAGE][INFO] - Unable to find the element located by 'By.xpath: //ul[@id='moremenu-61e0e36aac914-navbar-nav']/li[3]/a'. Please recheck the objects properties to make sure the desired element is located. 

2022-01-16 20:40:14 - [MESSAGE][WARNING] - [SELF-HEALING] Failed to find element with id 'Object Repository/Page_Dashboard/a_My courses'. Try using Self-healing.

2022-01-16 20:40:15 - [MESSAGE][WARNING] - [SELF-HEALING] The current locator of test object 'Object Repository/Page_Dashboard/a_My courses' was broken. Propose an alternative one: '//a[contains(text(),'My courses')]'.

2022-01-16 20:40:15 - [MESSAGE][PASSED] - Object: 'Object Repository/Page_Dashboard/a_My courses' is clicked on

2022-01-16 20:40:15 - [TEST_STEP][PASSED] - click(findTestObject("Object Repository/Page_My courses/div_Course image")): Object: 'Object Repository/Page_My courses/div_Course image' is clicked on

2022-01-16 20:40:17 - [MESSAGE][PASSED] - Object: 'Object Repository/Page_My courses/div_Course image' is clicked on

2022-01-16 20:40:17 - [TEST_STEP][PASSED] - click(findTestObject("Object Repository/Page_Course 5/a_Lesson 5")): Object: 'Object Repository/Page_Course 5/a_Lesson 5' is clicked on

2022-01-16 20:40:20 - [MESSAGE][PASSED] - Object: 'Object Repository/Page_Course 5/a_Lesson 5' is clicked on

2022-01-16 20:40:20 - [TEST_STEP][PASSED] - closeBrowser(): Browser is closed

2022-01-16 20:40:21 - [MESSAGE][PASSED] - Browser is closed]]></system-out>
         <system-err><![CDATA[]]></system-err>
      </testcase>
      <testcase name="Test Cases/Lesson/Add new question in a lesson" time="117.673" classname="Test Cases/Lesson/Add new question in a lesson" status="PASSED">
         <system-out><![CDATA[2022-01-16 20:40:22 - [TEST_CASE][PASSED] - Test Cases/Lesson/Add new question in a lesson: Test Cases/Lesson/Add new question in a lesson

2022-01-16 20:40:23 - [TEST_STEP][PASSED] - openBrowser(""): Browser is opened with url: ''

2022-01-16 20:40:23 - [MESSAGE][INFO] - Starting 'Chrome' driver

2022-01-16 20:40:23 - [MESSAGE][INFO] - Action delay is set to 0 milliseconds

2022-01-16 20:40:24 - [MESSAGE][PASSED] - Browser is opened with url: ''

2022-01-16 20:40:24 - [TEST_STEP][PASSED] - navigateToUrl("http://localhost/"): Navigate to 'http://localhost/' successfully

2022-01-16 20:40:25 - [MESSAGE][PASSED] - Navigate to 'http://localhost/' successfully

2022-01-16 20:40:25 - [TEST_STEP][PASSED] - click(findTestObject("Object Repository/Page_L Tm Anh/a_Log in")): Object: 'Object Repository/Page_L Tm Anh/a_Log in' is clicked on

2022-01-16 20:40:26 - [MESSAGE][PASSED] - Object: 'Object Repository/Page_L Tm Anh/a_Log in' is clicked on

2022-01-16 20:40:26 - [TEST_STEP][PASSED] - setEncryptedText(findTestObject("Object Repository/Page_L Tm Anh Log in to the site/input_Password_password"), "eGmz8XUbrLe3vUQiiiujBg=="): Text ****** has been set on object 'Object Repository/Page_L Tm Anh Log in to the site/input_Password_password'

2022-01-16 20:40:27 - [MESSAGE][PASSED] - Text ****** has been set on object 'Object Repository/Page_L Tm Anh Log in to the site/input_Password_password'

2022-01-16 20:40:27 - [TEST_STEP][PASSED] - setText(findTestObject("Object Repository/Page_L Tm Anh Log in to the site/input_Username_username"), "anhle4"): Text 'anhle4' is set on object 'Object Repository/Page_L Tm Anh Log in to the site/input_Username_username'

2022-01-16 20:40:28 - [MESSAGE][PASSED] - Text 'anhle4' is set on object 'Object Repository/Page_L Tm Anh Log in to the site/input_Username_username'

2022-01-16 20:40:28 - [TEST_STEP][PASSED] - click(findTestObject("Object Repository/Page_L Tm Anh Log in to the site/button_Log in")): Object: 'Object Repository/Page_L Tm Anh Log in to the site/button_Log in' is clicked on

2022-01-16 20:40:30 - [MESSAGE][PASSED] - Object: 'Object Repository/Page_L Tm Anh Log in to the site/button_Log in' is clicked on

2022-01-16 20:40:30 - [TEST_STEP][PASSED] - click(findTestObject("Object Repository/Page_Dashboard/a_My courses")): Object: 'Object Repository/Page_Dashboard/a_My courses' is clicked on

2022-01-16 20:41:02 - [MESSAGE][INFO] - Unable to find the element located by 'By.xpath: //ul[@id='moremenu-61e0e36aac914-navbar-nav']/li[3]/a'. Please recheck the objects properties to make sure the desired element is located. 

2022-01-16 20:41:02 - [MESSAGE][WARNING] - [SELF-HEALING] Failed to find element with id 'Object Repository/Page_Dashboard/a_My courses'. Try using Self-healing.

2022-01-16 20:41:02 - [MESSAGE][WARNING] - [SELF-HEALING] The current locator of test object 'Object Repository/Page_Dashboard/a_My courses' was broken. Propose an alternative one: '//a[contains(text(),'My courses')]'.

2022-01-16 20:41:03 - [MESSAGE][PASSED] - Object: 'Object Repository/Page_Dashboard/a_My courses' is clicked on

2022-01-16 20:41:03 - [TEST_STEP][PASSED] - click(findTestObject("Object Repository/Page_My courses/div_Course image")): Object: 'Object Repository/Page_My courses/div_Course image' is clicked on

2022-01-16 20:41:04 - [MESSAGE][PASSED] - Object: 'Object Repository/Page_My courses/div_Course image' is clicked on

2022-01-16 20:41:04 - [TEST_STEP][PASSED] - click(findTestObject("Object Repository/Page_Course 4/a_Lesson 1")): Object: 'Object Repository/Page_Course 4/a_Lesson 1' is clicked on

2022-01-16 20:41:07 - [MESSAGE][PASSED] - Object: 'Object Repository/Page_Course 4/a_Lesson 1' is clicked on

2022-01-16 20:41:07 - [TEST_STEP][PASSED] - click(findTestObject("Object Repository/Page_4 Lesson 1 Anh le la ai/button_Edit")): Object: 'Object Repository/Page_4 Lesson 1 Anh le la ai/button_Edit' is clicked on

2022-01-16 20:41:38 - [MESSAGE][INFO] - Unable to find the element located by 'By.xpath: //button[@id='single_button61df66d14f59e11']'. Please recheck the objects properties to make sure the desired element is located. 

2022-01-16 20:41:38 - [MESSAGE][WARNING] - [SELF-HEALING] Failed to find element with id 'Object Repository/Page_4 Lesson 1 Anh le la ai/button_Edit'. Try using Self-healing.

2022-01-16 20:41:38 - [MESSAGE][WARNING] - [SELF-HEALING] The current locator of test object 'Object Repository/Page_4 Lesson 1 Anh le la ai/button_Edit' was broken. Propose an alternative one: '(.//*[normalize-space(text()) and normalize-space(.)='Mark as done'])[1]/following::button[1]'.

2022-01-16 20:41:39 - [MESSAGE][PASSED] - Object: 'Object Repository/Page_4 Lesson 1 Anh le la ai/button_Edit' is clicked on

2022-01-16 20:41:39 - [TEST_STEP][PASSED] - selectOptionByValue(findTestObject("Object Repository/Page_4 Lesson 1 Edit/select_Add a new page.                    A_066c8c"), "0", true): All options with value '0' are selected in object 'Object Repository/Page_4 Lesson 1 Edit/select_Add a new page.                    A_066c8c'  using regular expression

2022-01-16 20:42:10 - [MESSAGE][INFO] - Unable to find the element located by 'By.xpath: //select[@id='single_select61df65b7381618']'. Please recheck the objects properties to make sure the desired element is located. 

2022-01-16 20:42:10 - [MESSAGE][WARNING] - [SELF-HEALING] Failed to find element with id 'Object Repository/Page_4 Lesson 1 Edit/select_Add a new page.                    A_066c8c'. Try using Self-healing.

2022-01-16 20:42:11 - [MESSAGE][WARNING] - [SELF-HEALING] The current locator of test object 'Object Repository/Page_4 Lesson 1 Edit/select_Add a new page.                    A_066c8c' was broken. Propose an alternative one: '(.//*[normalize-space(text()) and normalize-space(.)='Next page'])[1]/following::select[1]'.

2022-01-16 20:42:12 - [MESSAGE][PASSED] - All options with value '0' are selected in object 'Object Repository/Page_4 Lesson 1 Edit/select_Add a new page.                    A_066c8c'  using regular expression

2022-01-16 20:42:12 - [TEST_STEP][PASSED] - selectOptionByValue(findTestObject("Object Repository/Page_4 Lesson 1 Edit/select_Essay            Matching           _0874e8"), "10", true): All options with value '10' are selected in object 'Object Repository/Page_4 Lesson 1 Edit/select_Essay            Matching           _0874e8'  using regular expression

2022-01-16 20:42:14 - [MESSAGE][PASSED] - All options with value '10' are selected in object 'Object Repository/Page_4 Lesson 1 Edit/select_Essay            Matching           _0874e8'  using regular expression

2022-01-16 20:42:14 - [TEST_STEP][PASSED] - click(findTestObject("Object Repository/Page_4 Lesson 1 Edit/input_Select a question type_submitbutton")): Object: 'Object Repository/Page_4 Lesson 1 Edit/input_Select a question type_submitbutton' is clicked on

2022-01-16 20:42:15 - [MESSAGE][PASSED] - Object: 'Object Repository/Page_4 Lesson 1 Edit/input_Select a question type_submitbutton' is clicked on

2022-01-16 20:42:15 - [TEST_STEP][PASSED] - setText(findTestObject("Object Repository/Page_4 Lesson 1 Edit/input_Page title_title"), "Anh le la ai"): Text 'Anh le la ai' is set on object 'Object Repository/Page_4 Lesson 1 Edit/input_Page title_title'

2022-01-16 20:42:16 - [MESSAGE][PASSED] - Text 'Anh le la ai' is set on object 'Object Repository/Page_4 Lesson 1 Edit/input_Page title_title'

2022-01-16 20:42:16 - [TEST_STEP][PASSED] - setText(findTestObject("Object Repository/Page_4 Lesson 1 Edit/div_Anh le la ai"), "<p dir="ltr" style="text-align: left;">Anh le la ai</p>"): Text '<p dir="ltr" style="text-align: left;">Anh le la ai</p>' is set on object 'Object Repository/Page_4 Lesson 1 Edit/div_Anh le la ai'

2022-01-16 20:42:17 - [MESSAGE][PASSED] - Text '<p dir="ltr" style="text-align: left;">Anh le la ai</p>' is set on object 'Object Repository/Page_4 Lesson 1 Edit/div_Anh le la ai'

2022-01-16 20:42:17 - [TEST_STEP][PASSED] - scrollToElement(findTestObject("Object Repository/Page_4 Lesson 1 Edit/input_Select a question type_submitbutton"), 0): Scroll to object 'Object Repository/Page_4 Lesson 1 Edit/input_Select a question type_submitbutton' successfully

2022-01-16 20:42:17 - [MESSAGE][WARNING] - Timeout '0' is invalid. Using default page load timeout: '30'

2022-01-16 20:42:17 - [MESSAGE][PASSED] - Scroll to object 'Object Repository/Page_4 Lesson 1 Edit/input_Select a question type_submitbutton' successfully

2022-01-16 20:42:17 - [TEST_STEP][PASSED] - click(findTestObject("Object Repository/Page_4 Lesson 1 Edit/input_Select a question type_submitbutton")): Object: 'Object Repository/Page_4 Lesson 1 Edit/input_Select a question type_submitbutton' is clicked on

2022-01-16 20:42:19 - [MESSAGE][PASSED] - Object: 'Object Repository/Page_4 Lesson 1 Edit/input_Select a question type_submitbutton' is clicked on

2022-01-16 20:42:19 - [TEST_STEP][PASSED] - closeBrowser(): Browser is closed

2022-01-16 20:42:19 - [MESSAGE][PASSED] - Browser is closed]]></system-out>
         <system-err><![CDATA[]]></system-err>
      </testcase>
      <testcase name="Test Cases/Lesson/Edit a question in a lesson" time="159.234" classname="Test Cases/Lesson/Edit a question in a lesson" status="PASSED">
         <system-out><![CDATA[2022-01-16 20:42:19 - [TEST_CASE][PASSED] - Test Cases/Lesson/Edit a question in a lesson: Test Cases/Lesson/Edit a question in a lesson

2022-01-16 20:42:20 - [TEST_STEP][PASSED] - openBrowser(""): Browser is opened with url: ''

2022-01-16 20:42:20 - [MESSAGE][INFO] - Starting 'Chrome' driver

2022-01-16 20:42:20 - [MESSAGE][INFO] - Action delay is set to 0 milliseconds

2022-01-16 20:42:21 - [MESSAGE][PASSED] - Browser is opened with url: ''

2022-01-16 20:42:21 - [TEST_STEP][PASSED] - navigateToUrl("http://localhost/"): Navigate to 'http://localhost/' successfully

2022-01-16 20:42:21 - [MESSAGE][PASSED] - Navigate to 'http://localhost/' successfully

2022-01-16 20:42:21 - [TEST_STEP][PASSED] - click(findTestObject("Object Repository/Page_L Tm Anh/span_Log in")): Object: 'Object Repository/Page_L Tm Anh/span_Log in' is clicked on

2022-01-16 20:42:22 - [MESSAGE][PASSED] - Object: 'Object Repository/Page_L Tm Anh/span_Log in' is clicked on

2022-01-16 20:42:22 - [TEST_STEP][PASSED] - click(findTestObject("Object Repository/Page_L Tm Anh/a_Log in")): Object: 'Object Repository/Page_L Tm Anh/a_Log in' is clicked on

2022-01-16 20:42:55 - [MESSAGE][INFO] - Unable to find the element located by 'By.xpath: //div[@id='usernavigation']/div/div/span/a'. Please recheck the objects properties to make sure the desired element is located. 

2022-01-16 20:42:55 - [MESSAGE][WARNING] - [SELF-HEALING] Failed to find element with id 'Object Repository/Page_L Tm Anh/a_Log in'. Try using Self-healing.

2022-01-16 20:42:57 - [MESSAGE][WARNING] - [SELF-HEALING] The current locator of test object 'Object Repository/Page_L Tm Anh/a_Log in' was broken. Propose an alternative one: '//*/text()[normalize-space(.)='Log in']/parent::*'.

2022-01-16 20:42:57 - [MESSAGE][PASSED] - Object: 'Object Repository/Page_L Tm Anh/a_Log in' is clicked on

2022-01-16 20:42:57 - [TEST_STEP][PASSED] - setEncryptedText(findTestObject("Object Repository/Page_L Tm Anh Log in to the site/input_Password_password"), "eGmz8XUbrLe3vUQiiiujBg=="): Text ****** has been set on object 'Object Repository/Page_L Tm Anh Log in to the site/input_Password_password'

2022-01-16 20:43:00 - [MESSAGE][PASSED] - Text ****** has been set on object 'Object Repository/Page_L Tm Anh Log in to the site/input_Password_password'

2022-01-16 20:43:00 - [TEST_STEP][PASSED] - setText(findTestObject("Object Repository/Page_L Tm Anh Log in to the site/input_Username_username"), "anhle4"): Text 'anhle4' is set on object 'Object Repository/Page_L Tm Anh Log in to the site/input_Username_username'

2022-01-16 20:43:04 - [MESSAGE][PASSED] - Text 'anhle4' is set on object 'Object Repository/Page_L Tm Anh Log in to the site/input_Username_username'

2022-01-16 20:43:04 - [TEST_STEP][PASSED] - click(findTestObject("Object Repository/Page_L Tm Anh Log in to the site/button_Log in")): Object: 'Object Repository/Page_L Tm Anh Log in to the site/button_Log in' is clicked on

2022-01-16 20:43:06 - [MESSAGE][PASSED] - Object: 'Object Repository/Page_L Tm Anh Log in to the site/button_Log in' is clicked on

2022-01-16 20:43:06 - [TEST_STEP][PASSED] - click(findTestObject("Object Repository/Page_Dashboard/a_My courses")): Object: 'Object Repository/Page_Dashboard/a_My courses' is clicked on

2022-01-16 20:43:38 - [MESSAGE][INFO] - Unable to find the element located by 'By.xpath: //ul[@id='moremenu-61e0e36aac914-navbar-nav']/li[3]/a'. Please recheck the objects properties to make sure the desired element is located. 

2022-01-16 20:43:38 - [MESSAGE][WARNING] - [SELF-HEALING] Failed to find element with id 'Object Repository/Page_Dashboard/a_My courses'. Try using Self-healing.

2022-01-16 20:43:40 - [MESSAGE][WARNING] - [SELF-HEALING] The current locator of test object 'Object Repository/Page_Dashboard/a_My courses' was broken. Propose an alternative one: '//a[contains(text(),'My courses')]'.

2022-01-16 20:43:40 - [MESSAGE][PASSED] - Object: 'Object Repository/Page_Dashboard/a_My courses' is clicked on

2022-01-16 20:43:40 - [TEST_STEP][PASSED] - click(findTestObject("Object Repository/Page_My courses/div_Course image")): Object: 'Object Repository/Page_My courses/div_Course image' is clicked on

2022-01-16 20:44:13 - [MESSAGE][INFO] - Unable to find the element located by 'By.xpath: //div[@id='page-container-0']/div/div/div/a/div'. Please recheck the objects properties to make sure the desired element is located. 

2022-01-16 20:44:13 - [MESSAGE][WARNING] - [SELF-HEALING] Failed to find element with id 'Object Repository/Page_My courses/div_Course image'. Try using Self-healing.

2022-01-16 20:44:15 - [MESSAGE][INFO] - Unable to find the element located by 'By.xpath: //*[(text() = '
                Course image
            ' or . = '
                Course image
            ')]'. Please recheck the objects properties to make sure the desired element is located. 

2022-01-16 20:44:17 - [MESSAGE][INFO] - [SELF-HEALING] Failed Locator: '//div[@id='page-container-0']/div/div/div/a/div'.

2022-01-16 20:44:19 - [MESSAGE][INFO] - [SELF-HEALING] Working Locator: '(.//*[normalize-space(text()) and normalize-space(.)='Card'])[1]/following::div[8]'.

2022-01-16 20:44:19 - [MESSAGE][ERROR] - [SELF-HEALING] Cannot save screenshot to: C:\Users\antra\git\SE-Bonus-Assginment-Group1\Reports\Self-healing, reason: unknown error: unhandled inspector error: {"code":-32000,"message":"Cannot take screenshot with 0 height."}
  (Session info: chrome=97.0.4692.71)
Build info: version: '3.141.59', revision: 'e82be7d358', time: '2018-11-14T08:25:53'
System info: host: 'DESKTOP-5O7CBM9', ip: '192.168.16.1', os.name: 'Windows 10', os.arch: 'amd64', os.version: '10.0', java.version: '1.8.0_282'
Driver info: com.kms.katalon.selenium.driver.CChromeDriver
Capabilities {acceptInsecureCerts: false, browserName: chrome, browserVersion: 97.0.4692.71, chrome: {chromedriverVersion: 97.0.4692.71 (adefa7837d02a..., userDataDir: C:\Users\antra\AppData\Loca...}, goog:chromeOptions: {debuggerAddress: localhost:53165}, javascriptEnabled: true, networkConnectionEnabled: false, pageLoadStrategy: normal, platform: WINDOWS, platformName: WINDOWS, proxy: Proxy(), setWindowRect: true, strictFileInteractability: false, timeouts: {implicit: 0, pageLoad: 300000, script: 30000}, unhandledPromptBehavior: dismiss and notify, webauthn:extension:credBlob: true, webauthn:extension:largeBlob: true, webauthn:virtualAuthenticators: true}
Session ID: a1b288790b9022e26ad06a06d4f77a64.

2022-01-16 20:44:19 - [MESSAGE][ERROR] - [SELF-HEALING] Cannot save screenshot to: C:\Users\antra\git\SE-Bonus-Assginment-Group1\Reports\Self-healing, reason: unknown error: unhandled inspector error: {"code":-32000,"message":"Cannot take screenshot with 0 height."}
  (Session info: chrome=97.0.4692.71)
Build info: version: '3.141.59', revision: 'e82be7d358', time: '2018-11-14T08:25:53'
System info: host: 'DESKTOP-5O7CBM9', ip: '192.168.16.1', os.name: 'Windows 10', os.arch: 'amd64', os.version: '10.0', java.version: '1.8.0_282'
Driver info: com.kms.katalon.selenium.driver.CChromeDriver
Capabilities {acceptInsecureCerts: false, browserName: chrome, browserVersion: 97.0.4692.71, chrome: {chromedriverVersion: 97.0.4692.71 (adefa7837d02a..., userDataDir: C:\Users\antra\AppData\Loca...}, goog:chromeOptions: {debuggerAddress: localhost:53165}, javascriptEnabled: true, networkConnectionEnabled: false, pageLoadStrategy: normal, platform: WINDOWS, platformName: WINDOWS, proxy: Proxy(), setWindowRect: true, strictFileInteractability: false, timeouts: {implicit: 0, pageLoad: 300000, script: 30000}, unhandledPromptBehavior: dismiss and notify, webauthn:extension:credBlob: true, webauthn:extension:largeBlob: true, webauthn:virtualAuthenticators: true}
Session ID: a1b288790b9022e26ad06a06d4f77a64.

2022-01-16 20:44:19 - [MESSAGE][WARNING] - [SELF-HEALING] 'other' is different type of Path

2022-01-16 20:44:21 - [MESSAGE][INFO] - [SELF-HEALING] Screenshot: C:/Users/antra/git/SE-Bonus-Assginment-Group1/Reports/Self-healing/Object Repository/Page_My courses/div_Course image_BASIC.png

2022-01-16 20:44:21 - [MESSAGE][WARNING] - [SELF-HEALING] The current locator of test object 'Object Repository/Page_My courses/div_Course image' was broken. Propose an alternative one: '//*[(text() = '
                Course image
            ' or . = '
                Course image
            ')]'.

2022-01-16 20:44:21 - [MESSAGE][PASSED] - Object: 'Object Repository/Page_My courses/div_Course image' is clicked on

2022-01-16 20:44:21 - [TEST_STEP][PASSED] - click(findTestObject("Object Repository/Page_Course 4/a_Lesson 1")): Object: 'Object Repository/Page_Course 4/a_Lesson 1' is clicked on

2022-01-16 20:44:22 - [MESSAGE][PASSED] - Object: 'Object Repository/Page_Course 4/a_Lesson 1' is clicked on

2022-01-16 20:44:22 - [TEST_STEP][PASSED] - click(findTestObject("Object Repository/Page_4 Lesson 1 Anh le la ai/button_Edit")): Object: 'Object Repository/Page_4 Lesson 1 Anh le la ai/button_Edit' is clicked on

2022-01-16 20:44:54 - [MESSAGE][INFO] - Unable to find the element located by 'By.xpath: //button[@id='single_button61df66d14f59e11']'. Please recheck the objects properties to make sure the desired element is located. 

2022-01-16 20:44:54 - [MESSAGE][WARNING] - [SELF-HEALING] Failed to find element with id 'Object Repository/Page_4 Lesson 1 Anh le la ai/button_Edit'. Try using Self-healing.

2022-01-16 20:44:54 - [MESSAGE][WARNING] - [SELF-HEALING] The current locator of test object 'Object Repository/Page_4 Lesson 1 Anh le la ai/button_Edit' was broken. Propose an alternative one: '(.//*[normalize-space(text()) and normalize-space(.)='Mark as done'])[1]/following::button[1]'.

2022-01-16 20:44:54 - [MESSAGE][PASSED] - Object: 'Object Repository/Page_4 Lesson 1 Anh le la ai/button_Edit' is clicked on

2022-01-16 20:44:54 - [TEST_STEP][PASSED] - click(findTestObject("Object Repository/Page_4 Lesson 1 Edit/i_Next page_icon fa fa-cog fa-fw")): Object: 'Object Repository/Page_4 Lesson 1 Edit/i_Next page_icon fa fa-cog fa-fw' is clicked on

2022-01-16 20:44:55 - [MESSAGE][PASSED] - Object: 'Object Repository/Page_4 Lesson 1 Edit/i_Next page_icon fa fa-cog fa-fw' is clicked on

2022-01-16 20:44:55 - [TEST_STEP][PASSED] - click(findTestObject("Object Repository/Page_4 Lesson 1 Edit/div_Page title")): Object: 'Object Repository/Page_4 Lesson 1 Edit/div_Page title' is clicked on

2022-01-16 20:44:56 - [MESSAGE][PASSED] - Object: 'Object Repository/Page_4 Lesson 1 Edit/div_Page title' is clicked on

2022-01-16 20:44:56 - [TEST_STEP][PASSED] - setText(findTestObject("Object Repository/Page_4 Lesson 1 Edit/input_Page title_title"), "Anh le la ai"): Text 'Anh le la ai' is set on object 'Object Repository/Page_4 Lesson 1 Edit/input_Page title_title'

2022-01-16 20:44:57 - [MESSAGE][PASSED] - Text 'Anh le la ai' is set on object 'Object Repository/Page_4 Lesson 1 Edit/input_Page title_title'

2022-01-16 20:44:57 - [TEST_STEP][PASSED] - click(findTestObject("Object Repository/Page_4 Lesson 1 Edit/input_Score_submitbutton")): Object: 'Object Repository/Page_4 Lesson 1 Edit/input_Score_submitbutton' is clicked on

2022-01-16 20:44:58 - [MESSAGE][PASSED] - Object: 'Object Repository/Page_4 Lesson 1 Edit/input_Score_submitbutton' is clicked on

2022-01-16 20:44:58 - [TEST_STEP][PASSED] - closeBrowser(): Browser is closed

2022-01-16 20:44:59 - [MESSAGE][PASSED] - Browser is closed]]></system-out>
         <system-err><![CDATA[]]></system-err>
      </testcase>
      <testcase name="Test Cases/Lesson/Move a question in a lesson to other page" time="75.215" classname="Test Cases/Lesson/Move a question in a lesson to other page" status="PASSED">
         <system-out><![CDATA[2022-01-16 20:44:59 - [TEST_CASE][PASSED] - Test Cases/Lesson/Move a question in a lesson to other page: Test Cases/Lesson/Move a question in a lesson to other page

2022-01-16 20:44:59 - [TEST_STEP][PASSED] - openBrowser(""): Browser is opened with url: ''

2022-01-16 20:44:59 - [MESSAGE][INFO] - Starting 'Chrome' driver

2022-01-16 20:44:59 - [MESSAGE][INFO] - Action delay is set to 0 milliseconds

2022-01-16 20:45:00 - [MESSAGE][PASSED] - Browser is opened with url: ''

2022-01-16 20:45:00 - [TEST_STEP][PASSED] - navigateToUrl("http://localhost/"): Navigate to 'http://localhost/' successfully

2022-01-16 20:45:01 - [MESSAGE][PASSED] - Navigate to 'http://localhost/' successfully

2022-01-16 20:45:01 - [TEST_STEP][PASSED] - click(findTestObject("Object Repository/Page_L Tm Anh/a_Log in")): Object: 'Object Repository/Page_L Tm Anh/a_Log in' is clicked on

2022-01-16 20:45:01 - [MESSAGE][PASSED] - Object: 'Object Repository/Page_L Tm Anh/a_Log in' is clicked on

2022-01-16 20:45:01 - [TEST_STEP][PASSED] - setEncryptedText(findTestObject("Object Repository/Page_L Tm Anh Log in to the site/input_Password_password"), "eGmz8XUbrLe3vUQiiiujBg=="): Text ****** has been set on object 'Object Repository/Page_L Tm Anh Log in to the site/input_Password_password'

2022-01-16 20:45:02 - [MESSAGE][PASSED] - Text ****** has been set on object 'Object Repository/Page_L Tm Anh Log in to the site/input_Password_password'

2022-01-16 20:45:02 - [TEST_STEP][PASSED] - setText(findTestObject("Object Repository/Page_L Tm Anh Log in to the site/input_Username_username"), "anhle4"): Text 'anhle4' is set on object 'Object Repository/Page_L Tm Anh Log in to the site/input_Username_username'

2022-01-16 20:45:03 - [MESSAGE][PASSED] - Text 'anhle4' is set on object 'Object Repository/Page_L Tm Anh Log in to the site/input_Username_username'

2022-01-16 20:45:03 - [TEST_STEP][PASSED] - click(findTestObject("Object Repository/Page_L Tm Anh Log in to the site/button_Log in")): Object: 'Object Repository/Page_L Tm Anh Log in to the site/button_Log in' is clicked on

2022-01-16 20:45:04 - [MESSAGE][PASSED] - Object: 'Object Repository/Page_L Tm Anh Log in to the site/button_Log in' is clicked on

2022-01-16 20:45:04 - [TEST_STEP][PASSED] - click(findTestObject("Object Repository/Page_Dashboard/a_My courses")): Object: 'Object Repository/Page_Dashboard/a_My courses' is clicked on

2022-01-16 20:45:35 - [MESSAGE][INFO] - Unable to find the element located by 'By.xpath: //ul[@id='moremenu-61e0e36aac914-navbar-nav']/li[3]/a'. Please recheck the objects properties to make sure the desired element is located. 

2022-01-16 20:45:35 - [MESSAGE][WARNING] - [SELF-HEALING] Failed to find element with id 'Object Repository/Page_Dashboard/a_My courses'. Try using Self-healing.

2022-01-16 20:45:35 - [MESSAGE][WARNING] - [SELF-HEALING] The current locator of test object 'Object Repository/Page_Dashboard/a_My courses' was broken. Propose an alternative one: '//a[contains(text(),'My courses')]'.

2022-01-16 20:45:36 - [MESSAGE][PASSED] - Object: 'Object Repository/Page_Dashboard/a_My courses' is clicked on

2022-01-16 20:45:36 - [TEST_STEP][PASSED] - click(findTestObject("Object Repository/Page_My courses/div_Course image")): Object: 'Object Repository/Page_My courses/div_Course image' is clicked on

2022-01-16 20:45:37 - [MESSAGE][PASSED] - Object: 'Object Repository/Page_My courses/div_Course image' is clicked on

2022-01-16 20:45:37 - [TEST_STEP][PASSED] - click(findTestObject("Object Repository/Page_Course 4/a_Lesson 1")): Object: 'Object Repository/Page_Course 4/a_Lesson 1' is clicked on

2022-01-16 20:45:38 - [MESSAGE][PASSED] - Object: 'Object Repository/Page_Course 4/a_Lesson 1' is clicked on

2022-01-16 20:45:38 - [TEST_STEP][PASSED] - click(findTestObject("Object Repository/Page_4 Lesson 1 Anh le la ai/button_Edit")): Object: 'Object Repository/Page_4 Lesson 1 Anh le la ai/button_Edit' is clicked on

2022-01-16 20:46:10 - [MESSAGE][INFO] - Unable to find the element located by 'By.xpath: //button[@id='single_button61df66d14f59e11']'. Please recheck the objects properties to make sure the desired element is located. 

2022-01-16 20:46:10 - [MESSAGE][WARNING] - [SELF-HEALING] Failed to find element with id 'Object Repository/Page_4 Lesson 1 Anh le la ai/button_Edit'. Try using Self-healing.

2022-01-16 20:46:10 - [MESSAGE][WARNING] - [SELF-HEALING] The current locator of test object 'Object Repository/Page_4 Lesson 1 Anh le la ai/button_Edit' was broken. Propose an alternative one: '(.//*[normalize-space(text()) and normalize-space(.)='Mark as done'])[1]/following::button[1]'.

2022-01-16 20:46:10 - [MESSAGE][PASSED] - Object: 'Object Repository/Page_4 Lesson 1 Anh le la ai/button_Edit' is clicked on

2022-01-16 20:46:10 - [TEST_STEP][PASSED] - click(findTestObject("Object Repository/Page_4 Lesson 1 Edit/i_Next page_icon fa fa-arrows-v fa-fw")): Object: 'Object Repository/Page_4 Lesson 1 Edit/i_Next page_icon fa fa-arrows-v fa-fw' is clicked on

2022-01-16 20:46:12 - [MESSAGE][PASSED] - Object: 'Object Repository/Page_4 Lesson 1 Edit/i_Next page_icon fa fa-arrows-v fa-fw' is clicked on

2022-01-16 20:46:12 - [TEST_STEP][PASSED] - click(findTestObject("Object Repository/Page_4 Lesson 1 Moving page Anh le la ai/a_Move page to here")): Object: 'Object Repository/Page_4 Lesson 1 Moving page Anh le la ai/a_Move page to here' is clicked on

2022-01-16 20:46:13 - [MESSAGE][PASSED] - Object: 'Object Repository/Page_4 Lesson 1 Moving page Anh le la ai/a_Move page to here' is clicked on

2022-01-16 20:46:13 - [TEST_STEP][PASSED] - closeBrowser(): Browser is closed

2022-01-16 20:46:14 - [MESSAGE][PASSED] - Browser is closed]]></system-out>
         <system-err><![CDATA[]]></system-err>
      </testcase>
      <testcase name="Test Cases/Lesson/Preview a question in a lesson" time="77.109" classname="Test Cases/Lesson/Preview a question in a lesson" status="PASSED">
         <system-out><![CDATA[2022-01-16 20:46:14 - [TEST_CASE][PASSED] - Test Cases/Lesson/Preview a question in a lesson: Test Cases/Lesson/Preview a question in a lesson

2022-01-16 20:46:14 - [TEST_STEP][PASSED] - openBrowser(""): Browser is opened with url: ''

2022-01-16 20:46:14 - [MESSAGE][INFO] - Starting 'Chrome' driver

2022-01-16 20:46:14 - [MESSAGE][INFO] - Action delay is set to 0 milliseconds

2022-01-16 20:46:15 - [MESSAGE][PASSED] - Browser is opened with url: ''

2022-01-16 20:46:15 - [TEST_STEP][PASSED] - navigateToUrl("http://localhost/"): Navigate to 'http://localhost/' successfully

2022-01-16 20:46:16 - [MESSAGE][PASSED] - Navigate to 'http://localhost/' successfully

2022-01-16 20:46:16 - [TEST_STEP][PASSED] - click(findTestObject("Object Repository/Page_L Tm Anh/a_Log in")): Object: 'Object Repository/Page_L Tm Anh/a_Log in' is clicked on

2022-01-16 20:46:17 - [MESSAGE][PASSED] - Object: 'Object Repository/Page_L Tm Anh/a_Log in' is clicked on

2022-01-16 20:46:17 - [TEST_STEP][PASSED] - setEncryptedText(findTestObject("Object Repository/Page_L Tm Anh Log in to the site/input_Password_password"), "eGmz8XUbrLe3vUQiiiujBg=="): Text ****** has been set on object 'Object Repository/Page_L Tm Anh Log in to the site/input_Password_password'

2022-01-16 20:46:17 - [MESSAGE][PASSED] - Text ****** has been set on object 'Object Repository/Page_L Tm Anh Log in to the site/input_Password_password'

2022-01-16 20:46:17 - [TEST_STEP][PASSED] - setText(findTestObject("Object Repository/Page_L Tm Anh Log in to the site/input_Username_username"), "anhle4"): Text 'anhle4' is set on object 'Object Repository/Page_L Tm Anh Log in to the site/input_Username_username'

2022-01-16 20:46:18 - [MESSAGE][PASSED] - Text 'anhle4' is set on object 'Object Repository/Page_L Tm Anh Log in to the site/input_Username_username'

2022-01-16 20:46:18 - [TEST_STEP][PASSED] - click(findTestObject("Object Repository/Page_L Tm Anh Log in to the site/button_Log in")): Object: 'Object Repository/Page_L Tm Anh Log in to the site/button_Log in' is clicked on

2022-01-16 20:46:19 - [MESSAGE][PASSED] - Object: 'Object Repository/Page_L Tm Anh Log in to the site/button_Log in' is clicked on

2022-01-16 20:46:19 - [TEST_STEP][PASSED] - click(findTestObject("Object Repository/Page_Dashboard/a_My courses")): Object: 'Object Repository/Page_Dashboard/a_My courses' is clicked on

2022-01-16 20:46:50 - [MESSAGE][INFO] - Unable to find the element located by 'By.xpath: //ul[@id='moremenu-61e0e36aac914-navbar-nav']/li[3]/a'. Please recheck the objects properties to make sure the desired element is located. 

2022-01-16 20:46:50 - [MESSAGE][WARNING] - [SELF-HEALING] Failed to find element with id 'Object Repository/Page_Dashboard/a_My courses'. Try using Self-healing.

2022-01-16 20:46:51 - [MESSAGE][WARNING] - [SELF-HEALING] The current locator of test object 'Object Repository/Page_Dashboard/a_My courses' was broken. Propose an alternative one: '//a[contains(text(),'My courses')]'.

2022-01-16 20:46:51 - [MESSAGE][PASSED] - Object: 'Object Repository/Page_Dashboard/a_My courses' is clicked on

2022-01-16 20:46:51 - [TEST_STEP][PASSED] - click(findTestObject("Object Repository/Page_My courses/div_Course image")): Object: 'Object Repository/Page_My courses/div_Course image' is clicked on

2022-01-16 20:46:52 - [MESSAGE][PASSED] - Object: 'Object Repository/Page_My courses/div_Course image' is clicked on

2022-01-16 20:46:52 - [TEST_STEP][PASSED] - click(findTestObject("Object Repository/Page_Course 4/a_Lesson 1")): Object: 'Object Repository/Page_Course 4/a_Lesson 1' is clicked on

2022-01-16 20:46:54 - [MESSAGE][PASSED] - Object: 'Object Repository/Page_Course 4/a_Lesson 1' is clicked on

2022-01-16 20:46:54 - [TEST_STEP][PASSED] - click(findTestObject("Object Repository/Page_4 Lesson 1 Anh le la ai/button_Edit")): Object: 'Object Repository/Page_4 Lesson 1 Anh le la ai/button_Edit' is clicked on

2022-01-16 20:47:25 - [MESSAGE][INFO] - Unable to find the element located by 'By.xpath: //button[@id='single_button61df66d14f59e11']'. Please recheck the objects properties to make sure the desired element is located. 

2022-01-16 20:47:25 - [MESSAGE][WARNING] - [SELF-HEALING] Failed to find element with id 'Object Repository/Page_4 Lesson 1 Anh le la ai/button_Edit'. Try using Self-healing.

2022-01-16 20:47:25 - [MESSAGE][WARNING] - [SELF-HEALING] The current locator of test object 'Object Repository/Page_4 Lesson 1 Anh le la ai/button_Edit' was broken. Propose an alternative one: '(.//*[normalize-space(text()) and normalize-space(.)='Mark as done'])[1]/following::button[1]'.

2022-01-16 20:47:26 - [MESSAGE][PASSED] - Object: 'Object Repository/Page_4 Lesson 1 Anh le la ai/button_Edit' is clicked on

2022-01-16 20:47:26 - [TEST_STEP][PASSED] - click(findTestObject("Object Repository/Page_4 Lesson 1 Edit/i_Next page_icon fa fa-search-plus fa-fw")): Object: 'Object Repository/Page_4 Lesson 1 Edit/i_Next page_icon fa fa-search-plus fa-fw' is clicked on

2022-01-16 20:47:28 - [MESSAGE][PASSED] - Object: 'Object Repository/Page_4 Lesson 1 Edit/i_Next page_icon fa fa-search-plus fa-fw' is clicked on

2022-01-16 20:47:28 - [TEST_STEP][PASSED] - setText(findTestObject("Object Repository/Page_4 Lesson 1 Anh le la ai/div_1"), "<p dir="ltr" style="text-align: left;">1</p>"): Text '<p dir="ltr" style="text-align: left;">1</p>' is set on object 'Object Repository/Page_4 Lesson 1 Anh le la ai/div_1'

2022-01-16 20:47:29 - [MESSAGE][PASSED] - Text '<p dir="ltr" style="text-align: left;">1</p>' is set on object 'Object Repository/Page_4 Lesson 1 Anh le la ai/div_1'

2022-01-16 20:47:29 - [TEST_STEP][PASSED] - click(findTestObject("Object Repository/Page_4 Lesson 1 Anh le la ai/input_Rich text editor_submitbutton")): Object: 'Object Repository/Page_4 Lesson 1 Anh le la ai/input_Rich text editor_submitbutton' is clicked on

2022-01-16 20:47:30 - [MESSAGE][PASSED] - Object: 'Object Repository/Page_4 Lesson 1 Anh le la ai/input_Rich text editor_submitbutton' is clicked on

2022-01-16 20:47:30 - [TEST_STEP][PASSED] - closeBrowser(): Browser is closed

2022-01-16 20:47:31 - [MESSAGE][PASSED] - Browser is closed]]></system-out>
         <system-err><![CDATA[]]></system-err>
      </testcase>
      <testcase name="Test Cases/Lesson/Sent email have graded a lesson to a student" time="74.453" classname="Test Cases/Lesson/Sent email have graded a lesson to a student" status="PASSED">
         <system-out><![CDATA[2022-01-16 20:47:31 - [TEST_CASE][PASSED] - Test Cases/Lesson/Sent email have graded a lesson to a student: Test Cases/Lesson/Sent email have graded a lesson to a student

2022-01-16 20:47:31 - [TEST_STEP][PASSED] - openBrowser(""): Browser is opened with url: ''

2022-01-16 20:47:31 - [MESSAGE][INFO] - Starting 'Chrome' driver

2022-01-16 20:47:31 - [MESSAGE][INFO] - Action delay is set to 0 milliseconds

2022-01-16 20:47:32 - [MESSAGE][PASSED] - Browser is opened with url: ''

2022-01-16 20:47:32 - [TEST_STEP][PASSED] - navigateToUrl("http://localhost/"): Navigate to 'http://localhost/' successfully

2022-01-16 20:47:33 - [MESSAGE][PASSED] - Navigate to 'http://localhost/' successfully

2022-01-16 20:47:33 - [TEST_STEP][PASSED] - click(findTestObject("Object Repository/Page_L Tm Anh/a_Log in")): Object: 'Object Repository/Page_L Tm Anh/a_Log in' is clicked on

2022-01-16 20:47:34 - [MESSAGE][PASSED] - Object: 'Object Repository/Page_L Tm Anh/a_Log in' is clicked on

2022-01-16 20:47:34 - [TEST_STEP][PASSED] - setEncryptedText(findTestObject("Object Repository/Page_L Tm Anh Log in to the site/input_Password_password"), "eGmz8XUbrLe3vUQiiiujBg=="): Text ****** has been set on object 'Object Repository/Page_L Tm Anh Log in to the site/input_Password_password'

2022-01-16 20:47:34 - [MESSAGE][PASSED] - Text ****** has been set on object 'Object Repository/Page_L Tm Anh Log in to the site/input_Password_password'

2022-01-16 20:47:34 - [TEST_STEP][PASSED] - setText(findTestObject("Object Repository/Page_L Tm Anh Log in to the site/input_Username_username"), "anhle6"): Text 'anhle6' is set on object 'Object Repository/Page_L Tm Anh Log in to the site/input_Username_username'

2022-01-16 20:47:35 - [MESSAGE][PASSED] - Text 'anhle6' is set on object 'Object Repository/Page_L Tm Anh Log in to the site/input_Username_username'

2022-01-16 20:47:35 - [TEST_STEP][PASSED] - click(findTestObject("Object Repository/Page_L Tm Anh Log in to the site/button_Log in")): Object: 'Object Repository/Page_L Tm Anh Log in to the site/button_Log in' is clicked on

2022-01-16 20:47:36 - [MESSAGE][PASSED] - Object: 'Object Repository/Page_L Tm Anh Log in to the site/button_Log in' is clicked on

2022-01-16 20:47:36 - [TEST_STEP][PASSED] - click(findTestObject("Object Repository/Page_Dashboard/a_My courses")): Object: 'Object Repository/Page_Dashboard/a_My courses' is clicked on

2022-01-16 20:48:07 - [MESSAGE][INFO] - Unable to find the element located by 'By.xpath: //ul[@id='moremenu-61e0e36aac914-navbar-nav']/li[3]/a'. Please recheck the objects properties to make sure the desired element is located. 

2022-01-16 20:48:07 - [MESSAGE][WARNING] - [SELF-HEALING] Failed to find element with id 'Object Repository/Page_Dashboard/a_My courses'. Try using Self-healing.

2022-01-16 20:48:07 - [MESSAGE][WARNING] - [SELF-HEALING] The current locator of test object 'Object Repository/Page_Dashboard/a_My courses' was broken. Propose an alternative one: '//a[contains(text(),'My courses')]'.

2022-01-16 20:48:08 - [MESSAGE][PASSED] - Object: 'Object Repository/Page_Dashboard/a_My courses' is clicked on

2022-01-16 20:48:08 - [TEST_STEP][PASSED] - click(findTestObject("Object Repository/Page_My courses/div_Course image")): Object: 'Object Repository/Page_My courses/div_Course image' is clicked on

2022-01-16 20:48:09 - [MESSAGE][PASSED] - Object: 'Object Repository/Page_My courses/div_Course image' is clicked on

2022-01-16 20:48:09 - [TEST_STEP][PASSED] - click(findTestObject("Object Repository/Page_Course 5/a_Lesson 5")): Object: 'Object Repository/Page_Course 5/a_Lesson 5' is clicked on

2022-01-16 20:48:11 - [MESSAGE][PASSED] - Object: 'Object Repository/Page_Course 5/a_Lesson 5' is clicked on

2022-01-16 20:48:11 - [TEST_STEP][PASSED] - click(findTestObject("Object Repository/Page_5 Lesson 5 1/button_Grade essays")): Object: 'Object Repository/Page_5 Lesson 5 1/button_Grade essays' is clicked on

2022-01-16 20:48:42 - [MESSAGE][INFO] - Unable to find the element located by 'By.xpath: //button[@id='single_button61df6928268f812']'. Please recheck the objects properties to make sure the desired element is located. 

2022-01-16 20:48:42 - [MESSAGE][WARNING] - [SELF-HEALING] Failed to find element with id 'Object Repository/Page_5 Lesson 5 1/button_Grade essays'. Try using Self-healing.

2022-01-16 20:48:43 - [MESSAGE][WARNING] - [SELF-HEALING] The current locator of test object 'Object Repository/Page_5 Lesson 5 1/button_Grade essays' was broken. Propose an alternative one: '(.//*[normalize-space(text()) and normalize-space(.)='Edit'])[1]/following::button[1]'.

2022-01-16 20:48:43 - [MESSAGE][PASSED] - Object: 'Object Repository/Page_5 Lesson 5 1/button_Grade essays' is clicked on

2022-01-16 20:48:43 - [TEST_STEP][PASSED] - click(findTestObject("Object Repository/Page_5 Lesson 5 Grade essays/a_Email graded essays")): Object: 'Object Repository/Page_5 Lesson 5 Grade essays/a_Email graded essays' is clicked on

2022-01-16 20:48:45 - [MESSAGE][PASSED] - Object: 'Object Repository/Page_5 Lesson 5 Grade essays/a_Email graded essays' is clicked on

2022-01-16 20:48:45 - [TEST_STEP][PASSED] - closeBrowser(): Browser is closed

2022-01-16 20:48:45 - [MESSAGE][PASSED] - Browser is closed]]></system-out>
         <system-err><![CDATA[]]></system-err>
      </testcase>
      <testcase name="Test Cases/Lesson/Sent email have graded essay to all student" time="74.067" classname="Test Cases/Lesson/Sent email have graded essay to all student" status="PASSED">
         <system-out><![CDATA[2022-01-16 20:48:45 - [TEST_CASE][PASSED] - Test Cases/Lesson/Sent email have graded essay to all student: Test Cases/Lesson/Sent email have graded essay to all student

2022-01-16 20:48:46 - [TEST_STEP][PASSED] - openBrowser(""): Browser is opened with url: ''

2022-01-16 20:48:46 - [MESSAGE][INFO] - Starting 'Chrome' driver

2022-01-16 20:48:46 - [MESSAGE][INFO] - Action delay is set to 0 milliseconds

2022-01-16 20:48:47 - [MESSAGE][PASSED] - Browser is opened with url: ''

2022-01-16 20:48:47 - [TEST_STEP][PASSED] - navigateToUrl("http://localhost/"): Navigate to 'http://localhost/' successfully

2022-01-16 20:48:47 - [MESSAGE][PASSED] - Navigate to 'http://localhost/' successfully

2022-01-16 20:48:47 - [TEST_STEP][PASSED] - click(findTestObject("Object Repository/Page_L Tm Anh/a_Log in")): Object: 'Object Repository/Page_L Tm Anh/a_Log in' is clicked on

2022-01-16 20:48:48 - [MESSAGE][PASSED] - Object: 'Object Repository/Page_L Tm Anh/a_Log in' is clicked on

2022-01-16 20:48:48 - [TEST_STEP][PASSED] - setEncryptedText(findTestObject("Object Repository/Page_L Tm Anh Log in to the site/input_Password_password"), "eGmz8XUbrLe3vUQiiiujBg=="): Text ****** has been set on object 'Object Repository/Page_L Tm Anh Log in to the site/input_Password_password'

2022-01-16 20:48:49 - [MESSAGE][PASSED] - Text ****** has been set on object 'Object Repository/Page_L Tm Anh Log in to the site/input_Password_password'

2022-01-16 20:48:49 - [TEST_STEP][PASSED] - setText(findTestObject("Object Repository/Page_L Tm Anh Log in to the site/input_Username_username"), "anhle6"): Text 'anhle6' is set on object 'Object Repository/Page_L Tm Anh Log in to the site/input_Username_username'

2022-01-16 20:48:49 - [MESSAGE][PASSED] - Text 'anhle6' is set on object 'Object Repository/Page_L Tm Anh Log in to the site/input_Username_username'

2022-01-16 20:48:49 - [TEST_STEP][PASSED] - click(findTestObject("Object Repository/Page_L Tm Anh Log in to the site/button_Log in")): Object: 'Object Repository/Page_L Tm Anh Log in to the site/button_Log in' is clicked on

2022-01-16 20:48:50 - [MESSAGE][PASSED] - Object: 'Object Repository/Page_L Tm Anh Log in to the site/button_Log in' is clicked on

2022-01-16 20:48:50 - [TEST_STEP][PASSED] - click(findTestObject("Object Repository/Page_Dashboard/a_My courses")): Object: 'Object Repository/Page_Dashboard/a_My courses' is clicked on

2022-01-16 20:49:22 - [MESSAGE][INFO] - Unable to find the element located by 'By.xpath: //ul[@id='moremenu-61e0e36aac914-navbar-nav']/li[3]/a'. Please recheck the objects properties to make sure the desired element is located. 

2022-01-16 20:49:22 - [MESSAGE][WARNING] - [SELF-HEALING] Failed to find element with id 'Object Repository/Page_Dashboard/a_My courses'. Try using Self-healing.

2022-01-16 20:49:22 - [MESSAGE][WARNING] - [SELF-HEALING] The current locator of test object 'Object Repository/Page_Dashboard/a_My courses' was broken. Propose an alternative one: '//a[contains(text(),'My courses')]'.

2022-01-16 20:49:22 - [MESSAGE][PASSED] - Object: 'Object Repository/Page_Dashboard/a_My courses' is clicked on

2022-01-16 20:49:22 - [TEST_STEP][PASSED] - click(findTestObject("Object Repository/Page_My courses/div_Course image")): Object: 'Object Repository/Page_My courses/div_Course image' is clicked on

2022-01-16 20:49:24 - [MESSAGE][PASSED] - Object: 'Object Repository/Page_My courses/div_Course image' is clicked on

2022-01-16 20:49:24 - [TEST_STEP][PASSED] - click(findTestObject("Object Repository/Page_Course 5/a_Lesson 5")): Object: 'Object Repository/Page_Course 5/a_Lesson 5' is clicked on

2022-01-16 20:49:25 - [MESSAGE][PASSED] - Object: 'Object Repository/Page_Course 5/a_Lesson 5' is clicked on

2022-01-16 20:49:25 - [TEST_STEP][PASSED] - click(findTestObject("Object Repository/Page_5 Lesson 5 1/button_Grade essays")): Object: 'Object Repository/Page_5 Lesson 5 1/button_Grade essays' is clicked on

2022-01-16 20:49:57 - [MESSAGE][INFO] - Unable to find the element located by 'By.xpath: //button[@id='single_button61df6928268f812']'. Please recheck the objects properties to make sure the desired element is located. 

2022-01-16 20:49:57 - [MESSAGE][WARNING] - [SELF-HEALING] Failed to find element with id 'Object Repository/Page_5 Lesson 5 1/button_Grade essays'. Try using Self-healing.

2022-01-16 20:49:57 - [MESSAGE][WARNING] - [SELF-HEALING] The current locator of test object 'Object Repository/Page_5 Lesson 5 1/button_Grade essays' was broken. Propose an alternative one: '(.//*[normalize-space(text()) and normalize-space(.)='Edit'])[1]/following::button[1]'.

2022-01-16 20:49:57 - [MESSAGE][PASSED] - Object: 'Object Repository/Page_5 Lesson 5 1/button_Grade essays' is clicked on

2022-01-16 20:49:57 - [TEST_STEP][PASSED] - click(findTestObject("Object Repository/Page_5 Lesson 5 Grade essays/a_Email ALL graded essays")): Object: 'Object Repository/Page_5 Lesson 5 Grade essays/a_Email ALL graded essays' is clicked on

2022-01-16 20:49:59 - [MESSAGE][PASSED] - Object: 'Object Repository/Page_5 Lesson 5 Grade essays/a_Email ALL graded essays' is clicked on

2022-01-16 20:49:59 - [TEST_STEP][PASSED] - closeBrowser(): Browser is closed

2022-01-16 20:50:00 - [MESSAGE][PASSED] - Browser is closed]]></system-out>
         <system-err><![CDATA[]]></system-err>
      </testcase>
      <testcase name="Test Cases/I2/View grade of list course" time="7.557" classname="Test Cases/I2/View grade of list course" status="PASSED">
         <system-out><![CDATA[2022-01-16 20:50:00 - [TEST_CASE][PASSED] - Test Cases/I2/View grade of list course: Test Cases/I2/View grade of list course

2022-01-16 20:50:00 - [TEST_STEP][PASSED] - openBrowser(""): Browser is opened with url: ''

2022-01-16 20:50:00 - [MESSAGE][INFO] - Starting 'Chrome' driver

2022-01-16 20:50:00 - [MESSAGE][INFO] - Action delay is set to 0 milliseconds

2022-01-16 20:50:01 - [MESSAGE][PASSED] - Browser is opened with url: ''

2022-01-16 20:50:01 - [TEST_STEP][PASSED] - navigateToUrl("http://localhost/"): Navigate to 'http://localhost/' successfully

2022-01-16 20:50:01 - [MESSAGE][PASSED] - Navigate to 'http://localhost/' successfully

2022-01-16 20:50:01 - [TEST_STEP][PASSED] - click(findTestObject("Object Repository/Page_L Tm Anh/a_Log in")): Object: 'Object Repository/Page_L Tm Anh/a_Log in' is clicked on

2022-01-16 20:50:02 - [MESSAGE][PASSED] - Object: 'Object Repository/Page_L Tm Anh/a_Log in' is clicked on

2022-01-16 20:50:02 - [TEST_STEP][PASSED] - setText(findTestObject("Object Repository/Page_L Tm Anh Log in to the site/input_Username_username"), "anhle2"): Text 'anhle2' is set on object 'Object Repository/Page_L Tm Anh Log in to the site/input_Username_username'

2022-01-16 20:50:03 - [MESSAGE][PASSED] - Text 'anhle2' is set on object 'Object Repository/Page_L Tm Anh Log in to the site/input_Username_username'

2022-01-16 20:50:03 - [TEST_STEP][PASSED] - setEncryptedText(findTestObject("Object Repository/Page_L Tm Anh Log in to the site/input_Password_password"), "eGmz8XUbrLe3vUQiiiujBg=="): Text ****** has been set on object 'Object Repository/Page_L Tm Anh Log in to the site/input_Password_password'

2022-01-16 20:50:04 - [MESSAGE][PASSED] - Text ****** has been set on object 'Object Repository/Page_L Tm Anh Log in to the site/input_Password_password'

2022-01-16 20:50:04 - [TEST_STEP][PASSED] - click(findTestObject("Object Repository/Page_L Tm Anh Log in to the site/button_Log in")): Object: 'Object Repository/Page_L Tm Anh Log in to the site/button_Log in' is clicked on

2022-01-16 20:50:05 - [MESSAGE][PASSED] - Object: 'Object Repository/Page_L Tm Anh Log in to the site/button_Log in' is clicked on

2022-01-16 20:50:05 - [TEST_STEP][PASSED] - click(findTestObject("Object Repository/Page_Dashboard/a_T1")): Object: 'Object Repository/Page_Dashboard/a_T1' is clicked on

2022-01-16 20:50:05 - [MESSAGE][PASSED] - Object: 'Object Repository/Page_Dashboard/a_T1' is clicked on

2022-01-16 20:50:05 - [TEST_STEP][PASSED] - click(findTestObject("Object Repository/Page_Dashboard/a_Grades")): Object: 'Object Repository/Page_Dashboard/a_Grades' is clicked on

2022-01-16 20:50:06 - [MESSAGE][PASSED] - Object: 'Object Repository/Page_Dashboard/a_Grades' is clicked on

2022-01-16 20:50:06 - [TEST_STEP][PASSED] - closeBrowser(): Browser is closed

2022-01-16 20:50:07 - [MESSAGE][PASSED] - Browser is closed]]></system-out>
         <system-err><![CDATA[]]></system-err>
      </testcase>
      <testcase name="Test Cases/I2/Teacher view grade of a course" time="9.585" classname="Test Cases/I2/Teacher view grade of a course" status="PASSED">
         <system-out><![CDATA[2022-01-16 20:50:07 - [TEST_CASE][PASSED] - Test Cases/I2/Teacher view grade of a course: Test Cases/I2/Teacher view grade of a course

2022-01-16 20:50:07 - [TEST_STEP][PASSED] - openBrowser(""): Browser is opened with url: ''

2022-01-16 20:50:07 - [MESSAGE][INFO] - Starting 'Chrome' driver

2022-01-16 20:50:07 - [MESSAGE][INFO] - Action delay is set to 0 milliseconds

2022-01-16 20:50:09 - [MESSAGE][PASSED] - Browser is opened with url: ''

2022-01-16 20:50:09 - [TEST_STEP][PASSED] - navigateToUrl("http://localhost/"): Navigate to 'http://localhost/' successfully

2022-01-16 20:50:09 - [MESSAGE][PASSED] - Navigate to 'http://localhost/' successfully

2022-01-16 20:50:09 - [TEST_STEP][PASSED] - click(findTestObject("Object Repository/Page_L Tm Anh/a_Log in")): Object: 'Object Repository/Page_L Tm Anh/a_Log in' is clicked on

2022-01-16 20:50:10 - [MESSAGE][PASSED] - Object: 'Object Repository/Page_L Tm Anh/a_Log in' is clicked on

2022-01-16 20:50:10 - [TEST_STEP][PASSED] - setText(findTestObject("Object Repository/Page_L Tm Anh Log in to the site/input_Username_username"), "admin"): Text 'admin' is set on object 'Object Repository/Page_L Tm Anh Log in to the site/input_Username_username'

2022-01-16 20:50:11 - [MESSAGE][PASSED] - Text 'admin' is set on object 'Object Repository/Page_L Tm Anh Log in to the site/input_Username_username'

2022-01-16 20:50:11 - [TEST_STEP][PASSED] - setEncryptedText(findTestObject("Object Repository/Page_L Tm Anh Log in to the site/input_Password_password"), "eGmz8XUbrLe3vUQiiiujBg=="): Text ****** has been set on object 'Object Repository/Page_L Tm Anh Log in to the site/input_Password_password'

2022-01-16 20:50:11 - [MESSAGE][PASSED] - Text ****** has been set on object 'Object Repository/Page_L Tm Anh Log in to the site/input_Password_password'

2022-01-16 20:50:11 - [TEST_STEP][PASSED] - click(findTestObject("Object Repository/Page_L Tm Anh Log in to the site/button_Log in")): Object: 'Object Repository/Page_L Tm Anh Log in to the site/button_Log in' is clicked on

2022-01-16 20:50:13 - [MESSAGE][PASSED] - Object: 'Object Repository/Page_L Tm Anh Log in to the site/button_Log in' is clicked on

2022-01-16 20:50:13 - [TEST_STEP][PASSED] - click(findTestObject("Object Repository/Page_Dashboard/a_AU")): Object: 'Object Repository/Page_Dashboard/a_AU' is clicked on

2022-01-16 20:50:14 - [MESSAGE][PASSED] - Object: 'Object Repository/Page_Dashboard/a_AU' is clicked on

2022-01-16 20:50:14 - [TEST_STEP][PASSED] - click(findTestObject("Object Repository/Page_Dashboard/a_Grades")): Object: 'Object Repository/Page_Dashboard/a_Grades' is clicked on

2022-01-16 20:50:14 - [MESSAGE][PASSED] - Object: 'Object Repository/Page_Dashboard/a_Grades' is clicked on

2022-01-16 20:50:14 - [TEST_STEP][PASSED] - click(findTestObject("Object Repository/Page_Grades - Admin User/a_1")): Object: 'Object Repository/Page_Grades - Admin User/a_1' is clicked on

2022-01-16 20:50:16 - [MESSAGE][PASSED] - Object: 'Object Repository/Page_Grades - Admin User/a_1' is clicked on

2022-01-16 20:50:16 - [TEST_STEP][PASSED] - closeBrowser(): Browser is closed

2022-01-16 20:50:17 - [MESSAGE][PASSED] - Browser is closed]]></system-out>
         <system-err><![CDATA[]]></system-err>
      </testcase>
      <testcase name="Test Cases/I2/Student view grade of a course" time="8.91" classname="Test Cases/I2/Student view grade of a course" status="PASSED">
         <system-out><![CDATA[2022-01-16 20:50:17 - [TEST_CASE][PASSED] - Test Cases/I2/Student view grade of a course: Test Cases/I2/Student view grade of a course

2022-01-16 20:50:17 - [TEST_STEP][PASSED] - openBrowser(""): Browser is opened with url: ''

2022-01-16 20:50:17 - [MESSAGE][INFO] - Starting 'Chrome' driver

2022-01-16 20:50:17 - [MESSAGE][INFO] - Action delay is set to 0 milliseconds

2022-01-16 20:50:18 - [MESSAGE][PASSED] - Browser is opened with url: ''

2022-01-16 20:50:18 - [TEST_STEP][PASSED] - navigateToUrl("http://localhost/"): Navigate to 'http://localhost/' successfully

2022-01-16 20:50:19 - [MESSAGE][PASSED] - Navigate to 'http://localhost/' successfully

2022-01-16 20:50:19 - [TEST_STEP][PASSED] - click(findTestObject("Object Repository/Page_L Tm Anh/a_Log in")): Object: 'Object Repository/Page_L Tm Anh/a_Log in' is clicked on

2022-01-16 20:50:19 - [MESSAGE][PASSED] - Object: 'Object Repository/Page_L Tm Anh/a_Log in' is clicked on

2022-01-16 20:50:19 - [TEST_STEP][PASSED] - setText(findTestObject("Object Repository/Page_L Tm Anh Log in to the site/input_Username_username"), "anhle2"): Text 'anhle2' is set on object 'Object Repository/Page_L Tm Anh Log in to the site/input_Username_username'

2022-01-16 20:50:20 - [MESSAGE][PASSED] - Text 'anhle2' is set on object 'Object Repository/Page_L Tm Anh Log in to the site/input_Username_username'

2022-01-16 20:50:20 - [TEST_STEP][PASSED] - click(findTestObject("Object Repository/Page_L Tm Anh Log in to the site/form_Username                              _635ab4")): Object: 'Object Repository/Page_L Tm Anh Log in to the site/form_Username                              _635ab4' is clicked on

2022-01-16 20:50:20 - [MESSAGE][PASSED] - Object: 'Object Repository/Page_L Tm Anh Log in to the site/form_Username                              _635ab4' is clicked on

2022-01-16 20:50:20 - [TEST_STEP][PASSED] - setEncryptedText(findTestObject("Object Repository/Page_L Tm Anh Log in to the site/input_Password_password"), "eGmz8XUbrLe3vUQiiiujBg=="): Text ****** has been set on object 'Object Repository/Page_L Tm Anh Log in to the site/input_Password_password'

2022-01-16 20:50:21 - [MESSAGE][PASSED] - Text ****** has been set on object 'Object Repository/Page_L Tm Anh Log in to the site/input_Password_password'

2022-01-16 20:50:21 - [TEST_STEP][PASSED] - click(findTestObject("Object Repository/Page_L Tm Anh Log in to the site/button_Log in")): Object: 'Object Repository/Page_L Tm Anh Log in to the site/button_Log in' is clicked on

2022-01-16 20:50:22 - [MESSAGE][PASSED] - Object: 'Object Repository/Page_L Tm Anh Log in to the site/button_Log in' is clicked on

2022-01-16 20:50:22 - [TEST_STEP][PASSED] - click(findTestObject("Object Repository/Page_Dashboard/a_T1")): Object: 'Object Repository/Page_Dashboard/a_T1' is clicked on

2022-01-16 20:50:23 - [MESSAGE][PASSED] - Object: 'Object Repository/Page_Dashboard/a_T1' is clicked on

2022-01-16 20:50:23 - [TEST_STEP][PASSED] - click(findTestObject("Object Repository/Page_Dashboard/a_Grades")): Object: 'Object Repository/Page_Dashboard/a_Grades' is clicked on

2022-01-16 20:50:24 - [MESSAGE][PASSED] - Object: 'Object Repository/Page_Dashboard/a_Grades' is clicked on

2022-01-16 20:50:24 - [TEST_STEP][PASSED] - click(findTestObject("Object Repository/Page_Grades - Thien 1/a_1")): Object: 'Object Repository/Page_Grades - Thien 1/a_1' is clicked on

2022-01-16 20:50:25 - [MESSAGE][PASSED] - Object: 'Object Repository/Page_Grades - Thien 1/a_1' is clicked on

2022-01-16 20:50:25 - [TEST_STEP][PASSED] - closeBrowser(): Browser is closed

2022-01-16 20:50:26 - [MESSAGE][PASSED] - Browser is closed]]></system-out>
         <system-err><![CDATA[]]></system-err>
      </testcase>
      <system-out><![CDATA[2022-01-16 19:05:17 - [TEST_SUITE][FAILED] - Run all test cases: Test Cases/I1/Create a event category type (event button) FAILED.
Reason:
com.kms.katalon.core.exception.StepFailedException: Unable to set text '10' of object 'Object Repository/Page_Dashboard/input_Event title_name'
	at com.kms.katalon.core.webui.keyword.internal.WebUIKeywordMain.stepFailed(WebUIKeywordMain.groovy:64)
	at com.kms.katalon.core.webui.keyword.internal.WebUIKeywordMain.runKeyword(WebUIKeywordMain.groovy:26)
	at com.kms.katalon.core.webui.keyword.builtin.SetTextKeyword.setText(SetTextKeyword.groovy:66)
	at com.kms.katalon.core.webui.keyword.builtin.SetTextKeyword.execute(SetTextKeyword.groovy:37)
	at com.kms.katalon.core.keyword.internal.KeywordExecutor.executeKeywordForPlatform(KeywordExecutor.groovy:74)
	at com.kms.katalon.core.webui.keyword.WebUiBuiltInKeywords.setText(WebUiBuiltInKeywords.groovy:980)
	at com.kms.katalon.core.webui.keyword.WebUiBuiltInKeywords$setText$2.call(Unknown Source)
	at Create a event category type (event button).run(Create a event category type (event button):34)
	at com.kms.katalon.core.main.ScriptEngine.run(ScriptEngine.java:194)
	at com.kms.katalon.core.main.ScriptEngine.runScriptAsRawText(ScriptEngine.java:119)
	at com.kms.katalon.core.main.TestCaseExecutor.runScript(TestCaseExecutor.java:442)
	at com.kms.katalon.core.main.TestCaseExecutor.doExecute(TestCaseExecutor.java:433)
	at com.kms.katalon.core.main.TestCaseExecutor.processExecutionPhase(TestCaseExecutor.java:412)
	at com.kms.katalon.core.main.TestCaseExecutor.accessMainPhase(TestCaseExecutor.java:404)
	at com.kms.katalon.core.main.TestCaseExecutor.execute(TestCaseExecutor.java:281)
	at com.kms.katalon.core.main.TestSuiteExecutor.accessTestCaseMainPhase(TestSuiteExecutor.java:202)
	at com.kms.katalon.core.main.TestSuiteExecutor.accessTestSuiteMainPhase(TestSuiteExecutor.java:164)
	at com.kms.katalon.core.main.TestSuiteExecutor.execute(TestSuiteExecutor.java:105)
	at com.kms.katalon.core.main.TestCaseMain.startTestSuite(TestCaseMain.java:181)
	at com.kms.katalon.core.main.TestCaseMain$startTestSuite$0.call(Unknown Source)
	at TempTestSuite1642334705478.run(TempTestSuite1642334705478.groovy:36)
Caused by: com.kms.katalon.core.webui.exception.WebElementNotFoundException: Web element with id: 'Object Repository/Page_Dashboard/input_Event title_name' located by '//input[@id='id_name']' not found
	at com.kms.katalon.core.webui.common.WebUiCommonHelper.findWebElement(WebUiCommonHelper.java:1368)
	at com.kms.katalon.core.webui.keyword.internal.WebUIAbstractKeyword.findWebElement(WebUIAbstractKeyword.groovy:27)
	at com.kms.katalon.core.webui.keyword.internal.WebUIAbstractKeyword.findWebElement(WebUIAbstractKeyword.groovy:26)
	at com.kms.katalon.core.webui.keyword.builtin.SetTextKeyword$_setText_closure1.doCall(SetTextKeyword.groovy:51)
	at com.kms.katalon.core.webui.keyword.builtin.SetTextKeyword$_setText_closure1.call(SetTextKeyword.groovy)
	at com.kms.katalon.core.webui.keyword.internal.WebUIKeywordMain.runKeyword(WebUIKeywordMain.groovy:20)
	... 19 more]]></system-out>
      <system-err><![CDATA[2022-01-16 19:05:17 - [TEST_SUITE][FAILED] - Run all test cases: Test Cases/I1/Create a event category type (event button) FAILED.
Reason:
com.kms.katalon.core.exception.StepFailedException: Unable to set text '10' of object 'Object Repository/Page_Dashboard/input_Event title_name'
	at com.kms.katalon.core.webui.keyword.internal.WebUIKeywordMain.stepFailed(WebUIKeywordMain.groovy:64)
	at com.kms.katalon.core.webui.keyword.internal.WebUIKeywordMain.runKeyword(WebUIKeywordMain.groovy:26)
	at com.kms.katalon.core.webui.keyword.builtin.SetTextKeyword.setText(SetTextKeyword.groovy:66)
	at com.kms.katalon.core.webui.keyword.builtin.SetTextKeyword.execute(SetTextKeyword.groovy:37)
	at com.kms.katalon.core.keyword.internal.KeywordExecutor.executeKeywordForPlatform(KeywordExecutor.groovy:74)
	at com.kms.katalon.core.webui.keyword.WebUiBuiltInKeywords.setText(WebUiBuiltInKeywords.groovy:980)
	at com.kms.katalon.core.webui.keyword.WebUiBuiltInKeywords$setText$2.call(Unknown Source)
	at Create a event category type (event button).run(Create a event category type (event button):34)
	at com.kms.katalon.core.main.ScriptEngine.run(ScriptEngine.java:194)
	at com.kms.katalon.core.main.ScriptEngine.runScriptAsRawText(ScriptEngine.java:119)
	at com.kms.katalon.core.main.TestCaseExecutor.runScript(TestCaseExecutor.java:442)
	at com.kms.katalon.core.main.TestCaseExecutor.doExecute(TestCaseExecutor.java:433)
	at com.kms.katalon.core.main.TestCaseExecutor.processExecutionPhase(TestCaseExecutor.java:412)
	at com.kms.katalon.core.main.TestCaseExecutor.accessMainPhase(TestCaseExecutor.java:404)
	at com.kms.katalon.core.main.TestCaseExecutor.execute(TestCaseExecutor.java:281)
	at com.kms.katalon.core.main.TestSuiteExecutor.accessTestCaseMainPhase(TestSuiteExecutor.java:202)
	at com.kms.katalon.core.main.TestSuiteExecutor.accessTestSuiteMainPhase(TestSuiteExecutor.java:164)
	at com.kms.katalon.core.main.TestSuiteExecutor.execute(TestSuiteExecutor.java:105)
	at com.kms.katalon.core.main.TestCaseMain.startTestSuite(TestCaseMain.java:181)
	at com.kms.katalon.core.main.TestCaseMain$startTestSuite$0.call(Unknown Source)
	at TempTestSuite1642334705478.run(TempTestSuite1642334705478.groovy:36)
Caused by: com.kms.katalon.core.webui.exception.WebElementNotFoundException: Web element with id: 'Object Repository/Page_Dashboard/input_Event title_name' located by '//input[@id='id_name']' not found
	at com.kms.katalon.core.webui.common.WebUiCommonHelper.findWebElement(WebUiCommonHelper.java:1368)
	at com.kms.katalon.core.webui.keyword.internal.WebUIAbstractKeyword.findWebElement(WebUIAbstractKeyword.groovy:27)
	at com.kms.katalon.core.webui.keyword.internal.WebUIAbstractKeyword.findWebElement(WebUIAbstractKeyword.groovy:26)
	at com.kms.katalon.core.webui.keyword.builtin.SetTextKeyword$_setText_closure1.doCall(SetTextKeyword.groovy:51)
	at com.kms.katalon.core.webui.keyword.builtin.SetTextKeyword$_setText_closure1.call(SetTextKeyword.groovy)
	at com.kms.katalon.core.webui.keyword.internal.WebUIKeywordMain.runKeyword(WebUIKeywordMain.groovy:20)
	... 19 more]]></system-err>
   </testsuite>
</testsuites>
