<?xml version="1.0" encoding="UTF-8"?>
<testsuites name="Run all test cases" time="5222.907" tests="40" failures="11" errors="0">
   <testsuite name="Run all test cases" tests="40" failures="11" errors="0" time="5222.907" skipped="0" timestamp="2022-01-14 10:03:00" hostname="antra - DESKTOP-5O7CBM9" id="Test Suites/Run all test cases">
      <properties>
         <property name="deviceName" value=""/>
         <property name="devicePlatform" value=""/>
         <property name="logFolder" value="C:\\Users\\antra\\git\\SE-Bonus\\Reports\\20220114_100257\\Run all test cases\\20220114_100257"/>
         <property name="logFiles" value="C:\\Users\\antra\\git\\SE-Bonus\\Reports\\20220114_100257\\Run all test cases\\20220114_100257\\execution0.log"/>
         <property name="attachments" value="C:\\Users\\antra\\git\\SE-Bonus\\Reports\\20220114_100257\\Run all test cases\\20220114_100257\\1642129454404.png, C:\\Users\\antra\\git\\SE-Bonus\\Reports\\20220114_100257\\Run all test cases\\20220114_100257\\1642129528229.png, C:\\Users\\antra\\git\\SE-Bonus\\Reports\\20220114_100257\\Run all test cases\\20220114_100257\\1642129598354.png, C:\\Users\\antra\\git\\SE-Bonus\\Reports\\20220114_100257\\Run all test cases\\20220114_100257\\1642129668214.png, C:\\Users\\antra\\git\\SE-Bonus\\Reports\\20220114_100257\\Run all test cases\\20220114_100257\\1642129741039.png, C:\\Users\\antra\\git\\SE-Bonus\\Reports\\20220114_100257\\Run all test cases\\20220114_100257\\1642129812584.png, C:\\Users\\antra\\git\\SE-Bonus\\Reports\\20220114_100257\\Run all test cases\\20220114_100257\\1642129884119.png, C:\\Users\\antra\\git\\SE-Bonus\\Reports\\20220114_100257\\Run all test cases\\20220114_100257\\1642129956001.png, C:\\Users\\antra\\git\\SE-Bonus\\Reports\\20220114_100257\\Run all test cases\\20220114_100257\\1642129995206.png, C:\\Users\\antra\\git\\SE-Bonus\\Reports\\20220114_100257\\Run all test cases\\20220114_100257\\1642130033733.png, C:\\Users\\antra\\git\\SE-Bonus\\Reports\\20220114_100257\\Run all test cases\\20220114_100257\\1642130072141.png, C:\\Users\\antra\\git\\SE-Bonus\\Reports\\20220114_100257\\Run all test cases\\20220114_100257\\1642130110900.png, C:\\Users\\antra\\git\\SE-Bonus\\Reports\\20220114_100257\\Run all test cases\\20220114_100257\\1642130148394.png, C:\\Users\\antra\\git\\SE-Bonus\\Reports\\20220114_100257\\Run all test cases\\20220114_100257\\1642130185553.png, C:\\Users\\antra\\git\\SE-Bonus\\Reports\\20220114_100257\\Run all test cases\\20220114_100257\\1642130222909.png, C:\\Users\\antra\\git\\SE-Bonus\\Reports\\20220114_100257\\Run all test cases\\20220114_100257\\1642130259979.png, C:\\Users\\antra\\git\\SE-Bonus\\Reports\\20220114_100257\\Run all test cases\\20220114_100257\\1642130298617.png, C:\\Users\\antra\\git\\SE-Bonus\\Reports\\20220114_100257\\Run all test cases\\20220114_100257\\1642130337403.png, C:\\Users\\antra\\git\\SE-Bonus\\Reports\\20220114_100257\\Run all test cases\\20220114_100257\\1642130376167.png, C:\\Users\\antra\\git\\SE-Bonus\\Reports\\20220114_100257\\Run all test cases\\20220114_100257\\1642130414954.png, C:\\Users\\antra\\git\\SE-Bonus\\Reports\\20220114_100257\\Run all test cases\\20220114_100257\\1642130452448.png, C:\\Users\\antra\\git\\SE-Bonus\\Reports\\20220114_100257\\Run all test cases\\20220114_100257\\1642130489573.png, C:\\Users\\antra\\git\\SE-Bonus\\Reports\\20220114_100257\\Run all test cases\\20220114_100257\\1642130526876.png, C:\\Users\\antra\\git\\SE-Bonus\\Reports\\20220114_100257\\Run all test cases\\20220114_100257\\1642130563997.png, C:\\Users\\antra\\git\\SE-Bonus\\Reports\\20220114_100257\\Run all test cases\\20220114_100257\\1642130601247.png, C:\\Users\\antra\\git\\SE-Bonus\\Reports\\20220114_100257\\Run all test cases\\20220114_100257\\1642130638256.png, C:\\Users\\antra\\git\\SE-Bonus\\Reports\\20220114_100257\\Run all test cases\\20220114_100257\\1642130675632.png, C:\\Users\\antra\\git\\SE-Bonus\\Reports\\20220114_100257\\Run all test cases\\20220114_100257\\1642130712657.png, C:\\Users\\antra\\git\\SE-Bonus\\Reports\\20220114_100257\\Run all test cases\\20220114_100257\\1642130751528.png, C:\\Users\\antra\\git\\SE-Bonus\\Reports\\20220114_100257\\Run all test cases\\20220114_100257\\1642130790101.png, C:\\Users\\antra\\git\\SE-Bonus\\Reports\\20220114_100257\\Run all test cases\\20220114_100257\\1642130828964.png, C:\\Users\\antra\\git\\SE-Bonus\\Reports\\20220114_100257\\Run all test cases\\20220114_100257\\1642130867788.png, C:\\Users\\antra\\git\\SE-Bonus\\Reports\\20220114_100257\\Run all test cases\\20220114_100257\\1642130907350.png, C:\\Users\\antra\\git\\SE-Bonus\\Reports\\20220114_100257\\Run all test cases\\20220114_100257\\1642130946546.png, C:\\Users\\antra\\git\\SE-Bonus\\Reports\\20220114_100257\\Run all test cases\\20220114_100257\\1642130985626.png, C:\\Users\\antra\\git\\SE-Bonus\\Reports\\20220114_100257\\Run all test cases\\20220114_100257\\1642131024486.png, C:\\Users\\antra\\git\\SE-Bonus\\Reports\\20220114_100257\\Run all test cases\\20220114_100257\\1642131062103.png, C:\\Users\\antra\\git\\SE-Bonus\\Reports\\20220114_100257\\Run all test cases\\20220114_100257\\1642131099103.png, C:\\Users\\antra\\git\\SE-Bonus\\Reports\\20220114_100257\\Run all test cases\\20220114_100257\\1642131136051.png, C:\\Users\\antra\\git\\SE-Bonus\\Reports\\20220114_100257\\Run all test cases\\20220114_100257\\1642131172871.png, C:\\Users\\antra\\git\\SE-Bonus\\Reports\\20220114_100257\\Run all test cases\\20220114_100257\\1642131242210.png, C:\\Users\\antra\\git\\SE-Bonus\\Reports\\20220114_100257\\Run all test cases\\20220114_100257\\1642131311678.png, C:\\Users\\antra\\git\\SE-Bonus\\Reports\\20220114_100257\\Run all test cases\\20220114_100257\\1642131380781.png, C:\\Users\\antra\\git\\SE-Bonus\\Reports\\20220114_100257\\Run all test cases\\20220114_100257\\1642131450313.png"/>
         <property name="hostName" value="antra - DESKTOP-5O7CBM9"/>
         <property name="os" value="Windows 10 64bit"/>
         <property name="katalonVersion" value="8.2.0.208"/>
         <property name="browser" value="Chrome 97.0.4692.71"/>
         <property name="hostAddress" value="192.168.16.1"/>
         <property name="sessionId" value="a6e8960e1ae1c601077f0383e7dcc18d"/>
         <property name="seleniumVersion" value="3.141.59"/>
         <property name="proxyInformation" value="ProxyInformation { proxyOption=NO_PROXY, proxyServerType=HTTP, username=, password=********, proxyServerAddress=, proxyServerPort=0, executionList=&quot;&quot;, isApplyToDesiredCapabilities=true }"/>
         <property name="platform" value="Windows 10"/>
      </properties>
      <testcase name="Test Cases/Chat/Chat starred" time="69.869" classname="Test Cases/Chat/Chat starred" status="FAILED">
         <failure type="FAILED" message="Test Cases/Chat/Chat starred FAILED.
Reason:
com.kms.katalon.core.exception.StepFailedException: Unable to click on object 'Object Repository/Page_Dashboard/div_L CDE'
	at com.kms.katalon.core.webui.keyword.internal.WebUIKeywordMain.stepFailed(WebUIKeywordMain.groovy:64)
	at com.kms.katalon.core.webui.keyword.internal.WebUIKeywordMain.runKeyword(WebUIKeywordMain.groovy:26)
	at com.kms.katalon.core.webui.keyword.builtin.ClickKeyword.click(ClickKeyword.groovy:74)
	at com.kms.katalon.core.webui.keyword.builtin.ClickKeyword.execute(ClickKeyword.groovy:40)
	at com.kms.katalon.core.keyword.internal.KeywordExecutor.executeKeywordForPlatform(KeywordExecutor.groovy:74)
	at com.kms.katalon.core.webui.keyword.WebUiBuiltInKeywords.click(WebUiBuiltInKeywords.groovy:620)
	at com.kms.katalon.core.webui.keyword.WebUiBuiltInKeywords$click$1.call(Unknown Source)
	at Chat starred.run(Chat starred:34)
	at com.kms.katalon.core.main.ScriptEngine.run(ScriptEngine.java:194)
	at com.kms.katalon.core.main.ScriptEngine.runScriptAsRawText(ScriptEngine.java:119)
	at com.kms.katalon.core.main.TestCaseExecutor.runScript(TestCaseExecutor.java:442)
	at com.kms.katalon.core.main.TestCaseExecutor.doExecute(TestCaseExecutor.java:433)
	at com.kms.katalon.core.main.TestCaseExecutor.processExecutionPhase(TestCaseExecutor.java:412)
	at com.kms.katalon.core.main.TestCaseExecutor.accessMainPhase(TestCaseExecutor.java:404)
	at com.kms.katalon.core.main.TestCaseExecutor.execute(TestCaseExecutor.java:281)
	at com.kms.katalon.core.main.TestCaseExecutor.execute(TestCaseExecutor.java:363)
	at com.kms.katalon.core.main.TestCaseExecutor.execute(TestCaseExecutor.java:363)
	at com.kms.katalon.core.main.TestCaseExecutor.execute(TestCaseExecutor.java:363)
	at com.kms.katalon.core.main.TestSuiteExecutor.accessTestCaseMainPhase(TestSuiteExecutor.java:202)
	at com.kms.katalon.core.main.TestSuiteExecutor.accessTestSuiteMainPhase(TestSuiteExecutor.java:164)
	at com.kms.katalon.core.main.TestSuiteExecutor.execute(TestSuiteExecutor.java:105)
	at com.kms.katalon.core.main.TestCaseMain.startTestSuite(TestCaseMain.java:181)
	at com.kms.katalon.core.main.TestCaseMain$startTestSuite$0.call(Unknown Source)
	at TempTestSuite1642129377811.run(TempTestSuite1642129377811.groovy:36)
Caused by: org.openqa.selenium.ElementNotInteractableException: element not interactable
  (Session info: chrome=97.0.4692.71)
Build info: version: '3.141.59', revision: 'e82be7d358', time: '2018-11-14T08:25:53'
System info: host: 'DESKTOP-5O7CBM9', ip: '192.168.16.1', os.name: 'Windows 10', os.arch: 'amd64', os.version: '10.0', java.version: '1.8.0_282'
Driver info: com.kms.katalon.selenium.driver.CChromeDriver
Capabilities {acceptInsecureCerts: false, browserName: chrome, browserVersion: 97.0.4692.71, chrome: {chromedriverVersion: 97.0.4692.71 (adefa7837d02a..., userDataDir: C:\Users\antra\AppData\Loca...}, goog:chromeOptions: {debuggerAddress: localhost:52427}, javascriptEnabled: true, networkConnectionEnabled: false, pageLoadStrategy: normal, platform: WINDOWS, platformName: WINDOWS, proxy: Proxy(), setWindowRect: true, strictFileInteractability: false, timeouts: {implicit: 0, pageLoad: 300000, script: 30000}, unhandledPromptBehavior: dismiss and notify, webauthn:extension:credBlob: true, webauthn:extension:largeBlob: true, webauthn:virtualAuthenticators: true}
Session ID: c0284d31c41f7b5fe6aac6b39a0ba083
	at org.openqa.selenium.remote.http.W3CHttpResponseCodec.createException(W3CHttpResponseCodec.java:187)
	at org.openqa.selenium.remote.http.W3CHttpResponseCodec.decode(W3CHttpResponseCodec.java:122)
	at org.openqa.selenium.remote.http.W3CHttpResponseCodec.decode(W3CHttpResponseCodec.java:49)
	at org.openqa.selenium.remote.HttpCommandExecutor.execute(HttpCommandExecutor.java:158)
	at org.openqa.selenium.remote.service.DriverCommandExecutor.execute(DriverCommandExecutor.java:83)
	at org.openqa.selenium.remote.RemoteWebDriver.execute(RemoteWebDriver.java:552)
	at com.kms.katalon.selenium.driver.CChromeDriver.execute(CChromeDriver.java:19)
	at org.openqa.selenium.remote.RemoteWebElement.execute(RemoteWebElement.java:285)
	at org.openqa.selenium.remote.RemoteWebElement.click(RemoteWebElement.java:84)
	at org.openqa.selenium.support.events.EventFiringWebDriver$EventFiringWebElement.lambda$new$0(EventFiringWebDriver.java:404)
	at com.sun.proxy.$Proxy11.click(Unknown Source)
	at org.openqa.selenium.support.events.EventFiringWebDriver$EventFiringWebElement.click(EventFiringWebDriver.java:417)
	at org.openqa.selenium.WebElement$click.call(Unknown Source)
	at com.kms.katalon.core.webui.keyword.builtin.ClickKeyword.clickUntilSuccessWithTimeout(ClickKeyword.groovy:81)
	at com.kms.katalon.core.webui.keyword.builtin.ClickKeyword.clickUntilSuccessWithTimeout(ClickKeyword.groovy)
	at com.kms.katalon.core.webui.keyword.builtin.ClickKeyword$_click_closure1.doCall(ClickKeyword.groovy:67)
	at com.kms.katalon.core.webui.keyword.builtin.ClickKeyword$_click_closure1.call(ClickKeyword.groovy)
	at com.kms.katalon.core.webui.keyword.internal.WebUIKeywordMain.runKeyword(WebUIKeywordMain.groovy:20)
	... 22 more
"/>
         <system-out><![CDATA[2022-01-14 10:06:38 - [TEST_CASE][FAILED] - Test Cases/Chat/Chat starred: Test Cases/Chat/Chat starred FAILED.
Reason:
com.kms.katalon.core.exception.StepFailedException: Unable to click on object 'Object Repository/Page_Dashboard/div_L CDE'
	at com.kms.katalon.core.webui.keyword.internal.WebUIKeywordMain.stepFailed(WebUIKeywordMain.groovy:64)
	at com.kms.katalon.core.webui.keyword.internal.WebUIKeywordMain.runKeyword(WebUIKeywordMain.groovy:26)
	at com.kms.katalon.core.webui.keyword.builtin.ClickKeyword.click(ClickKeyword.groovy:74)
	at com.kms.katalon.core.webui.keyword.builtin.ClickKeyword.execute(ClickKeyword.groovy:40)
	at com.kms.katalon.core.keyword.internal.KeywordExecutor.executeKeywordForPlatform(KeywordExecutor.groovy:74)
	at com.kms.katalon.core.webui.keyword.WebUiBuiltInKeywords.click(WebUiBuiltInKeywords.groovy:620)
	at com.kms.katalon.core.webui.keyword.WebUiBuiltInKeywords$click$1.call(Unknown Source)
	at Chat starred.run(Chat starred:34)
	at com.kms.katalon.core.main.ScriptEngine.run(ScriptEngine.java:194)
	at com.kms.katalon.core.main.ScriptEngine.runScriptAsRawText(ScriptEngine.java:119)
	at com.kms.katalon.core.main.TestCaseExecutor.runScript(TestCaseExecutor.java:442)
	at com.kms.katalon.core.main.TestCaseExecutor.doExecute(TestCaseExecutor.java:433)
	at com.kms.katalon.core.main.TestCaseExecutor.processExecutionPhase(TestCaseExecutor.java:412)
	at com.kms.katalon.core.main.TestCaseExecutor.accessMainPhase(TestCaseExecutor.java:404)
	at com.kms.katalon.core.main.TestCaseExecutor.execute(TestCaseExecutor.java:281)
	at com.kms.katalon.core.main.TestCaseExecutor.execute(TestCaseExecutor.java:363)
	at com.kms.katalon.core.main.TestCaseExecutor.execute(TestCaseExecutor.java:363)
	at com.kms.katalon.core.main.TestCaseExecutor.execute(TestCaseExecutor.java:363)
	at com.kms.katalon.core.main.TestSuiteExecutor.accessTestCaseMainPhase(TestSuiteExecutor.java:202)
	at com.kms.katalon.core.main.TestSuiteExecutor.accessTestSuiteMainPhase(TestSuiteExecutor.java:164)
	at com.kms.katalon.core.main.TestSuiteExecutor.execute(TestSuiteExecutor.java:105)
	at com.kms.katalon.core.main.TestCaseMain.startTestSuite(TestCaseMain.java:181)
	at com.kms.katalon.core.main.TestCaseMain$startTestSuite$0.call(Unknown Source)
	at TempTestSuite1642129377811.run(TempTestSuite1642129377811.groovy:36)
Caused by: org.openqa.selenium.ElementNotInteractableException: element not interactable
  (Session info: chrome=97.0.4692.71)
Build info: version: '3.141.59', revision: 'e82be7d358', time: '2018-11-14T08:25:53'
System info: host: 'DESKTOP-5O7CBM9', ip: '192.168.16.1', os.name: 'Windows 10', os.arch: 'amd64', os.version: '10.0', java.version: '1.8.0_282'
Driver info: com.kms.katalon.selenium.driver.CChromeDriver
Capabilities {acceptInsecureCerts: false, browserName: chrome, browserVersion: 97.0.4692.71, chrome: {chromedriverVersion: 97.0.4692.71 (adefa7837d02a..., userDataDir: C:\Users\antra\AppData\Loca...}, goog:chromeOptions: {debuggerAddress: localhost:52427}, javascriptEnabled: true, networkConnectionEnabled: false, pageLoadStrategy: normal, platform: WINDOWS, platformName: WINDOWS, proxy: Proxy(), setWindowRect: true, strictFileInteractability: false, timeouts: {implicit: 0, pageLoad: 300000, script: 30000}, unhandledPromptBehavior: dismiss and notify, webauthn:extension:credBlob: true, webauthn:extension:largeBlob: true, webauthn:virtualAuthenticators: true}
Session ID: c0284d31c41f7b5fe6aac6b39a0ba083
	at org.openqa.selenium.remote.http.W3CHttpResponseCodec.createException(W3CHttpResponseCodec.java:187)
	at org.openqa.selenium.remote.http.W3CHttpResponseCodec.decode(W3CHttpResponseCodec.java:122)
	at org.openqa.selenium.remote.http.W3CHttpResponseCodec.decode(W3CHttpResponseCodec.java:49)
	at org.openqa.selenium.remote.HttpCommandExecutor.execute(HttpCommandExecutor.java:158)
	at org.openqa.selenium.remote.service.DriverCommandExecutor.execute(DriverCommandExecutor.java:83)
	at org.openqa.selenium.remote.RemoteWebDriver.execute(RemoteWebDriver.java:552)
	at com.kms.katalon.selenium.driver.CChromeDriver.execute(CChromeDriver.java:19)
	at org.openqa.selenium.remote.RemoteWebElement.execute(RemoteWebElement.java:285)
	at org.openqa.selenium.remote.RemoteWebElement.click(RemoteWebElement.java:84)
	at org.openqa.selenium.support.events.EventFiringWebDriver$EventFiringWebElement.lambda$new$0(EventFiringWebDriver.java:404)
	at com.sun.proxy.$Proxy11.click(Unknown Source)
	at org.openqa.selenium.support.events.EventFiringWebDriver$EventFiringWebElement.click(EventFiringWebDriver.java:417)
	at org.openqa.selenium.WebElement$click.call(Unknown Source)
	at com.kms.katalon.core.webui.keyword.builtin.ClickKeyword.clickUntilSuccessWithTimeout(ClickKeyword.groovy:81)
	at com.kms.katalon.core.webui.keyword.builtin.ClickKeyword.clickUntilSuccessWithTimeout(ClickKeyword.groovy)
	at com.kms.katalon.core.webui.keyword.builtin.ClickKeyword$_click_closure1.doCall(ClickKeyword.groovy:67)
	at com.kms.katalon.core.webui.keyword.builtin.ClickKeyword$_click_closure1.call(ClickKeyword.groovy)
	at com.kms.katalon.core.webui.keyword.internal.WebUIKeywordMain.runKeyword(WebUIKeywordMain.groovy:20)
	... 22 more


2022-01-14 10:06:38 - [TEST_STEP][PASSED] - openBrowser(""): Browser is opened with url: ''

2022-01-14 10:06:38 - [MESSAGE][WARNING] - A browser is already opened. Closing browser and opening a new one

2022-01-14 10:06:39 - [MESSAGE][INFO] - Starting 'Chrome' driver

2022-01-14 10:06:39 - [MESSAGE][INFO] - Action delay is set to 0 milliseconds

2022-01-14 10:06:40 - [MESSAGE][PASSED] - Browser is opened with url: ''

2022-01-14 10:06:40 - [TEST_STEP][PASSED] - navigateToUrl("http://localhost/"): Navigate to 'http://localhost/' successfully

2022-01-14 10:06:41 - [MESSAGE][PASSED] - Navigate to 'http://localhost/' successfully

2022-01-14 10:06:41 - [TEST_STEP][PASSED] - click(findTestObject("Object Repository/Page_L Tm Anh/a_Log in")): Object: 'Object Repository/Page_L Tm Anh/a_Log in' is clicked on

2022-01-14 10:06:41 - [MESSAGE][PASSED] - Object: 'Object Repository/Page_L Tm Anh/a_Log in' is clicked on

2022-01-14 10:06:41 - [TEST_STEP][PASSED] - setText(findTestObject("Object Repository/Page_L Tm Anh Log in to the site/input_Username_username"), "anhle1"): Text 'anhle1' is set on object 'Object Repository/Page_L Tm Anh Log in to the site/input_Username_username'

2022-01-14 10:06:42 - [MESSAGE][PASSED] - Text 'anhle1' is set on object 'Object Repository/Page_L Tm Anh Log in to the site/input_Username_username'

2022-01-14 10:06:42 - [TEST_STEP][PASSED] - setEncryptedText(findTestObject("Object Repository/Page_L Tm Anh Log in to the site/input_Password_password"), "eGmz8XUbrLe3vUQiiiujBg=="): Text ****** has been set on object 'Object Repository/Page_L Tm Anh Log in to the site/input_Password_password'

2022-01-14 10:06:43 - [MESSAGE][PASSED] - Text ****** has been set on object 'Object Repository/Page_L Tm Anh Log in to the site/input_Password_password'

2022-01-14 10:06:43 - [TEST_STEP][PASSED] - click(findTestObject("Object Repository/Page_L Tm Anh Log in to the site/button_Log in")): Object: 'Object Repository/Page_L Tm Anh Log in to the site/button_Log in' is clicked on

2022-01-14 10:06:44 - [MESSAGE][PASSED] - Object: 'Object Repository/Page_L Tm Anh Log in to the site/button_Log in' is clicked on

2022-01-14 10:06:44 - [TEST_STEP][PASSED] - click(findTestObject("Object Repository/Page_Dashboard/a_0")): Object: 'Object Repository/Page_Dashboard/a_0' is clicked on

2022-01-14 10:07:15 - [MESSAGE][INFO] - Unable to find the element located by 'By.xpath: //a[@id='message-drawer-toggle-61dc107224f9a61dc1072131d45']'. Please recheck the objects properties to make sure the desired element is located. 

2022-01-14 10:07:15 - [MESSAGE][WARNING] - [SELF-HEALING] Failed to find element with id 'Object Repository/Page_Dashboard/a_0'. Try using Self-healing.

2022-01-14 10:07:16 - [MESSAGE][INFO] - Unable to find the element located by 'By.xpath: //div[@id='usernavigation']/div[2]/a'. Please recheck the objects properties to make sure the desired element is located. 

2022-01-14 10:07:16 - [MESSAGE][WARNING] - [SELF-HEALING] The current locator of test object 'Object Repository/Page_Dashboard/a_0' was broken. Propose an alternative one: '(.//*[normalize-space(text()) and normalize-space(.)='See all'])[1]/following::a[1]'.

2022-01-14 10:07:16 - [MESSAGE][PASSED] - Object: 'Object Repository/Page_Dashboard/a_0' is clicked on

2022-01-14 10:07:16 - [TEST_STEP][FAILED] - click(findTestObject("Object Repository/Page_Dashboard/div_L CDE")): Unable to click on object 'Object Repository/Page_Dashboard/div_L CDE' (Root cause: com.kms.katalon.core.exception.StepFailedException: Unable to click on object 'Object Repository/Page_Dashboard/div_L CDE'
	at com.kms.katalon.core.webui.keyword.internal.WebUIKeywordMain.stepFailed(WebUIKeywordMain.groovy:64)
	at com.kms.katalon.core.webui.keyword.internal.WebUIKeywordMain.runKeyword(WebUIKeywordMain.groovy:26)
	at com.kms.katalon.core.webui.keyword.builtin.ClickKeyword.click(ClickKeyword.groovy:74)
	at com.kms.katalon.core.webui.keyword.builtin.ClickKeyword.execute(ClickKeyword.groovy:40)
	at com.kms.katalon.core.keyword.internal.KeywordExecutor.executeKeywordForPlatform(KeywordExecutor.groovy:74)
	at com.kms.katalon.core.webui.keyword.WebUiBuiltInKeywords.click(WebUiBuiltInKeywords.groovy:620)
	at com.kms.katalon.core.webui.keyword.WebUiBuiltInKeywords$click$1.call(Unknown Source)
	at Chat starred.run(Chat starred:34)
	at com.kms.katalon.core.main.ScriptEngine.run(ScriptEngine.java:194)
	at com.kms.katalon.core.main.ScriptEngine.runScriptAsRawText(ScriptEngine.java:119)
	at com.kms.katalon.core.main.TestCaseExecutor.runScript(TestCaseExecutor.java:442)
	at com.kms.katalon.core.main.TestCaseExecutor.doExecute(TestCaseExecutor.java:433)
	at com.kms.katalon.core.main.TestCaseExecutor.processExecutionPhase(TestCaseExecutor.java:412)
	at com.kms.katalon.core.main.TestCaseExecutor.accessMainPhase(TestCaseExecutor.java:404)
	at com.kms.katalon.core.main.TestCaseExecutor.execute(TestCaseExecutor.java:281)
	at com.kms.katalon.core.main.TestCaseExecutor.execute(TestCaseExecutor.java:363)
	at com.kms.katalon.core.main.TestCaseExecutor.execute(TestCaseExecutor.java:363)
	at com.kms.katalon.core.main.TestCaseExecutor.execute(TestCaseExecutor.java:363)
	at com.kms.katalon.core.main.TestSuiteExecutor.accessTestCaseMainPhase(TestSuiteExecutor.java:202)
	at com.kms.katalon.core.main.TestSuiteExecutor.accessTestSuiteMainPhase(TestSuiteExecutor.java:164)
	at com.kms.katalon.core.main.TestSuiteExecutor.execute(TestSuiteExecutor.java:105)
	at com.kms.katalon.core.main.TestCaseMain.startTestSuite(TestCaseMain.java:181)
	at com.kms.katalon.core.main.TestCaseMain$startTestSuite$0.call(Unknown Source)
	at TempTestSuite1642129377811.run(TempTestSuite1642129377811.groovy:36)
Caused by: org.openqa.selenium.ElementNotInteractableException: element not interactable
  (Session info: chrome=97.0.4692.71)
Build info: version: '3.141.59', revision: 'e82be7d358', time: '2018-11-14T08:25:53'
System info: host: 'DESKTOP-5O7CBM9', ip: '192.168.16.1', os.name: 'Windows 10', os.arch: 'amd64', os.version: '10.0', java.version: '1.8.0_282'
Driver info: com.kms.katalon.selenium.driver.CChromeDriver
Capabilities {acceptInsecureCerts: false, browserName: chrome, browserVersion: 97.0.4692.71, chrome: {chromedriverVersion: 97.0.4692.71 (adefa7837d02a..., userDataDir: C:\Users\antra\AppData\Loca...}, goog:chromeOptions: {debuggerAddress: localhost:52427}, javascriptEnabled: true, networkConnectionEnabled: false, pageLoadStrategy: normal, platform: WINDOWS, platformName: WINDOWS, proxy: Proxy(), setWindowRect: true, strictFileInteractability: false, timeouts: {implicit: 0, pageLoad: 300000, script: 30000}, unhandledPromptBehavior: dismiss and notify, webauthn:extension:credBlob: true, webauthn:extension:largeBlob: true, webauthn:virtualAuthenticators: true}
Session ID: c0284d31c41f7b5fe6aac6b39a0ba083
	at org.openqa.selenium.remote.http.W3CHttpResponseCodec.createException(W3CHttpResponseCodec.java:187)
	at org.openqa.selenium.remote.http.W3CHttpResponseCodec.decode(W3CHttpResponseCodec.java:122)
	at org.openqa.selenium.remote.http.W3CHttpResponseCodec.decode(W3CHttpResponseCodec.java:49)
	at org.openqa.selenium.remote.HttpCommandExecutor.execute(HttpCommandExecutor.java:158)
	at org.openqa.selenium.remote.service.DriverCommandExecutor.execute(DriverCommandExecutor.java:83)
	at org.openqa.selenium.remote.RemoteWebDriver.execute(RemoteWebDriver.java:552)
	at com.kms.katalon.selenium.driver.CChromeDriver.execute(CChromeDriver.java:19)
	at org.openqa.selenium.remote.RemoteWebElement.execute(RemoteWebElement.java:285)
	at org.openqa.selenium.remote.RemoteWebElement.click(RemoteWebElement.java:84)
	at org.openqa.selenium.support.events.EventFiringWebDriver$EventFiringWebElement.lambda$new$0(EventFiringWebDriver.java:404)
	at com.sun.proxy.$Proxy11.click(Unknown Source)
	at org.openqa.selenium.support.events.EventFiringWebDriver$EventFiringWebElement.click(EventFiringWebDriver.java:417)
	at org.openqa.selenium.WebElement$click.call(Unknown Source)
	at com.kms.katalon.core.webui.keyword.builtin.ClickKeyword.clickUntilSuccessWithTimeout(ClickKeyword.groovy:81)
	at com.kms.katalon.core.webui.keyword.builtin.ClickKeyword.clickUntilSuccessWithTimeout(ClickKeyword.groovy)
	at com.kms.katalon.core.webui.keyword.builtin.ClickKeyword$_click_closure1.doCall(ClickKeyword.groovy:67)
	at com.kms.katalon.core.webui.keyword.builtin.ClickKeyword$_click_closure1.call(ClickKeyword.groovy)
	at com.kms.katalon.core.webui.keyword.internal.WebUIKeywordMain.runKeyword(WebUIKeywordMain.groovy:20)
	at com.kms.katalon.core.webui.keyword.builtin.ClickKeyword.click(ClickKeyword.groovy:74)
	at com.kms.katalon.core.webui.keyword.builtin.ClickKeyword.execute(ClickKeyword.groovy:40)
	at com.kms.katalon.core.keyword.internal.KeywordExecutor.executeKeywordForPlatform(KeywordExecutor.groovy:74)
	at com.kms.katalon.core.webui.keyword.WebUiBuiltInKeywords.click(WebUiBuiltInKeywords.groovy:620)
	at com.kms.katalon.core.webui.keyword.WebUiBuiltInKeywords$click$1.call(Unknown Source)
	at Script1641370054120.run(Script1641370054120.groovy:34)
	... 16 more
)

2022-01-14 10:07:47 - [MESSAGE][INFO] - Unable to find the element located by 'By.xpath: //div[@id='view-overview-favourites-target-61dc107227d7461dc1072131d47']/div[2]/a/div/div'. Please recheck the objects properties to make sure the desired element is located. 

2022-01-14 10:07:47 - [MESSAGE][WARNING] - [SELF-HEALING] Failed to find element with id 'Object Repository/Page_Dashboard/div_L CDE'. Try using Self-healing.

2022-01-14 10:07:48 - [MESSAGE][WARNING] - [SELF-HEALING] The current locator of test object 'Object Repository/Page_Dashboard/div_L CDE' was broken. Propose an alternative one: '(.//*[normalize-space(text()) and normalize-space(.)='Starred'])[1]/following::div[5]'.

2022-01-14 10:07:48 - [MESSAGE][FAILED] - Unable to click on object 'Object Repository/Page_Dashboard/div_L CDE' (Root cause: com.kms.katalon.core.exception.StepFailedException: Unable to click on object 'Object Repository/Page_Dashboard/div_L CDE'
	at com.kms.katalon.core.webui.keyword.internal.WebUIKeywordMain.stepFailed(WebUIKeywordMain.groovy:64)
	at com.kms.katalon.core.webui.keyword.internal.WebUIKeywordMain.runKeyword(WebUIKeywordMain.groovy:26)
	at com.kms.katalon.core.webui.keyword.builtin.ClickKeyword.click(ClickKeyword.groovy:74)
	at com.kms.katalon.core.webui.keyword.builtin.ClickKeyword.execute(ClickKeyword.groovy:40)
	at com.kms.katalon.core.keyword.internal.KeywordExecutor.executeKeywordForPlatform(KeywordExecutor.groovy:74)
	at com.kms.katalon.core.webui.keyword.WebUiBuiltInKeywords.click(WebUiBuiltInKeywords.groovy:620)
	at com.kms.katalon.core.webui.keyword.WebUiBuiltInKeywords$click$1.call(Unknown Source)
	at Chat starred.run(Chat starred:34)
	at com.kms.katalon.core.main.ScriptEngine.run(ScriptEngine.java:194)
	at com.kms.katalon.core.main.ScriptEngine.runScriptAsRawText(ScriptEngine.java:119)
	at com.kms.katalon.core.main.TestCaseExecutor.runScript(TestCaseExecutor.java:442)
	at com.kms.katalon.core.main.TestCaseExecutor.doExecute(TestCaseExecutor.java:433)
	at com.kms.katalon.core.main.TestCaseExecutor.processExecutionPhase(TestCaseExecutor.java:412)
	at com.kms.katalon.core.main.TestCaseExecutor.accessMainPhase(TestCaseExecutor.java:404)
	at com.kms.katalon.core.main.TestCaseExecutor.execute(TestCaseExecutor.java:281)
	at com.kms.katalon.core.main.TestCaseExecutor.execute(TestCaseExecutor.java:363)
	at com.kms.katalon.core.main.TestCaseExecutor.execute(TestCaseExecutor.java:363)
	at com.kms.katalon.core.main.TestCaseExecutor.execute(TestCaseExecutor.java:363)
	at com.kms.katalon.core.main.TestSuiteExecutor.accessTestCaseMainPhase(TestSuiteExecutor.java:202)
	at com.kms.katalon.core.main.TestSuiteExecutor.accessTestSuiteMainPhase(TestSuiteExecutor.java:164)
	at com.kms.katalon.core.main.TestSuiteExecutor.execute(TestSuiteExecutor.java:105)
	at com.kms.katalon.core.main.TestCaseMain.startTestSuite(TestCaseMain.java:181)
	at com.kms.katalon.core.main.TestCaseMain$startTestSuite$0.call(Unknown Source)
	at TempTestSuite1642129377811.run(TempTestSuite1642129377811.groovy:36)
Caused by: org.openqa.selenium.ElementNotInteractableException: element not interactable
  (Session info: chrome=97.0.4692.71)
Build info: version: '3.141.59', revision: 'e82be7d358', time: '2018-11-14T08:25:53'
System info: host: 'DESKTOP-5O7CBM9', ip: '192.168.16.1', os.name: 'Windows 10', os.arch: 'amd64', os.version: '10.0', java.version: '1.8.0_282'
Driver info: com.kms.katalon.selenium.driver.CChromeDriver
Capabilities {acceptInsecureCerts: false, browserName: chrome, browserVersion: 97.0.4692.71, chrome: {chromedriverVersion: 97.0.4692.71 (adefa7837d02a..., userDataDir: C:\Users\antra\AppData\Loca...}, goog:chromeOptions: {debuggerAddress: localhost:52427}, javascriptEnabled: true, networkConnectionEnabled: false, pageLoadStrategy: normal, platform: WINDOWS, platformName: WINDOWS, proxy: Proxy(), setWindowRect: true, strictFileInteractability: false, timeouts: {implicit: 0, pageLoad: 300000, script: 30000}, unhandledPromptBehavior: dismiss and notify, webauthn:extension:credBlob: true, webauthn:extension:largeBlob: true, webauthn:virtualAuthenticators: true}
Session ID: c0284d31c41f7b5fe6aac6b39a0ba083
	at org.openqa.selenium.remote.http.W3CHttpResponseCodec.createException(W3CHttpResponseCodec.java:187)
	at org.openqa.selenium.remote.http.W3CHttpResponseCodec.decode(W3CHttpResponseCodec.java:122)
	at org.openqa.selenium.remote.http.W3CHttpResponseCodec.decode(W3CHttpResponseCodec.java:49)
	at org.openqa.selenium.remote.HttpCommandExecutor.execute(HttpCommandExecutor.java:158)
	at org.openqa.selenium.remote.service.DriverCommandExecutor.execute(DriverCommandExecutor.java:83)
	at org.openqa.selenium.remote.RemoteWebDriver.execute(RemoteWebDriver.java:552)
	at com.kms.katalon.selenium.driver.CChromeDriver.execute(CChromeDriver.java:19)
	at org.openqa.selenium.remote.RemoteWebElement.execute(RemoteWebElement.java:285)
	at org.openqa.selenium.remote.RemoteWebElement.click(RemoteWebElement.java:84)
	at org.openqa.selenium.support.events.EventFiringWebDriver$EventFiringWebElement.lambda$new$0(EventFiringWebDriver.java:404)
	at com.sun.proxy.$Proxy11.click(Unknown Source)
	at org.openqa.selenium.support.events.EventFiringWebDriver$EventFiringWebElement.click(EventFiringWebDriver.java:417)
	at org.openqa.selenium.WebElement$click.call(Unknown Source)
	at com.kms.katalon.core.webui.keyword.builtin.ClickKeyword.clickUntilSuccessWithTimeout(ClickKeyword.groovy:81)
	at com.kms.katalon.core.webui.keyword.builtin.ClickKeyword.clickUntilSuccessWithTimeout(ClickKeyword.groovy)
	at com.kms.katalon.core.webui.keyword.builtin.ClickKeyword$_click_closure1.doCall(ClickKeyword.groovy:67)
	at com.kms.katalon.core.webui.keyword.builtin.ClickKeyword$_click_closure1.call(ClickKeyword.groovy)
	at com.kms.katalon.core.webui.keyword.internal.WebUIKeywordMain.runKeyword(WebUIKeywordMain.groovy:20)
	at com.kms.katalon.core.webui.keyword.builtin.ClickKeyword.click(ClickKeyword.groovy:74)
	at com.kms.katalon.core.webui.keyword.builtin.ClickKeyword.execute(ClickKeyword.groovy:40)
	at com.kms.katalon.core.keyword.internal.KeywordExecutor.executeKeywordForPlatform(KeywordExecutor.groovy:74)
	at com.kms.katalon.core.webui.keyword.WebUiBuiltInKeywords.click(WebUiBuiltInKeywords.groovy:620)
	at com.kms.katalon.core.webui.keyword.WebUiBuiltInKeywords$click$1.call(Unknown Source)
	at Script1641370054120.run(Script1641370054120.groovy:34)
	... 16 more
)
[[ATTACHMENT|C:\\Users\\antra\\git\\SE-Bonus\\Reports\\20220114_100257\\Run all test cases\\20220114_100257\\1642129668214.png]]]]></system-out>
         <system-err><![CDATA[2022-01-14 10:06:38 - [TEST_CASE][FAILED] - Test Cases/Chat/Chat starred: Test Cases/Chat/Chat starred FAILED.
Reason:
com.kms.katalon.core.exception.StepFailedException: Unable to click on object 'Object Repository/Page_Dashboard/div_L CDE'
	at com.kms.katalon.core.webui.keyword.internal.WebUIKeywordMain.stepFailed(WebUIKeywordMain.groovy:64)
	at com.kms.katalon.core.webui.keyword.internal.WebUIKeywordMain.runKeyword(WebUIKeywordMain.groovy:26)
	at com.kms.katalon.core.webui.keyword.builtin.ClickKeyword.click(ClickKeyword.groovy:74)
	at com.kms.katalon.core.webui.keyword.builtin.ClickKeyword.execute(ClickKeyword.groovy:40)
	at com.kms.katalon.core.keyword.internal.KeywordExecutor.executeKeywordForPlatform(KeywordExecutor.groovy:74)
	at com.kms.katalon.core.webui.keyword.WebUiBuiltInKeywords.click(WebUiBuiltInKeywords.groovy:620)
	at com.kms.katalon.core.webui.keyword.WebUiBuiltInKeywords$click$1.call(Unknown Source)
	at Chat starred.run(Chat starred:34)
	at com.kms.katalon.core.main.ScriptEngine.run(ScriptEngine.java:194)
	at com.kms.katalon.core.main.ScriptEngine.runScriptAsRawText(ScriptEngine.java:119)
	at com.kms.katalon.core.main.TestCaseExecutor.runScript(TestCaseExecutor.java:442)
	at com.kms.katalon.core.main.TestCaseExecutor.doExecute(TestCaseExecutor.java:433)
	at com.kms.katalon.core.main.TestCaseExecutor.processExecutionPhase(TestCaseExecutor.java:412)
	at com.kms.katalon.core.main.TestCaseExecutor.accessMainPhase(TestCaseExecutor.java:404)
	at com.kms.katalon.core.main.TestCaseExecutor.execute(TestCaseExecutor.java:281)
	at com.kms.katalon.core.main.TestCaseExecutor.execute(TestCaseExecutor.java:363)
	at com.kms.katalon.core.main.TestCaseExecutor.execute(TestCaseExecutor.java:363)
	at com.kms.katalon.core.main.TestCaseExecutor.execute(TestCaseExecutor.java:363)
	at com.kms.katalon.core.main.TestSuiteExecutor.accessTestCaseMainPhase(TestSuiteExecutor.java:202)
	at com.kms.katalon.core.main.TestSuiteExecutor.accessTestSuiteMainPhase(TestSuiteExecutor.java:164)
	at com.kms.katalon.core.main.TestSuiteExecutor.execute(TestSuiteExecutor.java:105)
	at com.kms.katalon.core.main.TestCaseMain.startTestSuite(TestCaseMain.java:181)
	at com.kms.katalon.core.main.TestCaseMain$startTestSuite$0.call(Unknown Source)
	at TempTestSuite1642129377811.run(TempTestSuite1642129377811.groovy:36)
Caused by: org.openqa.selenium.ElementNotInteractableException: element not interactable
  (Session info: chrome=97.0.4692.71)
Build info: version: '3.141.59', revision: 'e82be7d358', time: '2018-11-14T08:25:53'
System info: host: 'DESKTOP-5O7CBM9', ip: '192.168.16.1', os.name: 'Windows 10', os.arch: 'amd64', os.version: '10.0', java.version: '1.8.0_282'
Driver info: com.kms.katalon.selenium.driver.CChromeDriver
Capabilities {acceptInsecureCerts: false, browserName: chrome, browserVersion: 97.0.4692.71, chrome: {chromedriverVersion: 97.0.4692.71 (adefa7837d02a..., userDataDir: C:\Users\antra\AppData\Loca...}, goog:chromeOptions: {debuggerAddress: localhost:52427}, javascriptEnabled: true, networkConnectionEnabled: false, pageLoadStrategy: normal, platform: WINDOWS, platformName: WINDOWS, proxy: Proxy(), setWindowRect: true, strictFileInteractability: false, timeouts: {implicit: 0, pageLoad: 300000, script: 30000}, unhandledPromptBehavior: dismiss and notify, webauthn:extension:credBlob: true, webauthn:extension:largeBlob: true, webauthn:virtualAuthenticators: true}
Session ID: c0284d31c41f7b5fe6aac6b39a0ba083
	at org.openqa.selenium.remote.http.W3CHttpResponseCodec.createException(W3CHttpResponseCodec.java:187)
	at org.openqa.selenium.remote.http.W3CHttpResponseCodec.decode(W3CHttpResponseCodec.java:122)
	at org.openqa.selenium.remote.http.W3CHttpResponseCodec.decode(W3CHttpResponseCodec.java:49)
	at org.openqa.selenium.remote.HttpCommandExecutor.execute(HttpCommandExecutor.java:158)
	at org.openqa.selenium.remote.service.DriverCommandExecutor.execute(DriverCommandExecutor.java:83)
	at org.openqa.selenium.remote.RemoteWebDriver.execute(RemoteWebDriver.java:552)
	at com.kms.katalon.selenium.driver.CChromeDriver.execute(CChromeDriver.java:19)
	at org.openqa.selenium.remote.RemoteWebElement.execute(RemoteWebElement.java:285)
	at org.openqa.selenium.remote.RemoteWebElement.click(RemoteWebElement.java:84)
	at org.openqa.selenium.support.events.EventFiringWebDriver$EventFiringWebElement.lambda$new$0(EventFiringWebDriver.java:404)
	at com.sun.proxy.$Proxy11.click(Unknown Source)
	at org.openqa.selenium.support.events.EventFiringWebDriver$EventFiringWebElement.click(EventFiringWebDriver.java:417)
	at org.openqa.selenium.WebElement$click.call(Unknown Source)
	at com.kms.katalon.core.webui.keyword.builtin.ClickKeyword.clickUntilSuccessWithTimeout(ClickKeyword.groovy:81)
	at com.kms.katalon.core.webui.keyword.builtin.ClickKeyword.clickUntilSuccessWithTimeout(ClickKeyword.groovy)
	at com.kms.katalon.core.webui.keyword.builtin.ClickKeyword$_click_closure1.doCall(ClickKeyword.groovy:67)
	at com.kms.katalon.core.webui.keyword.builtin.ClickKeyword$_click_closure1.call(ClickKeyword.groovy)
	at com.kms.katalon.core.webui.keyword.internal.WebUIKeywordMain.runKeyword(WebUIKeywordMain.groovy:20)
	... 22 more]]></system-err>
      </testcase>
      <testcase name="Test Cases/Chat/Chat with group" time="71.886" classname="Test Cases/Chat/Chat with group" status="FAILED">
         <failure type="FAILED" message="Test Cases/Chat/Chat with group FAILED.
Reason:
com.kms.katalon.core.exception.StepFailedException: Unable to click on object 'Object Repository/Page_Dashboard/div_Team 1'
	at com.kms.katalon.core.webui.keyword.internal.WebUIKeywordMain.stepFailed(WebUIKeywordMain.groovy:64)
	at com.kms.katalon.core.webui.keyword.internal.WebUIKeywordMain.runKeyword(WebUIKeywordMain.groovy:26)
	at com.kms.katalon.core.webui.keyword.builtin.ClickKeyword.click(ClickKeyword.groovy:74)
	at com.kms.katalon.core.webui.keyword.builtin.ClickKeyword.execute(ClickKeyword.groovy:40)
	at com.kms.katalon.core.keyword.internal.KeywordExecutor.executeKeywordForPlatform(KeywordExecutor.groovy:74)
	at com.kms.katalon.core.webui.keyword.WebUiBuiltInKeywords.click(WebUiBuiltInKeywords.groovy:620)
	at com.kms.katalon.core.webui.keyword.WebUiBuiltInKeywords$click$1.call(Unknown Source)
	at Chat with group.run(Chat with group:38)
	at com.kms.katalon.core.main.ScriptEngine.run(ScriptEngine.java:194)
	at com.kms.katalon.core.main.ScriptEngine.runScriptAsRawText(ScriptEngine.java:119)
	at com.kms.katalon.core.main.TestCaseExecutor.runScript(TestCaseExecutor.java:442)
	at com.kms.katalon.core.main.TestCaseExecutor.doExecute(TestCaseExecutor.java:433)
	at com.kms.katalon.core.main.TestCaseExecutor.processExecutionPhase(TestCaseExecutor.java:412)
	at com.kms.katalon.core.main.TestCaseExecutor.accessMainPhase(TestCaseExecutor.java:404)
	at com.kms.katalon.core.main.TestCaseExecutor.execute(TestCaseExecutor.java:281)
	at com.kms.katalon.core.main.TestCaseExecutor.execute(TestCaseExecutor.java:363)
	at com.kms.katalon.core.main.TestCaseExecutor.execute(TestCaseExecutor.java:363)
	at com.kms.katalon.core.main.TestCaseExecutor.execute(TestCaseExecutor.java:363)
	at com.kms.katalon.core.main.TestSuiteExecutor.accessTestCaseMainPhase(TestSuiteExecutor.java:202)
	at com.kms.katalon.core.main.TestSuiteExecutor.accessTestSuiteMainPhase(TestSuiteExecutor.java:164)
	at com.kms.katalon.core.main.TestSuiteExecutor.execute(TestSuiteExecutor.java:105)
	at com.kms.katalon.core.main.TestCaseMain.startTestSuite(TestCaseMain.java:181)
	at com.kms.katalon.core.main.TestCaseMain$startTestSuite$0.call(Unknown Source)
	at TempTestSuite1642129377811.run(TempTestSuite1642129377811.groovy:36)
Caused by: org.openqa.selenium.ElementNotInteractableException: element not interactable
  (Session info: chrome=97.0.4692.71)
Build info: version: '3.141.59', revision: 'e82be7d358', time: '2018-11-14T08:25:53'
System info: host: 'DESKTOP-5O7CBM9', ip: '192.168.16.1', os.name: 'Windows 10', os.arch: 'amd64', os.version: '10.0', java.version: '1.8.0_282'
Driver info: com.kms.katalon.selenium.driver.CChromeDriver
Capabilities {acceptInsecureCerts: false, browserName: chrome, browserVersion: 97.0.4692.71, chrome: {chromedriverVersion: 97.0.4692.71 (adefa7837d02a..., userDataDir: C:\Users\antra\AppData\Loca...}, goog:chromeOptions: {debuggerAddress: localhost:52819}, javascriptEnabled: true, networkConnectionEnabled: false, pageLoadStrategy: normal, platform: WINDOWS, platformName: WINDOWS, proxy: Proxy(), setWindowRect: true, strictFileInteractability: false, timeouts: {implicit: 0, pageLoad: 300000, script: 30000}, unhandledPromptBehavior: dismiss and notify, webauthn:extension:credBlob: true, webauthn:extension:largeBlob: true, webauthn:virtualAuthenticators: true}
Session ID: 5e8296afa0b51e2020f70040b6c391ed
	at org.openqa.selenium.remote.http.W3CHttpResponseCodec.createException(W3CHttpResponseCodec.java:187)
	at org.openqa.selenium.remote.http.W3CHttpResponseCodec.decode(W3CHttpResponseCodec.java:122)
	at org.openqa.selenium.remote.http.W3CHttpResponseCodec.decode(W3CHttpResponseCodec.java:49)
	at org.openqa.selenium.remote.HttpCommandExecutor.execute(HttpCommandExecutor.java:158)
	at org.openqa.selenium.remote.service.DriverCommandExecutor.execute(DriverCommandExecutor.java:83)
	at org.openqa.selenium.remote.RemoteWebDriver.execute(RemoteWebDriver.java:552)
	at com.kms.katalon.selenium.driver.CChromeDriver.execute(CChromeDriver.java:19)
	at org.openqa.selenium.remote.RemoteWebElement.execute(RemoteWebElement.java:285)
	at org.openqa.selenium.remote.RemoteWebElement.click(RemoteWebElement.java:84)
	at org.openqa.selenium.support.events.EventFiringWebDriver$EventFiringWebElement.lambda$new$0(EventFiringWebDriver.java:404)
	at com.sun.proxy.$Proxy11.click(Unknown Source)
	at org.openqa.selenium.support.events.EventFiringWebDriver$EventFiringWebElement.click(EventFiringWebDriver.java:417)
	at org.openqa.selenium.WebElement$click.call(Unknown Source)
	at com.kms.katalon.core.webui.keyword.builtin.ClickKeyword.clickUntilSuccessWithTimeout(ClickKeyword.groovy:81)
	at com.kms.katalon.core.webui.keyword.builtin.ClickKeyword.clickUntilSuccessWithTimeout(ClickKeyword.groovy)
	at com.kms.katalon.core.webui.keyword.builtin.ClickKeyword$_click_closure1.doCall(ClickKeyword.groovy:67)
	at com.kms.katalon.core.webui.keyword.builtin.ClickKeyword$_click_closure1.call(ClickKeyword.groovy)
	at com.kms.katalon.core.webui.keyword.internal.WebUIKeywordMain.runKeyword(WebUIKeywordMain.groovy:20)
	... 22 more
"/>
         <system-out><![CDATA[2022-01-14 10:11:24 - [TEST_CASE][FAILED] - Test Cases/Chat/Chat with group: Test Cases/Chat/Chat with group FAILED.
Reason:
com.kms.katalon.core.exception.StepFailedException: Unable to click on object 'Object Repository/Page_Dashboard/div_Team 1'
	at com.kms.katalon.core.webui.keyword.internal.WebUIKeywordMain.stepFailed(WebUIKeywordMain.groovy:64)
	at com.kms.katalon.core.webui.keyword.internal.WebUIKeywordMain.runKeyword(WebUIKeywordMain.groovy:26)
	at com.kms.katalon.core.webui.keyword.builtin.ClickKeyword.click(ClickKeyword.groovy:74)
	at com.kms.katalon.core.webui.keyword.builtin.ClickKeyword.execute(ClickKeyword.groovy:40)
	at com.kms.katalon.core.keyword.internal.KeywordExecutor.executeKeywordForPlatform(KeywordExecutor.groovy:74)
	at com.kms.katalon.core.webui.keyword.WebUiBuiltInKeywords.click(WebUiBuiltInKeywords.groovy:620)
	at com.kms.katalon.core.webui.keyword.WebUiBuiltInKeywords$click$1.call(Unknown Source)
	at Chat with group.run(Chat with group:38)
	at com.kms.katalon.core.main.ScriptEngine.run(ScriptEngine.java:194)
	at com.kms.katalon.core.main.ScriptEngine.runScriptAsRawText(ScriptEngine.java:119)
	at com.kms.katalon.core.main.TestCaseExecutor.runScript(TestCaseExecutor.java:442)
	at com.kms.katalon.core.main.TestCaseExecutor.doExecute(TestCaseExecutor.java:433)
	at com.kms.katalon.core.main.TestCaseExecutor.processExecutionPhase(TestCaseExecutor.java:412)
	at com.kms.katalon.core.main.TestCaseExecutor.accessMainPhase(TestCaseExecutor.java:404)
	at com.kms.katalon.core.main.TestCaseExecutor.execute(TestCaseExecutor.java:281)
	at com.kms.katalon.core.main.TestCaseExecutor.execute(TestCaseExecutor.java:363)
	at com.kms.katalon.core.main.TestCaseExecutor.execute(TestCaseExecutor.java:363)
	at com.kms.katalon.core.main.TestCaseExecutor.execute(TestCaseExecutor.java:363)
	at com.kms.katalon.core.main.TestSuiteExecutor.accessTestCaseMainPhase(TestSuiteExecutor.java:202)
	at com.kms.katalon.core.main.TestSuiteExecutor.accessTestSuiteMainPhase(TestSuiteExecutor.java:164)
	at com.kms.katalon.core.main.TestSuiteExecutor.execute(TestSuiteExecutor.java:105)
	at com.kms.katalon.core.main.TestCaseMain.startTestSuite(TestCaseMain.java:181)
	at com.kms.katalon.core.main.TestCaseMain$startTestSuite$0.call(Unknown Source)
	at TempTestSuite1642129377811.run(TempTestSuite1642129377811.groovy:36)
Caused by: org.openqa.selenium.ElementNotInteractableException: element not interactable
  (Session info: chrome=97.0.4692.71)
Build info: version: '3.141.59', revision: 'e82be7d358', time: '2018-11-14T08:25:53'
System info: host: 'DESKTOP-5O7CBM9', ip: '192.168.16.1', os.name: 'Windows 10', os.arch: 'amd64', os.version: '10.0', java.version: '1.8.0_282'
Driver info: com.kms.katalon.selenium.driver.CChromeDriver
Capabilities {acceptInsecureCerts: false, browserName: chrome, browserVersion: 97.0.4692.71, chrome: {chromedriverVersion: 97.0.4692.71 (adefa7837d02a..., userDataDir: C:\Users\antra\AppData\Loca...}, goog:chromeOptions: {debuggerAddress: localhost:52819}, javascriptEnabled: true, networkConnectionEnabled: false, pageLoadStrategy: normal, platform: WINDOWS, platformName: WINDOWS, proxy: Proxy(), setWindowRect: true, strictFileInteractability: false, timeouts: {implicit: 0, pageLoad: 300000, script: 30000}, unhandledPromptBehavior: dismiss and notify, webauthn:extension:credBlob: true, webauthn:extension:largeBlob: true, webauthn:virtualAuthenticators: true}
Session ID: 5e8296afa0b51e2020f70040b6c391ed
	at org.openqa.selenium.remote.http.W3CHttpResponseCodec.createException(W3CHttpResponseCodec.java:187)
	at org.openqa.selenium.remote.http.W3CHttpResponseCodec.decode(W3CHttpResponseCodec.java:122)
	at org.openqa.selenium.remote.http.W3CHttpResponseCodec.decode(W3CHttpResponseCodec.java:49)
	at org.openqa.selenium.remote.HttpCommandExecutor.execute(HttpCommandExecutor.java:158)
	at org.openqa.selenium.remote.service.DriverCommandExecutor.execute(DriverCommandExecutor.java:83)
	at org.openqa.selenium.remote.RemoteWebDriver.execute(RemoteWebDriver.java:552)
	at com.kms.katalon.selenium.driver.CChromeDriver.execute(CChromeDriver.java:19)
	at org.openqa.selenium.remote.RemoteWebElement.execute(RemoteWebElement.java:285)
	at org.openqa.selenium.remote.RemoteWebElement.click(RemoteWebElement.java:84)
	at org.openqa.selenium.support.events.EventFiringWebDriver$EventFiringWebElement.lambda$new$0(EventFiringWebDriver.java:404)
	at com.sun.proxy.$Proxy11.click(Unknown Source)
	at org.openqa.selenium.support.events.EventFiringWebDriver$EventFiringWebElement.click(EventFiringWebDriver.java:417)
	at org.openqa.selenium.WebElement$click.call(Unknown Source)
	at com.kms.katalon.core.webui.keyword.builtin.ClickKeyword.clickUntilSuccessWithTimeout(ClickKeyword.groovy:81)
	at com.kms.katalon.core.webui.keyword.builtin.ClickKeyword.clickUntilSuccessWithTimeout(ClickKeyword.groovy)
	at com.kms.katalon.core.webui.keyword.builtin.ClickKeyword$_click_closure1.doCall(ClickKeyword.groovy:67)
	at com.kms.katalon.core.webui.keyword.builtin.ClickKeyword$_click_closure1.call(ClickKeyword.groovy)
	at com.kms.katalon.core.webui.keyword.internal.WebUIKeywordMain.runKeyword(WebUIKeywordMain.groovy:20)
	... 22 more


2022-01-14 10:11:24 - [TEST_STEP][PASSED] - openBrowser(""): Browser is opened with url: ''

2022-01-14 10:11:24 - [MESSAGE][WARNING] - A browser is already opened. Closing browser and opening a new one

2022-01-14 10:11:24 - [MESSAGE][INFO] - Starting 'Chrome' driver

2022-01-14 10:11:24 - [MESSAGE][INFO] - Action delay is set to 0 milliseconds

2022-01-14 10:11:26 - [MESSAGE][PASSED] - Browser is opened with url: ''

2022-01-14 10:11:26 - [TEST_STEP][PASSED] - closeBrowser(): Browser is closed

2022-01-14 10:11:26 - [MESSAGE][PASSED] - Browser is closed

2022-01-14 10:11:26 - [TEST_STEP][PASSED] - openBrowser(""): Browser is opened with url: ''

2022-01-14 10:11:26 - [MESSAGE][INFO] - Starting 'Chrome' driver

2022-01-14 10:11:26 - [MESSAGE][INFO] - Action delay is set to 0 milliseconds

2022-01-14 10:11:27 - [MESSAGE][PASSED] - Browser is opened with url: ''

2022-01-14 10:11:27 - [TEST_STEP][PASSED] - navigateToUrl("http://localhost/"): Navigate to 'http://localhost/' successfully

2022-01-14 10:11:28 - [MESSAGE][PASSED] - Navigate to 'http://localhost/' successfully

2022-01-14 10:11:28 - [TEST_STEP][PASSED] - click(findTestObject("Object Repository/Page_L Tm Anh/a_Log in")): Object: 'Object Repository/Page_L Tm Anh/a_Log in' is clicked on

2022-01-14 10:11:29 - [MESSAGE][PASSED] - Object: 'Object Repository/Page_L Tm Anh/a_Log in' is clicked on

2022-01-14 10:11:29 - [TEST_STEP][PASSED] - setText(findTestObject("Object Repository/Page_L Tm Anh Log in to the site/input_Username_username"), "admin"): Text 'admin' is set on object 'Object Repository/Page_L Tm Anh Log in to the site/input_Username_username'

2022-01-14 10:11:30 - [MESSAGE][PASSED] - Text 'admin' is set on object 'Object Repository/Page_L Tm Anh Log in to the site/input_Username_username'

2022-01-14 10:11:30 - [TEST_STEP][PASSED] - setEncryptedText(findTestObject("Object Repository/Page_L Tm Anh Log in to the site/input_Password_password"), "eGmz8XUbrLe3vUQiiiujBg=="): Text ****** has been set on object 'Object Repository/Page_L Tm Anh Log in to the site/input_Password_password'

2022-01-14 10:11:30 - [MESSAGE][PASSED] - Text ****** has been set on object 'Object Repository/Page_L Tm Anh Log in to the site/input_Password_password'

2022-01-14 10:11:30 - [TEST_STEP][PASSED] - click(findTestObject("Object Repository/Page_L Tm Anh Log in to the site/button_Log in")): Object: 'Object Repository/Page_L Tm Anh Log in to the site/button_Log in' is clicked on

2022-01-14 10:11:31 - [MESSAGE][PASSED] - Object: 'Object Repository/Page_L Tm Anh Log in to the site/button_Log in' is clicked on

2022-01-14 10:11:31 - [TEST_STEP][PASSED] - click(findTestObject("Object Repository/Page_Dashboard/a_0")): Object: 'Object Repository/Page_Dashboard/a_0' is clicked on

2022-01-14 10:12:02 - [MESSAGE][INFO] - Unable to find the element located by 'By.xpath: //a[@id='message-drawer-toggle-61dc107224f9a61dc1072131d45']'. Please recheck the objects properties to make sure the desired element is located. 

2022-01-14 10:12:02 - [MESSAGE][WARNING] - [SELF-HEALING] Failed to find element with id 'Object Repository/Page_Dashboard/a_0'. Try using Self-healing.

2022-01-14 10:12:04 - [MESSAGE][INFO] - Unable to find the element located by 'By.xpath: //div[@id='usernavigation']/div[2]/a'. Please recheck the objects properties to make sure the desired element is located. 

2022-01-14 10:12:04 - [MESSAGE][WARNING] - [SELF-HEALING] The current locator of test object 'Object Repository/Page_Dashboard/a_0' was broken. Propose an alternative one: '(.//*[normalize-space(text()) and normalize-space(.)='See all'])[1]/following::a[1]'.

2022-01-14 10:12:04 - [MESSAGE][PASSED] - Object: 'Object Repository/Page_Dashboard/a_0' is clicked on

2022-01-14 10:12:04 - [TEST_STEP][FAILED] - click(findTestObject("Object Repository/Page_Dashboard/div_Team 1")): Unable to click on object 'Object Repository/Page_Dashboard/div_Team 1' (Root cause: com.kms.katalon.core.exception.StepFailedException: Unable to click on object 'Object Repository/Page_Dashboard/div_Team 1'
	at com.kms.katalon.core.webui.keyword.internal.WebUIKeywordMain.stepFailed(WebUIKeywordMain.groovy:64)
	at com.kms.katalon.core.webui.keyword.internal.WebUIKeywordMain.runKeyword(WebUIKeywordMain.groovy:26)
	at com.kms.katalon.core.webui.keyword.builtin.ClickKeyword.click(ClickKeyword.groovy:74)
	at com.kms.katalon.core.webui.keyword.builtin.ClickKeyword.execute(ClickKeyword.groovy:40)
	at com.kms.katalon.core.keyword.internal.KeywordExecutor.executeKeywordForPlatform(KeywordExecutor.groovy:74)
	at com.kms.katalon.core.webui.keyword.WebUiBuiltInKeywords.click(WebUiBuiltInKeywords.groovy:620)
	at com.kms.katalon.core.webui.keyword.WebUiBuiltInKeywords$click$1.call(Unknown Source)
	at Chat with group.run(Chat with group:38)
	at com.kms.katalon.core.main.ScriptEngine.run(ScriptEngine.java:194)
	at com.kms.katalon.core.main.ScriptEngine.runScriptAsRawText(ScriptEngine.java:119)
	at com.kms.katalon.core.main.TestCaseExecutor.runScript(TestCaseExecutor.java:442)
	at com.kms.katalon.core.main.TestCaseExecutor.doExecute(TestCaseExecutor.java:433)
	at com.kms.katalon.core.main.TestCaseExecutor.processExecutionPhase(TestCaseExecutor.java:412)
	at com.kms.katalon.core.main.TestCaseExecutor.accessMainPhase(TestCaseExecutor.java:404)
	at com.kms.katalon.core.main.TestCaseExecutor.execute(TestCaseExecutor.java:281)
	at com.kms.katalon.core.main.TestCaseExecutor.execute(TestCaseExecutor.java:363)
	at com.kms.katalon.core.main.TestCaseExecutor.execute(TestCaseExecutor.java:363)
	at com.kms.katalon.core.main.TestCaseExecutor.execute(TestCaseExecutor.java:363)
	at com.kms.katalon.core.main.TestSuiteExecutor.accessTestCaseMainPhase(TestSuiteExecutor.java:202)
	at com.kms.katalon.core.main.TestSuiteExecutor.accessTestSuiteMainPhase(TestSuiteExecutor.java:164)
	at com.kms.katalon.core.main.TestSuiteExecutor.execute(TestSuiteExecutor.java:105)
	at com.kms.katalon.core.main.TestCaseMain.startTestSuite(TestCaseMain.java:181)
	at com.kms.katalon.core.main.TestCaseMain$startTestSuite$0.call(Unknown Source)
	at TempTestSuite1642129377811.run(TempTestSuite1642129377811.groovy:36)
Caused by: org.openqa.selenium.ElementNotInteractableException: element not interactable
  (Session info: chrome=97.0.4692.71)
Build info: version: '3.141.59', revision: 'e82be7d358', time: '2018-11-14T08:25:53'
System info: host: 'DESKTOP-5O7CBM9', ip: '192.168.16.1', os.name: 'Windows 10', os.arch: 'amd64', os.version: '10.0', java.version: '1.8.0_282'
Driver info: com.kms.katalon.selenium.driver.CChromeDriver
Capabilities {acceptInsecureCerts: false, browserName: chrome, browserVersion: 97.0.4692.71, chrome: {chromedriverVersion: 97.0.4692.71 (adefa7837d02a..., userDataDir: C:\Users\antra\AppData\Loca...}, goog:chromeOptions: {debuggerAddress: localhost:52819}, javascriptEnabled: true, networkConnectionEnabled: false, pageLoadStrategy: normal, platform: WINDOWS, platformName: WINDOWS, proxy: Proxy(), setWindowRect: true, strictFileInteractability: false, timeouts: {implicit: 0, pageLoad: 300000, script: 30000}, unhandledPromptBehavior: dismiss and notify, webauthn:extension:credBlob: true, webauthn:extension:largeBlob: true, webauthn:virtualAuthenticators: true}
Session ID: 5e8296afa0b51e2020f70040b6c391ed
	at org.openqa.selenium.remote.http.W3CHttpResponseCodec.createException(W3CHttpResponseCodec.java:187)
	at org.openqa.selenium.remote.http.W3CHttpResponseCodec.decode(W3CHttpResponseCodec.java:122)
	at org.openqa.selenium.remote.http.W3CHttpResponseCodec.decode(W3CHttpResponseCodec.java:49)
	at org.openqa.selenium.remote.HttpCommandExecutor.execute(HttpCommandExecutor.java:158)
	at org.openqa.selenium.remote.service.DriverCommandExecutor.execute(DriverCommandExecutor.java:83)
	at org.openqa.selenium.remote.RemoteWebDriver.execute(RemoteWebDriver.java:552)
	at com.kms.katalon.selenium.driver.CChromeDriver.execute(CChromeDriver.java:19)
	at org.openqa.selenium.remote.RemoteWebElement.execute(RemoteWebElement.java:285)
	at org.openqa.selenium.remote.RemoteWebElement.click(RemoteWebElement.java:84)
	at org.openqa.selenium.support.events.EventFiringWebDriver$EventFiringWebElement.lambda$new$0(EventFiringWebDriver.java:404)
	at com.sun.proxy.$Proxy11.click(Unknown Source)
	at org.openqa.selenium.support.events.EventFiringWebDriver$EventFiringWebElement.click(EventFiringWebDriver.java:417)
	at org.openqa.selenium.WebElement$click.call(Unknown Source)
	at com.kms.katalon.core.webui.keyword.builtin.ClickKeyword.clickUntilSuccessWithTimeout(ClickKeyword.groovy:81)
	at com.kms.katalon.core.webui.keyword.builtin.ClickKeyword.clickUntilSuccessWithTimeout(ClickKeyword.groovy)
	at com.kms.katalon.core.webui.keyword.builtin.ClickKeyword$_click_closure1.doCall(ClickKeyword.groovy:67)
	at com.kms.katalon.core.webui.keyword.builtin.ClickKeyword$_click_closure1.call(ClickKeyword.groovy)
	at com.kms.katalon.core.webui.keyword.internal.WebUIKeywordMain.runKeyword(WebUIKeywordMain.groovy:20)
	at com.kms.katalon.core.webui.keyword.builtin.ClickKeyword.click(ClickKeyword.groovy:74)
	at com.kms.katalon.core.webui.keyword.builtin.ClickKeyword.execute(ClickKeyword.groovy:40)
	at com.kms.katalon.core.keyword.internal.KeywordExecutor.executeKeywordForPlatform(KeywordExecutor.groovy:74)
	at com.kms.katalon.core.webui.keyword.WebUiBuiltInKeywords.click(WebUiBuiltInKeywords.groovy:620)
	at com.kms.katalon.core.webui.keyword.WebUiBuiltInKeywords$click$1.call(Unknown Source)
	at Script1641650683402.run(Script1641650683402.groovy:38)
	... 16 more
)

2022-01-14 10:12:35 - [MESSAGE][INFO] - Unable to find the element located by 'By.xpath: //div[@id='view-overview-group-messages-target-61d99a8c1b06361d99a8a88c6d7']/div[2]/a/div/div'. Please recheck the objects properties to make sure the desired element is located. 

2022-01-14 10:12:35 - [MESSAGE][WARNING] - [SELF-HEALING] Failed to find element with id 'Object Repository/Page_Dashboard/div_Team 1'. Try using Self-healing.

2022-01-14 10:12:35 - [MESSAGE][WARNING] - [SELF-HEALING] The current locator of test object 'Object Repository/Page_Dashboard/div_Team 1' was broken. Propose an alternative one: '(.//*[normalize-space(text()) and normalize-space(.)='Group'])[1]/following::div[5]'.

2022-01-14 10:12:36 - [MESSAGE][FAILED] - Unable to click on object 'Object Repository/Page_Dashboard/div_Team 1' (Root cause: com.kms.katalon.core.exception.StepFailedException: Unable to click on object 'Object Repository/Page_Dashboard/div_Team 1'
	at com.kms.katalon.core.webui.keyword.internal.WebUIKeywordMain.stepFailed(WebUIKeywordMain.groovy:64)
	at com.kms.katalon.core.webui.keyword.internal.WebUIKeywordMain.runKeyword(WebUIKeywordMain.groovy:26)
	at com.kms.katalon.core.webui.keyword.builtin.ClickKeyword.click(ClickKeyword.groovy:74)
	at com.kms.katalon.core.webui.keyword.builtin.ClickKeyword.execute(ClickKeyword.groovy:40)
	at com.kms.katalon.core.keyword.internal.KeywordExecutor.executeKeywordForPlatform(KeywordExecutor.groovy:74)
	at com.kms.katalon.core.webui.keyword.WebUiBuiltInKeywords.click(WebUiBuiltInKeywords.groovy:620)
	at com.kms.katalon.core.webui.keyword.WebUiBuiltInKeywords$click$1.call(Unknown Source)
	at Chat with group.run(Chat with group:38)
	at com.kms.katalon.core.main.ScriptEngine.run(ScriptEngine.java:194)
	at com.kms.katalon.core.main.ScriptEngine.runScriptAsRawText(ScriptEngine.java:119)
	at com.kms.katalon.core.main.TestCaseExecutor.runScript(TestCaseExecutor.java:442)
	at com.kms.katalon.core.main.TestCaseExecutor.doExecute(TestCaseExecutor.java:433)
	at com.kms.katalon.core.main.TestCaseExecutor.processExecutionPhase(TestCaseExecutor.java:412)
	at com.kms.katalon.core.main.TestCaseExecutor.accessMainPhase(TestCaseExecutor.java:404)
	at com.kms.katalon.core.main.TestCaseExecutor.execute(TestCaseExecutor.java:281)
	at com.kms.katalon.core.main.TestCaseExecutor.execute(TestCaseExecutor.java:363)
	at com.kms.katalon.core.main.TestCaseExecutor.execute(TestCaseExecutor.java:363)
	at com.kms.katalon.core.main.TestCaseExecutor.execute(TestCaseExecutor.java:363)
	at com.kms.katalon.core.main.TestSuiteExecutor.accessTestCaseMainPhase(TestSuiteExecutor.java:202)
	at com.kms.katalon.core.main.TestSuiteExecutor.accessTestSuiteMainPhase(TestSuiteExecutor.java:164)
	at com.kms.katalon.core.main.TestSuiteExecutor.execute(TestSuiteExecutor.java:105)
	at com.kms.katalon.core.main.TestCaseMain.startTestSuite(TestCaseMain.java:181)
	at com.kms.katalon.core.main.TestCaseMain$startTestSuite$0.call(Unknown Source)
	at TempTestSuite1642129377811.run(TempTestSuite1642129377811.groovy:36)
Caused by: org.openqa.selenium.ElementNotInteractableException: element not interactable
  (Session info: chrome=97.0.4692.71)
Build info: version: '3.141.59', revision: 'e82be7d358', time: '2018-11-14T08:25:53'
System info: host: 'DESKTOP-5O7CBM9', ip: '192.168.16.1', os.name: 'Windows 10', os.arch: 'amd64', os.version: '10.0', java.version: '1.8.0_282'
Driver info: com.kms.katalon.selenium.driver.CChromeDriver
Capabilities {acceptInsecureCerts: false, browserName: chrome, browserVersion: 97.0.4692.71, chrome: {chromedriverVersion: 97.0.4692.71 (adefa7837d02a..., userDataDir: C:\Users\antra\AppData\Loca...}, goog:chromeOptions: {debuggerAddress: localhost:52819}, javascriptEnabled: true, networkConnectionEnabled: false, pageLoadStrategy: normal, platform: WINDOWS, platformName: WINDOWS, proxy: Proxy(), setWindowRect: true, strictFileInteractability: false, timeouts: {implicit: 0, pageLoad: 300000, script: 30000}, unhandledPromptBehavior: dismiss and notify, webauthn:extension:credBlob: true, webauthn:extension:largeBlob: true, webauthn:virtualAuthenticators: true}
Session ID: 5e8296afa0b51e2020f70040b6c391ed
	at org.openqa.selenium.remote.http.W3CHttpResponseCodec.createException(W3CHttpResponseCodec.java:187)
	at org.openqa.selenium.remote.http.W3CHttpResponseCodec.decode(W3CHttpResponseCodec.java:122)
	at org.openqa.selenium.remote.http.W3CHttpResponseCodec.decode(W3CHttpResponseCodec.java:49)
	at org.openqa.selenium.remote.HttpCommandExecutor.execute(HttpCommandExecutor.java:158)
	at org.openqa.selenium.remote.service.DriverCommandExecutor.execute(DriverCommandExecutor.java:83)
	at org.openqa.selenium.remote.RemoteWebDriver.execute(RemoteWebDriver.java:552)
	at com.kms.katalon.selenium.driver.CChromeDriver.execute(CChromeDriver.java:19)
	at org.openqa.selenium.remote.RemoteWebElement.execute(RemoteWebElement.java:285)
	at org.openqa.selenium.remote.RemoteWebElement.click(RemoteWebElement.java:84)
	at org.openqa.selenium.support.events.EventFiringWebDriver$EventFiringWebElement.lambda$new$0(EventFiringWebDriver.java:404)
	at com.sun.proxy.$Proxy11.click(Unknown Source)
	at org.openqa.selenium.support.events.EventFiringWebDriver$EventFiringWebElement.click(EventFiringWebDriver.java:417)
	at org.openqa.selenium.WebElement$click.call(Unknown Source)
	at com.kms.katalon.core.webui.keyword.builtin.ClickKeyword.clickUntilSuccessWithTimeout(ClickKeyword.groovy:81)
	at com.kms.katalon.core.webui.keyword.builtin.ClickKeyword.clickUntilSuccessWithTimeout(ClickKeyword.groovy)
	at com.kms.katalon.core.webui.keyword.builtin.ClickKeyword$_click_closure1.doCall(ClickKeyword.groovy:67)
	at com.kms.katalon.core.webui.keyword.builtin.ClickKeyword$_click_closure1.call(ClickKeyword.groovy)
	at com.kms.katalon.core.webui.keyword.internal.WebUIKeywordMain.runKeyword(WebUIKeywordMain.groovy:20)
	at com.kms.katalon.core.webui.keyword.builtin.ClickKeyword.click(ClickKeyword.groovy:74)
	at com.kms.katalon.core.webui.keyword.builtin.ClickKeyword.execute(ClickKeyword.groovy:40)
	at com.kms.katalon.core.keyword.internal.KeywordExecutor.executeKeywordForPlatform(KeywordExecutor.groovy:74)
	at com.kms.katalon.core.webui.keyword.WebUiBuiltInKeywords.click(WebUiBuiltInKeywords.groovy:620)
	at com.kms.katalon.core.webui.keyword.WebUiBuiltInKeywords$click$1.call(Unknown Source)
	at Script1641650683402.run(Script1641650683402.groovy:38)
	... 16 more
)
[[ATTACHMENT|C:\\Users\\antra\\git\\SE-Bonus\\Reports\\20220114_100257\\Run all test cases\\20220114_100257\\1642129956001.png]]]]></system-out>
         <system-err><![CDATA[2022-01-14 10:11:24 - [TEST_CASE][FAILED] - Test Cases/Chat/Chat with group: Test Cases/Chat/Chat with group FAILED.
Reason:
com.kms.katalon.core.exception.StepFailedException: Unable to click on object 'Object Repository/Page_Dashboard/div_Team 1'
	at com.kms.katalon.core.webui.keyword.internal.WebUIKeywordMain.stepFailed(WebUIKeywordMain.groovy:64)
	at com.kms.katalon.core.webui.keyword.internal.WebUIKeywordMain.runKeyword(WebUIKeywordMain.groovy:26)
	at com.kms.katalon.core.webui.keyword.builtin.ClickKeyword.click(ClickKeyword.groovy:74)
	at com.kms.katalon.core.webui.keyword.builtin.ClickKeyword.execute(ClickKeyword.groovy:40)
	at com.kms.katalon.core.keyword.internal.KeywordExecutor.executeKeywordForPlatform(KeywordExecutor.groovy:74)
	at com.kms.katalon.core.webui.keyword.WebUiBuiltInKeywords.click(WebUiBuiltInKeywords.groovy:620)
	at com.kms.katalon.core.webui.keyword.WebUiBuiltInKeywords$click$1.call(Unknown Source)
	at Chat with group.run(Chat with group:38)
	at com.kms.katalon.core.main.ScriptEngine.run(ScriptEngine.java:194)
	at com.kms.katalon.core.main.ScriptEngine.runScriptAsRawText(ScriptEngine.java:119)
	at com.kms.katalon.core.main.TestCaseExecutor.runScript(TestCaseExecutor.java:442)
	at com.kms.katalon.core.main.TestCaseExecutor.doExecute(TestCaseExecutor.java:433)
	at com.kms.katalon.core.main.TestCaseExecutor.processExecutionPhase(TestCaseExecutor.java:412)
	at com.kms.katalon.core.main.TestCaseExecutor.accessMainPhase(TestCaseExecutor.java:404)
	at com.kms.katalon.core.main.TestCaseExecutor.execute(TestCaseExecutor.java:281)
	at com.kms.katalon.core.main.TestCaseExecutor.execute(TestCaseExecutor.java:363)
	at com.kms.katalon.core.main.TestCaseExecutor.execute(TestCaseExecutor.java:363)
	at com.kms.katalon.core.main.TestCaseExecutor.execute(TestCaseExecutor.java:363)
	at com.kms.katalon.core.main.TestSuiteExecutor.accessTestCaseMainPhase(TestSuiteExecutor.java:202)
	at com.kms.katalon.core.main.TestSuiteExecutor.accessTestSuiteMainPhase(TestSuiteExecutor.java:164)
	at com.kms.katalon.core.main.TestSuiteExecutor.execute(TestSuiteExecutor.java:105)
	at com.kms.katalon.core.main.TestCaseMain.startTestSuite(TestCaseMain.java:181)
	at com.kms.katalon.core.main.TestCaseMain$startTestSuite$0.call(Unknown Source)
	at TempTestSuite1642129377811.run(TempTestSuite1642129377811.groovy:36)
Caused by: org.openqa.selenium.ElementNotInteractableException: element not interactable
  (Session info: chrome=97.0.4692.71)
Build info: version: '3.141.59', revision: 'e82be7d358', time: '2018-11-14T08:25:53'
System info: host: 'DESKTOP-5O7CBM9', ip: '192.168.16.1', os.name: 'Windows 10', os.arch: 'amd64', os.version: '10.0', java.version: '1.8.0_282'
Driver info: com.kms.katalon.selenium.driver.CChromeDriver
Capabilities {acceptInsecureCerts: false, browserName: chrome, browserVersion: 97.0.4692.71, chrome: {chromedriverVersion: 97.0.4692.71 (adefa7837d02a..., userDataDir: C:\Users\antra\AppData\Loca...}, goog:chromeOptions: {debuggerAddress: localhost:52819}, javascriptEnabled: true, networkConnectionEnabled: false, pageLoadStrategy: normal, platform: WINDOWS, platformName: WINDOWS, proxy: Proxy(), setWindowRect: true, strictFileInteractability: false, timeouts: {implicit: 0, pageLoad: 300000, script: 30000}, unhandledPromptBehavior: dismiss and notify, webauthn:extension:credBlob: true, webauthn:extension:largeBlob: true, webauthn:virtualAuthenticators: true}
Session ID: 5e8296afa0b51e2020f70040b6c391ed
	at org.openqa.selenium.remote.http.W3CHttpResponseCodec.createException(W3CHttpResponseCodec.java:187)
	at org.openqa.selenium.remote.http.W3CHttpResponseCodec.decode(W3CHttpResponseCodec.java:122)
	at org.openqa.selenium.remote.http.W3CHttpResponseCodec.decode(W3CHttpResponseCodec.java:49)
	at org.openqa.selenium.remote.HttpCommandExecutor.execute(HttpCommandExecutor.java:158)
	at org.openqa.selenium.remote.service.DriverCommandExecutor.execute(DriverCommandExecutor.java:83)
	at org.openqa.selenium.remote.RemoteWebDriver.execute(RemoteWebDriver.java:552)
	at com.kms.katalon.selenium.driver.CChromeDriver.execute(CChromeDriver.java:19)
	at org.openqa.selenium.remote.RemoteWebElement.execute(RemoteWebElement.java:285)
	at org.openqa.selenium.remote.RemoteWebElement.click(RemoteWebElement.java:84)
	at org.openqa.selenium.support.events.EventFiringWebDriver$EventFiringWebElement.lambda$new$0(EventFiringWebDriver.java:404)
	at com.sun.proxy.$Proxy11.click(Unknown Source)
	at org.openqa.selenium.support.events.EventFiringWebDriver$EventFiringWebElement.click(EventFiringWebDriver.java:417)
	at org.openqa.selenium.WebElement$click.call(Unknown Source)
	at com.kms.katalon.core.webui.keyword.builtin.ClickKeyword.clickUntilSuccessWithTimeout(ClickKeyword.groovy:81)
	at com.kms.katalon.core.webui.keyword.builtin.ClickKeyword.clickUntilSuccessWithTimeout(ClickKeyword.groovy)
	at com.kms.katalon.core.webui.keyword.builtin.ClickKeyword$_click_closure1.doCall(ClickKeyword.groovy:67)
	at com.kms.katalon.core.webui.keyword.builtin.ClickKeyword$_click_closure1.call(ClickKeyword.groovy)
	at com.kms.katalon.core.webui.keyword.internal.WebUIKeywordMain.runKeyword(WebUIKeywordMain.groovy:20)
	... 22 more]]></system-err>
      </testcase>
      <testcase name="Test Cases/Chat/Chat private" time="38.793" classname="Test Cases/Chat/Chat private" status="FAILED">
         <failure type="FAILED" message="Test Cases/Chat/Chat private FAILED.
Reason:
com.kms.katalon.core.exception.StepFailedException: Unable to click on object 'Object Repository/Page_Dashboard/i_hello_icon fa fa-caret-right fa-fw'
	at com.kms.katalon.core.webui.keyword.internal.WebUIKeywordMain.stepFailed(WebUIKeywordMain.groovy:64)
	at com.kms.katalon.core.webui.keyword.internal.WebUIKeywordMain.runKeyword(WebUIKeywordMain.groovy:26)
	at com.kms.katalon.core.webui.keyword.builtin.ClickKeyword.click(ClickKeyword.groovy:74)
	at com.kms.katalon.core.webui.keyword.builtin.ClickKeyword.execute(ClickKeyword.groovy:40)
	at com.kms.katalon.core.keyword.internal.KeywordExecutor.executeKeywordForPlatform(KeywordExecutor.groovy:74)
	at com.kms.katalon.core.webui.keyword.WebUiBuiltInKeywords.click(WebUiBuiltInKeywords.groovy:620)
	at com.kms.katalon.core.webui.keyword.WebUiBuiltInKeywords$click$1.call(Unknown Source)
	at Chat private.run(Chat private:34)
	at com.kms.katalon.core.main.ScriptEngine.run(ScriptEngine.java:194)
	at com.kms.katalon.core.main.ScriptEngine.runScriptAsRawText(ScriptEngine.java:119)
	at com.kms.katalon.core.main.TestCaseExecutor.runScript(TestCaseExecutor.java:442)
	at com.kms.katalon.core.main.TestCaseExecutor.doExecute(TestCaseExecutor.java:433)
	at com.kms.katalon.core.main.TestCaseExecutor.processExecutionPhase(TestCaseExecutor.java:412)
	at com.kms.katalon.core.main.TestCaseExecutor.accessMainPhase(TestCaseExecutor.java:404)
	at com.kms.katalon.core.main.TestCaseExecutor.execute(TestCaseExecutor.java:281)
	at com.kms.katalon.core.main.TestCaseExecutor.execute(TestCaseExecutor.java:363)
	at com.kms.katalon.core.main.TestCaseExecutor.execute(TestCaseExecutor.java:363)
	at com.kms.katalon.core.main.TestCaseExecutor.execute(TestCaseExecutor.java:363)
	at com.kms.katalon.core.main.TestSuiteExecutor.accessTestCaseMainPhase(TestSuiteExecutor.java:202)
	at com.kms.katalon.core.main.TestSuiteExecutor.accessTestSuiteMainPhase(TestSuiteExecutor.java:164)
	at com.kms.katalon.core.main.TestSuiteExecutor.execute(TestSuiteExecutor.java:105)
	at com.kms.katalon.core.main.TestCaseMain.startTestSuite(TestCaseMain.java:181)
	at com.kms.katalon.core.main.TestCaseMain$startTestSuite$0.call(Unknown Source)
	at TempTestSuite1642129377811.run(TempTestSuite1642129377811.groovy:36)
Caused by: org.openqa.selenium.ElementNotInteractableException: element not interactable
  (Session info: chrome=97.0.4692.71)
Build info: version: '3.141.59', revision: 'e82be7d358', time: '2018-11-14T08:25:53'
System info: host: 'DESKTOP-5O7CBM9', ip: '192.168.16.1', os.name: 'Windows 10', os.arch: 'amd64', os.version: '10.0', java.version: '1.8.0_282'
Driver info: com.kms.katalon.selenium.driver.CChromeDriver
Capabilities {acceptInsecureCerts: false, browserName: chrome, browserVersion: 97.0.4692.71, chrome: {chromedriverVersion: 97.0.4692.71 (adefa7837d02a..., userDataDir: C:\Users\antra\AppData\Loca...}, goog:chromeOptions: {debuggerAddress: localhost:53045}, javascriptEnabled: true, networkConnectionEnabled: false, pageLoadStrategy: normal, platform: WINDOWS, platformName: WINDOWS, proxy: Proxy(), setWindowRect: true, strictFileInteractability: false, timeouts: {implicit: 0, pageLoad: 300000, script: 30000}, unhandledPromptBehavior: dismiss and notify, webauthn:extension:credBlob: true, webauthn:extension:largeBlob: true, webauthn:virtualAuthenticators: true}
Session ID: d104b180e7b61ece53fd46e15a8ec9f0
	at org.openqa.selenium.remote.http.W3CHttpResponseCodec.createException(W3CHttpResponseCodec.java:187)
	at org.openqa.selenium.remote.http.W3CHttpResponseCodec.decode(W3CHttpResponseCodec.java:122)
	at org.openqa.selenium.remote.http.W3CHttpResponseCodec.decode(W3CHttpResponseCodec.java:49)
	at org.openqa.selenium.remote.HttpCommandExecutor.execute(HttpCommandExecutor.java:158)
	at org.openqa.selenium.remote.service.DriverCommandExecutor.execute(DriverCommandExecutor.java:83)
	at org.openqa.selenium.remote.RemoteWebDriver.execute(RemoteWebDriver.java:552)
	at com.kms.katalon.selenium.driver.CChromeDriver.execute(CChromeDriver.java:19)
	at org.openqa.selenium.remote.RemoteWebElement.execute(RemoteWebElement.java:285)
	at org.openqa.selenium.remote.RemoteWebElement.click(RemoteWebElement.java:84)
	at org.openqa.selenium.support.events.EventFiringWebDriver$EventFiringWebElement.lambda$new$0(EventFiringWebDriver.java:404)
	at com.sun.proxy.$Proxy11.click(Unknown Source)
	at org.openqa.selenium.support.events.EventFiringWebDriver$EventFiringWebElement.click(EventFiringWebDriver.java:417)
	at org.openqa.selenium.WebElement$click.call(Unknown Source)
	at com.kms.katalon.core.webui.keyword.builtin.ClickKeyword.clickUntilSuccessWithTimeout(ClickKeyword.groovy:81)
	at com.kms.katalon.core.webui.keyword.builtin.ClickKeyword.clickUntilSuccessWithTimeout(ClickKeyword.groovy)
	at com.kms.katalon.core.webui.keyword.builtin.ClickKeyword$_click_closure1.doCall(ClickKeyword.groovy:67)
	at com.kms.katalon.core.webui.keyword.builtin.ClickKeyword$_click_closure1.call(ClickKeyword.groovy)
	at com.kms.katalon.core.webui.keyword.internal.WebUIKeywordMain.runKeyword(WebUIKeywordMain.groovy:20)
	... 22 more
"/>
         <system-out><![CDATA[2022-01-14 10:14:32 - [TEST_CASE][FAILED] - Test Cases/Chat/Chat private: Test Cases/Chat/Chat private FAILED.
Reason:
com.kms.katalon.core.exception.StepFailedException: Unable to click on object 'Object Repository/Page_Dashboard/i_hello_icon fa fa-caret-right fa-fw'
	at com.kms.katalon.core.webui.keyword.internal.WebUIKeywordMain.stepFailed(WebUIKeywordMain.groovy:64)
	at com.kms.katalon.core.webui.keyword.internal.WebUIKeywordMain.runKeyword(WebUIKeywordMain.groovy:26)
	at com.kms.katalon.core.webui.keyword.builtin.ClickKeyword.click(ClickKeyword.groovy:74)
	at com.kms.katalon.core.webui.keyword.builtin.ClickKeyword.execute(ClickKeyword.groovy:40)
	at com.kms.katalon.core.keyword.internal.KeywordExecutor.executeKeywordForPlatform(KeywordExecutor.groovy:74)
	at com.kms.katalon.core.webui.keyword.WebUiBuiltInKeywords.click(WebUiBuiltInKeywords.groovy:620)
	at com.kms.katalon.core.webui.keyword.WebUiBuiltInKeywords$click$1.call(Unknown Source)
	at Chat private.run(Chat private:34)
	at com.kms.katalon.core.main.ScriptEngine.run(ScriptEngine.java:194)
	at com.kms.katalon.core.main.ScriptEngine.runScriptAsRawText(ScriptEngine.java:119)
	at com.kms.katalon.core.main.TestCaseExecutor.runScript(TestCaseExecutor.java:442)
	at com.kms.katalon.core.main.TestCaseExecutor.doExecute(TestCaseExecutor.java:433)
	at com.kms.katalon.core.main.TestCaseExecutor.processExecutionPhase(TestCaseExecutor.java:412)
	at com.kms.katalon.core.main.TestCaseExecutor.accessMainPhase(TestCaseExecutor.java:404)
	at com.kms.katalon.core.main.TestCaseExecutor.execute(TestCaseExecutor.java:281)
	at com.kms.katalon.core.main.TestCaseExecutor.execute(TestCaseExecutor.java:363)
	at com.kms.katalon.core.main.TestCaseExecutor.execute(TestCaseExecutor.java:363)
	at com.kms.katalon.core.main.TestCaseExecutor.execute(TestCaseExecutor.java:363)
	at com.kms.katalon.core.main.TestSuiteExecutor.accessTestCaseMainPhase(TestSuiteExecutor.java:202)
	at com.kms.katalon.core.main.TestSuiteExecutor.accessTestSuiteMainPhase(TestSuiteExecutor.java:164)
	at com.kms.katalon.core.main.TestSuiteExecutor.execute(TestSuiteExecutor.java:105)
	at com.kms.katalon.core.main.TestCaseMain.startTestSuite(TestCaseMain.java:181)
	at com.kms.katalon.core.main.TestCaseMain$startTestSuite$0.call(Unknown Source)
	at TempTestSuite1642129377811.run(TempTestSuite1642129377811.groovy:36)
Caused by: org.openqa.selenium.ElementNotInteractableException: element not interactable
  (Session info: chrome=97.0.4692.71)
Build info: version: '3.141.59', revision: 'e82be7d358', time: '2018-11-14T08:25:53'
System info: host: 'DESKTOP-5O7CBM9', ip: '192.168.16.1', os.name: 'Windows 10', os.arch: 'amd64', os.version: '10.0', java.version: '1.8.0_282'
Driver info: com.kms.katalon.selenium.driver.CChromeDriver
Capabilities {acceptInsecureCerts: false, browserName: chrome, browserVersion: 97.0.4692.71, chrome: {chromedriverVersion: 97.0.4692.71 (adefa7837d02a..., userDataDir: C:\Users\antra\AppData\Loca...}, goog:chromeOptions: {debuggerAddress: localhost:53045}, javascriptEnabled: true, networkConnectionEnabled: false, pageLoadStrategy: normal, platform: WINDOWS, platformName: WINDOWS, proxy: Proxy(), setWindowRect: true, strictFileInteractability: false, timeouts: {implicit: 0, pageLoad: 300000, script: 30000}, unhandledPromptBehavior: dismiss and notify, webauthn:extension:credBlob: true, webauthn:extension:largeBlob: true, webauthn:virtualAuthenticators: true}
Session ID: d104b180e7b61ece53fd46e15a8ec9f0
	at org.openqa.selenium.remote.http.W3CHttpResponseCodec.createException(W3CHttpResponseCodec.java:187)
	at org.openqa.selenium.remote.http.W3CHttpResponseCodec.decode(W3CHttpResponseCodec.java:122)
	at org.openqa.selenium.remote.http.W3CHttpResponseCodec.decode(W3CHttpResponseCodec.java:49)
	at org.openqa.selenium.remote.HttpCommandExecutor.execute(HttpCommandExecutor.java:158)
	at org.openqa.selenium.remote.service.DriverCommandExecutor.execute(DriverCommandExecutor.java:83)
	at org.openqa.selenium.remote.RemoteWebDriver.execute(RemoteWebDriver.java:552)
	at com.kms.katalon.selenium.driver.CChromeDriver.execute(CChromeDriver.java:19)
	at org.openqa.selenium.remote.RemoteWebElement.execute(RemoteWebElement.java:285)
	at org.openqa.selenium.remote.RemoteWebElement.click(RemoteWebElement.java:84)
	at org.openqa.selenium.support.events.EventFiringWebDriver$EventFiringWebElement.lambda$new$0(EventFiringWebDriver.java:404)
	at com.sun.proxy.$Proxy11.click(Unknown Source)
	at org.openqa.selenium.support.events.EventFiringWebDriver$EventFiringWebElement.click(EventFiringWebDriver.java:417)
	at org.openqa.selenium.WebElement$click.call(Unknown Source)
	at com.kms.katalon.core.webui.keyword.builtin.ClickKeyword.clickUntilSuccessWithTimeout(ClickKeyword.groovy:81)
	at com.kms.katalon.core.webui.keyword.builtin.ClickKeyword.clickUntilSuccessWithTimeout(ClickKeyword.groovy)
	at com.kms.katalon.core.webui.keyword.builtin.ClickKeyword$_click_closure1.doCall(ClickKeyword.groovy:67)
	at com.kms.katalon.core.webui.keyword.builtin.ClickKeyword$_click_closure1.call(ClickKeyword.groovy)
	at com.kms.katalon.core.webui.keyword.internal.WebUIKeywordMain.runKeyword(WebUIKeywordMain.groovy:20)
	... 22 more


2022-01-14 10:14:32 - [TEST_STEP][PASSED] - openBrowser(""): Browser is opened with url: ''

2022-01-14 10:14:32 - [MESSAGE][WARNING] - A browser is already opened. Closing browser and opening a new one

2022-01-14 10:14:32 - [MESSAGE][INFO] - Starting 'Chrome' driver

2022-01-14 10:14:32 - [MESSAGE][INFO] - Action delay is set to 0 milliseconds

2022-01-14 10:14:34 - [MESSAGE][PASSED] - Browser is opened with url: ''

2022-01-14 10:14:34 - [TEST_STEP][PASSED] - navigateToUrl("http://localhost/"): Navigate to 'http://localhost/' successfully

2022-01-14 10:14:34 - [MESSAGE][PASSED] - Navigate to 'http://localhost/' successfully

2022-01-14 10:14:34 - [TEST_STEP][PASSED] - click(findTestObject("Object Repository/Page_L Tm Anh/a_Log in")): Object: 'Object Repository/Page_L Tm Anh/a_Log in' is clicked on

2022-01-14 10:14:35 - [MESSAGE][PASSED] - Object: 'Object Repository/Page_L Tm Anh/a_Log in' is clicked on

2022-01-14 10:14:35 - [TEST_STEP][PASSED] - setText(findTestObject("Object Repository/Page_L Tm Anh Log in to the site/input_Username_username"), "admin"): Text 'admin' is set on object 'Object Repository/Page_L Tm Anh Log in to the site/input_Username_username'

2022-01-14 10:14:36 - [MESSAGE][PASSED] - Text 'admin' is set on object 'Object Repository/Page_L Tm Anh Log in to the site/input_Username_username'

2022-01-14 10:14:36 - [TEST_STEP][PASSED] - setEncryptedText(findTestObject("Object Repository/Page_L Tm Anh Log in to the site/input_Password_password"), "eGmz8XUbrLe3vUQiiiujBg=="): Text ****** has been set on object 'Object Repository/Page_L Tm Anh Log in to the site/input_Password_password'

2022-01-14 10:14:36 - [MESSAGE][PASSED] - Text ****** has been set on object 'Object Repository/Page_L Tm Anh Log in to the site/input_Password_password'

2022-01-14 10:14:36 - [TEST_STEP][PASSED] - click(findTestObject("Object Repository/Page_L Tm Anh Log in to the site/button_Log in")): Object: 'Object Repository/Page_L Tm Anh Log in to the site/button_Log in' is clicked on

2022-01-14 10:14:37 - [MESSAGE][PASSED] - Object: 'Object Repository/Page_L Tm Anh Log in to the site/button_Log in' is clicked on

2022-01-14 10:14:37 - [TEST_STEP][PASSED] - click(findTestObject("Object Repository/Page_Dashboard/a_0")): Object: 'Object Repository/Page_Dashboard/a_0' is clicked on

2022-01-14 10:15:08 - [MESSAGE][INFO] - Unable to find the element located by 'By.xpath: //a[@id='message-drawer-toggle-61dc107224f9a61dc1072131d45']'. Please recheck the objects properties to make sure the desired element is located. 

2022-01-14 10:15:08 - [MESSAGE][WARNING] - [SELF-HEALING] Failed to find element with id 'Object Repository/Page_Dashboard/a_0'. Try using Self-healing.

2022-01-14 10:15:10 - [MESSAGE][INFO] - Unable to find the element located by 'By.xpath: //div[@id='usernavigation']/div[2]/a'. Please recheck the objects properties to make sure the desired element is located. 

2022-01-14 10:15:10 - [MESSAGE][WARNING] - [SELF-HEALING] The current locator of test object 'Object Repository/Page_Dashboard/a_0' was broken. Propose an alternative one: '(.//*[normalize-space(text()) and normalize-space(.)='See all'])[1]/following::a[1]'.

2022-01-14 10:15:10 - [MESSAGE][PASSED] - Object: 'Object Repository/Page_Dashboard/a_0' is clicked on

2022-01-14 10:15:10 - [TEST_STEP][FAILED] - click(findTestObject("Object Repository/Page_Dashboard/i_hello_icon fa fa-caret-right fa-fw")): Unable to click on object 'Object Repository/Page_Dashboard/i_hello_icon fa fa-caret-right fa-fw' (Root cause: com.kms.katalon.core.exception.StepFailedException: Unable to click on object 'Object Repository/Page_Dashboard/i_hello_icon fa fa-caret-right fa-fw'
	at com.kms.katalon.core.webui.keyword.internal.WebUIKeywordMain.stepFailed(WebUIKeywordMain.groovy:64)
	at com.kms.katalon.core.webui.keyword.internal.WebUIKeywordMain.runKeyword(WebUIKeywordMain.groovy:26)
	at com.kms.katalon.core.webui.keyword.builtin.ClickKeyword.click(ClickKeyword.groovy:74)
	at com.kms.katalon.core.webui.keyword.builtin.ClickKeyword.execute(ClickKeyword.groovy:40)
	at com.kms.katalon.core.keyword.internal.KeywordExecutor.executeKeywordForPlatform(KeywordExecutor.groovy:74)
	at com.kms.katalon.core.webui.keyword.WebUiBuiltInKeywords.click(WebUiBuiltInKeywords.groovy:620)
	at com.kms.katalon.core.webui.keyword.WebUiBuiltInKeywords$click$1.call(Unknown Source)
	at Chat private.run(Chat private:34)
	at com.kms.katalon.core.main.ScriptEngine.run(ScriptEngine.java:194)
	at com.kms.katalon.core.main.ScriptEngine.runScriptAsRawText(ScriptEngine.java:119)
	at com.kms.katalon.core.main.TestCaseExecutor.runScript(TestCaseExecutor.java:442)
	at com.kms.katalon.core.main.TestCaseExecutor.doExecute(TestCaseExecutor.java:433)
	at com.kms.katalon.core.main.TestCaseExecutor.processExecutionPhase(TestCaseExecutor.java:412)
	at com.kms.katalon.core.main.TestCaseExecutor.accessMainPhase(TestCaseExecutor.java:404)
	at com.kms.katalon.core.main.TestCaseExecutor.execute(TestCaseExecutor.java:281)
	at com.kms.katalon.core.main.TestCaseExecutor.execute(TestCaseExecutor.java:363)
	at com.kms.katalon.core.main.TestCaseExecutor.execute(TestCaseExecutor.java:363)
	at com.kms.katalon.core.main.TestCaseExecutor.execute(TestCaseExecutor.java:363)
	at com.kms.katalon.core.main.TestSuiteExecutor.accessTestCaseMainPhase(TestSuiteExecutor.java:202)
	at com.kms.katalon.core.main.TestSuiteExecutor.accessTestSuiteMainPhase(TestSuiteExecutor.java:164)
	at com.kms.katalon.core.main.TestSuiteExecutor.execute(TestSuiteExecutor.java:105)
	at com.kms.katalon.core.main.TestCaseMain.startTestSuite(TestCaseMain.java:181)
	at com.kms.katalon.core.main.TestCaseMain$startTestSuite$0.call(Unknown Source)
	at TempTestSuite1642129377811.run(TempTestSuite1642129377811.groovy:36)
Caused by: org.openqa.selenium.ElementNotInteractableException: element not interactable
  (Session info: chrome=97.0.4692.71)
Build info: version: '3.141.59', revision: 'e82be7d358', time: '2018-11-14T08:25:53'
System info: host: 'DESKTOP-5O7CBM9', ip: '192.168.16.1', os.name: 'Windows 10', os.arch: 'amd64', os.version: '10.0', java.version: '1.8.0_282'
Driver info: com.kms.katalon.selenium.driver.CChromeDriver
Capabilities {acceptInsecureCerts: false, browserName: chrome, browserVersion: 97.0.4692.71, chrome: {chromedriverVersion: 97.0.4692.71 (adefa7837d02a..., userDataDir: C:\Users\antra\AppData\Loca...}, goog:chromeOptions: {debuggerAddress: localhost:53045}, javascriptEnabled: true, networkConnectionEnabled: false, pageLoadStrategy: normal, platform: WINDOWS, platformName: WINDOWS, proxy: Proxy(), setWindowRect: true, strictFileInteractability: false, timeouts: {implicit: 0, pageLoad: 300000, script: 30000}, unhandledPromptBehavior: dismiss and notify, webauthn:extension:credBlob: true, webauthn:extension:largeBlob: true, webauthn:virtualAuthenticators: true}
Session ID: d104b180e7b61ece53fd46e15a8ec9f0
	at org.openqa.selenium.remote.http.W3CHttpResponseCodec.createException(W3CHttpResponseCodec.java:187)
	at org.openqa.selenium.remote.http.W3CHttpResponseCodec.decode(W3CHttpResponseCodec.java:122)
	at org.openqa.selenium.remote.http.W3CHttpResponseCodec.decode(W3CHttpResponseCodec.java:49)
	at org.openqa.selenium.remote.HttpCommandExecutor.execute(HttpCommandExecutor.java:158)
	at org.openqa.selenium.remote.service.DriverCommandExecutor.execute(DriverCommandExecutor.java:83)
	at org.openqa.selenium.remote.RemoteWebDriver.execute(RemoteWebDriver.java:552)
	at com.kms.katalon.selenium.driver.CChromeDriver.execute(CChromeDriver.java:19)
	at org.openqa.selenium.remote.RemoteWebElement.execute(RemoteWebElement.java:285)
	at org.openqa.selenium.remote.RemoteWebElement.click(RemoteWebElement.java:84)
	at org.openqa.selenium.support.events.EventFiringWebDriver$EventFiringWebElement.lambda$new$0(EventFiringWebDriver.java:404)
	at com.sun.proxy.$Proxy11.click(Unknown Source)
	at org.openqa.selenium.support.events.EventFiringWebDriver$EventFiringWebElement.click(EventFiringWebDriver.java:417)
	at org.openqa.selenium.WebElement$click.call(Unknown Source)
	at com.kms.katalon.core.webui.keyword.builtin.ClickKeyword.clickUntilSuccessWithTimeout(ClickKeyword.groovy:81)
	at com.kms.katalon.core.webui.keyword.builtin.ClickKeyword.clickUntilSuccessWithTimeout(ClickKeyword.groovy)
	at com.kms.katalon.core.webui.keyword.builtin.ClickKeyword$_click_closure1.doCall(ClickKeyword.groovy:67)
	at com.kms.katalon.core.webui.keyword.builtin.ClickKeyword$_click_closure1.call(ClickKeyword.groovy)
	at com.kms.katalon.core.webui.keyword.internal.WebUIKeywordMain.runKeyword(WebUIKeywordMain.groovy:20)
	at com.kms.katalon.core.webui.keyword.builtin.ClickKeyword.click(ClickKeyword.groovy:74)
	at com.kms.katalon.core.webui.keyword.builtin.ClickKeyword.execute(ClickKeyword.groovy:40)
	at com.kms.katalon.core.keyword.internal.KeywordExecutor.executeKeywordForPlatform(KeywordExecutor.groovy:74)
	at com.kms.katalon.core.webui.keyword.WebUiBuiltInKeywords.click(WebUiBuiltInKeywords.groovy:620)
	at com.kms.katalon.core.webui.keyword.WebUiBuiltInKeywords$click$1.call(Unknown Source)
	at Script1641370639364.run(Script1641370639364.groovy:34)
	... 16 more
)

2022-01-14 10:15:11 - [MESSAGE][FAILED] - Unable to click on object 'Object Repository/Page_Dashboard/i_hello_icon fa fa-caret-right fa-fw' (Root cause: com.kms.katalon.core.exception.StepFailedException: Unable to click on object 'Object Repository/Page_Dashboard/i_hello_icon fa fa-caret-right fa-fw'
	at com.kms.katalon.core.webui.keyword.internal.WebUIKeywordMain.stepFailed(WebUIKeywordMain.groovy:64)
	at com.kms.katalon.core.webui.keyword.internal.WebUIKeywordMain.runKeyword(WebUIKeywordMain.groovy:26)
	at com.kms.katalon.core.webui.keyword.builtin.ClickKeyword.click(ClickKeyword.groovy:74)
	at com.kms.katalon.core.webui.keyword.builtin.ClickKeyword.execute(ClickKeyword.groovy:40)
	at com.kms.katalon.core.keyword.internal.KeywordExecutor.executeKeywordForPlatform(KeywordExecutor.groovy:74)
	at com.kms.katalon.core.webui.keyword.WebUiBuiltInKeywords.click(WebUiBuiltInKeywords.groovy:620)
	at com.kms.katalon.core.webui.keyword.WebUiBuiltInKeywords$click$1.call(Unknown Source)
	at Chat private.run(Chat private:34)
	at com.kms.katalon.core.main.ScriptEngine.run(ScriptEngine.java:194)
	at com.kms.katalon.core.main.ScriptEngine.runScriptAsRawText(ScriptEngine.java:119)
	at com.kms.katalon.core.main.TestCaseExecutor.runScript(TestCaseExecutor.java:442)
	at com.kms.katalon.core.main.TestCaseExecutor.doExecute(TestCaseExecutor.java:433)
	at com.kms.katalon.core.main.TestCaseExecutor.processExecutionPhase(TestCaseExecutor.java:412)
	at com.kms.katalon.core.main.TestCaseExecutor.accessMainPhase(TestCaseExecutor.java:404)
	at com.kms.katalon.core.main.TestCaseExecutor.execute(TestCaseExecutor.java:281)
	at com.kms.katalon.core.main.TestCaseExecutor.execute(TestCaseExecutor.java:363)
	at com.kms.katalon.core.main.TestCaseExecutor.execute(TestCaseExecutor.java:363)
	at com.kms.katalon.core.main.TestCaseExecutor.execute(TestCaseExecutor.java:363)
	at com.kms.katalon.core.main.TestSuiteExecutor.accessTestCaseMainPhase(TestSuiteExecutor.java:202)
	at com.kms.katalon.core.main.TestSuiteExecutor.accessTestSuiteMainPhase(TestSuiteExecutor.java:164)
	at com.kms.katalon.core.main.TestSuiteExecutor.execute(TestSuiteExecutor.java:105)
	at com.kms.katalon.core.main.TestCaseMain.startTestSuite(TestCaseMain.java:181)
	at com.kms.katalon.core.main.TestCaseMain$startTestSuite$0.call(Unknown Source)
	at TempTestSuite1642129377811.run(TempTestSuite1642129377811.groovy:36)
Caused by: org.openqa.selenium.ElementNotInteractableException: element not interactable
  (Session info: chrome=97.0.4692.71)
Build info: version: '3.141.59', revision: 'e82be7d358', time: '2018-11-14T08:25:53'
System info: host: 'DESKTOP-5O7CBM9', ip: '192.168.16.1', os.name: 'Windows 10', os.arch: 'amd64', os.version: '10.0', java.version: '1.8.0_282'
Driver info: com.kms.katalon.selenium.driver.CChromeDriver
Capabilities {acceptInsecureCerts: false, browserName: chrome, browserVersion: 97.0.4692.71, chrome: {chromedriverVersion: 97.0.4692.71 (adefa7837d02a..., userDataDir: C:\Users\antra\AppData\Loca...}, goog:chromeOptions: {debuggerAddress: localhost:53045}, javascriptEnabled: true, networkConnectionEnabled: false, pageLoadStrategy: normal, platform: WINDOWS, platformName: WINDOWS, proxy: Proxy(), setWindowRect: true, strictFileInteractability: false, timeouts: {implicit: 0, pageLoad: 300000, script: 30000}, unhandledPromptBehavior: dismiss and notify, webauthn:extension:credBlob: true, webauthn:extension:largeBlob: true, webauthn:virtualAuthenticators: true}
Session ID: d104b180e7b61ece53fd46e15a8ec9f0
	at org.openqa.selenium.remote.http.W3CHttpResponseCodec.createException(W3CHttpResponseCodec.java:187)
	at org.openqa.selenium.remote.http.W3CHttpResponseCodec.decode(W3CHttpResponseCodec.java:122)
	at org.openqa.selenium.remote.http.W3CHttpResponseCodec.decode(W3CHttpResponseCodec.java:49)
	at org.openqa.selenium.remote.HttpCommandExecutor.execute(HttpCommandExecutor.java:158)
	at org.openqa.selenium.remote.service.DriverCommandExecutor.execute(DriverCommandExecutor.java:83)
	at org.openqa.selenium.remote.RemoteWebDriver.execute(RemoteWebDriver.java:552)
	at com.kms.katalon.selenium.driver.CChromeDriver.execute(CChromeDriver.java:19)
	at org.openqa.selenium.remote.RemoteWebElement.execute(RemoteWebElement.java:285)
	at org.openqa.selenium.remote.RemoteWebElement.click(RemoteWebElement.java:84)
	at org.openqa.selenium.support.events.EventFiringWebDriver$EventFiringWebElement.lambda$new$0(EventFiringWebDriver.java:404)
	at com.sun.proxy.$Proxy11.click(Unknown Source)
	at org.openqa.selenium.support.events.EventFiringWebDriver$EventFiringWebElement.click(EventFiringWebDriver.java:417)
	at org.openqa.selenium.WebElement$click.call(Unknown Source)
	at com.kms.katalon.core.webui.keyword.builtin.ClickKeyword.clickUntilSuccessWithTimeout(ClickKeyword.groovy:81)
	at com.kms.katalon.core.webui.keyword.builtin.ClickKeyword.clickUntilSuccessWithTimeout(ClickKeyword.groovy)
	at com.kms.katalon.core.webui.keyword.builtin.ClickKeyword$_click_closure1.doCall(ClickKeyword.groovy:67)
	at com.kms.katalon.core.webui.keyword.builtin.ClickKeyword$_click_closure1.call(ClickKeyword.groovy)
	at com.kms.katalon.core.webui.keyword.internal.WebUIKeywordMain.runKeyword(WebUIKeywordMain.groovy:20)
	at com.kms.katalon.core.webui.keyword.builtin.ClickKeyword.click(ClickKeyword.groovy:74)
	at com.kms.katalon.core.webui.keyword.builtin.ClickKeyword.execute(ClickKeyword.groovy:40)
	at com.kms.katalon.core.keyword.internal.KeywordExecutor.executeKeywordForPlatform(KeywordExecutor.groovy:74)
	at com.kms.katalon.core.webui.keyword.WebUiBuiltInKeywords.click(WebUiBuiltInKeywords.groovy:620)
	at com.kms.katalon.core.webui.keyword.WebUiBuiltInKeywords$click$1.call(Unknown Source)
	at Script1641370639364.run(Script1641370639364.groovy:34)
	... 16 more
)
[[ATTACHMENT|C:\\Users\\antra\\git\\SE-Bonus\\Reports\\20220114_100257\\Run all test cases\\20220114_100257\\1642130110900.png]]]]></system-out>
         <system-err><![CDATA[2022-01-14 10:14:32 - [TEST_CASE][FAILED] - Test Cases/Chat/Chat private: Test Cases/Chat/Chat private FAILED.
Reason:
com.kms.katalon.core.exception.StepFailedException: Unable to click on object 'Object Repository/Page_Dashboard/i_hello_icon fa fa-caret-right fa-fw'
	at com.kms.katalon.core.webui.keyword.internal.WebUIKeywordMain.stepFailed(WebUIKeywordMain.groovy:64)
	at com.kms.katalon.core.webui.keyword.internal.WebUIKeywordMain.runKeyword(WebUIKeywordMain.groovy:26)
	at com.kms.katalon.core.webui.keyword.builtin.ClickKeyword.click(ClickKeyword.groovy:74)
	at com.kms.katalon.core.webui.keyword.builtin.ClickKeyword.execute(ClickKeyword.groovy:40)
	at com.kms.katalon.core.keyword.internal.KeywordExecutor.executeKeywordForPlatform(KeywordExecutor.groovy:74)
	at com.kms.katalon.core.webui.keyword.WebUiBuiltInKeywords.click(WebUiBuiltInKeywords.groovy:620)
	at com.kms.katalon.core.webui.keyword.WebUiBuiltInKeywords$click$1.call(Unknown Source)
	at Chat private.run(Chat private:34)
	at com.kms.katalon.core.main.ScriptEngine.run(ScriptEngine.java:194)
	at com.kms.katalon.core.main.ScriptEngine.runScriptAsRawText(ScriptEngine.java:119)
	at com.kms.katalon.core.main.TestCaseExecutor.runScript(TestCaseExecutor.java:442)
	at com.kms.katalon.core.main.TestCaseExecutor.doExecute(TestCaseExecutor.java:433)
	at com.kms.katalon.core.main.TestCaseExecutor.processExecutionPhase(TestCaseExecutor.java:412)
	at com.kms.katalon.core.main.TestCaseExecutor.accessMainPhase(TestCaseExecutor.java:404)
	at com.kms.katalon.core.main.TestCaseExecutor.execute(TestCaseExecutor.java:281)
	at com.kms.katalon.core.main.TestCaseExecutor.execute(TestCaseExecutor.java:363)
	at com.kms.katalon.core.main.TestCaseExecutor.execute(TestCaseExecutor.java:363)
	at com.kms.katalon.core.main.TestCaseExecutor.execute(TestCaseExecutor.java:363)
	at com.kms.katalon.core.main.TestSuiteExecutor.accessTestCaseMainPhase(TestSuiteExecutor.java:202)
	at com.kms.katalon.core.main.TestSuiteExecutor.accessTestSuiteMainPhase(TestSuiteExecutor.java:164)
	at com.kms.katalon.core.main.TestSuiteExecutor.execute(TestSuiteExecutor.java:105)
	at com.kms.katalon.core.main.TestCaseMain.startTestSuite(TestCaseMain.java:181)
	at com.kms.katalon.core.main.TestCaseMain$startTestSuite$0.call(Unknown Source)
	at TempTestSuite1642129377811.run(TempTestSuite1642129377811.groovy:36)
Caused by: org.openqa.selenium.ElementNotInteractableException: element not interactable
  (Session info: chrome=97.0.4692.71)
Build info: version: '3.141.59', revision: 'e82be7d358', time: '2018-11-14T08:25:53'
System info: host: 'DESKTOP-5O7CBM9', ip: '192.168.16.1', os.name: 'Windows 10', os.arch: 'amd64', os.version: '10.0', java.version: '1.8.0_282'
Driver info: com.kms.katalon.selenium.driver.CChromeDriver
Capabilities {acceptInsecureCerts: false, browserName: chrome, browserVersion: 97.0.4692.71, chrome: {chromedriverVersion: 97.0.4692.71 (adefa7837d02a..., userDataDir: C:\Users\antra\AppData\Loca...}, goog:chromeOptions: {debuggerAddress: localhost:53045}, javascriptEnabled: true, networkConnectionEnabled: false, pageLoadStrategy: normal, platform: WINDOWS, platformName: WINDOWS, proxy: Proxy(), setWindowRect: true, strictFileInteractability: false, timeouts: {implicit: 0, pageLoad: 300000, script: 30000}, unhandledPromptBehavior: dismiss and notify, webauthn:extension:credBlob: true, webauthn:extension:largeBlob: true, webauthn:virtualAuthenticators: true}
Session ID: d104b180e7b61ece53fd46e15a8ec9f0
	at org.openqa.selenium.remote.http.W3CHttpResponseCodec.createException(W3CHttpResponseCodec.java:187)
	at org.openqa.selenium.remote.http.W3CHttpResponseCodec.decode(W3CHttpResponseCodec.java:122)
	at org.openqa.selenium.remote.http.W3CHttpResponseCodec.decode(W3CHttpResponseCodec.java:49)
	at org.openqa.selenium.remote.HttpCommandExecutor.execute(HttpCommandExecutor.java:158)
	at org.openqa.selenium.remote.service.DriverCommandExecutor.execute(DriverCommandExecutor.java:83)
	at org.openqa.selenium.remote.RemoteWebDriver.execute(RemoteWebDriver.java:552)
	at com.kms.katalon.selenium.driver.CChromeDriver.execute(CChromeDriver.java:19)
	at org.openqa.selenium.remote.RemoteWebElement.execute(RemoteWebElement.java:285)
	at org.openqa.selenium.remote.RemoteWebElement.click(RemoteWebElement.java:84)
	at org.openqa.selenium.support.events.EventFiringWebDriver$EventFiringWebElement.lambda$new$0(EventFiringWebDriver.java:404)
	at com.sun.proxy.$Proxy11.click(Unknown Source)
	at org.openqa.selenium.support.events.EventFiringWebDriver$EventFiringWebElement.click(EventFiringWebDriver.java:417)
	at org.openqa.selenium.WebElement$click.call(Unknown Source)
	at com.kms.katalon.core.webui.keyword.builtin.ClickKeyword.clickUntilSuccessWithTimeout(ClickKeyword.groovy:81)
	at com.kms.katalon.core.webui.keyword.builtin.ClickKeyword.clickUntilSuccessWithTimeout(ClickKeyword.groovy)
	at com.kms.katalon.core.webui.keyword.builtin.ClickKeyword$_click_closure1.doCall(ClickKeyword.groovy:67)
	at com.kms.katalon.core.webui.keyword.builtin.ClickKeyword$_click_closure1.call(ClickKeyword.groovy)
	at com.kms.katalon.core.webui.keyword.internal.WebUIKeywordMain.runKeyword(WebUIKeywordMain.groovy:20)
	... 22 more]]></system-err>
      </testcase>
      <testcase name="Test Cases/Chat/Search user and chat" time="37.066" classname="Test Cases/Chat/Search user and chat" status="FAILED">
         <failure type="FAILED" message="Test Cases/Chat/Search user and chat FAILED.
Reason:
com.kms.katalon.core.exception.StepFailedException: Unable to click on object 'Object Repository/Page_Dashboard/i_See all_icon fa fa-comment-o fa-fw'
	at com.kms.katalon.core.webui.keyword.internal.WebUIKeywordMain.stepFailed(WebUIKeywordMain.groovy:64)
	at com.kms.katalon.core.webui.keyword.internal.WebUIKeywordMain.runKeyword(WebUIKeywordMain.groovy:26)
	at com.kms.katalon.core.webui.keyword.builtin.ClickKeyword.click(ClickKeyword.groovy:74)
	at com.kms.katalon.core.webui.keyword.builtin.ClickKeyword.execute(ClickKeyword.groovy:40)
	at com.kms.katalon.core.keyword.internal.KeywordExecutor.executeKeywordForPlatform(KeywordExecutor.groovy:74)
	at com.kms.katalon.core.webui.keyword.WebUiBuiltInKeywords.click(WebUiBuiltInKeywords.groovy:620)
	at com.kms.katalon.core.webui.keyword.WebUiBuiltInKeywords$click$1.call(Unknown Source)
	at Search user and chat.run(Search user and chat:32)
	at com.kms.katalon.core.main.ScriptEngine.run(ScriptEngine.java:194)
	at com.kms.katalon.core.main.ScriptEngine.runScriptAsRawText(ScriptEngine.java:119)
	at com.kms.katalon.core.main.TestCaseExecutor.runScript(TestCaseExecutor.java:442)
	at com.kms.katalon.core.main.TestCaseExecutor.doExecute(TestCaseExecutor.java:433)
	at com.kms.katalon.core.main.TestCaseExecutor.processExecutionPhase(TestCaseExecutor.java:412)
	at com.kms.katalon.core.main.TestCaseExecutor.accessMainPhase(TestCaseExecutor.java:404)
	at com.kms.katalon.core.main.TestCaseExecutor.execute(TestCaseExecutor.java:281)
	at com.kms.katalon.core.main.TestCaseExecutor.execute(TestCaseExecutor.java:363)
	at com.kms.katalon.core.main.TestCaseExecutor.execute(TestCaseExecutor.java:363)
	at com.kms.katalon.core.main.TestCaseExecutor.execute(TestCaseExecutor.java:363)
	at com.kms.katalon.core.main.TestSuiteExecutor.accessTestCaseMainPhase(TestSuiteExecutor.java:202)
	at com.kms.katalon.core.main.TestSuiteExecutor.accessTestSuiteMainPhase(TestSuiteExecutor.java:164)
	at com.kms.katalon.core.main.TestSuiteExecutor.execute(TestSuiteExecutor.java:105)
	at com.kms.katalon.core.main.TestCaseMain.startTestSuite(TestCaseMain.java:181)
	at com.kms.katalon.core.main.TestCaseMain$startTestSuite$0.call(Unknown Source)
	at TempTestSuite1642129377811.run(TempTestSuite1642129377811.groovy:36)
Caused by: org.openqa.selenium.ElementNotInteractableException: element not interactable
  (Session info: chrome=97.0.4692.71)
Build info: version: '3.141.59', revision: 'e82be7d358', time: '2018-11-14T08:25:53'
System info: host: 'DESKTOP-5O7CBM9', ip: '192.168.16.1', os.name: 'Windows 10', os.arch: 'amd64', os.version: '10.0', java.version: '1.8.0_282'
Driver info: com.kms.katalon.selenium.driver.CChromeDriver
Capabilities {acceptInsecureCerts: false, browserName: chrome, browserVersion: 97.0.4692.71, chrome: {chromedriverVersion: 97.0.4692.71 (adefa7837d02a..., userDataDir: C:\Users\antra\AppData\Loca...}, goog:chromeOptions: {debuggerAddress: localhost:53252}, javascriptEnabled: true, networkConnectionEnabled: false, pageLoadStrategy: normal, platform: WINDOWS, platformName: WINDOWS, proxy: Proxy(), setWindowRect: true, strictFileInteractability: false, timeouts: {implicit: 0, pageLoad: 300000, script: 30000}, unhandledPromptBehavior: dismiss and notify, webauthn:extension:credBlob: true, webauthn:extension:largeBlob: true, webauthn:virtualAuthenticators: true}
Session ID: 61425ae918b09df45e2b28f00ae676c9
	at org.openqa.selenium.remote.http.W3CHttpResponseCodec.createException(W3CHttpResponseCodec.java:187)
	at org.openqa.selenium.remote.http.W3CHttpResponseCodec.decode(W3CHttpResponseCodec.java:122)
	at org.openqa.selenium.remote.http.W3CHttpResponseCodec.decode(W3CHttpResponseCodec.java:49)
	at org.openqa.selenium.remote.HttpCommandExecutor.execute(HttpCommandExecutor.java:158)
	at org.openqa.selenium.remote.service.DriverCommandExecutor.execute(DriverCommandExecutor.java:83)
	at org.openqa.selenium.remote.RemoteWebDriver.execute(RemoteWebDriver.java:552)
	at com.kms.katalon.selenium.driver.CChromeDriver.execute(CChromeDriver.java:19)
	at org.openqa.selenium.remote.RemoteWebElement.execute(RemoteWebElement.java:285)
	at org.openqa.selenium.remote.RemoteWebElement.click(RemoteWebElement.java:84)
	at org.openqa.selenium.support.events.EventFiringWebDriver$EventFiringWebElement.lambda$new$0(EventFiringWebDriver.java:404)
	at com.sun.proxy.$Proxy11.click(Unknown Source)
	at org.openqa.selenium.support.events.EventFiringWebDriver$EventFiringWebElement.click(EventFiringWebDriver.java:417)
	at org.openqa.selenium.WebElement$click.call(Unknown Source)
	at com.kms.katalon.core.webui.keyword.builtin.ClickKeyword.clickUntilSuccessWithTimeout(ClickKeyword.groovy:81)
	at com.kms.katalon.core.webui.keyword.builtin.ClickKeyword.clickUntilSuccessWithTimeout(ClickKeyword.groovy)
	at com.kms.katalon.core.webui.keyword.builtin.ClickKeyword$_click_closure1.doCall(ClickKeyword.groovy:67)
	at com.kms.katalon.core.webui.keyword.builtin.ClickKeyword$_click_closure1.call(ClickKeyword.groovy)
	at com.kms.katalon.core.webui.keyword.internal.WebUIKeywordMain.runKeyword(WebUIKeywordMain.groovy:20)
	... 22 more
"/>
         <system-out><![CDATA[2022-01-14 10:17:03 - [TEST_CASE][FAILED] - Test Cases/Chat/Search user and chat: Test Cases/Chat/Search user and chat FAILED.
Reason:
com.kms.katalon.core.exception.StepFailedException: Unable to click on object 'Object Repository/Page_Dashboard/i_See all_icon fa fa-comment-o fa-fw'
	at com.kms.katalon.core.webui.keyword.internal.WebUIKeywordMain.stepFailed(WebUIKeywordMain.groovy:64)
	at com.kms.katalon.core.webui.keyword.internal.WebUIKeywordMain.runKeyword(WebUIKeywordMain.groovy:26)
	at com.kms.katalon.core.webui.keyword.builtin.ClickKeyword.click(ClickKeyword.groovy:74)
	at com.kms.katalon.core.webui.keyword.builtin.ClickKeyword.execute(ClickKeyword.groovy:40)
	at com.kms.katalon.core.keyword.internal.KeywordExecutor.executeKeywordForPlatform(KeywordExecutor.groovy:74)
	at com.kms.katalon.core.webui.keyword.WebUiBuiltInKeywords.click(WebUiBuiltInKeywords.groovy:620)
	at com.kms.katalon.core.webui.keyword.WebUiBuiltInKeywords$click$1.call(Unknown Source)
	at Search user and chat.run(Search user and chat:32)
	at com.kms.katalon.core.main.ScriptEngine.run(ScriptEngine.java:194)
	at com.kms.katalon.core.main.ScriptEngine.runScriptAsRawText(ScriptEngine.java:119)
	at com.kms.katalon.core.main.TestCaseExecutor.runScript(TestCaseExecutor.java:442)
	at com.kms.katalon.core.main.TestCaseExecutor.doExecute(TestCaseExecutor.java:433)
	at com.kms.katalon.core.main.TestCaseExecutor.processExecutionPhase(TestCaseExecutor.java:412)
	at com.kms.katalon.core.main.TestCaseExecutor.accessMainPhase(TestCaseExecutor.java:404)
	at com.kms.katalon.core.main.TestCaseExecutor.execute(TestCaseExecutor.java:281)
	at com.kms.katalon.core.main.TestCaseExecutor.execute(TestCaseExecutor.java:363)
	at com.kms.katalon.core.main.TestCaseExecutor.execute(TestCaseExecutor.java:363)
	at com.kms.katalon.core.main.TestCaseExecutor.execute(TestCaseExecutor.java:363)
	at com.kms.katalon.core.main.TestSuiteExecutor.accessTestCaseMainPhase(TestSuiteExecutor.java:202)
	at com.kms.katalon.core.main.TestSuiteExecutor.accessTestSuiteMainPhase(TestSuiteExecutor.java:164)
	at com.kms.katalon.core.main.TestSuiteExecutor.execute(TestSuiteExecutor.java:105)
	at com.kms.katalon.core.main.TestCaseMain.startTestSuite(TestCaseMain.java:181)
	at com.kms.katalon.core.main.TestCaseMain$startTestSuite$0.call(Unknown Source)
	at TempTestSuite1642129377811.run(TempTestSuite1642129377811.groovy:36)
Caused by: org.openqa.selenium.ElementNotInteractableException: element not interactable
  (Session info: chrome=97.0.4692.71)
Build info: version: '3.141.59', revision: 'e82be7d358', time: '2018-11-14T08:25:53'
System info: host: 'DESKTOP-5O7CBM9', ip: '192.168.16.1', os.name: 'Windows 10', os.arch: 'amd64', os.version: '10.0', java.version: '1.8.0_282'
Driver info: com.kms.katalon.selenium.driver.CChromeDriver
Capabilities {acceptInsecureCerts: false, browserName: chrome, browserVersion: 97.0.4692.71, chrome: {chromedriverVersion: 97.0.4692.71 (adefa7837d02a..., userDataDir: C:\Users\antra\AppData\Loca...}, goog:chromeOptions: {debuggerAddress: localhost:53252}, javascriptEnabled: true, networkConnectionEnabled: false, pageLoadStrategy: normal, platform: WINDOWS, platformName: WINDOWS, proxy: Proxy(), setWindowRect: true, strictFileInteractability: false, timeouts: {implicit: 0, pageLoad: 300000, script: 30000}, unhandledPromptBehavior: dismiss and notify, webauthn:extension:credBlob: true, webauthn:extension:largeBlob: true, webauthn:virtualAuthenticators: true}
Session ID: 61425ae918b09df45e2b28f00ae676c9
	at org.openqa.selenium.remote.http.W3CHttpResponseCodec.createException(W3CHttpResponseCodec.java:187)
	at org.openqa.selenium.remote.http.W3CHttpResponseCodec.decode(W3CHttpResponseCodec.java:122)
	at org.openqa.selenium.remote.http.W3CHttpResponseCodec.decode(W3CHttpResponseCodec.java:49)
	at org.openqa.selenium.remote.HttpCommandExecutor.execute(HttpCommandExecutor.java:158)
	at org.openqa.selenium.remote.service.DriverCommandExecutor.execute(DriverCommandExecutor.java:83)
	at org.openqa.selenium.remote.RemoteWebDriver.execute(RemoteWebDriver.java:552)
	at com.kms.katalon.selenium.driver.CChromeDriver.execute(CChromeDriver.java:19)
	at org.openqa.selenium.remote.RemoteWebElement.execute(RemoteWebElement.java:285)
	at org.openqa.selenium.remote.RemoteWebElement.click(RemoteWebElement.java:84)
	at org.openqa.selenium.support.events.EventFiringWebDriver$EventFiringWebElement.lambda$new$0(EventFiringWebDriver.java:404)
	at com.sun.proxy.$Proxy11.click(Unknown Source)
	at org.openqa.selenium.support.events.EventFiringWebDriver$EventFiringWebElement.click(EventFiringWebDriver.java:417)
	at org.openqa.selenium.WebElement$click.call(Unknown Source)
	at com.kms.katalon.core.webui.keyword.builtin.ClickKeyword.clickUntilSuccessWithTimeout(ClickKeyword.groovy:81)
	at com.kms.katalon.core.webui.keyword.builtin.ClickKeyword.clickUntilSuccessWithTimeout(ClickKeyword.groovy)
	at com.kms.katalon.core.webui.keyword.builtin.ClickKeyword$_click_closure1.doCall(ClickKeyword.groovy:67)
	at com.kms.katalon.core.webui.keyword.builtin.ClickKeyword$_click_closure1.call(ClickKeyword.groovy)
	at com.kms.katalon.core.webui.keyword.internal.WebUIKeywordMain.runKeyword(WebUIKeywordMain.groovy:20)
	... 22 more


2022-01-14 10:17:03 - [TEST_STEP][PASSED] - openBrowser(""): Browser is opened with url: ''

2022-01-14 10:17:03 - [MESSAGE][WARNING] - A browser is already opened. Closing browser and opening a new one

2022-01-14 10:17:03 - [MESSAGE][INFO] - Starting 'Chrome' driver

2022-01-14 10:17:03 - [MESSAGE][INFO] - Action delay is set to 0 milliseconds

2022-01-14 10:17:04 - [MESSAGE][PASSED] - Browser is opened with url: ''

2022-01-14 10:17:04 - [TEST_STEP][PASSED] - navigateToUrl("http://localhost/"): Navigate to 'http://localhost/' successfully

2022-01-14 10:17:05 - [MESSAGE][PASSED] - Navigate to 'http://localhost/' successfully

2022-01-14 10:17:05 - [TEST_STEP][PASSED] - click(findTestObject("Object Repository/Page_L Tm Anh/a_Log in")): Object: 'Object Repository/Page_L Tm Anh/a_Log in' is clicked on

2022-01-14 10:17:06 - [MESSAGE][PASSED] - Object: 'Object Repository/Page_L Tm Anh/a_Log in' is clicked on

2022-01-14 10:17:06 - [TEST_STEP][PASSED] - setText(findTestObject("Object Repository/Page_L Tm Anh Log in to the site/input_Username_username"), "admin"): Text 'admin' is set on object 'Object Repository/Page_L Tm Anh Log in to the site/input_Username_username'

2022-01-14 10:17:06 - [MESSAGE][PASSED] - Text 'admin' is set on object 'Object Repository/Page_L Tm Anh Log in to the site/input_Username_username'

2022-01-14 10:17:06 - [TEST_STEP][PASSED] - setEncryptedText(findTestObject("Object Repository/Page_L Tm Anh Log in to the site/input_Password_password"), "eGmz8XUbrLe3vUQiiiujBg=="): Text ****** has been set on object 'Object Repository/Page_L Tm Anh Log in to the site/input_Password_password'

2022-01-14 10:17:07 - [MESSAGE][PASSED] - Text ****** has been set on object 'Object Repository/Page_L Tm Anh Log in to the site/input_Password_password'

2022-01-14 10:17:07 - [TEST_STEP][PASSED] - click(findTestObject("Object Repository/Page_L Tm Anh Log in to the site/button_Log in")): Object: 'Object Repository/Page_L Tm Anh Log in to the site/button_Log in' is clicked on

2022-01-14 10:17:08 - [MESSAGE][PASSED] - Object: 'Object Repository/Page_L Tm Anh Log in to the site/button_Log in' is clicked on

2022-01-14 10:17:08 - [TEST_STEP][FAILED] - click(findTestObject("Object Repository/Page_Dashboard/i_See all_icon fa fa-comment-o fa-fw")): Unable to click on object 'Object Repository/Page_Dashboard/i_See all_icon fa fa-comment-o fa-fw' (Root cause: com.kms.katalon.core.exception.StepFailedException: Unable to click on object 'Object Repository/Page_Dashboard/i_See all_icon fa fa-comment-o fa-fw'
	at com.kms.katalon.core.webui.keyword.internal.WebUIKeywordMain.stepFailed(WebUIKeywordMain.groovy:64)
	at com.kms.katalon.core.webui.keyword.internal.WebUIKeywordMain.runKeyword(WebUIKeywordMain.groovy:26)
	at com.kms.katalon.core.webui.keyword.builtin.ClickKeyword.click(ClickKeyword.groovy:74)
	at com.kms.katalon.core.webui.keyword.builtin.ClickKeyword.execute(ClickKeyword.groovy:40)
	at com.kms.katalon.core.keyword.internal.KeywordExecutor.executeKeywordForPlatform(KeywordExecutor.groovy:74)
	at com.kms.katalon.core.webui.keyword.WebUiBuiltInKeywords.click(WebUiBuiltInKeywords.groovy:620)
	at com.kms.katalon.core.webui.keyword.WebUiBuiltInKeywords$click$1.call(Unknown Source)
	at Search user and chat.run(Search user and chat:32)
	at com.kms.katalon.core.main.ScriptEngine.run(ScriptEngine.java:194)
	at com.kms.katalon.core.main.ScriptEngine.runScriptAsRawText(ScriptEngine.java:119)
	at com.kms.katalon.core.main.TestCaseExecutor.runScript(TestCaseExecutor.java:442)
	at com.kms.katalon.core.main.TestCaseExecutor.doExecute(TestCaseExecutor.java:433)
	at com.kms.katalon.core.main.TestCaseExecutor.processExecutionPhase(TestCaseExecutor.java:412)
	at com.kms.katalon.core.main.TestCaseExecutor.accessMainPhase(TestCaseExecutor.java:404)
	at com.kms.katalon.core.main.TestCaseExecutor.execute(TestCaseExecutor.java:281)
	at com.kms.katalon.core.main.TestCaseExecutor.execute(TestCaseExecutor.java:363)
	at com.kms.katalon.core.main.TestCaseExecutor.execute(TestCaseExecutor.java:363)
	at com.kms.katalon.core.main.TestCaseExecutor.execute(TestCaseExecutor.java:363)
	at com.kms.katalon.core.main.TestSuiteExecutor.accessTestCaseMainPhase(TestSuiteExecutor.java:202)
	at com.kms.katalon.core.main.TestSuiteExecutor.accessTestSuiteMainPhase(TestSuiteExecutor.java:164)
	at com.kms.katalon.core.main.TestSuiteExecutor.execute(TestSuiteExecutor.java:105)
	at com.kms.katalon.core.main.TestCaseMain.startTestSuite(TestCaseMain.java:181)
	at com.kms.katalon.core.main.TestCaseMain$startTestSuite$0.call(Unknown Source)
	at TempTestSuite1642129377811.run(TempTestSuite1642129377811.groovy:36)
Caused by: org.openqa.selenium.ElementNotInteractableException: element not interactable
  (Session info: chrome=97.0.4692.71)
Build info: version: '3.141.59', revision: 'e82be7d358', time: '2018-11-14T08:25:53'
System info: host: 'DESKTOP-5O7CBM9', ip: '192.168.16.1', os.name: 'Windows 10', os.arch: 'amd64', os.version: '10.0', java.version: '1.8.0_282'
Driver info: com.kms.katalon.selenium.driver.CChromeDriver
Capabilities {acceptInsecureCerts: false, browserName: chrome, browserVersion: 97.0.4692.71, chrome: {chromedriverVersion: 97.0.4692.71 (adefa7837d02a..., userDataDir: C:\Users\antra\AppData\Loca...}, goog:chromeOptions: {debuggerAddress: localhost:53252}, javascriptEnabled: true, networkConnectionEnabled: false, pageLoadStrategy: normal, platform: WINDOWS, platformName: WINDOWS, proxy: Proxy(), setWindowRect: true, strictFileInteractability: false, timeouts: {implicit: 0, pageLoad: 300000, script: 30000}, unhandledPromptBehavior: dismiss and notify, webauthn:extension:credBlob: true, webauthn:extension:largeBlob: true, webauthn:virtualAuthenticators: true}
Session ID: 61425ae918b09df45e2b28f00ae676c9
	at org.openqa.selenium.remote.http.W3CHttpResponseCodec.createException(W3CHttpResponseCodec.java:187)
	at org.openqa.selenium.remote.http.W3CHttpResponseCodec.decode(W3CHttpResponseCodec.java:122)
	at org.openqa.selenium.remote.http.W3CHttpResponseCodec.decode(W3CHttpResponseCodec.java:49)
	at org.openqa.selenium.remote.HttpCommandExecutor.execute(HttpCommandExecutor.java:158)
	at org.openqa.selenium.remote.service.DriverCommandExecutor.execute(DriverCommandExecutor.java:83)
	at org.openqa.selenium.remote.RemoteWebDriver.execute(RemoteWebDriver.java:552)
	at com.kms.katalon.selenium.driver.CChromeDriver.execute(CChromeDriver.java:19)
	at org.openqa.selenium.remote.RemoteWebElement.execute(RemoteWebElement.java:285)
	at org.openqa.selenium.remote.RemoteWebElement.click(RemoteWebElement.java:84)
	at org.openqa.selenium.support.events.EventFiringWebDriver$EventFiringWebElement.lambda$new$0(EventFiringWebDriver.java:404)
	at com.sun.proxy.$Proxy11.click(Unknown Source)
	at org.openqa.selenium.support.events.EventFiringWebDriver$EventFiringWebElement.click(EventFiringWebDriver.java:417)
	at org.openqa.selenium.WebElement$click.call(Unknown Source)
	at com.kms.katalon.core.webui.keyword.builtin.ClickKeyword.clickUntilSuccessWithTimeout(ClickKeyword.groovy:81)
	at com.kms.katalon.core.webui.keyword.builtin.ClickKeyword.clickUntilSuccessWithTimeout(ClickKeyword.groovy)
	at com.kms.katalon.core.webui.keyword.builtin.ClickKeyword$_click_closure1.doCall(ClickKeyword.groovy:67)
	at com.kms.katalon.core.webui.keyword.builtin.ClickKeyword$_click_closure1.call(ClickKeyword.groovy)
	at com.kms.katalon.core.webui.keyword.internal.WebUIKeywordMain.runKeyword(WebUIKeywordMain.groovy:20)
	at com.kms.katalon.core.webui.keyword.builtin.ClickKeyword.click(ClickKeyword.groovy:74)
	at com.kms.katalon.core.webui.keyword.builtin.ClickKeyword.execute(ClickKeyword.groovy:40)
	at com.kms.katalon.core.keyword.internal.KeywordExecutor.executeKeywordForPlatform(KeywordExecutor.groovy:74)
	at com.kms.katalon.core.webui.keyword.WebUiBuiltInKeywords.click(WebUiBuiltInKeywords.groovy:620)
	at com.kms.katalon.core.webui.keyword.WebUiBuiltInKeywords$click$1.call(Unknown Source)
	at Script1641371299095.run(Script1641371299095.groovy:32)
	... 16 more
)

2022-01-14 10:17:39 - [MESSAGE][INFO] - Unable to find the element located by 'By.xpath: //a[@id='message-drawer-toggle-61da31feb585e61da31fe9dea25']/i'. Please recheck the objects properties to make sure the desired element is located. 

2022-01-14 10:17:39 - [MESSAGE][WARNING] - [SELF-HEALING] Failed to find element with id 'Object Repository/Page_Dashboard/i_See all_icon fa fa-comment-o fa-fw'. Try using Self-healing.

2022-01-14 10:17:39 - [MESSAGE][WARNING] - [SELF-HEALING] The current locator of test object 'Object Repository/Page_Dashboard/i_See all_icon fa fa-comment-o fa-fw' was broken. Propose an alternative one: '//div[2]/a/i'.

2022-01-14 10:17:40 - [MESSAGE][FAILED] - Unable to click on object 'Object Repository/Page_Dashboard/i_See all_icon fa fa-comment-o fa-fw' (Root cause: com.kms.katalon.core.exception.StepFailedException: Unable to click on object 'Object Repository/Page_Dashboard/i_See all_icon fa fa-comment-o fa-fw'
	at com.kms.katalon.core.webui.keyword.internal.WebUIKeywordMain.stepFailed(WebUIKeywordMain.groovy:64)
	at com.kms.katalon.core.webui.keyword.internal.WebUIKeywordMain.runKeyword(WebUIKeywordMain.groovy:26)
	at com.kms.katalon.core.webui.keyword.builtin.ClickKeyword.click(ClickKeyword.groovy:74)
	at com.kms.katalon.core.webui.keyword.builtin.ClickKeyword.execute(ClickKeyword.groovy:40)
	at com.kms.katalon.core.keyword.internal.KeywordExecutor.executeKeywordForPlatform(KeywordExecutor.groovy:74)
	at com.kms.katalon.core.webui.keyword.WebUiBuiltInKeywords.click(WebUiBuiltInKeywords.groovy:620)
	at com.kms.katalon.core.webui.keyword.WebUiBuiltInKeywords$click$1.call(Unknown Source)
	at Search user and chat.run(Search user and chat:32)
	at com.kms.katalon.core.main.ScriptEngine.run(ScriptEngine.java:194)
	at com.kms.katalon.core.main.ScriptEngine.runScriptAsRawText(ScriptEngine.java:119)
	at com.kms.katalon.core.main.TestCaseExecutor.runScript(TestCaseExecutor.java:442)
	at com.kms.katalon.core.main.TestCaseExecutor.doExecute(TestCaseExecutor.java:433)
	at com.kms.katalon.core.main.TestCaseExecutor.processExecutionPhase(TestCaseExecutor.java:412)
	at com.kms.katalon.core.main.TestCaseExecutor.accessMainPhase(TestCaseExecutor.java:404)
	at com.kms.katalon.core.main.TestCaseExecutor.execute(TestCaseExecutor.java:281)
	at com.kms.katalon.core.main.TestCaseExecutor.execute(TestCaseExecutor.java:363)
	at com.kms.katalon.core.main.TestCaseExecutor.execute(TestCaseExecutor.java:363)
	at com.kms.katalon.core.main.TestCaseExecutor.execute(TestCaseExecutor.java:363)
	at com.kms.katalon.core.main.TestSuiteExecutor.accessTestCaseMainPhase(TestSuiteExecutor.java:202)
	at com.kms.katalon.core.main.TestSuiteExecutor.accessTestSuiteMainPhase(TestSuiteExecutor.java:164)
	at com.kms.katalon.core.main.TestSuiteExecutor.execute(TestSuiteExecutor.java:105)
	at com.kms.katalon.core.main.TestCaseMain.startTestSuite(TestCaseMain.java:181)
	at com.kms.katalon.core.main.TestCaseMain$startTestSuite$0.call(Unknown Source)
	at TempTestSuite1642129377811.run(TempTestSuite1642129377811.groovy:36)
Caused by: org.openqa.selenium.ElementNotInteractableException: element not interactable
  (Session info: chrome=97.0.4692.71)
Build info: version: '3.141.59', revision: 'e82be7d358', time: '2018-11-14T08:25:53'
System info: host: 'DESKTOP-5O7CBM9', ip: '192.168.16.1', os.name: 'Windows 10', os.arch: 'amd64', os.version: '10.0', java.version: '1.8.0_282'
Driver info: com.kms.katalon.selenium.driver.CChromeDriver
Capabilities {acceptInsecureCerts: false, browserName: chrome, browserVersion: 97.0.4692.71, chrome: {chromedriverVersion: 97.0.4692.71 (adefa7837d02a..., userDataDir: C:\Users\antra\AppData\Loca...}, goog:chromeOptions: {debuggerAddress: localhost:53252}, javascriptEnabled: true, networkConnectionEnabled: false, pageLoadStrategy: normal, platform: WINDOWS, platformName: WINDOWS, proxy: Proxy(), setWindowRect: true, strictFileInteractability: false, timeouts: {implicit: 0, pageLoad: 300000, script: 30000}, unhandledPromptBehavior: dismiss and notify, webauthn:extension:credBlob: true, webauthn:extension:largeBlob: true, webauthn:virtualAuthenticators: true}
Session ID: 61425ae918b09df45e2b28f00ae676c9
	at org.openqa.selenium.remote.http.W3CHttpResponseCodec.createException(W3CHttpResponseCodec.java:187)
	at org.openqa.selenium.remote.http.W3CHttpResponseCodec.decode(W3CHttpResponseCodec.java:122)
	at org.openqa.selenium.remote.http.W3CHttpResponseCodec.decode(W3CHttpResponseCodec.java:49)
	at org.openqa.selenium.remote.HttpCommandExecutor.execute(HttpCommandExecutor.java:158)
	at org.openqa.selenium.remote.service.DriverCommandExecutor.execute(DriverCommandExecutor.java:83)
	at org.openqa.selenium.remote.RemoteWebDriver.execute(RemoteWebDriver.java:552)
	at com.kms.katalon.selenium.driver.CChromeDriver.execute(CChromeDriver.java:19)
	at org.openqa.selenium.remote.RemoteWebElement.execute(RemoteWebElement.java:285)
	at org.openqa.selenium.remote.RemoteWebElement.click(RemoteWebElement.java:84)
	at org.openqa.selenium.support.events.EventFiringWebDriver$EventFiringWebElement.lambda$new$0(EventFiringWebDriver.java:404)
	at com.sun.proxy.$Proxy11.click(Unknown Source)
	at org.openqa.selenium.support.events.EventFiringWebDriver$EventFiringWebElement.click(EventFiringWebDriver.java:417)
	at org.openqa.selenium.WebElement$click.call(Unknown Source)
	at com.kms.katalon.core.webui.keyword.builtin.ClickKeyword.clickUntilSuccessWithTimeout(ClickKeyword.groovy:81)
	at com.kms.katalon.core.webui.keyword.builtin.ClickKeyword.clickUntilSuccessWithTimeout(ClickKeyword.groovy)
	at com.kms.katalon.core.webui.keyword.builtin.ClickKeyword$_click_closure1.doCall(ClickKeyword.groovy:67)
	at com.kms.katalon.core.webui.keyword.builtin.ClickKeyword$_click_closure1.call(ClickKeyword.groovy)
	at com.kms.katalon.core.webui.keyword.internal.WebUIKeywordMain.runKeyword(WebUIKeywordMain.groovy:20)
	at com.kms.katalon.core.webui.keyword.builtin.ClickKeyword.click(ClickKeyword.groovy:74)
	at com.kms.katalon.core.webui.keyword.builtin.ClickKeyword.execute(ClickKeyword.groovy:40)
	at com.kms.katalon.core.keyword.internal.KeywordExecutor.executeKeywordForPlatform(KeywordExecutor.groovy:74)
	at com.kms.katalon.core.webui.keyword.WebUiBuiltInKeywords.click(WebUiBuiltInKeywords.groovy:620)
	at com.kms.katalon.core.webui.keyword.WebUiBuiltInKeywords$click$1.call(Unknown Source)
	at Script1641371299095.run(Script1641371299095.groovy:32)
	... 16 more
)
[[ATTACHMENT|C:\\Users\\antra\\git\\SE-Bonus\\Reports\\20220114_100257\\Run all test cases\\20220114_100257\\1642130259979.png]]]]></system-out>
         <system-err><![CDATA[2022-01-14 10:17:03 - [TEST_CASE][FAILED] - Test Cases/Chat/Search user and chat: Test Cases/Chat/Search user and chat FAILED.
Reason:
com.kms.katalon.core.exception.StepFailedException: Unable to click on object 'Object Repository/Page_Dashboard/i_See all_icon fa fa-comment-o fa-fw'
	at com.kms.katalon.core.webui.keyword.internal.WebUIKeywordMain.stepFailed(WebUIKeywordMain.groovy:64)
	at com.kms.katalon.core.webui.keyword.internal.WebUIKeywordMain.runKeyword(WebUIKeywordMain.groovy:26)
	at com.kms.katalon.core.webui.keyword.builtin.ClickKeyword.click(ClickKeyword.groovy:74)
	at com.kms.katalon.core.webui.keyword.builtin.ClickKeyword.execute(ClickKeyword.groovy:40)
	at com.kms.katalon.core.keyword.internal.KeywordExecutor.executeKeywordForPlatform(KeywordExecutor.groovy:74)
	at com.kms.katalon.core.webui.keyword.WebUiBuiltInKeywords.click(WebUiBuiltInKeywords.groovy:620)
	at com.kms.katalon.core.webui.keyword.WebUiBuiltInKeywords$click$1.call(Unknown Source)
	at Search user and chat.run(Search user and chat:32)
	at com.kms.katalon.core.main.ScriptEngine.run(ScriptEngine.java:194)
	at com.kms.katalon.core.main.ScriptEngine.runScriptAsRawText(ScriptEngine.java:119)
	at com.kms.katalon.core.main.TestCaseExecutor.runScript(TestCaseExecutor.java:442)
	at com.kms.katalon.core.main.TestCaseExecutor.doExecute(TestCaseExecutor.java:433)
	at com.kms.katalon.core.main.TestCaseExecutor.processExecutionPhase(TestCaseExecutor.java:412)
	at com.kms.katalon.core.main.TestCaseExecutor.accessMainPhase(TestCaseExecutor.java:404)
	at com.kms.katalon.core.main.TestCaseExecutor.execute(TestCaseExecutor.java:281)
	at com.kms.katalon.core.main.TestCaseExecutor.execute(TestCaseExecutor.java:363)
	at com.kms.katalon.core.main.TestCaseExecutor.execute(TestCaseExecutor.java:363)
	at com.kms.katalon.core.main.TestCaseExecutor.execute(TestCaseExecutor.java:363)
	at com.kms.katalon.core.main.TestSuiteExecutor.accessTestCaseMainPhase(TestSuiteExecutor.java:202)
	at com.kms.katalon.core.main.TestSuiteExecutor.accessTestSuiteMainPhase(TestSuiteExecutor.java:164)
	at com.kms.katalon.core.main.TestSuiteExecutor.execute(TestSuiteExecutor.java:105)
	at com.kms.katalon.core.main.TestCaseMain.startTestSuite(TestCaseMain.java:181)
	at com.kms.katalon.core.main.TestCaseMain$startTestSuite$0.call(Unknown Source)
	at TempTestSuite1642129377811.run(TempTestSuite1642129377811.groovy:36)
Caused by: org.openqa.selenium.ElementNotInteractableException: element not interactable
  (Session info: chrome=97.0.4692.71)
Build info: version: '3.141.59', revision: 'e82be7d358', time: '2018-11-14T08:25:53'
System info: host: 'DESKTOP-5O7CBM9', ip: '192.168.16.1', os.name: 'Windows 10', os.arch: 'amd64', os.version: '10.0', java.version: '1.8.0_282'
Driver info: com.kms.katalon.selenium.driver.CChromeDriver
Capabilities {acceptInsecureCerts: false, browserName: chrome, browserVersion: 97.0.4692.71, chrome: {chromedriverVersion: 97.0.4692.71 (adefa7837d02a..., userDataDir: C:\Users\antra\AppData\Loca...}, goog:chromeOptions: {debuggerAddress: localhost:53252}, javascriptEnabled: true, networkConnectionEnabled: false, pageLoadStrategy: normal, platform: WINDOWS, platformName: WINDOWS, proxy: Proxy(), setWindowRect: true, strictFileInteractability: false, timeouts: {implicit: 0, pageLoad: 300000, script: 30000}, unhandledPromptBehavior: dismiss and notify, webauthn:extension:credBlob: true, webauthn:extension:largeBlob: true, webauthn:virtualAuthenticators: true}
Session ID: 61425ae918b09df45e2b28f00ae676c9
	at org.openqa.selenium.remote.http.W3CHttpResponseCodec.createException(W3CHttpResponseCodec.java:187)
	at org.openqa.selenium.remote.http.W3CHttpResponseCodec.decode(W3CHttpResponseCodec.java:122)
	at org.openqa.selenium.remote.http.W3CHttpResponseCodec.decode(W3CHttpResponseCodec.java:49)
	at org.openqa.selenium.remote.HttpCommandExecutor.execute(HttpCommandExecutor.java:158)
	at org.openqa.selenium.remote.service.DriverCommandExecutor.execute(DriverCommandExecutor.java:83)
	at org.openqa.selenium.remote.RemoteWebDriver.execute(RemoteWebDriver.java:552)
	at com.kms.katalon.selenium.driver.CChromeDriver.execute(CChromeDriver.java:19)
	at org.openqa.selenium.remote.RemoteWebElement.execute(RemoteWebElement.java:285)
	at org.openqa.selenium.remote.RemoteWebElement.click(RemoteWebElement.java:84)
	at org.openqa.selenium.support.events.EventFiringWebDriver$EventFiringWebElement.lambda$new$0(EventFiringWebDriver.java:404)
	at com.sun.proxy.$Proxy11.click(Unknown Source)
	at org.openqa.selenium.support.events.EventFiringWebDriver$EventFiringWebElement.click(EventFiringWebDriver.java:417)
	at org.openqa.selenium.WebElement$click.call(Unknown Source)
	at com.kms.katalon.core.webui.keyword.builtin.ClickKeyword.clickUntilSuccessWithTimeout(ClickKeyword.groovy:81)
	at com.kms.katalon.core.webui.keyword.builtin.ClickKeyword.clickUntilSuccessWithTimeout(ClickKeyword.groovy)
	at com.kms.katalon.core.webui.keyword.builtin.ClickKeyword$_click_closure1.doCall(ClickKeyword.groovy:67)
	at com.kms.katalon.core.webui.keyword.builtin.ClickKeyword$_click_closure1.call(ClickKeyword.groovy)
	at com.kms.katalon.core.webui.keyword.internal.WebUIKeywordMain.runKeyword(WebUIKeywordMain.groovy:20)
	... 22 more]]></system-err>
      </testcase>
      <testcase name="Test Cases/Chat/Add contact" time="38.796" classname="Test Cases/Chat/Add contact" status="FAILED">
         <failure type="FAILED" message="Test Cases/Chat/Add contact FAILED.
Reason:
com.kms.katalon.core.exception.StepFailedException: Unable to set text 'Anh Lee' of object 'Object Repository/Page_Dashboard/input_Messages selected_form-control'
	at com.kms.katalon.core.webui.keyword.internal.WebUIKeywordMain.stepFailed(WebUIKeywordMain.groovy:64)
	at com.kms.katalon.core.webui.keyword.internal.WebUIKeywordMain.runKeyword(WebUIKeywordMain.groovy:26)
	at com.kms.katalon.core.webui.keyword.builtin.SetTextKeyword.setText(SetTextKeyword.groovy:66)
	at com.kms.katalon.core.webui.keyword.builtin.SetTextKeyword.execute(SetTextKeyword.groovy:37)
	at com.kms.katalon.core.keyword.internal.KeywordExecutor.executeKeywordForPlatform(KeywordExecutor.groovy:74)
	at com.kms.katalon.core.webui.keyword.WebUiBuiltInKeywords.setText(WebUiBuiltInKeywords.groovy:980)
	at com.kms.katalon.core.webui.keyword.WebUiBuiltInKeywords$setText$2.call(Unknown Source)
	at Add contact.run(Add contact:34)
	at com.kms.katalon.core.main.ScriptEngine.run(ScriptEngine.java:194)
	at com.kms.katalon.core.main.ScriptEngine.runScriptAsRawText(ScriptEngine.java:119)
	at com.kms.katalon.core.main.TestCaseExecutor.runScript(TestCaseExecutor.java:442)
	at com.kms.katalon.core.main.TestCaseExecutor.doExecute(TestCaseExecutor.java:433)
	at com.kms.katalon.core.main.TestCaseExecutor.processExecutionPhase(TestCaseExecutor.java:412)
	at com.kms.katalon.core.main.TestCaseExecutor.accessMainPhase(TestCaseExecutor.java:404)
	at com.kms.katalon.core.main.TestCaseExecutor.execute(TestCaseExecutor.java:281)
	at com.kms.katalon.core.main.TestCaseExecutor.execute(TestCaseExecutor.java:363)
	at com.kms.katalon.core.main.TestCaseExecutor.execute(TestCaseExecutor.java:363)
	at com.kms.katalon.core.main.TestCaseExecutor.execute(TestCaseExecutor.java:363)
	at com.kms.katalon.core.main.TestSuiteExecutor.accessTestCaseMainPhase(TestSuiteExecutor.java:202)
	at com.kms.katalon.core.main.TestSuiteExecutor.accessTestSuiteMainPhase(TestSuiteExecutor.java:164)
	at com.kms.katalon.core.main.TestSuiteExecutor.execute(TestSuiteExecutor.java:105)
	at com.kms.katalon.core.main.TestCaseMain.startTestSuite(TestCaseMain.java:181)
	at com.kms.katalon.core.main.TestCaseMain$startTestSuite$0.call(Unknown Source)
	at TempTestSuite1642129377811.run(TempTestSuite1642129377811.groovy:36)
Caused by: org.openqa.selenium.ElementNotInteractableException: element not interactable
  (Session info: chrome=97.0.4692.71)
Build info: version: '3.141.59', revision: 'e82be7d358', time: '2018-11-14T08:25:53'
System info: host: 'DESKTOP-5O7CBM9', ip: '192.168.16.1', os.name: 'Windows 10', os.arch: 'amd64', os.version: '10.0', java.version: '1.8.0_282'
Driver info: com.kms.katalon.selenium.driver.CChromeDriver
Capabilities {acceptInsecureCerts: false, browserName: chrome, browserVersion: 97.0.4692.71, chrome: {chromedriverVersion: 97.0.4692.71 (adefa7837d02a..., userDataDir: C:\Users\antra\AppData\Loca...}, goog:chromeOptions: {debuggerAddress: localhost:53455}, javascriptEnabled: true, networkConnectionEnabled: false, pageLoadStrategy: normal, platform: WINDOWS, platformName: WINDOWS, proxy: Proxy(), setWindowRect: true, strictFileInteractability: false, timeouts: {implicit: 0, pageLoad: 300000, script: 30000}, unhandledPromptBehavior: dismiss and notify, webauthn:extension:credBlob: true, webauthn:extension:largeBlob: true, webauthn:virtualAuthenticators: true}
Session ID: f52ad19af50c6efefcde0eea78927f04
	at org.openqa.selenium.remote.http.W3CHttpResponseCodec.createException(W3CHttpResponseCodec.java:187)
	at org.openqa.selenium.remote.http.W3CHttpResponseCodec.decode(W3CHttpResponseCodec.java:122)
	at org.openqa.selenium.remote.http.W3CHttpResponseCodec.decode(W3CHttpResponseCodec.java:49)
	at org.openqa.selenium.remote.HttpCommandExecutor.execute(HttpCommandExecutor.java:158)
	at org.openqa.selenium.remote.service.DriverCommandExecutor.execute(DriverCommandExecutor.java:83)
	at org.openqa.selenium.remote.RemoteWebDriver.execute(RemoteWebDriver.java:552)
	at com.kms.katalon.selenium.driver.CChromeDriver.execute(CChromeDriver.java:19)
	at org.openqa.selenium.remote.RemoteWebElement.execute(RemoteWebElement.java:285)
	at org.openqa.selenium.remote.RemoteWebElement.clear(RemoteWebElement.java:124)
	at org.openqa.selenium.support.events.EventFiringWebDriver$EventFiringWebElement.lambda$new$0(EventFiringWebDriver.java:404)
	at com.sun.proxy.$Proxy11.clear(Unknown Source)
	at org.openqa.selenium.support.events.EventFiringWebDriver$EventFiringWebElement.clear(EventFiringWebDriver.java:436)
	at com.kms.katalon.core.webui.keyword.builtin.SetTextKeyword$_setText_closure1.doCall(SetTextKeyword.groovy:53)
	at com.kms.katalon.core.webui.keyword.builtin.SetTextKeyword$_setText_closure1.call(SetTextKeyword.groovy)
	at com.kms.katalon.core.webui.keyword.internal.WebUIKeywordMain.runKeyword(WebUIKeywordMain.groovy:20)
	... 22 more
"/>
         <system-out><![CDATA[2022-01-14 10:19:36 - [TEST_CASE][FAILED] - Test Cases/Chat/Add contact: Test Cases/Chat/Add contact FAILED.
Reason:
com.kms.katalon.core.exception.StepFailedException: Unable to set text 'Anh Lee' of object 'Object Repository/Page_Dashboard/input_Messages selected_form-control'
	at com.kms.katalon.core.webui.keyword.internal.WebUIKeywordMain.stepFailed(WebUIKeywordMain.groovy:64)
	at com.kms.katalon.core.webui.keyword.internal.WebUIKeywordMain.runKeyword(WebUIKeywordMain.groovy:26)
	at com.kms.katalon.core.webui.keyword.builtin.SetTextKeyword.setText(SetTextKeyword.groovy:66)
	at com.kms.katalon.core.webui.keyword.builtin.SetTextKeyword.execute(SetTextKeyword.groovy:37)
	at com.kms.katalon.core.keyword.internal.KeywordExecutor.executeKeywordForPlatform(KeywordExecutor.groovy:74)
	at com.kms.katalon.core.webui.keyword.WebUiBuiltInKeywords.setText(WebUiBuiltInKeywords.groovy:980)
	at com.kms.katalon.core.webui.keyword.WebUiBuiltInKeywords$setText$2.call(Unknown Source)
	at Add contact.run(Add contact:34)
	at com.kms.katalon.core.main.ScriptEngine.run(ScriptEngine.java:194)
	at com.kms.katalon.core.main.ScriptEngine.runScriptAsRawText(ScriptEngine.java:119)
	at com.kms.katalon.core.main.TestCaseExecutor.runScript(TestCaseExecutor.java:442)
	at com.kms.katalon.core.main.TestCaseExecutor.doExecute(TestCaseExecutor.java:433)
	at com.kms.katalon.core.main.TestCaseExecutor.processExecutionPhase(TestCaseExecutor.java:412)
	at com.kms.katalon.core.main.TestCaseExecutor.accessMainPhase(TestCaseExecutor.java:404)
	at com.kms.katalon.core.main.TestCaseExecutor.execute(TestCaseExecutor.java:281)
	at com.kms.katalon.core.main.TestCaseExecutor.execute(TestCaseExecutor.java:363)
	at com.kms.katalon.core.main.TestCaseExecutor.execute(TestCaseExecutor.java:363)
	at com.kms.katalon.core.main.TestCaseExecutor.execute(TestCaseExecutor.java:363)
	at com.kms.katalon.core.main.TestSuiteExecutor.accessTestCaseMainPhase(TestSuiteExecutor.java:202)
	at com.kms.katalon.core.main.TestSuiteExecutor.accessTestSuiteMainPhase(TestSuiteExecutor.java:164)
	at com.kms.katalon.core.main.TestSuiteExecutor.execute(TestSuiteExecutor.java:105)
	at com.kms.katalon.core.main.TestCaseMain.startTestSuite(TestCaseMain.java:181)
	at com.kms.katalon.core.main.TestCaseMain$startTestSuite$0.call(Unknown Source)
	at TempTestSuite1642129377811.run(TempTestSuite1642129377811.groovy:36)
Caused by: org.openqa.selenium.ElementNotInteractableException: element not interactable
  (Session info: chrome=97.0.4692.71)
Build info: version: '3.141.59', revision: 'e82be7d358', time: '2018-11-14T08:25:53'
System info: host: 'DESKTOP-5O7CBM9', ip: '192.168.16.1', os.name: 'Windows 10', os.arch: 'amd64', os.version: '10.0', java.version: '1.8.0_282'
Driver info: com.kms.katalon.selenium.driver.CChromeDriver
Capabilities {acceptInsecureCerts: false, browserName: chrome, browserVersion: 97.0.4692.71, chrome: {chromedriverVersion: 97.0.4692.71 (adefa7837d02a..., userDataDir: C:\Users\antra\AppData\Loca...}, goog:chromeOptions: {debuggerAddress: localhost:53455}, javascriptEnabled: true, networkConnectionEnabled: false, pageLoadStrategy: normal, platform: WINDOWS, platformName: WINDOWS, proxy: Proxy(), setWindowRect: true, strictFileInteractability: false, timeouts: {implicit: 0, pageLoad: 300000, script: 30000}, unhandledPromptBehavior: dismiss and notify, webauthn:extension:credBlob: true, webauthn:extension:largeBlob: true, webauthn:virtualAuthenticators: true}
Session ID: f52ad19af50c6efefcde0eea78927f04
	at org.openqa.selenium.remote.http.W3CHttpResponseCodec.createException(W3CHttpResponseCodec.java:187)
	at org.openqa.selenium.remote.http.W3CHttpResponseCodec.decode(W3CHttpResponseCodec.java:122)
	at org.openqa.selenium.remote.http.W3CHttpResponseCodec.decode(W3CHttpResponseCodec.java:49)
	at org.openqa.selenium.remote.HttpCommandExecutor.execute(HttpCommandExecutor.java:158)
	at org.openqa.selenium.remote.service.DriverCommandExecutor.execute(DriverCommandExecutor.java:83)
	at org.openqa.selenium.remote.RemoteWebDriver.execute(RemoteWebDriver.java:552)
	at com.kms.katalon.selenium.driver.CChromeDriver.execute(CChromeDriver.java:19)
	at org.openqa.selenium.remote.RemoteWebElement.execute(RemoteWebElement.java:285)
	at org.openqa.selenium.remote.RemoteWebElement.clear(RemoteWebElement.java:124)
	at org.openqa.selenium.support.events.EventFiringWebDriver$EventFiringWebElement.lambda$new$0(EventFiringWebDriver.java:404)
	at com.sun.proxy.$Proxy11.clear(Unknown Source)
	at org.openqa.selenium.support.events.EventFiringWebDriver$EventFiringWebElement.clear(EventFiringWebDriver.java:436)
	at com.kms.katalon.core.webui.keyword.builtin.SetTextKeyword$_setText_closure1.doCall(SetTextKeyword.groovy:53)
	at com.kms.katalon.core.webui.keyword.builtin.SetTextKeyword$_setText_closure1.call(SetTextKeyword.groovy)
	at com.kms.katalon.core.webui.keyword.internal.WebUIKeywordMain.runKeyword(WebUIKeywordMain.groovy:20)
	... 22 more


2022-01-14 10:19:36 - [TEST_STEP][PASSED] - openBrowser(""): Browser is opened with url: ''

2022-01-14 10:19:36 - [MESSAGE][WARNING] - A browser is already opened. Closing browser and opening a new one

2022-01-14 10:19:36 - [MESSAGE][INFO] - Starting 'Chrome' driver

2022-01-14 10:19:36 - [MESSAGE][INFO] - Action delay is set to 0 milliseconds

2022-01-14 10:19:38 - [MESSAGE][PASSED] - Browser is opened with url: ''

2022-01-14 10:19:38 - [TEST_STEP][PASSED] - navigateToUrl("http://localhost/"): Navigate to 'http://localhost/' successfully

2022-01-14 10:19:38 - [MESSAGE][PASSED] - Navigate to 'http://localhost/' successfully

2022-01-14 10:19:38 - [TEST_STEP][PASSED] - click(findTestObject("Object Repository/Page_L Tm Anh/a_Log in")): Object: 'Object Repository/Page_L Tm Anh/a_Log in' is clicked on

2022-01-14 10:19:39 - [MESSAGE][PASSED] - Object: 'Object Repository/Page_L Tm Anh/a_Log in' is clicked on

2022-01-14 10:19:39 - [TEST_STEP][PASSED] - setText(findTestObject("Object Repository/Page_L Tm Anh Log in to the site/input_Username_username"), "admin"): Text 'admin' is set on object 'Object Repository/Page_L Tm Anh Log in to the site/input_Username_username'

2022-01-14 10:19:40 - [MESSAGE][PASSED] - Text 'admin' is set on object 'Object Repository/Page_L Tm Anh Log in to the site/input_Username_username'

2022-01-14 10:19:40 - [TEST_STEP][PASSED] - setEncryptedText(findTestObject("Object Repository/Page_L Tm Anh Log in to the site/input_Password_password"), "eGmz8XUbrLe3vUQiiiujBg=="): Text ****** has been set on object 'Object Repository/Page_L Tm Anh Log in to the site/input_Password_password'

2022-01-14 10:19:40 - [MESSAGE][PASSED] - Text ****** has been set on object 'Object Repository/Page_L Tm Anh Log in to the site/input_Password_password'

2022-01-14 10:19:40 - [TEST_STEP][PASSED] - click(findTestObject("Object Repository/Page_L Tm Anh Log in to the site/button_Log in")): Object: 'Object Repository/Page_L Tm Anh Log in to the site/button_Log in' is clicked on

2022-01-14 10:19:41 - [MESSAGE][PASSED] - Object: 'Object Repository/Page_L Tm Anh Log in to the site/button_Log in' is clicked on

2022-01-14 10:19:41 - [TEST_STEP][PASSED] - click(findTestObject("Object Repository/Page_Dashboard/a_0")): Object: 'Object Repository/Page_Dashboard/a_0' is clicked on

2022-01-14 10:20:13 - [MESSAGE][INFO] - Unable to find the element located by 'By.xpath: //a[@id='message-drawer-toggle-61dc107224f9a61dc1072131d45']'. Please recheck the objects properties to make sure the desired element is located. 

2022-01-14 10:20:13 - [MESSAGE][WARNING] - [SELF-HEALING] Failed to find element with id 'Object Repository/Page_Dashboard/a_0'. Try using Self-healing.

2022-01-14 10:20:14 - [MESSAGE][INFO] - Unable to find the element located by 'By.xpath: //div[@id='usernavigation']/div[2]/a'. Please recheck the objects properties to make sure the desired element is located. 

2022-01-14 10:20:14 - [MESSAGE][WARNING] - [SELF-HEALING] The current locator of test object 'Object Repository/Page_Dashboard/a_0' was broken. Propose an alternative one: '(.//*[normalize-space(text()) and normalize-space(.)='See all'])[1]/following::a[1]'.

2022-01-14 10:20:14 - [MESSAGE][PASSED] - Object: 'Object Repository/Page_Dashboard/a_0' is clicked on

2022-01-14 10:20:14 - [TEST_STEP][FAILED] - setText(findTestObject("Object Repository/Page_Dashboard/input_Messages selected_form-control"), "Anh Lee"): Unable to set text 'Anh Lee' of object 'Object Repository/Page_Dashboard/input_Messages selected_form-control' (Root cause: com.kms.katalon.core.exception.StepFailedException: Unable to set text 'Anh Lee' of object 'Object Repository/Page_Dashboard/input_Messages selected_form-control'
	at com.kms.katalon.core.webui.keyword.internal.WebUIKeywordMain.stepFailed(WebUIKeywordMain.groovy:64)
	at com.kms.katalon.core.webui.keyword.internal.WebUIKeywordMain.runKeyword(WebUIKeywordMain.groovy:26)
	at com.kms.katalon.core.webui.keyword.builtin.SetTextKeyword.setText(SetTextKeyword.groovy:66)
	at com.kms.katalon.core.webui.keyword.builtin.SetTextKeyword.execute(SetTextKeyword.groovy:37)
	at com.kms.katalon.core.keyword.internal.KeywordExecutor.executeKeywordForPlatform(KeywordExecutor.groovy:74)
	at com.kms.katalon.core.webui.keyword.WebUiBuiltInKeywords.setText(WebUiBuiltInKeywords.groovy:980)
	at com.kms.katalon.core.webui.keyword.WebUiBuiltInKeywords$setText$2.call(Unknown Source)
	at Add contact.run(Add contact:34)
	at com.kms.katalon.core.main.ScriptEngine.run(ScriptEngine.java:194)
	at com.kms.katalon.core.main.ScriptEngine.runScriptAsRawText(ScriptEngine.java:119)
	at com.kms.katalon.core.main.TestCaseExecutor.runScript(TestCaseExecutor.java:442)
	at com.kms.katalon.core.main.TestCaseExecutor.doExecute(TestCaseExecutor.java:433)
	at com.kms.katalon.core.main.TestCaseExecutor.processExecutionPhase(TestCaseExecutor.java:412)
	at com.kms.katalon.core.main.TestCaseExecutor.accessMainPhase(TestCaseExecutor.java:404)
	at com.kms.katalon.core.main.TestCaseExecutor.execute(TestCaseExecutor.java:281)
	at com.kms.katalon.core.main.TestCaseExecutor.execute(TestCaseExecutor.java:363)
	at com.kms.katalon.core.main.TestCaseExecutor.execute(TestCaseExecutor.java:363)
	at com.kms.katalon.core.main.TestCaseExecutor.execute(TestCaseExecutor.java:363)
	at com.kms.katalon.core.main.TestSuiteExecutor.accessTestCaseMainPhase(TestSuiteExecutor.java:202)
	at com.kms.katalon.core.main.TestSuiteExecutor.accessTestSuiteMainPhase(TestSuiteExecutor.java:164)
	at com.kms.katalon.core.main.TestSuiteExecutor.execute(TestSuiteExecutor.java:105)
	at com.kms.katalon.core.main.TestCaseMain.startTestSuite(TestCaseMain.java:181)
	at com.kms.katalon.core.main.TestCaseMain$startTestSuite$0.call(Unknown Source)
	at TempTestSuite1642129377811.run(TempTestSuite1642129377811.groovy:36)
Caused by: org.openqa.selenium.ElementNotInteractableException: element not interactable
  (Session info: chrome=97.0.4692.71)
Build info: version: '3.141.59', revision: 'e82be7d358', time: '2018-11-14T08:25:53'
System info: host: 'DESKTOP-5O7CBM9', ip: '192.168.16.1', os.name: 'Windows 10', os.arch: 'amd64', os.version: '10.0', java.version: '1.8.0_282'
Driver info: com.kms.katalon.selenium.driver.CChromeDriver
Capabilities {acceptInsecureCerts: false, browserName: chrome, browserVersion: 97.0.4692.71, chrome: {chromedriverVersion: 97.0.4692.71 (adefa7837d02a..., userDataDir: C:\Users\antra\AppData\Loca...}, goog:chromeOptions: {debuggerAddress: localhost:53455}, javascriptEnabled: true, networkConnectionEnabled: false, pageLoadStrategy: normal, platform: WINDOWS, platformName: WINDOWS, proxy: Proxy(), setWindowRect: true, strictFileInteractability: false, timeouts: {implicit: 0, pageLoad: 300000, script: 30000}, unhandledPromptBehavior: dismiss and notify, webauthn:extension:credBlob: true, webauthn:extension:largeBlob: true, webauthn:virtualAuthenticators: true}
Session ID: f52ad19af50c6efefcde0eea78927f04
	at org.openqa.selenium.remote.http.W3CHttpResponseCodec.createException(W3CHttpResponseCodec.java:187)
	at org.openqa.selenium.remote.http.W3CHttpResponseCodec.decode(W3CHttpResponseCodec.java:122)
	at org.openqa.selenium.remote.http.W3CHttpResponseCodec.decode(W3CHttpResponseCodec.java:49)
	at org.openqa.selenium.remote.HttpCommandExecutor.execute(HttpCommandExecutor.java:158)
	at org.openqa.selenium.remote.service.DriverCommandExecutor.execute(DriverCommandExecutor.java:83)
	at org.openqa.selenium.remote.RemoteWebDriver.execute(RemoteWebDriver.java:552)
	at com.kms.katalon.selenium.driver.CChromeDriver.execute(CChromeDriver.java:19)
	at org.openqa.selenium.remote.RemoteWebElement.execute(RemoteWebElement.java:285)
	at org.openqa.selenium.remote.RemoteWebElement.clear(RemoteWebElement.java:124)
	at org.openqa.selenium.support.events.EventFiringWebDriver$EventFiringWebElement.lambda$new$0(EventFiringWebDriver.java:404)
	at com.sun.proxy.$Proxy11.clear(Unknown Source)
	at org.openqa.selenium.support.events.EventFiringWebDriver$EventFiringWebElement.clear(EventFiringWebDriver.java:436)
	at com.kms.katalon.core.webui.keyword.builtin.SetTextKeyword$_setText_closure1.doCall(SetTextKeyword.groovy:53)
	at com.kms.katalon.core.webui.keyword.builtin.SetTextKeyword$_setText_closure1.call(SetTextKeyword.groovy)
	at com.kms.katalon.core.webui.keyword.internal.WebUIKeywordMain.runKeyword(WebUIKeywordMain.groovy:20)
	at com.kms.katalon.core.webui.keyword.builtin.SetTextKeyword.setText(SetTextKeyword.groovy:66)
	at com.kms.katalon.core.webui.keyword.builtin.SetTextKeyword.execute(SetTextKeyword.groovy:37)
	at com.kms.katalon.core.keyword.internal.KeywordExecutor.executeKeywordForPlatform(KeywordExecutor.groovy:74)
	at com.kms.katalon.core.webui.keyword.WebUiBuiltInKeywords.setText(WebUiBuiltInKeywords.groovy:980)
	at com.kms.katalon.core.webui.keyword.WebUiBuiltInKeywords$setText$2.call(Unknown Source)
	at Script1641373046337.run(Script1641373046337.groovy:34)
	... 16 more
)

2022-01-14 10:20:15 - [MESSAGE][FAILED] - Unable to set text 'Anh Lee' of object 'Object Repository/Page_Dashboard/input_Messages selected_form-control' (Root cause: com.kms.katalon.core.exception.StepFailedException: Unable to set text 'Anh Lee' of object 'Object Repository/Page_Dashboard/input_Messages selected_form-control'
	at com.kms.katalon.core.webui.keyword.internal.WebUIKeywordMain.stepFailed(WebUIKeywordMain.groovy:64)
	at com.kms.katalon.core.webui.keyword.internal.WebUIKeywordMain.runKeyword(WebUIKeywordMain.groovy:26)
	at com.kms.katalon.core.webui.keyword.builtin.SetTextKeyword.setText(SetTextKeyword.groovy:66)
	at com.kms.katalon.core.webui.keyword.builtin.SetTextKeyword.execute(SetTextKeyword.groovy:37)
	at com.kms.katalon.core.keyword.internal.KeywordExecutor.executeKeywordForPlatform(KeywordExecutor.groovy:74)
	at com.kms.katalon.core.webui.keyword.WebUiBuiltInKeywords.setText(WebUiBuiltInKeywords.groovy:980)
	at com.kms.katalon.core.webui.keyword.WebUiBuiltInKeywords$setText$2.call(Unknown Source)
	at Add contact.run(Add contact:34)
	at com.kms.katalon.core.main.ScriptEngine.run(ScriptEngine.java:194)
	at com.kms.katalon.core.main.ScriptEngine.runScriptAsRawText(ScriptEngine.java:119)
	at com.kms.katalon.core.main.TestCaseExecutor.runScript(TestCaseExecutor.java:442)
	at com.kms.katalon.core.main.TestCaseExecutor.doExecute(TestCaseExecutor.java:433)
	at com.kms.katalon.core.main.TestCaseExecutor.processExecutionPhase(TestCaseExecutor.java:412)
	at com.kms.katalon.core.main.TestCaseExecutor.accessMainPhase(TestCaseExecutor.java:404)
	at com.kms.katalon.core.main.TestCaseExecutor.execute(TestCaseExecutor.java:281)
	at com.kms.katalon.core.main.TestCaseExecutor.execute(TestCaseExecutor.java:363)
	at com.kms.katalon.core.main.TestCaseExecutor.execute(TestCaseExecutor.java:363)
	at com.kms.katalon.core.main.TestCaseExecutor.execute(TestCaseExecutor.java:363)
	at com.kms.katalon.core.main.TestSuiteExecutor.accessTestCaseMainPhase(TestSuiteExecutor.java:202)
	at com.kms.katalon.core.main.TestSuiteExecutor.accessTestSuiteMainPhase(TestSuiteExecutor.java:164)
	at com.kms.katalon.core.main.TestSuiteExecutor.execute(TestSuiteExecutor.java:105)
	at com.kms.katalon.core.main.TestCaseMain.startTestSuite(TestCaseMain.java:181)
	at com.kms.katalon.core.main.TestCaseMain$startTestSuite$0.call(Unknown Source)
	at TempTestSuite1642129377811.run(TempTestSuite1642129377811.groovy:36)
Caused by: org.openqa.selenium.ElementNotInteractableException: element not interactable
  (Session info: chrome=97.0.4692.71)
Build info: version: '3.141.59', revision: 'e82be7d358', time: '2018-11-14T08:25:53'
System info: host: 'DESKTOP-5O7CBM9', ip: '192.168.16.1', os.name: 'Windows 10', os.arch: 'amd64', os.version: '10.0', java.version: '1.8.0_282'
Driver info: com.kms.katalon.selenium.driver.CChromeDriver
Capabilities {acceptInsecureCerts: false, browserName: chrome, browserVersion: 97.0.4692.71, chrome: {chromedriverVersion: 97.0.4692.71 (adefa7837d02a..., userDataDir: C:\Users\antra\AppData\Loca...}, goog:chromeOptions: {debuggerAddress: localhost:53455}, javascriptEnabled: true, networkConnectionEnabled: false, pageLoadStrategy: normal, platform: WINDOWS, platformName: WINDOWS, proxy: Proxy(), setWindowRect: true, strictFileInteractability: false, timeouts: {implicit: 0, pageLoad: 300000, script: 30000}, unhandledPromptBehavior: dismiss and notify, webauthn:extension:credBlob: true, webauthn:extension:largeBlob: true, webauthn:virtualAuthenticators: true}
Session ID: f52ad19af50c6efefcde0eea78927f04
	at org.openqa.selenium.remote.http.W3CHttpResponseCodec.createException(W3CHttpResponseCodec.java:187)
	at org.openqa.selenium.remote.http.W3CHttpResponseCodec.decode(W3CHttpResponseCodec.java:122)
	at org.openqa.selenium.remote.http.W3CHttpResponseCodec.decode(W3CHttpResponseCodec.java:49)
	at org.openqa.selenium.remote.HttpCommandExecutor.execute(HttpCommandExecutor.java:158)
	at org.openqa.selenium.remote.service.DriverCommandExecutor.execute(DriverCommandExecutor.java:83)
	at org.openqa.selenium.remote.RemoteWebDriver.execute(RemoteWebDriver.java:552)
	at com.kms.katalon.selenium.driver.CChromeDriver.execute(CChromeDriver.java:19)
	at org.openqa.selenium.remote.RemoteWebElement.execute(RemoteWebElement.java:285)
	at org.openqa.selenium.remote.RemoteWebElement.clear(RemoteWebElement.java:124)
	at org.openqa.selenium.support.events.EventFiringWebDriver$EventFiringWebElement.lambda$new$0(EventFiringWebDriver.java:404)
	at com.sun.proxy.$Proxy11.clear(Unknown Source)
	at org.openqa.selenium.support.events.EventFiringWebDriver$EventFiringWebElement.clear(EventFiringWebDriver.java:436)
	at com.kms.katalon.core.webui.keyword.builtin.SetTextKeyword$_setText_closure1.doCall(SetTextKeyword.groovy:53)
	at com.kms.katalon.core.webui.keyword.builtin.SetTextKeyword$_setText_closure1.call(SetTextKeyword.groovy)
	at com.kms.katalon.core.webui.keyword.internal.WebUIKeywordMain.runKeyword(WebUIKeywordMain.groovy:20)
	at com.kms.katalon.core.webui.keyword.builtin.SetTextKeyword.setText(SetTextKeyword.groovy:66)
	at com.kms.katalon.core.webui.keyword.builtin.SetTextKeyword.execute(SetTextKeyword.groovy:37)
	at com.kms.katalon.core.keyword.internal.KeywordExecutor.executeKeywordForPlatform(KeywordExecutor.groovy:74)
	at com.kms.katalon.core.webui.keyword.WebUiBuiltInKeywords.setText(WebUiBuiltInKeywords.groovy:980)
	at com.kms.katalon.core.webui.keyword.WebUiBuiltInKeywords$setText$2.call(Unknown Source)
	at Script1641373046337.run(Script1641373046337.groovy:34)
	... 16 more
)
[[ATTACHMENT|C:\\Users\\antra\\git\\SE-Bonus\\Reports\\20220114_100257\\Run all test cases\\20220114_100257\\1642130414954.png]]]]></system-out>
         <system-err><![CDATA[2022-01-14 10:19:36 - [TEST_CASE][FAILED] - Test Cases/Chat/Add contact: Test Cases/Chat/Add contact FAILED.
Reason:
com.kms.katalon.core.exception.StepFailedException: Unable to set text 'Anh Lee' of object 'Object Repository/Page_Dashboard/input_Messages selected_form-control'
	at com.kms.katalon.core.webui.keyword.internal.WebUIKeywordMain.stepFailed(WebUIKeywordMain.groovy:64)
	at com.kms.katalon.core.webui.keyword.internal.WebUIKeywordMain.runKeyword(WebUIKeywordMain.groovy:26)
	at com.kms.katalon.core.webui.keyword.builtin.SetTextKeyword.setText(SetTextKeyword.groovy:66)
	at com.kms.katalon.core.webui.keyword.builtin.SetTextKeyword.execute(SetTextKeyword.groovy:37)
	at com.kms.katalon.core.keyword.internal.KeywordExecutor.executeKeywordForPlatform(KeywordExecutor.groovy:74)
	at com.kms.katalon.core.webui.keyword.WebUiBuiltInKeywords.setText(WebUiBuiltInKeywords.groovy:980)
	at com.kms.katalon.core.webui.keyword.WebUiBuiltInKeywords$setText$2.call(Unknown Source)
	at Add contact.run(Add contact:34)
	at com.kms.katalon.core.main.ScriptEngine.run(ScriptEngine.java:194)
	at com.kms.katalon.core.main.ScriptEngine.runScriptAsRawText(ScriptEngine.java:119)
	at com.kms.katalon.core.main.TestCaseExecutor.runScript(TestCaseExecutor.java:442)
	at com.kms.katalon.core.main.TestCaseExecutor.doExecute(TestCaseExecutor.java:433)
	at com.kms.katalon.core.main.TestCaseExecutor.processExecutionPhase(TestCaseExecutor.java:412)
	at com.kms.katalon.core.main.TestCaseExecutor.accessMainPhase(TestCaseExecutor.java:404)
	at com.kms.katalon.core.main.TestCaseExecutor.execute(TestCaseExecutor.java:281)
	at com.kms.katalon.core.main.TestCaseExecutor.execute(TestCaseExecutor.java:363)
	at com.kms.katalon.core.main.TestCaseExecutor.execute(TestCaseExecutor.java:363)
	at com.kms.katalon.core.main.TestCaseExecutor.execute(TestCaseExecutor.java:363)
	at com.kms.katalon.core.main.TestSuiteExecutor.accessTestCaseMainPhase(TestSuiteExecutor.java:202)
	at com.kms.katalon.core.main.TestSuiteExecutor.accessTestSuiteMainPhase(TestSuiteExecutor.java:164)
	at com.kms.katalon.core.main.TestSuiteExecutor.execute(TestSuiteExecutor.java:105)
	at com.kms.katalon.core.main.TestCaseMain.startTestSuite(TestCaseMain.java:181)
	at com.kms.katalon.core.main.TestCaseMain$startTestSuite$0.call(Unknown Source)
	at TempTestSuite1642129377811.run(TempTestSuite1642129377811.groovy:36)
Caused by: org.openqa.selenium.ElementNotInteractableException: element not interactable
  (Session info: chrome=97.0.4692.71)
Build info: version: '3.141.59', revision: 'e82be7d358', time: '2018-11-14T08:25:53'
System info: host: 'DESKTOP-5O7CBM9', ip: '192.168.16.1', os.name: 'Windows 10', os.arch: 'amd64', os.version: '10.0', java.version: '1.8.0_282'
Driver info: com.kms.katalon.selenium.driver.CChromeDriver
Capabilities {acceptInsecureCerts: false, browserName: chrome, browserVersion: 97.0.4692.71, chrome: {chromedriverVersion: 97.0.4692.71 (adefa7837d02a..., userDataDir: C:\Users\antra\AppData\Loca...}, goog:chromeOptions: {debuggerAddress: localhost:53455}, javascriptEnabled: true, networkConnectionEnabled: false, pageLoadStrategy: normal, platform: WINDOWS, platformName: WINDOWS, proxy: Proxy(), setWindowRect: true, strictFileInteractability: false, timeouts: {implicit: 0, pageLoad: 300000, script: 30000}, unhandledPromptBehavior: dismiss and notify, webauthn:extension:credBlob: true, webauthn:extension:largeBlob: true, webauthn:virtualAuthenticators: true}
Session ID: f52ad19af50c6efefcde0eea78927f04
	at org.openqa.selenium.remote.http.W3CHttpResponseCodec.createException(W3CHttpResponseCodec.java:187)
	at org.openqa.selenium.remote.http.W3CHttpResponseCodec.decode(W3CHttpResponseCodec.java:122)
	at org.openqa.selenium.remote.http.W3CHttpResponseCodec.decode(W3CHttpResponseCodec.java:49)
	at org.openqa.selenium.remote.HttpCommandExecutor.execute(HttpCommandExecutor.java:158)
	at org.openqa.selenium.remote.service.DriverCommandExecutor.execute(DriverCommandExecutor.java:83)
	at org.openqa.selenium.remote.RemoteWebDriver.execute(RemoteWebDriver.java:552)
	at com.kms.katalon.selenium.driver.CChromeDriver.execute(CChromeDriver.java:19)
	at org.openqa.selenium.remote.RemoteWebElement.execute(RemoteWebElement.java:285)
	at org.openqa.selenium.remote.RemoteWebElement.clear(RemoteWebElement.java:124)
	at org.openqa.selenium.support.events.EventFiringWebDriver$EventFiringWebElement.lambda$new$0(EventFiringWebDriver.java:404)
	at com.sun.proxy.$Proxy11.clear(Unknown Source)
	at org.openqa.selenium.support.events.EventFiringWebDriver$EventFiringWebElement.clear(EventFiringWebDriver.java:436)
	at com.kms.katalon.core.webui.keyword.builtin.SetTextKeyword$_setText_closure1.doCall(SetTextKeyword.groovy:53)
	at com.kms.katalon.core.webui.keyword.builtin.SetTextKeyword$_setText_closure1.call(SetTextKeyword.groovy)
	at com.kms.katalon.core.webui.keyword.internal.WebUIKeywordMain.runKeyword(WebUIKeywordMain.groovy:20)
	... 22 more]]></system-err>
      </testcase>
      <testcase name="Test Cases/Chat/Accept contact" time="37.105" classname="Test Cases/Chat/Accept contact" status="FAILED">
         <failure type="FAILED" message="Test Cases/Chat/Accept contact FAILED.
Reason:
com.kms.katalon.core.exception.StepFailedException: Unable to click on object 'Object Repository/Page_Dashboard/i_See all_icon fa fa-comment-o fa-fw'
	at com.kms.katalon.core.webui.keyword.internal.WebUIKeywordMain.stepFailed(WebUIKeywordMain.groovy:64)
	at com.kms.katalon.core.webui.keyword.internal.WebUIKeywordMain.runKeyword(WebUIKeywordMain.groovy:26)
	at com.kms.katalon.core.webui.keyword.builtin.ClickKeyword.click(ClickKeyword.groovy:74)
	at com.kms.katalon.core.webui.keyword.builtin.ClickKeyword.execute(ClickKeyword.groovy:40)
	at com.kms.katalon.core.keyword.internal.KeywordExecutor.executeKeywordForPlatform(KeywordExecutor.groovy:74)
	at com.kms.katalon.core.webui.keyword.WebUiBuiltInKeywords.click(WebUiBuiltInKeywords.groovy:620)
	at com.kms.katalon.core.webui.keyword.WebUiBuiltInKeywords$click$1.call(Unknown Source)
	at Accept contact.run(Accept contact:32)
	at com.kms.katalon.core.main.ScriptEngine.run(ScriptEngine.java:194)
	at com.kms.katalon.core.main.ScriptEngine.runScriptAsRawText(ScriptEngine.java:119)
	at com.kms.katalon.core.main.TestCaseExecutor.runScript(TestCaseExecutor.java:442)
	at com.kms.katalon.core.main.TestCaseExecutor.doExecute(TestCaseExecutor.java:433)
	at com.kms.katalon.core.main.TestCaseExecutor.processExecutionPhase(TestCaseExecutor.java:412)
	at com.kms.katalon.core.main.TestCaseExecutor.accessMainPhase(TestCaseExecutor.java:404)
	at com.kms.katalon.core.main.TestCaseExecutor.execute(TestCaseExecutor.java:281)
	at com.kms.katalon.core.main.TestCaseExecutor.execute(TestCaseExecutor.java:363)
	at com.kms.katalon.core.main.TestCaseExecutor.execute(TestCaseExecutor.java:363)
	at com.kms.katalon.core.main.TestCaseExecutor.execute(TestCaseExecutor.java:363)
	at com.kms.katalon.core.main.TestSuiteExecutor.accessTestCaseMainPhase(TestSuiteExecutor.java:202)
	at com.kms.katalon.core.main.TestSuiteExecutor.accessTestSuiteMainPhase(TestSuiteExecutor.java:164)
	at com.kms.katalon.core.main.TestSuiteExecutor.execute(TestSuiteExecutor.java:105)
	at com.kms.katalon.core.main.TestCaseMain.startTestSuite(TestCaseMain.java:181)
	at com.kms.katalon.core.main.TestCaseMain$startTestSuite$0.call(Unknown Source)
	at TempTestSuite1642129377811.run(TempTestSuite1642129377811.groovy:36)
Caused by: org.openqa.selenium.ElementNotInteractableException: element not interactable
  (Session info: chrome=97.0.4692.71)
Build info: version: '3.141.59', revision: 'e82be7d358', time: '2018-11-14T08:25:53'
System info: host: 'DESKTOP-5O7CBM9', ip: '192.168.16.1', os.name: 'Windows 10', os.arch: 'amd64', os.version: '10.0', java.version: '1.8.0_282'
Driver info: com.kms.katalon.selenium.driver.CChromeDriver
Capabilities {acceptInsecureCerts: false, browserName: chrome, browserVersion: 97.0.4692.71, chrome: {chromedriverVersion: 97.0.4692.71 (adefa7837d02a..., userDataDir: C:\Users\antra\AppData\Loca...}, goog:chromeOptions: {debuggerAddress: localhost:53659}, javascriptEnabled: true, networkConnectionEnabled: false, pageLoadStrategy: normal, platform: WINDOWS, platformName: WINDOWS, proxy: Proxy(), setWindowRect: true, strictFileInteractability: false, timeouts: {implicit: 0, pageLoad: 300000, script: 30000}, unhandledPromptBehavior: dismiss and notify, webauthn:extension:credBlob: true, webauthn:extension:largeBlob: true, webauthn:virtualAuthenticators: true}
Session ID: c6e1f1e3a1a20c0702dbb91e4877dfc1
	at org.openqa.selenium.remote.http.W3CHttpResponseCodec.createException(W3CHttpResponseCodec.java:187)
	at org.openqa.selenium.remote.http.W3CHttpResponseCodec.decode(W3CHttpResponseCodec.java:122)
	at org.openqa.selenium.remote.http.W3CHttpResponseCodec.decode(W3CHttpResponseCodec.java:49)
	at org.openqa.selenium.remote.HttpCommandExecutor.execute(HttpCommandExecutor.java:158)
	at org.openqa.selenium.remote.service.DriverCommandExecutor.execute(DriverCommandExecutor.java:83)
	at org.openqa.selenium.remote.RemoteWebDriver.execute(RemoteWebDriver.java:552)
	at com.kms.katalon.selenium.driver.CChromeDriver.execute(CChromeDriver.java:19)
	at org.openqa.selenium.remote.RemoteWebElement.execute(RemoteWebElement.java:285)
	at org.openqa.selenium.remote.RemoteWebElement.click(RemoteWebElement.java:84)
	at org.openqa.selenium.support.events.EventFiringWebDriver$EventFiringWebElement.lambda$new$0(EventFiringWebDriver.java:404)
	at com.sun.proxy.$Proxy11.click(Unknown Source)
	at org.openqa.selenium.support.events.EventFiringWebDriver$EventFiringWebElement.click(EventFiringWebDriver.java:417)
	at org.openqa.selenium.WebElement$click.call(Unknown Source)
	at com.kms.katalon.core.webui.keyword.builtin.ClickKeyword.clickUntilSuccessWithTimeout(ClickKeyword.groovy:81)
	at com.kms.katalon.core.webui.keyword.builtin.ClickKeyword.clickUntilSuccessWithTimeout(ClickKeyword.groovy)
	at com.kms.katalon.core.webui.keyword.builtin.ClickKeyword$_click_closure1.doCall(ClickKeyword.groovy:67)
	at com.kms.katalon.core.webui.keyword.builtin.ClickKeyword$_click_closure1.call(ClickKeyword.groovy)
	at com.kms.katalon.core.webui.keyword.internal.WebUIKeywordMain.runKeyword(WebUIKeywordMain.groovy:20)
	... 22 more
"/>
         <system-out><![CDATA[2022-01-14 10:22:07 - [TEST_CASE][FAILED] - Test Cases/Chat/Accept contact: Test Cases/Chat/Accept contact FAILED.
Reason:
com.kms.katalon.core.exception.StepFailedException: Unable to click on object 'Object Repository/Page_Dashboard/i_See all_icon fa fa-comment-o fa-fw'
	at com.kms.katalon.core.webui.keyword.internal.WebUIKeywordMain.stepFailed(WebUIKeywordMain.groovy:64)
	at com.kms.katalon.core.webui.keyword.internal.WebUIKeywordMain.runKeyword(WebUIKeywordMain.groovy:26)
	at com.kms.katalon.core.webui.keyword.builtin.ClickKeyword.click(ClickKeyword.groovy:74)
	at com.kms.katalon.core.webui.keyword.builtin.ClickKeyword.execute(ClickKeyword.groovy:40)
	at com.kms.katalon.core.keyword.internal.KeywordExecutor.executeKeywordForPlatform(KeywordExecutor.groovy:74)
	at com.kms.katalon.core.webui.keyword.WebUiBuiltInKeywords.click(WebUiBuiltInKeywords.groovy:620)
	at com.kms.katalon.core.webui.keyword.WebUiBuiltInKeywords$click$1.call(Unknown Source)
	at Accept contact.run(Accept contact:32)
	at com.kms.katalon.core.main.ScriptEngine.run(ScriptEngine.java:194)
	at com.kms.katalon.core.main.ScriptEngine.runScriptAsRawText(ScriptEngine.java:119)
	at com.kms.katalon.core.main.TestCaseExecutor.runScript(TestCaseExecutor.java:442)
	at com.kms.katalon.core.main.TestCaseExecutor.doExecute(TestCaseExecutor.java:433)
	at com.kms.katalon.core.main.TestCaseExecutor.processExecutionPhase(TestCaseExecutor.java:412)
	at com.kms.katalon.core.main.TestCaseExecutor.accessMainPhase(TestCaseExecutor.java:404)
	at com.kms.katalon.core.main.TestCaseExecutor.execute(TestCaseExecutor.java:281)
	at com.kms.katalon.core.main.TestCaseExecutor.execute(TestCaseExecutor.java:363)
	at com.kms.katalon.core.main.TestCaseExecutor.execute(TestCaseExecutor.java:363)
	at com.kms.katalon.core.main.TestCaseExecutor.execute(TestCaseExecutor.java:363)
	at com.kms.katalon.core.main.TestSuiteExecutor.accessTestCaseMainPhase(TestSuiteExecutor.java:202)
	at com.kms.katalon.core.main.TestSuiteExecutor.accessTestSuiteMainPhase(TestSuiteExecutor.java:164)
	at com.kms.katalon.core.main.TestSuiteExecutor.execute(TestSuiteExecutor.java:105)
	at com.kms.katalon.core.main.TestCaseMain.startTestSuite(TestCaseMain.java:181)
	at com.kms.katalon.core.main.TestCaseMain$startTestSuite$0.call(Unknown Source)
	at TempTestSuite1642129377811.run(TempTestSuite1642129377811.groovy:36)
Caused by: org.openqa.selenium.ElementNotInteractableException: element not interactable
  (Session info: chrome=97.0.4692.71)
Build info: version: '3.141.59', revision: 'e82be7d358', time: '2018-11-14T08:25:53'
System info: host: 'DESKTOP-5O7CBM9', ip: '192.168.16.1', os.name: 'Windows 10', os.arch: 'amd64', os.version: '10.0', java.version: '1.8.0_282'
Driver info: com.kms.katalon.selenium.driver.CChromeDriver
Capabilities {acceptInsecureCerts: false, browserName: chrome, browserVersion: 97.0.4692.71, chrome: {chromedriverVersion: 97.0.4692.71 (adefa7837d02a..., userDataDir: C:\Users\antra\AppData\Loca...}, goog:chromeOptions: {debuggerAddress: localhost:53659}, javascriptEnabled: true, networkConnectionEnabled: false, pageLoadStrategy: normal, platform: WINDOWS, platformName: WINDOWS, proxy: Proxy(), setWindowRect: true, strictFileInteractability: false, timeouts: {implicit: 0, pageLoad: 300000, script: 30000}, unhandledPromptBehavior: dismiss and notify, webauthn:extension:credBlob: true, webauthn:extension:largeBlob: true, webauthn:virtualAuthenticators: true}
Session ID: c6e1f1e3a1a20c0702dbb91e4877dfc1
	at org.openqa.selenium.remote.http.W3CHttpResponseCodec.createException(W3CHttpResponseCodec.java:187)
	at org.openqa.selenium.remote.http.W3CHttpResponseCodec.decode(W3CHttpResponseCodec.java:122)
	at org.openqa.selenium.remote.http.W3CHttpResponseCodec.decode(W3CHttpResponseCodec.java:49)
	at org.openqa.selenium.remote.HttpCommandExecutor.execute(HttpCommandExecutor.java:158)
	at org.openqa.selenium.remote.service.DriverCommandExecutor.execute(DriverCommandExecutor.java:83)
	at org.openqa.selenium.remote.RemoteWebDriver.execute(RemoteWebDriver.java:552)
	at com.kms.katalon.selenium.driver.CChromeDriver.execute(CChromeDriver.java:19)
	at org.openqa.selenium.remote.RemoteWebElement.execute(RemoteWebElement.java:285)
	at org.openqa.selenium.remote.RemoteWebElement.click(RemoteWebElement.java:84)
	at org.openqa.selenium.support.events.EventFiringWebDriver$EventFiringWebElement.lambda$new$0(EventFiringWebDriver.java:404)
	at com.sun.proxy.$Proxy11.click(Unknown Source)
	at org.openqa.selenium.support.events.EventFiringWebDriver$EventFiringWebElement.click(EventFiringWebDriver.java:417)
	at org.openqa.selenium.WebElement$click.call(Unknown Source)
	at com.kms.katalon.core.webui.keyword.builtin.ClickKeyword.clickUntilSuccessWithTimeout(ClickKeyword.groovy:81)
	at com.kms.katalon.core.webui.keyword.builtin.ClickKeyword.clickUntilSuccessWithTimeout(ClickKeyword.groovy)
	at com.kms.katalon.core.webui.keyword.builtin.ClickKeyword$_click_closure1.doCall(ClickKeyword.groovy:67)
	at com.kms.katalon.core.webui.keyword.builtin.ClickKeyword$_click_closure1.call(ClickKeyword.groovy)
	at com.kms.katalon.core.webui.keyword.internal.WebUIKeywordMain.runKeyword(WebUIKeywordMain.groovy:20)
	... 22 more


2022-01-14 10:22:07 - [TEST_STEP][PASSED] - openBrowser(""): Browser is opened with url: ''

2022-01-14 10:22:07 - [MESSAGE][WARNING] - A browser is already opened. Closing browser and opening a new one

2022-01-14 10:22:07 - [MESSAGE][INFO] - Starting 'Chrome' driver

2022-01-14 10:22:07 - [MESSAGE][INFO] - Action delay is set to 0 milliseconds

2022-01-14 10:22:08 - [MESSAGE][PASSED] - Browser is opened with url: ''

2022-01-14 10:22:08 - [TEST_STEP][PASSED] - navigateToUrl("http://localhost/"): Navigate to 'http://localhost/' successfully

2022-01-14 10:22:09 - [MESSAGE][PASSED] - Navigate to 'http://localhost/' successfully

2022-01-14 10:22:09 - [TEST_STEP][PASSED] - click(findTestObject("Object Repository/Page_L Tm Anh/a_Log in")): Object: 'Object Repository/Page_L Tm Anh/a_Log in' is clicked on

2022-01-14 10:22:10 - [MESSAGE][PASSED] - Object: 'Object Repository/Page_L Tm Anh/a_Log in' is clicked on

2022-01-14 10:22:10 - [TEST_STEP][PASSED] - setText(findTestObject("Object Repository/Page_L Tm Anh Log in to the site/input_Username_username"), "admin3"): Text 'admin3' is set on object 'Object Repository/Page_L Tm Anh Log in to the site/input_Username_username'

2022-01-14 10:22:10 - [MESSAGE][PASSED] - Text 'admin3' is set on object 'Object Repository/Page_L Tm Anh Log in to the site/input_Username_username'

2022-01-14 10:22:10 - [TEST_STEP][PASSED] - setEncryptedText(findTestObject("Object Repository/Page_L Tm Anh Log in to the site/input_Password_password"), "eGmz8XUbrLe3vUQiiiujBg=="): Text ****** has been set on object 'Object Repository/Page_L Tm Anh Log in to the site/input_Password_password'

2022-01-14 10:22:11 - [MESSAGE][PASSED] - Text ****** has been set on object 'Object Repository/Page_L Tm Anh Log in to the site/input_Password_password'

2022-01-14 10:22:11 - [TEST_STEP][PASSED] - click(findTestObject("Object Repository/Page_L Tm Anh Log in to the site/button_Log in")): Object: 'Object Repository/Page_L Tm Anh Log in to the site/button_Log in' is clicked on

2022-01-14 10:22:12 - [MESSAGE][PASSED] - Object: 'Object Repository/Page_L Tm Anh Log in to the site/button_Log in' is clicked on

2022-01-14 10:22:12 - [TEST_STEP][FAILED] - click(findTestObject("Object Repository/Page_Dashboard/i_See all_icon fa fa-comment-o fa-fw")): Unable to click on object 'Object Repository/Page_Dashboard/i_See all_icon fa fa-comment-o fa-fw' (Root cause: com.kms.katalon.core.exception.StepFailedException: Unable to click on object 'Object Repository/Page_Dashboard/i_See all_icon fa fa-comment-o fa-fw'
	at com.kms.katalon.core.webui.keyword.internal.WebUIKeywordMain.stepFailed(WebUIKeywordMain.groovy:64)
	at com.kms.katalon.core.webui.keyword.internal.WebUIKeywordMain.runKeyword(WebUIKeywordMain.groovy:26)
	at com.kms.katalon.core.webui.keyword.builtin.ClickKeyword.click(ClickKeyword.groovy:74)
	at com.kms.katalon.core.webui.keyword.builtin.ClickKeyword.execute(ClickKeyword.groovy:40)
	at com.kms.katalon.core.keyword.internal.KeywordExecutor.executeKeywordForPlatform(KeywordExecutor.groovy:74)
	at com.kms.katalon.core.webui.keyword.WebUiBuiltInKeywords.click(WebUiBuiltInKeywords.groovy:620)
	at com.kms.katalon.core.webui.keyword.WebUiBuiltInKeywords$click$1.call(Unknown Source)
	at Accept contact.run(Accept contact:32)
	at com.kms.katalon.core.main.ScriptEngine.run(ScriptEngine.java:194)
	at com.kms.katalon.core.main.ScriptEngine.runScriptAsRawText(ScriptEngine.java:119)
	at com.kms.katalon.core.main.TestCaseExecutor.runScript(TestCaseExecutor.java:442)
	at com.kms.katalon.core.main.TestCaseExecutor.doExecute(TestCaseExecutor.java:433)
	at com.kms.katalon.core.main.TestCaseExecutor.processExecutionPhase(TestCaseExecutor.java:412)
	at com.kms.katalon.core.main.TestCaseExecutor.accessMainPhase(TestCaseExecutor.java:404)
	at com.kms.katalon.core.main.TestCaseExecutor.execute(TestCaseExecutor.java:281)
	at com.kms.katalon.core.main.TestCaseExecutor.execute(TestCaseExecutor.java:363)
	at com.kms.katalon.core.main.TestCaseExecutor.execute(TestCaseExecutor.java:363)
	at com.kms.katalon.core.main.TestCaseExecutor.execute(TestCaseExecutor.java:363)
	at com.kms.katalon.core.main.TestSuiteExecutor.accessTestCaseMainPhase(TestSuiteExecutor.java:202)
	at com.kms.katalon.core.main.TestSuiteExecutor.accessTestSuiteMainPhase(TestSuiteExecutor.java:164)
	at com.kms.katalon.core.main.TestSuiteExecutor.execute(TestSuiteExecutor.java:105)
	at com.kms.katalon.core.main.TestCaseMain.startTestSuite(TestCaseMain.java:181)
	at com.kms.katalon.core.main.TestCaseMain$startTestSuite$0.call(Unknown Source)
	at TempTestSuite1642129377811.run(TempTestSuite1642129377811.groovy:36)
Caused by: org.openqa.selenium.ElementNotInteractableException: element not interactable
  (Session info: chrome=97.0.4692.71)
Build info: version: '3.141.59', revision: 'e82be7d358', time: '2018-11-14T08:25:53'
System info: host: 'DESKTOP-5O7CBM9', ip: '192.168.16.1', os.name: 'Windows 10', os.arch: 'amd64', os.version: '10.0', java.version: '1.8.0_282'
Driver info: com.kms.katalon.selenium.driver.CChromeDriver
Capabilities {acceptInsecureCerts: false, browserName: chrome, browserVersion: 97.0.4692.71, chrome: {chromedriverVersion: 97.0.4692.71 (adefa7837d02a..., userDataDir: C:\Users\antra\AppData\Loca...}, goog:chromeOptions: {debuggerAddress: localhost:53659}, javascriptEnabled: true, networkConnectionEnabled: false, pageLoadStrategy: normal, platform: WINDOWS, platformName: WINDOWS, proxy: Proxy(), setWindowRect: true, strictFileInteractability: false, timeouts: {implicit: 0, pageLoad: 300000, script: 30000}, unhandledPromptBehavior: dismiss and notify, webauthn:extension:credBlob: true, webauthn:extension:largeBlob: true, webauthn:virtualAuthenticators: true}
Session ID: c6e1f1e3a1a20c0702dbb91e4877dfc1
	at org.openqa.selenium.remote.http.W3CHttpResponseCodec.createException(W3CHttpResponseCodec.java:187)
	at org.openqa.selenium.remote.http.W3CHttpResponseCodec.decode(W3CHttpResponseCodec.java:122)
	at org.openqa.selenium.remote.http.W3CHttpResponseCodec.decode(W3CHttpResponseCodec.java:49)
	at org.openqa.selenium.remote.HttpCommandExecutor.execute(HttpCommandExecutor.java:158)
	at org.openqa.selenium.remote.service.DriverCommandExecutor.execute(DriverCommandExecutor.java:83)
	at org.openqa.selenium.remote.RemoteWebDriver.execute(RemoteWebDriver.java:552)
	at com.kms.katalon.selenium.driver.CChromeDriver.execute(CChromeDriver.java:19)
	at org.openqa.selenium.remote.RemoteWebElement.execute(RemoteWebElement.java:285)
	at org.openqa.selenium.remote.RemoteWebElement.click(RemoteWebElement.java:84)
	at org.openqa.selenium.support.events.EventFiringWebDriver$EventFiringWebElement.lambda$new$0(EventFiringWebDriver.java:404)
	at com.sun.proxy.$Proxy11.click(Unknown Source)
	at org.openqa.selenium.support.events.EventFiringWebDriver$EventFiringWebElement.click(EventFiringWebDriver.java:417)
	at org.openqa.selenium.WebElement$click.call(Unknown Source)
	at com.kms.katalon.core.webui.keyword.builtin.ClickKeyword.clickUntilSuccessWithTimeout(ClickKeyword.groovy:81)
	at com.kms.katalon.core.webui.keyword.builtin.ClickKeyword.clickUntilSuccessWithTimeout(ClickKeyword.groovy)
	at com.kms.katalon.core.webui.keyword.builtin.ClickKeyword$_click_closure1.doCall(ClickKeyword.groovy:67)
	at com.kms.katalon.core.webui.keyword.builtin.ClickKeyword$_click_closure1.call(ClickKeyword.groovy)
	at com.kms.katalon.core.webui.keyword.internal.WebUIKeywordMain.runKeyword(WebUIKeywordMain.groovy:20)
	at com.kms.katalon.core.webui.keyword.builtin.ClickKeyword.click(ClickKeyword.groovy:74)
	at com.kms.katalon.core.webui.keyword.builtin.ClickKeyword.execute(ClickKeyword.groovy:40)
	at com.kms.katalon.core.keyword.internal.KeywordExecutor.executeKeywordForPlatform(KeywordExecutor.groovy:74)
	at com.kms.katalon.core.webui.keyword.WebUiBuiltInKeywords.click(WebUiBuiltInKeywords.groovy:620)
	at com.kms.katalon.core.webui.keyword.WebUiBuiltInKeywords$click$1.call(Unknown Source)
	at Script1641373171164.run(Script1641373171164.groovy:32)
	... 16 more
)

2022-01-14 10:22:43 - [MESSAGE][INFO] - Unable to find the element located by 'By.xpath: //a[@id='message-drawer-toggle-61da31feb585e61da31fe9dea25']/i'. Please recheck the objects properties to make sure the desired element is located. 

2022-01-14 10:22:43 - [MESSAGE][WARNING] - [SELF-HEALING] Failed to find element with id 'Object Repository/Page_Dashboard/i_See all_icon fa fa-comment-o fa-fw'. Try using Self-healing.

2022-01-14 10:22:43 - [MESSAGE][WARNING] - [SELF-HEALING] The current locator of test object 'Object Repository/Page_Dashboard/i_See all_icon fa fa-comment-o fa-fw' was broken. Propose an alternative one: '//div[2]/a/i'.

2022-01-14 10:22:44 - [MESSAGE][FAILED] - Unable to click on object 'Object Repository/Page_Dashboard/i_See all_icon fa fa-comment-o fa-fw' (Root cause: com.kms.katalon.core.exception.StepFailedException: Unable to click on object 'Object Repository/Page_Dashboard/i_See all_icon fa fa-comment-o fa-fw'
	at com.kms.katalon.core.webui.keyword.internal.WebUIKeywordMain.stepFailed(WebUIKeywordMain.groovy:64)
	at com.kms.katalon.core.webui.keyword.internal.WebUIKeywordMain.runKeyword(WebUIKeywordMain.groovy:26)
	at com.kms.katalon.core.webui.keyword.builtin.ClickKeyword.click(ClickKeyword.groovy:74)
	at com.kms.katalon.core.webui.keyword.builtin.ClickKeyword.execute(ClickKeyword.groovy:40)
	at com.kms.katalon.core.keyword.internal.KeywordExecutor.executeKeywordForPlatform(KeywordExecutor.groovy:74)
	at com.kms.katalon.core.webui.keyword.WebUiBuiltInKeywords.click(WebUiBuiltInKeywords.groovy:620)
	at com.kms.katalon.core.webui.keyword.WebUiBuiltInKeywords$click$1.call(Unknown Source)
	at Accept contact.run(Accept contact:32)
	at com.kms.katalon.core.main.ScriptEngine.run(ScriptEngine.java:194)
	at com.kms.katalon.core.main.ScriptEngine.runScriptAsRawText(ScriptEngine.java:119)
	at com.kms.katalon.core.main.TestCaseExecutor.runScript(TestCaseExecutor.java:442)
	at com.kms.katalon.core.main.TestCaseExecutor.doExecute(TestCaseExecutor.java:433)
	at com.kms.katalon.core.main.TestCaseExecutor.processExecutionPhase(TestCaseExecutor.java:412)
	at com.kms.katalon.core.main.TestCaseExecutor.accessMainPhase(TestCaseExecutor.java:404)
	at com.kms.katalon.core.main.TestCaseExecutor.execute(TestCaseExecutor.java:281)
	at com.kms.katalon.core.main.TestCaseExecutor.execute(TestCaseExecutor.java:363)
	at com.kms.katalon.core.main.TestCaseExecutor.execute(TestCaseExecutor.java:363)
	at com.kms.katalon.core.main.TestCaseExecutor.execute(TestCaseExecutor.java:363)
	at com.kms.katalon.core.main.TestSuiteExecutor.accessTestCaseMainPhase(TestSuiteExecutor.java:202)
	at com.kms.katalon.core.main.TestSuiteExecutor.accessTestSuiteMainPhase(TestSuiteExecutor.java:164)
	at com.kms.katalon.core.main.TestSuiteExecutor.execute(TestSuiteExecutor.java:105)
	at com.kms.katalon.core.main.TestCaseMain.startTestSuite(TestCaseMain.java:181)
	at com.kms.katalon.core.main.TestCaseMain$startTestSuite$0.call(Unknown Source)
	at TempTestSuite1642129377811.run(TempTestSuite1642129377811.groovy:36)
Caused by: org.openqa.selenium.ElementNotInteractableException: element not interactable
  (Session info: chrome=97.0.4692.71)
Build info: version: '3.141.59', revision: 'e82be7d358', time: '2018-11-14T08:25:53'
System info: host: 'DESKTOP-5O7CBM9', ip: '192.168.16.1', os.name: 'Windows 10', os.arch: 'amd64', os.version: '10.0', java.version: '1.8.0_282'
Driver info: com.kms.katalon.selenium.driver.CChromeDriver
Capabilities {acceptInsecureCerts: false, browserName: chrome, browserVersion: 97.0.4692.71, chrome: {chromedriverVersion: 97.0.4692.71 (adefa7837d02a..., userDataDir: C:\Users\antra\AppData\Loca...}, goog:chromeOptions: {debuggerAddress: localhost:53659}, javascriptEnabled: true, networkConnectionEnabled: false, pageLoadStrategy: normal, platform: WINDOWS, platformName: WINDOWS, proxy: Proxy(), setWindowRect: true, strictFileInteractability: false, timeouts: {implicit: 0, pageLoad: 300000, script: 30000}, unhandledPromptBehavior: dismiss and notify, webauthn:extension:credBlob: true, webauthn:extension:largeBlob: true, webauthn:virtualAuthenticators: true}
Session ID: c6e1f1e3a1a20c0702dbb91e4877dfc1
	at org.openqa.selenium.remote.http.W3CHttpResponseCodec.createException(W3CHttpResponseCodec.java:187)
	at org.openqa.selenium.remote.http.W3CHttpResponseCodec.decode(W3CHttpResponseCodec.java:122)
	at org.openqa.selenium.remote.http.W3CHttpResponseCodec.decode(W3CHttpResponseCodec.java:49)
	at org.openqa.selenium.remote.HttpCommandExecutor.execute(HttpCommandExecutor.java:158)
	at org.openqa.selenium.remote.service.DriverCommandExecutor.execute(DriverCommandExecutor.java:83)
	at org.openqa.selenium.remote.RemoteWebDriver.execute(RemoteWebDriver.java:552)
	at com.kms.katalon.selenium.driver.CChromeDriver.execute(CChromeDriver.java:19)
	at org.openqa.selenium.remote.RemoteWebElement.execute(RemoteWebElement.java:285)
	at org.openqa.selenium.remote.RemoteWebElement.click(RemoteWebElement.java:84)
	at org.openqa.selenium.support.events.EventFiringWebDriver$EventFiringWebElement.lambda$new$0(EventFiringWebDriver.java:404)
	at com.sun.proxy.$Proxy11.click(Unknown Source)
	at org.openqa.selenium.support.events.EventFiringWebDriver$EventFiringWebElement.click(EventFiringWebDriver.java:417)
	at org.openqa.selenium.WebElement$click.call(Unknown Source)
	at com.kms.katalon.core.webui.keyword.builtin.ClickKeyword.clickUntilSuccessWithTimeout(ClickKeyword.groovy:81)
	at com.kms.katalon.core.webui.keyword.builtin.ClickKeyword.clickUntilSuccessWithTimeout(ClickKeyword.groovy)
	at com.kms.katalon.core.webui.keyword.builtin.ClickKeyword$_click_closure1.doCall(ClickKeyword.groovy:67)
	at com.kms.katalon.core.webui.keyword.builtin.ClickKeyword$_click_closure1.call(ClickKeyword.groovy)
	at com.kms.katalon.core.webui.keyword.internal.WebUIKeywordMain.runKeyword(WebUIKeywordMain.groovy:20)
	at com.kms.katalon.core.webui.keyword.builtin.ClickKeyword.click(ClickKeyword.groovy:74)
	at com.kms.katalon.core.webui.keyword.builtin.ClickKeyword.execute(ClickKeyword.groovy:40)
	at com.kms.katalon.core.keyword.internal.KeywordExecutor.executeKeywordForPlatform(KeywordExecutor.groovy:74)
	at com.kms.katalon.core.webui.keyword.WebUiBuiltInKeywords.click(WebUiBuiltInKeywords.groovy:620)
	at com.kms.katalon.core.webui.keyword.WebUiBuiltInKeywords$click$1.call(Unknown Source)
	at Script1641373171164.run(Script1641373171164.groovy:32)
	... 16 more
)
[[ATTACHMENT|C:\\Users\\antra\\git\\SE-Bonus\\Reports\\20220114_100257\\Run all test cases\\20220114_100257\\1642130563997.png]]]]></system-out>
         <system-err><![CDATA[2022-01-14 10:22:07 - [TEST_CASE][FAILED] - Test Cases/Chat/Accept contact: Test Cases/Chat/Accept contact FAILED.
Reason:
com.kms.katalon.core.exception.StepFailedException: Unable to click on object 'Object Repository/Page_Dashboard/i_See all_icon fa fa-comment-o fa-fw'
	at com.kms.katalon.core.webui.keyword.internal.WebUIKeywordMain.stepFailed(WebUIKeywordMain.groovy:64)
	at com.kms.katalon.core.webui.keyword.internal.WebUIKeywordMain.runKeyword(WebUIKeywordMain.groovy:26)
	at com.kms.katalon.core.webui.keyword.builtin.ClickKeyword.click(ClickKeyword.groovy:74)
	at com.kms.katalon.core.webui.keyword.builtin.ClickKeyword.execute(ClickKeyword.groovy:40)
	at com.kms.katalon.core.keyword.internal.KeywordExecutor.executeKeywordForPlatform(KeywordExecutor.groovy:74)
	at com.kms.katalon.core.webui.keyword.WebUiBuiltInKeywords.click(WebUiBuiltInKeywords.groovy:620)
	at com.kms.katalon.core.webui.keyword.WebUiBuiltInKeywords$click$1.call(Unknown Source)
	at Accept contact.run(Accept contact:32)
	at com.kms.katalon.core.main.ScriptEngine.run(ScriptEngine.java:194)
	at com.kms.katalon.core.main.ScriptEngine.runScriptAsRawText(ScriptEngine.java:119)
	at com.kms.katalon.core.main.TestCaseExecutor.runScript(TestCaseExecutor.java:442)
	at com.kms.katalon.core.main.TestCaseExecutor.doExecute(TestCaseExecutor.java:433)
	at com.kms.katalon.core.main.TestCaseExecutor.processExecutionPhase(TestCaseExecutor.java:412)
	at com.kms.katalon.core.main.TestCaseExecutor.accessMainPhase(TestCaseExecutor.java:404)
	at com.kms.katalon.core.main.TestCaseExecutor.execute(TestCaseExecutor.java:281)
	at com.kms.katalon.core.main.TestCaseExecutor.execute(TestCaseExecutor.java:363)
	at com.kms.katalon.core.main.TestCaseExecutor.execute(TestCaseExecutor.java:363)
	at com.kms.katalon.core.main.TestCaseExecutor.execute(TestCaseExecutor.java:363)
	at com.kms.katalon.core.main.TestSuiteExecutor.accessTestCaseMainPhase(TestSuiteExecutor.java:202)
	at com.kms.katalon.core.main.TestSuiteExecutor.accessTestSuiteMainPhase(TestSuiteExecutor.java:164)
	at com.kms.katalon.core.main.TestSuiteExecutor.execute(TestSuiteExecutor.java:105)
	at com.kms.katalon.core.main.TestCaseMain.startTestSuite(TestCaseMain.java:181)
	at com.kms.katalon.core.main.TestCaseMain$startTestSuite$0.call(Unknown Source)
	at TempTestSuite1642129377811.run(TempTestSuite1642129377811.groovy:36)
Caused by: org.openqa.selenium.ElementNotInteractableException: element not interactable
  (Session info: chrome=97.0.4692.71)
Build info: version: '3.141.59', revision: 'e82be7d358', time: '2018-11-14T08:25:53'
System info: host: 'DESKTOP-5O7CBM9', ip: '192.168.16.1', os.name: 'Windows 10', os.arch: 'amd64', os.version: '10.0', java.version: '1.8.0_282'
Driver info: com.kms.katalon.selenium.driver.CChromeDriver
Capabilities {acceptInsecureCerts: false, browserName: chrome, browserVersion: 97.0.4692.71, chrome: {chromedriverVersion: 97.0.4692.71 (adefa7837d02a..., userDataDir: C:\Users\antra\AppData\Loca...}, goog:chromeOptions: {debuggerAddress: localhost:53659}, javascriptEnabled: true, networkConnectionEnabled: false, pageLoadStrategy: normal, platform: WINDOWS, platformName: WINDOWS, proxy: Proxy(), setWindowRect: true, strictFileInteractability: false, timeouts: {implicit: 0, pageLoad: 300000, script: 30000}, unhandledPromptBehavior: dismiss and notify, webauthn:extension:credBlob: true, webauthn:extension:largeBlob: true, webauthn:virtualAuthenticators: true}
Session ID: c6e1f1e3a1a20c0702dbb91e4877dfc1
	at org.openqa.selenium.remote.http.W3CHttpResponseCodec.createException(W3CHttpResponseCodec.java:187)
	at org.openqa.selenium.remote.http.W3CHttpResponseCodec.decode(W3CHttpResponseCodec.java:122)
	at org.openqa.selenium.remote.http.W3CHttpResponseCodec.decode(W3CHttpResponseCodec.java:49)
	at org.openqa.selenium.remote.HttpCommandExecutor.execute(HttpCommandExecutor.java:158)
	at org.openqa.selenium.remote.service.DriverCommandExecutor.execute(DriverCommandExecutor.java:83)
	at org.openqa.selenium.remote.RemoteWebDriver.execute(RemoteWebDriver.java:552)
	at com.kms.katalon.selenium.driver.CChromeDriver.execute(CChromeDriver.java:19)
	at org.openqa.selenium.remote.RemoteWebElement.execute(RemoteWebElement.java:285)
	at org.openqa.selenium.remote.RemoteWebElement.click(RemoteWebElement.java:84)
	at org.openqa.selenium.support.events.EventFiringWebDriver$EventFiringWebElement.lambda$new$0(EventFiringWebDriver.java:404)
	at com.sun.proxy.$Proxy11.click(Unknown Source)
	at org.openqa.selenium.support.events.EventFiringWebDriver$EventFiringWebElement.click(EventFiringWebDriver.java:417)
	at org.openqa.selenium.WebElement$click.call(Unknown Source)
	at com.kms.katalon.core.webui.keyword.builtin.ClickKeyword.clickUntilSuccessWithTimeout(ClickKeyword.groovy:81)
	at com.kms.katalon.core.webui.keyword.builtin.ClickKeyword.clickUntilSuccessWithTimeout(ClickKeyword.groovy)
	at com.kms.katalon.core.webui.keyword.builtin.ClickKeyword$_click_closure1.doCall(ClickKeyword.groovy:67)
	at com.kms.katalon.core.webui.keyword.builtin.ClickKeyword$_click_closure1.call(ClickKeyword.groovy)
	at com.kms.katalon.core.webui.keyword.internal.WebUIKeywordMain.runKeyword(WebUIKeywordMain.groovy:20)
	... 22 more]]></system-err>
      </testcase>
      <testcase name="Test Cases/Chat/Remove a contact" time="37.016" classname="Test Cases/Chat/Remove a contact" status="FAILED">
         <failure type="FAILED" message="Test Cases/Chat/Remove a contact FAILED.
Reason:
com.kms.katalon.core.exception.StepFailedException: Unable to click on object 'Object Repository/Page_Dashboard/i_See all_icon fa fa-comment-o fa-fw'
	at com.kms.katalon.core.webui.keyword.internal.WebUIKeywordMain.stepFailed(WebUIKeywordMain.groovy:64)
	at com.kms.katalon.core.webui.keyword.internal.WebUIKeywordMain.runKeyword(WebUIKeywordMain.groovy:26)
	at com.kms.katalon.core.webui.keyword.builtin.ClickKeyword.click(ClickKeyword.groovy:74)
	at com.kms.katalon.core.webui.keyword.builtin.ClickKeyword.execute(ClickKeyword.groovy:40)
	at com.kms.katalon.core.keyword.internal.KeywordExecutor.executeKeywordForPlatform(KeywordExecutor.groovy:74)
	at com.kms.katalon.core.webui.keyword.WebUiBuiltInKeywords.click(WebUiBuiltInKeywords.groovy:620)
	at com.kms.katalon.core.webui.keyword.WebUiBuiltInKeywords$click$1.call(Unknown Source)
	at Remove a contact.run(Remove a contact:32)
	at com.kms.katalon.core.main.ScriptEngine.run(ScriptEngine.java:194)
	at com.kms.katalon.core.main.ScriptEngine.runScriptAsRawText(ScriptEngine.java:119)
	at com.kms.katalon.core.main.TestCaseExecutor.runScript(TestCaseExecutor.java:442)
	at com.kms.katalon.core.main.TestCaseExecutor.doExecute(TestCaseExecutor.java:433)
	at com.kms.katalon.core.main.TestCaseExecutor.processExecutionPhase(TestCaseExecutor.java:412)
	at com.kms.katalon.core.main.TestCaseExecutor.accessMainPhase(TestCaseExecutor.java:404)
	at com.kms.katalon.core.main.TestCaseExecutor.execute(TestCaseExecutor.java:281)
	at com.kms.katalon.core.main.TestCaseExecutor.execute(TestCaseExecutor.java:363)
	at com.kms.katalon.core.main.TestCaseExecutor.execute(TestCaseExecutor.java:363)
	at com.kms.katalon.core.main.TestCaseExecutor.execute(TestCaseExecutor.java:363)
	at com.kms.katalon.core.main.TestSuiteExecutor.accessTestCaseMainPhase(TestSuiteExecutor.java:202)
	at com.kms.katalon.core.main.TestSuiteExecutor.accessTestSuiteMainPhase(TestSuiteExecutor.java:164)
	at com.kms.katalon.core.main.TestSuiteExecutor.execute(TestSuiteExecutor.java:105)
	at com.kms.katalon.core.main.TestCaseMain.startTestSuite(TestCaseMain.java:181)
	at com.kms.katalon.core.main.TestCaseMain$startTestSuite$0.call(Unknown Source)
	at TempTestSuite1642129377811.run(TempTestSuite1642129377811.groovy:36)
Caused by: org.openqa.selenium.ElementNotInteractableException: element not interactable
  (Session info: chrome=97.0.4692.71)
Build info: version: '3.141.59', revision: 'e82be7d358', time: '2018-11-14T08:25:53'
System info: host: 'DESKTOP-5O7CBM9', ip: '192.168.16.1', os.name: 'Windows 10', os.arch: 'amd64', os.version: '10.0', java.version: '1.8.0_282'
Driver info: com.kms.katalon.selenium.driver.CChromeDriver
Capabilities {acceptInsecureCerts: false, browserName: chrome, browserVersion: 97.0.4692.71, chrome: {chromedriverVersion: 97.0.4692.71 (adefa7837d02a..., userDataDir: C:\Users\antra\AppData\Loca...}, goog:chromeOptions: {debuggerAddress: localhost:53862}, javascriptEnabled: true, networkConnectionEnabled: false, pageLoadStrategy: normal, platform: WINDOWS, platformName: WINDOWS, proxy: Proxy(), setWindowRect: true, strictFileInteractability: false, timeouts: {implicit: 0, pageLoad: 300000, script: 30000}, unhandledPromptBehavior: dismiss and notify, webauthn:extension:credBlob: true, webauthn:extension:largeBlob: true, webauthn:virtualAuthenticators: true}
Session ID: b8329ed79b6f05aa4be1c7d9e198e320
	at org.openqa.selenium.remote.http.W3CHttpResponseCodec.createException(W3CHttpResponseCodec.java:187)
	at org.openqa.selenium.remote.http.W3CHttpResponseCodec.decode(W3CHttpResponseCodec.java:122)
	at org.openqa.selenium.remote.http.W3CHttpResponseCodec.decode(W3CHttpResponseCodec.java:49)
	at org.openqa.selenium.remote.HttpCommandExecutor.execute(HttpCommandExecutor.java:158)
	at org.openqa.selenium.remote.service.DriverCommandExecutor.execute(DriverCommandExecutor.java:83)
	at org.openqa.selenium.remote.RemoteWebDriver.execute(RemoteWebDriver.java:552)
	at com.kms.katalon.selenium.driver.CChromeDriver.execute(CChromeDriver.java:19)
	at org.openqa.selenium.remote.RemoteWebElement.execute(RemoteWebElement.java:285)
	at org.openqa.selenium.remote.RemoteWebElement.click(RemoteWebElement.java:84)
	at org.openqa.selenium.support.events.EventFiringWebDriver$EventFiringWebElement.lambda$new$0(EventFiringWebDriver.java:404)
	at com.sun.proxy.$Proxy11.click(Unknown Source)
	at org.openqa.selenium.support.events.EventFiringWebDriver$EventFiringWebElement.click(EventFiringWebDriver.java:417)
	at org.openqa.selenium.WebElement$click.call(Unknown Source)
	at com.kms.katalon.core.webui.keyword.builtin.ClickKeyword.clickUntilSuccessWithTimeout(ClickKeyword.groovy:81)
	at com.kms.katalon.core.webui.keyword.builtin.ClickKeyword.clickUntilSuccessWithTimeout(ClickKeyword.groovy)
	at com.kms.katalon.core.webui.keyword.builtin.ClickKeyword$_click_closure1.doCall(ClickKeyword.groovy:67)
	at com.kms.katalon.core.webui.keyword.builtin.ClickKeyword$_click_closure1.call(ClickKeyword.groovy)
	at com.kms.katalon.core.webui.keyword.internal.WebUIKeywordMain.runKeyword(WebUIKeywordMain.groovy:20)
	... 22 more
"/>
         <system-out><![CDATA[2022-01-14 10:24:35 - [TEST_CASE][FAILED] - Test Cases/Chat/Remove a contact: Test Cases/Chat/Remove a contact FAILED.
Reason:
com.kms.katalon.core.exception.StepFailedException: Unable to click on object 'Object Repository/Page_Dashboard/i_See all_icon fa fa-comment-o fa-fw'
	at com.kms.katalon.core.webui.keyword.internal.WebUIKeywordMain.stepFailed(WebUIKeywordMain.groovy:64)
	at com.kms.katalon.core.webui.keyword.internal.WebUIKeywordMain.runKeyword(WebUIKeywordMain.groovy:26)
	at com.kms.katalon.core.webui.keyword.builtin.ClickKeyword.click(ClickKeyword.groovy:74)
	at com.kms.katalon.core.webui.keyword.builtin.ClickKeyword.execute(ClickKeyword.groovy:40)
	at com.kms.katalon.core.keyword.internal.KeywordExecutor.executeKeywordForPlatform(KeywordExecutor.groovy:74)
	at com.kms.katalon.core.webui.keyword.WebUiBuiltInKeywords.click(WebUiBuiltInKeywords.groovy:620)
	at com.kms.katalon.core.webui.keyword.WebUiBuiltInKeywords$click$1.call(Unknown Source)
	at Remove a contact.run(Remove a contact:32)
	at com.kms.katalon.core.main.ScriptEngine.run(ScriptEngine.java:194)
	at com.kms.katalon.core.main.ScriptEngine.runScriptAsRawText(ScriptEngine.java:119)
	at com.kms.katalon.core.main.TestCaseExecutor.runScript(TestCaseExecutor.java:442)
	at com.kms.katalon.core.main.TestCaseExecutor.doExecute(TestCaseExecutor.java:433)
	at com.kms.katalon.core.main.TestCaseExecutor.processExecutionPhase(TestCaseExecutor.java:412)
	at com.kms.katalon.core.main.TestCaseExecutor.accessMainPhase(TestCaseExecutor.java:404)
	at com.kms.katalon.core.main.TestCaseExecutor.execute(TestCaseExecutor.java:281)
	at com.kms.katalon.core.main.TestCaseExecutor.execute(TestCaseExecutor.java:363)
	at com.kms.katalon.core.main.TestCaseExecutor.execute(TestCaseExecutor.java:363)
	at com.kms.katalon.core.main.TestCaseExecutor.execute(TestCaseExecutor.java:363)
	at com.kms.katalon.core.main.TestSuiteExecutor.accessTestCaseMainPhase(TestSuiteExecutor.java:202)
	at com.kms.katalon.core.main.TestSuiteExecutor.accessTestSuiteMainPhase(TestSuiteExecutor.java:164)
	at com.kms.katalon.core.main.TestSuiteExecutor.execute(TestSuiteExecutor.java:105)
	at com.kms.katalon.core.main.TestCaseMain.startTestSuite(TestCaseMain.java:181)
	at com.kms.katalon.core.main.TestCaseMain$startTestSuite$0.call(Unknown Source)
	at TempTestSuite1642129377811.run(TempTestSuite1642129377811.groovy:36)
Caused by: org.openqa.selenium.ElementNotInteractableException: element not interactable
  (Session info: chrome=97.0.4692.71)
Build info: version: '3.141.59', revision: 'e82be7d358', time: '2018-11-14T08:25:53'
System info: host: 'DESKTOP-5O7CBM9', ip: '192.168.16.1', os.name: 'Windows 10', os.arch: 'amd64', os.version: '10.0', java.version: '1.8.0_282'
Driver info: com.kms.katalon.selenium.driver.CChromeDriver
Capabilities {acceptInsecureCerts: false, browserName: chrome, browserVersion: 97.0.4692.71, chrome: {chromedriverVersion: 97.0.4692.71 (adefa7837d02a..., userDataDir: C:\Users\antra\AppData\Loca...}, goog:chromeOptions: {debuggerAddress: localhost:53862}, javascriptEnabled: true, networkConnectionEnabled: false, pageLoadStrategy: normal, platform: WINDOWS, platformName: WINDOWS, proxy: Proxy(), setWindowRect: true, strictFileInteractability: false, timeouts: {implicit: 0, pageLoad: 300000, script: 30000}, unhandledPromptBehavior: dismiss and notify, webauthn:extension:credBlob: true, webauthn:extension:largeBlob: true, webauthn:virtualAuthenticators: true}
Session ID: b8329ed79b6f05aa4be1c7d9e198e320
	at org.openqa.selenium.remote.http.W3CHttpResponseCodec.createException(W3CHttpResponseCodec.java:187)
	at org.openqa.selenium.remote.http.W3CHttpResponseCodec.decode(W3CHttpResponseCodec.java:122)
	at org.openqa.selenium.remote.http.W3CHttpResponseCodec.decode(W3CHttpResponseCodec.java:49)
	at org.openqa.selenium.remote.HttpCommandExecutor.execute(HttpCommandExecutor.java:158)
	at org.openqa.selenium.remote.service.DriverCommandExecutor.execute(DriverCommandExecutor.java:83)
	at org.openqa.selenium.remote.RemoteWebDriver.execute(RemoteWebDriver.java:552)
	at com.kms.katalon.selenium.driver.CChromeDriver.execute(CChromeDriver.java:19)
	at org.openqa.selenium.remote.RemoteWebElement.execute(RemoteWebElement.java:285)
	at org.openqa.selenium.remote.RemoteWebElement.click(RemoteWebElement.java:84)
	at org.openqa.selenium.support.events.EventFiringWebDriver$EventFiringWebElement.lambda$new$0(EventFiringWebDriver.java:404)
	at com.sun.proxy.$Proxy11.click(Unknown Source)
	at org.openqa.selenium.support.events.EventFiringWebDriver$EventFiringWebElement.click(EventFiringWebDriver.java:417)
	at org.openqa.selenium.WebElement$click.call(Unknown Source)
	at com.kms.katalon.core.webui.keyword.builtin.ClickKeyword.clickUntilSuccessWithTimeout(ClickKeyword.groovy:81)
	at com.kms.katalon.core.webui.keyword.builtin.ClickKeyword.clickUntilSuccessWithTimeout(ClickKeyword.groovy)
	at com.kms.katalon.core.webui.keyword.builtin.ClickKeyword$_click_closure1.doCall(ClickKeyword.groovy:67)
	at com.kms.katalon.core.webui.keyword.builtin.ClickKeyword$_click_closure1.call(ClickKeyword.groovy)
	at com.kms.katalon.core.webui.keyword.internal.WebUIKeywordMain.runKeyword(WebUIKeywordMain.groovy:20)
	... 22 more


2022-01-14 10:24:35 - [TEST_STEP][PASSED] - openBrowser(""): Browser is opened with url: ''

2022-01-14 10:24:35 - [MESSAGE][WARNING] - A browser is already opened. Closing browser and opening a new one

2022-01-14 10:24:36 - [MESSAGE][INFO] - Starting 'Chrome' driver

2022-01-14 10:24:36 - [MESSAGE][INFO] - Action delay is set to 0 milliseconds

2022-01-14 10:24:37 - [MESSAGE][PASSED] - Browser is opened with url: ''

2022-01-14 10:24:37 - [TEST_STEP][PASSED] - navigateToUrl("http://localhost/"): Navigate to 'http://localhost/' successfully

2022-01-14 10:24:38 - [MESSAGE][PASSED] - Navigate to 'http://localhost/' successfully

2022-01-14 10:24:38 - [TEST_STEP][PASSED] - click(findTestObject("Object Repository/Page_L Tm Anh/a_Log in")): Object: 'Object Repository/Page_L Tm Anh/a_Log in' is clicked on

2022-01-14 10:24:38 - [MESSAGE][PASSED] - Object: 'Object Repository/Page_L Tm Anh/a_Log in' is clicked on

2022-01-14 10:24:38 - [TEST_STEP][PASSED] - setText(findTestObject("Object Repository/Page_L Tm Anh Log in to the site/input_Username_username"), "admin"): Text 'admin' is set on object 'Object Repository/Page_L Tm Anh Log in to the site/input_Username_username'

2022-01-14 10:24:39 - [MESSAGE][PASSED] - Text 'admin' is set on object 'Object Repository/Page_L Tm Anh Log in to the site/input_Username_username'

2022-01-14 10:24:39 - [TEST_STEP][PASSED] - setEncryptedText(findTestObject("Object Repository/Page_L Tm Anh Log in to the site/input_Password_password"), "eGmz8XUbrLe3vUQiiiujBg=="): Text ****** has been set on object 'Object Repository/Page_L Tm Anh Log in to the site/input_Password_password'

2022-01-14 10:24:39 - [MESSAGE][PASSED] - Text ****** has been set on object 'Object Repository/Page_L Tm Anh Log in to the site/input_Password_password'

2022-01-14 10:24:39 - [TEST_STEP][PASSED] - click(findTestObject("Object Repository/Page_L Tm Anh Log in to the site/button_Log in")): Object: 'Object Repository/Page_L Tm Anh Log in to the site/button_Log in' is clicked on

2022-01-14 10:24:41 - [MESSAGE][PASSED] - Object: 'Object Repository/Page_L Tm Anh Log in to the site/button_Log in' is clicked on

2022-01-14 10:24:41 - [TEST_STEP][FAILED] - click(findTestObject("Object Repository/Page_Dashboard/i_See all_icon fa fa-comment-o fa-fw")): Unable to click on object 'Object Repository/Page_Dashboard/i_See all_icon fa fa-comment-o fa-fw' (Root cause: com.kms.katalon.core.exception.StepFailedException: Unable to click on object 'Object Repository/Page_Dashboard/i_See all_icon fa fa-comment-o fa-fw'
	at com.kms.katalon.core.webui.keyword.internal.WebUIKeywordMain.stepFailed(WebUIKeywordMain.groovy:64)
	at com.kms.katalon.core.webui.keyword.internal.WebUIKeywordMain.runKeyword(WebUIKeywordMain.groovy:26)
	at com.kms.katalon.core.webui.keyword.builtin.ClickKeyword.click(ClickKeyword.groovy:74)
	at com.kms.katalon.core.webui.keyword.builtin.ClickKeyword.execute(ClickKeyword.groovy:40)
	at com.kms.katalon.core.keyword.internal.KeywordExecutor.executeKeywordForPlatform(KeywordExecutor.groovy:74)
	at com.kms.katalon.core.webui.keyword.WebUiBuiltInKeywords.click(WebUiBuiltInKeywords.groovy:620)
	at com.kms.katalon.core.webui.keyword.WebUiBuiltInKeywords$click$1.call(Unknown Source)
	at Remove a contact.run(Remove a contact:32)
	at com.kms.katalon.core.main.ScriptEngine.run(ScriptEngine.java:194)
	at com.kms.katalon.core.main.ScriptEngine.runScriptAsRawText(ScriptEngine.java:119)
	at com.kms.katalon.core.main.TestCaseExecutor.runScript(TestCaseExecutor.java:442)
	at com.kms.katalon.core.main.TestCaseExecutor.doExecute(TestCaseExecutor.java:433)
	at com.kms.katalon.core.main.TestCaseExecutor.processExecutionPhase(TestCaseExecutor.java:412)
	at com.kms.katalon.core.main.TestCaseExecutor.accessMainPhase(TestCaseExecutor.java:404)
	at com.kms.katalon.core.main.TestCaseExecutor.execute(TestCaseExecutor.java:281)
	at com.kms.katalon.core.main.TestCaseExecutor.execute(TestCaseExecutor.java:363)
	at com.kms.katalon.core.main.TestCaseExecutor.execute(TestCaseExecutor.java:363)
	at com.kms.katalon.core.main.TestCaseExecutor.execute(TestCaseExecutor.java:363)
	at com.kms.katalon.core.main.TestSuiteExecutor.accessTestCaseMainPhase(TestSuiteExecutor.java:202)
	at com.kms.katalon.core.main.TestSuiteExecutor.accessTestSuiteMainPhase(TestSuiteExecutor.java:164)
	at com.kms.katalon.core.main.TestSuiteExecutor.execute(TestSuiteExecutor.java:105)
	at com.kms.katalon.core.main.TestCaseMain.startTestSuite(TestCaseMain.java:181)
	at com.kms.katalon.core.main.TestCaseMain$startTestSuite$0.call(Unknown Source)
	at TempTestSuite1642129377811.run(TempTestSuite1642129377811.groovy:36)
Caused by: org.openqa.selenium.ElementNotInteractableException: element not interactable
  (Session info: chrome=97.0.4692.71)
Build info: version: '3.141.59', revision: 'e82be7d358', time: '2018-11-14T08:25:53'
System info: host: 'DESKTOP-5O7CBM9', ip: '192.168.16.1', os.name: 'Windows 10', os.arch: 'amd64', os.version: '10.0', java.version: '1.8.0_282'
Driver info: com.kms.katalon.selenium.driver.CChromeDriver
Capabilities {acceptInsecureCerts: false, browserName: chrome, browserVersion: 97.0.4692.71, chrome: {chromedriverVersion: 97.0.4692.71 (adefa7837d02a..., userDataDir: C:\Users\antra\AppData\Loca...}, goog:chromeOptions: {debuggerAddress: localhost:53862}, javascriptEnabled: true, networkConnectionEnabled: false, pageLoadStrategy: normal, platform: WINDOWS, platformName: WINDOWS, proxy: Proxy(), setWindowRect: true, strictFileInteractability: false, timeouts: {implicit: 0, pageLoad: 300000, script: 30000}, unhandledPromptBehavior: dismiss and notify, webauthn:extension:credBlob: true, webauthn:extension:largeBlob: true, webauthn:virtualAuthenticators: true}
Session ID: b8329ed79b6f05aa4be1c7d9e198e320
	at org.openqa.selenium.remote.http.W3CHttpResponseCodec.createException(W3CHttpResponseCodec.java:187)
	at org.openqa.selenium.remote.http.W3CHttpResponseCodec.decode(W3CHttpResponseCodec.java:122)
	at org.openqa.selenium.remote.http.W3CHttpResponseCodec.decode(W3CHttpResponseCodec.java:49)
	at org.openqa.selenium.remote.HttpCommandExecutor.execute(HttpCommandExecutor.java:158)
	at org.openqa.selenium.remote.service.DriverCommandExecutor.execute(DriverCommandExecutor.java:83)
	at org.openqa.selenium.remote.RemoteWebDriver.execute(RemoteWebDriver.java:552)
	at com.kms.katalon.selenium.driver.CChromeDriver.execute(CChromeDriver.java:19)
	at org.openqa.selenium.remote.RemoteWebElement.execute(RemoteWebElement.java:285)
	at org.openqa.selenium.remote.RemoteWebElement.click(RemoteWebElement.java:84)
	at org.openqa.selenium.support.events.EventFiringWebDriver$EventFiringWebElement.lambda$new$0(EventFiringWebDriver.java:404)
	at com.sun.proxy.$Proxy11.click(Unknown Source)
	at org.openqa.selenium.support.events.EventFiringWebDriver$EventFiringWebElement.click(EventFiringWebDriver.java:417)
	at org.openqa.selenium.WebElement$click.call(Unknown Source)
	at com.kms.katalon.core.webui.keyword.builtin.ClickKeyword.clickUntilSuccessWithTimeout(ClickKeyword.groovy:81)
	at com.kms.katalon.core.webui.keyword.builtin.ClickKeyword.clickUntilSuccessWithTimeout(ClickKeyword.groovy)
	at com.kms.katalon.core.webui.keyword.builtin.ClickKeyword$_click_closure1.doCall(ClickKeyword.groovy:67)
	at com.kms.katalon.core.webui.keyword.builtin.ClickKeyword$_click_closure1.call(ClickKeyword.groovy)
	at com.kms.katalon.core.webui.keyword.internal.WebUIKeywordMain.runKeyword(WebUIKeywordMain.groovy:20)
	at com.kms.katalon.core.webui.keyword.builtin.ClickKeyword.click(ClickKeyword.groovy:74)
	at com.kms.katalon.core.webui.keyword.builtin.ClickKeyword.execute(ClickKeyword.groovy:40)
	at com.kms.katalon.core.keyword.internal.KeywordExecutor.executeKeywordForPlatform(KeywordExecutor.groovy:74)
	at com.kms.katalon.core.webui.keyword.WebUiBuiltInKeywords.click(WebUiBuiltInKeywords.groovy:620)
	at com.kms.katalon.core.webui.keyword.WebUiBuiltInKeywords$click$1.call(Unknown Source)
	at Script1641390996277.run(Script1641390996277.groovy:32)
	... 16 more
)

2022-01-14 10:25:12 - [MESSAGE][INFO] - Unable to find the element located by 'By.xpath: //a[@id='message-drawer-toggle-61da31feb585e61da31fe9dea25']/i'. Please recheck the objects properties to make sure the desired element is located. 

2022-01-14 10:25:12 - [MESSAGE][WARNING] - [SELF-HEALING] Failed to find element with id 'Object Repository/Page_Dashboard/i_See all_icon fa fa-comment-o fa-fw'. Try using Self-healing.

2022-01-14 10:25:12 - [MESSAGE][WARNING] - [SELF-HEALING] The current locator of test object 'Object Repository/Page_Dashboard/i_See all_icon fa fa-comment-o fa-fw' was broken. Propose an alternative one: '//div[2]/a/i'.

2022-01-14 10:25:12 - [MESSAGE][FAILED] - Unable to click on object 'Object Repository/Page_Dashboard/i_See all_icon fa fa-comment-o fa-fw' (Root cause: com.kms.katalon.core.exception.StepFailedException: Unable to click on object 'Object Repository/Page_Dashboard/i_See all_icon fa fa-comment-o fa-fw'
	at com.kms.katalon.core.webui.keyword.internal.WebUIKeywordMain.stepFailed(WebUIKeywordMain.groovy:64)
	at com.kms.katalon.core.webui.keyword.internal.WebUIKeywordMain.runKeyword(WebUIKeywordMain.groovy:26)
	at com.kms.katalon.core.webui.keyword.builtin.ClickKeyword.click(ClickKeyword.groovy:74)
	at com.kms.katalon.core.webui.keyword.builtin.ClickKeyword.execute(ClickKeyword.groovy:40)
	at com.kms.katalon.core.keyword.internal.KeywordExecutor.executeKeywordForPlatform(KeywordExecutor.groovy:74)
	at com.kms.katalon.core.webui.keyword.WebUiBuiltInKeywords.click(WebUiBuiltInKeywords.groovy:620)
	at com.kms.katalon.core.webui.keyword.WebUiBuiltInKeywords$click$1.call(Unknown Source)
	at Remove a contact.run(Remove a contact:32)
	at com.kms.katalon.core.main.ScriptEngine.run(ScriptEngine.java:194)
	at com.kms.katalon.core.main.ScriptEngine.runScriptAsRawText(ScriptEngine.java:119)
	at com.kms.katalon.core.main.TestCaseExecutor.runScript(TestCaseExecutor.java:442)
	at com.kms.katalon.core.main.TestCaseExecutor.doExecute(TestCaseExecutor.java:433)
	at com.kms.katalon.core.main.TestCaseExecutor.processExecutionPhase(TestCaseExecutor.java:412)
	at com.kms.katalon.core.main.TestCaseExecutor.accessMainPhase(TestCaseExecutor.java:404)
	at com.kms.katalon.core.main.TestCaseExecutor.execute(TestCaseExecutor.java:281)
	at com.kms.katalon.core.main.TestCaseExecutor.execute(TestCaseExecutor.java:363)
	at com.kms.katalon.core.main.TestCaseExecutor.execute(TestCaseExecutor.java:363)
	at com.kms.katalon.core.main.TestCaseExecutor.execute(TestCaseExecutor.java:363)
	at com.kms.katalon.core.main.TestSuiteExecutor.accessTestCaseMainPhase(TestSuiteExecutor.java:202)
	at com.kms.katalon.core.main.TestSuiteExecutor.accessTestSuiteMainPhase(TestSuiteExecutor.java:164)
	at com.kms.katalon.core.main.TestSuiteExecutor.execute(TestSuiteExecutor.java:105)
	at com.kms.katalon.core.main.TestCaseMain.startTestSuite(TestCaseMain.java:181)
	at com.kms.katalon.core.main.TestCaseMain$startTestSuite$0.call(Unknown Source)
	at TempTestSuite1642129377811.run(TempTestSuite1642129377811.groovy:36)
Caused by: org.openqa.selenium.ElementNotInteractableException: element not interactable
  (Session info: chrome=97.0.4692.71)
Build info: version: '3.141.59', revision: 'e82be7d358', time: '2018-11-14T08:25:53'
System info: host: 'DESKTOP-5O7CBM9', ip: '192.168.16.1', os.name: 'Windows 10', os.arch: 'amd64', os.version: '10.0', java.version: '1.8.0_282'
Driver info: com.kms.katalon.selenium.driver.CChromeDriver
Capabilities {acceptInsecureCerts: false, browserName: chrome, browserVersion: 97.0.4692.71, chrome: {chromedriverVersion: 97.0.4692.71 (adefa7837d02a..., userDataDir: C:\Users\antra\AppData\Loca...}, goog:chromeOptions: {debuggerAddress: localhost:53862}, javascriptEnabled: true, networkConnectionEnabled: false, pageLoadStrategy: normal, platform: WINDOWS, platformName: WINDOWS, proxy: Proxy(), setWindowRect: true, strictFileInteractability: false, timeouts: {implicit: 0, pageLoad: 300000, script: 30000}, unhandledPromptBehavior: dismiss and notify, webauthn:extension:credBlob: true, webauthn:extension:largeBlob: true, webauthn:virtualAuthenticators: true}
Session ID: b8329ed79b6f05aa4be1c7d9e198e320
	at org.openqa.selenium.remote.http.W3CHttpResponseCodec.createException(W3CHttpResponseCodec.java:187)
	at org.openqa.selenium.remote.http.W3CHttpResponseCodec.decode(W3CHttpResponseCodec.java:122)
	at org.openqa.selenium.remote.http.W3CHttpResponseCodec.decode(W3CHttpResponseCodec.java:49)
	at org.openqa.selenium.remote.HttpCommandExecutor.execute(HttpCommandExecutor.java:158)
	at org.openqa.selenium.remote.service.DriverCommandExecutor.execute(DriverCommandExecutor.java:83)
	at org.openqa.selenium.remote.RemoteWebDriver.execute(RemoteWebDriver.java:552)
	at com.kms.katalon.selenium.driver.CChromeDriver.execute(CChromeDriver.java:19)
	at org.openqa.selenium.remote.RemoteWebElement.execute(RemoteWebElement.java:285)
	at org.openqa.selenium.remote.RemoteWebElement.click(RemoteWebElement.java:84)
	at org.openqa.selenium.support.events.EventFiringWebDriver$EventFiringWebElement.lambda$new$0(EventFiringWebDriver.java:404)
	at com.sun.proxy.$Proxy11.click(Unknown Source)
	at org.openqa.selenium.support.events.EventFiringWebDriver$EventFiringWebElement.click(EventFiringWebDriver.java:417)
	at org.openqa.selenium.WebElement$click.call(Unknown Source)
	at com.kms.katalon.core.webui.keyword.builtin.ClickKeyword.clickUntilSuccessWithTimeout(ClickKeyword.groovy:81)
	at com.kms.katalon.core.webui.keyword.builtin.ClickKeyword.clickUntilSuccessWithTimeout(ClickKeyword.groovy)
	at com.kms.katalon.core.webui.keyword.builtin.ClickKeyword$_click_closure1.doCall(ClickKeyword.groovy:67)
	at com.kms.katalon.core.webui.keyword.builtin.ClickKeyword$_click_closure1.call(ClickKeyword.groovy)
	at com.kms.katalon.core.webui.keyword.internal.WebUIKeywordMain.runKeyword(WebUIKeywordMain.groovy:20)
	at com.kms.katalon.core.webui.keyword.builtin.ClickKeyword.click(ClickKeyword.groovy:74)
	at com.kms.katalon.core.webui.keyword.builtin.ClickKeyword.execute(ClickKeyword.groovy:40)
	at com.kms.katalon.core.keyword.internal.KeywordExecutor.executeKeywordForPlatform(KeywordExecutor.groovy:74)
	at com.kms.katalon.core.webui.keyword.WebUiBuiltInKeywords.click(WebUiBuiltInKeywords.groovy:620)
	at com.kms.katalon.core.webui.keyword.WebUiBuiltInKeywords$click$1.call(Unknown Source)
	at Script1641390996277.run(Script1641390996277.groovy:32)
	... 16 more
)
[[ATTACHMENT|C:\\Users\\antra\\git\\SE-Bonus\\Reports\\20220114_100257\\Run all test cases\\20220114_100257\\1642130712657.png]]]]></system-out>
         <system-err><![CDATA[2022-01-14 10:24:35 - [TEST_CASE][FAILED] - Test Cases/Chat/Remove a contact: Test Cases/Chat/Remove a contact FAILED.
Reason:
com.kms.katalon.core.exception.StepFailedException: Unable to click on object 'Object Repository/Page_Dashboard/i_See all_icon fa fa-comment-o fa-fw'
	at com.kms.katalon.core.webui.keyword.internal.WebUIKeywordMain.stepFailed(WebUIKeywordMain.groovy:64)
	at com.kms.katalon.core.webui.keyword.internal.WebUIKeywordMain.runKeyword(WebUIKeywordMain.groovy:26)
	at com.kms.katalon.core.webui.keyword.builtin.ClickKeyword.click(ClickKeyword.groovy:74)
	at com.kms.katalon.core.webui.keyword.builtin.ClickKeyword.execute(ClickKeyword.groovy:40)
	at com.kms.katalon.core.keyword.internal.KeywordExecutor.executeKeywordForPlatform(KeywordExecutor.groovy:74)
	at com.kms.katalon.core.webui.keyword.WebUiBuiltInKeywords.click(WebUiBuiltInKeywords.groovy:620)
	at com.kms.katalon.core.webui.keyword.WebUiBuiltInKeywords$click$1.call(Unknown Source)
	at Remove a contact.run(Remove a contact:32)
	at com.kms.katalon.core.main.ScriptEngine.run(ScriptEngine.java:194)
	at com.kms.katalon.core.main.ScriptEngine.runScriptAsRawText(ScriptEngine.java:119)
	at com.kms.katalon.core.main.TestCaseExecutor.runScript(TestCaseExecutor.java:442)
	at com.kms.katalon.core.main.TestCaseExecutor.doExecute(TestCaseExecutor.java:433)
	at com.kms.katalon.core.main.TestCaseExecutor.processExecutionPhase(TestCaseExecutor.java:412)
	at com.kms.katalon.core.main.TestCaseExecutor.accessMainPhase(TestCaseExecutor.java:404)
	at com.kms.katalon.core.main.TestCaseExecutor.execute(TestCaseExecutor.java:281)
	at com.kms.katalon.core.main.TestCaseExecutor.execute(TestCaseExecutor.java:363)
	at com.kms.katalon.core.main.TestCaseExecutor.execute(TestCaseExecutor.java:363)
	at com.kms.katalon.core.main.TestCaseExecutor.execute(TestCaseExecutor.java:363)
	at com.kms.katalon.core.main.TestSuiteExecutor.accessTestCaseMainPhase(TestSuiteExecutor.java:202)
	at com.kms.katalon.core.main.TestSuiteExecutor.accessTestSuiteMainPhase(TestSuiteExecutor.java:164)
	at com.kms.katalon.core.main.TestSuiteExecutor.execute(TestSuiteExecutor.java:105)
	at com.kms.katalon.core.main.TestCaseMain.startTestSuite(TestCaseMain.java:181)
	at com.kms.katalon.core.main.TestCaseMain$startTestSuite$0.call(Unknown Source)
	at TempTestSuite1642129377811.run(TempTestSuite1642129377811.groovy:36)
Caused by: org.openqa.selenium.ElementNotInteractableException: element not interactable
  (Session info: chrome=97.0.4692.71)
Build info: version: '3.141.59', revision: 'e82be7d358', time: '2018-11-14T08:25:53'
System info: host: 'DESKTOP-5O7CBM9', ip: '192.168.16.1', os.name: 'Windows 10', os.arch: 'amd64', os.version: '10.0', java.version: '1.8.0_282'
Driver info: com.kms.katalon.selenium.driver.CChromeDriver
Capabilities {acceptInsecureCerts: false, browserName: chrome, browserVersion: 97.0.4692.71, chrome: {chromedriverVersion: 97.0.4692.71 (adefa7837d02a..., userDataDir: C:\Users\antra\AppData\Loca...}, goog:chromeOptions: {debuggerAddress: localhost:53862}, javascriptEnabled: true, networkConnectionEnabled: false, pageLoadStrategy: normal, platform: WINDOWS, platformName: WINDOWS, proxy: Proxy(), setWindowRect: true, strictFileInteractability: false, timeouts: {implicit: 0, pageLoad: 300000, script: 30000}, unhandledPromptBehavior: dismiss and notify, webauthn:extension:credBlob: true, webauthn:extension:largeBlob: true, webauthn:virtualAuthenticators: true}
Session ID: b8329ed79b6f05aa4be1c7d9e198e320
	at org.openqa.selenium.remote.http.W3CHttpResponseCodec.createException(W3CHttpResponseCodec.java:187)
	at org.openqa.selenium.remote.http.W3CHttpResponseCodec.decode(W3CHttpResponseCodec.java:122)
	at org.openqa.selenium.remote.http.W3CHttpResponseCodec.decode(W3CHttpResponseCodec.java:49)
	at org.openqa.selenium.remote.HttpCommandExecutor.execute(HttpCommandExecutor.java:158)
	at org.openqa.selenium.remote.service.DriverCommandExecutor.execute(DriverCommandExecutor.java:83)
	at org.openqa.selenium.remote.RemoteWebDriver.execute(RemoteWebDriver.java:552)
	at com.kms.katalon.selenium.driver.CChromeDriver.execute(CChromeDriver.java:19)
	at org.openqa.selenium.remote.RemoteWebElement.execute(RemoteWebElement.java:285)
	at org.openqa.selenium.remote.RemoteWebElement.click(RemoteWebElement.java:84)
	at org.openqa.selenium.support.events.EventFiringWebDriver$EventFiringWebElement.lambda$new$0(EventFiringWebDriver.java:404)
	at com.sun.proxy.$Proxy11.click(Unknown Source)
	at org.openqa.selenium.support.events.EventFiringWebDriver$EventFiringWebElement.click(EventFiringWebDriver.java:417)
	at org.openqa.selenium.WebElement$click.call(Unknown Source)
	at com.kms.katalon.core.webui.keyword.builtin.ClickKeyword.clickUntilSuccessWithTimeout(ClickKeyword.groovy:81)
	at com.kms.katalon.core.webui.keyword.builtin.ClickKeyword.clickUntilSuccessWithTimeout(ClickKeyword.groovy)
	at com.kms.katalon.core.webui.keyword.builtin.ClickKeyword$_click_closure1.doCall(ClickKeyword.groovy:67)
	at com.kms.katalon.core.webui.keyword.builtin.ClickKeyword$_click_closure1.call(ClickKeyword.groovy)
	at com.kms.katalon.core.webui.keyword.internal.WebUIKeywordMain.runKeyword(WebUIKeywordMain.groovy:20)
	... 22 more]]></system-err>
      </testcase>
      <testcase name="Test Cases/Chat/Cancel block user" time="38.824" classname="Test Cases/Chat/Cancel block user" status="FAILED">
         <failure type="FAILED" message="Test Cases/Chat/Cancel block user FAILED.
Reason:
com.kms.katalon.core.exception.StepFailedException: Unable to set text 'student' of object 'Object Repository/Page_Dashboard/input_Messages selected_form-control'
	at com.kms.katalon.core.webui.keyword.internal.WebUIKeywordMain.stepFailed(WebUIKeywordMain.groovy:64)
	at com.kms.katalon.core.webui.keyword.internal.WebUIKeywordMain.runKeyword(WebUIKeywordMain.groovy:26)
	at com.kms.katalon.core.webui.keyword.builtin.SetTextKeyword.setText(SetTextKeyword.groovy:66)
	at com.kms.katalon.core.webui.keyword.builtin.SetTextKeyword.execute(SetTextKeyword.groovy:37)
	at com.kms.katalon.core.keyword.internal.KeywordExecutor.executeKeywordForPlatform(KeywordExecutor.groovy:74)
	at com.kms.katalon.core.webui.keyword.WebUiBuiltInKeywords.setText(WebUiBuiltInKeywords.groovy:980)
	at com.kms.katalon.core.webui.keyword.WebUiBuiltInKeywords$setText$2.call(Unknown Source)
	at Cancel block user.run(Cancel block user:34)
	at com.kms.katalon.core.main.ScriptEngine.run(ScriptEngine.java:194)
	at com.kms.katalon.core.main.ScriptEngine.runScriptAsRawText(ScriptEngine.java:119)
	at com.kms.katalon.core.main.TestCaseExecutor.runScript(TestCaseExecutor.java:442)
	at com.kms.katalon.core.main.TestCaseExecutor.doExecute(TestCaseExecutor.java:433)
	at com.kms.katalon.core.main.TestCaseExecutor.processExecutionPhase(TestCaseExecutor.java:412)
	at com.kms.katalon.core.main.TestCaseExecutor.accessMainPhase(TestCaseExecutor.java:404)
	at com.kms.katalon.core.main.TestCaseExecutor.execute(TestCaseExecutor.java:281)
	at com.kms.katalon.core.main.TestCaseExecutor.execute(TestCaseExecutor.java:363)
	at com.kms.katalon.core.main.TestCaseExecutor.execute(TestCaseExecutor.java:363)
	at com.kms.katalon.core.main.TestCaseExecutor.execute(TestCaseExecutor.java:363)
	at com.kms.katalon.core.main.TestSuiteExecutor.accessTestCaseMainPhase(TestSuiteExecutor.java:202)
	at com.kms.katalon.core.main.TestSuiteExecutor.accessTestSuiteMainPhase(TestSuiteExecutor.java:164)
	at com.kms.katalon.core.main.TestSuiteExecutor.execute(TestSuiteExecutor.java:105)
	at com.kms.katalon.core.main.TestCaseMain.startTestSuite(TestCaseMain.java:181)
	at com.kms.katalon.core.main.TestCaseMain$startTestSuite$0.call(Unknown Source)
	at TempTestSuite1642129377811.run(TempTestSuite1642129377811.groovy:36)
Caused by: org.openqa.selenium.ElementNotInteractableException: element not interactable
  (Session info: chrome=97.0.4692.71)
Build info: version: '3.141.59', revision: 'e82be7d358', time: '2018-11-14T08:25:53'
System info: host: 'DESKTOP-5O7CBM9', ip: '192.168.16.1', os.name: 'Windows 10', os.arch: 'amd64', os.version: '10.0', java.version: '1.8.0_282'
Driver info: com.kms.katalon.selenium.driver.CChromeDriver
Capabilities {acceptInsecureCerts: false, browserName: chrome, browserVersion: 97.0.4692.71, chrome: {chromedriverVersion: 97.0.4692.71 (adefa7837d02a..., userDataDir: C:\Users\antra\AppData\Loca...}, goog:chromeOptions: {debuggerAddress: localhost:54069}, javascriptEnabled: true, networkConnectionEnabled: false, pageLoadStrategy: normal, platform: WINDOWS, platformName: WINDOWS, proxy: Proxy(), setWindowRect: true, strictFileInteractability: false, timeouts: {implicit: 0, pageLoad: 300000, script: 30000}, unhandledPromptBehavior: dismiss and notify, webauthn:extension:credBlob: true, webauthn:extension:largeBlob: true, webauthn:virtualAuthenticators: true}
Session ID: 9ca0d5860e5178f1c34e61e1e4597e21
	at org.openqa.selenium.remote.http.W3CHttpResponseCodec.createException(W3CHttpResponseCodec.java:187)
	at org.openqa.selenium.remote.http.W3CHttpResponseCodec.decode(W3CHttpResponseCodec.java:122)
	at org.openqa.selenium.remote.http.W3CHttpResponseCodec.decode(W3CHttpResponseCodec.java:49)
	at org.openqa.selenium.remote.HttpCommandExecutor.execute(HttpCommandExecutor.java:158)
	at org.openqa.selenium.remote.service.DriverCommandExecutor.execute(DriverCommandExecutor.java:83)
	at org.openqa.selenium.remote.RemoteWebDriver.execute(RemoteWebDriver.java:552)
	at com.kms.katalon.selenium.driver.CChromeDriver.execute(CChromeDriver.java:19)
	at org.openqa.selenium.remote.RemoteWebElement.execute(RemoteWebElement.java:285)
	at org.openqa.selenium.remote.RemoteWebElement.clear(RemoteWebElement.java:124)
	at org.openqa.selenium.support.events.EventFiringWebDriver$EventFiringWebElement.lambda$new$0(EventFiringWebDriver.java:404)
	at com.sun.proxy.$Proxy11.clear(Unknown Source)
	at org.openqa.selenium.support.events.EventFiringWebDriver$EventFiringWebElement.clear(EventFiringWebDriver.java:436)
	at com.kms.katalon.core.webui.keyword.builtin.SetTextKeyword$_setText_closure1.doCall(SetTextKeyword.groovy:53)
	at com.kms.katalon.core.webui.keyword.builtin.SetTextKeyword$_setText_closure1.call(SetTextKeyword.groovy)
	at com.kms.katalon.core.webui.keyword.internal.WebUIKeywordMain.runKeyword(WebUIKeywordMain.groovy:20)
	... 22 more
"/>
         <system-out><![CDATA[2022-01-14 10:27:09 - [TEST_CASE][FAILED] - Test Cases/Chat/Cancel block user: Test Cases/Chat/Cancel block user FAILED.
Reason:
com.kms.katalon.core.exception.StepFailedException: Unable to set text 'student' of object 'Object Repository/Page_Dashboard/input_Messages selected_form-control'
	at com.kms.katalon.core.webui.keyword.internal.WebUIKeywordMain.stepFailed(WebUIKeywordMain.groovy:64)
	at com.kms.katalon.core.webui.keyword.internal.WebUIKeywordMain.runKeyword(WebUIKeywordMain.groovy:26)
	at com.kms.katalon.core.webui.keyword.builtin.SetTextKeyword.setText(SetTextKeyword.groovy:66)
	at com.kms.katalon.core.webui.keyword.builtin.SetTextKeyword.execute(SetTextKeyword.groovy:37)
	at com.kms.katalon.core.keyword.internal.KeywordExecutor.executeKeywordForPlatform(KeywordExecutor.groovy:74)
	at com.kms.katalon.core.webui.keyword.WebUiBuiltInKeywords.setText(WebUiBuiltInKeywords.groovy:980)
	at com.kms.katalon.core.webui.keyword.WebUiBuiltInKeywords$setText$2.call(Unknown Source)
	at Cancel block user.run(Cancel block user:34)
	at com.kms.katalon.core.main.ScriptEngine.run(ScriptEngine.java:194)
	at com.kms.katalon.core.main.ScriptEngine.runScriptAsRawText(ScriptEngine.java:119)
	at com.kms.katalon.core.main.TestCaseExecutor.runScript(TestCaseExecutor.java:442)
	at com.kms.katalon.core.main.TestCaseExecutor.doExecute(TestCaseExecutor.java:433)
	at com.kms.katalon.core.main.TestCaseExecutor.processExecutionPhase(TestCaseExecutor.java:412)
	at com.kms.katalon.core.main.TestCaseExecutor.accessMainPhase(TestCaseExecutor.java:404)
	at com.kms.katalon.core.main.TestCaseExecutor.execute(TestCaseExecutor.java:281)
	at com.kms.katalon.core.main.TestCaseExecutor.execute(TestCaseExecutor.java:363)
	at com.kms.katalon.core.main.TestCaseExecutor.execute(TestCaseExecutor.java:363)
	at com.kms.katalon.core.main.TestCaseExecutor.execute(TestCaseExecutor.java:363)
	at com.kms.katalon.core.main.TestSuiteExecutor.accessTestCaseMainPhase(TestSuiteExecutor.java:202)
	at com.kms.katalon.core.main.TestSuiteExecutor.accessTestSuiteMainPhase(TestSuiteExecutor.java:164)
	at com.kms.katalon.core.main.TestSuiteExecutor.execute(TestSuiteExecutor.java:105)
	at com.kms.katalon.core.main.TestCaseMain.startTestSuite(TestCaseMain.java:181)
	at com.kms.katalon.core.main.TestCaseMain$startTestSuite$0.call(Unknown Source)
	at TempTestSuite1642129377811.run(TempTestSuite1642129377811.groovy:36)
Caused by: org.openqa.selenium.ElementNotInteractableException: element not interactable
  (Session info: chrome=97.0.4692.71)
Build info: version: '3.141.59', revision: 'e82be7d358', time: '2018-11-14T08:25:53'
System info: host: 'DESKTOP-5O7CBM9', ip: '192.168.16.1', os.name: 'Windows 10', os.arch: 'amd64', os.version: '10.0', java.version: '1.8.0_282'
Driver info: com.kms.katalon.selenium.driver.CChromeDriver
Capabilities {acceptInsecureCerts: false, browserName: chrome, browserVersion: 97.0.4692.71, chrome: {chromedriverVersion: 97.0.4692.71 (adefa7837d02a..., userDataDir: C:\Users\antra\AppData\Loca...}, goog:chromeOptions: {debuggerAddress: localhost:54069}, javascriptEnabled: true, networkConnectionEnabled: false, pageLoadStrategy: normal, platform: WINDOWS, platformName: WINDOWS, proxy: Proxy(), setWindowRect: true, strictFileInteractability: false, timeouts: {implicit: 0, pageLoad: 300000, script: 30000}, unhandledPromptBehavior: dismiss and notify, webauthn:extension:credBlob: true, webauthn:extension:largeBlob: true, webauthn:virtualAuthenticators: true}
Session ID: 9ca0d5860e5178f1c34e61e1e4597e21
	at org.openqa.selenium.remote.http.W3CHttpResponseCodec.createException(W3CHttpResponseCodec.java:187)
	at org.openqa.selenium.remote.http.W3CHttpResponseCodec.decode(W3CHttpResponseCodec.java:122)
	at org.openqa.selenium.remote.http.W3CHttpResponseCodec.decode(W3CHttpResponseCodec.java:49)
	at org.openqa.selenium.remote.HttpCommandExecutor.execute(HttpCommandExecutor.java:158)
	at org.openqa.selenium.remote.service.DriverCommandExecutor.execute(DriverCommandExecutor.java:83)
	at org.openqa.selenium.remote.RemoteWebDriver.execute(RemoteWebDriver.java:552)
	at com.kms.katalon.selenium.driver.CChromeDriver.execute(CChromeDriver.java:19)
	at org.openqa.selenium.remote.RemoteWebElement.execute(RemoteWebElement.java:285)
	at org.openqa.selenium.remote.RemoteWebElement.clear(RemoteWebElement.java:124)
	at org.openqa.selenium.support.events.EventFiringWebDriver$EventFiringWebElement.lambda$new$0(EventFiringWebDriver.java:404)
	at com.sun.proxy.$Proxy11.clear(Unknown Source)
	at org.openqa.selenium.support.events.EventFiringWebDriver$EventFiringWebElement.clear(EventFiringWebDriver.java:436)
	at com.kms.katalon.core.webui.keyword.builtin.SetTextKeyword$_setText_closure1.doCall(SetTextKeyword.groovy:53)
	at com.kms.katalon.core.webui.keyword.builtin.SetTextKeyword$_setText_closure1.call(SetTextKeyword.groovy)
	at com.kms.katalon.core.webui.keyword.internal.WebUIKeywordMain.runKeyword(WebUIKeywordMain.groovy:20)
	... 22 more


2022-01-14 10:27:09 - [TEST_STEP][PASSED] - openBrowser(""): Browser is opened with url: ''

2022-01-14 10:27:09 - [MESSAGE][WARNING] - A browser is already opened. Closing browser and opening a new one

2022-01-14 10:27:09 - [MESSAGE][INFO] - Starting 'Chrome' driver

2022-01-14 10:27:09 - [MESSAGE][INFO] - Action delay is set to 0 milliseconds

2022-01-14 10:27:10 - [MESSAGE][PASSED] - Browser is opened with url: ''

2022-01-14 10:27:10 - [TEST_STEP][PASSED] - navigateToUrl("http://localhost/"): Navigate to 'http://localhost/' successfully

2022-01-14 10:27:11 - [MESSAGE][PASSED] - Navigate to 'http://localhost/' successfully

2022-01-14 10:27:11 - [TEST_STEP][PASSED] - click(findTestObject("Object Repository/Page_L Tm Anh/a_Log in")): Object: 'Object Repository/Page_L Tm Anh/a_Log in' is clicked on

2022-01-14 10:27:12 - [MESSAGE][PASSED] - Object: 'Object Repository/Page_L Tm Anh/a_Log in' is clicked on

2022-01-14 10:27:12 - [TEST_STEP][PASSED] - setText(findTestObject("Object Repository/Page_L Tm Anh Log in to the site/input_Username_username"), "admin"): Text 'admin' is set on object 'Object Repository/Page_L Tm Anh Log in to the site/input_Username_username'

2022-01-14 10:27:13 - [MESSAGE][PASSED] - Text 'admin' is set on object 'Object Repository/Page_L Tm Anh Log in to the site/input_Username_username'

2022-01-14 10:27:13 - [TEST_STEP][PASSED] - setEncryptedText(findTestObject("Object Repository/Page_L Tm Anh Log in to the site/input_Password_password"), "eGmz8XUbrLe3vUQiiiujBg=="): Text ****** has been set on object 'Object Repository/Page_L Tm Anh Log in to the site/input_Password_password'

2022-01-14 10:27:13 - [MESSAGE][PASSED] - Text ****** has been set on object 'Object Repository/Page_L Tm Anh Log in to the site/input_Password_password'

2022-01-14 10:27:13 - [TEST_STEP][PASSED] - click(findTestObject("Object Repository/Page_L Tm Anh Log in to the site/button_Log in")): Object: 'Object Repository/Page_L Tm Anh Log in to the site/button_Log in' is clicked on

2022-01-14 10:27:14 - [MESSAGE][PASSED] - Object: 'Object Repository/Page_L Tm Anh Log in to the site/button_Log in' is clicked on

2022-01-14 10:27:14 - [TEST_STEP][PASSED] - click(findTestObject("Object Repository/Page_Dashboard/a_0")): Object: 'Object Repository/Page_Dashboard/a_0' is clicked on

2022-01-14 10:27:45 - [MESSAGE][INFO] - Unable to find the element located by 'By.xpath: //a[@id='message-drawer-toggle-61dc107224f9a61dc1072131d45']'. Please recheck the objects properties to make sure the desired element is located. 

2022-01-14 10:27:45 - [MESSAGE][WARNING] - [SELF-HEALING] Failed to find element with id 'Object Repository/Page_Dashboard/a_0'. Try using Self-healing.

2022-01-14 10:27:46 - [MESSAGE][INFO] - Unable to find the element located by 'By.xpath: //div[@id='usernavigation']/div[2]/a'. Please recheck the objects properties to make sure the desired element is located. 

2022-01-14 10:27:47 - [MESSAGE][WARNING] - [SELF-HEALING] The current locator of test object 'Object Repository/Page_Dashboard/a_0' was broken. Propose an alternative one: '(.//*[normalize-space(text()) and normalize-space(.)='See all'])[1]/following::a[1]'.

2022-01-14 10:27:47 - [MESSAGE][PASSED] - Object: 'Object Repository/Page_Dashboard/a_0' is clicked on

2022-01-14 10:27:47 - [TEST_STEP][FAILED] - setText(findTestObject("Object Repository/Page_Dashboard/input_Messages selected_form-control"), "student"): Unable to set text 'student' of object 'Object Repository/Page_Dashboard/input_Messages selected_form-control' (Root cause: com.kms.katalon.core.exception.StepFailedException: Unable to set text 'student' of object 'Object Repository/Page_Dashboard/input_Messages selected_form-control'
	at com.kms.katalon.core.webui.keyword.internal.WebUIKeywordMain.stepFailed(WebUIKeywordMain.groovy:64)
	at com.kms.katalon.core.webui.keyword.internal.WebUIKeywordMain.runKeyword(WebUIKeywordMain.groovy:26)
	at com.kms.katalon.core.webui.keyword.builtin.SetTextKeyword.setText(SetTextKeyword.groovy:66)
	at com.kms.katalon.core.webui.keyword.builtin.SetTextKeyword.execute(SetTextKeyword.groovy:37)
	at com.kms.katalon.core.keyword.internal.KeywordExecutor.executeKeywordForPlatform(KeywordExecutor.groovy:74)
	at com.kms.katalon.core.webui.keyword.WebUiBuiltInKeywords.setText(WebUiBuiltInKeywords.groovy:980)
	at com.kms.katalon.core.webui.keyword.WebUiBuiltInKeywords$setText$2.call(Unknown Source)
	at Cancel block user.run(Cancel block user:34)
	at com.kms.katalon.core.main.ScriptEngine.run(ScriptEngine.java:194)
	at com.kms.katalon.core.main.ScriptEngine.runScriptAsRawText(ScriptEngine.java:119)
	at com.kms.katalon.core.main.TestCaseExecutor.runScript(TestCaseExecutor.java:442)
	at com.kms.katalon.core.main.TestCaseExecutor.doExecute(TestCaseExecutor.java:433)
	at com.kms.katalon.core.main.TestCaseExecutor.processExecutionPhase(TestCaseExecutor.java:412)
	at com.kms.katalon.core.main.TestCaseExecutor.accessMainPhase(TestCaseExecutor.java:404)
	at com.kms.katalon.core.main.TestCaseExecutor.execute(TestCaseExecutor.java:281)
	at com.kms.katalon.core.main.TestCaseExecutor.execute(TestCaseExecutor.java:363)
	at com.kms.katalon.core.main.TestCaseExecutor.execute(TestCaseExecutor.java:363)
	at com.kms.katalon.core.main.TestCaseExecutor.execute(TestCaseExecutor.java:363)
	at com.kms.katalon.core.main.TestSuiteExecutor.accessTestCaseMainPhase(TestSuiteExecutor.java:202)
	at com.kms.katalon.core.main.TestSuiteExecutor.accessTestSuiteMainPhase(TestSuiteExecutor.java:164)
	at com.kms.katalon.core.main.TestSuiteExecutor.execute(TestSuiteExecutor.java:105)
	at com.kms.katalon.core.main.TestCaseMain.startTestSuite(TestCaseMain.java:181)
	at com.kms.katalon.core.main.TestCaseMain$startTestSuite$0.call(Unknown Source)
	at TempTestSuite1642129377811.run(TempTestSuite1642129377811.groovy:36)
Caused by: org.openqa.selenium.ElementNotInteractableException: element not interactable
  (Session info: chrome=97.0.4692.71)
Build info: version: '3.141.59', revision: 'e82be7d358', time: '2018-11-14T08:25:53'
System info: host: 'DESKTOP-5O7CBM9', ip: '192.168.16.1', os.name: 'Windows 10', os.arch: 'amd64', os.version: '10.0', java.version: '1.8.0_282'
Driver info: com.kms.katalon.selenium.driver.CChromeDriver
Capabilities {acceptInsecureCerts: false, browserName: chrome, browserVersion: 97.0.4692.71, chrome: {chromedriverVersion: 97.0.4692.71 (adefa7837d02a..., userDataDir: C:\Users\antra\AppData\Loca...}, goog:chromeOptions: {debuggerAddress: localhost:54069}, javascriptEnabled: true, networkConnectionEnabled: false, pageLoadStrategy: normal, platform: WINDOWS, platformName: WINDOWS, proxy: Proxy(), setWindowRect: true, strictFileInteractability: false, timeouts: {implicit: 0, pageLoad: 300000, script: 30000}, unhandledPromptBehavior: dismiss and notify, webauthn:extension:credBlob: true, webauthn:extension:largeBlob: true, webauthn:virtualAuthenticators: true}
Session ID: 9ca0d5860e5178f1c34e61e1e4597e21
	at org.openqa.selenium.remote.http.W3CHttpResponseCodec.createException(W3CHttpResponseCodec.java:187)
	at org.openqa.selenium.remote.http.W3CHttpResponseCodec.decode(W3CHttpResponseCodec.java:122)
	at org.openqa.selenium.remote.http.W3CHttpResponseCodec.decode(W3CHttpResponseCodec.java:49)
	at org.openqa.selenium.remote.HttpCommandExecutor.execute(HttpCommandExecutor.java:158)
	at org.openqa.selenium.remote.service.DriverCommandExecutor.execute(DriverCommandExecutor.java:83)
	at org.openqa.selenium.remote.RemoteWebDriver.execute(RemoteWebDriver.java:552)
	at com.kms.katalon.selenium.driver.CChromeDriver.execute(CChromeDriver.java:19)
	at org.openqa.selenium.remote.RemoteWebElement.execute(RemoteWebElement.java:285)
	at org.openqa.selenium.remote.RemoteWebElement.clear(RemoteWebElement.java:124)
	at org.openqa.selenium.support.events.EventFiringWebDriver$EventFiringWebElement.lambda$new$0(EventFiringWebDriver.java:404)
	at com.sun.proxy.$Proxy11.clear(Unknown Source)
	at org.openqa.selenium.support.events.EventFiringWebDriver$EventFiringWebElement.clear(EventFiringWebDriver.java:436)
	at com.kms.katalon.core.webui.keyword.builtin.SetTextKeyword$_setText_closure1.doCall(SetTextKeyword.groovy:53)
	at com.kms.katalon.core.webui.keyword.builtin.SetTextKeyword$_setText_closure1.call(SetTextKeyword.groovy)
	at com.kms.katalon.core.webui.keyword.internal.WebUIKeywordMain.runKeyword(WebUIKeywordMain.groovy:20)
	at com.kms.katalon.core.webui.keyword.builtin.SetTextKeyword.setText(SetTextKeyword.groovy:66)
	at com.kms.katalon.core.webui.keyword.builtin.SetTextKeyword.execute(SetTextKeyword.groovy:37)
	at com.kms.katalon.core.keyword.internal.KeywordExecutor.executeKeywordForPlatform(KeywordExecutor.groovy:74)
	at com.kms.katalon.core.webui.keyword.WebUiBuiltInKeywords.setText(WebUiBuiltInKeywords.groovy:980)
	at com.kms.katalon.core.webui.keyword.WebUiBuiltInKeywords$setText$2.call(Unknown Source)
	at Script1641377637665.run(Script1641377637665.groovy:34)
	... 16 more
)

2022-01-14 10:27:47 - [MESSAGE][FAILED] - Unable to set text 'student' of object 'Object Repository/Page_Dashboard/input_Messages selected_form-control' (Root cause: com.kms.katalon.core.exception.StepFailedException: Unable to set text 'student' of object 'Object Repository/Page_Dashboard/input_Messages selected_form-control'
	at com.kms.katalon.core.webui.keyword.internal.WebUIKeywordMain.stepFailed(WebUIKeywordMain.groovy:64)
	at com.kms.katalon.core.webui.keyword.internal.WebUIKeywordMain.runKeyword(WebUIKeywordMain.groovy:26)
	at com.kms.katalon.core.webui.keyword.builtin.SetTextKeyword.setText(SetTextKeyword.groovy:66)
	at com.kms.katalon.core.webui.keyword.builtin.SetTextKeyword.execute(SetTextKeyword.groovy:37)
	at com.kms.katalon.core.keyword.internal.KeywordExecutor.executeKeywordForPlatform(KeywordExecutor.groovy:74)
	at com.kms.katalon.core.webui.keyword.WebUiBuiltInKeywords.setText(WebUiBuiltInKeywords.groovy:980)
	at com.kms.katalon.core.webui.keyword.WebUiBuiltInKeywords$setText$2.call(Unknown Source)
	at Cancel block user.run(Cancel block user:34)
	at com.kms.katalon.core.main.ScriptEngine.run(ScriptEngine.java:194)
	at com.kms.katalon.core.main.ScriptEngine.runScriptAsRawText(ScriptEngine.java:119)
	at com.kms.katalon.core.main.TestCaseExecutor.runScript(TestCaseExecutor.java:442)
	at com.kms.katalon.core.main.TestCaseExecutor.doExecute(TestCaseExecutor.java:433)
	at com.kms.katalon.core.main.TestCaseExecutor.processExecutionPhase(TestCaseExecutor.java:412)
	at com.kms.katalon.core.main.TestCaseExecutor.accessMainPhase(TestCaseExecutor.java:404)
	at com.kms.katalon.core.main.TestCaseExecutor.execute(TestCaseExecutor.java:281)
	at com.kms.katalon.core.main.TestCaseExecutor.execute(TestCaseExecutor.java:363)
	at com.kms.katalon.core.main.TestCaseExecutor.execute(TestCaseExecutor.java:363)
	at com.kms.katalon.core.main.TestCaseExecutor.execute(TestCaseExecutor.java:363)
	at com.kms.katalon.core.main.TestSuiteExecutor.accessTestCaseMainPhase(TestSuiteExecutor.java:202)
	at com.kms.katalon.core.main.TestSuiteExecutor.accessTestSuiteMainPhase(TestSuiteExecutor.java:164)
	at com.kms.katalon.core.main.TestSuiteExecutor.execute(TestSuiteExecutor.java:105)
	at com.kms.katalon.core.main.TestCaseMain.startTestSuite(TestCaseMain.java:181)
	at com.kms.katalon.core.main.TestCaseMain$startTestSuite$0.call(Unknown Source)
	at TempTestSuite1642129377811.run(TempTestSuite1642129377811.groovy:36)
Caused by: org.openqa.selenium.ElementNotInteractableException: element not interactable
  (Session info: chrome=97.0.4692.71)
Build info: version: '3.141.59', revision: 'e82be7d358', time: '2018-11-14T08:25:53'
System info: host: 'DESKTOP-5O7CBM9', ip: '192.168.16.1', os.name: 'Windows 10', os.arch: 'amd64', os.version: '10.0', java.version: '1.8.0_282'
Driver info: com.kms.katalon.selenium.driver.CChromeDriver
Capabilities {acceptInsecureCerts: false, browserName: chrome, browserVersion: 97.0.4692.71, chrome: {chromedriverVersion: 97.0.4692.71 (adefa7837d02a..., userDataDir: C:\Users\antra\AppData\Loca...}, goog:chromeOptions: {debuggerAddress: localhost:54069}, javascriptEnabled: true, networkConnectionEnabled: false, pageLoadStrategy: normal, platform: WINDOWS, platformName: WINDOWS, proxy: Proxy(), setWindowRect: true, strictFileInteractability: false, timeouts: {implicit: 0, pageLoad: 300000, script: 30000}, unhandledPromptBehavior: dismiss and notify, webauthn:extension:credBlob: true, webauthn:extension:largeBlob: true, webauthn:virtualAuthenticators: true}
Session ID: 9ca0d5860e5178f1c34e61e1e4597e21
	at org.openqa.selenium.remote.http.W3CHttpResponseCodec.createException(W3CHttpResponseCodec.java:187)
	at org.openqa.selenium.remote.http.W3CHttpResponseCodec.decode(W3CHttpResponseCodec.java:122)
	at org.openqa.selenium.remote.http.W3CHttpResponseCodec.decode(W3CHttpResponseCodec.java:49)
	at org.openqa.selenium.remote.HttpCommandExecutor.execute(HttpCommandExecutor.java:158)
	at org.openqa.selenium.remote.service.DriverCommandExecutor.execute(DriverCommandExecutor.java:83)
	at org.openqa.selenium.remote.RemoteWebDriver.execute(RemoteWebDriver.java:552)
	at com.kms.katalon.selenium.driver.CChromeDriver.execute(CChromeDriver.java:19)
	at org.openqa.selenium.remote.RemoteWebElement.execute(RemoteWebElement.java:285)
	at org.openqa.selenium.remote.RemoteWebElement.clear(RemoteWebElement.java:124)
	at org.openqa.selenium.support.events.EventFiringWebDriver$EventFiringWebElement.lambda$new$0(EventFiringWebDriver.java:404)
	at com.sun.proxy.$Proxy11.clear(Unknown Source)
	at org.openqa.selenium.support.events.EventFiringWebDriver$EventFiringWebElement.clear(EventFiringWebDriver.java:436)
	at com.kms.katalon.core.webui.keyword.builtin.SetTextKeyword$_setText_closure1.doCall(SetTextKeyword.groovy:53)
	at com.kms.katalon.core.webui.keyword.builtin.SetTextKeyword$_setText_closure1.call(SetTextKeyword.groovy)
	at com.kms.katalon.core.webui.keyword.internal.WebUIKeywordMain.runKeyword(WebUIKeywordMain.groovy:20)
	at com.kms.katalon.core.webui.keyword.builtin.SetTextKeyword.setText(SetTextKeyword.groovy:66)
	at com.kms.katalon.core.webui.keyword.builtin.SetTextKeyword.execute(SetTextKeyword.groovy:37)
	at com.kms.katalon.core.keyword.internal.KeywordExecutor.executeKeywordForPlatform(KeywordExecutor.groovy:74)
	at com.kms.katalon.core.webui.keyword.WebUiBuiltInKeywords.setText(WebUiBuiltInKeywords.groovy:980)
	at com.kms.katalon.core.webui.keyword.WebUiBuiltInKeywords$setText$2.call(Unknown Source)
	at Script1641377637665.run(Script1641377637665.groovy:34)
	... 16 more
)
[[ATTACHMENT|C:\\Users\\antra\\git\\SE-Bonus\\Reports\\20220114_100257\\Run all test cases\\20220114_100257\\1642130867788.png]]]]></system-out>
         <system-err><![CDATA[2022-01-14 10:27:09 - [TEST_CASE][FAILED] - Test Cases/Chat/Cancel block user: Test Cases/Chat/Cancel block user FAILED.
Reason:
com.kms.katalon.core.exception.StepFailedException: Unable to set text 'student' of object 'Object Repository/Page_Dashboard/input_Messages selected_form-control'
	at com.kms.katalon.core.webui.keyword.internal.WebUIKeywordMain.stepFailed(WebUIKeywordMain.groovy:64)
	at com.kms.katalon.core.webui.keyword.internal.WebUIKeywordMain.runKeyword(WebUIKeywordMain.groovy:26)
	at com.kms.katalon.core.webui.keyword.builtin.SetTextKeyword.setText(SetTextKeyword.groovy:66)
	at com.kms.katalon.core.webui.keyword.builtin.SetTextKeyword.execute(SetTextKeyword.groovy:37)
	at com.kms.katalon.core.keyword.internal.KeywordExecutor.executeKeywordForPlatform(KeywordExecutor.groovy:74)
	at com.kms.katalon.core.webui.keyword.WebUiBuiltInKeywords.setText(WebUiBuiltInKeywords.groovy:980)
	at com.kms.katalon.core.webui.keyword.WebUiBuiltInKeywords$setText$2.call(Unknown Source)
	at Cancel block user.run(Cancel block user:34)
	at com.kms.katalon.core.main.ScriptEngine.run(ScriptEngine.java:194)
	at com.kms.katalon.core.main.ScriptEngine.runScriptAsRawText(ScriptEngine.java:119)
	at com.kms.katalon.core.main.TestCaseExecutor.runScript(TestCaseExecutor.java:442)
	at com.kms.katalon.core.main.TestCaseExecutor.doExecute(TestCaseExecutor.java:433)
	at com.kms.katalon.core.main.TestCaseExecutor.processExecutionPhase(TestCaseExecutor.java:412)
	at com.kms.katalon.core.main.TestCaseExecutor.accessMainPhase(TestCaseExecutor.java:404)
	at com.kms.katalon.core.main.TestCaseExecutor.execute(TestCaseExecutor.java:281)
	at com.kms.katalon.core.main.TestCaseExecutor.execute(TestCaseExecutor.java:363)
	at com.kms.katalon.core.main.TestCaseExecutor.execute(TestCaseExecutor.java:363)
	at com.kms.katalon.core.main.TestCaseExecutor.execute(TestCaseExecutor.java:363)
	at com.kms.katalon.core.main.TestSuiteExecutor.accessTestCaseMainPhase(TestSuiteExecutor.java:202)
	at com.kms.katalon.core.main.TestSuiteExecutor.accessTestSuiteMainPhase(TestSuiteExecutor.java:164)
	at com.kms.katalon.core.main.TestSuiteExecutor.execute(TestSuiteExecutor.java:105)
	at com.kms.katalon.core.main.TestCaseMain.startTestSuite(TestCaseMain.java:181)
	at com.kms.katalon.core.main.TestCaseMain$startTestSuite$0.call(Unknown Source)
	at TempTestSuite1642129377811.run(TempTestSuite1642129377811.groovy:36)
Caused by: org.openqa.selenium.ElementNotInteractableException: element not interactable
  (Session info: chrome=97.0.4692.71)
Build info: version: '3.141.59', revision: 'e82be7d358', time: '2018-11-14T08:25:53'
System info: host: 'DESKTOP-5O7CBM9', ip: '192.168.16.1', os.name: 'Windows 10', os.arch: 'amd64', os.version: '10.0', java.version: '1.8.0_282'
Driver info: com.kms.katalon.selenium.driver.CChromeDriver
Capabilities {acceptInsecureCerts: false, browserName: chrome, browserVersion: 97.0.4692.71, chrome: {chromedriverVersion: 97.0.4692.71 (adefa7837d02a..., userDataDir: C:\Users\antra\AppData\Loca...}, goog:chromeOptions: {debuggerAddress: localhost:54069}, javascriptEnabled: true, networkConnectionEnabled: false, pageLoadStrategy: normal, platform: WINDOWS, platformName: WINDOWS, proxy: Proxy(), setWindowRect: true, strictFileInteractability: false, timeouts: {implicit: 0, pageLoad: 300000, script: 30000}, unhandledPromptBehavior: dismiss and notify, webauthn:extension:credBlob: true, webauthn:extension:largeBlob: true, webauthn:virtualAuthenticators: true}
Session ID: 9ca0d5860e5178f1c34e61e1e4597e21
	at org.openqa.selenium.remote.http.W3CHttpResponseCodec.createException(W3CHttpResponseCodec.java:187)
	at org.openqa.selenium.remote.http.W3CHttpResponseCodec.decode(W3CHttpResponseCodec.java:122)
	at org.openqa.selenium.remote.http.W3CHttpResponseCodec.decode(W3CHttpResponseCodec.java:49)
	at org.openqa.selenium.remote.HttpCommandExecutor.execute(HttpCommandExecutor.java:158)
	at org.openqa.selenium.remote.service.DriverCommandExecutor.execute(DriverCommandExecutor.java:83)
	at org.openqa.selenium.remote.RemoteWebDriver.execute(RemoteWebDriver.java:552)
	at com.kms.katalon.selenium.driver.CChromeDriver.execute(CChromeDriver.java:19)
	at org.openqa.selenium.remote.RemoteWebElement.execute(RemoteWebElement.java:285)
	at org.openqa.selenium.remote.RemoteWebElement.clear(RemoteWebElement.java:124)
	at org.openqa.selenium.support.events.EventFiringWebDriver$EventFiringWebElement.lambda$new$0(EventFiringWebDriver.java:404)
	at com.sun.proxy.$Proxy11.clear(Unknown Source)
	at org.openqa.selenium.support.events.EventFiringWebDriver$EventFiringWebElement.clear(EventFiringWebDriver.java:436)
	at com.kms.katalon.core.webui.keyword.builtin.SetTextKeyword$_setText_closure1.doCall(SetTextKeyword.groovy:53)
	at com.kms.katalon.core.webui.keyword.builtin.SetTextKeyword$_setText_closure1.call(SetTextKeyword.groovy)
	at com.kms.katalon.core.webui.keyword.internal.WebUIKeywordMain.runKeyword(WebUIKeywordMain.groovy:20)
	... 22 more]]></system-err>
      </testcase>
      <testcase name="Test Cases/Chat/Block user" time="38.859" classname="Test Cases/Chat/Block user" status="FAILED">
         <failure type="FAILED" message="Test Cases/Chat/Block user FAILED.
Reason:
com.kms.katalon.core.exception.StepFailedException: Unable to set text 'student' of object 'Object Repository/Page_Dashboard/input_Messages selected_form-control'
	at com.kms.katalon.core.webui.keyword.internal.WebUIKeywordMain.stepFailed(WebUIKeywordMain.groovy:64)
	at com.kms.katalon.core.webui.keyword.internal.WebUIKeywordMain.runKeyword(WebUIKeywordMain.groovy:26)
	at com.kms.katalon.core.webui.keyword.builtin.SetTextKeyword.setText(SetTextKeyword.groovy:66)
	at com.kms.katalon.core.webui.keyword.builtin.SetTextKeyword.execute(SetTextKeyword.groovy:37)
	at com.kms.katalon.core.keyword.internal.KeywordExecutor.executeKeywordForPlatform(KeywordExecutor.groovy:74)
	at com.kms.katalon.core.webui.keyword.WebUiBuiltInKeywords.setText(WebUiBuiltInKeywords.groovy:980)
	at com.kms.katalon.core.webui.keyword.WebUiBuiltInKeywords$setText$2.call(Unknown Source)
	at Block user.run(Block user:36)
	at com.kms.katalon.core.main.ScriptEngine.run(ScriptEngine.java:194)
	at com.kms.katalon.core.main.ScriptEngine.runScriptAsRawText(ScriptEngine.java:119)
	at com.kms.katalon.core.main.TestCaseExecutor.runScript(TestCaseExecutor.java:442)
	at com.kms.katalon.core.main.TestCaseExecutor.doExecute(TestCaseExecutor.java:433)
	at com.kms.katalon.core.main.TestCaseExecutor.processExecutionPhase(TestCaseExecutor.java:412)
	at com.kms.katalon.core.main.TestCaseExecutor.accessMainPhase(TestCaseExecutor.java:404)
	at com.kms.katalon.core.main.TestCaseExecutor.execute(TestCaseExecutor.java:281)
	at com.kms.katalon.core.main.TestCaseExecutor.execute(TestCaseExecutor.java:363)
	at com.kms.katalon.core.main.TestCaseExecutor.execute(TestCaseExecutor.java:363)
	at com.kms.katalon.core.main.TestCaseExecutor.execute(TestCaseExecutor.java:363)
	at com.kms.katalon.core.main.TestSuiteExecutor.accessTestCaseMainPhase(TestSuiteExecutor.java:202)
	at com.kms.katalon.core.main.TestSuiteExecutor.accessTestSuiteMainPhase(TestSuiteExecutor.java:164)
	at com.kms.katalon.core.main.TestSuiteExecutor.execute(TestSuiteExecutor.java:105)
	at com.kms.katalon.core.main.TestCaseMain.startTestSuite(TestCaseMain.java:181)
	at com.kms.katalon.core.main.TestCaseMain$startTestSuite$0.call(Unknown Source)
	at TempTestSuite1642129377811.run(TempTestSuite1642129377811.groovy:36)
Caused by: org.openqa.selenium.ElementNotInteractableException: element not interactable
  (Session info: chrome=97.0.4692.71)
Build info: version: '3.141.59', revision: 'e82be7d358', time: '2018-11-14T08:25:53'
System info: host: 'DESKTOP-5O7CBM9', ip: '192.168.16.1', os.name: 'Windows 10', os.arch: 'amd64', os.version: '10.0', java.version: '1.8.0_282'
Driver info: com.kms.katalon.selenium.driver.CChromeDriver
Capabilities {acceptInsecureCerts: false, browserName: chrome, browserVersion: 97.0.4692.71, chrome: {chromedriverVersion: 97.0.4692.71 (adefa7837d02a..., userDataDir: C:\Users\antra\AppData\Loca...}, goog:chromeOptions: {debuggerAddress: localhost:54279}, javascriptEnabled: true, networkConnectionEnabled: false, pageLoadStrategy: normal, platform: WINDOWS, platformName: WINDOWS, proxy: Proxy(), setWindowRect: true, strictFileInteractability: false, timeouts: {implicit: 0, pageLoad: 300000, script: 30000}, unhandledPromptBehavior: dismiss and notify, webauthn:extension:credBlob: true, webauthn:extension:largeBlob: true, webauthn:virtualAuthenticators: true}
Session ID: 439547f2bd8c60cbf4c4a23ec319a394
	at org.openqa.selenium.remote.http.W3CHttpResponseCodec.createException(W3CHttpResponseCodec.java:187)
	at org.openqa.selenium.remote.http.W3CHttpResponseCodec.decode(W3CHttpResponseCodec.java:122)
	at org.openqa.selenium.remote.http.W3CHttpResponseCodec.decode(W3CHttpResponseCodec.java:49)
	at org.openqa.selenium.remote.HttpCommandExecutor.execute(HttpCommandExecutor.java:158)
	at org.openqa.selenium.remote.service.DriverCommandExecutor.execute(DriverCommandExecutor.java:83)
	at org.openqa.selenium.remote.RemoteWebDriver.execute(RemoteWebDriver.java:552)
	at com.kms.katalon.selenium.driver.CChromeDriver.execute(CChromeDriver.java:19)
	at org.openqa.selenium.remote.RemoteWebElement.execute(RemoteWebElement.java:285)
	at org.openqa.selenium.remote.RemoteWebElement.clear(RemoteWebElement.java:124)
	at org.openqa.selenium.support.events.EventFiringWebDriver$EventFiringWebElement.lambda$new$0(EventFiringWebDriver.java:404)
	at com.sun.proxy.$Proxy11.clear(Unknown Source)
	at org.openqa.selenium.support.events.EventFiringWebDriver$EventFiringWebElement.clear(EventFiringWebDriver.java:436)
	at com.kms.katalon.core.webui.keyword.builtin.SetTextKeyword$_setText_closure1.doCall(SetTextKeyword.groovy:53)
	at com.kms.katalon.core.webui.keyword.builtin.SetTextKeyword$_setText_closure1.call(SetTextKeyword.groovy)
	at com.kms.katalon.core.webui.keyword.internal.WebUIKeywordMain.runKeyword(WebUIKeywordMain.groovy:20)
	... 22 more
"/>
         <system-out><![CDATA[2022-01-14 10:29:45 - [TEST_CASE][FAILED] - Test Cases/Chat/Block user: Test Cases/Chat/Block user FAILED.
Reason:
com.kms.katalon.core.exception.StepFailedException: Unable to set text 'student' of object 'Object Repository/Page_Dashboard/input_Messages selected_form-control'
	at com.kms.katalon.core.webui.keyword.internal.WebUIKeywordMain.stepFailed(WebUIKeywordMain.groovy:64)
	at com.kms.katalon.core.webui.keyword.internal.WebUIKeywordMain.runKeyword(WebUIKeywordMain.groovy:26)
	at com.kms.katalon.core.webui.keyword.builtin.SetTextKeyword.setText(SetTextKeyword.groovy:66)
	at com.kms.katalon.core.webui.keyword.builtin.SetTextKeyword.execute(SetTextKeyword.groovy:37)
	at com.kms.katalon.core.keyword.internal.KeywordExecutor.executeKeywordForPlatform(KeywordExecutor.groovy:74)
	at com.kms.katalon.core.webui.keyword.WebUiBuiltInKeywords.setText(WebUiBuiltInKeywords.groovy:980)
	at com.kms.katalon.core.webui.keyword.WebUiBuiltInKeywords$setText$2.call(Unknown Source)
	at Block user.run(Block user:36)
	at com.kms.katalon.core.main.ScriptEngine.run(ScriptEngine.java:194)
	at com.kms.katalon.core.main.ScriptEngine.runScriptAsRawText(ScriptEngine.java:119)
	at com.kms.katalon.core.main.TestCaseExecutor.runScript(TestCaseExecutor.java:442)
	at com.kms.katalon.core.main.TestCaseExecutor.doExecute(TestCaseExecutor.java:433)
	at com.kms.katalon.core.main.TestCaseExecutor.processExecutionPhase(TestCaseExecutor.java:412)
	at com.kms.katalon.core.main.TestCaseExecutor.accessMainPhase(TestCaseExecutor.java:404)
	at com.kms.katalon.core.main.TestCaseExecutor.execute(TestCaseExecutor.java:281)
	at com.kms.katalon.core.main.TestCaseExecutor.execute(TestCaseExecutor.java:363)
	at com.kms.katalon.core.main.TestCaseExecutor.execute(TestCaseExecutor.java:363)
	at com.kms.katalon.core.main.TestCaseExecutor.execute(TestCaseExecutor.java:363)
	at com.kms.katalon.core.main.TestSuiteExecutor.accessTestCaseMainPhase(TestSuiteExecutor.java:202)
	at com.kms.katalon.core.main.TestSuiteExecutor.accessTestSuiteMainPhase(TestSuiteExecutor.java:164)
	at com.kms.katalon.core.main.TestSuiteExecutor.execute(TestSuiteExecutor.java:105)
	at com.kms.katalon.core.main.TestCaseMain.startTestSuite(TestCaseMain.java:181)
	at com.kms.katalon.core.main.TestCaseMain$startTestSuite$0.call(Unknown Source)
	at TempTestSuite1642129377811.run(TempTestSuite1642129377811.groovy:36)
Caused by: org.openqa.selenium.ElementNotInteractableException: element not interactable
  (Session info: chrome=97.0.4692.71)
Build info: version: '3.141.59', revision: 'e82be7d358', time: '2018-11-14T08:25:53'
System info: host: 'DESKTOP-5O7CBM9', ip: '192.168.16.1', os.name: 'Windows 10', os.arch: 'amd64', os.version: '10.0', java.version: '1.8.0_282'
Driver info: com.kms.katalon.selenium.driver.CChromeDriver
Capabilities {acceptInsecureCerts: false, browserName: chrome, browserVersion: 97.0.4692.71, chrome: {chromedriverVersion: 97.0.4692.71 (adefa7837d02a..., userDataDir: C:\Users\antra\AppData\Loca...}, goog:chromeOptions: {debuggerAddress: localhost:54279}, javascriptEnabled: true, networkConnectionEnabled: false, pageLoadStrategy: normal, platform: WINDOWS, platformName: WINDOWS, proxy: Proxy(), setWindowRect: true, strictFileInteractability: false, timeouts: {implicit: 0, pageLoad: 300000, script: 30000}, unhandledPromptBehavior: dismiss and notify, webauthn:extension:credBlob: true, webauthn:extension:largeBlob: true, webauthn:virtualAuthenticators: true}
Session ID: 439547f2bd8c60cbf4c4a23ec319a394
	at org.openqa.selenium.remote.http.W3CHttpResponseCodec.createException(W3CHttpResponseCodec.java:187)
	at org.openqa.selenium.remote.http.W3CHttpResponseCodec.decode(W3CHttpResponseCodec.java:122)
	at org.openqa.selenium.remote.http.W3CHttpResponseCodec.decode(W3CHttpResponseCodec.java:49)
	at org.openqa.selenium.remote.HttpCommandExecutor.execute(HttpCommandExecutor.java:158)
	at org.openqa.selenium.remote.service.DriverCommandExecutor.execute(DriverCommandExecutor.java:83)
	at org.openqa.selenium.remote.RemoteWebDriver.execute(RemoteWebDriver.java:552)
	at com.kms.katalon.selenium.driver.CChromeDriver.execute(CChromeDriver.java:19)
	at org.openqa.selenium.remote.RemoteWebElement.execute(RemoteWebElement.java:285)
	at org.openqa.selenium.remote.RemoteWebElement.clear(RemoteWebElement.java:124)
	at org.openqa.selenium.support.events.EventFiringWebDriver$EventFiringWebElement.lambda$new$0(EventFiringWebDriver.java:404)
	at com.sun.proxy.$Proxy11.clear(Unknown Source)
	at org.openqa.selenium.support.events.EventFiringWebDriver$EventFiringWebElement.clear(EventFiringWebDriver.java:436)
	at com.kms.katalon.core.webui.keyword.builtin.SetTextKeyword$_setText_closure1.doCall(SetTextKeyword.groovy:53)
	at com.kms.katalon.core.webui.keyword.builtin.SetTextKeyword$_setText_closure1.call(SetTextKeyword.groovy)
	at com.kms.katalon.core.webui.keyword.internal.WebUIKeywordMain.runKeyword(WebUIKeywordMain.groovy:20)
	... 22 more


2022-01-14 10:29:45 - [TEST_STEP][PASSED] - openBrowser(""): Browser is opened with url: ''

2022-01-14 10:29:45 - [MESSAGE][WARNING] - A browser is already opened. Closing browser and opening a new one

2022-01-14 10:29:46 - [MESSAGE][INFO] - Starting 'Chrome' driver

2022-01-14 10:29:46 - [MESSAGE][INFO] - Action delay is set to 0 milliseconds

2022-01-14 10:29:47 - [MESSAGE][PASSED] - Browser is opened with url: ''

2022-01-14 10:29:47 - [TEST_STEP][PASSED] - navigateToUrl("http://localhost/"): Navigate to 'http://localhost/' successfully

2022-01-14 10:29:48 - [MESSAGE][PASSED] - Navigate to 'http://localhost/' successfully

2022-01-14 10:29:48 - [TEST_STEP][PASSED] - click(findTestObject("Object Repository/Page_L Tm Anh/a_Log in")): Object: 'Object Repository/Page_L Tm Anh/a_Log in' is clicked on

2022-01-14 10:29:48 - [MESSAGE][PASSED] - Object: 'Object Repository/Page_L Tm Anh/a_Log in' is clicked on

2022-01-14 10:29:48 - [TEST_STEP][PASSED] - click(findTestObject("Object Repository/Page_L Tm Anh Log in to the site/form_Username                              _635ab4")): Object: 'Object Repository/Page_L Tm Anh Log in to the site/form_Username                              _635ab4' is clicked on

2022-01-14 10:29:49 - [MESSAGE][PASSED] - Object: 'Object Repository/Page_L Tm Anh Log in to the site/form_Username                              _635ab4' is clicked on

2022-01-14 10:29:49 - [TEST_STEP][PASSED] - setText(findTestObject("Object Repository/Page_L Tm Anh Log in to the site/input_Username_username"), "admin"): Text 'admin' is set on object 'Object Repository/Page_L Tm Anh Log in to the site/input_Username_username'

2022-01-14 10:29:50 - [MESSAGE][PASSED] - Text 'admin' is set on object 'Object Repository/Page_L Tm Anh Log in to the site/input_Username_username'

2022-01-14 10:29:50 - [TEST_STEP][PASSED] - setEncryptedText(findTestObject("Object Repository/Page_L Tm Anh Log in to the site/input_Password_password"), "eGmz8XUbrLe3vUQiiiujBg=="): Text ****** has been set on object 'Object Repository/Page_L Tm Anh Log in to the site/input_Password_password'

2022-01-14 10:29:50 - [MESSAGE][PASSED] - Text ****** has been set on object 'Object Repository/Page_L Tm Anh Log in to the site/input_Password_password'

2022-01-14 10:29:50 - [TEST_STEP][PASSED] - click(findTestObject("Object Repository/Page_L Tm Anh Log in to the site/button_Log in")): Object: 'Object Repository/Page_L Tm Anh Log in to the site/button_Log in' is clicked on

2022-01-14 10:29:51 - [MESSAGE][PASSED] - Object: 'Object Repository/Page_L Tm Anh Log in to the site/button_Log in' is clicked on

2022-01-14 10:29:51 - [TEST_STEP][PASSED] - click(findTestObject("Object Repository/Page_Dashboard/a_0")): Object: 'Object Repository/Page_Dashboard/a_0' is clicked on

2022-01-14 10:30:22 - [MESSAGE][INFO] - Unable to find the element located by 'By.xpath: //a[@id='message-drawer-toggle-61dc107224f9a61dc1072131d45']'. Please recheck the objects properties to make sure the desired element is located. 

2022-01-14 10:30:22 - [MESSAGE][WARNING] - [SELF-HEALING] Failed to find element with id 'Object Repository/Page_Dashboard/a_0'. Try using Self-healing.

2022-01-14 10:30:23 - [MESSAGE][INFO] - Unable to find the element located by 'By.xpath: //div[@id='usernavigation']/div[2]/a'. Please recheck the objects properties to make sure the desired element is located. 

2022-01-14 10:30:23 - [MESSAGE][WARNING] - [SELF-HEALING] The current locator of test object 'Object Repository/Page_Dashboard/a_0' was broken. Propose an alternative one: '(.//*[normalize-space(text()) and normalize-space(.)='See all'])[1]/following::a[1]'.

2022-01-14 10:30:23 - [MESSAGE][PASSED] - Object: 'Object Repository/Page_Dashboard/a_0' is clicked on

2022-01-14 10:30:23 - [TEST_STEP][FAILED] - setText(findTestObject("Object Repository/Page_Dashboard/input_Messages selected_form-control"), "student"): Unable to set text 'student' of object 'Object Repository/Page_Dashboard/input_Messages selected_form-control' (Root cause: com.kms.katalon.core.exception.StepFailedException: Unable to set text 'student' of object 'Object Repository/Page_Dashboard/input_Messages selected_form-control'
	at com.kms.katalon.core.webui.keyword.internal.WebUIKeywordMain.stepFailed(WebUIKeywordMain.groovy:64)
	at com.kms.katalon.core.webui.keyword.internal.WebUIKeywordMain.runKeyword(WebUIKeywordMain.groovy:26)
	at com.kms.katalon.core.webui.keyword.builtin.SetTextKeyword.setText(SetTextKeyword.groovy:66)
	at com.kms.katalon.core.webui.keyword.builtin.SetTextKeyword.execute(SetTextKeyword.groovy:37)
	at com.kms.katalon.core.keyword.internal.KeywordExecutor.executeKeywordForPlatform(KeywordExecutor.groovy:74)
	at com.kms.katalon.core.webui.keyword.WebUiBuiltInKeywords.setText(WebUiBuiltInKeywords.groovy:980)
	at com.kms.katalon.core.webui.keyword.WebUiBuiltInKeywords$setText$2.call(Unknown Source)
	at Block user.run(Block user:36)
	at com.kms.katalon.core.main.ScriptEngine.run(ScriptEngine.java:194)
	at com.kms.katalon.core.main.ScriptEngine.runScriptAsRawText(ScriptEngine.java:119)
	at com.kms.katalon.core.main.TestCaseExecutor.runScript(TestCaseExecutor.java:442)
	at com.kms.katalon.core.main.TestCaseExecutor.doExecute(TestCaseExecutor.java:433)
	at com.kms.katalon.core.main.TestCaseExecutor.processExecutionPhase(TestCaseExecutor.java:412)
	at com.kms.katalon.core.main.TestCaseExecutor.accessMainPhase(TestCaseExecutor.java:404)
	at com.kms.katalon.core.main.TestCaseExecutor.execute(TestCaseExecutor.java:281)
	at com.kms.katalon.core.main.TestCaseExecutor.execute(TestCaseExecutor.java:363)
	at com.kms.katalon.core.main.TestCaseExecutor.execute(TestCaseExecutor.java:363)
	at com.kms.katalon.core.main.TestCaseExecutor.execute(TestCaseExecutor.java:363)
	at com.kms.katalon.core.main.TestSuiteExecutor.accessTestCaseMainPhase(TestSuiteExecutor.java:202)
	at com.kms.katalon.core.main.TestSuiteExecutor.accessTestSuiteMainPhase(TestSuiteExecutor.java:164)
	at com.kms.katalon.core.main.TestSuiteExecutor.execute(TestSuiteExecutor.java:105)
	at com.kms.katalon.core.main.TestCaseMain.startTestSuite(TestCaseMain.java:181)
	at com.kms.katalon.core.main.TestCaseMain$startTestSuite$0.call(Unknown Source)
	at TempTestSuite1642129377811.run(TempTestSuite1642129377811.groovy:36)
Caused by: org.openqa.selenium.ElementNotInteractableException: element not interactable
  (Session info: chrome=97.0.4692.71)
Build info: version: '3.141.59', revision: 'e82be7d358', time: '2018-11-14T08:25:53'
System info: host: 'DESKTOP-5O7CBM9', ip: '192.168.16.1', os.name: 'Windows 10', os.arch: 'amd64', os.version: '10.0', java.version: '1.8.0_282'
Driver info: com.kms.katalon.selenium.driver.CChromeDriver
Capabilities {acceptInsecureCerts: false, browserName: chrome, browserVersion: 97.0.4692.71, chrome: {chromedriverVersion: 97.0.4692.71 (adefa7837d02a..., userDataDir: C:\Users\antra\AppData\Loca...}, goog:chromeOptions: {debuggerAddress: localhost:54279}, javascriptEnabled: true, networkConnectionEnabled: false, pageLoadStrategy: normal, platform: WINDOWS, platformName: WINDOWS, proxy: Proxy(), setWindowRect: true, strictFileInteractability: false, timeouts: {implicit: 0, pageLoad: 300000, script: 30000}, unhandledPromptBehavior: dismiss and notify, webauthn:extension:credBlob: true, webauthn:extension:largeBlob: true, webauthn:virtualAuthenticators: true}
Session ID: 439547f2bd8c60cbf4c4a23ec319a394
	at org.openqa.selenium.remote.http.W3CHttpResponseCodec.createException(W3CHttpResponseCodec.java:187)
	at org.openqa.selenium.remote.http.W3CHttpResponseCodec.decode(W3CHttpResponseCodec.java:122)
	at org.openqa.selenium.remote.http.W3CHttpResponseCodec.decode(W3CHttpResponseCodec.java:49)
	at org.openqa.selenium.remote.HttpCommandExecutor.execute(HttpCommandExecutor.java:158)
	at org.openqa.selenium.remote.service.DriverCommandExecutor.execute(DriverCommandExecutor.java:83)
	at org.openqa.selenium.remote.RemoteWebDriver.execute(RemoteWebDriver.java:552)
	at com.kms.katalon.selenium.driver.CChromeDriver.execute(CChromeDriver.java:19)
	at org.openqa.selenium.remote.RemoteWebElement.execute(RemoteWebElement.java:285)
	at org.openqa.selenium.remote.RemoteWebElement.clear(RemoteWebElement.java:124)
	at org.openqa.selenium.support.events.EventFiringWebDriver$EventFiringWebElement.lambda$new$0(EventFiringWebDriver.java:404)
	at com.sun.proxy.$Proxy11.clear(Unknown Source)
	at org.openqa.selenium.support.events.EventFiringWebDriver$EventFiringWebElement.clear(EventFiringWebDriver.java:436)
	at com.kms.katalon.core.webui.keyword.builtin.SetTextKeyword$_setText_closure1.doCall(SetTextKeyword.groovy:53)
	at com.kms.katalon.core.webui.keyword.builtin.SetTextKeyword$_setText_closure1.call(SetTextKeyword.groovy)
	at com.kms.katalon.core.webui.keyword.internal.WebUIKeywordMain.runKeyword(WebUIKeywordMain.groovy:20)
	at com.kms.katalon.core.webui.keyword.builtin.SetTextKeyword.setText(SetTextKeyword.groovy:66)
	at com.kms.katalon.core.webui.keyword.builtin.SetTextKeyword.execute(SetTextKeyword.groovy:37)
	at com.kms.katalon.core.keyword.internal.KeywordExecutor.executeKeywordForPlatform(KeywordExecutor.groovy:74)
	at com.kms.katalon.core.webui.keyword.WebUiBuiltInKeywords.setText(WebUiBuiltInKeywords.groovy:980)
	at com.kms.katalon.core.webui.keyword.WebUiBuiltInKeywords$setText$2.call(Unknown Source)
	at Script1641373494727.run(Script1641373494727.groovy:36)
	... 16 more
)

2022-01-14 10:30:24 - [MESSAGE][FAILED] - Unable to set text 'student' of object 'Object Repository/Page_Dashboard/input_Messages selected_form-control' (Root cause: com.kms.katalon.core.exception.StepFailedException: Unable to set text 'student' of object 'Object Repository/Page_Dashboard/input_Messages selected_form-control'
	at com.kms.katalon.core.webui.keyword.internal.WebUIKeywordMain.stepFailed(WebUIKeywordMain.groovy:64)
	at com.kms.katalon.core.webui.keyword.internal.WebUIKeywordMain.runKeyword(WebUIKeywordMain.groovy:26)
	at com.kms.katalon.core.webui.keyword.builtin.SetTextKeyword.setText(SetTextKeyword.groovy:66)
	at com.kms.katalon.core.webui.keyword.builtin.SetTextKeyword.execute(SetTextKeyword.groovy:37)
	at com.kms.katalon.core.keyword.internal.KeywordExecutor.executeKeywordForPlatform(KeywordExecutor.groovy:74)
	at com.kms.katalon.core.webui.keyword.WebUiBuiltInKeywords.setText(WebUiBuiltInKeywords.groovy:980)
	at com.kms.katalon.core.webui.keyword.WebUiBuiltInKeywords$setText$2.call(Unknown Source)
	at Block user.run(Block user:36)
	at com.kms.katalon.core.main.ScriptEngine.run(ScriptEngine.java:194)
	at com.kms.katalon.core.main.ScriptEngine.runScriptAsRawText(ScriptEngine.java:119)
	at com.kms.katalon.core.main.TestCaseExecutor.runScript(TestCaseExecutor.java:442)
	at com.kms.katalon.core.main.TestCaseExecutor.doExecute(TestCaseExecutor.java:433)
	at com.kms.katalon.core.main.TestCaseExecutor.processExecutionPhase(TestCaseExecutor.java:412)
	at com.kms.katalon.core.main.TestCaseExecutor.accessMainPhase(TestCaseExecutor.java:404)
	at com.kms.katalon.core.main.TestCaseExecutor.execute(TestCaseExecutor.java:281)
	at com.kms.katalon.core.main.TestCaseExecutor.execute(TestCaseExecutor.java:363)
	at com.kms.katalon.core.main.TestCaseExecutor.execute(TestCaseExecutor.java:363)
	at com.kms.katalon.core.main.TestCaseExecutor.execute(TestCaseExecutor.java:363)
	at com.kms.katalon.core.main.TestSuiteExecutor.accessTestCaseMainPhase(TestSuiteExecutor.java:202)
	at com.kms.katalon.core.main.TestSuiteExecutor.accessTestSuiteMainPhase(TestSuiteExecutor.java:164)
	at com.kms.katalon.core.main.TestSuiteExecutor.execute(TestSuiteExecutor.java:105)
	at com.kms.katalon.core.main.TestCaseMain.startTestSuite(TestCaseMain.java:181)
	at com.kms.katalon.core.main.TestCaseMain$startTestSuite$0.call(Unknown Source)
	at TempTestSuite1642129377811.run(TempTestSuite1642129377811.groovy:36)
Caused by: org.openqa.selenium.ElementNotInteractableException: element not interactable
  (Session info: chrome=97.0.4692.71)
Build info: version: '3.141.59', revision: 'e82be7d358', time: '2018-11-14T08:25:53'
System info: host: 'DESKTOP-5O7CBM9', ip: '192.168.16.1', os.name: 'Windows 10', os.arch: 'amd64', os.version: '10.0', java.version: '1.8.0_282'
Driver info: com.kms.katalon.selenium.driver.CChromeDriver
Capabilities {acceptInsecureCerts: false, browserName: chrome, browserVersion: 97.0.4692.71, chrome: {chromedriverVersion: 97.0.4692.71 (adefa7837d02a..., userDataDir: C:\Users\antra\AppData\Loca...}, goog:chromeOptions: {debuggerAddress: localhost:54279}, javascriptEnabled: true, networkConnectionEnabled: false, pageLoadStrategy: normal, platform: WINDOWS, platformName: WINDOWS, proxy: Proxy(), setWindowRect: true, strictFileInteractability: false, timeouts: {implicit: 0, pageLoad: 300000, script: 30000}, unhandledPromptBehavior: dismiss and notify, webauthn:extension:credBlob: true, webauthn:extension:largeBlob: true, webauthn:virtualAuthenticators: true}
Session ID: 439547f2bd8c60cbf4c4a23ec319a394
	at org.openqa.selenium.remote.http.W3CHttpResponseCodec.createException(W3CHttpResponseCodec.java:187)
	at org.openqa.selenium.remote.http.W3CHttpResponseCodec.decode(W3CHttpResponseCodec.java:122)
	at org.openqa.selenium.remote.http.W3CHttpResponseCodec.decode(W3CHttpResponseCodec.java:49)
	at org.openqa.selenium.remote.HttpCommandExecutor.execute(HttpCommandExecutor.java:158)
	at org.openqa.selenium.remote.service.DriverCommandExecutor.execute(DriverCommandExecutor.java:83)
	at org.openqa.selenium.remote.RemoteWebDriver.execute(RemoteWebDriver.java:552)
	at com.kms.katalon.selenium.driver.CChromeDriver.execute(CChromeDriver.java:19)
	at org.openqa.selenium.remote.RemoteWebElement.execute(RemoteWebElement.java:285)
	at org.openqa.selenium.remote.RemoteWebElement.clear(RemoteWebElement.java:124)
	at org.openqa.selenium.support.events.EventFiringWebDriver$EventFiringWebElement.lambda$new$0(EventFiringWebDriver.java:404)
	at com.sun.proxy.$Proxy11.clear(Unknown Source)
	at org.openqa.selenium.support.events.EventFiringWebDriver$EventFiringWebElement.clear(EventFiringWebDriver.java:436)
	at com.kms.katalon.core.webui.keyword.builtin.SetTextKeyword$_setText_closure1.doCall(SetTextKeyword.groovy:53)
	at com.kms.katalon.core.webui.keyword.builtin.SetTextKeyword$_setText_closure1.call(SetTextKeyword.groovy)
	at com.kms.katalon.core.webui.keyword.internal.WebUIKeywordMain.runKeyword(WebUIKeywordMain.groovy:20)
	at com.kms.katalon.core.webui.keyword.builtin.SetTextKeyword.setText(SetTextKeyword.groovy:66)
	at com.kms.katalon.core.webui.keyword.builtin.SetTextKeyword.execute(SetTextKeyword.groovy:37)
	at com.kms.katalon.core.keyword.internal.KeywordExecutor.executeKeywordForPlatform(KeywordExecutor.groovy:74)
	at com.kms.katalon.core.webui.keyword.WebUiBuiltInKeywords.setText(WebUiBuiltInKeywords.groovy:980)
	at com.kms.katalon.core.webui.keyword.WebUiBuiltInKeywords$setText$2.call(Unknown Source)
	at Script1641373494727.run(Script1641373494727.groovy:36)
	... 16 more
)
[[ATTACHMENT|C:\\Users\\antra\\git\\SE-Bonus\\Reports\\20220114_100257\\Run all test cases\\20220114_100257\\1642131024486.png]]]]></system-out>
         <system-err><![CDATA[2022-01-14 10:29:45 - [TEST_CASE][FAILED] - Test Cases/Chat/Block user: Test Cases/Chat/Block user FAILED.
Reason:
com.kms.katalon.core.exception.StepFailedException: Unable to set text 'student' of object 'Object Repository/Page_Dashboard/input_Messages selected_form-control'
	at com.kms.katalon.core.webui.keyword.internal.WebUIKeywordMain.stepFailed(WebUIKeywordMain.groovy:64)
	at com.kms.katalon.core.webui.keyword.internal.WebUIKeywordMain.runKeyword(WebUIKeywordMain.groovy:26)
	at com.kms.katalon.core.webui.keyword.builtin.SetTextKeyword.setText(SetTextKeyword.groovy:66)
	at com.kms.katalon.core.webui.keyword.builtin.SetTextKeyword.execute(SetTextKeyword.groovy:37)
	at com.kms.katalon.core.keyword.internal.KeywordExecutor.executeKeywordForPlatform(KeywordExecutor.groovy:74)
	at com.kms.katalon.core.webui.keyword.WebUiBuiltInKeywords.setText(WebUiBuiltInKeywords.groovy:980)
	at com.kms.katalon.core.webui.keyword.WebUiBuiltInKeywords$setText$2.call(Unknown Source)
	at Block user.run(Block user:36)
	at com.kms.katalon.core.main.ScriptEngine.run(ScriptEngine.java:194)
	at com.kms.katalon.core.main.ScriptEngine.runScriptAsRawText(ScriptEngine.java:119)
	at com.kms.katalon.core.main.TestCaseExecutor.runScript(TestCaseExecutor.java:442)
	at com.kms.katalon.core.main.TestCaseExecutor.doExecute(TestCaseExecutor.java:433)
	at com.kms.katalon.core.main.TestCaseExecutor.processExecutionPhase(TestCaseExecutor.java:412)
	at com.kms.katalon.core.main.TestCaseExecutor.accessMainPhase(TestCaseExecutor.java:404)
	at com.kms.katalon.core.main.TestCaseExecutor.execute(TestCaseExecutor.java:281)
	at com.kms.katalon.core.main.TestCaseExecutor.execute(TestCaseExecutor.java:363)
	at com.kms.katalon.core.main.TestCaseExecutor.execute(TestCaseExecutor.java:363)
	at com.kms.katalon.core.main.TestCaseExecutor.execute(TestCaseExecutor.java:363)
	at com.kms.katalon.core.main.TestSuiteExecutor.accessTestCaseMainPhase(TestSuiteExecutor.java:202)
	at com.kms.katalon.core.main.TestSuiteExecutor.accessTestSuiteMainPhase(TestSuiteExecutor.java:164)
	at com.kms.katalon.core.main.TestSuiteExecutor.execute(TestSuiteExecutor.java:105)
	at com.kms.katalon.core.main.TestCaseMain.startTestSuite(TestCaseMain.java:181)
	at com.kms.katalon.core.main.TestCaseMain$startTestSuite$0.call(Unknown Source)
	at TempTestSuite1642129377811.run(TempTestSuite1642129377811.groovy:36)
Caused by: org.openqa.selenium.ElementNotInteractableException: element not interactable
  (Session info: chrome=97.0.4692.71)
Build info: version: '3.141.59', revision: 'e82be7d358', time: '2018-11-14T08:25:53'
System info: host: 'DESKTOP-5O7CBM9', ip: '192.168.16.1', os.name: 'Windows 10', os.arch: 'amd64', os.version: '10.0', java.version: '1.8.0_282'
Driver info: com.kms.katalon.selenium.driver.CChromeDriver
Capabilities {acceptInsecureCerts: false, browserName: chrome, browserVersion: 97.0.4692.71, chrome: {chromedriverVersion: 97.0.4692.71 (adefa7837d02a..., userDataDir: C:\Users\antra\AppData\Loca...}, goog:chromeOptions: {debuggerAddress: localhost:54279}, javascriptEnabled: true, networkConnectionEnabled: false, pageLoadStrategy: normal, platform: WINDOWS, platformName: WINDOWS, proxy: Proxy(), setWindowRect: true, strictFileInteractability: false, timeouts: {implicit: 0, pageLoad: 300000, script: 30000}, unhandledPromptBehavior: dismiss and notify, webauthn:extension:credBlob: true, webauthn:extension:largeBlob: true, webauthn:virtualAuthenticators: true}
Session ID: 439547f2bd8c60cbf4c4a23ec319a394
	at org.openqa.selenium.remote.http.W3CHttpResponseCodec.createException(W3CHttpResponseCodec.java:187)
	at org.openqa.selenium.remote.http.W3CHttpResponseCodec.decode(W3CHttpResponseCodec.java:122)
	at org.openqa.selenium.remote.http.W3CHttpResponseCodec.decode(W3CHttpResponseCodec.java:49)
	at org.openqa.selenium.remote.HttpCommandExecutor.execute(HttpCommandExecutor.java:158)
	at org.openqa.selenium.remote.service.DriverCommandExecutor.execute(DriverCommandExecutor.java:83)
	at org.openqa.selenium.remote.RemoteWebDriver.execute(RemoteWebDriver.java:552)
	at com.kms.katalon.selenium.driver.CChromeDriver.execute(CChromeDriver.java:19)
	at org.openqa.selenium.remote.RemoteWebElement.execute(RemoteWebElement.java:285)
	at org.openqa.selenium.remote.RemoteWebElement.clear(RemoteWebElement.java:124)
	at org.openqa.selenium.support.events.EventFiringWebDriver$EventFiringWebElement.lambda$new$0(EventFiringWebDriver.java:404)
	at com.sun.proxy.$Proxy11.clear(Unknown Source)
	at org.openqa.selenium.support.events.EventFiringWebDriver$EventFiringWebElement.clear(EventFiringWebDriver.java:436)
	at com.kms.katalon.core.webui.keyword.builtin.SetTextKeyword$_setText_closure1.doCall(SetTextKeyword.groovy:53)
	at com.kms.katalon.core.webui.keyword.builtin.SetTextKeyword$_setText_closure1.call(SetTextKeyword.groovy)
	at com.kms.katalon.core.webui.keyword.internal.WebUIKeywordMain.runKeyword(WebUIKeywordMain.groovy:20)
	... 22 more]]></system-err>
      </testcase>
      <testcase name="Test Cases/Chat/Unblock user" time="36.823" classname="Test Cases/Chat/Unblock user" status="FAILED">
         <failure type="FAILED" message="Test Cases/Chat/Unblock user FAILED.
Reason:
com.kms.katalon.core.exception.StepFailedException: Unable to click on object 'Object Repository/Page_Dashboard/i_See all_icon fa fa-comment-o fa-fw'
	at com.kms.katalon.core.webui.keyword.internal.WebUIKeywordMain.stepFailed(WebUIKeywordMain.groovy:64)
	at com.kms.katalon.core.webui.keyword.internal.WebUIKeywordMain.runKeyword(WebUIKeywordMain.groovy:26)
	at com.kms.katalon.core.webui.keyword.builtin.ClickKeyword.click(ClickKeyword.groovy:74)
	at com.kms.katalon.core.webui.keyword.builtin.ClickKeyword.execute(ClickKeyword.groovy:40)
	at com.kms.katalon.core.keyword.internal.KeywordExecutor.executeKeywordForPlatform(KeywordExecutor.groovy:74)
	at com.kms.katalon.core.webui.keyword.WebUiBuiltInKeywords.click(WebUiBuiltInKeywords.groovy:620)
	at com.kms.katalon.core.webui.keyword.WebUiBuiltInKeywords$click$1.call(Unknown Source)
	at Unblock user.run(Unblock user:32)
	at com.kms.katalon.core.main.ScriptEngine.run(ScriptEngine.java:194)
	at com.kms.katalon.core.main.ScriptEngine.runScriptAsRawText(ScriptEngine.java:119)
	at com.kms.katalon.core.main.TestCaseExecutor.runScript(TestCaseExecutor.java:442)
	at com.kms.katalon.core.main.TestCaseExecutor.doExecute(TestCaseExecutor.java:433)
	at com.kms.katalon.core.main.TestCaseExecutor.processExecutionPhase(TestCaseExecutor.java:412)
	at com.kms.katalon.core.main.TestCaseExecutor.accessMainPhase(TestCaseExecutor.java:404)
	at com.kms.katalon.core.main.TestCaseExecutor.execute(TestCaseExecutor.java:281)
	at com.kms.katalon.core.main.TestCaseExecutor.execute(TestCaseExecutor.java:363)
	at com.kms.katalon.core.main.TestCaseExecutor.execute(TestCaseExecutor.java:363)
	at com.kms.katalon.core.main.TestCaseExecutor.execute(TestCaseExecutor.java:363)
	at com.kms.katalon.core.main.TestSuiteExecutor.accessTestCaseMainPhase(TestSuiteExecutor.java:202)
	at com.kms.katalon.core.main.TestSuiteExecutor.accessTestSuiteMainPhase(TestSuiteExecutor.java:164)
	at com.kms.katalon.core.main.TestSuiteExecutor.execute(TestSuiteExecutor.java:105)
	at com.kms.katalon.core.main.TestCaseMain.startTestSuite(TestCaseMain.java:181)
	at com.kms.katalon.core.main.TestCaseMain$startTestSuite$0.call(Unknown Source)
	at TempTestSuite1642129377811.run(TempTestSuite1642129377811.groovy:36)
Caused by: org.openqa.selenium.ElementNotInteractableException: element not interactable
  (Session info: chrome=97.0.4692.71)
Build info: version: '3.141.59', revision: 'e82be7d358', time: '2018-11-14T08:25:53'
System info: host: 'DESKTOP-5O7CBM9', ip: '192.168.16.1', os.name: 'Windows 10', os.arch: 'amd64', os.version: '10.0', java.version: '1.8.0_282'
Driver info: com.kms.katalon.selenium.driver.CChromeDriver
Capabilities {acceptInsecureCerts: false, browserName: chrome, browserVersion: 97.0.4692.71, chrome: {chromedriverVersion: 97.0.4692.71 (adefa7837d02a..., userDataDir: C:\Users\antra\AppData\Loca...}, goog:chromeOptions: {debuggerAddress: localhost:54485}, javascriptEnabled: true, networkConnectionEnabled: false, pageLoadStrategy: normal, platform: WINDOWS, platformName: WINDOWS, proxy: Proxy(), setWindowRect: true, strictFileInteractability: false, timeouts: {implicit: 0, pageLoad: 300000, script: 30000}, unhandledPromptBehavior: dismiss and notify, webauthn:extension:credBlob: true, webauthn:extension:largeBlob: true, webauthn:virtualAuthenticators: true}
Session ID: b2652dd0affd75e2b76fbe3423a6e811
	at org.openqa.selenium.remote.http.W3CHttpResponseCodec.createException(W3CHttpResponseCodec.java:187)
	at org.openqa.selenium.remote.http.W3CHttpResponseCodec.decode(W3CHttpResponseCodec.java:122)
	at org.openqa.selenium.remote.http.W3CHttpResponseCodec.decode(W3CHttpResponseCodec.java:49)
	at org.openqa.selenium.remote.HttpCommandExecutor.execute(HttpCommandExecutor.java:158)
	at org.openqa.selenium.remote.service.DriverCommandExecutor.execute(DriverCommandExecutor.java:83)
	at org.openqa.selenium.remote.RemoteWebDriver.execute(RemoteWebDriver.java:552)
	at com.kms.katalon.selenium.driver.CChromeDriver.execute(CChromeDriver.java:19)
	at org.openqa.selenium.remote.RemoteWebElement.execute(RemoteWebElement.java:285)
	at org.openqa.selenium.remote.RemoteWebElement.click(RemoteWebElement.java:84)
	at org.openqa.selenium.support.events.EventFiringWebDriver$EventFiringWebElement.lambda$new$0(EventFiringWebDriver.java:404)
	at com.sun.proxy.$Proxy11.click(Unknown Source)
	at org.openqa.selenium.support.events.EventFiringWebDriver$EventFiringWebElement.click(EventFiringWebDriver.java:417)
	at org.openqa.selenium.WebElement$click.call(Unknown Source)
	at com.kms.katalon.core.webui.keyword.builtin.ClickKeyword.clickUntilSuccessWithTimeout(ClickKeyword.groovy:81)
	at com.kms.katalon.core.webui.keyword.builtin.ClickKeyword.clickUntilSuccessWithTimeout(ClickKeyword.groovy)
	at com.kms.katalon.core.webui.keyword.builtin.ClickKeyword$_click_closure1.doCall(ClickKeyword.groovy:67)
	at com.kms.katalon.core.webui.keyword.builtin.ClickKeyword$_click_closure1.call(ClickKeyword.groovy)
	at com.kms.katalon.core.webui.keyword.internal.WebUIKeywordMain.runKeyword(WebUIKeywordMain.groovy:20)
	... 22 more
"/>
         <system-out><![CDATA[2022-01-14 10:32:16 - [TEST_CASE][FAILED] - Test Cases/Chat/Unblock user: Test Cases/Chat/Unblock user FAILED.
Reason:
com.kms.katalon.core.exception.StepFailedException: Unable to click on object 'Object Repository/Page_Dashboard/i_See all_icon fa fa-comment-o fa-fw'
	at com.kms.katalon.core.webui.keyword.internal.WebUIKeywordMain.stepFailed(WebUIKeywordMain.groovy:64)
	at com.kms.katalon.core.webui.keyword.internal.WebUIKeywordMain.runKeyword(WebUIKeywordMain.groovy:26)
	at com.kms.katalon.core.webui.keyword.builtin.ClickKeyword.click(ClickKeyword.groovy:74)
	at com.kms.katalon.core.webui.keyword.builtin.ClickKeyword.execute(ClickKeyword.groovy:40)
	at com.kms.katalon.core.keyword.internal.KeywordExecutor.executeKeywordForPlatform(KeywordExecutor.groovy:74)
	at com.kms.katalon.core.webui.keyword.WebUiBuiltInKeywords.click(WebUiBuiltInKeywords.groovy:620)
	at com.kms.katalon.core.webui.keyword.WebUiBuiltInKeywords$click$1.call(Unknown Source)
	at Unblock user.run(Unblock user:32)
	at com.kms.katalon.core.main.ScriptEngine.run(ScriptEngine.java:194)
	at com.kms.katalon.core.main.ScriptEngine.runScriptAsRawText(ScriptEngine.java:119)
	at com.kms.katalon.core.main.TestCaseExecutor.runScript(TestCaseExecutor.java:442)
	at com.kms.katalon.core.main.TestCaseExecutor.doExecute(TestCaseExecutor.java:433)
	at com.kms.katalon.core.main.TestCaseExecutor.processExecutionPhase(TestCaseExecutor.java:412)
	at com.kms.katalon.core.main.TestCaseExecutor.accessMainPhase(TestCaseExecutor.java:404)
	at com.kms.katalon.core.main.TestCaseExecutor.execute(TestCaseExecutor.java:281)
	at com.kms.katalon.core.main.TestCaseExecutor.execute(TestCaseExecutor.java:363)
	at com.kms.katalon.core.main.TestCaseExecutor.execute(TestCaseExecutor.java:363)
	at com.kms.katalon.core.main.TestCaseExecutor.execute(TestCaseExecutor.java:363)
	at com.kms.katalon.core.main.TestSuiteExecutor.accessTestCaseMainPhase(TestSuiteExecutor.java:202)
	at com.kms.katalon.core.main.TestSuiteExecutor.accessTestSuiteMainPhase(TestSuiteExecutor.java:164)
	at com.kms.katalon.core.main.TestSuiteExecutor.execute(TestSuiteExecutor.java:105)
	at com.kms.katalon.core.main.TestCaseMain.startTestSuite(TestCaseMain.java:181)
	at com.kms.katalon.core.main.TestCaseMain$startTestSuite$0.call(Unknown Source)
	at TempTestSuite1642129377811.run(TempTestSuite1642129377811.groovy:36)
Caused by: org.openqa.selenium.ElementNotInteractableException: element not interactable
  (Session info: chrome=97.0.4692.71)
Build info: version: '3.141.59', revision: 'e82be7d358', time: '2018-11-14T08:25:53'
System info: host: 'DESKTOP-5O7CBM9', ip: '192.168.16.1', os.name: 'Windows 10', os.arch: 'amd64', os.version: '10.0', java.version: '1.8.0_282'
Driver info: com.kms.katalon.selenium.driver.CChromeDriver
Capabilities {acceptInsecureCerts: false, browserName: chrome, browserVersion: 97.0.4692.71, chrome: {chromedriverVersion: 97.0.4692.71 (adefa7837d02a..., userDataDir: C:\Users\antra\AppData\Loca...}, goog:chromeOptions: {debuggerAddress: localhost:54485}, javascriptEnabled: true, networkConnectionEnabled: false, pageLoadStrategy: normal, platform: WINDOWS, platformName: WINDOWS, proxy: Proxy(), setWindowRect: true, strictFileInteractability: false, timeouts: {implicit: 0, pageLoad: 300000, script: 30000}, unhandledPromptBehavior: dismiss and notify, webauthn:extension:credBlob: true, webauthn:extension:largeBlob: true, webauthn:virtualAuthenticators: true}
Session ID: b2652dd0affd75e2b76fbe3423a6e811
	at org.openqa.selenium.remote.http.W3CHttpResponseCodec.createException(W3CHttpResponseCodec.java:187)
	at org.openqa.selenium.remote.http.W3CHttpResponseCodec.decode(W3CHttpResponseCodec.java:122)
	at org.openqa.selenium.remote.http.W3CHttpResponseCodec.decode(W3CHttpResponseCodec.java:49)
	at org.openqa.selenium.remote.HttpCommandExecutor.execute(HttpCommandExecutor.java:158)
	at org.openqa.selenium.remote.service.DriverCommandExecutor.execute(DriverCommandExecutor.java:83)
	at org.openqa.selenium.remote.RemoteWebDriver.execute(RemoteWebDriver.java:552)
	at com.kms.katalon.selenium.driver.CChromeDriver.execute(CChromeDriver.java:19)
	at org.openqa.selenium.remote.RemoteWebElement.execute(RemoteWebElement.java:285)
	at org.openqa.selenium.remote.RemoteWebElement.click(RemoteWebElement.java:84)
	at org.openqa.selenium.support.events.EventFiringWebDriver$EventFiringWebElement.lambda$new$0(EventFiringWebDriver.java:404)
	at com.sun.proxy.$Proxy11.click(Unknown Source)
	at org.openqa.selenium.support.events.EventFiringWebDriver$EventFiringWebElement.click(EventFiringWebDriver.java:417)
	at org.openqa.selenium.WebElement$click.call(Unknown Source)
	at com.kms.katalon.core.webui.keyword.builtin.ClickKeyword.clickUntilSuccessWithTimeout(ClickKeyword.groovy:81)
	at com.kms.katalon.core.webui.keyword.builtin.ClickKeyword.clickUntilSuccessWithTimeout(ClickKeyword.groovy)
	at com.kms.katalon.core.webui.keyword.builtin.ClickKeyword$_click_closure1.doCall(ClickKeyword.groovy:67)
	at com.kms.katalon.core.webui.keyword.builtin.ClickKeyword$_click_closure1.call(ClickKeyword.groovy)
	at com.kms.katalon.core.webui.keyword.internal.WebUIKeywordMain.runKeyword(WebUIKeywordMain.groovy:20)
	... 22 more


2022-01-14 10:32:16 - [TEST_STEP][PASSED] - openBrowser(""): Browser is opened with url: ''

2022-01-14 10:32:16 - [MESSAGE][WARNING] - A browser is already opened. Closing browser and opening a new one

2022-01-14 10:32:16 - [MESSAGE][INFO] - Starting 'Chrome' driver

2022-01-14 10:32:16 - [MESSAGE][INFO] - Action delay is set to 0 milliseconds

2022-01-14 10:32:17 - [MESSAGE][PASSED] - Browser is opened with url: ''

2022-01-14 10:32:17 - [TEST_STEP][PASSED] - navigateToUrl("http://localhost/"): Navigate to 'http://localhost/' successfully

2022-01-14 10:32:18 - [MESSAGE][PASSED] - Navigate to 'http://localhost/' successfully

2022-01-14 10:32:18 - [TEST_STEP][PASSED] - click(findTestObject("Object Repository/Page_L Tm Anh/a_Log in")): Object: 'Object Repository/Page_L Tm Anh/a_Log in' is clicked on

2022-01-14 10:32:19 - [MESSAGE][PASSED] - Object: 'Object Repository/Page_L Tm Anh/a_Log in' is clicked on

2022-01-14 10:32:19 - [TEST_STEP][PASSED] - setText(findTestObject("Object Repository/Page_L Tm Anh Log in to the site/input_Username_username"), "admin"): Text 'admin' is set on object 'Object Repository/Page_L Tm Anh Log in to the site/input_Username_username'

2022-01-14 10:32:19 - [MESSAGE][PASSED] - Text 'admin' is set on object 'Object Repository/Page_L Tm Anh Log in to the site/input_Username_username'

2022-01-14 10:32:19 - [TEST_STEP][PASSED] - setEncryptedText(findTestObject("Object Repository/Page_L Tm Anh Log in to the site/input_Password_password"), "eGmz8XUbrLe3vUQiiiujBg=="): Text ****** has been set on object 'Object Repository/Page_L Tm Anh Log in to the site/input_Password_password'

2022-01-14 10:32:20 - [MESSAGE][PASSED] - Text ****** has been set on object 'Object Repository/Page_L Tm Anh Log in to the site/input_Password_password'

2022-01-14 10:32:20 - [TEST_STEP][PASSED] - click(findTestObject("Object Repository/Page_L Tm Anh Log in to the site/button_Log in")): Object: 'Object Repository/Page_L Tm Anh Log in to the site/button_Log in' is clicked on

2022-01-14 10:32:21 - [MESSAGE][PASSED] - Object: 'Object Repository/Page_L Tm Anh Log in to the site/button_Log in' is clicked on

2022-01-14 10:32:21 - [TEST_STEP][FAILED] - click(findTestObject("Object Repository/Page_Dashboard/i_See all_icon fa fa-comment-o fa-fw")): Unable to click on object 'Object Repository/Page_Dashboard/i_See all_icon fa fa-comment-o fa-fw' (Root cause: com.kms.katalon.core.exception.StepFailedException: Unable to click on object 'Object Repository/Page_Dashboard/i_See all_icon fa fa-comment-o fa-fw'
	at com.kms.katalon.core.webui.keyword.internal.WebUIKeywordMain.stepFailed(WebUIKeywordMain.groovy:64)
	at com.kms.katalon.core.webui.keyword.internal.WebUIKeywordMain.runKeyword(WebUIKeywordMain.groovy:26)
	at com.kms.katalon.core.webui.keyword.builtin.ClickKeyword.click(ClickKeyword.groovy:74)
	at com.kms.katalon.core.webui.keyword.builtin.ClickKeyword.execute(ClickKeyword.groovy:40)
	at com.kms.katalon.core.keyword.internal.KeywordExecutor.executeKeywordForPlatform(KeywordExecutor.groovy:74)
	at com.kms.katalon.core.webui.keyword.WebUiBuiltInKeywords.click(WebUiBuiltInKeywords.groovy:620)
	at com.kms.katalon.core.webui.keyword.WebUiBuiltInKeywords$click$1.call(Unknown Source)
	at Unblock user.run(Unblock user:32)
	at com.kms.katalon.core.main.ScriptEngine.run(ScriptEngine.java:194)
	at com.kms.katalon.core.main.ScriptEngine.runScriptAsRawText(ScriptEngine.java:119)
	at com.kms.katalon.core.main.TestCaseExecutor.runScript(TestCaseExecutor.java:442)
	at com.kms.katalon.core.main.TestCaseExecutor.doExecute(TestCaseExecutor.java:433)
	at com.kms.katalon.core.main.TestCaseExecutor.processExecutionPhase(TestCaseExecutor.java:412)
	at com.kms.katalon.core.main.TestCaseExecutor.accessMainPhase(TestCaseExecutor.java:404)
	at com.kms.katalon.core.main.TestCaseExecutor.execute(TestCaseExecutor.java:281)
	at com.kms.katalon.core.main.TestCaseExecutor.execute(TestCaseExecutor.java:363)
	at com.kms.katalon.core.main.TestCaseExecutor.execute(TestCaseExecutor.java:363)
	at com.kms.katalon.core.main.TestCaseExecutor.execute(TestCaseExecutor.java:363)
	at com.kms.katalon.core.main.TestSuiteExecutor.accessTestCaseMainPhase(TestSuiteExecutor.java:202)
	at com.kms.katalon.core.main.TestSuiteExecutor.accessTestSuiteMainPhase(TestSuiteExecutor.java:164)
	at com.kms.katalon.core.main.TestSuiteExecutor.execute(TestSuiteExecutor.java:105)
	at com.kms.katalon.core.main.TestCaseMain.startTestSuite(TestCaseMain.java:181)
	at com.kms.katalon.core.main.TestCaseMain$startTestSuite$0.call(Unknown Source)
	at TempTestSuite1642129377811.run(TempTestSuite1642129377811.groovy:36)
Caused by: org.openqa.selenium.ElementNotInteractableException: element not interactable
  (Session info: chrome=97.0.4692.71)
Build info: version: '3.141.59', revision: 'e82be7d358', time: '2018-11-14T08:25:53'
System info: host: 'DESKTOP-5O7CBM9', ip: '192.168.16.1', os.name: 'Windows 10', os.arch: 'amd64', os.version: '10.0', java.version: '1.8.0_282'
Driver info: com.kms.katalon.selenium.driver.CChromeDriver
Capabilities {acceptInsecureCerts: false, browserName: chrome, browserVersion: 97.0.4692.71, chrome: {chromedriverVersion: 97.0.4692.71 (adefa7837d02a..., userDataDir: C:\Users\antra\AppData\Loca...}, goog:chromeOptions: {debuggerAddress: localhost:54485}, javascriptEnabled: true, networkConnectionEnabled: false, pageLoadStrategy: normal, platform: WINDOWS, platformName: WINDOWS, proxy: Proxy(), setWindowRect: true, strictFileInteractability: false, timeouts: {implicit: 0, pageLoad: 300000, script: 30000}, unhandledPromptBehavior: dismiss and notify, webauthn:extension:credBlob: true, webauthn:extension:largeBlob: true, webauthn:virtualAuthenticators: true}
Session ID: b2652dd0affd75e2b76fbe3423a6e811
	at org.openqa.selenium.remote.http.W3CHttpResponseCodec.createException(W3CHttpResponseCodec.java:187)
	at org.openqa.selenium.remote.http.W3CHttpResponseCodec.decode(W3CHttpResponseCodec.java:122)
	at org.openqa.selenium.remote.http.W3CHttpResponseCodec.decode(W3CHttpResponseCodec.java:49)
	at org.openqa.selenium.remote.HttpCommandExecutor.execute(HttpCommandExecutor.java:158)
	at org.openqa.selenium.remote.service.DriverCommandExecutor.execute(DriverCommandExecutor.java:83)
	at org.openqa.selenium.remote.RemoteWebDriver.execute(RemoteWebDriver.java:552)
	at com.kms.katalon.selenium.driver.CChromeDriver.execute(CChromeDriver.java:19)
	at org.openqa.selenium.remote.RemoteWebElement.execute(RemoteWebElement.java:285)
	at org.openqa.selenium.remote.RemoteWebElement.click(RemoteWebElement.java:84)
	at org.openqa.selenium.support.events.EventFiringWebDriver$EventFiringWebElement.lambda$new$0(EventFiringWebDriver.java:404)
	at com.sun.proxy.$Proxy11.click(Unknown Source)
	at org.openqa.selenium.support.events.EventFiringWebDriver$EventFiringWebElement.click(EventFiringWebDriver.java:417)
	at org.openqa.selenium.WebElement$click.call(Unknown Source)
	at com.kms.katalon.core.webui.keyword.builtin.ClickKeyword.clickUntilSuccessWithTimeout(ClickKeyword.groovy:81)
	at com.kms.katalon.core.webui.keyword.builtin.ClickKeyword.clickUntilSuccessWithTimeout(ClickKeyword.groovy)
	at com.kms.katalon.core.webui.keyword.builtin.ClickKeyword$_click_closure1.doCall(ClickKeyword.groovy:67)
	at com.kms.katalon.core.webui.keyword.builtin.ClickKeyword$_click_closure1.call(ClickKeyword.groovy)
	at com.kms.katalon.core.webui.keyword.internal.WebUIKeywordMain.runKeyword(WebUIKeywordMain.groovy:20)
	at com.kms.katalon.core.webui.keyword.builtin.ClickKeyword.click(ClickKeyword.groovy:74)
	at com.kms.katalon.core.webui.keyword.builtin.ClickKeyword.execute(ClickKeyword.groovy:40)
	at com.kms.katalon.core.keyword.internal.KeywordExecutor.executeKeywordForPlatform(KeywordExecutor.groovy:74)
	at com.kms.katalon.core.webui.keyword.WebUiBuiltInKeywords.click(WebUiBuiltInKeywords.groovy:620)
	at com.kms.katalon.core.webui.keyword.WebUiBuiltInKeywords$click$1.call(Unknown Source)
	at Script1641376151196.run(Script1641376151196.groovy:32)
	... 16 more
)

2022-01-14 10:32:52 - [MESSAGE][INFO] - Unable to find the element located by 'By.xpath: //a[@id='message-drawer-toggle-61da31feb585e61da31fe9dea25']/i'. Please recheck the objects properties to make sure the desired element is located. 

2022-01-14 10:32:52 - [MESSAGE][WARNING] - [SELF-HEALING] Failed to find element with id 'Object Repository/Page_Dashboard/i_See all_icon fa fa-comment-o fa-fw'. Try using Self-healing.

2022-01-14 10:32:52 - [MESSAGE][WARNING] - [SELF-HEALING] The current locator of test object 'Object Repository/Page_Dashboard/i_See all_icon fa fa-comment-o fa-fw' was broken. Propose an alternative one: '//div[2]/a/i'.

2022-01-14 10:32:52 - [MESSAGE][FAILED] - Unable to click on object 'Object Repository/Page_Dashboard/i_See all_icon fa fa-comment-o fa-fw' (Root cause: com.kms.katalon.core.exception.StepFailedException: Unable to click on object 'Object Repository/Page_Dashboard/i_See all_icon fa fa-comment-o fa-fw'
	at com.kms.katalon.core.webui.keyword.internal.WebUIKeywordMain.stepFailed(WebUIKeywordMain.groovy:64)
	at com.kms.katalon.core.webui.keyword.internal.WebUIKeywordMain.runKeyword(WebUIKeywordMain.groovy:26)
	at com.kms.katalon.core.webui.keyword.builtin.ClickKeyword.click(ClickKeyword.groovy:74)
	at com.kms.katalon.core.webui.keyword.builtin.ClickKeyword.execute(ClickKeyword.groovy:40)
	at com.kms.katalon.core.keyword.internal.KeywordExecutor.executeKeywordForPlatform(KeywordExecutor.groovy:74)
	at com.kms.katalon.core.webui.keyword.WebUiBuiltInKeywords.click(WebUiBuiltInKeywords.groovy:620)
	at com.kms.katalon.core.webui.keyword.WebUiBuiltInKeywords$click$1.call(Unknown Source)
	at Unblock user.run(Unblock user:32)
	at com.kms.katalon.core.main.ScriptEngine.run(ScriptEngine.java:194)
	at com.kms.katalon.core.main.ScriptEngine.runScriptAsRawText(ScriptEngine.java:119)
	at com.kms.katalon.core.main.TestCaseExecutor.runScript(TestCaseExecutor.java:442)
	at com.kms.katalon.core.main.TestCaseExecutor.doExecute(TestCaseExecutor.java:433)
	at com.kms.katalon.core.main.TestCaseExecutor.processExecutionPhase(TestCaseExecutor.java:412)
	at com.kms.katalon.core.main.TestCaseExecutor.accessMainPhase(TestCaseExecutor.java:404)
	at com.kms.katalon.core.main.TestCaseExecutor.execute(TestCaseExecutor.java:281)
	at com.kms.katalon.core.main.TestCaseExecutor.execute(TestCaseExecutor.java:363)
	at com.kms.katalon.core.main.TestCaseExecutor.execute(TestCaseExecutor.java:363)
	at com.kms.katalon.core.main.TestCaseExecutor.execute(TestCaseExecutor.java:363)
	at com.kms.katalon.core.main.TestSuiteExecutor.accessTestCaseMainPhase(TestSuiteExecutor.java:202)
	at com.kms.katalon.core.main.TestSuiteExecutor.accessTestSuiteMainPhase(TestSuiteExecutor.java:164)
	at com.kms.katalon.core.main.TestSuiteExecutor.execute(TestSuiteExecutor.java:105)
	at com.kms.katalon.core.main.TestCaseMain.startTestSuite(TestCaseMain.java:181)
	at com.kms.katalon.core.main.TestCaseMain$startTestSuite$0.call(Unknown Source)
	at TempTestSuite1642129377811.run(TempTestSuite1642129377811.groovy:36)
Caused by: org.openqa.selenium.ElementNotInteractableException: element not interactable
  (Session info: chrome=97.0.4692.71)
Build info: version: '3.141.59', revision: 'e82be7d358', time: '2018-11-14T08:25:53'
System info: host: 'DESKTOP-5O7CBM9', ip: '192.168.16.1', os.name: 'Windows 10', os.arch: 'amd64', os.version: '10.0', java.version: '1.8.0_282'
Driver info: com.kms.katalon.selenium.driver.CChromeDriver
Capabilities {acceptInsecureCerts: false, browserName: chrome, browserVersion: 97.0.4692.71, chrome: {chromedriverVersion: 97.0.4692.71 (adefa7837d02a..., userDataDir: C:\Users\antra\AppData\Loca...}, goog:chromeOptions: {debuggerAddress: localhost:54485}, javascriptEnabled: true, networkConnectionEnabled: false, pageLoadStrategy: normal, platform: WINDOWS, platformName: WINDOWS, proxy: Proxy(), setWindowRect: true, strictFileInteractability: false, timeouts: {implicit: 0, pageLoad: 300000, script: 30000}, unhandledPromptBehavior: dismiss and notify, webauthn:extension:credBlob: true, webauthn:extension:largeBlob: true, webauthn:virtualAuthenticators: true}
Session ID: b2652dd0affd75e2b76fbe3423a6e811
	at org.openqa.selenium.remote.http.W3CHttpResponseCodec.createException(W3CHttpResponseCodec.java:187)
	at org.openqa.selenium.remote.http.W3CHttpResponseCodec.decode(W3CHttpResponseCodec.java:122)
	at org.openqa.selenium.remote.http.W3CHttpResponseCodec.decode(W3CHttpResponseCodec.java:49)
	at org.openqa.selenium.remote.HttpCommandExecutor.execute(HttpCommandExecutor.java:158)
	at org.openqa.selenium.remote.service.DriverCommandExecutor.execute(DriverCommandExecutor.java:83)
	at org.openqa.selenium.remote.RemoteWebDriver.execute(RemoteWebDriver.java:552)
	at com.kms.katalon.selenium.driver.CChromeDriver.execute(CChromeDriver.java:19)
	at org.openqa.selenium.remote.RemoteWebElement.execute(RemoteWebElement.java:285)
	at org.openqa.selenium.remote.RemoteWebElement.click(RemoteWebElement.java:84)
	at org.openqa.selenium.support.events.EventFiringWebDriver$EventFiringWebElement.lambda$new$0(EventFiringWebDriver.java:404)
	at com.sun.proxy.$Proxy11.click(Unknown Source)
	at org.openqa.selenium.support.events.EventFiringWebDriver$EventFiringWebElement.click(EventFiringWebDriver.java:417)
	at org.openqa.selenium.WebElement$click.call(Unknown Source)
	at com.kms.katalon.core.webui.keyword.builtin.ClickKeyword.clickUntilSuccessWithTimeout(ClickKeyword.groovy:81)
	at com.kms.katalon.core.webui.keyword.builtin.ClickKeyword.clickUntilSuccessWithTimeout(ClickKeyword.groovy)
	at com.kms.katalon.core.webui.keyword.builtin.ClickKeyword$_click_closure1.doCall(ClickKeyword.groovy:67)
	at com.kms.katalon.core.webui.keyword.builtin.ClickKeyword$_click_closure1.call(ClickKeyword.groovy)
	at com.kms.katalon.core.webui.keyword.internal.WebUIKeywordMain.runKeyword(WebUIKeywordMain.groovy:20)
	at com.kms.katalon.core.webui.keyword.builtin.ClickKeyword.click(ClickKeyword.groovy:74)
	at com.kms.katalon.core.webui.keyword.builtin.ClickKeyword.execute(ClickKeyword.groovy:40)
	at com.kms.katalon.core.keyword.internal.KeywordExecutor.executeKeywordForPlatform(KeywordExecutor.groovy:74)
	at com.kms.katalon.core.webui.keyword.WebUiBuiltInKeywords.click(WebUiBuiltInKeywords.groovy:620)
	at com.kms.katalon.core.webui.keyword.WebUiBuiltInKeywords$click$1.call(Unknown Source)
	at Script1641376151196.run(Script1641376151196.groovy:32)
	... 16 more
)
[[ATTACHMENT|C:\\Users\\antra\\git\\SE-Bonus\\Reports\\20220114_100257\\Run all test cases\\20220114_100257\\1642131172871.png]]]]></system-out>
         <system-err><![CDATA[2022-01-14 10:32:16 - [TEST_CASE][FAILED] - Test Cases/Chat/Unblock user: Test Cases/Chat/Unblock user FAILED.
Reason:
com.kms.katalon.core.exception.StepFailedException: Unable to click on object 'Object Repository/Page_Dashboard/i_See all_icon fa fa-comment-o fa-fw'
	at com.kms.katalon.core.webui.keyword.internal.WebUIKeywordMain.stepFailed(WebUIKeywordMain.groovy:64)
	at com.kms.katalon.core.webui.keyword.internal.WebUIKeywordMain.runKeyword(WebUIKeywordMain.groovy:26)
	at com.kms.katalon.core.webui.keyword.builtin.ClickKeyword.click(ClickKeyword.groovy:74)
	at com.kms.katalon.core.webui.keyword.builtin.ClickKeyword.execute(ClickKeyword.groovy:40)
	at com.kms.katalon.core.keyword.internal.KeywordExecutor.executeKeywordForPlatform(KeywordExecutor.groovy:74)
	at com.kms.katalon.core.webui.keyword.WebUiBuiltInKeywords.click(WebUiBuiltInKeywords.groovy:620)
	at com.kms.katalon.core.webui.keyword.WebUiBuiltInKeywords$click$1.call(Unknown Source)
	at Unblock user.run(Unblock user:32)
	at com.kms.katalon.core.main.ScriptEngine.run(ScriptEngine.java:194)
	at com.kms.katalon.core.main.ScriptEngine.runScriptAsRawText(ScriptEngine.java:119)
	at com.kms.katalon.core.main.TestCaseExecutor.runScript(TestCaseExecutor.java:442)
	at com.kms.katalon.core.main.TestCaseExecutor.doExecute(TestCaseExecutor.java:433)
	at com.kms.katalon.core.main.TestCaseExecutor.processExecutionPhase(TestCaseExecutor.java:412)
	at com.kms.katalon.core.main.TestCaseExecutor.accessMainPhase(TestCaseExecutor.java:404)
	at com.kms.katalon.core.main.TestCaseExecutor.execute(TestCaseExecutor.java:281)
	at com.kms.katalon.core.main.TestCaseExecutor.execute(TestCaseExecutor.java:363)
	at com.kms.katalon.core.main.TestCaseExecutor.execute(TestCaseExecutor.java:363)
	at com.kms.katalon.core.main.TestCaseExecutor.execute(TestCaseExecutor.java:363)
	at com.kms.katalon.core.main.TestSuiteExecutor.accessTestCaseMainPhase(TestSuiteExecutor.java:202)
	at com.kms.katalon.core.main.TestSuiteExecutor.accessTestSuiteMainPhase(TestSuiteExecutor.java:164)
	at com.kms.katalon.core.main.TestSuiteExecutor.execute(TestSuiteExecutor.java:105)
	at com.kms.katalon.core.main.TestCaseMain.startTestSuite(TestCaseMain.java:181)
	at com.kms.katalon.core.main.TestCaseMain$startTestSuite$0.call(Unknown Source)
	at TempTestSuite1642129377811.run(TempTestSuite1642129377811.groovy:36)
Caused by: org.openqa.selenium.ElementNotInteractableException: element not interactable
  (Session info: chrome=97.0.4692.71)
Build info: version: '3.141.59', revision: 'e82be7d358', time: '2018-11-14T08:25:53'
System info: host: 'DESKTOP-5O7CBM9', ip: '192.168.16.1', os.name: 'Windows 10', os.arch: 'amd64', os.version: '10.0', java.version: '1.8.0_282'
Driver info: com.kms.katalon.selenium.driver.CChromeDriver
Capabilities {acceptInsecureCerts: false, browserName: chrome, browserVersion: 97.0.4692.71, chrome: {chromedriverVersion: 97.0.4692.71 (adefa7837d02a..., userDataDir: C:\Users\antra\AppData\Loca...}, goog:chromeOptions: {debuggerAddress: localhost:54485}, javascriptEnabled: true, networkConnectionEnabled: false, pageLoadStrategy: normal, platform: WINDOWS, platformName: WINDOWS, proxy: Proxy(), setWindowRect: true, strictFileInteractability: false, timeouts: {implicit: 0, pageLoad: 300000, script: 30000}, unhandledPromptBehavior: dismiss and notify, webauthn:extension:credBlob: true, webauthn:extension:largeBlob: true, webauthn:virtualAuthenticators: true}
Session ID: b2652dd0affd75e2b76fbe3423a6e811
	at org.openqa.selenium.remote.http.W3CHttpResponseCodec.createException(W3CHttpResponseCodec.java:187)
	at org.openqa.selenium.remote.http.W3CHttpResponseCodec.decode(W3CHttpResponseCodec.java:122)
	at org.openqa.selenium.remote.http.W3CHttpResponseCodec.decode(W3CHttpResponseCodec.java:49)
	at org.openqa.selenium.remote.HttpCommandExecutor.execute(HttpCommandExecutor.java:158)
	at org.openqa.selenium.remote.service.DriverCommandExecutor.execute(DriverCommandExecutor.java:83)
	at org.openqa.selenium.remote.RemoteWebDriver.execute(RemoteWebDriver.java:552)
	at com.kms.katalon.selenium.driver.CChromeDriver.execute(CChromeDriver.java:19)
	at org.openqa.selenium.remote.RemoteWebElement.execute(RemoteWebElement.java:285)
	at org.openqa.selenium.remote.RemoteWebElement.click(RemoteWebElement.java:84)
	at org.openqa.selenium.support.events.EventFiringWebDriver$EventFiringWebElement.lambda$new$0(EventFiringWebDriver.java:404)
	at com.sun.proxy.$Proxy11.click(Unknown Source)
	at org.openqa.selenium.support.events.EventFiringWebDriver$EventFiringWebElement.click(EventFiringWebDriver.java:417)
	at org.openqa.selenium.WebElement$click.call(Unknown Source)
	at com.kms.katalon.core.webui.keyword.builtin.ClickKeyword.clickUntilSuccessWithTimeout(ClickKeyword.groovy:81)
	at com.kms.katalon.core.webui.keyword.builtin.ClickKeyword.clickUntilSuccessWithTimeout(ClickKeyword.groovy)
	at com.kms.katalon.core.webui.keyword.builtin.ClickKeyword$_click_closure1.doCall(ClickKeyword.groovy:67)
	at com.kms.katalon.core.webui.keyword.builtin.ClickKeyword$_click_closure1.call(ClickKeyword.groovy)
	at com.kms.katalon.core.webui.keyword.internal.WebUIKeywordMain.runKeyword(WebUIKeywordMain.groovy:20)
	... 22 more]]></system-err>
      </testcase>
      <testcase name="Test Cases/Chat/Delete conversation (message with another user)" time="69.547" classname="Test Cases/Chat/Delete conversation (message with another user)" status="FAILED">
         <failure type="FAILED" message="Test Cases/Chat/Delete conversation (message with another user) FAILED.
Reason:
com.kms.katalon.core.exception.StepFailedException: Unable to click on object 'Object Repository/Page_Dashboard/i_See all_icon fa fa-comment-o fa-fw'
	at com.kms.katalon.core.webui.keyword.internal.WebUIKeywordMain.stepFailed(WebUIKeywordMain.groovy:64)
	at com.kms.katalon.core.webui.keyword.internal.WebUIKeywordMain.runKeyword(WebUIKeywordMain.groovy:26)
	at com.kms.katalon.core.webui.keyword.builtin.ClickKeyword.click(ClickKeyword.groovy:74)
	at com.kms.katalon.core.webui.keyword.builtin.ClickKeyword.execute(ClickKeyword.groovy:40)
	at com.kms.katalon.core.keyword.internal.KeywordExecutor.executeKeywordForPlatform(KeywordExecutor.groovy:74)
	at com.kms.katalon.core.webui.keyword.WebUiBuiltInKeywords.click(WebUiBuiltInKeywords.groovy:620)
	at com.kms.katalon.core.webui.keyword.WebUiBuiltInKeywords$click$1.call(Unknown Source)
	at Delete conversation (message with another user).run(Delete conversation (message with another user):34)
	at com.kms.katalon.core.main.ScriptEngine.run(ScriptEngine.java:194)
	at com.kms.katalon.core.main.ScriptEngine.runScriptAsRawText(ScriptEngine.java:119)
	at com.kms.katalon.core.main.TestCaseExecutor.runScript(TestCaseExecutor.java:442)
	at com.kms.katalon.core.main.TestCaseExecutor.doExecute(TestCaseExecutor.java:433)
	at com.kms.katalon.core.main.TestCaseExecutor.processExecutionPhase(TestCaseExecutor.java:412)
	at com.kms.katalon.core.main.TestCaseExecutor.accessMainPhase(TestCaseExecutor.java:404)
	at com.kms.katalon.core.main.TestCaseExecutor.execute(TestCaseExecutor.java:281)
	at com.kms.katalon.core.main.TestCaseExecutor.execute(TestCaseExecutor.java:363)
	at com.kms.katalon.core.main.TestCaseExecutor.execute(TestCaseExecutor.java:363)
	at com.kms.katalon.core.main.TestCaseExecutor.execute(TestCaseExecutor.java:363)
	at com.kms.katalon.core.main.TestSuiteExecutor.accessTestCaseMainPhase(TestSuiteExecutor.java:202)
	at com.kms.katalon.core.main.TestSuiteExecutor.accessTestSuiteMainPhase(TestSuiteExecutor.java:164)
	at com.kms.katalon.core.main.TestSuiteExecutor.execute(TestSuiteExecutor.java:105)
	at com.kms.katalon.core.main.TestCaseMain.startTestSuite(TestCaseMain.java:181)
	at com.kms.katalon.core.main.TestCaseMain$startTestSuite$0.call(Unknown Source)
	at TempTestSuite1642129377811.run(TempTestSuite1642129377811.groovy:36)
Caused by: org.openqa.selenium.ElementNotInteractableException: element not interactable
  (Session info: chrome=97.0.4692.71)
Build info: version: '3.141.59', revision: 'e82be7d358', time: '2018-11-14T08:25:53'
System info: host: 'DESKTOP-5O7CBM9', ip: '192.168.16.1', os.name: 'Windows 10', os.arch: 'amd64', os.version: '10.0', java.version: '1.8.0_282'
Driver info: com.kms.katalon.selenium.driver.CChromeDriver
Capabilities {acceptInsecureCerts: false, browserName: chrome, browserVersion: 97.0.4692.71, chrome: {chromedriverVersion: 97.0.4692.71 (adefa7837d02a..., userDataDir: C:\Users\antra\AppData\Loca...}, goog:chromeOptions: {debuggerAddress: localhost:60215}, javascriptEnabled: true, networkConnectionEnabled: false, pageLoadStrategy: normal, platform: WINDOWS, platformName: WINDOWS, proxy: Proxy(), setWindowRect: true, strictFileInteractability: false, timeouts: {implicit: 0, pageLoad: 300000, script: 30000}, unhandledPromptBehavior: dismiss and notify, webauthn:extension:credBlob: true, webauthn:extension:largeBlob: true, webauthn:virtualAuthenticators: true}
Session ID: f4b58ad64140fcccaf7a77d8413f6763
	at org.openqa.selenium.remote.http.W3CHttpResponseCodec.createException(W3CHttpResponseCodec.java:187)
	at org.openqa.selenium.remote.http.W3CHttpResponseCodec.decode(W3CHttpResponseCodec.java:122)
	at org.openqa.selenium.remote.http.W3CHttpResponseCodec.decode(W3CHttpResponseCodec.java:49)
	at org.openqa.selenium.remote.HttpCommandExecutor.execute(HttpCommandExecutor.java:158)
	at org.openqa.selenium.remote.service.DriverCommandExecutor.execute(DriverCommandExecutor.java:83)
	at org.openqa.selenium.remote.RemoteWebDriver.execute(RemoteWebDriver.java:552)
	at com.kms.katalon.selenium.driver.CChromeDriver.execute(CChromeDriver.java:19)
	at org.openqa.selenium.remote.RemoteWebElement.execute(RemoteWebElement.java:285)
	at org.openqa.selenium.remote.RemoteWebElement.click(RemoteWebElement.java:84)
	at org.openqa.selenium.support.events.EventFiringWebDriver$EventFiringWebElement.lambda$new$0(EventFiringWebDriver.java:404)
	at com.sun.proxy.$Proxy11.click(Unknown Source)
	at org.openqa.selenium.support.events.EventFiringWebDriver$EventFiringWebElement.click(EventFiringWebDriver.java:417)
	at org.openqa.selenium.WebElement$click.call(Unknown Source)
	at com.kms.katalon.core.webui.keyword.builtin.ClickKeyword.clickUntilSuccessWithTimeout(ClickKeyword.groovy:81)
	at com.kms.katalon.core.webui.keyword.builtin.ClickKeyword.clickUntilSuccessWithTimeout(ClickKeyword.groovy)
	at com.kms.katalon.core.webui.keyword.builtin.ClickKeyword$_click_closure1.doCall(ClickKeyword.groovy:67)
	at com.kms.katalon.core.webui.keyword.builtin.ClickKeyword$_click_closure1.call(ClickKeyword.groovy)
	at com.kms.katalon.core.webui.keyword.internal.WebUIKeywordMain.runKeyword(WebUIKeywordMain.groovy:20)
	... 22 more
"/>
         <system-out><![CDATA[2022-01-14 10:36:20 - [TEST_CASE][FAILED] - Test Cases/Chat/Delete conversation (message with another user): Test Cases/Chat/Delete conversation (message with another user) FAILED.
Reason:
com.kms.katalon.core.exception.StepFailedException: Unable to click on object 'Object Repository/Page_Dashboard/i_See all_icon fa fa-comment-o fa-fw'
	at com.kms.katalon.core.webui.keyword.internal.WebUIKeywordMain.stepFailed(WebUIKeywordMain.groovy:64)
	at com.kms.katalon.core.webui.keyword.internal.WebUIKeywordMain.runKeyword(WebUIKeywordMain.groovy:26)
	at com.kms.katalon.core.webui.keyword.builtin.ClickKeyword.click(ClickKeyword.groovy:74)
	at com.kms.katalon.core.webui.keyword.builtin.ClickKeyword.execute(ClickKeyword.groovy:40)
	at com.kms.katalon.core.keyword.internal.KeywordExecutor.executeKeywordForPlatform(KeywordExecutor.groovy:74)
	at com.kms.katalon.core.webui.keyword.WebUiBuiltInKeywords.click(WebUiBuiltInKeywords.groovy:620)
	at com.kms.katalon.core.webui.keyword.WebUiBuiltInKeywords$click$1.call(Unknown Source)
	at Delete conversation (message with another user).run(Delete conversation (message with another user):34)
	at com.kms.katalon.core.main.ScriptEngine.run(ScriptEngine.java:194)
	at com.kms.katalon.core.main.ScriptEngine.runScriptAsRawText(ScriptEngine.java:119)
	at com.kms.katalon.core.main.TestCaseExecutor.runScript(TestCaseExecutor.java:442)
	at com.kms.katalon.core.main.TestCaseExecutor.doExecute(TestCaseExecutor.java:433)
	at com.kms.katalon.core.main.TestCaseExecutor.processExecutionPhase(TestCaseExecutor.java:412)
	at com.kms.katalon.core.main.TestCaseExecutor.accessMainPhase(TestCaseExecutor.java:404)
	at com.kms.katalon.core.main.TestCaseExecutor.execute(TestCaseExecutor.java:281)
	at com.kms.katalon.core.main.TestCaseExecutor.execute(TestCaseExecutor.java:363)
	at com.kms.katalon.core.main.TestCaseExecutor.execute(TestCaseExecutor.java:363)
	at com.kms.katalon.core.main.TestCaseExecutor.execute(TestCaseExecutor.java:363)
	at com.kms.katalon.core.main.TestSuiteExecutor.accessTestCaseMainPhase(TestSuiteExecutor.java:202)
	at com.kms.katalon.core.main.TestSuiteExecutor.accessTestSuiteMainPhase(TestSuiteExecutor.java:164)
	at com.kms.katalon.core.main.TestSuiteExecutor.execute(TestSuiteExecutor.java:105)
	at com.kms.katalon.core.main.TestCaseMain.startTestSuite(TestCaseMain.java:181)
	at com.kms.katalon.core.main.TestCaseMain$startTestSuite$0.call(Unknown Source)
	at TempTestSuite1642129377811.run(TempTestSuite1642129377811.groovy:36)
Caused by: org.openqa.selenium.ElementNotInteractableException: element not interactable
  (Session info: chrome=97.0.4692.71)
Build info: version: '3.141.59', revision: 'e82be7d358', time: '2018-11-14T08:25:53'
System info: host: 'DESKTOP-5O7CBM9', ip: '192.168.16.1', os.name: 'Windows 10', os.arch: 'amd64', os.version: '10.0', java.version: '1.8.0_282'
Driver info: com.kms.katalon.selenium.driver.CChromeDriver
Capabilities {acceptInsecureCerts: false, browserName: chrome, browserVersion: 97.0.4692.71, chrome: {chromedriverVersion: 97.0.4692.71 (adefa7837d02a..., userDataDir: C:\Users\antra\AppData\Loca...}, goog:chromeOptions: {debuggerAddress: localhost:60215}, javascriptEnabled: true, networkConnectionEnabled: false, pageLoadStrategy: normal, platform: WINDOWS, platformName: WINDOWS, proxy: Proxy(), setWindowRect: true, strictFileInteractability: false, timeouts: {implicit: 0, pageLoad: 300000, script: 30000}, unhandledPromptBehavior: dismiss and notify, webauthn:extension:credBlob: true, webauthn:extension:largeBlob: true, webauthn:virtualAuthenticators: true}
Session ID: f4b58ad64140fcccaf7a77d8413f6763
	at org.openqa.selenium.remote.http.W3CHttpResponseCodec.createException(W3CHttpResponseCodec.java:187)
	at org.openqa.selenium.remote.http.W3CHttpResponseCodec.decode(W3CHttpResponseCodec.java:122)
	at org.openqa.selenium.remote.http.W3CHttpResponseCodec.decode(W3CHttpResponseCodec.java:49)
	at org.openqa.selenium.remote.HttpCommandExecutor.execute(HttpCommandExecutor.java:158)
	at org.openqa.selenium.remote.service.DriverCommandExecutor.execute(DriverCommandExecutor.java:83)
	at org.openqa.selenium.remote.RemoteWebDriver.execute(RemoteWebDriver.java:552)
	at com.kms.katalon.selenium.driver.CChromeDriver.execute(CChromeDriver.java:19)
	at org.openqa.selenium.remote.RemoteWebElement.execute(RemoteWebElement.java:285)
	at org.openqa.selenium.remote.RemoteWebElement.click(RemoteWebElement.java:84)
	at org.openqa.selenium.support.events.EventFiringWebDriver$EventFiringWebElement.lambda$new$0(EventFiringWebDriver.java:404)
	at com.sun.proxy.$Proxy11.click(Unknown Source)
	at org.openqa.selenium.support.events.EventFiringWebDriver$EventFiringWebElement.click(EventFiringWebDriver.java:417)
	at org.openqa.selenium.WebElement$click.call(Unknown Source)
	at com.kms.katalon.core.webui.keyword.builtin.ClickKeyword.clickUntilSuccessWithTimeout(ClickKeyword.groovy:81)
	at com.kms.katalon.core.webui.keyword.builtin.ClickKeyword.clickUntilSuccessWithTimeout(ClickKeyword.groovy)
	at com.kms.katalon.core.webui.keyword.builtin.ClickKeyword$_click_closure1.doCall(ClickKeyword.groovy:67)
	at com.kms.katalon.core.webui.keyword.builtin.ClickKeyword$_click_closure1.call(ClickKeyword.groovy)
	at com.kms.katalon.core.webui.keyword.internal.WebUIKeywordMain.runKeyword(WebUIKeywordMain.groovy:20)
	... 22 more


2022-01-14 10:36:20 - [TEST_STEP][PASSED] - openBrowser(""): Browser is opened with url: ''

2022-01-14 10:36:20 - [MESSAGE][WARNING] - A browser is already opened. Closing browser and opening a new one

2022-01-14 10:36:21 - [MESSAGE][INFO] - Starting 'Chrome' driver

2022-01-14 10:36:21 - [MESSAGE][INFO] - Action delay is set to 0 milliseconds

2022-01-14 10:36:22 - [MESSAGE][PASSED] - Browser is opened with url: ''

2022-01-14 10:36:22 - [TEST_STEP][PASSED] - navigateToUrl("http://localhost/"): Navigate to 'http://localhost/' successfully

2022-01-14 10:36:23 - [MESSAGE][PASSED] - Navigate to 'http://localhost/' successfully

2022-01-14 10:36:23 - [TEST_STEP][PASSED] - click(findTestObject("Object Repository/Page_L Tm Anh/span_Log in")): Object: 'Object Repository/Page_L Tm Anh/span_Log in' is clicked on

2022-01-14 10:36:24 - [MESSAGE][PASSED] - Object: 'Object Repository/Page_L Tm Anh/span_Log in' is clicked on

2022-01-14 10:36:24 - [TEST_STEP][PASSED] - click(findTestObject("Object Repository/Page_L Tm Anh/a_Log in")): Object: 'Object Repository/Page_L Tm Anh/a_Log in' is clicked on

2022-01-14 10:36:55 - [MESSAGE][INFO] - Unable to find the element located by 'By.xpath: //div[@id='usernavigation']/div/div/span/a'. Please recheck the objects properties to make sure the desired element is located. 

2022-01-14 10:36:55 - [MESSAGE][WARNING] - [SELF-HEALING] Failed to find element with id 'Object Repository/Page_L Tm Anh/a_Log in'. Try using Self-healing.

2022-01-14 10:36:55 - [MESSAGE][WARNING] - [SELF-HEALING] The current locator of test object 'Object Repository/Page_L Tm Anh/a_Log in' was broken. Propose an alternative one: '//*/text()[normalize-space(.)='Log in']/parent::*'.

2022-01-14 10:36:56 - [MESSAGE][PASSED] - Object: 'Object Repository/Page_L Tm Anh/a_Log in' is clicked on

2022-01-14 10:36:56 - [TEST_STEP][PASSED] - setText(findTestObject("Object Repository/Page_L Tm Anh Log in to the site/input_Username_username"), "admin"): Text 'admin' is set on object 'Object Repository/Page_L Tm Anh Log in to the site/input_Username_username'

2022-01-14 10:36:57 - [MESSAGE][PASSED] - Text 'admin' is set on object 'Object Repository/Page_L Tm Anh Log in to the site/input_Username_username'

2022-01-14 10:36:57 - [TEST_STEP][PASSED] - setEncryptedText(findTestObject("Object Repository/Page_L Tm Anh Log in to the site/input_Password_password"), "eGmz8XUbrLe3vUQiiiujBg=="): Text ****** has been set on object 'Object Repository/Page_L Tm Anh Log in to the site/input_Password_password'

2022-01-14 10:36:57 - [MESSAGE][PASSED] - Text ****** has been set on object 'Object Repository/Page_L Tm Anh Log in to the site/input_Password_password'

2022-01-14 10:36:57 - [TEST_STEP][PASSED] - click(findTestObject("Object Repository/Page_L Tm Anh Log in to the site/button_Log in")): Object: 'Object Repository/Page_L Tm Anh Log in to the site/button_Log in' is clicked on

2022-01-14 10:36:58 - [MESSAGE][PASSED] - Object: 'Object Repository/Page_L Tm Anh Log in to the site/button_Log in' is clicked on

2022-01-14 10:36:58 - [TEST_STEP][FAILED] - click(findTestObject("Object Repository/Page_Dashboard/i_See all_icon fa fa-comment-o fa-fw")): Unable to click on object 'Object Repository/Page_Dashboard/i_See all_icon fa fa-comment-o fa-fw' (Root cause: com.kms.katalon.core.exception.StepFailedException: Unable to click on object 'Object Repository/Page_Dashboard/i_See all_icon fa fa-comment-o fa-fw'
	at com.kms.katalon.core.webui.keyword.internal.WebUIKeywordMain.stepFailed(WebUIKeywordMain.groovy:64)
	at com.kms.katalon.core.webui.keyword.internal.WebUIKeywordMain.runKeyword(WebUIKeywordMain.groovy:26)
	at com.kms.katalon.core.webui.keyword.builtin.ClickKeyword.click(ClickKeyword.groovy:74)
	at com.kms.katalon.core.webui.keyword.builtin.ClickKeyword.execute(ClickKeyword.groovy:40)
	at com.kms.katalon.core.keyword.internal.KeywordExecutor.executeKeywordForPlatform(KeywordExecutor.groovy:74)
	at com.kms.katalon.core.webui.keyword.WebUiBuiltInKeywords.click(WebUiBuiltInKeywords.groovy:620)
	at com.kms.katalon.core.webui.keyword.WebUiBuiltInKeywords$click$1.call(Unknown Source)
	at Delete conversation (message with another user).run(Delete conversation (message with another user):34)
	at com.kms.katalon.core.main.ScriptEngine.run(ScriptEngine.java:194)
	at com.kms.katalon.core.main.ScriptEngine.runScriptAsRawText(ScriptEngine.java:119)
	at com.kms.katalon.core.main.TestCaseExecutor.runScript(TestCaseExecutor.java:442)
	at com.kms.katalon.core.main.TestCaseExecutor.doExecute(TestCaseExecutor.java:433)
	at com.kms.katalon.core.main.TestCaseExecutor.processExecutionPhase(TestCaseExecutor.java:412)
	at com.kms.katalon.core.main.TestCaseExecutor.accessMainPhase(TestCaseExecutor.java:404)
	at com.kms.katalon.core.main.TestCaseExecutor.execute(TestCaseExecutor.java:281)
	at com.kms.katalon.core.main.TestCaseExecutor.execute(TestCaseExecutor.java:363)
	at com.kms.katalon.core.main.TestCaseExecutor.execute(TestCaseExecutor.java:363)
	at com.kms.katalon.core.main.TestCaseExecutor.execute(TestCaseExecutor.java:363)
	at com.kms.katalon.core.main.TestSuiteExecutor.accessTestCaseMainPhase(TestSuiteExecutor.java:202)
	at com.kms.katalon.core.main.TestSuiteExecutor.accessTestSuiteMainPhase(TestSuiteExecutor.java:164)
	at com.kms.katalon.core.main.TestSuiteExecutor.execute(TestSuiteExecutor.java:105)
	at com.kms.katalon.core.main.TestCaseMain.startTestSuite(TestCaseMain.java:181)
	at com.kms.katalon.core.main.TestCaseMain$startTestSuite$0.call(Unknown Source)
	at TempTestSuite1642129377811.run(TempTestSuite1642129377811.groovy:36)
Caused by: org.openqa.selenium.ElementNotInteractableException: element not interactable
  (Session info: chrome=97.0.4692.71)
Build info: version: '3.141.59', revision: 'e82be7d358', time: '2018-11-14T08:25:53'
System info: host: 'DESKTOP-5O7CBM9', ip: '192.168.16.1', os.name: 'Windows 10', os.arch: 'amd64', os.version: '10.0', java.version: '1.8.0_282'
Driver info: com.kms.katalon.selenium.driver.CChromeDriver
Capabilities {acceptInsecureCerts: false, browserName: chrome, browserVersion: 97.0.4692.71, chrome: {chromedriverVersion: 97.0.4692.71 (adefa7837d02a..., userDataDir: C:\Users\antra\AppData\Loca...}, goog:chromeOptions: {debuggerAddress: localhost:60215}, javascriptEnabled: true, networkConnectionEnabled: false, pageLoadStrategy: normal, platform: WINDOWS, platformName: WINDOWS, proxy: Proxy(), setWindowRect: true, strictFileInteractability: false, timeouts: {implicit: 0, pageLoad: 300000, script: 30000}, unhandledPromptBehavior: dismiss and notify, webauthn:extension:credBlob: true, webauthn:extension:largeBlob: true, webauthn:virtualAuthenticators: true}
Session ID: f4b58ad64140fcccaf7a77d8413f6763
	at org.openqa.selenium.remote.http.W3CHttpResponseCodec.createException(W3CHttpResponseCodec.java:187)
	at org.openqa.selenium.remote.http.W3CHttpResponseCodec.decode(W3CHttpResponseCodec.java:122)
	at org.openqa.selenium.remote.http.W3CHttpResponseCodec.decode(W3CHttpResponseCodec.java:49)
	at org.openqa.selenium.remote.HttpCommandExecutor.execute(HttpCommandExecutor.java:158)
	at org.openqa.selenium.remote.service.DriverCommandExecutor.execute(DriverCommandExecutor.java:83)
	at org.openqa.selenium.remote.RemoteWebDriver.execute(RemoteWebDriver.java:552)
	at com.kms.katalon.selenium.driver.CChromeDriver.execute(CChromeDriver.java:19)
	at org.openqa.selenium.remote.RemoteWebElement.execute(RemoteWebElement.java:285)
	at org.openqa.selenium.remote.RemoteWebElement.click(RemoteWebElement.java:84)
	at org.openqa.selenium.support.events.EventFiringWebDriver$EventFiringWebElement.lambda$new$0(EventFiringWebDriver.java:404)
	at com.sun.proxy.$Proxy11.click(Unknown Source)
	at org.openqa.selenium.support.events.EventFiringWebDriver$EventFiringWebElement.click(EventFiringWebDriver.java:417)
	at org.openqa.selenium.WebElement$click.call(Unknown Source)
	at com.kms.katalon.core.webui.keyword.builtin.ClickKeyword.clickUntilSuccessWithTimeout(ClickKeyword.groovy:81)
	at com.kms.katalon.core.webui.keyword.builtin.ClickKeyword.clickUntilSuccessWithTimeout(ClickKeyword.groovy)
	at com.kms.katalon.core.webui.keyword.builtin.ClickKeyword$_click_closure1.doCall(ClickKeyword.groovy:67)
	at com.kms.katalon.core.webui.keyword.builtin.ClickKeyword$_click_closure1.call(ClickKeyword.groovy)
	at com.kms.katalon.core.webui.keyword.internal.WebUIKeywordMain.runKeyword(WebUIKeywordMain.groovy:20)
	at com.kms.katalon.core.webui.keyword.builtin.ClickKeyword.click(ClickKeyword.groovy:74)
	at com.kms.katalon.core.webui.keyword.builtin.ClickKeyword.execute(ClickKeyword.groovy:40)
	at com.kms.katalon.core.keyword.internal.KeywordExecutor.executeKeywordForPlatform(KeywordExecutor.groovy:74)
	at com.kms.katalon.core.webui.keyword.WebUiBuiltInKeywords.click(WebUiBuiltInKeywords.groovy:620)
	at com.kms.katalon.core.webui.keyword.WebUiBuiltInKeywords$click$1.call(Unknown Source)
	at Script1641378004059.run(Script1641378004059.groovy:34)
	... 16 more
)

2022-01-14 10:37:30 - [MESSAGE][INFO] - Unable to find the element located by 'By.xpath: //a[@id='message-drawer-toggle-61da31feb585e61da31fe9dea25']/i'. Please recheck the objects properties to make sure the desired element is located. 

2022-01-14 10:37:30 - [MESSAGE][WARNING] - [SELF-HEALING] Failed to find element with id 'Object Repository/Page_Dashboard/i_See all_icon fa fa-comment-o fa-fw'. Try using Self-healing.

2022-01-14 10:37:30 - [MESSAGE][WARNING] - [SELF-HEALING] The current locator of test object 'Object Repository/Page_Dashboard/i_See all_icon fa fa-comment-o fa-fw' was broken. Propose an alternative one: '//div[2]/a/i'.

2022-01-14 10:37:30 - [MESSAGE][FAILED] - Unable to click on object 'Object Repository/Page_Dashboard/i_See all_icon fa fa-comment-o fa-fw' (Root cause: com.kms.katalon.core.exception.StepFailedException: Unable to click on object 'Object Repository/Page_Dashboard/i_See all_icon fa fa-comment-o fa-fw'
	at com.kms.katalon.core.webui.keyword.internal.WebUIKeywordMain.stepFailed(WebUIKeywordMain.groovy:64)
	at com.kms.katalon.core.webui.keyword.internal.WebUIKeywordMain.runKeyword(WebUIKeywordMain.groovy:26)
	at com.kms.katalon.core.webui.keyword.builtin.ClickKeyword.click(ClickKeyword.groovy:74)
	at com.kms.katalon.core.webui.keyword.builtin.ClickKeyword.execute(ClickKeyword.groovy:40)
	at com.kms.katalon.core.keyword.internal.KeywordExecutor.executeKeywordForPlatform(KeywordExecutor.groovy:74)
	at com.kms.katalon.core.webui.keyword.WebUiBuiltInKeywords.click(WebUiBuiltInKeywords.groovy:620)
	at com.kms.katalon.core.webui.keyword.WebUiBuiltInKeywords$click$1.call(Unknown Source)
	at Delete conversation (message with another user).run(Delete conversation (message with another user):34)
	at com.kms.katalon.core.main.ScriptEngine.run(ScriptEngine.java:194)
	at com.kms.katalon.core.main.ScriptEngine.runScriptAsRawText(ScriptEngine.java:119)
	at com.kms.katalon.core.main.TestCaseExecutor.runScript(TestCaseExecutor.java:442)
	at com.kms.katalon.core.main.TestCaseExecutor.doExecute(TestCaseExecutor.java:433)
	at com.kms.katalon.core.main.TestCaseExecutor.processExecutionPhase(TestCaseExecutor.java:412)
	at com.kms.katalon.core.main.TestCaseExecutor.accessMainPhase(TestCaseExecutor.java:404)
	at com.kms.katalon.core.main.TestCaseExecutor.execute(TestCaseExecutor.java:281)
	at com.kms.katalon.core.main.TestCaseExecutor.execute(TestCaseExecutor.java:363)
	at com.kms.katalon.core.main.TestCaseExecutor.execute(TestCaseExecutor.java:363)
	at com.kms.katalon.core.main.TestCaseExecutor.execute(TestCaseExecutor.java:363)
	at com.kms.katalon.core.main.TestSuiteExecutor.accessTestCaseMainPhase(TestSuiteExecutor.java:202)
	at com.kms.katalon.core.main.TestSuiteExecutor.accessTestSuiteMainPhase(TestSuiteExecutor.java:164)
	at com.kms.katalon.core.main.TestSuiteExecutor.execute(TestSuiteExecutor.java:105)
	at com.kms.katalon.core.main.TestCaseMain.startTestSuite(TestCaseMain.java:181)
	at com.kms.katalon.core.main.TestCaseMain$startTestSuite$0.call(Unknown Source)
	at TempTestSuite1642129377811.run(TempTestSuite1642129377811.groovy:36)
Caused by: org.openqa.selenium.ElementNotInteractableException: element not interactable
  (Session info: chrome=97.0.4692.71)
Build info: version: '3.141.59', revision: 'e82be7d358', time: '2018-11-14T08:25:53'
System info: host: 'DESKTOP-5O7CBM9', ip: '192.168.16.1', os.name: 'Windows 10', os.arch: 'amd64', os.version: '10.0', java.version: '1.8.0_282'
Driver info: com.kms.katalon.selenium.driver.CChromeDriver
Capabilities {acceptInsecureCerts: false, browserName: chrome, browserVersion: 97.0.4692.71, chrome: {chromedriverVersion: 97.0.4692.71 (adefa7837d02a..., userDataDir: C:\Users\antra\AppData\Loca...}, goog:chromeOptions: {debuggerAddress: localhost:60215}, javascriptEnabled: true, networkConnectionEnabled: false, pageLoadStrategy: normal, platform: WINDOWS, platformName: WINDOWS, proxy: Proxy(), setWindowRect: true, strictFileInteractability: false, timeouts: {implicit: 0, pageLoad: 300000, script: 30000}, unhandledPromptBehavior: dismiss and notify, webauthn:extension:credBlob: true, webauthn:extension:largeBlob: true, webauthn:virtualAuthenticators: true}
Session ID: f4b58ad64140fcccaf7a77d8413f6763
	at org.openqa.selenium.remote.http.W3CHttpResponseCodec.createException(W3CHttpResponseCodec.java:187)
	at org.openqa.selenium.remote.http.W3CHttpResponseCodec.decode(W3CHttpResponseCodec.java:122)
	at org.openqa.selenium.remote.http.W3CHttpResponseCodec.decode(W3CHttpResponseCodec.java:49)
	at org.openqa.selenium.remote.HttpCommandExecutor.execute(HttpCommandExecutor.java:158)
	at org.openqa.selenium.remote.service.DriverCommandExecutor.execute(DriverCommandExecutor.java:83)
	at org.openqa.selenium.remote.RemoteWebDriver.execute(RemoteWebDriver.java:552)
	at com.kms.katalon.selenium.driver.CChromeDriver.execute(CChromeDriver.java:19)
	at org.openqa.selenium.remote.RemoteWebElement.execute(RemoteWebElement.java:285)
	at org.openqa.selenium.remote.RemoteWebElement.click(RemoteWebElement.java:84)
	at org.openqa.selenium.support.events.EventFiringWebDriver$EventFiringWebElement.lambda$new$0(EventFiringWebDriver.java:404)
	at com.sun.proxy.$Proxy11.click(Unknown Source)
	at org.openqa.selenium.support.events.EventFiringWebDriver$EventFiringWebElement.click(EventFiringWebDriver.java:417)
	at org.openqa.selenium.WebElement$click.call(Unknown Source)
	at com.kms.katalon.core.webui.keyword.builtin.ClickKeyword.clickUntilSuccessWithTimeout(ClickKeyword.groovy:81)
	at com.kms.katalon.core.webui.keyword.builtin.ClickKeyword.clickUntilSuccessWithTimeout(ClickKeyword.groovy)
	at com.kms.katalon.core.webui.keyword.builtin.ClickKeyword$_click_closure1.doCall(ClickKeyword.groovy:67)
	at com.kms.katalon.core.webui.keyword.builtin.ClickKeyword$_click_closure1.call(ClickKeyword.groovy)
	at com.kms.katalon.core.webui.keyword.internal.WebUIKeywordMain.runKeyword(WebUIKeywordMain.groovy:20)
	at com.kms.katalon.core.webui.keyword.builtin.ClickKeyword.click(ClickKeyword.groovy:74)
	at com.kms.katalon.core.webui.keyword.builtin.ClickKeyword.execute(ClickKeyword.groovy:40)
	at com.kms.katalon.core.keyword.internal.KeywordExecutor.executeKeywordForPlatform(KeywordExecutor.groovy:74)
	at com.kms.katalon.core.webui.keyword.WebUiBuiltInKeywords.click(WebUiBuiltInKeywords.groovy:620)
	at com.kms.katalon.core.webui.keyword.WebUiBuiltInKeywords$click$1.call(Unknown Source)
	at Script1641378004059.run(Script1641378004059.groovy:34)
	... 16 more
)
[[ATTACHMENT|C:\\Users\\antra\\git\\SE-Bonus\\Reports\\20220114_100257\\Run all test cases\\20220114_100257\\1642131450313.png]]]]></system-out>
         <system-err><![CDATA[2022-01-14 10:36:20 - [TEST_CASE][FAILED] - Test Cases/Chat/Delete conversation (message with another user): Test Cases/Chat/Delete conversation (message with another user) FAILED.
Reason:
com.kms.katalon.core.exception.StepFailedException: Unable to click on object 'Object Repository/Page_Dashboard/i_See all_icon fa fa-comment-o fa-fw'
	at com.kms.katalon.core.webui.keyword.internal.WebUIKeywordMain.stepFailed(WebUIKeywordMain.groovy:64)
	at com.kms.katalon.core.webui.keyword.internal.WebUIKeywordMain.runKeyword(WebUIKeywordMain.groovy:26)
	at com.kms.katalon.core.webui.keyword.builtin.ClickKeyword.click(ClickKeyword.groovy:74)
	at com.kms.katalon.core.webui.keyword.builtin.ClickKeyword.execute(ClickKeyword.groovy:40)
	at com.kms.katalon.core.keyword.internal.KeywordExecutor.executeKeywordForPlatform(KeywordExecutor.groovy:74)
	at com.kms.katalon.core.webui.keyword.WebUiBuiltInKeywords.click(WebUiBuiltInKeywords.groovy:620)
	at com.kms.katalon.core.webui.keyword.WebUiBuiltInKeywords$click$1.call(Unknown Source)
	at Delete conversation (message with another user).run(Delete conversation (message with another user):34)
	at com.kms.katalon.core.main.ScriptEngine.run(ScriptEngine.java:194)
	at com.kms.katalon.core.main.ScriptEngine.runScriptAsRawText(ScriptEngine.java:119)
	at com.kms.katalon.core.main.TestCaseExecutor.runScript(TestCaseExecutor.java:442)
	at com.kms.katalon.core.main.TestCaseExecutor.doExecute(TestCaseExecutor.java:433)
	at com.kms.katalon.core.main.TestCaseExecutor.processExecutionPhase(TestCaseExecutor.java:412)
	at com.kms.katalon.core.main.TestCaseExecutor.accessMainPhase(TestCaseExecutor.java:404)
	at com.kms.katalon.core.main.TestCaseExecutor.execute(TestCaseExecutor.java:281)
	at com.kms.katalon.core.main.TestCaseExecutor.execute(TestCaseExecutor.java:363)
	at com.kms.katalon.core.main.TestCaseExecutor.execute(TestCaseExecutor.java:363)
	at com.kms.katalon.core.main.TestCaseExecutor.execute(TestCaseExecutor.java:363)
	at com.kms.katalon.core.main.TestSuiteExecutor.accessTestCaseMainPhase(TestSuiteExecutor.java:202)
	at com.kms.katalon.core.main.TestSuiteExecutor.accessTestSuiteMainPhase(TestSuiteExecutor.java:164)
	at com.kms.katalon.core.main.TestSuiteExecutor.execute(TestSuiteExecutor.java:105)
	at com.kms.katalon.core.main.TestCaseMain.startTestSuite(TestCaseMain.java:181)
	at com.kms.katalon.core.main.TestCaseMain$startTestSuite$0.call(Unknown Source)
	at TempTestSuite1642129377811.run(TempTestSuite1642129377811.groovy:36)
Caused by: org.openqa.selenium.ElementNotInteractableException: element not interactable
  (Session info: chrome=97.0.4692.71)
Build info: version: '3.141.59', revision: 'e82be7d358', time: '2018-11-14T08:25:53'
System info: host: 'DESKTOP-5O7CBM9', ip: '192.168.16.1', os.name: 'Windows 10', os.arch: 'amd64', os.version: '10.0', java.version: '1.8.0_282'
Driver info: com.kms.katalon.selenium.driver.CChromeDriver
Capabilities {acceptInsecureCerts: false, browserName: chrome, browserVersion: 97.0.4692.71, chrome: {chromedriverVersion: 97.0.4692.71 (adefa7837d02a..., userDataDir: C:\Users\antra\AppData\Loca...}, goog:chromeOptions: {debuggerAddress: localhost:60215}, javascriptEnabled: true, networkConnectionEnabled: false, pageLoadStrategy: normal, platform: WINDOWS, platformName: WINDOWS, proxy: Proxy(), setWindowRect: true, strictFileInteractability: false, timeouts: {implicit: 0, pageLoad: 300000, script: 30000}, unhandledPromptBehavior: dismiss and notify, webauthn:extension:credBlob: true, webauthn:extension:largeBlob: true, webauthn:virtualAuthenticators: true}
Session ID: f4b58ad64140fcccaf7a77d8413f6763
	at org.openqa.selenium.remote.http.W3CHttpResponseCodec.createException(W3CHttpResponseCodec.java:187)
	at org.openqa.selenium.remote.http.W3CHttpResponseCodec.decode(W3CHttpResponseCodec.java:122)
	at org.openqa.selenium.remote.http.W3CHttpResponseCodec.decode(W3CHttpResponseCodec.java:49)
	at org.openqa.selenium.remote.HttpCommandExecutor.execute(HttpCommandExecutor.java:158)
	at org.openqa.selenium.remote.service.DriverCommandExecutor.execute(DriverCommandExecutor.java:83)
	at org.openqa.selenium.remote.RemoteWebDriver.execute(RemoteWebDriver.java:552)
	at com.kms.katalon.selenium.driver.CChromeDriver.execute(CChromeDriver.java:19)
	at org.openqa.selenium.remote.RemoteWebElement.execute(RemoteWebElement.java:285)
	at org.openqa.selenium.remote.RemoteWebElement.click(RemoteWebElement.java:84)
	at org.openqa.selenium.support.events.EventFiringWebDriver$EventFiringWebElement.lambda$new$0(EventFiringWebDriver.java:404)
	at com.sun.proxy.$Proxy11.click(Unknown Source)
	at org.openqa.selenium.support.events.EventFiringWebDriver$EventFiringWebElement.click(EventFiringWebDriver.java:417)
	at org.openqa.selenium.WebElement$click.call(Unknown Source)
	at com.kms.katalon.core.webui.keyword.builtin.ClickKeyword.clickUntilSuccessWithTimeout(ClickKeyword.groovy:81)
	at com.kms.katalon.core.webui.keyword.builtin.ClickKeyword.clickUntilSuccessWithTimeout(ClickKeyword.groovy)
	at com.kms.katalon.core.webui.keyword.builtin.ClickKeyword$_click_closure1.doCall(ClickKeyword.groovy:67)
	at com.kms.katalon.core.webui.keyword.builtin.ClickKeyword$_click_closure1.call(ClickKeyword.groovy)
	at com.kms.katalon.core.webui.keyword.internal.WebUIKeywordMain.runKeyword(WebUIKeywordMain.groovy:20)
	... 22 more]]></system-err>
      </testcase>
      <testcase name="Test Cases/I1/Create a event category type (event button)" time="73.854" classname="Test Cases/I1/Create a event category type (event button)" status="PASSED">
         <system-out><![CDATA[2022-01-14 10:37:30 - [TEST_CASE][PASSED] - Test Cases/I1/Create a event category type (event button): Test Cases/I1/Create a event category type (event button)

2022-01-14 10:37:30 - [TEST_STEP][PASSED] - openBrowser(""): Browser is opened with url: ''

2022-01-14 10:37:30 - [MESSAGE][WARNING] - A browser is already opened. Closing browser and opening a new one

2022-01-14 10:37:31 - [MESSAGE][INFO] - Starting 'Chrome' driver

2022-01-14 10:37:31 - [MESSAGE][INFO] - Action delay is set to 0 milliseconds

2022-01-14 10:37:32 - [MESSAGE][PASSED] - Browser is opened with url: ''

2022-01-14 10:37:32 - [TEST_STEP][PASSED] - navigateToUrl("http://localhost/"): Navigate to 'http://localhost/' successfully

2022-01-14 10:37:33 - [MESSAGE][PASSED] - Navigate to 'http://localhost/' successfully

2022-01-14 10:37:33 - [TEST_STEP][PASSED] - click(findTestObject("Object Repository/Page_L Tm Anh/a_Log in")): Object: 'Object Repository/Page_L Tm Anh/a_Log in' is clicked on

2022-01-14 10:37:33 - [MESSAGE][PASSED] - Object: 'Object Repository/Page_L Tm Anh/a_Log in' is clicked on

2022-01-14 10:37:33 - [TEST_STEP][PASSED] - setText(findTestObject("Object Repository/Page_L Tm Anh Log in to the site/input_Username_username"), "admin"): Text 'admin' is set on object 'Object Repository/Page_L Tm Anh Log in to the site/input_Username_username'

2022-01-14 10:37:34 - [MESSAGE][PASSED] - Text 'admin' is set on object 'Object Repository/Page_L Tm Anh Log in to the site/input_Username_username'

2022-01-14 10:37:34 - [TEST_STEP][PASSED] - setEncryptedText(findTestObject("Object Repository/Page_L Tm Anh Log in to the site/input_Password_password"), "eGmz8XUbrLe3vUQiiiujBg=="): Text ****** has been set on object 'Object Repository/Page_L Tm Anh Log in to the site/input_Password_password'

2022-01-14 10:37:35 - [MESSAGE][PASSED] - Text ****** has been set on object 'Object Repository/Page_L Tm Anh Log in to the site/input_Password_password'

2022-01-14 10:37:35 - [TEST_STEP][PASSED] - click(findTestObject("Object Repository/Page_L Tm Anh Log in to the site/button_Log in")): Object: 'Object Repository/Page_L Tm Anh Log in to the site/button_Log in' is clicked on

2022-01-14 10:37:36 - [MESSAGE][PASSED] - Object: 'Object Repository/Page_L Tm Anh Log in to the site/button_Log in' is clicked on

2022-01-14 10:37:36 - [TEST_STEP][PASSED] - click(findTestObject("Object Repository/Page_Dashboard/button_New event")): Object: 'Object Repository/Page_Dashboard/button_New event' is clicked on

2022-01-14 10:38:07 - [MESSAGE][INFO] - Unable to find the element located by 'By.xpath: //div[@id='calendar-month-61de1c2e471ee61de1c2e3471f2-1']/div/button'. Please recheck the objects properties to make sure the desired element is located. 

2022-01-14 10:38:07 - [MESSAGE][WARNING] - [SELF-HEALING] Failed to find element with id 'Object Repository/Page_Dashboard/button_New event'. Try using Self-healing.

2022-01-14 10:38:07 - [MESSAGE][WARNING] - [SELF-HEALING] The current locator of test object 'Object Repository/Page_Dashboard/button_New event' was broken. Propose an alternative one: '(.//*[normalize-space(text()) and normalize-space(.)='List of courses'])[1]/following::button[1]'.

2022-01-14 10:38:07 - [MESSAGE][PASSED] - Object: 'Object Repository/Page_Dashboard/button_New event' is clicked on

2022-01-14 10:38:07 - [TEST_STEP][PASSED] - setText(findTestObject("Object Repository/Page_Dashboard/input_Event title_name"), "10"): Text '10' is set on object 'Object Repository/Page_Dashboard/input_Event title_name'

2022-01-14 10:38:10 - [MESSAGE][PASSED] - Text '10' is set on object 'Object Repository/Page_Dashboard/input_Event title_name'

2022-01-14 10:38:10 - [TEST_STEP][PASSED] - selectOptionByValue(findTestObject("Object Repository/Page_Dashboard/select_User            Group            Cou_43b121"), "category", true): All options with value 'category' are selected in object 'Object Repository/Page_Dashboard/select_User            Group            Cou_43b121'  using regular expression

2022-01-14 10:38:11 - [MESSAGE][PASSED] - All options with value 'category' are selected in object 'Object Repository/Page_Dashboard/select_User            Group            Cou_43b121'  using regular expression

2022-01-14 10:38:11 - [TEST_STEP][PASSED] - click(findTestObject("Object Repository/Page_Dashboard/button_Save")): Object: 'Object Repository/Page_Dashboard/button_Save' is clicked on

2022-01-14 10:38:43 - [MESSAGE][INFO] - Unable to find the element located by 'By.xpath: //button[@id='yui_3_17_2_1_1641946158383_192']'. Please recheck the objects properties to make sure the desired element is located. 

2022-01-14 10:38:43 - [MESSAGE][WARNING] - [SELF-HEALING] Failed to find element with id 'Object Repository/Page_Dashboard/button_Save'. Try using Self-healing.

2022-01-14 10:38:43 - [MESSAGE][WARNING] - [SELF-HEALING] The current locator of test object 'Object Repository/Page_Dashboard/button_Save' was broken. Propose an alternative one: '(.//*[normalize-space(text()) and normalize-space(.)='Repeat weekly, creating altogether'])[1]/following::button[1]'.

2022-01-14 10:38:43 - [MESSAGE][PASSED] - Object: 'Object Repository/Page_Dashboard/button_Save' is clicked on

2022-01-14 10:38:43 - [TEST_STEP][PASSED] - closeBrowser(): Browser is closed

2022-01-14 10:38:44 - [MESSAGE][PASSED] - Browser is closed]]></system-out>
         <system-err><![CDATA[]]></system-err>
      </testcase>
      <testcase name="Test Cases/I1/Create a event course type (event button)" time="140.533" classname="Test Cases/I1/Create a event course type (event button)" status="PASSED">
         <system-out><![CDATA[2022-01-14 10:38:44 - [TEST_CASE][PASSED] - Test Cases/I1/Create a event course type (event button): Test Cases/I1/Create a event course type (event button)

2022-01-14 10:38:44 - [TEST_STEP][PASSED] - openBrowser(""): Browser is opened with url: ''

2022-01-14 10:38:44 - [MESSAGE][INFO] - Starting 'Chrome' driver

2022-01-14 10:38:44 - [MESSAGE][INFO] - Action delay is set to 0 milliseconds

2022-01-14 10:38:45 - [MESSAGE][PASSED] - Browser is opened with url: ''

2022-01-14 10:38:45 - [TEST_STEP][PASSED] - navigateToUrl("http://localhost/"): Navigate to 'http://localhost/' successfully

2022-01-14 10:38:46 - [MESSAGE][PASSED] - Navigate to 'http://localhost/' successfully

2022-01-14 10:38:46 - [TEST_STEP][PASSED] - click(findTestObject("Object Repository/Page_L Tm Anh/a_Log in")): Object: 'Object Repository/Page_L Tm Anh/a_Log in' is clicked on

2022-01-14 10:38:47 - [MESSAGE][PASSED] - Object: 'Object Repository/Page_L Tm Anh/a_Log in' is clicked on

2022-01-14 10:38:47 - [TEST_STEP][PASSED] - setText(findTestObject("Object Repository/Page_L Tm Anh Log in to the site/input_Username_username"), "admin"): Text 'admin' is set on object 'Object Repository/Page_L Tm Anh Log in to the site/input_Username_username'

2022-01-14 10:38:48 - [MESSAGE][PASSED] - Text 'admin' is set on object 'Object Repository/Page_L Tm Anh Log in to the site/input_Username_username'

2022-01-14 10:38:48 - [TEST_STEP][PASSED] - setEncryptedText(findTestObject("Object Repository/Page_L Tm Anh Log in to the site/input_Password_password"), "eGmz8XUbrLe3vUQiiiujBg=="): Text ****** has been set on object 'Object Repository/Page_L Tm Anh Log in to the site/input_Password_password'

2022-01-14 10:38:48 - [MESSAGE][PASSED] - Text ****** has been set on object 'Object Repository/Page_L Tm Anh Log in to the site/input_Password_password'

2022-01-14 10:38:48 - [TEST_STEP][PASSED] - click(findTestObject("Object Repository/Page_L Tm Anh Log in to the site/button_Log in")): Object: 'Object Repository/Page_L Tm Anh Log in to the site/button_Log in' is clicked on

2022-01-14 10:38:50 - [MESSAGE][PASSED] - Object: 'Object Repository/Page_L Tm Anh Log in to the site/button_Log in' is clicked on

2022-01-14 10:38:50 - [TEST_STEP][PASSED] - click(findTestObject("Object Repository/Page_Dashboard/button_New event")): Object: 'Object Repository/Page_Dashboard/button_New event' is clicked on

2022-01-14 10:39:21 - [MESSAGE][INFO] - Unable to find the element located by 'By.xpath: //div[@id='calendar-month-61de1c2e471ee61de1c2e3471f2-1']/div/button'. Please recheck the objects properties to make sure the desired element is located. 

2022-01-14 10:39:21 - [MESSAGE][WARNING] - [SELF-HEALING] Failed to find element with id 'Object Repository/Page_Dashboard/button_New event'. Try using Self-healing.

2022-01-14 10:39:21 - [MESSAGE][WARNING] - [SELF-HEALING] The current locator of test object 'Object Repository/Page_Dashboard/button_New event' was broken. Propose an alternative one: '(.//*[normalize-space(text()) and normalize-space(.)='List of courses'])[1]/following::button[1]'.

2022-01-14 10:39:21 - [MESSAGE][PASSED] - Object: 'Object Repository/Page_Dashboard/button_New event' is clicked on

2022-01-14 10:39:21 - [TEST_STEP][PASSED] - setText(findTestObject("Object Repository/Page_Dashboard/input_Event title_name"), "10"): Text '10' is set on object 'Object Repository/Page_Dashboard/input_Event title_name'

2022-01-14 10:39:24 - [MESSAGE][PASSED] - Text '10' is set on object 'Object Repository/Page_Dashboard/input_Event title_name'

2022-01-14 10:39:24 - [TEST_STEP][PASSED] - selectOptionByValue(findTestObject("Object Repository/Page_Dashboard/select_January        February        March_78ea2e"), "12", true): All options with value '12' are selected in object 'Object Repository/Page_Dashboard/select_January        February        March_78ea2e'  using regular expression

2022-01-14 10:39:26 - [MESSAGE][PASSED] - All options with value '12' are selected in object 'Object Repository/Page_Dashboard/select_January        February        March_78ea2e'  using regular expression

2022-01-14 10:39:26 - [TEST_STEP][PASSED] - selectOptionByValue(findTestObject("Object Repository/Page_Dashboard/select_User            Group            Cou_43b121"), "course", true): All options with value 'course' are selected in object 'Object Repository/Page_Dashboard/select_User            Group            Cou_43b121'  using regular expression

2022-01-14 10:39:27 - [MESSAGE][PASSED] - All options with value 'course' are selected in object 'Object Repository/Page_Dashboard/select_User            Group            Cou_43b121'  using regular expression

2022-01-14 10:39:27 - [TEST_STEP][PASSED] - click(findTestObject("Object Repository/Page_Dashboard/span_")): Object: 'Object Repository/Page_Dashboard/span_' is clicked on

2022-01-14 10:39:59 - [MESSAGE][INFO] - Unable to find the element located by 'By.xpath: //span[@id='form_autocomplete_downarrow-1641946162631']'. Please recheck the objects properties to make sure the desired element is located. 

2022-01-14 10:39:59 - [MESSAGE][WARNING] - [SELF-HEALING] Failed to find element with id 'Object Repository/Page_Dashboard/span_'. Try using Self-healing.

2022-01-14 10:39:59 - [MESSAGE][WARNING] - [SELF-HEALING] The current locator of test object 'Object Repository/Page_Dashboard/span_' was broken. Propose an alternative one: '(.//*[normalize-space(text()) and normalize-space(.)='No selection'])[1]/following::span[1]'.

2022-01-14 10:39:59 - [MESSAGE][PASSED] - Object: 'Object Repository/Page_Dashboard/span_' is clicked on

2022-01-14 10:39:59 - [TEST_STEP][PASSED] - click(findTestObject("Object Repository/Page_Dashboard/li_8")): Object: 'Object Repository/Page_Dashboard/li_8' is clicked on

2022-01-14 10:40:30 - [MESSAGE][INFO] - Unable to find the element located by 'By.xpath: //li[@id='form_autocomplete_suggestions-1641946162631-0']'. Please recheck the objects properties to make sure the desired element is located. 

2022-01-14 10:40:30 - [MESSAGE][WARNING] - [SELF-HEALING] Failed to find element with id 'Object Repository/Page_Dashboard/li_8'. Try using Self-healing.

2022-01-14 10:40:31 - [MESSAGE][WARNING] - [SELF-HEALING] The current locator of test object 'Object Repository/Page_Dashboard/li_8' was broken. Propose an alternative one: '(.//*[normalize-space(text()) and normalize-space(.)='▼'])[2]/following::li[1]'.

2022-01-14 10:40:31 - [MESSAGE][PASSED] - Object: 'Object Repository/Page_Dashboard/li_8' is clicked on

2022-01-14 10:40:31 - [TEST_STEP][PASSED] - selectOptionByValue(findTestObject("Object Repository/Page_Dashboard/select_86754312"), "9", true): All options with value '9' are selected in object 'Object Repository/Page_Dashboard/select_86754312'  using regular expression

2022-01-14 10:40:32 - [MESSAGE][PASSED] - All options with value '9' are selected in object 'Object Repository/Page_Dashboard/select_86754312'  using regular expression

2022-01-14 10:40:32 - [TEST_STEP][PASSED] - click(findTestObject("Object Repository/Page_Dashboard/button_Save")): Object: 'Object Repository/Page_Dashboard/button_Save' is clicked on

2022-01-14 10:41:03 - [MESSAGE][INFO] - Unable to find the element located by 'By.xpath: //button[@id='yui_3_17_2_1_1641946158383_192']'. Please recheck the objects properties to make sure the desired element is located. 

2022-01-14 10:41:03 - [MESSAGE][WARNING] - [SELF-HEALING] Failed to find element with id 'Object Repository/Page_Dashboard/button_Save'. Try using Self-healing.

2022-01-14 10:41:04 - [MESSAGE][WARNING] - [SELF-HEALING] The current locator of test object 'Object Repository/Page_Dashboard/button_Save' was broken. Propose an alternative one: '(.//*[normalize-space(text()) and normalize-space(.)='Repeat weekly, creating altogether'])[1]/following::button[1]'.

2022-01-14 10:41:04 - [MESSAGE][PASSED] - Object: 'Object Repository/Page_Dashboard/button_Save' is clicked on

2022-01-14 10:41:04 - [TEST_STEP][PASSED] - closeBrowser(): Browser is closed

2022-01-14 10:41:04 - [MESSAGE][PASSED] - Browser is closed]]></system-out>
         <system-err><![CDATA[]]></system-err>
      </testcase>
      <testcase name="Test Cases/I1/Create a event site type (event button)" time="74.789" classname="Test Cases/I1/Create a event site type (event button)" status="PASSED">
         <system-out><![CDATA[2022-01-14 10:41:04 - [TEST_CASE][PASSED] - Test Cases/I1/Create a event site type (event button): Test Cases/I1/Create a event site type (event button)

2022-01-14 10:41:05 - [TEST_STEP][PASSED] - openBrowser(""): Browser is opened with url: ''

2022-01-14 10:41:05 - [MESSAGE][INFO] - Starting 'Chrome' driver

2022-01-14 10:41:05 - [MESSAGE][INFO] - Action delay is set to 0 milliseconds

2022-01-14 10:41:06 - [MESSAGE][PASSED] - Browser is opened with url: ''

2022-01-14 10:41:06 - [TEST_STEP][PASSED] - navigateToUrl("http://localhost/"): Navigate to 'http://localhost/' successfully

2022-01-14 10:41:07 - [MESSAGE][PASSED] - Navigate to 'http://localhost/' successfully

2022-01-14 10:41:07 - [TEST_STEP][PASSED] - click(findTestObject("Object Repository/Page_L Tm Anh/a_Log in")): Object: 'Object Repository/Page_L Tm Anh/a_Log in' is clicked on

2022-01-14 10:41:07 - [MESSAGE][PASSED] - Object: 'Object Repository/Page_L Tm Anh/a_Log in' is clicked on

2022-01-14 10:41:07 - [TEST_STEP][PASSED] - setText(findTestObject("Object Repository/Page_L Tm Anh Log in to the site/input_Username_username"), "admin"): Text 'admin' is set on object 'Object Repository/Page_L Tm Anh Log in to the site/input_Username_username'

2022-01-14 10:41:08 - [MESSAGE][PASSED] - Text 'admin' is set on object 'Object Repository/Page_L Tm Anh Log in to the site/input_Username_username'

2022-01-14 10:41:08 - [TEST_STEP][PASSED] - setEncryptedText(findTestObject("Object Repository/Page_L Tm Anh Log in to the site/input_Password_password"), "eGmz8XUbrLe3vUQiiiujBg=="): Text ****** has been set on object 'Object Repository/Page_L Tm Anh Log in to the site/input_Password_password'

2022-01-14 10:41:09 - [MESSAGE][PASSED] - Text ****** has been set on object 'Object Repository/Page_L Tm Anh Log in to the site/input_Password_password'

2022-01-14 10:41:09 - [TEST_STEP][PASSED] - click(findTestObject("Object Repository/Page_L Tm Anh Log in to the site/button_Log in")): Object: 'Object Repository/Page_L Tm Anh Log in to the site/button_Log in' is clicked on

2022-01-14 10:41:10 - [MESSAGE][PASSED] - Object: 'Object Repository/Page_L Tm Anh Log in to the site/button_Log in' is clicked on

2022-01-14 10:41:10 - [TEST_STEP][PASSED] - click(findTestObject("Object Repository/Page_Dashboard/button_New event")): Object: 'Object Repository/Page_Dashboard/button_New event' is clicked on

2022-01-14 10:41:41 - [MESSAGE][INFO] - Unable to find the element located by 'By.xpath: //div[@id='calendar-month-61de1c2e471ee61de1c2e3471f2-1']/div/button'. Please recheck the objects properties to make sure the desired element is located. 

2022-01-14 10:41:41 - [MESSAGE][WARNING] - [SELF-HEALING] Failed to find element with id 'Object Repository/Page_Dashboard/button_New event'. Try using Self-healing.

2022-01-14 10:41:41 - [MESSAGE][WARNING] - [SELF-HEALING] The current locator of test object 'Object Repository/Page_Dashboard/button_New event' was broken. Propose an alternative one: '(.//*[normalize-space(text()) and normalize-space(.)='List of courses'])[1]/following::button[1]'.

2022-01-14 10:41:41 - [MESSAGE][PASSED] - Object: 'Object Repository/Page_Dashboard/button_New event' is clicked on

2022-01-14 10:41:41 - [TEST_STEP][PASSED] - setText(findTestObject("Object Repository/Page_Dashboard/input_Event title_name"), "5"): Text '5' is set on object 'Object Repository/Page_Dashboard/input_Event title_name'

2022-01-14 10:41:44 - [MESSAGE][PASSED] - Text '5' is set on object 'Object Repository/Page_Dashboard/input_Event title_name'

2022-01-14 10:41:44 - [TEST_STEP][PASSED] - selectOptionByValue(findTestObject("Object Repository/Page_Dashboard/select_1        2        3        4        _45ea30"), "6", true): All options with value '6' are selected in object 'Object Repository/Page_Dashboard/select_1        2        3        4        _45ea30'  using regular expression

2022-01-14 10:41:46 - [MESSAGE][PASSED] - All options with value '6' are selected in object 'Object Repository/Page_Dashboard/select_1        2        3        4        _45ea30'  using regular expression

2022-01-14 10:41:46 - [TEST_STEP][PASSED] - selectOptionByValue(findTestObject("Object Repository/Page_Dashboard/select_User            Course            Ca_edc569"), "site", true): All options with value 'site' are selected in object 'Object Repository/Page_Dashboard/select_User            Course            Ca_edc569'  using regular expression

2022-01-14 10:41:47 - [MESSAGE][PASSED] - All options with value 'site' are selected in object 'Object Repository/Page_Dashboard/select_User            Course            Ca_edc569'  using regular expression

2022-01-14 10:41:47 - [TEST_STEP][PASSED] - click(findTestObject("Object Repository/Page_Dashboard/button_Save")): Object: 'Object Repository/Page_Dashboard/button_Save' is clicked on

2022-01-14 10:42:18 - [MESSAGE][INFO] - Unable to find the element located by 'By.xpath: //button[@id='yui_3_17_2_1_1641946158383_192']'. Please recheck the objects properties to make sure the desired element is located. 

2022-01-14 10:42:18 - [MESSAGE][WARNING] - [SELF-HEALING] Failed to find element with id 'Object Repository/Page_Dashboard/button_Save'. Try using Self-healing.

2022-01-14 10:42:18 - [MESSAGE][WARNING] - [SELF-HEALING] The current locator of test object 'Object Repository/Page_Dashboard/button_Save' was broken. Propose an alternative one: '(.//*[normalize-space(text()) and normalize-space(.)='Repeat weekly, creating altogether'])[1]/following::button[1]'.

2022-01-14 10:42:18 - [MESSAGE][PASSED] - Object: 'Object Repository/Page_Dashboard/button_Save' is clicked on

2022-01-14 10:42:18 - [TEST_STEP][PASSED] - closeBrowser(): Browser is closed

2022-01-14 10:42:19 - [MESSAGE][PASSED] - Browser is closed]]></system-out>
         <system-err><![CDATA[]]></system-err>
      </testcase>
      <testcase name="Test Cases/I1/Create a event user type (event button)" time="74.86" classname="Test Cases/I1/Create a event user type (event button)" status="PASSED">
         <system-out><![CDATA[2022-01-14 10:42:19 - [TEST_CASE][PASSED] - Test Cases/I1/Create a event user type (event button): Test Cases/I1/Create a event user type (event button)

2022-01-14 10:42:19 - [TEST_STEP][PASSED] - openBrowser(""): Browser is opened with url: ''

2022-01-14 10:42:19 - [MESSAGE][INFO] - Starting 'Chrome' driver

2022-01-14 10:42:19 - [MESSAGE][INFO] - Action delay is set to 0 milliseconds

2022-01-14 10:42:21 - [MESSAGE][PASSED] - Browser is opened with url: ''

2022-01-14 10:42:21 - [TEST_STEP][PASSED] - navigateToUrl("http://localhost/"): Navigate to 'http://localhost/' successfully

2022-01-14 10:42:22 - [MESSAGE][PASSED] - Navigate to 'http://localhost/' successfully

2022-01-14 10:42:22 - [TEST_STEP][PASSED] - click(findTestObject("Object Repository/Page_L Tm Anh/a_Log in")): Object: 'Object Repository/Page_L Tm Anh/a_Log in' is clicked on

2022-01-14 10:42:22 - [MESSAGE][PASSED] - Object: 'Object Repository/Page_L Tm Anh/a_Log in' is clicked on

2022-01-14 10:42:22 - [TEST_STEP][PASSED] - setText(findTestObject("Object Repository/Page_L Tm Anh Log in to the site/input_Username_username"), "admin"): Text 'admin' is set on object 'Object Repository/Page_L Tm Anh Log in to the site/input_Username_username'

2022-01-14 10:42:23 - [MESSAGE][PASSED] - Text 'admin' is set on object 'Object Repository/Page_L Tm Anh Log in to the site/input_Username_username'

2022-01-14 10:42:23 - [TEST_STEP][PASSED] - setEncryptedText(findTestObject("Object Repository/Page_L Tm Anh Log in to the site/input_Password_password"), "eGmz8XUbrLe3vUQiiiujBg=="): Text ****** has been set on object 'Object Repository/Page_L Tm Anh Log in to the site/input_Password_password'

2022-01-14 10:42:24 - [MESSAGE][PASSED] - Text ****** has been set on object 'Object Repository/Page_L Tm Anh Log in to the site/input_Password_password'

2022-01-14 10:42:24 - [TEST_STEP][PASSED] - click(findTestObject("Object Repository/Page_L Tm Anh Log in to the site/button_Log in")): Object: 'Object Repository/Page_L Tm Anh Log in to the site/button_Log in' is clicked on

2022-01-14 10:42:25 - [MESSAGE][PASSED] - Object: 'Object Repository/Page_L Tm Anh Log in to the site/button_Log in' is clicked on

2022-01-14 10:42:25 - [TEST_STEP][PASSED] - click(findTestObject("Object Repository/Page_Dashboard/button_New event")): Object: 'Object Repository/Page_Dashboard/button_New event' is clicked on

2022-01-14 10:42:57 - [MESSAGE][INFO] - Unable to find the element located by 'By.xpath: //div[@id='calendar-month-61de1c2e471ee61de1c2e3471f2-1']/div/button'. Please recheck the objects properties to make sure the desired element is located. 

2022-01-14 10:42:57 - [MESSAGE][WARNING] - [SELF-HEALING] Failed to find element with id 'Object Repository/Page_Dashboard/button_New event'. Try using Self-healing.

2022-01-14 10:42:57 - [MESSAGE][WARNING] - [SELF-HEALING] The current locator of test object 'Object Repository/Page_Dashboard/button_New event' was broken. Propose an alternative one: '(.//*[normalize-space(text()) and normalize-space(.)='List of courses'])[1]/following::button[1]'.

2022-01-14 10:42:57 - [MESSAGE][PASSED] - Object: 'Object Repository/Page_Dashboard/button_New event' is clicked on

2022-01-14 10:42:57 - [TEST_STEP][PASSED] - selectOptionByValue(findTestObject("Object Repository/Page_Dashboard/select_1        2        3        4        _45ea30"), "6", true): All options with value '6' are selected in object 'Object Repository/Page_Dashboard/select_1        2        3        4        _45ea30'  using regular expression

2022-01-14 10:43:01 - [MESSAGE][PASSED] - All options with value '6' are selected in object 'Object Repository/Page_Dashboard/select_1        2        3        4        _45ea30'  using regular expression

2022-01-14 10:43:01 - [TEST_STEP][PASSED] - setText(findTestObject("Object Repository/Page_Dashboard/input_Event title_name"), "Anhle"): Text 'Anhle' is set on object 'Object Repository/Page_Dashboard/input_Event title_name'

2022-01-14 10:43:02 - [MESSAGE][PASSED] - Text 'Anhle' is set on object 'Object Repository/Page_Dashboard/input_Event title_name'

2022-01-14 10:43:02 - [TEST_STEP][PASSED] - click(findTestObject("Object Repository/Page_Dashboard/button_Save")): Object: 'Object Repository/Page_Dashboard/button_Save' is clicked on

2022-01-14 10:43:33 - [MESSAGE][INFO] - Unable to find the element located by 'By.xpath: //button[@id='yui_3_17_2_1_1641946158383_192']'. Please recheck the objects properties to make sure the desired element is located. 

2022-01-14 10:43:33 - [MESSAGE][WARNING] - [SELF-HEALING] Failed to find element with id 'Object Repository/Page_Dashboard/button_Save'. Try using Self-healing.

2022-01-14 10:43:33 - [MESSAGE][WARNING] - [SELF-HEALING] The current locator of test object 'Object Repository/Page_Dashboard/button_Save' was broken. Propose an alternative one: '(.//*[normalize-space(text()) and normalize-space(.)='Repeat weekly, creating altogether'])[1]/following::button[1]'.

2022-01-14 10:43:33 - [MESSAGE][PASSED] - Object: 'Object Repository/Page_Dashboard/button_Save' is clicked on

2022-01-14 10:43:33 - [TEST_STEP][PASSED] - closeBrowser(): Browser is closed

2022-01-14 10:43:34 - [MESSAGE][PASSED] - Browser is closed]]></system-out>
         <system-err><![CDATA[]]></system-err>
      </testcase>
      <testcase name="Test Cases/I1/Add discussion topic" time="78.756" classname="Test Cases/I1/Add discussion topic" status="PASSED">
         <system-out><![CDATA[2022-01-14 10:43:34 - [TEST_CASE][PASSED] - Test Cases/I1/Add discussion topic: Test Cases/I1/Add discussion topic

2022-01-14 10:43:34 - [TEST_STEP][PASSED] - openBrowser(""): Browser is opened with url: ''

2022-01-14 10:43:34 - [MESSAGE][INFO] - Starting 'Chrome' driver

2022-01-14 10:43:34 - [MESSAGE][INFO] - Action delay is set to 0 milliseconds

2022-01-14 10:43:35 - [MESSAGE][PASSED] - Browser is opened with url: ''

2022-01-14 10:43:35 - [TEST_STEP][PASSED] - navigateToUrl("http://localhost/"): Navigate to 'http://localhost/' successfully

2022-01-14 10:43:36 - [MESSAGE][PASSED] - Navigate to 'http://localhost/' successfully

2022-01-14 10:43:36 - [TEST_STEP][PASSED] - click(findTestObject("Object Repository/Page_L Tm Anh/a_Log in")): Object: 'Object Repository/Page_L Tm Anh/a_Log in' is clicked on

2022-01-14 10:43:37 - [MESSAGE][PASSED] - Object: 'Object Repository/Page_L Tm Anh/a_Log in' is clicked on

2022-01-14 10:43:37 - [TEST_STEP][PASSED] - setText(findTestObject("Object Repository/Page_L Tm Anh Log in to the site/input_Username_username"), "admin"): Text 'admin' is set on object 'Object Repository/Page_L Tm Anh Log in to the site/input_Username_username'

2022-01-14 10:43:38 - [MESSAGE][PASSED] - Text 'admin' is set on object 'Object Repository/Page_L Tm Anh Log in to the site/input_Username_username'

2022-01-14 10:43:38 - [TEST_STEP][PASSED] - setEncryptedText(findTestObject("Object Repository/Page_L Tm Anh Log in to the site/input_Password_password"), "eGmz8XUbrLe3vUQiiiujBg=="): Text ****** has been set on object 'Object Repository/Page_L Tm Anh Log in to the site/input_Password_password'

2022-01-14 10:43:38 - [MESSAGE][PASSED] - Text ****** has been set on object 'Object Repository/Page_L Tm Anh Log in to the site/input_Password_password'

2022-01-14 10:43:38 - [TEST_STEP][PASSED] - click(findTestObject("Object Repository/Page_L Tm Anh Log in to the site/button_Log in")): Object: 'Object Repository/Page_L Tm Anh Log in to the site/button_Log in' is clicked on

2022-01-14 10:43:40 - [MESSAGE][PASSED] - Object: 'Object Repository/Page_L Tm Anh Log in to the site/button_Log in' is clicked on

2022-01-14 10:43:40 - [TEST_STEP][PASSED] - click(findTestObject("Object Repository/Page_Dashboard/a_My courses")): Object: 'Object Repository/Page_Dashboard/a_My courses' is clicked on

2022-01-14 10:44:11 - [MESSAGE][INFO] - Unable to find the element located by 'By.xpath: //ul[@id='moremenu-61e0e36aac914-navbar-nav']/li[3]/a'. Please recheck the objects properties to make sure the desired element is located. 

2022-01-14 10:44:11 - [MESSAGE][WARNING] - [SELF-HEALING] Failed to find element with id 'Object Repository/Page_Dashboard/a_My courses'. Try using Self-healing.

2022-01-14 10:44:11 - [MESSAGE][WARNING] - [SELF-HEALING] The current locator of test object 'Object Repository/Page_Dashboard/a_My courses' was broken. Propose an alternative one: '//a[contains(text(),'My courses')]'.

2022-01-14 10:44:12 - [MESSAGE][PASSED] - Object: 'Object Repository/Page_Dashboard/a_My courses' is clicked on

2022-01-14 10:44:12 - [TEST_STEP][PASSED] - click(findTestObject("Object Repository/Page_My courses/div_Course image")): Object: 'Object Repository/Page_My courses/div_Course image' is clicked on

2022-01-14 10:44:14 - [MESSAGE][PASSED] - Object: 'Object Repository/Page_My courses/div_Course image' is clicked on

2022-01-14 10:44:14 - [TEST_STEP][PASSED] - click(findTestObject("Object Repository/Page_Course 1/a_Announcements  Forum")): Object: 'Object Repository/Page_Course 1/a_Announcements  Forum' is clicked on

2022-01-14 10:44:17 - [MESSAGE][PASSED] - Object: 'Object Repository/Page_Course 1/a_Announcements  Forum' is clicked on

2022-01-14 10:44:17 - [TEST_STEP][PASSED] - click(findTestObject("Object Repository/Page_Announcements/a_Add discussion topic")): Object: 'Object Repository/Page_Announcements/a_Add discussion topic' is clicked on

2022-01-14 10:44:48 - [MESSAGE][INFO] - Unable to find the element located by 'By.xpath: //a[@id='yui_3_17_2_1_1641384514071_523']'. Please recheck the objects properties to make sure the desired element is located. 

2022-01-14 10:44:48 - [MESSAGE][WARNING] - [SELF-HEALING] Failed to find element with id 'Object Repository/Page_Announcements/a_Add discussion topic'. Try using Self-healing.

2022-01-14 10:44:49 - [MESSAGE][WARNING] - [SELF-HEALING] The current locator of test object 'Object Repository/Page_Announcements/a_Add discussion topic' was broken. Propose an alternative one: '(.//*[normalize-space(text()) and normalize-space(.)='Search forums'])[2]/following::a[1]'.

2022-01-14 10:44:49 - [MESSAGE][PASSED] - Object: 'Object Repository/Page_Announcements/a_Add discussion topic' is clicked on

2022-01-14 10:44:49 - [TEST_STEP][PASSED] - setText(findTestObject("Object Repository/Page_Announcements/input_Subject_subject"), "1"): Text '1' is set on object 'Object Repository/Page_Announcements/input_Subject_subject'

2022-01-14 10:44:49 - [MESSAGE][PASSED] - Text '1' is set on object 'Object Repository/Page_Announcements/input_Subject_subject'

2022-01-14 10:44:49 - [TEST_STEP][PASSED] - setText(findTestObject("Object Repository/Page_Announcements/div_1"), "<p dir="ltr" style="text-align: left;">1</p>"): Text '<p dir="ltr" style="text-align: left;">1</p>' is set on object 'Object Repository/Page_Announcements/div_1'

2022-01-14 10:44:51 - [MESSAGE][PASSED] - Text '<p dir="ltr" style="text-align: left;">1</p>' is set on object 'Object Repository/Page_Announcements/div_1'

2022-01-14 10:44:51 - [TEST_STEP][PASSED] - click(findTestObject("Object Repository/Page_Announcements/input_Rich text editor_submitbutton")): Object: 'Object Repository/Page_Announcements/input_Rich text editor_submitbutton' is clicked on

2022-01-14 10:44:52 - [MESSAGE][PASSED] - Object: 'Object Repository/Page_Announcements/input_Rich text editor_submitbutton' is clicked on

2022-01-14 10:44:52 - [TEST_STEP][PASSED] - closeBrowser(): Browser is closed

2022-01-14 10:44:53 - [MESSAGE][PASSED] - Browser is closed]]></system-out>
         <system-err><![CDATA[]]></system-err>
      </testcase>
      <testcase name="Test Cases/I2/View my profile" time="8.528" classname="Test Cases/I2/View my profile" status="PASSED">
         <system-out><![CDATA[2022-01-14 10:44:53 - [TEST_CASE][PASSED] - Test Cases/I2/View my profile: Test Cases/I2/View my profile

2022-01-14 10:44:53 - [TEST_STEP][PASSED] - openBrowser(""): Browser is opened with url: ''

2022-01-14 10:44:53 - [MESSAGE][INFO] - Starting 'Chrome' driver

2022-01-14 10:44:53 - [MESSAGE][INFO] - Action delay is set to 0 milliseconds

2022-01-14 10:44:54 - [MESSAGE][PASSED] - Browser is opened with url: ''

2022-01-14 10:44:54 - [TEST_STEP][PASSED] - navigateToUrl("http://localhost/"): Navigate to 'http://localhost/' successfully

2022-01-14 10:44:55 - [MESSAGE][PASSED] - Navigate to 'http://localhost/' successfully

2022-01-14 10:44:55 - [TEST_STEP][PASSED] - click(findTestObject("Object Repository/Page_L Tm Anh/a_Log in")): Object: 'Object Repository/Page_L Tm Anh/a_Log in' is clicked on

2022-01-14 10:44:56 - [MESSAGE][PASSED] - Object: 'Object Repository/Page_L Tm Anh/a_Log in' is clicked on

2022-01-14 10:44:56 - [TEST_STEP][PASSED] - setText(findTestObject("Object Repository/Page_L Tm Anh Log in to the site/input_Username_username"), "admin"): Text 'admin' is set on object 'Object Repository/Page_L Tm Anh Log in to the site/input_Username_username'

2022-01-14 10:44:56 - [MESSAGE][PASSED] - Text 'admin' is set on object 'Object Repository/Page_L Tm Anh Log in to the site/input_Username_username'

2022-01-14 10:44:56 - [TEST_STEP][PASSED] - setEncryptedText(findTestObject("Object Repository/Page_L Tm Anh Log in to the site/input_Password_password"), "eGmz8XUbrLe3vUQiiiujBg=="): Text ****** has been set on object 'Object Repository/Page_L Tm Anh Log in to the site/input_Password_password'

2022-01-14 10:44:57 - [MESSAGE][PASSED] - Text ****** has been set on object 'Object Repository/Page_L Tm Anh Log in to the site/input_Password_password'

2022-01-14 10:44:57 - [TEST_STEP][PASSED] - click(findTestObject("Object Repository/Page_L Tm Anh Log in to the site/button_Log in")): Object: 'Object Repository/Page_L Tm Anh Log in to the site/button_Log in' is clicked on

2022-01-14 10:44:58 - [MESSAGE][PASSED] - Object: 'Object Repository/Page_L Tm Anh Log in to the site/button_Log in' is clicked on

2022-01-14 10:44:58 - [TEST_STEP][PASSED] - click(findTestObject("Object Repository/Page_Dashboard/a_AU")): Object: 'Object Repository/Page_Dashboard/a_AU' is clicked on

2022-01-14 10:44:59 - [MESSAGE][PASSED] - Object: 'Object Repository/Page_Dashboard/a_AU' is clicked on

2022-01-14 10:44:59 - [TEST_STEP][PASSED] - click(findTestObject("Object Repository/Page_Dashboard/a_Profile")): Object: 'Object Repository/Page_Dashboard/a_Profile' is clicked on

2022-01-14 10:45:00 - [MESSAGE][PASSED] - Object: 'Object Repository/Page_Dashboard/a_Profile' is clicked on

2022-01-14 10:45:00 - [TEST_STEP][PASSED] - closeBrowser(): Browser is closed

2022-01-14 10:45:01 - [MESSAGE][PASSED] - Browser is closed]]></system-out>
         <system-err><![CDATA[]]></system-err>
      </testcase>
      <testcase name="Test Cases/I2/Edit my profile" time="11.377" classname="Test Cases/I2/Edit my profile" status="PASSED">
         <system-out><![CDATA[2022-01-14 10:45:01 - [TEST_CASE][PASSED] - Test Cases/I2/Edit my profile: Test Cases/I2/Edit my profile

2022-01-14 10:45:02 - [TEST_STEP][PASSED] - openBrowser(""): Browser is opened with url: ''

2022-01-14 10:45:02 - [MESSAGE][INFO] - Starting 'Chrome' driver

2022-01-14 10:45:02 - [MESSAGE][INFO] - Action delay is set to 0 milliseconds

2022-01-14 10:45:03 - [MESSAGE][PASSED] - Browser is opened with url: ''

2022-01-14 10:45:03 - [TEST_STEP][PASSED] - navigateToUrl("http://localhost/"): Navigate to 'http://localhost/' successfully

2022-01-14 10:45:03 - [MESSAGE][PASSED] - Navigate to 'http://localhost/' successfully

2022-01-14 10:45:03 - [TEST_STEP][PASSED] - click(findTestObject("Object Repository/Page_L Tm Anh/a_Log in")): Object: 'Object Repository/Page_L Tm Anh/a_Log in' is clicked on

2022-01-14 10:45:04 - [MESSAGE][PASSED] - Object: 'Object Repository/Page_L Tm Anh/a_Log in' is clicked on

2022-01-14 10:45:04 - [TEST_STEP][PASSED] - setText(findTestObject("Object Repository/Page_L Tm Anh Log in to the site/input_Username_username"), "admin"): Text 'admin' is set on object 'Object Repository/Page_L Tm Anh Log in to the site/input_Username_username'

2022-01-14 10:45:05 - [MESSAGE][PASSED] - Text 'admin' is set on object 'Object Repository/Page_L Tm Anh Log in to the site/input_Username_username'

2022-01-14 10:45:05 - [TEST_STEP][PASSED] - setEncryptedText(findTestObject("Object Repository/Page_L Tm Anh Log in to the site/input_Password_password"), "eGmz8XUbrLe3vUQiiiujBg=="): Text ****** has been set on object 'Object Repository/Page_L Tm Anh Log in to the site/input_Password_password'

2022-01-14 10:45:05 - [MESSAGE][PASSED] - Text ****** has been set on object 'Object Repository/Page_L Tm Anh Log in to the site/input_Password_password'

2022-01-14 10:45:05 - [TEST_STEP][PASSED] - click(findTestObject("Object Repository/Page_L Tm Anh Log in to the site/button_Log in")): Object: 'Object Repository/Page_L Tm Anh Log in to the site/button_Log in' is clicked on

2022-01-14 10:45:06 - [MESSAGE][PASSED] - Object: 'Object Repository/Page_L Tm Anh Log in to the site/button_Log in' is clicked on

2022-01-14 10:45:06 - [TEST_STEP][PASSED] - click(findTestObject("Object Repository/Page_Dashboard/a_AU")): Object: 'Object Repository/Page_Dashboard/a_AU' is clicked on

2022-01-14 10:45:07 - [MESSAGE][PASSED] - Object: 'Object Repository/Page_Dashboard/a_AU' is clicked on

2022-01-14 10:45:07 - [TEST_STEP][PASSED] - click(findTestObject("Object Repository/Page_Dashboard/a_Profile")): Object: 'Object Repository/Page_Dashboard/a_Profile' is clicked on

2022-01-14 10:45:08 - [MESSAGE][PASSED] - Object: 'Object Repository/Page_Dashboard/a_Profile' is clicked on

2022-01-14 10:45:08 - [TEST_STEP][PASSED] - click(findTestObject("Object Repository/Page_Admin User Public profile/a_Edit profile")): Object: 'Object Repository/Page_Admin User Public profile/a_Edit profile' is clicked on

2022-01-14 10:45:10 - [MESSAGE][PASSED] - Object: 'Object Repository/Page_Admin User Public profile/a_Edit profile' is clicked on

2022-01-14 10:45:10 - [TEST_STEP][PASSED] - scrollToElement(findTestObject("Object Repository/Page_Anh Lee Edit profile/input_Address_submitbutton"), 0): Scroll to object 'Object Repository/Page_Anh Lee Edit profile/input_Address_submitbutton' successfully

2022-01-14 10:45:10 - [MESSAGE][WARNING] - Timeout '0' is invalid. Using default page load timeout: '30'

2022-01-14 10:45:11 - [MESSAGE][PASSED] - Scroll to object 'Object Repository/Page_Anh Lee Edit profile/input_Address_submitbutton' successfully

2022-01-14 10:45:11 - [TEST_STEP][PASSED] - click(findTestObject("Object Repository/Page_Anh Lee Edit profile/input_Address_submitbutton")): Object: 'Object Repository/Page_Anh Lee Edit profile/input_Address_submitbutton' is clicked on

2022-01-14 10:45:12 - [MESSAGE][PASSED] - Object: 'Object Repository/Page_Anh Lee Edit profile/input_Address_submitbutton' is clicked on

2022-01-14 10:45:12 - [TEST_STEP][PASSED] - closeBrowser(): Browser is closed

2022-01-14 10:45:13 - [MESSAGE][PASSED] - Browser is closed]]></system-out>
         <system-err><![CDATA[]]></system-err>
      </testcase>
      <testcase name="Test Cases/I2/See all notifications" time="38.871" classname="Test Cases/I2/See all notifications" status="PASSED">
         <system-out><![CDATA[2022-01-14 10:45:13 - [TEST_CASE][PASSED] - Test Cases/I2/See all notifications: Test Cases/I2/See all notifications

2022-01-14 10:45:13 - [TEST_STEP][PASSED] - openBrowser(""): Browser is opened with url: ''

2022-01-14 10:45:13 - [MESSAGE][INFO] - Starting 'Chrome' driver

2022-01-14 10:45:13 - [MESSAGE][INFO] - Action delay is set to 0 milliseconds

2022-01-14 10:45:14 - [MESSAGE][PASSED] - Browser is opened with url: ''

2022-01-14 10:45:14 - [TEST_STEP][PASSED] - navigateToUrl("http://localhost/"): Navigate to 'http://localhost/' successfully

2022-01-14 10:45:15 - [MESSAGE][PASSED] - Navigate to 'http://localhost/' successfully

2022-01-14 10:45:15 - [TEST_STEP][PASSED] - click(findTestObject("Object Repository/Page_L Tm Anh/a_Log in")): Object: 'Object Repository/Page_L Tm Anh/a_Log in' is clicked on

2022-01-14 10:45:16 - [MESSAGE][PASSED] - Object: 'Object Repository/Page_L Tm Anh/a_Log in' is clicked on

2022-01-14 10:45:16 - [TEST_STEP][PASSED] - setText(findTestObject("Object Repository/Page_L Tm Anh Log in to the site/input_Username_username"), "admin"): Text 'admin' is set on object 'Object Repository/Page_L Tm Anh Log in to the site/input_Username_username'

2022-01-14 10:45:17 - [MESSAGE][PASSED] - Text 'admin' is set on object 'Object Repository/Page_L Tm Anh Log in to the site/input_Username_username'

2022-01-14 10:45:17 - [TEST_STEP][PASSED] - setEncryptedText(findTestObject("Object Repository/Page_L Tm Anh Log in to the site/input_Password_password"), "eGmz8XUbrLe3vUQiiiujBg=="): Text ****** has been set on object 'Object Repository/Page_L Tm Anh Log in to the site/input_Password_password'

2022-01-14 10:45:17 - [MESSAGE][PASSED] - Text ****** has been set on object 'Object Repository/Page_L Tm Anh Log in to the site/input_Password_password'

2022-01-14 10:45:17 - [TEST_STEP][PASSED] - click(findTestObject("Object Repository/Page_L Tm Anh Log in to the site/button_Log in")): Object: 'Object Repository/Page_L Tm Anh Log in to the site/button_Log in' is clicked on

2022-01-14 10:45:18 - [MESSAGE][PASSED] - Object: 'Object Repository/Page_L Tm Anh Log in to the site/button_Log in' is clicked on

2022-01-14 10:45:18 - [TEST_STEP][PASSED] - click(findTestObject("Object Repository/Page_Dashboard/i_Site administration_icon fa fa-bell-o fa-fw")): Object: 'Object Repository/Page_Dashboard/i_Site administration_icon fa fa-bell-o fa-fw' is clicked on

2022-01-14 10:45:19 - [MESSAGE][PASSED] - Object: 'Object Repository/Page_Dashboard/i_Site administration_icon fa fa-bell-o fa-fw' is clicked on

2022-01-14 10:45:19 - [TEST_STEP][PASSED] - click(findTestObject("Object Repository/Page_Dashboard/div_See all")): Object: 'Object Repository/Page_Dashboard/div_See all' is clicked on

2022-01-14 10:45:50 - [MESSAGE][INFO] - Unable to find the element located by 'By.xpath: //div[@id='popover-region-container-61da2d4595e0961da2d45767654']/a/div/div'. Please recheck the objects properties to make sure the desired element is located. 

2022-01-14 10:45:50 - [MESSAGE][WARNING] - [SELF-HEALING] Failed to find element with id 'Object Repository/Page_Dashboard/div_See all'. Try using Self-healing.

2022-01-14 10:45:51 - [MESSAGE][WARNING] - [SELF-HEALING] The current locator of test object 'Object Repository/Page_Dashboard/div_See all' was broken. Propose an alternative one: '(.//*[normalize-space(text()) and normalize-space(.)='You have no notifications'])[1]/following::div[2]'.

2022-01-14 10:45:51 - [MESSAGE][PASSED] - Object: 'Object Repository/Page_Dashboard/div_See all' is clicked on

2022-01-14 10:45:51 - [TEST_STEP][PASSED] - closeBrowser(): Browser is closed

2022-01-14 10:45:52 - [MESSAGE][PASSED] - Browser is closed]]></system-out>
         <system-err><![CDATA[]]></system-err>
      </testcase>
      <testcase name="Test Cases/I2/View a full notification" time="39.56" classname="Test Cases/I2/View a full notification" status="PASSED">
         <system-out><![CDATA[2022-01-14 10:45:52 - [TEST_CASE][PASSED] - Test Cases/I2/View a full notification: Test Cases/I2/View a full notification

2022-01-14 10:45:52 - [TEST_STEP][PASSED] - openBrowser(""): Browser is opened with url: ''

2022-01-14 10:45:52 - [MESSAGE][INFO] - Starting 'Chrome' driver

2022-01-14 10:45:52 - [MESSAGE][INFO] - Action delay is set to 0 milliseconds

2022-01-14 10:45:53 - [MESSAGE][PASSED] - Browser is opened with url: ''

2022-01-14 10:45:53 - [TEST_STEP][PASSED] - navigateToUrl("http://localhost/"): Navigate to 'http://localhost/' successfully

2022-01-14 10:45:54 - [MESSAGE][PASSED] - Navigate to 'http://localhost/' successfully

2022-01-14 10:45:54 - [TEST_STEP][PASSED] - click(findTestObject("Object Repository/Page_L Tm Anh/a_Log in")): Object: 'Object Repository/Page_L Tm Anh/a_Log in' is clicked on

2022-01-14 10:45:55 - [MESSAGE][PASSED] - Object: 'Object Repository/Page_L Tm Anh/a_Log in' is clicked on

2022-01-14 10:45:55 - [TEST_STEP][PASSED] - click(findTestObject("Object Repository/Page_L Tm Anh Log in to the site/form_Username                              _635ab4")): Object: 'Object Repository/Page_L Tm Anh Log in to the site/form_Username                              _635ab4' is clicked on

2022-01-14 10:45:55 - [MESSAGE][PASSED] - Object: 'Object Repository/Page_L Tm Anh Log in to the site/form_Username                              _635ab4' is clicked on

2022-01-14 10:45:55 - [TEST_STEP][PASSED] - setText(findTestObject("Object Repository/Page_L Tm Anh Log in to the site/input_Username_username"), "admin"): Text 'admin' is set on object 'Object Repository/Page_L Tm Anh Log in to the site/input_Username_username'

2022-01-14 10:45:56 - [MESSAGE][PASSED] - Text 'admin' is set on object 'Object Repository/Page_L Tm Anh Log in to the site/input_Username_username'

2022-01-14 10:45:56 - [TEST_STEP][PASSED] - setEncryptedText(findTestObject("Object Repository/Page_L Tm Anh Log in to the site/input_Password_password"), "eGmz8XUbrLe3vUQiiiujBg=="): Text ****** has been set on object 'Object Repository/Page_L Tm Anh Log in to the site/input_Password_password'

2022-01-14 10:45:56 - [MESSAGE][PASSED] - Text ****** has been set on object 'Object Repository/Page_L Tm Anh Log in to the site/input_Password_password'

2022-01-14 10:45:56 - [TEST_STEP][PASSED] - click(findTestObject("Object Repository/Page_L Tm Anh Log in to the site/button_Log in")): Object: 'Object Repository/Page_L Tm Anh Log in to the site/button_Log in' is clicked on

2022-01-14 10:45:58 - [MESSAGE][PASSED] - Object: 'Object Repository/Page_L Tm Anh Log in to the site/button_Log in' is clicked on

2022-01-14 10:45:58 - [TEST_STEP][PASSED] - click(findTestObject("Object Repository/Page_Dashboard/i_Site administration_icon fa fa-bell-o fa-fw")): Object: 'Object Repository/Page_Dashboard/i_Site administration_icon fa fa-bell-o fa-fw' is clicked on

2022-01-14 10:45:59 - [MESSAGE][PASSED] - Object: 'Object Repository/Page_Dashboard/i_Site administration_icon fa fa-bell-o fa-fw' is clicked on

2022-01-14 10:45:59 - [TEST_STEP][PASSED] - click(findTestObject("Object Repository/Page_Dashboard/a_View full notification")): Object: 'Object Repository/Page_Dashboard/a_View full notification' is clicked on

2022-01-14 10:46:30 - [MESSAGE][INFO] - Unable to find the element located by 'By.xpath: //div[@id='popover-region-container-61da2c529109e61da2c528055f4']/div[2]/div/div/div/a[2]'. Please recheck the objects properties to make sure the desired element is located. 

2022-01-14 10:46:30 - [MESSAGE][WARNING] - [SELF-HEALING] Failed to find element with id 'Object Repository/Page_Dashboard/a_View full notification'. Try using Self-healing.

2022-01-14 10:46:30 - [MESSAGE][WARNING] - [SELF-HEALING] The current locator of test object 'Object Repository/Page_Dashboard/a_View full notification' was broken. Propose an alternative one: '//a[contains(text(),'View full notification')]'.

2022-01-14 10:46:30 - [MESSAGE][PASSED] - Object: 'Object Repository/Page_Dashboard/a_View full notification' is clicked on

2022-01-14 10:46:30 - [TEST_STEP][PASSED] - closeBrowser(): Browser is closed

2022-01-14 10:46:31 - [MESSAGE][PASSED] - Browser is closed]]></system-out>
         <system-err><![CDATA[]]></system-err>
      </testcase>
      <testcase name="Test Cases/Question bank/Add a essay question in question bank" time="174.181" classname="Test Cases/Question bank/Add a essay question in question bank" status="PASSED">
         <system-out><![CDATA[2022-01-14 10:46:31 - [TEST_CASE][PASSED] - Test Cases/Question bank/Add a essay question in question bank: Test Cases/Question bank/Add a essay question in question bank

2022-01-14 10:46:31 - [TEST_STEP][PASSED] - openBrowser(""): Browser is opened with url: ''

2022-01-14 10:46:31 - [MESSAGE][INFO] - Starting 'Chrome' driver

2022-01-14 10:46:31 - [MESSAGE][INFO] - Action delay is set to 0 milliseconds

2022-01-14 10:46:33 - [MESSAGE][PASSED] - Browser is opened with url: ''

2022-01-14 10:46:33 - [TEST_STEP][PASSED] - navigateToUrl("http://localhost/"): Navigate to 'http://localhost/' successfully

2022-01-14 10:46:33 - [MESSAGE][PASSED] - Navigate to 'http://localhost/' successfully

2022-01-14 10:46:33 - [TEST_STEP][PASSED] - click(findTestObject("Object Repository/Page_L Tm Anh/a_Log in")): Object: 'Object Repository/Page_L Tm Anh/a_Log in' is clicked on

2022-01-14 10:46:34 - [MESSAGE][PASSED] - Object: 'Object Repository/Page_L Tm Anh/a_Log in' is clicked on

2022-01-14 10:46:34 - [TEST_STEP][PASSED] - setText(findTestObject("Object Repository/Page_L Tm Anh Log in to the site/input_Username_username"), "beta"): Text 'beta' is set on object 'Object Repository/Page_L Tm Anh Log in to the site/input_Username_username'

2022-01-14 10:46:35 - [MESSAGE][PASSED] - Text 'beta' is set on object 'Object Repository/Page_L Tm Anh Log in to the site/input_Username_username'

2022-01-14 10:46:35 - [TEST_STEP][PASSED] - setEncryptedText(findTestObject("Object Repository/Page_L Tm Anh Log in to the site/input_Password_password"), "eGmz8XUbrLe3vUQiiiujBg=="): Text ****** has been set on object 'Object Repository/Page_L Tm Anh Log in to the site/input_Password_password'

2022-01-14 10:46:35 - [MESSAGE][PASSED] - Text ****** has been set on object 'Object Repository/Page_L Tm Anh Log in to the site/input_Password_password'

2022-01-14 10:46:35 - [TEST_STEP][PASSED] - click(findTestObject("Object Repository/Page_L Tm Anh Log in to the site/button_Log in")): Object: 'Object Repository/Page_L Tm Anh Log in to the site/button_Log in' is clicked on

2022-01-14 10:46:37 - [MESSAGE][PASSED] - Object: 'Object Repository/Page_L Tm Anh Log in to the site/button_Log in' is clicked on

2022-01-14 10:46:37 - [TEST_STEP][PASSED] - click(findTestObject("Object Repository/Page_Dashboard/a_My courses")): Object: 'Object Repository/Page_Dashboard/a_My courses' is clicked on

2022-01-14 10:47:08 - [MESSAGE][INFO] - Unable to find the element located by 'By.xpath: //ul[@id='moremenu-61e0e36aac914-navbar-nav']/li[3]/a'. Please recheck the objects properties to make sure the desired element is located. 

2022-01-14 10:47:08 - [MESSAGE][WARNING] - [SELF-HEALING] Failed to find element with id 'Object Repository/Page_Dashboard/a_My courses'. Try using Self-healing.

2022-01-14 10:47:08 - [MESSAGE][WARNING] - [SELF-HEALING] The current locator of test object 'Object Repository/Page_Dashboard/a_My courses' was broken. Propose an alternative one: '//a[contains(text(),'My courses')]'.

2022-01-14 10:47:08 - [MESSAGE][PASSED] - Object: 'Object Repository/Page_Dashboard/a_My courses' is clicked on

2022-01-14 10:47:08 - [TEST_STEP][PASSED] - click(findTestObject("Object Repository/Page_My courses/div_Course image")): Object: 'Object Repository/Page_My courses/div_Course image' is clicked on

2022-01-14 10:47:10 - [MESSAGE][PASSED] - Object: 'Object Repository/Page_My courses/div_Course image' is clicked on

2022-01-14 10:47:10 - [TEST_STEP][PASSED] - click(findTestObject("Object Repository/Page_Course 2/a_More")): Object: 'Object Repository/Page_Course 2/a_More' is clicked on

2022-01-14 10:47:42 - [MESSAGE][INFO] - Unable to find the element located by 'By.xpath: //a[@id='moremenu-dropdown-61dcbc055a0de']'. Please recheck the objects properties to make sure the desired element is located. 

2022-01-14 10:47:42 - [MESSAGE][WARNING] - [SELF-HEALING] Failed to find element with id 'Object Repository/Page_Course 2/a_More'. Try using Self-healing.

2022-01-14 10:47:42 - [MESSAGE][WARNING] - [SELF-HEALING] The current locator of test object 'Object Repository/Page_Course 2/a_More' was broken. Propose an alternative one: '(//a[contains(text(),'More')])[2]'.

2022-01-14 10:47:42 - [MESSAGE][PASSED] - Object: 'Object Repository/Page_Course 2/a_More' is clicked on

2022-01-14 10:47:42 - [TEST_STEP][PASSED] - click(findTestObject("Object Repository/Page_Course 2/a_Question bank")): Object: 'Object Repository/Page_Course 2/a_Question bank' is clicked on

2022-01-14 10:48:13 - [MESSAGE][INFO] - Unable to find the element located by 'By.xpath: //li[@id='yui_3_17_2_1_1641856005443_47']/ul/li/a'. Please recheck the objects properties to make sure the desired element is located. 

2022-01-14 10:48:13 - [MESSAGE][WARNING] - [SELF-HEALING] Failed to find element with id 'Object Repository/Page_Course 2/a_Question bank'. Try using Self-healing.

2022-01-14 10:48:14 - [MESSAGE][WARNING] - [SELF-HEALING] The current locator of test object 'Object Repository/Page_Course 2/a_Question bank' was broken. Propose an alternative one: '//a[contains(text(),'Question bank')]'.

2022-01-14 10:48:16 - [MESSAGE][PASSED] - Object: 'Object Repository/Page_Course 2/a_Question bank' is clicked on

2022-01-14 10:48:16 - [TEST_STEP][PASSED] - click(findTestObject("Object Repository/Page_Edit questions/button_Create a new question")): Object: 'Object Repository/Page_Edit questions/button_Create a new question' is clicked on

2022-01-14 10:48:47 - [MESSAGE][INFO] - Unable to find the element located by 'By.xpath: //button[@id='single_button61dcb9be554e49']'. Please recheck the objects properties to make sure the desired element is located. 

2022-01-14 10:48:47 - [MESSAGE][WARNING] - [SELF-HEALING] Failed to find element with id 'Object Repository/Page_Edit questions/button_Create a new question'. Try using Self-healing.

2022-01-14 10:48:47 - [MESSAGE][WARNING] - [SELF-HEALING] The current locator of test object 'Object Repository/Page_Edit questions/button_Create a new question' was broken. Propose an alternative one: '//section[@id='region-main']/div/div[2]/div/div/form/button'.

2022-01-14 10:48:47 - [MESSAGE][PASSED] - Object: 'Object Repository/Page_Edit questions/button_Create a new question' is clicked on

2022-01-14 10:48:47 - [TEST_STEP][PASSED] - click(findTestObject("Object Repository/Page_Edit questions/input_Numerical_qtype")): Object: 'Object Repository/Page_Edit questions/input_Numerical_qtype' is clicked on

2022-01-14 10:48:48 - [MESSAGE][PASSED] - Object: 'Object Repository/Page_Edit questions/input_Numerical_qtype' is clicked on

2022-01-14 10:48:48 - [TEST_STEP][PASSED] - click(findTestObject("Object Repository/Page_Edit questions/input_Description_submitbutton")): Object: 'Object Repository/Page_Edit questions/input_Description_submitbutton' is clicked on

2022-01-14 10:49:19 - [MESSAGE][INFO] - Unable to find the element located by 'By.xpath: //input[@id='yui_3_17_2_1_1641855422405_351']'. Please recheck the objects properties to make sure the desired element is located. 

2022-01-14 10:49:19 - [MESSAGE][WARNING] - [SELF-HEALING] Failed to find element with id 'Object Repository/Page_Edit questions/input_Description_submitbutton'. Try using Self-healing.

2022-01-14 10:49:19 - [MESSAGE][WARNING] - [SELF-HEALING] The current locator of test object 'Object Repository/Page_Edit questions/input_Description_submitbutton' was broken. Propose an alternative one: '//div[3]/input'.

2022-01-14 10:49:20 - [MESSAGE][PASSED] - Object: 'Object Repository/Page_Edit questions/input_Description_submitbutton' is clicked on

2022-01-14 10:49:20 - [TEST_STEP][PASSED] - setText(findTestObject("Object Repository/Page_Editing an Essay question/input_Question name_name"), "Quiz 5"): Text 'Quiz 5' is set on object 'Object Repository/Page_Editing an Essay question/input_Question name_name'

2022-01-14 10:49:22 - [MESSAGE][PASSED] - Text 'Quiz 5' is set on object 'Object Repository/Page_Editing an Essay question/input_Question name_name'

2022-01-14 10:49:22 - [TEST_STEP][PASSED] - setText(findTestObject("Object Repository/Page_Editing an Essay question/div_Quiz 5"), "<p dir="ltr" style="text-align: left;" id="yui_3_17_2_1_1641855428617_1717">Quiz 5</p>"): Text '<p dir="ltr" style="text-align: left;" id="yui_3_17_2_1_1641855428617_1717">Quiz 5</p>' is set on object 'Object Repository/Page_Editing an Essay question/div_Quiz 5'

2022-01-14 10:49:23 - [MESSAGE][PASSED] - Text '<p dir="ltr" style="text-align: left;" id="yui_3_17_2_1_1641855428617_1717">Quiz 5</p>' is set on object 'Object Repository/Page_Editing an Essay question/div_Quiz 5'

2022-01-14 10:49:23 - [TEST_STEP][PASSED] - scrollToElement(findTestObject("Object Repository/Page_Editing an Essay question/input__submitbutton"), 0): Scroll to object 'Object Repository/Page_Editing an Essay question/input__submitbutton' successfully

2022-01-14 10:49:23 - [MESSAGE][WARNING] - Timeout '0' is invalid. Using default page load timeout: '30'

2022-01-14 10:49:23 - [MESSAGE][PASSED] - Scroll to object 'Object Repository/Page_Editing an Essay question/input__submitbutton' successfully

2022-01-14 10:49:23 - [TEST_STEP][PASSED] - click(findTestObject("Object Repository/Page_Editing an Essay question/input__submitbutton")): Object: 'Object Repository/Page_Editing an Essay question/input__submitbutton' is clicked on

2022-01-14 10:49:25 - [MESSAGE][PASSED] - Object: 'Object Repository/Page_Editing an Essay question/input__submitbutton' is clicked on

2022-01-14 10:49:25 - [TEST_STEP][PASSED] - closeBrowser(): Browser is closed

2022-01-14 10:49:25 - [MESSAGE][PASSED] - Browser is closed]]></system-out>
         <system-err><![CDATA[]]></system-err>
      </testcase>
      <testcase name="Test Cases/Question bank/Add a new multiple choice question" time="186.044" classname="Test Cases/Question bank/Add a new multiple choice question" status="PASSED">
         <system-out><![CDATA[2022-01-14 10:49:25 - [TEST_CASE][PASSED] - Test Cases/Question bank/Add a new multiple choice question: Test Cases/Question bank/Add a new multiple choice question

2022-01-14 10:49:26 - [TEST_STEP][PASSED] - openBrowser(""): Browser is opened with url: ''

2022-01-14 10:49:26 - [MESSAGE][INFO] - Starting 'Chrome' driver

2022-01-14 10:49:26 - [MESSAGE][INFO] - Action delay is set to 0 milliseconds

2022-01-14 10:49:27 - [MESSAGE][PASSED] - Browser is opened with url: ''

2022-01-14 10:49:27 - [TEST_STEP][PASSED] - navigateToUrl("http://localhost/"): Navigate to 'http://localhost/' successfully

2022-01-14 10:49:28 - [MESSAGE][PASSED] - Navigate to 'http://localhost/' successfully

2022-01-14 10:49:28 - [TEST_STEP][PASSED] - click(findTestObject("Object Repository/Page_L Tm Anh/a_Log in")): Object: 'Object Repository/Page_L Tm Anh/a_Log in' is clicked on

2022-01-14 10:49:28 - [MESSAGE][PASSED] - Object: 'Object Repository/Page_L Tm Anh/a_Log in' is clicked on

2022-01-14 10:49:28 - [TEST_STEP][PASSED] - setText(findTestObject("Object Repository/Page_L Tm Anh Log in to the site/input_Username_username"), "admin"): Text 'admin' is set on object 'Object Repository/Page_L Tm Anh Log in to the site/input_Username_username'

2022-01-14 10:49:29 - [MESSAGE][PASSED] - Text 'admin' is set on object 'Object Repository/Page_L Tm Anh Log in to the site/input_Username_username'

2022-01-14 10:49:29 - [TEST_STEP][PASSED] - setEncryptedText(findTestObject("Object Repository/Page_L Tm Anh Log in to the site/input_Password_password"), "eGmz8XUbrLe3vUQiiiujBg=="): Text ****** has been set on object 'Object Repository/Page_L Tm Anh Log in to the site/input_Password_password'

2022-01-14 10:49:30 - [MESSAGE][PASSED] - Text ****** has been set on object 'Object Repository/Page_L Tm Anh Log in to the site/input_Password_password'

2022-01-14 10:49:30 - [TEST_STEP][PASSED] - click(findTestObject("Object Repository/Page_L Tm Anh Log in to the site/div_Log in")): Object: 'Object Repository/Page_L Tm Anh Log in to the site/div_Log in' is clicked on

2022-01-14 10:49:30 - [MESSAGE][PASSED] - Object: 'Object Repository/Page_L Tm Anh Log in to the site/div_Log in' is clicked on

2022-01-14 10:49:30 - [TEST_STEP][PASSED] - click(findTestObject("Object Repository/Page_L Tm Anh Log in to the site/button_Log in")): Object: 'Object Repository/Page_L Tm Anh Log in to the site/button_Log in' is clicked on

2022-01-14 10:49:32 - [MESSAGE][PASSED] - Object: 'Object Repository/Page_L Tm Anh Log in to the site/button_Log in' is clicked on

2022-01-14 10:49:32 - [TEST_STEP][PASSED] - click(findTestObject("Object Repository/Page_Dashboard/a_My courses")): Object: 'Object Repository/Page_Dashboard/a_My courses' is clicked on

2022-01-14 10:50:03 - [MESSAGE][INFO] - Unable to find the element located by 'By.xpath: //ul[@id='moremenu-61e0e36aac914-navbar-nav']/li[3]/a'. Please recheck the objects properties to make sure the desired element is located. 

2022-01-14 10:50:03 - [MESSAGE][WARNING] - [SELF-HEALING] Failed to find element with id 'Object Repository/Page_Dashboard/a_My courses'. Try using Self-healing.

2022-01-14 10:50:03 - [MESSAGE][WARNING] - [SELF-HEALING] The current locator of test object 'Object Repository/Page_Dashboard/a_My courses' was broken. Propose an alternative one: '//a[contains(text(),'My courses')]'.

2022-01-14 10:50:04 - [MESSAGE][PASSED] - Object: 'Object Repository/Page_Dashboard/a_My courses' is clicked on

2022-01-14 10:50:04 - [TEST_STEP][PASSED] - click(findTestObject("Object Repository/Page_My courses/div_Course image")): Object: 'Object Repository/Page_My courses/div_Course image' is clicked on

2022-01-14 10:50:06 - [MESSAGE][PASSED] - Object: 'Object Repository/Page_My courses/div_Course image' is clicked on

2022-01-14 10:50:06 - [TEST_STEP][PASSED] - click(findTestObject("Object Repository/Page_Course 1/a_More")): Object: 'Object Repository/Page_Course 1/a_More' is clicked on

2022-01-14 10:50:37 - [MESSAGE][INFO] - Unable to find the element located by 'By.xpath: //a[@id='moremenu-dropdown-61dac5e62f398']'. Please recheck the objects properties to make sure the desired element is located. 

2022-01-14 10:50:37 - [MESSAGE][WARNING] - [SELF-HEALING] Failed to find element with id 'Object Repository/Page_Course 1/a_More'. Try using Self-healing.

2022-01-14 10:50:37 - [MESSAGE][WARNING] - [SELF-HEALING] The current locator of test object 'Object Repository/Page_Course 1/a_More' was broken. Propose an alternative one: '(//a[contains(text(),'More')])[2]'.

2022-01-14 10:50:37 - [MESSAGE][PASSED] - Object: 'Object Repository/Page_Course 1/a_More' is clicked on

2022-01-14 10:50:37 - [TEST_STEP][PASSED] - click(findTestObject("Object Repository/Page_Course 1/a_Question bank")): Object: 'Object Repository/Page_Course 1/a_Question bank' is clicked on

2022-01-14 10:51:08 - [MESSAGE][INFO] - Unable to find the element located by 'By.xpath: //li[@id='yui_3_17_2_1_1641727462260_71']/ul/li/a'. Please recheck the objects properties to make sure the desired element is located. 

2022-01-14 10:51:08 - [MESSAGE][WARNING] - [SELF-HEALING] Failed to find element with id 'Object Repository/Page_Course 1/a_Question bank'. Try using Self-healing.

2022-01-14 10:51:08 - [MESSAGE][WARNING] - [SELF-HEALING] The current locator of test object 'Object Repository/Page_Course 1/a_Question bank' was broken. Propose an alternative one: '//a[contains(text(),'Question bank')]'.

2022-01-14 10:51:10 - [MESSAGE][PASSED] - Object: 'Object Repository/Page_Course 1/a_Question bank' is clicked on

2022-01-14 10:51:10 - [TEST_STEP][PASSED] - click(findTestObject("Object Repository/Page_Edit questions/button_Create a new question")): Object: 'Object Repository/Page_Edit questions/button_Create a new question' is clicked on

2022-01-14 10:51:42 - [MESSAGE][INFO] - Unable to find the element located by 'By.xpath: //button[@id='single_button61dcb9be554e49']'. Please recheck the objects properties to make sure the desired element is located. 

2022-01-14 10:51:42 - [MESSAGE][WARNING] - [SELF-HEALING] Failed to find element with id 'Object Repository/Page_Edit questions/button_Create a new question'. Try using Self-healing.

2022-01-14 10:51:42 - [MESSAGE][WARNING] - [SELF-HEALING] The current locator of test object 'Object Repository/Page_Edit questions/button_Create a new question' was broken. Propose an alternative one: '//section[@id='region-main']/div/div[2]/div/div/form/button'.

2022-01-14 10:51:42 - [MESSAGE][PASSED] - Object: 'Object Repository/Page_Edit questions/button_Create a new question' is clicked on

2022-01-14 10:51:42 - [TEST_STEP][PASSED] - click(findTestObject("Object Repository/Page_Edit questions/input_Questions_qtype")): Object: 'Object Repository/Page_Edit questions/input_Questions_qtype' is clicked on

2022-01-14 10:51:42 - [MESSAGE][PASSED] - Object: 'Object Repository/Page_Edit questions/input_Questions_qtype' is clicked on

2022-01-14 10:51:42 - [TEST_STEP][PASSED] - click(findTestObject("Object Repository/Page_Edit questions/input_Description_submitbutton")): Object: 'Object Repository/Page_Edit questions/input_Description_submitbutton' is clicked on

2022-01-14 10:52:14 - [MESSAGE][INFO] - Unable to find the element located by 'By.xpath: //input[@id='yui_3_17_2_1_1641855422405_351']'. Please recheck the objects properties to make sure the desired element is located. 

2022-01-14 10:52:14 - [MESSAGE][WARNING] - [SELF-HEALING] Failed to find element with id 'Object Repository/Page_Edit questions/input_Description_submitbutton'. Try using Self-healing.

2022-01-14 10:52:14 - [MESSAGE][WARNING] - [SELF-HEALING] The current locator of test object 'Object Repository/Page_Edit questions/input_Description_submitbutton' was broken. Propose an alternative one: '//div[3]/input'.

2022-01-14 10:52:16 - [MESSAGE][PASSED] - Object: 'Object Repository/Page_Edit questions/input_Description_submitbutton' is clicked on

2022-01-14 10:52:16 - [TEST_STEP][PASSED] - setText(findTestObject("Object Repository/Page_Editing a Multiple choice question/input_Question name_name"), "Anh le la ai"): Text 'Anh le la ai' is set on object 'Object Repository/Page_Editing a Multiple choice question/input_Question name_name'

2022-01-14 10:52:17 - [MESSAGE][PASSED] - Text 'Anh le la ai' is set on object 'Object Repository/Page_Editing a Multiple choice question/input_Question name_name'

2022-01-14 10:52:17 - [TEST_STEP][PASSED] - setText(findTestObject("Object Repository/Page_Editing a Multiple choice question/div_Anh le la ai"), "<p dir="ltr" style="text-align: left;">Anh le la ai</p>"): Text '<p dir="ltr" style="text-align: left;">Anh le la ai</p>' is set on object 'Object Repository/Page_Editing a Multiple choice question/div_Anh le la ai'

2022-01-14 10:52:18 - [MESSAGE][PASSED] - Text '<p dir="ltr" style="text-align: left;">Anh le la ai</p>' is set on object 'Object Repository/Page_Editing a Multiple choice question/div_Anh le la ai'

2022-01-14 10:52:18 - [TEST_STEP][PASSED] - scrollToElement(findTestObject("Object Repository/Page_Editing a Multiple choice question/div_1"), 0): Scroll to object 'Object Repository/Page_Editing a Multiple choice question/div_1' successfully

2022-01-14 10:52:18 - [MESSAGE][WARNING] - Timeout '0' is invalid. Using default page load timeout: '30'

2022-01-14 10:52:19 - [MESSAGE][PASSED] - Scroll to object 'Object Repository/Page_Editing a Multiple choice question/div_1' successfully

2022-01-14 10:52:19 - [TEST_STEP][PASSED] - setText(findTestObject("Object Repository/Page_Editing a Multiple choice question/div_1"), "<p dir="ltr" style="text-align: left;" id="yui_3_17_2_1_1641727220527_6952">1</p>"): Text '<p dir="ltr" style="text-align: left;" id="yui_3_17_2_1_1641727220527_6952">1</p>' is set on object 'Object Repository/Page_Editing a Multiple choice question/div_1'

2022-01-14 10:52:20 - [MESSAGE][PASSED] - Text '<p dir="ltr" style="text-align: left;" id="yui_3_17_2_1_1641727220527_6952">1</p>' is set on object 'Object Repository/Page_Editing a Multiple choice question/div_1'

2022-01-14 10:52:20 - [TEST_STEP][PASSED] - selectOptionByValue(findTestObject("Object Repository/Page_Editing a Multiple choice question/select_None            100            90   _353130"), "1.0", true): All options with value '1.0' are selected in object 'Object Repository/Page_Editing a Multiple choice question/select_None            100            90   _353130'  using regular expression

2022-01-14 10:52:22 - [MESSAGE][PASSED] - All options with value '1.0' are selected in object 'Object Repository/Page_Editing a Multiple choice question/select_None            100            90   _353130'  using regular expression

2022-01-14 10:52:22 - [TEST_STEP][PASSED] - scrollToElement(findTestObject("Object Repository/Page_Editing a Multiple choice question/div_1_1"), 0): Scroll to object 'Object Repository/Page_Editing a Multiple choice question/div_1_1' successfully

2022-01-14 10:52:22 - [MESSAGE][WARNING] - Timeout '0' is invalid. Using default page load timeout: '30'

2022-01-14 10:52:22 - [MESSAGE][PASSED] - Scroll to object 'Object Repository/Page_Editing a Multiple choice question/div_1_1' successfully

2022-01-14 10:52:22 - [TEST_STEP][PASSED] - setText(findTestObject("Object Repository/Page_Editing a Multiple choice question/div_1_1"), "<p dir="ltr" style="text-align: left;" id="yui_3_17_2_1_1641727220527_6971">1</p>"): Text '<p dir="ltr" style="text-align: left;" id="yui_3_17_2_1_1641727220527_6971">1</p>' is set on object 'Object Repository/Page_Editing a Multiple choice question/div_1_1'

2022-01-14 10:52:23 - [MESSAGE][PASSED] - Text '<p dir="ltr" style="text-align: left;" id="yui_3_17_2_1_1641727220527_6971">1</p>' is set on object 'Object Repository/Page_Editing a Multiple choice question/div_1_1'

2022-01-14 10:52:23 - [TEST_STEP][PASSED] - selectOptionByValue(findTestObject("Object Repository/Page_Editing a Multiple choice question/select_None            100            90   _353130_1"), "0.5", true): All options with value '0.5' are selected in object 'Object Repository/Page_Editing a Multiple choice question/select_None            100            90   _353130_1'  using regular expression

2022-01-14 10:52:26 - [MESSAGE][PASSED] - All options with value '0.5' are selected in object 'Object Repository/Page_Editing a Multiple choice question/select_None            100            90   _353130_1'  using regular expression

2022-01-14 10:52:26 - [TEST_STEP][PASSED] - scrollToElement(findTestObject("Object Repository/Page_Editing a Multiple choice question/div_2"), 0): Scroll to object 'Object Repository/Page_Editing a Multiple choice question/div_2' successfully

2022-01-14 10:52:26 - [MESSAGE][WARNING] - Timeout '0' is invalid. Using default page load timeout: '30'

2022-01-14 10:52:26 - [MESSAGE][PASSED] - Scroll to object 'Object Repository/Page_Editing a Multiple choice question/div_2' successfully

2022-01-14 10:52:26 - [TEST_STEP][PASSED] - setText(findTestObject("Object Repository/Page_Editing a Multiple choice question/div_2"), "<p dir="ltr" style="text-align: left;" id="yui_3_17_2_1_1641727220527_6988">2</p>"): Text '<p dir="ltr" style="text-align: left;" id="yui_3_17_2_1_1641727220527_6988">2</p>' is set on object 'Object Repository/Page_Editing a Multiple choice question/div_2'

2022-01-14 10:52:27 - [MESSAGE][PASSED] - Text '<p dir="ltr" style="text-align: left;" id="yui_3_17_2_1_1641727220527_6988">2</p>' is set on object 'Object Repository/Page_Editing a Multiple choice question/div_2'

2022-01-14 10:52:27 - [TEST_STEP][PASSED] - selectOptionByValue(findTestObject("Object Repository/Page_Editing a Multiple choice question/select_None            100            90   _353130_1_2"), "0.3", true): All options with value '0.3' are selected in object 'Object Repository/Page_Editing a Multiple choice question/select_None            100            90   _353130_1_2'  using regular expression

2022-01-14 10:52:29 - [MESSAGE][PASSED] - All options with value '0.3' are selected in object 'Object Repository/Page_Editing a Multiple choice question/select_None            100            90   _353130_1_2'  using regular expression

2022-01-14 10:52:29 - [TEST_STEP][PASSED] - scrollToElement(findTestObject("Object Repository/Page_Editing a Multiple choice question/input__submitbutton"), 0): Scroll to object 'Object Repository/Page_Editing a Multiple choice question/input__submitbutton' successfully

2022-01-14 10:52:29 - [MESSAGE][WARNING] - Timeout '0' is invalid. Using default page load timeout: '30'

2022-01-14 10:52:30 - [MESSAGE][PASSED] - Scroll to object 'Object Repository/Page_Editing a Multiple choice question/input__submitbutton' successfully

2022-01-14 10:52:30 - [TEST_STEP][PASSED] - click(findTestObject("Object Repository/Page_Editing a Multiple choice question/input__submitbutton")): Object: 'Object Repository/Page_Editing a Multiple choice question/input__submitbutton' is clicked on

2022-01-14 10:52:31 - [MESSAGE][PASSED] - Object: 'Object Repository/Page_Editing a Multiple choice question/input__submitbutton' is clicked on

2022-01-14 10:52:31 - [TEST_STEP][PASSED] - closeBrowser(): Browser is closed

2022-01-14 10:52:31 - [MESSAGE][PASSED] - Browser is closed]]></system-out>
         <system-err><![CDATA[]]></system-err>
      </testcase>
      <testcase name="Test Cases/Question bank/Add a new Short answer question" time="175.906" classname="Test Cases/Question bank/Add a new Short answer question" status="PASSED">
         <system-out><![CDATA[2022-01-14 10:52:31 - [TEST_CASE][PASSED] - Test Cases/Question bank/Add a new Short answer question: Test Cases/Question bank/Add a new Short answer question

2022-01-14 10:52:32 - [TEST_STEP][PASSED] - openBrowser(""): Browser is opened with url: ''

2022-01-14 10:52:32 - [MESSAGE][INFO] - Starting 'Chrome' driver

2022-01-14 10:52:32 - [MESSAGE][INFO] - Action delay is set to 0 milliseconds

2022-01-14 10:52:33 - [MESSAGE][PASSED] - Browser is opened with url: ''

2022-01-14 10:52:33 - [TEST_STEP][PASSED] - navigateToUrl("http://localhost/"): Navigate to 'http://localhost/' successfully

2022-01-14 10:52:34 - [MESSAGE][PASSED] - Navigate to 'http://localhost/' successfully

2022-01-14 10:52:34 - [TEST_STEP][PASSED] - click(findTestObject("Object Repository/Page_L Tm Anh/a_Log in")): Object: 'Object Repository/Page_L Tm Anh/a_Log in' is clicked on

2022-01-14 10:52:34 - [MESSAGE][PASSED] - Object: 'Object Repository/Page_L Tm Anh/a_Log in' is clicked on

2022-01-14 10:52:34 - [TEST_STEP][PASSED] - setText(findTestObject("Object Repository/Page_L Tm Anh Log in to the site/input_Username_username"), "admin"): Text 'admin' is set on object 'Object Repository/Page_L Tm Anh Log in to the site/input_Username_username'

2022-01-14 10:52:35 - [MESSAGE][PASSED] - Text 'admin' is set on object 'Object Repository/Page_L Tm Anh Log in to the site/input_Username_username'

2022-01-14 10:52:35 - [TEST_STEP][PASSED] - setEncryptedText(findTestObject("Object Repository/Page_L Tm Anh Log in to the site/input_Password_password"), "eGmz8XUbrLe3vUQiiiujBg=="): Text ****** has been set on object 'Object Repository/Page_L Tm Anh Log in to the site/input_Password_password'

2022-01-14 10:52:36 - [MESSAGE][PASSED] - Text ****** has been set on object 'Object Repository/Page_L Tm Anh Log in to the site/input_Password_password'

2022-01-14 10:52:36 - [TEST_STEP][PASSED] - click(findTestObject("Object Repository/Page_L Tm Anh Log in to the site/button_Log in")): Object: 'Object Repository/Page_L Tm Anh Log in to the site/button_Log in' is clicked on

2022-01-14 10:52:37 - [MESSAGE][PASSED] - Object: 'Object Repository/Page_L Tm Anh Log in to the site/button_Log in' is clicked on

2022-01-14 10:52:37 - [TEST_STEP][PASSED] - click(findTestObject("Object Repository/Page_Dashboard/a_My courses")): Object: 'Object Repository/Page_Dashboard/a_My courses' is clicked on

2022-01-14 10:53:08 - [MESSAGE][INFO] - Unable to find the element located by 'By.xpath: //ul[@id='moremenu-61e0e36aac914-navbar-nav']/li[3]/a'. Please recheck the objects properties to make sure the desired element is located. 

2022-01-14 10:53:08 - [MESSAGE][WARNING] - [SELF-HEALING] Failed to find element with id 'Object Repository/Page_Dashboard/a_My courses'. Try using Self-healing.

2022-01-14 10:53:08 - [MESSAGE][WARNING] - [SELF-HEALING] The current locator of test object 'Object Repository/Page_Dashboard/a_My courses' was broken. Propose an alternative one: '//a[contains(text(),'My courses')]'.

2022-01-14 10:53:09 - [MESSAGE][PASSED] - Object: 'Object Repository/Page_Dashboard/a_My courses' is clicked on

2022-01-14 10:53:09 - [TEST_STEP][PASSED] - click(findTestObject("Object Repository/Page_My courses/div_Course image")): Object: 'Object Repository/Page_My courses/div_Course image' is clicked on

2022-01-14 10:53:11 - [MESSAGE][PASSED] - Object: 'Object Repository/Page_My courses/div_Course image' is clicked on

2022-01-14 10:53:11 - [TEST_STEP][PASSED] - click(findTestObject("Object Repository/Page_Course 1/a_More")): Object: 'Object Repository/Page_Course 1/a_More' is clicked on

2022-01-14 10:53:42 - [MESSAGE][INFO] - Unable to find the element located by 'By.xpath: //a[@id='moremenu-dropdown-61dac5e62f398']'. Please recheck the objects properties to make sure the desired element is located. 

2022-01-14 10:53:42 - [MESSAGE][WARNING] - [SELF-HEALING] Failed to find element with id 'Object Repository/Page_Course 1/a_More'. Try using Self-healing.

2022-01-14 10:53:42 - [MESSAGE][WARNING] - [SELF-HEALING] The current locator of test object 'Object Repository/Page_Course 1/a_More' was broken. Propose an alternative one: '(//a[contains(text(),'More')])[2]'.

2022-01-14 10:53:42 - [MESSAGE][PASSED] - Object: 'Object Repository/Page_Course 1/a_More' is clicked on

2022-01-14 10:53:42 - [TEST_STEP][PASSED] - click(findTestObject("Object Repository/Page_Course 1/a_Question bank")): Object: 'Object Repository/Page_Course 1/a_Question bank' is clicked on

2022-01-14 10:54:13 - [MESSAGE][INFO] - Unable to find the element located by 'By.xpath: //li[@id='yui_3_17_2_1_1641727462260_71']/ul/li/a'. Please recheck the objects properties to make sure the desired element is located. 

2022-01-14 10:54:13 - [MESSAGE][WARNING] - [SELF-HEALING] Failed to find element with id 'Object Repository/Page_Course 1/a_Question bank'. Try using Self-healing.

2022-01-14 10:54:14 - [MESSAGE][WARNING] - [SELF-HEALING] The current locator of test object 'Object Repository/Page_Course 1/a_Question bank' was broken. Propose an alternative one: '//a[contains(text(),'Question bank')]'.

2022-01-14 10:54:14 - [MESSAGE][PASSED] - Object: 'Object Repository/Page_Course 1/a_Question bank' is clicked on

2022-01-14 10:54:14 - [TEST_STEP][PASSED] - click(findTestObject("Object Repository/Page_Edit questions/button_Create a new question")): Object: 'Object Repository/Page_Edit questions/button_Create a new question' is clicked on

2022-01-14 10:54:45 - [MESSAGE][INFO] - Unable to find the element located by 'By.xpath: //button[@id='single_button61dcb9be554e49']'. Please recheck the objects properties to make sure the desired element is located. 

2022-01-14 10:54:45 - [MESSAGE][WARNING] - [SELF-HEALING] Failed to find element with id 'Object Repository/Page_Edit questions/button_Create a new question'. Try using Self-healing.

2022-01-14 10:54:46 - [MESSAGE][WARNING] - [SELF-HEALING] The current locator of test object 'Object Repository/Page_Edit questions/button_Create a new question' was broken. Propose an alternative one: '//section[@id='region-main']/div/div[2]/div/div/form/button'.

2022-01-14 10:54:46 - [MESSAGE][PASSED] - Object: 'Object Repository/Page_Edit questions/button_Create a new question' is clicked on

2022-01-14 10:54:46 - [TEST_STEP][PASSED] - click(findTestObject("Object Repository/Page_Edit questions/input_Matching_qtype")): Object: 'Object Repository/Page_Edit questions/input_Matching_qtype' is clicked on

2022-01-14 10:54:46 - [MESSAGE][PASSED] - Object: 'Object Repository/Page_Edit questions/input_Matching_qtype' is clicked on

2022-01-14 10:54:46 - [TEST_STEP][PASSED] - click(findTestObject("Object Repository/Page_Edit questions/input_Description_submitbutton")): Object: 'Object Repository/Page_Edit questions/input_Description_submitbutton' is clicked on

2022-01-14 10:55:18 - [MESSAGE][INFO] - Unable to find the element located by 'By.xpath: //input[@id='yui_3_17_2_1_1641855422405_351']'. Please recheck the objects properties to make sure the desired element is located. 

2022-01-14 10:55:18 - [MESSAGE][WARNING] - [SELF-HEALING] Failed to find element with id 'Object Repository/Page_Edit questions/input_Description_submitbutton'. Try using Self-healing.

2022-01-14 10:55:18 - [MESSAGE][WARNING] - [SELF-HEALING] The current locator of test object 'Object Repository/Page_Edit questions/input_Description_submitbutton' was broken. Propose an alternative one: '//div[3]/input'.

2022-01-14 10:55:19 - [MESSAGE][PASSED] - Object: 'Object Repository/Page_Edit questions/input_Description_submitbutton' is clicked on

2022-01-14 10:55:19 - [TEST_STEP][PASSED] - setText(findTestObject("Object Repository/Page_Editing a Short answer question/input_Question name_name"), "Anh le la ai"): Text 'Anh le la ai' is set on object 'Object Repository/Page_Editing a Short answer question/input_Question name_name'

2022-01-14 10:55:21 - [MESSAGE][PASSED] - Text 'Anh le la ai' is set on object 'Object Repository/Page_Editing a Short answer question/input_Question name_name'

2022-01-14 10:55:21 - [TEST_STEP][PASSED] - setText(findTestObject("Object Repository/Page_Editing a Short answer question/div_Anh le la ai"), "<p dir="ltr" style="text-align: left;" id="yui_3_17_2_1_1641726965698_2888">Anh le la ai</p>"): Text '<p dir="ltr" style="text-align: left;" id="yui_3_17_2_1_1641726965698_2888">Anh le la ai</p>' is set on object 'Object Repository/Page_Editing a Short answer question/div_Anh le la ai'

2022-01-14 10:55:22 - [MESSAGE][PASSED] - Text '<p dir="ltr" style="text-align: left;" id="yui_3_17_2_1_1641726965698_2888">Anh le la ai</p>' is set on object 'Object Repository/Page_Editing a Short answer question/div_Anh le la ai'

2022-01-14 10:55:22 - [TEST_STEP][PASSED] - scrollToElement(findTestObject("Object Repository/Page_Editing a Short answer question/input_Answer 1_answer0"), 0): Scroll to object 'Object Repository/Page_Editing a Short answer question/input_Answer 1_answer0' successfully

2022-01-14 10:55:22 - [MESSAGE][WARNING] - Timeout '0' is invalid. Using default page load timeout: '30'

2022-01-14 10:55:22 - [MESSAGE][PASSED] - Scroll to object 'Object Repository/Page_Editing a Short answer question/input_Answer 1_answer0' successfully

2022-01-14 10:55:22 - [TEST_STEP][PASSED] - setText(findTestObject("Object Repository/Page_Editing a Short answer question/input_Answer 1_answer0"), "1"): Text '1' is set on object 'Object Repository/Page_Editing a Short answer question/input_Answer 1_answer0'

2022-01-14 10:55:23 - [MESSAGE][PASSED] - Text '1' is set on object 'Object Repository/Page_Editing a Short answer question/input_Answer 1_answer0'

2022-01-14 10:55:23 - [TEST_STEP][PASSED] - selectOptionByValue(findTestObject("Object Repository/Page_Editing a Short answer question/select_None        100        90        83._8cdef3"), "1.0", true): All options with value '1.0' are selected in object 'Object Repository/Page_Editing a Short answer question/select_None        100        90        83._8cdef3'  using regular expression

2022-01-14 10:55:25 - [MESSAGE][PASSED] - All options with value '1.0' are selected in object 'Object Repository/Page_Editing a Short answer question/select_None        100        90        83._8cdef3'  using regular expression

2022-01-14 10:55:25 - [TEST_STEP][PASSED] - scrollToElement(findTestObject("Object Repository/Page_Editing a Short answer question/input__submitbutton"), 0): Scroll to object 'Object Repository/Page_Editing a Short answer question/input__submitbutton' successfully

2022-01-14 10:55:25 - [MESSAGE][WARNING] - Timeout '0' is invalid. Using default page load timeout: '30'

2022-01-14 10:55:25 - [MESSAGE][PASSED] - Scroll to object 'Object Repository/Page_Editing a Short answer question/input__submitbutton' successfully

2022-01-14 10:55:25 - [TEST_STEP][PASSED] - click(findTestObject("Object Repository/Page_Editing a Short answer question/input__submitbutton")): Object: 'Object Repository/Page_Editing a Short answer question/input__submitbutton' is clicked on

2022-01-14 10:55:27 - [MESSAGE][PASSED] - Object: 'Object Repository/Page_Editing a Short answer question/input__submitbutton' is clicked on

2022-01-14 10:55:27 - [TEST_STEP][PASSED] - closeBrowser(): Browser is closed

2022-01-14 10:55:27 - [MESSAGE][PASSED] - Browser is closed]]></system-out>
         <system-err><![CDATA[]]></system-err>
      </testcase>
      <testcase name="Test Cases/Question bank/Add a numerical question" time="176.735" classname="Test Cases/Question bank/Add a numerical question" status="PASSED">
         <system-out><![CDATA[2022-01-14 10:55:27 - [TEST_CASE][PASSED] - Test Cases/Question bank/Add a numerical question: Test Cases/Question bank/Add a numerical question

2022-01-14 10:55:28 - [TEST_STEP][PASSED] - openBrowser(""): Browser is opened with url: ''

2022-01-14 10:55:28 - [MESSAGE][INFO] - Starting 'Chrome' driver

2022-01-14 10:55:28 - [MESSAGE][INFO] - Action delay is set to 0 milliseconds

2022-01-14 10:55:29 - [MESSAGE][PASSED] - Browser is opened with url: ''

2022-01-14 10:55:29 - [TEST_STEP][PASSED] - navigateToUrl("http://localhost/"): Navigate to 'http://localhost/' successfully

2022-01-14 10:55:30 - [MESSAGE][PASSED] - Navigate to 'http://localhost/' successfully

2022-01-14 10:55:30 - [TEST_STEP][PASSED] - click(findTestObject("Object Repository/Page_L Tm Anh/a_Log in")): Object: 'Object Repository/Page_L Tm Anh/a_Log in' is clicked on

2022-01-14 10:55:30 - [MESSAGE][PASSED] - Object: 'Object Repository/Page_L Tm Anh/a_Log in' is clicked on

2022-01-14 10:55:30 - [TEST_STEP][PASSED] - setText(findTestObject("Object Repository/Page_L Tm Anh Log in to the site/input_Username_username"), "admin"): Text 'admin' is set on object 'Object Repository/Page_L Tm Anh Log in to the site/input_Username_username'

2022-01-14 10:55:31 - [MESSAGE][PASSED] - Text 'admin' is set on object 'Object Repository/Page_L Tm Anh Log in to the site/input_Username_username'

2022-01-14 10:55:31 - [TEST_STEP][PASSED] - setEncryptedText(findTestObject("Object Repository/Page_L Tm Anh Log in to the site/input_Password_password"), "eGmz8XUbrLe3vUQiiiujBg=="): Text ****** has been set on object 'Object Repository/Page_L Tm Anh Log in to the site/input_Password_password'

2022-01-14 10:55:32 - [MESSAGE][PASSED] - Text ****** has been set on object 'Object Repository/Page_L Tm Anh Log in to the site/input_Password_password'

2022-01-14 10:55:32 - [TEST_STEP][PASSED] - click(findTestObject("Object Repository/Page_L Tm Anh Log in to the site/button_Log in")): Object: 'Object Repository/Page_L Tm Anh Log in to the site/button_Log in' is clicked on

2022-01-14 10:55:33 - [MESSAGE][PASSED] - Object: 'Object Repository/Page_L Tm Anh Log in to the site/button_Log in' is clicked on

2022-01-14 10:55:33 - [TEST_STEP][PASSED] - click(findTestObject("Object Repository/Page_Dashboard/a_My courses")): Object: 'Object Repository/Page_Dashboard/a_My courses' is clicked on

2022-01-14 10:56:04 - [MESSAGE][INFO] - Unable to find the element located by 'By.xpath: //ul[@id='moremenu-61e0e36aac914-navbar-nav']/li[3]/a'. Please recheck the objects properties to make sure the desired element is located. 

2022-01-14 10:56:04 - [MESSAGE][WARNING] - [SELF-HEALING] Failed to find element with id 'Object Repository/Page_Dashboard/a_My courses'. Try using Self-healing.

2022-01-14 10:56:04 - [MESSAGE][WARNING] - [SELF-HEALING] The current locator of test object 'Object Repository/Page_Dashboard/a_My courses' was broken. Propose an alternative one: '//a[contains(text(),'My courses')]'.

2022-01-14 10:56:05 - [MESSAGE][PASSED] - Object: 'Object Repository/Page_Dashboard/a_My courses' is clicked on

2022-01-14 10:56:05 - [TEST_STEP][PASSED] - click(findTestObject("Object Repository/Page_My courses/div_Course image")): Object: 'Object Repository/Page_My courses/div_Course image' is clicked on

2022-01-14 10:56:07 - [MESSAGE][PASSED] - Object: 'Object Repository/Page_My courses/div_Course image' is clicked on

2022-01-14 10:56:07 - [TEST_STEP][PASSED] - click(findTestObject("Object Repository/Page_Course 1/a_More")): Object: 'Object Repository/Page_Course 1/a_More' is clicked on

2022-01-14 10:56:38 - [MESSAGE][INFO] - Unable to find the element located by 'By.xpath: //a[@id='moremenu-dropdown-61dac5e62f398']'. Please recheck the objects properties to make sure the desired element is located. 

2022-01-14 10:56:38 - [MESSAGE][WARNING] - [SELF-HEALING] Failed to find element with id 'Object Repository/Page_Course 1/a_More'. Try using Self-healing.

2022-01-14 10:56:38 - [MESSAGE][WARNING] - [SELF-HEALING] The current locator of test object 'Object Repository/Page_Course 1/a_More' was broken. Propose an alternative one: '(//a[contains(text(),'More')])[2]'.

2022-01-14 10:56:38 - [MESSAGE][PASSED] - Object: 'Object Repository/Page_Course 1/a_More' is clicked on

2022-01-14 10:56:38 - [TEST_STEP][PASSED] - click(findTestObject("Object Repository/Page_Course 1/a_Question bank")): Object: 'Object Repository/Page_Course 1/a_Question bank' is clicked on

2022-01-14 10:57:09 - [MESSAGE][INFO] - Unable to find the element located by 'By.xpath: //li[@id='yui_3_17_2_1_1641727462260_71']/ul/li/a'. Please recheck the objects properties to make sure the desired element is located. 

2022-01-14 10:57:09 - [MESSAGE][WARNING] - [SELF-HEALING] Failed to find element with id 'Object Repository/Page_Course 1/a_Question bank'. Try using Self-healing.

2022-01-14 10:57:10 - [MESSAGE][WARNING] - [SELF-HEALING] The current locator of test object 'Object Repository/Page_Course 1/a_Question bank' was broken. Propose an alternative one: '//a[contains(text(),'Question bank')]'.

2022-01-14 10:57:11 - [MESSAGE][PASSED] - Object: 'Object Repository/Page_Course 1/a_Question bank' is clicked on

2022-01-14 10:57:11 - [TEST_STEP][PASSED] - click(findTestObject("Object Repository/Page_Edit questions/button_Create a new question")): Object: 'Object Repository/Page_Edit questions/button_Create a new question' is clicked on

2022-01-14 10:57:42 - [MESSAGE][INFO] - Unable to find the element located by 'By.xpath: //button[@id='single_button61dcb9be554e49']'. Please recheck the objects properties to make sure the desired element is located. 

2022-01-14 10:57:42 - [MESSAGE][WARNING] - [SELF-HEALING] Failed to find element with id 'Object Repository/Page_Edit questions/button_Create a new question'. Try using Self-healing.

2022-01-14 10:57:43 - [MESSAGE][WARNING] - [SELF-HEALING] The current locator of test object 'Object Repository/Page_Edit questions/button_Create a new question' was broken. Propose an alternative one: '//section[@id='region-main']/div/div[2]/div/div/form/button'.

2022-01-14 10:57:43 - [MESSAGE][PASSED] - Object: 'Object Repository/Page_Edit questions/button_Create a new question' is clicked on

2022-01-14 10:57:43 - [TEST_STEP][PASSED] - click(findTestObject("Object Repository/Page_Edit questions/input_Short answer_qtype")): Object: 'Object Repository/Page_Edit questions/input_Short answer_qtype' is clicked on

2022-01-14 10:57:43 - [MESSAGE][PASSED] - Object: 'Object Repository/Page_Edit questions/input_Short answer_qtype' is clicked on

2022-01-14 10:57:43 - [TEST_STEP][PASSED] - click(findTestObject("Object Repository/Page_Edit questions/input_Description_submitbutton")): Object: 'Object Repository/Page_Edit questions/input_Description_submitbutton' is clicked on

2022-01-14 10:58:14 - [MESSAGE][INFO] - Unable to find the element located by 'By.xpath: //input[@id='yui_3_17_2_1_1641855422405_351']'. Please recheck the objects properties to make sure the desired element is located. 

2022-01-14 10:58:14 - [MESSAGE][WARNING] - [SELF-HEALING] Failed to find element with id 'Object Repository/Page_Edit questions/input_Description_submitbutton'. Try using Self-healing.

2022-01-14 10:58:15 - [MESSAGE][WARNING] - [SELF-HEALING] The current locator of test object 'Object Repository/Page_Edit questions/input_Description_submitbutton' was broken. Propose an alternative one: '//div[3]/input'.

2022-01-14 10:58:17 - [MESSAGE][PASSED] - Object: 'Object Repository/Page_Edit questions/input_Description_submitbutton' is clicked on

2022-01-14 10:58:17 - [TEST_STEP][PASSED] - setText(findTestObject("Object Repository/Page_Editing a Numerical question/input_Question name_name"), "Anh le la ai"): Text 'Anh le la ai' is set on object 'Object Repository/Page_Editing a Numerical question/input_Question name_name'

2022-01-14 10:58:18 - [MESSAGE][PASSED] - Text 'Anh le la ai' is set on object 'Object Repository/Page_Editing a Numerical question/input_Question name_name'

2022-01-14 10:58:18 - [TEST_STEP][PASSED] - setText(findTestObject("Object Repository/Page_Editing a Numerical question/div_Anh le la ai"), "<p dir="ltr" style="text-align: left;">Anh le la ai</p>"): Text '<p dir="ltr" style="text-align: left;">Anh le la ai</p>' is set on object 'Object Repository/Page_Editing a Numerical question/div_Anh le la ai'

2022-01-14 10:58:19 - [MESSAGE][PASSED] - Text '<p dir="ltr" style="text-align: left;">Anh le la ai</p>' is set on object 'Object Repository/Page_Editing a Numerical question/div_Anh le la ai'

2022-01-14 10:58:19 - [TEST_STEP][PASSED] - scrollToElement(findTestObject("Object Repository/Page_Editing a Numerical question/input_Answer 1_answer0"), 0): Scroll to object 'Object Repository/Page_Editing a Numerical question/input_Answer 1_answer0' successfully

2022-01-14 10:58:19 - [MESSAGE][WARNING] - Timeout '0' is invalid. Using default page load timeout: '30'

2022-01-14 10:58:19 - [MESSAGE][PASSED] - Scroll to object 'Object Repository/Page_Editing a Numerical question/input_Answer 1_answer0' successfully

2022-01-14 10:58:19 - [TEST_STEP][PASSED] - setText(findTestObject("Object Repository/Page_Editing a Numerical question/input_Answer 1_answer0"), "1"): Text '1' is set on object 'Object Repository/Page_Editing a Numerical question/input_Answer 1_answer0'

2022-01-14 10:58:20 - [MESSAGE][PASSED] - Text '1' is set on object 'Object Repository/Page_Editing a Numerical question/input_Answer 1_answer0'

2022-01-14 10:58:20 - [TEST_STEP][PASSED] - selectOptionByValue(findTestObject("Object Repository/Page_Editing a Numerical question/select_None        100        90        83._8cdef3"), "1.0", true): All options with value '1.0' are selected in object 'Object Repository/Page_Editing a Numerical question/select_None        100        90        83._8cdef3'  using regular expression

2022-01-14 10:58:22 - [MESSAGE][PASSED] - All options with value '1.0' are selected in object 'Object Repository/Page_Editing a Numerical question/select_None        100        90        83._8cdef3'  using regular expression

2022-01-14 10:58:22 - [TEST_STEP][PASSED] - scrollToElement(findTestObject("Object Repository/Page_Editing a Numerical question/input__submitbutton"), 0): Scroll to object 'Object Repository/Page_Editing a Numerical question/input__submitbutton' successfully

2022-01-14 10:58:22 - [MESSAGE][WARNING] - Timeout '0' is invalid. Using default page load timeout: '30'

2022-01-14 10:58:22 - [MESSAGE][PASSED] - Scroll to object 'Object Repository/Page_Editing a Numerical question/input__submitbutton' successfully

2022-01-14 10:58:22 - [TEST_STEP][PASSED] - click(findTestObject("Object Repository/Page_Editing a Numerical question/input__submitbutton")): Object: 'Object Repository/Page_Editing a Numerical question/input__submitbutton' is clicked on

2022-01-14 10:58:23 - [MESSAGE][PASSED] - Object: 'Object Repository/Page_Editing a Numerical question/input__submitbutton' is clicked on

2022-01-14 10:58:23 - [TEST_STEP][PASSED] - closeBrowser(): Browser is closed

2022-01-14 10:58:24 - [MESSAGE][PASSED] - Browser is closed]]></system-out>
         <system-err><![CDATA[]]></system-err>
      </testcase>
      <testcase name="Test Cases/Question bank/Add a True False question" time="205.281" classname="Test Cases/Question bank/Add a True False question" status="PASSED">
         <system-out><![CDATA[2022-01-14 10:58:24 - [TEST_CASE][PASSED] - Test Cases/Question bank/Add a True False question: Test Cases/Question bank/Add a True False question

2022-01-14 10:58:24 - [TEST_STEP][PASSED] - openBrowser(""): Browser is opened with url: ''

2022-01-14 10:58:24 - [MESSAGE][INFO] - Starting 'Chrome' driver

2022-01-14 10:58:24 - [MESSAGE][INFO] - Action delay is set to 0 milliseconds

2022-01-14 10:58:25 - [MESSAGE][PASSED] - Browser is opened with url: ''

2022-01-14 10:58:25 - [TEST_STEP][PASSED] - navigateToUrl("http://localhost/"): Navigate to 'http://localhost/' successfully

2022-01-14 10:58:27 - [MESSAGE][PASSED] - Navigate to 'http://localhost/' successfully

2022-01-14 10:58:27 - [TEST_STEP][PASSED] - click(findTestObject("Object Repository/Page_L Tm Anh/a_Log in")): Object: 'Object Repository/Page_L Tm Anh/a_Log in' is clicked on

2022-01-14 10:58:27 - [MESSAGE][PASSED] - Object: 'Object Repository/Page_L Tm Anh/a_Log in' is clicked on

2022-01-14 10:58:27 - [TEST_STEP][PASSED] - setText(findTestObject("Object Repository/Page_L Tm Anh Log in to the site/input_Username_username"), "admin"): Text 'admin' is set on object 'Object Repository/Page_L Tm Anh Log in to the site/input_Username_username'

2022-01-14 10:58:28 - [MESSAGE][PASSED] - Text 'admin' is set on object 'Object Repository/Page_L Tm Anh Log in to the site/input_Username_username'

2022-01-14 10:58:28 - [TEST_STEP][PASSED] - setEncryptedText(findTestObject("Object Repository/Page_L Tm Anh Log in to the site/input_Password_password"), "eGmz8XUbrLe3vUQiiiujBg=="): Text ****** has been set on object 'Object Repository/Page_L Tm Anh Log in to the site/input_Password_password'

2022-01-14 10:58:29 - [MESSAGE][PASSED] - Text ****** has been set on object 'Object Repository/Page_L Tm Anh Log in to the site/input_Password_password'

2022-01-14 10:58:29 - [TEST_STEP][PASSED] - click(findTestObject("Object Repository/Page_L Tm Anh Log in to the site/button_Log in")): Object: 'Object Repository/Page_L Tm Anh Log in to the site/button_Log in' is clicked on

2022-01-14 10:58:30 - [MESSAGE][PASSED] - Object: 'Object Repository/Page_L Tm Anh Log in to the site/button_Log in' is clicked on

2022-01-14 10:58:30 - [TEST_STEP][PASSED] - click(findTestObject("Object Repository/Page_Dashboard/a_My courses")): Object: 'Object Repository/Page_Dashboard/a_My courses' is clicked on

2022-01-14 10:59:01 - [MESSAGE][INFO] - Unable to find the element located by 'By.xpath: //ul[@id='moremenu-61e0e36aac914-navbar-nav']/li[3]/a'. Please recheck the objects properties to make sure the desired element is located. 

2022-01-14 10:59:01 - [MESSAGE][WARNING] - [SELF-HEALING] Failed to find element with id 'Object Repository/Page_Dashboard/a_My courses'. Try using Self-healing.

2022-01-14 10:59:01 - [MESSAGE][WARNING] - [SELF-HEALING] The current locator of test object 'Object Repository/Page_Dashboard/a_My courses' was broken. Propose an alternative one: '//a[contains(text(),'My courses')]'.

2022-01-14 10:59:02 - [MESSAGE][PASSED] - Object: 'Object Repository/Page_Dashboard/a_My courses' is clicked on

2022-01-14 10:59:02 - [TEST_STEP][PASSED] - click(findTestObject("Object Repository/Page_My courses/div_Course image")): Object: 'Object Repository/Page_My courses/div_Course image' is clicked on

2022-01-14 10:59:04 - [MESSAGE][PASSED] - Object: 'Object Repository/Page_My courses/div_Course image' is clicked on

2022-01-14 10:59:04 - [TEST_STEP][PASSED] - click(findTestObject("Object Repository/Page_Course 1/a_More")): Object: 'Object Repository/Page_Course 1/a_More' is clicked on

2022-01-14 10:59:35 - [MESSAGE][INFO] - Unable to find the element located by 'By.xpath: //a[@id='moremenu-dropdown-61dac5e62f398']'. Please recheck the objects properties to make sure the desired element is located. 

2022-01-14 10:59:35 - [MESSAGE][WARNING] - [SELF-HEALING] Failed to find element with id 'Object Repository/Page_Course 1/a_More'. Try using Self-healing.

2022-01-14 10:59:35 - [MESSAGE][WARNING] - [SELF-HEALING] The current locator of test object 'Object Repository/Page_Course 1/a_More' was broken. Propose an alternative one: '(//a[contains(text(),'More')])[2]'.

2022-01-14 10:59:35 - [MESSAGE][PASSED] - Object: 'Object Repository/Page_Course 1/a_More' is clicked on

2022-01-14 10:59:35 - [TEST_STEP][PASSED] - click(findTestObject("Object Repository/Page_Course 1/a_Question bank")): Object: 'Object Repository/Page_Course 1/a_Question bank' is clicked on

2022-01-14 11:00:07 - [MESSAGE][INFO] - Unable to find the element located by 'By.xpath: //li[@id='yui_3_17_2_1_1641727462260_71']/ul/li/a'. Please recheck the objects properties to make sure the desired element is located. 

2022-01-14 11:00:07 - [MESSAGE][WARNING] - [SELF-HEALING] Failed to find element with id 'Object Repository/Page_Course 1/a_Question bank'. Try using Self-healing.

2022-01-14 11:00:07 - [MESSAGE][WARNING] - [SELF-HEALING] The current locator of test object 'Object Repository/Page_Course 1/a_Question bank' was broken. Propose an alternative one: '//a[contains(text(),'Question bank')]'.

2022-01-14 11:00:08 - [MESSAGE][PASSED] - Object: 'Object Repository/Page_Course 1/a_Question bank' is clicked on

2022-01-14 11:00:08 - [TEST_STEP][PASSED] - click(findTestObject("Object Repository/Page_Edit questions/button_Create a new question")): Object: 'Object Repository/Page_Edit questions/button_Create a new question' is clicked on

2022-01-14 11:00:39 - [MESSAGE][INFO] - Unable to find the element located by 'By.xpath: //button[@id='single_button61dcb9be554e49']'. Please recheck the objects properties to make sure the desired element is located. 

2022-01-14 11:00:39 - [MESSAGE][WARNING] - [SELF-HEALING] Failed to find element with id 'Object Repository/Page_Edit questions/button_Create a new question'. Try using Self-healing.

2022-01-14 11:00:40 - [MESSAGE][WARNING] - [SELF-HEALING] The current locator of test object 'Object Repository/Page_Edit questions/button_Create a new question' was broken. Propose an alternative one: '//section[@id='region-main']/div/div[2]/div/div/form/button'.

2022-01-14 11:00:40 - [MESSAGE][PASSED] - Object: 'Object Repository/Page_Edit questions/button_Create a new question' is clicked on

2022-01-14 11:00:40 - [TEST_STEP][PASSED] - click(findTestObject("Object Repository/Page_Edit questions/label_TrueFalse                            _836f0e")): Object: 'Object Repository/Page_Edit questions/label_TrueFalse                            _836f0e' is clicked on

2022-01-14 11:01:11 - [MESSAGE][INFO] - Unable to find the element located by 'By.xpath: //label[@id='yui_3_17_2_1_1641726634670_331']'. Please recheck the objects properties to make sure the desired element is located. 

2022-01-14 11:01:11 - [MESSAGE][WARNING] - [SELF-HEALING] Failed to find element with id 'Object Repository/Page_Edit questions/label_TrueFalse                            _836f0e'. Try using Self-healing.

2022-01-14 11:01:11 - [MESSAGE][WARNING] - [SELF-HEALING] The current locator of test object 'Object Repository/Page_Edit questions/label_TrueFalse                            _836f0e' was broken. Propose an alternative one: '(.//*[normalize-space(text()) and normalize-space(.)='Multiple choice'])[1]/following::label[1]'.

2022-01-14 11:01:11 - [MESSAGE][PASSED] - Object: 'Object Repository/Page_Edit questions/label_TrueFalse                            _836f0e' is clicked on

2022-01-14 11:01:11 - [TEST_STEP][PASSED] - click(findTestObject("Object Repository/Page_Edit questions/input_Description_submitbutton")): Object: 'Object Repository/Page_Edit questions/input_Description_submitbutton' is clicked on

2022-01-14 11:01:43 - [MESSAGE][INFO] - Unable to find the element located by 'By.xpath: //input[@id='yui_3_17_2_1_1641855422405_351']'. Please recheck the objects properties to make sure the desired element is located. 

2022-01-14 11:01:43 - [MESSAGE][WARNING] - [SELF-HEALING] Failed to find element with id 'Object Repository/Page_Edit questions/input_Description_submitbutton'. Try using Self-healing.

2022-01-14 11:01:43 - [MESSAGE][WARNING] - [SELF-HEALING] The current locator of test object 'Object Repository/Page_Edit questions/input_Description_submitbutton' was broken. Propose an alternative one: '//div[3]/input'.

2022-01-14 11:01:45 - [MESSAGE][PASSED] - Object: 'Object Repository/Page_Edit questions/input_Description_submitbutton' is clicked on

2022-01-14 11:01:45 - [TEST_STEP][PASSED] - setText(findTestObject("Object Repository/Page_Editing a TrueFalse question/input_Question name_name"), "Anh le la ai"): Text 'Anh le la ai' is set on object 'Object Repository/Page_Editing a TrueFalse question/input_Question name_name'

2022-01-14 11:01:46 - [MESSAGE][PASSED] - Text 'Anh le la ai' is set on object 'Object Repository/Page_Editing a TrueFalse question/input_Question name_name'

2022-01-14 11:01:46 - [TEST_STEP][PASSED] - setText(findTestObject("Object Repository/Page_Editing a TrueFalse question/div_Anh le la ai"), "<p dir="ltr" style="text-align: left;" id="yui_3_17_2_1_1641726640458_1708">Anh le la ai</p>"): Text '<p dir="ltr" style="text-align: left;" id="yui_3_17_2_1_1641726640458_1708">Anh le la ai</p>' is set on object 'Object Repository/Page_Editing a TrueFalse question/div_Anh le la ai'

2022-01-14 11:01:47 - [MESSAGE][PASSED] - Text '<p dir="ltr" style="text-align: left;" id="yui_3_17_2_1_1641726640458_1708">Anh le la ai</p>' is set on object 'Object Repository/Page_Editing a TrueFalse question/div_Anh le la ai'

2022-01-14 11:01:47 - [TEST_STEP][PASSED] - scrollToElement(findTestObject("Object Repository/Page_Editing a TrueFalse question/input__submitbutton"), 0): Scroll to object 'Object Repository/Page_Editing a TrueFalse question/input__submitbutton' successfully

2022-01-14 11:01:47 - [MESSAGE][WARNING] - Timeout '0' is invalid. Using default page load timeout: '30'

2022-01-14 11:01:48 - [MESSAGE][PASSED] - Scroll to object 'Object Repository/Page_Editing a TrueFalse question/input__submitbutton' successfully

2022-01-14 11:01:48 - [TEST_STEP][PASSED] - click(findTestObject("Object Repository/Page_Editing a TrueFalse question/input__submitbutton")): Object: 'Object Repository/Page_Editing a TrueFalse question/input__submitbutton' is clicked on

2022-01-14 11:01:49 - [MESSAGE][PASSED] - Object: 'Object Repository/Page_Editing a TrueFalse question/input__submitbutton' is clicked on

2022-01-14 11:01:49 - [TEST_STEP][PASSED] - closeBrowser(): Browser is closed

2022-01-14 11:01:49 - [MESSAGE][PASSED] - Browser is closed]]></system-out>
         <system-err><![CDATA[]]></system-err>
      </testcase>
      <testcase name="Test Cases/Question bank/Duplicate a essay question" time="110.497" classname="Test Cases/Question bank/Duplicate a essay question" status="PASSED">
         <system-out><![CDATA[2022-01-14 11:01:49 - [TEST_CASE][PASSED] - Test Cases/Question bank/Duplicate a essay question: Test Cases/Question bank/Duplicate a essay question

2022-01-14 11:01:50 - [TEST_STEP][PASSED] - openBrowser(""): Browser is opened with url: ''

2022-01-14 11:01:50 - [MESSAGE][INFO] - Starting 'Chrome' driver

2022-01-14 11:01:50 - [MESSAGE][INFO] - Action delay is set to 0 milliseconds

2022-01-14 11:01:51 - [MESSAGE][PASSED] - Browser is opened with url: ''

2022-01-14 11:01:51 - [TEST_STEP][PASSED] - navigateToUrl("http://localhost/"): Navigate to 'http://localhost/' successfully

2022-01-14 11:01:52 - [MESSAGE][PASSED] - Navigate to 'http://localhost/' successfully

2022-01-14 11:01:52 - [TEST_STEP][PASSED] - click(findTestObject("Object Repository/Page_L Tm Anh/a_Log in")): Object: 'Object Repository/Page_L Tm Anh/a_Log in' is clicked on

2022-01-14 11:01:53 - [MESSAGE][PASSED] - Object: 'Object Repository/Page_L Tm Anh/a_Log in' is clicked on

2022-01-14 11:01:53 - [TEST_STEP][PASSED] - setText(findTestObject("Object Repository/Page_L Tm Anh Log in to the site/input_Username_username"), "beta"): Text 'beta' is set on object 'Object Repository/Page_L Tm Anh Log in to the site/input_Username_username'

2022-01-14 11:01:53 - [MESSAGE][PASSED] - Text 'beta' is set on object 'Object Repository/Page_L Tm Anh Log in to the site/input_Username_username'

2022-01-14 11:01:53 - [TEST_STEP][PASSED] - setEncryptedText(findTestObject("Object Repository/Page_L Tm Anh Log in to the site/input_Password_password"), "eGmz8XUbrLe3vUQiiiujBg=="): Text ****** has been set on object 'Object Repository/Page_L Tm Anh Log in to the site/input_Password_password'

2022-01-14 11:01:54 - [MESSAGE][PASSED] - Text ****** has been set on object 'Object Repository/Page_L Tm Anh Log in to the site/input_Password_password'

2022-01-14 11:01:54 - [TEST_STEP][PASSED] - click(findTestObject("Object Repository/Page_L Tm Anh Log in to the site/button_Log in")): Object: 'Object Repository/Page_L Tm Anh Log in to the site/button_Log in' is clicked on

2022-01-14 11:01:55 - [MESSAGE][PASSED] - Object: 'Object Repository/Page_L Tm Anh Log in to the site/button_Log in' is clicked on

2022-01-14 11:01:55 - [TEST_STEP][PASSED] - click(findTestObject("Object Repository/Page_Dashboard/a_My courses")): Object: 'Object Repository/Page_Dashboard/a_My courses' is clicked on

2022-01-14 11:02:26 - [MESSAGE][INFO] - Unable to find the element located by 'By.xpath: //ul[@id='moremenu-61e0e36aac914-navbar-nav']/li[3]/a'. Please recheck the objects properties to make sure the desired element is located. 

2022-01-14 11:02:26 - [MESSAGE][WARNING] - [SELF-HEALING] Failed to find element with id 'Object Repository/Page_Dashboard/a_My courses'. Try using Self-healing.

2022-01-14 11:02:27 - [MESSAGE][WARNING] - [SELF-HEALING] The current locator of test object 'Object Repository/Page_Dashboard/a_My courses' was broken. Propose an alternative one: '//a[contains(text(),'My courses')]'.

2022-01-14 11:02:28 - [MESSAGE][PASSED] - Object: 'Object Repository/Page_Dashboard/a_My courses' is clicked on

2022-01-14 11:02:28 - [TEST_STEP][PASSED] - click(findTestObject("Object Repository/Page_My courses/div_Course image")): Object: 'Object Repository/Page_My courses/div_Course image' is clicked on

2022-01-14 11:02:29 - [MESSAGE][PASSED] - Object: 'Object Repository/Page_My courses/div_Course image' is clicked on

2022-01-14 11:02:29 - [TEST_STEP][PASSED] - click(findTestObject("Object Repository/Page_Course 2/a_More")): Object: 'Object Repository/Page_Course 2/a_More' is clicked on

2022-01-14 11:03:01 - [MESSAGE][INFO] - Unable to find the element located by 'By.xpath: //a[@id='moremenu-dropdown-61dcbc055a0de']'. Please recheck the objects properties to make sure the desired element is located. 

2022-01-14 11:03:01 - [MESSAGE][WARNING] - [SELF-HEALING] Failed to find element with id 'Object Repository/Page_Course 2/a_More'. Try using Self-healing.

2022-01-14 11:03:01 - [MESSAGE][WARNING] - [SELF-HEALING] The current locator of test object 'Object Repository/Page_Course 2/a_More' was broken. Propose an alternative one: '(//a[contains(text(),'More')])[2]'.

2022-01-14 11:03:01 - [MESSAGE][PASSED] - Object: 'Object Repository/Page_Course 2/a_More' is clicked on

2022-01-14 11:03:01 - [TEST_STEP][PASSED] - click(findTestObject("Object Repository/Page_Course 2/a_Question bank")): Object: 'Object Repository/Page_Course 2/a_Question bank' is clicked on

2022-01-14 11:03:32 - [MESSAGE][INFO] - Unable to find the element located by 'By.xpath: //li[@id='yui_3_17_2_1_1641856005443_47']/ul/li/a'. Please recheck the objects properties to make sure the desired element is located. 

2022-01-14 11:03:32 - [MESSAGE][WARNING] - [SELF-HEALING] Failed to find element with id 'Object Repository/Page_Course 2/a_Question bank'. Try using Self-healing.

2022-01-14 11:03:33 - [MESSAGE][WARNING] - [SELF-HEALING] The current locator of test object 'Object Repository/Page_Course 2/a_Question bank' was broken. Propose an alternative one: '//a[contains(text(),'Question bank')]'.

2022-01-14 11:03:34 - [MESSAGE][PASSED] - Object: 'Object Repository/Page_Course 2/a_Question bank' is clicked on

2022-01-14 11:03:34 - [TEST_STEP][PASSED] - scrollToElement(findTestObject("Object Repository/Page_Edit questions/a_Edit"), 0): Scroll to object 'Object Repository/Page_Edit questions/a_Edit' successfully

2022-01-14 11:03:34 - [MESSAGE][WARNING] - Timeout '0' is invalid. Using default page load timeout: '30'

2022-01-14 11:03:34 - [MESSAGE][PASSED] - Scroll to object 'Object Repository/Page_Edit questions/a_Edit' successfully

2022-01-14 11:03:34 - [TEST_STEP][PASSED] - click(findTestObject("Object Repository/Page_Edit questions/a_Edit")): Object: 'Object Repository/Page_Edit questions/a_Edit' is clicked on

2022-01-14 11:03:35 - [MESSAGE][PASSED] - Object: 'Object Repository/Page_Edit questions/a_Edit' is clicked on

2022-01-14 11:03:35 - [TEST_STEP][PASSED] - click(findTestObject("Object Repository/Page_Edit questions/a_Duplicate")): Object: 'Object Repository/Page_Edit questions/a_Duplicate' is clicked on

2022-01-14 11:03:36 - [MESSAGE][PASSED] - Object: 'Object Repository/Page_Edit questions/a_Duplicate' is clicked on

2022-01-14 11:03:36 - [TEST_STEP][PASSED] - setText(findTestObject("Object Repository/Page_Editing an Essay question/input_Question name_name"), "Quiz 5"): Text 'Quiz 5' is set on object 'Object Repository/Page_Editing an Essay question/input_Question name_name'

2022-01-14 11:03:38 - [MESSAGE][PASSED] - Text 'Quiz 5' is set on object 'Object Repository/Page_Editing an Essay question/input_Question name_name'

2022-01-14 11:03:38 - [TEST_STEP][PASSED] - scrollToElement(findTestObject("Object Repository/Page_Editing an Essay question/input_Tuesday, 11 January 2022, 657 AM_subm_3b0f34"), 0): Scroll to object 'Object Repository/Page_Editing an Essay question/input_Tuesday, 11 January 2022, 657 AM_subm_3b0f34' successfully

2022-01-14 11:03:38 - [MESSAGE][WARNING] - Timeout '0' is invalid. Using default page load timeout: '30'

2022-01-14 11:03:38 - [MESSAGE][PASSED] - Scroll to object 'Object Repository/Page_Editing an Essay question/input_Tuesday, 11 January 2022, 657 AM_subm_3b0f34' successfully

2022-01-14 11:03:38 - [TEST_STEP][PASSED] - click(findTestObject("Object Repository/Page_Editing an Essay question/input_Tuesday, 11 January 2022, 657 AM_subm_3b0f34")): Object: 'Object Repository/Page_Editing an Essay question/input_Tuesday, 11 January 2022, 657 AM_subm_3b0f34' is clicked on

2022-01-14 11:03:39 - [MESSAGE][PASSED] - Object: 'Object Repository/Page_Editing an Essay question/input_Tuesday, 11 January 2022, 657 AM_subm_3b0f34' is clicked on

2022-01-14 11:03:39 - [TEST_STEP][PASSED] - closeBrowser(): Browser is closed

2022-01-14 11:03:40 - [MESSAGE][PASSED] - Browser is closed]]></system-out>
         <system-err><![CDATA[]]></system-err>
      </testcase>
      <testcase name="Test Cases/Question bank/Edit a essay question" time="108.322" classname="Test Cases/Question bank/Edit a essay question" status="PASSED">
         <system-out><![CDATA[2022-01-14 11:03:40 - [TEST_CASE][PASSED] - Test Cases/Question bank/Edit a essay question: Test Cases/Question bank/Edit a essay question

2022-01-14 11:03:40 - [TEST_STEP][PASSED] - openBrowser(""): Browser is opened with url: ''

2022-01-14 11:03:40 - [MESSAGE][INFO] - Starting 'Chrome' driver

2022-01-14 11:03:40 - [MESSAGE][INFO] - Action delay is set to 0 milliseconds

2022-01-14 11:03:41 - [MESSAGE][PASSED] - Browser is opened with url: ''

2022-01-14 11:03:41 - [TEST_STEP][PASSED] - navigateToUrl("http://localhost/"): Navigate to 'http://localhost/' successfully

2022-01-14 11:03:42 - [MESSAGE][PASSED] - Navigate to 'http://localhost/' successfully

2022-01-14 11:03:42 - [TEST_STEP][PASSED] - click(findTestObject("Object Repository/Page_L Tm Anh/a_Log in")): Object: 'Object Repository/Page_L Tm Anh/a_Log in' is clicked on

2022-01-14 11:03:43 - [MESSAGE][PASSED] - Object: 'Object Repository/Page_L Tm Anh/a_Log in' is clicked on

2022-01-14 11:03:43 - [TEST_STEP][PASSED] - setText(findTestObject("Object Repository/Page_L Tm Anh Log in to the site/input_Username_username"), "beta"): Text 'beta' is set on object 'Object Repository/Page_L Tm Anh Log in to the site/input_Username_username'

2022-01-14 11:03:44 - [MESSAGE][PASSED] - Text 'beta' is set on object 'Object Repository/Page_L Tm Anh Log in to the site/input_Username_username'

2022-01-14 11:03:44 - [TEST_STEP][PASSED] - setEncryptedText(findTestObject("Object Repository/Page_L Tm Anh Log in to the site/input_Password_password"), "eGmz8XUbrLe3vUQiiiujBg=="): Text ****** has been set on object 'Object Repository/Page_L Tm Anh Log in to the site/input_Password_password'

2022-01-14 11:03:44 - [MESSAGE][PASSED] - Text ****** has been set on object 'Object Repository/Page_L Tm Anh Log in to the site/input_Password_password'

2022-01-14 11:03:44 - [TEST_STEP][PASSED] - click(findTestObject("Object Repository/Page_L Tm Anh Log in to the site/button_Log in")): Object: 'Object Repository/Page_L Tm Anh Log in to the site/button_Log in' is clicked on

2022-01-14 11:03:45 - [MESSAGE][PASSED] - Object: 'Object Repository/Page_L Tm Anh Log in to the site/button_Log in' is clicked on

2022-01-14 11:03:45 - [TEST_STEP][PASSED] - click(findTestObject("Object Repository/Page_Dashboard/a_My courses")): Object: 'Object Repository/Page_Dashboard/a_My courses' is clicked on

2022-01-14 11:04:16 - [MESSAGE][INFO] - Unable to find the element located by 'By.xpath: //ul[@id='moremenu-61e0e36aac914-navbar-nav']/li[3]/a'. Please recheck the objects properties to make sure the desired element is located. 

2022-01-14 11:04:16 - [MESSAGE][WARNING] - [SELF-HEALING] Failed to find element with id 'Object Repository/Page_Dashboard/a_My courses'. Try using Self-healing.

2022-01-14 11:04:17 - [MESSAGE][WARNING] - [SELF-HEALING] The current locator of test object 'Object Repository/Page_Dashboard/a_My courses' was broken. Propose an alternative one: '//a[contains(text(),'My courses')]'.

2022-01-14 11:04:17 - [MESSAGE][PASSED] - Object: 'Object Repository/Page_Dashboard/a_My courses' is clicked on

2022-01-14 11:04:17 - [TEST_STEP][PASSED] - click(findTestObject("Object Repository/Page_My courses/div_Course image")): Object: 'Object Repository/Page_My courses/div_Course image' is clicked on

2022-01-14 11:04:18 - [MESSAGE][PASSED] - Object: 'Object Repository/Page_My courses/div_Course image' is clicked on

2022-01-14 11:04:18 - [TEST_STEP][PASSED] - click(findTestObject("Object Repository/Page_Course 2/a_More")): Object: 'Object Repository/Page_Course 2/a_More' is clicked on

2022-01-14 11:04:50 - [MESSAGE][INFO] - Unable to find the element located by 'By.xpath: //a[@id='moremenu-dropdown-61dcbc055a0de']'. Please recheck the objects properties to make sure the desired element is located. 

2022-01-14 11:04:50 - [MESSAGE][WARNING] - [SELF-HEALING] Failed to find element with id 'Object Repository/Page_Course 2/a_More'. Try using Self-healing.

2022-01-14 11:04:50 - [MESSAGE][WARNING] - [SELF-HEALING] The current locator of test object 'Object Repository/Page_Course 2/a_More' was broken. Propose an alternative one: '(//a[contains(text(),'More')])[2]'.

2022-01-14 11:04:50 - [MESSAGE][PASSED] - Object: 'Object Repository/Page_Course 2/a_More' is clicked on

2022-01-14 11:04:50 - [TEST_STEP][PASSED] - click(findTestObject("Object Repository/Page_Course 2/a_Question bank")): Object: 'Object Repository/Page_Course 2/a_Question bank' is clicked on

2022-01-14 11:05:21 - [MESSAGE][INFO] - Unable to find the element located by 'By.xpath: //li[@id='yui_3_17_2_1_1641856005443_47']/ul/li/a'. Please recheck the objects properties to make sure the desired element is located. 

2022-01-14 11:05:21 - [MESSAGE][WARNING] - [SELF-HEALING] Failed to find element with id 'Object Repository/Page_Course 2/a_Question bank'. Try using Self-healing.

2022-01-14 11:05:21 - [MESSAGE][WARNING] - [SELF-HEALING] The current locator of test object 'Object Repository/Page_Course 2/a_Question bank' was broken. Propose an alternative one: '//a[contains(text(),'Question bank')]'.

2022-01-14 11:05:22 - [MESSAGE][PASSED] - Object: 'Object Repository/Page_Course 2/a_Question bank' is clicked on

2022-01-14 11:05:22 - [TEST_STEP][PASSED] - scrollToElement(findTestObject("Object Repository/Page_Edit questions/a_Edit"), 0): Scroll to object 'Object Repository/Page_Edit questions/a_Edit' successfully

2022-01-14 11:05:22 - [MESSAGE][WARNING] - Timeout '0' is invalid. Using default page load timeout: '30'

2022-01-14 11:05:23 - [MESSAGE][PASSED] - Scroll to object 'Object Repository/Page_Edit questions/a_Edit' successfully

2022-01-14 11:05:23 - [TEST_STEP][PASSED] - click(findTestObject("Object Repository/Page_Edit questions/a_Edit")): Object: 'Object Repository/Page_Edit questions/a_Edit' is clicked on

2022-01-14 11:05:23 - [MESSAGE][PASSED] - Object: 'Object Repository/Page_Edit questions/a_Edit' is clicked on

2022-01-14 11:05:23 - [TEST_STEP][PASSED] - click(findTestObject("Object Repository/Page_Edit questions/a_Edit question")): Object: 'Object Repository/Page_Edit questions/a_Edit question' is clicked on

2022-01-14 11:05:24 - [MESSAGE][PASSED] - Object: 'Object Repository/Page_Edit questions/a_Edit question' is clicked on

2022-01-14 11:05:24 - [TEST_STEP][PASSED] - click(findTestObject("Object Repository/Page_Editing an Essay question/div_Question name")): Object: 'Object Repository/Page_Editing an Essay question/div_Question name' is clicked on

2022-01-14 11:05:25 - [MESSAGE][PASSED] - Object: 'Object Repository/Page_Editing an Essay question/div_Question name' is clicked on

2022-01-14 11:05:25 - [TEST_STEP][PASSED] - setText(findTestObject("Object Repository/Page_Editing an Essay question/input_Question name_name"), "Quiz 5"): Text 'Quiz 5' is set on object 'Object Repository/Page_Editing an Essay question/input_Question name_name'

2022-01-14 11:05:26 - [MESSAGE][PASSED] - Text 'Quiz 5' is set on object 'Object Repository/Page_Editing an Essay question/input_Question name_name'

2022-01-14 11:05:26 - [TEST_STEP][PASSED] - click(findTestObject("Object Repository/Page_Editing an Essay question/input_Preview_submitbutton")): Object: 'Object Repository/Page_Editing an Essay question/input_Preview_submitbutton' is clicked on

2022-01-14 11:05:27 - [MESSAGE][PASSED] - Object: 'Object Repository/Page_Editing an Essay question/input_Preview_submitbutton' is clicked on

2022-01-14 11:05:27 - [TEST_STEP][PASSED] - closeBrowser(): Browser is closed

2022-01-14 11:05:28 - [MESSAGE][PASSED] - Browser is closed]]></system-out>
         <system-err><![CDATA[]]></system-err>
      </testcase>
      <testcase name="Test Cases/Question bank/Preview a question in question bank" time="108.229" classname="Test Cases/Question bank/Preview a question in question bank" status="PASSED">
         <system-out><![CDATA[2022-01-14 11:05:28 - [TEST_CASE][PASSED] - Test Cases/Question bank/Preview a question in question bank: Test Cases/Question bank/Preview a question in question bank

2022-01-14 11:05:28 - [TEST_STEP][PASSED] - openBrowser(""): Browser is opened with url: ''

2022-01-14 11:05:28 - [MESSAGE][INFO] - Starting 'Chrome' driver

2022-01-14 11:05:28 - [MESSAGE][INFO] - Action delay is set to 0 milliseconds

2022-01-14 11:05:30 - [MESSAGE][PASSED] - Browser is opened with url: ''

2022-01-14 11:05:30 - [TEST_STEP][PASSED] - navigateToUrl("http://localhost/"): Navigate to 'http://localhost/' successfully

2022-01-14 11:05:30 - [MESSAGE][PASSED] - Navigate to 'http://localhost/' successfully

2022-01-14 11:05:30 - [TEST_STEP][PASSED] - click(findTestObject("Object Repository/Page_L Tm Anh/a_Log in")): Object: 'Object Repository/Page_L Tm Anh/a_Log in' is clicked on

2022-01-14 11:05:31 - [MESSAGE][PASSED] - Object: 'Object Repository/Page_L Tm Anh/a_Log in' is clicked on

2022-01-14 11:05:31 - [TEST_STEP][PASSED] - setText(findTestObject("Object Repository/Page_L Tm Anh Log in to the site/input_Username_username"), "beta"): Text 'beta' is set on object 'Object Repository/Page_L Tm Anh Log in to the site/input_Username_username'

2022-01-14 11:05:32 - [MESSAGE][PASSED] - Text 'beta' is set on object 'Object Repository/Page_L Tm Anh Log in to the site/input_Username_username'

2022-01-14 11:05:32 - [TEST_STEP][PASSED] - setEncryptedText(findTestObject("Object Repository/Page_L Tm Anh Log in to the site/input_Password_password"), "eGmz8XUbrLe3vUQiiiujBg=="): Text ****** has been set on object 'Object Repository/Page_L Tm Anh Log in to the site/input_Password_password'

2022-01-14 11:05:32 - [MESSAGE][PASSED] - Text ****** has been set on object 'Object Repository/Page_L Tm Anh Log in to the site/input_Password_password'

2022-01-14 11:05:32 - [TEST_STEP][PASSED] - click(findTestObject("Object Repository/Page_L Tm Anh Log in to the site/button_Log in")): Object: 'Object Repository/Page_L Tm Anh Log in to the site/button_Log in' is clicked on

2022-01-14 11:05:33 - [MESSAGE][PASSED] - Object: 'Object Repository/Page_L Tm Anh Log in to the site/button_Log in' is clicked on

2022-01-14 11:05:33 - [TEST_STEP][PASSED] - click(findTestObject("Object Repository/Page_Dashboard/a_My courses")): Object: 'Object Repository/Page_Dashboard/a_My courses' is clicked on

2022-01-14 11:06:04 - [MESSAGE][INFO] - Unable to find the element located by 'By.xpath: //ul[@id='moremenu-61e0e36aac914-navbar-nav']/li[3]/a'. Please recheck the objects properties to make sure the desired element is located. 

2022-01-14 11:06:04 - [MESSAGE][WARNING] - [SELF-HEALING] Failed to find element with id 'Object Repository/Page_Dashboard/a_My courses'. Try using Self-healing.

2022-01-14 11:06:05 - [MESSAGE][WARNING] - [SELF-HEALING] The current locator of test object 'Object Repository/Page_Dashboard/a_My courses' was broken. Propose an alternative one: '//a[contains(text(),'My courses')]'.

2022-01-14 11:06:05 - [MESSAGE][PASSED] - Object: 'Object Repository/Page_Dashboard/a_My courses' is clicked on

2022-01-14 11:06:05 - [TEST_STEP][PASSED] - click(findTestObject("Object Repository/Page_My courses/div_Course image")): Object: 'Object Repository/Page_My courses/div_Course image' is clicked on

2022-01-14 11:06:07 - [MESSAGE][PASSED] - Object: 'Object Repository/Page_My courses/div_Course image' is clicked on

2022-01-14 11:06:07 - [TEST_STEP][PASSED] - click(findTestObject("Object Repository/Page_Course 2/a_More")): Object: 'Object Repository/Page_Course 2/a_More' is clicked on

2022-01-14 11:06:38 - [MESSAGE][INFO] - Unable to find the element located by 'By.xpath: //a[@id='moremenu-dropdown-61dcbc055a0de']'. Please recheck the objects properties to make sure the desired element is located. 

2022-01-14 11:06:38 - [MESSAGE][WARNING] - [SELF-HEALING] Failed to find element with id 'Object Repository/Page_Course 2/a_More'. Try using Self-healing.

2022-01-14 11:06:38 - [MESSAGE][WARNING] - [SELF-HEALING] The current locator of test object 'Object Repository/Page_Course 2/a_More' was broken. Propose an alternative one: '(//a[contains(text(),'More')])[2]'.

2022-01-14 11:06:38 - [MESSAGE][PASSED] - Object: 'Object Repository/Page_Course 2/a_More' is clicked on

2022-01-14 11:06:38 - [TEST_STEP][PASSED] - click(findTestObject("Object Repository/Page_Course 2/a_Question bank")): Object: 'Object Repository/Page_Course 2/a_Question bank' is clicked on

2022-01-14 11:07:09 - [MESSAGE][INFO] - Unable to find the element located by 'By.xpath: //li[@id='yui_3_17_2_1_1641856005443_47']/ul/li/a'. Please recheck the objects properties to make sure the desired element is located. 

2022-01-14 11:07:09 - [MESSAGE][WARNING] - [SELF-HEALING] Failed to find element with id 'Object Repository/Page_Course 2/a_Question bank'. Try using Self-healing.

2022-01-14 11:07:10 - [MESSAGE][WARNING] - [SELF-HEALING] The current locator of test object 'Object Repository/Page_Course 2/a_Question bank' was broken. Propose an alternative one: '//a[contains(text(),'Question bank')]'.

2022-01-14 11:07:11 - [MESSAGE][PASSED] - Object: 'Object Repository/Page_Course 2/a_Question bank' is clicked on

2022-01-14 11:07:11 - [TEST_STEP][PASSED] - scrollToElement(findTestObject("Object Repository/Page_Edit questions/a_Edit"), 0): Scroll to object 'Object Repository/Page_Edit questions/a_Edit' successfully

2022-01-14 11:07:11 - [MESSAGE][WARNING] - Timeout '0' is invalid. Using default page load timeout: '30'

2022-01-14 11:07:12 - [MESSAGE][PASSED] - Scroll to object 'Object Repository/Page_Edit questions/a_Edit' successfully

2022-01-14 11:07:12 - [TEST_STEP][PASSED] - click(findTestObject("Object Repository/Page_Edit questions/a_Edit")): Object: 'Object Repository/Page_Edit questions/a_Edit' is clicked on

2022-01-14 11:07:12 - [MESSAGE][PASSED] - Object: 'Object Repository/Page_Edit questions/a_Edit' is clicked on

2022-01-14 11:07:12 - [TEST_STEP][PASSED] - click(findTestObject("Object Repository/Page_Edit questions/span_Preview")): Object: 'Object Repository/Page_Edit questions/span_Preview' is clicked on

2022-01-14 11:07:14 - [MESSAGE][PASSED] - Object: 'Object Repository/Page_Edit questions/span_Preview' is clicked on

2022-01-14 11:07:14 - [TEST_STEP][PASSED] - click(findTestObject("Object Repository/Page_Preview question Quiz 5/input_Rich text editor_finish")): Object: 'Object Repository/Page_Preview question Quiz 5/input_Rich text editor_finish' is clicked on

2022-01-14 11:07:15 - [MESSAGE][PASSED] - Object: 'Object Repository/Page_Preview question Quiz 5/input_Rich text editor_finish' is clicked on

2022-01-14 11:07:15 - [TEST_STEP][PASSED] - click(findTestObject("Object Repository/Page_Preview question Quiz 5/a_Close preview")): Object: 'Object Repository/Page_Preview question Quiz 5/a_Close preview' is clicked on

2022-01-14 11:07:16 - [MESSAGE][PASSED] - Object: 'Object Repository/Page_Preview question Quiz 5/a_Close preview' is clicked on

2022-01-14 11:07:16 - [TEST_STEP][PASSED] - closeBrowser(): Browser is closed

2022-01-14 11:07:16 - [MESSAGE][PASSED] - Browser is closed]]></system-out>
         <system-err><![CDATA[]]></system-err>
      </testcase>
      <testcase name="Test Cases/Question bank/Export essay quesion as XML" time="105.957" classname="Test Cases/Question bank/Export essay quesion as XML" status="PASSED">
         <system-out><![CDATA[2022-01-14 11:07:16 - [TEST_CASE][PASSED] - Test Cases/Question bank/Export essay quesion as XML: Test Cases/Question bank/Export essay quesion as XML

2022-01-14 11:07:17 - [TEST_STEP][PASSED] - openBrowser(""): Browser is opened with url: ''

2022-01-14 11:07:17 - [MESSAGE][INFO] - Starting 'Chrome' driver

2022-01-14 11:07:17 - [MESSAGE][INFO] - Action delay is set to 0 milliseconds

2022-01-14 11:07:18 - [MESSAGE][PASSED] - Browser is opened with url: ''

2022-01-14 11:07:18 - [TEST_STEP][PASSED] - navigateToUrl("http://localhost/"): Navigate to 'http://localhost/' successfully

2022-01-14 11:07:19 - [MESSAGE][PASSED] - Navigate to 'http://localhost/' successfully

2022-01-14 11:07:19 - [TEST_STEP][PASSED] - click(findTestObject("Object Repository/Page_L Tm Anh/a_Log in")): Object: 'Object Repository/Page_L Tm Anh/a_Log in' is clicked on

2022-01-14 11:07:20 - [MESSAGE][PASSED] - Object: 'Object Repository/Page_L Tm Anh/a_Log in' is clicked on

2022-01-14 11:07:20 - [TEST_STEP][PASSED] - setText(findTestObject("Object Repository/Page_L Tm Anh Log in to the site/input_Username_username"), "beta"): Text 'beta' is set on object 'Object Repository/Page_L Tm Anh Log in to the site/input_Username_username'

2022-01-14 11:07:20 - [MESSAGE][PASSED] - Text 'beta' is set on object 'Object Repository/Page_L Tm Anh Log in to the site/input_Username_username'

2022-01-14 11:07:20 - [TEST_STEP][PASSED] - setEncryptedText(findTestObject("Object Repository/Page_L Tm Anh Log in to the site/input_Password_password"), "eGmz8XUbrLe3vUQiiiujBg=="): Text ****** has been set on object 'Object Repository/Page_L Tm Anh Log in to the site/input_Password_password'

2022-01-14 11:07:21 - [MESSAGE][PASSED] - Text ****** has been set on object 'Object Repository/Page_L Tm Anh Log in to the site/input_Password_password'

2022-01-14 11:07:21 - [TEST_STEP][PASSED] - click(findTestObject("Object Repository/Page_L Tm Anh Log in to the site/button_Log in")): Object: 'Object Repository/Page_L Tm Anh Log in to the site/button_Log in' is clicked on

2022-01-14 11:07:22 - [MESSAGE][PASSED] - Object: 'Object Repository/Page_L Tm Anh Log in to the site/button_Log in' is clicked on

2022-01-14 11:07:22 - [TEST_STEP][PASSED] - click(findTestObject("Object Repository/Page_Dashboard/a_My courses")): Object: 'Object Repository/Page_Dashboard/a_My courses' is clicked on

2022-01-14 11:07:53 - [MESSAGE][INFO] - Unable to find the element located by 'By.xpath: //ul[@id='moremenu-61e0e36aac914-navbar-nav']/li[3]/a'. Please recheck the objects properties to make sure the desired element is located. 

2022-01-14 11:07:53 - [MESSAGE][WARNING] - [SELF-HEALING] Failed to find element with id 'Object Repository/Page_Dashboard/a_My courses'. Try using Self-healing.

2022-01-14 11:07:53 - [MESSAGE][WARNING] - [SELF-HEALING] The current locator of test object 'Object Repository/Page_Dashboard/a_My courses' was broken. Propose an alternative one: '//a[contains(text(),'My courses')]'.

2022-01-14 11:07:54 - [MESSAGE][PASSED] - Object: 'Object Repository/Page_Dashboard/a_My courses' is clicked on

2022-01-14 11:07:54 - [TEST_STEP][PASSED] - click(findTestObject("Object Repository/Page_My courses/div_Course image")): Object: 'Object Repository/Page_My courses/div_Course image' is clicked on

2022-01-14 11:07:55 - [MESSAGE][PASSED] - Object: 'Object Repository/Page_My courses/div_Course image' is clicked on

2022-01-14 11:07:55 - [TEST_STEP][PASSED] - click(findTestObject("Object Repository/Page_Course 2/a_More")): Object: 'Object Repository/Page_Course 2/a_More' is clicked on

2022-01-14 11:08:26 - [MESSAGE][INFO] - Unable to find the element located by 'By.xpath: //a[@id='moremenu-dropdown-61dcbc055a0de']'. Please recheck the objects properties to make sure the desired element is located. 

2022-01-14 11:08:26 - [MESSAGE][WARNING] - [SELF-HEALING] Failed to find element with id 'Object Repository/Page_Course 2/a_More'. Try using Self-healing.

2022-01-14 11:08:27 - [MESSAGE][WARNING] - [SELF-HEALING] The current locator of test object 'Object Repository/Page_Course 2/a_More' was broken. Propose an alternative one: '(//a[contains(text(),'More')])[2]'.

2022-01-14 11:08:27 - [MESSAGE][PASSED] - Object: 'Object Repository/Page_Course 2/a_More' is clicked on

2022-01-14 11:08:27 - [TEST_STEP][PASSED] - click(findTestObject("Object Repository/Page_Course 2/a_Question bank")): Object: 'Object Repository/Page_Course 2/a_Question bank' is clicked on

2022-01-14 11:08:58 - [MESSAGE][INFO] - Unable to find the element located by 'By.xpath: //li[@id='yui_3_17_2_1_1641856005443_47']/ul/li/a'. Please recheck the objects properties to make sure the desired element is located. 

2022-01-14 11:08:58 - [MESSAGE][WARNING] - [SELF-HEALING] Failed to find element with id 'Object Repository/Page_Course 2/a_Question bank'. Try using Self-healing.

2022-01-14 11:08:58 - [MESSAGE][WARNING] - [SELF-HEALING] The current locator of test object 'Object Repository/Page_Course 2/a_Question bank' was broken. Propose an alternative one: '//a[contains(text(),'Question bank')]'.

2022-01-14 11:09:00 - [MESSAGE][PASSED] - Object: 'Object Repository/Page_Course 2/a_Question bank' is clicked on

2022-01-14 11:09:00 - [TEST_STEP][PASSED] - scrollToElement(findTestObject("Object Repository/Page_Edit questions/a_Edit"), 0): Scroll to object 'Object Repository/Page_Edit questions/a_Edit' successfully

2022-01-14 11:09:00 - [MESSAGE][WARNING] - Timeout '0' is invalid. Using default page load timeout: '30'

2022-01-14 11:09:00 - [MESSAGE][PASSED] - Scroll to object 'Object Repository/Page_Edit questions/a_Edit' successfully

2022-01-14 11:09:00 - [TEST_STEP][PASSED] - click(findTestObject("Object Repository/Page_Edit questions/a_Edit")): Object: 'Object Repository/Page_Edit questions/a_Edit' is clicked on

2022-01-14 11:09:01 - [MESSAGE][PASSED] - Object: 'Object Repository/Page_Edit questions/a_Edit' is clicked on

2022-01-14 11:09:01 - [TEST_STEP][PASSED] - click(findTestObject("Object Repository/Page_Edit questions/span_Export as Moodle XML")): Object: 'Object Repository/Page_Edit questions/span_Export as Moodle XML' is clicked on

2022-01-14 11:09:01 - [MESSAGE][PASSED] - Object: 'Object Repository/Page_Edit questions/span_Export as Moodle XML' is clicked on

2022-01-14 11:09:01 - [TEST_STEP][PASSED] - closeBrowser(): Browser is closed

2022-01-14 11:09:02 - [MESSAGE][PASSED] - Browser is closed]]></system-out>
         <system-err><![CDATA[]]></system-err>
      </testcase>
      <testcase name="Test Cases/Question bank/Delete a question in question bank" time="136.798" classname="Test Cases/Question bank/Delete a question in question bank" status="PASSED">
         <system-out><![CDATA[2022-01-14 11:09:02 - [TEST_CASE][PASSED] - Test Cases/Question bank/Delete a question in question bank: Test Cases/Question bank/Delete a question in question bank

2022-01-14 11:09:03 - [TEST_STEP][PASSED] - openBrowser(""): Browser is opened with url: ''

2022-01-14 11:09:03 - [MESSAGE][INFO] - Starting 'Chrome' driver

2022-01-14 11:09:03 - [MESSAGE][INFO] - Action delay is set to 0 milliseconds

2022-01-14 11:09:04 - [MESSAGE][PASSED] - Browser is opened with url: ''

2022-01-14 11:09:04 - [TEST_STEP][PASSED] - navigateToUrl("http://localhost/"): Navigate to 'http://localhost/' successfully

2022-01-14 11:09:05 - [MESSAGE][PASSED] - Navigate to 'http://localhost/' successfully

2022-01-14 11:09:05 - [TEST_STEP][PASSED] - click(findTestObject("Object Repository/Page_L Tm Anh/a_Log in")): Object: 'Object Repository/Page_L Tm Anh/a_Log in' is clicked on

2022-01-14 11:09:05 - [MESSAGE][PASSED] - Object: 'Object Repository/Page_L Tm Anh/a_Log in' is clicked on

2022-01-14 11:09:05 - [TEST_STEP][PASSED] - setText(findTestObject("Object Repository/Page_L Tm Anh Log in to the site/input_Username_username"), "beta"): Text 'beta' is set on object 'Object Repository/Page_L Tm Anh Log in to the site/input_Username_username'

2022-01-14 11:09:06 - [MESSAGE][PASSED] - Text 'beta' is set on object 'Object Repository/Page_L Tm Anh Log in to the site/input_Username_username'

2022-01-14 11:09:06 - [TEST_STEP][PASSED] - setEncryptedText(findTestObject("Object Repository/Page_L Tm Anh Log in to the site/input_Password_password"), "eGmz8XUbrLe3vUQiiiujBg=="): Text ****** has been set on object 'Object Repository/Page_L Tm Anh Log in to the site/input_Password_password'

2022-01-14 11:09:06 - [MESSAGE][PASSED] - Text ****** has been set on object 'Object Repository/Page_L Tm Anh Log in to the site/input_Password_password'

2022-01-14 11:09:06 - [TEST_STEP][PASSED] - click(findTestObject("Object Repository/Page_L Tm Anh Log in to the site/button_Log in")): Object: 'Object Repository/Page_L Tm Anh Log in to the site/button_Log in' is clicked on

2022-01-14 11:09:07 - [MESSAGE][PASSED] - Object: 'Object Repository/Page_L Tm Anh Log in to the site/button_Log in' is clicked on

2022-01-14 11:09:07 - [TEST_STEP][PASSED] - click(findTestObject("Object Repository/Page_Dashboard/a_My courses")): Object: 'Object Repository/Page_Dashboard/a_My courses' is clicked on

2022-01-14 11:09:39 - [MESSAGE][INFO] - Unable to find the element located by 'By.xpath: //ul[@id='moremenu-61e0e36aac914-navbar-nav']/li[3]/a'. Please recheck the objects properties to make sure the desired element is located. 

2022-01-14 11:09:39 - [MESSAGE][WARNING] - [SELF-HEALING] Failed to find element with id 'Object Repository/Page_Dashboard/a_My courses'. Try using Self-healing.

2022-01-14 11:09:39 - [MESSAGE][WARNING] - [SELF-HEALING] The current locator of test object 'Object Repository/Page_Dashboard/a_My courses' was broken. Propose an alternative one: '//a[contains(text(),'My courses')]'.

2022-01-14 11:09:39 - [MESSAGE][PASSED] - Object: 'Object Repository/Page_Dashboard/a_My courses' is clicked on

2022-01-14 11:09:39 - [TEST_STEP][PASSED] - click(findTestObject("Object Repository/Page_My courses/div_Course image")): Object: 'Object Repository/Page_My courses/div_Course image' is clicked on

2022-01-14 11:09:41 - [MESSAGE][PASSED] - Object: 'Object Repository/Page_My courses/div_Course image' is clicked on

2022-01-14 11:09:41 - [TEST_STEP][PASSED] - click(findTestObject("Object Repository/Page_Course 2/a_More")): Object: 'Object Repository/Page_Course 2/a_More' is clicked on

2022-01-14 11:10:12 - [MESSAGE][INFO] - Unable to find the element located by 'By.xpath: //a[@id='moremenu-dropdown-61dcbc055a0de']'. Please recheck the objects properties to make sure the desired element is located. 

2022-01-14 11:10:12 - [MESSAGE][WARNING] - [SELF-HEALING] Failed to find element with id 'Object Repository/Page_Course 2/a_More'. Try using Self-healing.

2022-01-14 11:10:12 - [MESSAGE][WARNING] - [SELF-HEALING] The current locator of test object 'Object Repository/Page_Course 2/a_More' was broken. Propose an alternative one: '(//a[contains(text(),'More')])[2]'.

2022-01-14 11:10:12 - [MESSAGE][PASSED] - Object: 'Object Repository/Page_Course 2/a_More' is clicked on

2022-01-14 11:10:12 - [TEST_STEP][PASSED] - click(findTestObject("Object Repository/Page_Course 2/a_Question bank")): Object: 'Object Repository/Page_Course 2/a_Question bank' is clicked on

2022-01-14 11:10:43 - [MESSAGE][INFO] - Unable to find the element located by 'By.xpath: //li[@id='yui_3_17_2_1_1641856005443_47']/ul/li/a'. Please recheck the objects properties to make sure the desired element is located. 

2022-01-14 11:10:43 - [MESSAGE][WARNING] - [SELF-HEALING] Failed to find element with id 'Object Repository/Page_Course 2/a_Question bank'. Try using Self-healing.

2022-01-14 11:10:43 - [MESSAGE][WARNING] - [SELF-HEALING] The current locator of test object 'Object Repository/Page_Course 2/a_Question bank' was broken. Propose an alternative one: '//a[contains(text(),'Question bank')]'.

2022-01-14 11:10:44 - [MESSAGE][PASSED] - Object: 'Object Repository/Page_Course 2/a_Question bank' is clicked on

2022-01-14 11:10:44 - [TEST_STEP][PASSED] - scrollToElement(findTestObject("Object Repository/Page_Edit questions/a_Edit"), 0): Scroll to object 'Object Repository/Page_Edit questions/a_Edit' successfully

2022-01-14 11:10:44 - [MESSAGE][WARNING] - Timeout '0' is invalid. Using default page load timeout: '30'

2022-01-14 11:10:45 - [MESSAGE][PASSED] - Scroll to object 'Object Repository/Page_Edit questions/a_Edit' successfully

2022-01-14 11:10:45 - [TEST_STEP][PASSED] - click(findTestObject("Object Repository/Page_Edit questions/a_Edit")): Object: 'Object Repository/Page_Edit questions/a_Edit' is clicked on

2022-01-14 11:10:45 - [MESSAGE][PASSED] - Object: 'Object Repository/Page_Edit questions/a_Edit' is clicked on

2022-01-14 11:10:45 - [TEST_STEP][PASSED] - click(findTestObject("Object Repository/Page_Edit questions/a_Delete")): Object: 'Object Repository/Page_Edit questions/a_Delete' is clicked on

2022-01-14 11:10:46 - [MESSAGE][PASSED] - Object: 'Object Repository/Page_Edit questions/a_Delete' is clicked on

2022-01-14 11:10:46 - [TEST_STEP][PASSED] - click(findTestObject("Object Repository/Page_Delete selected question/button_Delete")): Object: 'Object Repository/Page_Delete selected question/button_Delete' is clicked on

2022-01-14 11:11:17 - [MESSAGE][INFO] - Unable to find the element located by 'By.xpath: //button[@id='single_button61dcbc1b7f5f96']'. Please recheck the objects properties to make sure the desired element is located. 

2022-01-14 11:11:17 - [MESSAGE][WARNING] - [SELF-HEALING] Failed to find element with id 'Object Repository/Page_Delete selected question/button_Delete'. Try using Self-healing.

2022-01-14 11:11:18 - [MESSAGE][WARNING] - [SELF-HEALING] The current locator of test object 'Object Repository/Page_Delete selected question/button_Delete' was broken. Propose an alternative one: '//div[@id='modal-footer']/div/div/form/button'.

2022-01-14 11:11:18 - [MESSAGE][PASSED] - Object: 'Object Repository/Page_Delete selected question/button_Delete' is clicked on

2022-01-14 11:11:18 - [TEST_STEP][PASSED] - closeBrowser(): Browser is closed

2022-01-14 11:11:19 - [MESSAGE][PASSED] - Browser is closed]]></system-out>
         <system-err><![CDATA[]]></system-err>
      </testcase>
      <testcase name="Test Cases/Quiz/Preview a quiz by teacher" time="141.601" classname="Test Cases/Quiz/Preview a quiz by teacher" status="PASSED">
         <system-out><![CDATA[2022-01-14 11:11:19 - [TEST_CASE][PASSED] - Test Cases/Quiz/Preview a quiz by teacher: Test Cases/Quiz/Preview a quiz by teacher

2022-01-14 11:11:19 - [TEST_STEP][PASSED] - openBrowser(""): Browser is opened with url: ''

2022-01-14 11:11:19 - [MESSAGE][INFO] - Starting 'Chrome' driver

2022-01-14 11:11:19 - [MESSAGE][INFO] - Action delay is set to 0 milliseconds

2022-01-14 11:11:21 - [MESSAGE][PASSED] - Browser is opened with url: ''

2022-01-14 11:11:21 - [TEST_STEP][PASSED] - navigateToUrl("http://localhost/"): Navigate to 'http://localhost/' successfully

2022-01-14 11:11:21 - [MESSAGE][PASSED] - Navigate to 'http://localhost/' successfully

2022-01-14 11:11:21 - [TEST_STEP][PASSED] - click(findTestObject("Object Repository/Page_L Tm Anh/a_Log in")): Object: 'Object Repository/Page_L Tm Anh/a_Log in' is clicked on

2022-01-14 11:11:22 - [MESSAGE][PASSED] - Object: 'Object Repository/Page_L Tm Anh/a_Log in' is clicked on

2022-01-14 11:11:22 - [TEST_STEP][PASSED] - setText(findTestObject("Object Repository/Page_L Tm Anh Log in to the site/input_Username_username"), "admin"): Text 'admin' is set on object 'Object Repository/Page_L Tm Anh Log in to the site/input_Username_username'

2022-01-14 11:11:23 - [MESSAGE][PASSED] - Text 'admin' is set on object 'Object Repository/Page_L Tm Anh Log in to the site/input_Username_username'

2022-01-14 11:11:23 - [TEST_STEP][PASSED] - setEncryptedText(findTestObject("Object Repository/Page_L Tm Anh Log in to the site/input_Password_password"), "eGmz8XUbrLe3vUQiiiujBg=="): Text ****** has been set on object 'Object Repository/Page_L Tm Anh Log in to the site/input_Password_password'

2022-01-14 11:11:23 - [MESSAGE][PASSED] - Text ****** has been set on object 'Object Repository/Page_L Tm Anh Log in to the site/input_Password_password'

2022-01-14 11:11:23 - [TEST_STEP][PASSED] - click(findTestObject("Object Repository/Page_L Tm Anh Log in to the site/button_Log in")): Object: 'Object Repository/Page_L Tm Anh Log in to the site/button_Log in' is clicked on

2022-01-14 11:11:24 - [MESSAGE][PASSED] - Object: 'Object Repository/Page_L Tm Anh Log in to the site/button_Log in' is clicked on

2022-01-14 11:11:24 - [TEST_STEP][PASSED] - click(findTestObject("Object Repository/Page_Dashboard/a_My courses")): Object: 'Object Repository/Page_Dashboard/a_My courses' is clicked on

2022-01-14 11:11:55 - [MESSAGE][INFO] - Unable to find the element located by 'By.xpath: //ul[@id='moremenu-61e0e36aac914-navbar-nav']/li[3]/a'. Please recheck the objects properties to make sure the desired element is located. 

2022-01-14 11:11:55 - [MESSAGE][WARNING] - [SELF-HEALING] Failed to find element with id 'Object Repository/Page_Dashboard/a_My courses'. Try using Self-healing.

2022-01-14 11:11:56 - [MESSAGE][WARNING] - [SELF-HEALING] The current locator of test object 'Object Repository/Page_Dashboard/a_My courses' was broken. Propose an alternative one: '//a[contains(text(),'My courses')]'.

2022-01-14 11:11:56 - [MESSAGE][PASSED] - Object: 'Object Repository/Page_Dashboard/a_My courses' is clicked on

2022-01-14 11:11:56 - [TEST_STEP][PASSED] - click(findTestObject("Object Repository/Page_My courses/div_Course image")): Object: 'Object Repository/Page_My courses/div_Course image' is clicked on

2022-01-14 11:11:58 - [MESSAGE][PASSED] - Object: 'Object Repository/Page_My courses/div_Course image' is clicked on

2022-01-14 11:11:58 - [TEST_STEP][PASSED] - scrollToElement(findTestObject("Object Repository/Page_Course 1/a_Quiz 3"), 0): Scroll to object 'Object Repository/Page_Course 1/a_Quiz 3' successfully

2022-01-14 11:11:58 - [MESSAGE][WARNING] - Timeout '0' is invalid. Using default page load timeout: '30'

2022-01-14 11:11:59 - [MESSAGE][PASSED] - Scroll to object 'Object Repository/Page_Course 1/a_Quiz 3' successfully

2022-01-14 11:11:59 - [TEST_STEP][PASSED] - click(findTestObject("Object Repository/Page_Course 1/a_Quiz 3")): Object: 'Object Repository/Page_Course 1/a_Quiz 3' is clicked on

2022-01-14 11:12:00 - [MESSAGE][PASSED] - Object: 'Object Repository/Page_Course 1/a_Quiz 3' is clicked on

2022-01-14 11:12:00 - [TEST_STEP][PASSED] - click(findTestObject("Object Repository/Page_1 Quiz 3/a_Preview quiz")): Object: 'Object Repository/Page_1 Quiz 3/a_Preview quiz' is clicked on

2022-01-14 11:12:03 - [MESSAGE][PASSED] - Object: 'Object Repository/Page_1 Quiz 3/a_Preview quiz' is clicked on

2022-01-14 11:12:03 - [TEST_STEP][PASSED] - scrollToElement(findTestObject("Object Repository/Page_Quiz 3/input_Rich text editor_next"), 0): Scroll to object 'Object Repository/Page_Quiz 3/input_Rich text editor_next' successfully

2022-01-14 11:12:03 - [MESSAGE][WARNING] - Timeout '0' is invalid. Using default page load timeout: '30'

2022-01-14 11:12:04 - [MESSAGE][PASSED] - Scroll to object 'Object Repository/Page_Quiz 3/input_Rich text editor_next' successfully

2022-01-14 11:12:04 - [TEST_STEP][PASSED] - click(findTestObject("Object Repository/Page_Quiz 3/input_Rich text editor_next")): Object: 'Object Repository/Page_Quiz 3/input_Rich text editor_next' is clicked on

2022-01-14 11:12:05 - [MESSAGE][PASSED] - Object: 'Object Repository/Page_Quiz 3/input_Rich text editor_next' is clicked on

2022-01-14 11:12:05 - [TEST_STEP][PASSED] - scrollToElement(findTestObject("Object Repository/Page_Quiz 3 Attempt summary/button_Submit all and finish"), 0): Scroll to object 'Object Repository/Page_Quiz 3 Attempt summary/button_Submit all and finish' successfully

2022-01-14 11:12:05 - [MESSAGE][WARNING] - Timeout '0' is invalid. Using default page load timeout: '30'

2022-01-14 11:12:36 - [MESSAGE][INFO] - Unable to find the element located by 'By.xpath: //button[@id='single_button61dbe1d0515e48']'. Please recheck the objects properties to make sure the desired element is located. 

2022-01-14 11:12:36 - [MESSAGE][WARNING] - [SELF-HEALING] Failed to find element with id 'Object Repository/Page_Quiz 3 Attempt summary/button_Submit all and finish'. Try using Self-healing.

2022-01-14 11:12:36 - [MESSAGE][WARNING] - [SELF-HEALING] The current locator of test object 'Object Repository/Page_Quiz 3 Attempt summary/button_Submit all and finish' was broken. Propose an alternative one: '//section[@id='region-main']/div/div[4]/div/div/form/button'.

2022-01-14 11:12:36 - [MESSAGE][PASSED] - Scroll to object 'Object Repository/Page_Quiz 3 Attempt summary/button_Submit all and finish' successfully

2022-01-14 11:12:36 - [TEST_STEP][PASSED] - click(findTestObject("Object Repository/Page_Quiz 3 Attempt summary/button_Submit all and finish")): Object: 'Object Repository/Page_Quiz 3 Attempt summary/button_Submit all and finish' is clicked on

2022-01-14 11:13:07 - [MESSAGE][INFO] - Unable to find the element located by 'By.xpath: //button[@id='single_button61dbe1d0515e48']'. Please recheck the objects properties to make sure the desired element is located. 

2022-01-14 11:13:07 - [MESSAGE][WARNING] - [SELF-HEALING] Failed to find element with id 'Object Repository/Page_Quiz 3 Attempt summary/button_Submit all and finish'. Try using Self-healing.

2022-01-14 11:13:08 - [MESSAGE][WARNING] - [SELF-HEALING] The current locator of test object 'Object Repository/Page_Quiz 3 Attempt summary/button_Submit all and finish' was broken. Propose an alternative one: '//section[@id='region-main']/div/div[4]/div/div/form/button'.

2022-01-14 11:13:08 - [MESSAGE][PASSED] - Object: 'Object Repository/Page_Quiz 3 Attempt summary/button_Submit all and finish' is clicked on

2022-01-14 11:13:08 - [TEST_STEP][PASSED] - click(findTestObject("Object Repository/Page_Quiz 3 Attempt summary/input_Once you submit, you will no longer b_9708c7")): Object: 'Object Repository/Page_Quiz 3 Attempt summary/input_Once you submit, you will no longer b_9708c7' is clicked on

2022-01-14 11:13:39 - [MESSAGE][INFO] - Unable to find the element located by 'By.xpath: //input[@id='id_yuiconfirmyes-yui_3_17_2_2_1641799701392_8']'. Please recheck the objects properties to make sure the desired element is located. 

2022-01-14 11:13:39 - [MESSAGE][WARNING] - [SELF-HEALING] Failed to find element with id 'Object Repository/Page_Quiz 3 Attempt summary/input_Once you submit, you will no longer b_9708c7'. Try using Self-healing.

2022-01-14 11:13:39 - [MESSAGE][WARNING] - [SELF-HEALING] The current locator of test object 'Object Repository/Page_Quiz 3 Attempt summary/input_Once you submit, you will no longer b_9708c7' was broken. Propose an alternative one: '//div/div[2]/input'.

2022-01-14 11:13:40 - [MESSAGE][PASSED] - Object: 'Object Repository/Page_Quiz 3 Attempt summary/input_Once you submit, you will no longer b_9708c7' is clicked on

2022-01-14 11:13:40 - [TEST_STEP][PASSED] - closeBrowser(): Browser is closed

2022-01-14 11:13:41 - [MESSAGE][PASSED] - Browser is closed]]></system-out>
         <system-err><![CDATA[]]></system-err>
      </testcase>
      <testcase name="Test Cases/Quiz/Attempt quiz by student" time="140.936" classname="Test Cases/Quiz/Attempt quiz by student" status="PASSED">
         <system-out><![CDATA[2022-01-14 11:13:41 - [TEST_CASE][PASSED] - Test Cases/Quiz/Attempt quiz by student: Test Cases/Quiz/Attempt quiz by student

2022-01-14 11:13:41 - [TEST_STEP][PASSED] - openBrowser(""): Browser is opened with url: ''

2022-01-14 11:13:41 - [MESSAGE][INFO] - Starting 'Chrome' driver

2022-01-14 11:13:41 - [MESSAGE][INFO] - Action delay is set to 0 milliseconds

2022-01-14 11:13:42 - [MESSAGE][PASSED] - Browser is opened with url: ''

2022-01-14 11:13:42 - [TEST_STEP][PASSED] - navigateToUrl("http://localhost/"): Navigate to 'http://localhost/' successfully

2022-01-14 11:13:43 - [MESSAGE][PASSED] - Navigate to 'http://localhost/' successfully

2022-01-14 11:13:43 - [TEST_STEP][PASSED] - click(findTestObject("Object Repository/Page_L Tm Anh/a_Log in")): Object: 'Object Repository/Page_L Tm Anh/a_Log in' is clicked on

2022-01-14 11:13:44 - [MESSAGE][PASSED] - Object: 'Object Repository/Page_L Tm Anh/a_Log in' is clicked on

2022-01-14 11:13:44 - [TEST_STEP][PASSED] - setText(findTestObject("Object Repository/Page_L Tm Anh Log in to the site/input_Username_username"), "anhle2"): Text 'anhle2' is set on object 'Object Repository/Page_L Tm Anh Log in to the site/input_Username_username'

2022-01-14 11:13:44 - [MESSAGE][PASSED] - Text 'anhle2' is set on object 'Object Repository/Page_L Tm Anh Log in to the site/input_Username_username'

2022-01-14 11:13:44 - [TEST_STEP][PASSED] - setEncryptedText(findTestObject("Object Repository/Page_L Tm Anh Log in to the site/input_Password_password"), "eGmz8XUbrLe3vUQiiiujBg=="): Text ****** has been set on object 'Object Repository/Page_L Tm Anh Log in to the site/input_Password_password'

2022-01-14 11:13:45 - [MESSAGE][PASSED] - Text ****** has been set on object 'Object Repository/Page_L Tm Anh Log in to the site/input_Password_password'

2022-01-14 11:13:45 - [TEST_STEP][PASSED] - click(findTestObject("Object Repository/Page_L Tm Anh Log in to the site/button_Log in")): Object: 'Object Repository/Page_L Tm Anh Log in to the site/button_Log in' is clicked on

2022-01-14 11:13:46 - [MESSAGE][PASSED] - Object: 'Object Repository/Page_L Tm Anh Log in to the site/button_Log in' is clicked on

2022-01-14 11:13:46 - [TEST_STEP][PASSED] - click(findTestObject("Object Repository/Page_Dashboard/a_My courses")): Object: 'Object Repository/Page_Dashboard/a_My courses' is clicked on

2022-01-14 11:14:17 - [MESSAGE][INFO] - Unable to find the element located by 'By.xpath: //ul[@id='moremenu-61e0e36aac914-navbar-nav']/li[3]/a'. Please recheck the objects properties to make sure the desired element is located. 

2022-01-14 11:14:17 - [MESSAGE][WARNING] - [SELF-HEALING] Failed to find element with id 'Object Repository/Page_Dashboard/a_My courses'. Try using Self-healing.

2022-01-14 11:14:17 - [MESSAGE][WARNING] - [SELF-HEALING] The current locator of test object 'Object Repository/Page_Dashboard/a_My courses' was broken. Propose an alternative one: '//a[contains(text(),'My courses')]'.

2022-01-14 11:14:18 - [MESSAGE][PASSED] - Object: 'Object Repository/Page_Dashboard/a_My courses' is clicked on

2022-01-14 11:14:18 - [TEST_STEP][PASSED] - click(findTestObject("Object Repository/Page_My courses/div_Course image")): Object: 'Object Repository/Page_My courses/div_Course image' is clicked on

2022-01-14 11:14:19 - [MESSAGE][PASSED] - Object: 'Object Repository/Page_My courses/div_Course image' is clicked on

2022-01-14 11:14:19 - [TEST_STEP][PASSED] - click(findTestObject("Object Repository/Page_Course 1/a_Quiz 3")): Object: 'Object Repository/Page_Course 1/a_Quiz 3' is clicked on

2022-01-14 11:14:21 - [MESSAGE][PASSED] - Object: 'Object Repository/Page_Course 1/a_Quiz 3' is clicked on

2022-01-14 11:14:21 - [TEST_STEP][PASSED] - click(findTestObject("Object Repository/Page_1 Quiz 3/a_Attempt quiz")): Object: 'Object Repository/Page_1 Quiz 3/a_Attempt quiz' is clicked on

2022-01-14 11:14:24 - [MESSAGE][PASSED] - Object: 'Object Repository/Page_1 Quiz 3/a_Attempt quiz' is clicked on

2022-01-14 11:14:24 - [TEST_STEP][PASSED] - scrollToElement(findTestObject("Object Repository/Page_Quiz 3/input_Rich text editor_next"), 0): Scroll to object 'Object Repository/Page_Quiz 3/input_Rich text editor_next' successfully

2022-01-14 11:14:24 - [MESSAGE][WARNING] - Timeout '0' is invalid. Using default page load timeout: '30'

2022-01-14 11:14:24 - [MESSAGE][PASSED] - Scroll to object 'Object Repository/Page_Quiz 3/input_Rich text editor_next' successfully

2022-01-14 11:14:24 - [TEST_STEP][PASSED] - click(findTestObject("Object Repository/Page_Quiz 3/input_Rich text editor_next")): Object: 'Object Repository/Page_Quiz 3/input_Rich text editor_next' is clicked on

2022-01-14 11:14:25 - [MESSAGE][PASSED] - Object: 'Object Repository/Page_Quiz 3/input_Rich text editor_next' is clicked on

2022-01-14 11:14:25 - [TEST_STEP][PASSED] - scrollToElement(findTestObject("Object Repository/Page_Quiz 3 Attempt summary/button_Submit all and finish"), 0): Scroll to object 'Object Repository/Page_Quiz 3 Attempt summary/button_Submit all and finish' successfully

2022-01-14 11:14:25 - [MESSAGE][WARNING] - Timeout '0' is invalid. Using default page load timeout: '30'

2022-01-14 11:14:56 - [MESSAGE][INFO] - Unable to find the element located by 'By.xpath: //button[@id='single_button61dbe1d0515e48']'. Please recheck the objects properties to make sure the desired element is located. 

2022-01-14 11:14:56 - [MESSAGE][WARNING] - [SELF-HEALING] Failed to find element with id 'Object Repository/Page_Quiz 3 Attempt summary/button_Submit all and finish'. Try using Self-healing.

2022-01-14 11:14:57 - [MESSAGE][WARNING] - [SELF-HEALING] The current locator of test object 'Object Repository/Page_Quiz 3 Attempt summary/button_Submit all and finish' was broken. Propose an alternative one: '//section[@id='region-main']/div/div[4]/div/div/form/button'.

2022-01-14 11:14:57 - [MESSAGE][PASSED] - Scroll to object 'Object Repository/Page_Quiz 3 Attempt summary/button_Submit all and finish' successfully

2022-01-14 11:14:57 - [TEST_STEP][PASSED] - click(findTestObject("Object Repository/Page_Quiz 3 Attempt summary/button_Submit all and finish")): Object: 'Object Repository/Page_Quiz 3 Attempt summary/button_Submit all and finish' is clicked on

2022-01-14 11:15:28 - [MESSAGE][INFO] - Unable to find the element located by 'By.xpath: //button[@id='single_button61dbe1d0515e48']'. Please recheck the objects properties to make sure the desired element is located. 

2022-01-14 11:15:28 - [MESSAGE][WARNING] - [SELF-HEALING] Failed to find element with id 'Object Repository/Page_Quiz 3 Attempt summary/button_Submit all and finish'. Try using Self-healing.

2022-01-14 11:15:28 - [MESSAGE][WARNING] - [SELF-HEALING] The current locator of test object 'Object Repository/Page_Quiz 3 Attempt summary/button_Submit all and finish' was broken. Propose an alternative one: '//section[@id='region-main']/div/div[4]/div/div/form/button'.

2022-01-14 11:15:28 - [MESSAGE][PASSED] - Object: 'Object Repository/Page_Quiz 3 Attempt summary/button_Submit all and finish' is clicked on

2022-01-14 11:15:28 - [TEST_STEP][PASSED] - click(findTestObject("Object Repository/Page_Quiz 3 Attempt summary/input_Once you submit, you will no longer b_0cc48a")): Object: 'Object Repository/Page_Quiz 3 Attempt summary/input_Once you submit, you will no longer b_0cc48a' is clicked on

2022-01-14 11:16:00 - [MESSAGE][INFO] - Unable to find the element located by 'By.xpath: //input[@id='id_yuiconfirmyes-yui_3_17_2_2_1641800144491_8']'. Please recheck the objects properties to make sure the desired element is located. 

2022-01-14 11:16:00 - [MESSAGE][WARNING] - [SELF-HEALING] Failed to find element with id 'Object Repository/Page_Quiz 3 Attempt summary/input_Once you submit, you will no longer b_0cc48a'. Try using Self-healing.

2022-01-14 11:16:00 - [MESSAGE][WARNING] - [SELF-HEALING] The current locator of test object 'Object Repository/Page_Quiz 3 Attempt summary/input_Once you submit, you will no longer b_0cc48a' was broken. Propose an alternative one: '//div/div[2]/input'.

2022-01-14 11:16:01 - [MESSAGE][PASSED] - Object: 'Object Repository/Page_Quiz 3 Attempt summary/input_Once you submit, you will no longer b_0cc48a' is clicked on

2022-01-14 11:16:01 - [TEST_STEP][PASSED] - closeBrowser(): Browser is closed

2022-01-14 11:16:02 - [MESSAGE][PASSED] - Browser is closed]]></system-out>
         <system-err><![CDATA[]]></system-err>
      </testcase>
      <testcase name="Test Cases/Quiz/Add new question to quiz (edit quiz)" time="108.866" classname="Test Cases/Quiz/Add new question to quiz (edit quiz)" status="PASSED">
         <system-out><![CDATA[2022-01-14 11:16:02 - [TEST_CASE][PASSED] - Test Cases/Quiz/Add new question to quiz (edit quiz): Test Cases/Quiz/Add new question to quiz (edit quiz)

2022-01-14 11:16:02 - [TEST_STEP][PASSED] - openBrowser(""): Browser is opened with url: ''

2022-01-14 11:16:02 - [MESSAGE][INFO] - Starting 'Chrome' driver

2022-01-14 11:16:02 - [MESSAGE][INFO] - Action delay is set to 0 milliseconds

2022-01-14 11:16:03 - [MESSAGE][PASSED] - Browser is opened with url: ''

2022-01-14 11:16:03 - [TEST_STEP][PASSED] - navigateToUrl("http://localhost/"): Navigate to 'http://localhost/' successfully

2022-01-14 11:16:04 - [MESSAGE][PASSED] - Navigate to 'http://localhost/' successfully

2022-01-14 11:16:04 - [TEST_STEP][PASSED] - click(findTestObject("Object Repository/Page_L Tm Anh/a_Log in")): Object: 'Object Repository/Page_L Tm Anh/a_Log in' is clicked on

2022-01-14 11:16:05 - [MESSAGE][PASSED] - Object: 'Object Repository/Page_L Tm Anh/a_Log in' is clicked on

2022-01-14 11:16:05 - [TEST_STEP][PASSED] - setText(findTestObject("Object Repository/Page_L Tm Anh Log in to the site/input_Username_username"), "anhle8"): Text 'anhle8' is set on object 'Object Repository/Page_L Tm Anh Log in to the site/input_Username_username'

2022-01-14 11:16:06 - [MESSAGE][PASSED] - Text 'anhle8' is set on object 'Object Repository/Page_L Tm Anh Log in to the site/input_Username_username'

2022-01-14 11:16:06 - [TEST_STEP][PASSED] - setEncryptedText(findTestObject("Object Repository/Page_L Tm Anh Log in to the site/input_Password_password"), "eGmz8XUbrLe3vUQiiiujBg=="): Text ****** has been set on object 'Object Repository/Page_L Tm Anh Log in to the site/input_Password_password'

2022-01-14 11:16:06 - [MESSAGE][PASSED] - Text ****** has been set on object 'Object Repository/Page_L Tm Anh Log in to the site/input_Password_password'

2022-01-14 11:16:06 - [TEST_STEP][PASSED] - click(findTestObject("Object Repository/Page_L Tm Anh Log in to the site/button_Log in")): Object: 'Object Repository/Page_L Tm Anh Log in to the site/button_Log in' is clicked on

2022-01-14 11:16:07 - [MESSAGE][PASSED] - Object: 'Object Repository/Page_L Tm Anh Log in to the site/button_Log in' is clicked on

2022-01-14 11:16:07 - [TEST_STEP][PASSED] - click(findTestObject("Object Repository/Page_Dashboard/a_My courses")): Object: 'Object Repository/Page_Dashboard/a_My courses' is clicked on

2022-01-14 11:16:38 - [MESSAGE][INFO] - Unable to find the element located by 'By.xpath: //ul[@id='moremenu-61e0e36aac914-navbar-nav']/li[3]/a'. Please recheck the objects properties to make sure the desired element is located. 

2022-01-14 11:16:38 - [MESSAGE][WARNING] - [SELF-HEALING] Failed to find element with id 'Object Repository/Page_Dashboard/a_My courses'. Try using Self-healing.

2022-01-14 11:16:39 - [MESSAGE][WARNING] - [SELF-HEALING] The current locator of test object 'Object Repository/Page_Dashboard/a_My courses' was broken. Propose an alternative one: '//a[contains(text(),'My courses')]'.

2022-01-14 11:16:40 - [MESSAGE][PASSED] - Object: 'Object Repository/Page_Dashboard/a_My courses' is clicked on

2022-01-14 11:16:40 - [TEST_STEP][PASSED] - click(findTestObject("Object Repository/Page_My courses/div_Course image")): Object: 'Object Repository/Page_My courses/div_Course image' is clicked on

2022-01-14 11:16:42 - [MESSAGE][PASSED] - Object: 'Object Repository/Page_My courses/div_Course image' is clicked on

2022-01-14 11:16:42 - [TEST_STEP][PASSED] - click(findTestObject("Object Repository/Page_Course 6/a_quiz 6")): Object: 'Object Repository/Page_Course 6/a_quiz 6' is clicked on

2022-01-14 11:16:43 - [MESSAGE][PASSED] - Object: 'Object Repository/Page_Course 6/a_quiz 6' is clicked on

2022-01-14 11:16:43 - [TEST_STEP][PASSED] - click(findTestObject("Object Repository/Page_6 quiz 6/a_Edit quiz")): Object: 'Object Repository/Page_6 quiz 6/a_Edit quiz' is clicked on

2022-01-14 11:16:45 - [MESSAGE][PASSED] - Object: 'Object Repository/Page_6 quiz 6/a_Edit quiz' is clicked on

2022-01-14 11:16:45 - [TEST_STEP][PASSED] - click(findTestObject("Object Repository/Page_Editing quiz quiz 6/span_Add")): Object: 'Object Repository/Page_Editing quiz quiz 6/span_Add' is clicked on

2022-01-14 11:17:16 - [MESSAGE][INFO] - Unable to find the element located by 'By.xpath: //span[@id='yui_3_17_2_1_1642035243872_428']'. Please recheck the objects properties to make sure the desired element is located. 

2022-01-14 11:17:16 - [MESSAGE][WARNING] - [SELF-HEALING] Failed to find element with id 'Object Repository/Page_Editing quiz quiz 6/span_Add'. Try using Self-healing.

2022-01-14 11:17:16 - [MESSAGE][WARNING] - [SELF-HEALING] The current locator of test object 'Object Repository/Page_Editing quiz quiz 6/span_Add' was broken. Propose an alternative one: '//a[@id='action-menu-toggle-1']/span'.

2022-01-14 11:17:16 - [MESSAGE][PASSED] - Object: 'Object Repository/Page_Editing quiz quiz 6/span_Add' is clicked on

2022-01-14 11:17:16 - [TEST_STEP][PASSED] - click(findTestObject("Object Repository/Page_Editing quiz quiz 6/a_from question bank")): Object: 'Object Repository/Page_Editing quiz quiz 6/a_from question bank' is clicked on

2022-01-14 11:17:48 - [MESSAGE][INFO] - Unable to find the element located by 'By.xpath: //a[@id='yui_3_17_2_1_1642035243872_454']'. Please recheck the objects properties to make sure the desired element is located. 

2022-01-14 11:17:48 - [MESSAGE][WARNING] - [SELF-HEALING] Failed to find element with id 'Object Repository/Page_Editing quiz quiz 6/a_from question bank'. Try using Self-healing.

2022-01-14 11:17:48 - [MESSAGE][WARNING] - [SELF-HEALING] The current locator of test object 'Object Repository/Page_Editing quiz quiz 6/a_from question bank' was broken. Propose an alternative one: '//div[@id='action-menu-1-menu']/a[2]'.

2022-01-14 11:17:48 - [MESSAGE][PASSED] - Object: 'Object Repository/Page_Editing quiz quiz 6/a_from question bank' is clicked on

2022-01-14 11:17:48 - [TEST_STEP][PASSED] - click(findTestObject("Object Repository/Page_Editing quiz quiz 6/input_Question_q151")): Object: 'Object Repository/Page_Editing quiz quiz 6/input_Question_q151' is clicked on

2022-01-14 11:17:50 - [MESSAGE][PASSED] - Object: 'Object Repository/Page_Editing quiz quiz 6/input_Question_q151' is clicked on

2022-01-14 11:17:50 - [TEST_STEP][PASSED] - click(findTestObject("Object Repository/Page_Editing quiz quiz 6/input_Select_add")): Object: 'Object Repository/Page_Editing quiz quiz 6/input_Select_add' is clicked on

2022-01-14 11:17:51 - [MESSAGE][PASSED] - Object: 'Object Repository/Page_Editing quiz quiz 6/input_Select_add' is clicked on]]></system-out>
         <system-err><![CDATA[]]></system-err>
      </testcase>
      <testcase name="Test Cases/Deadline/View a deadline by student" time="42.576" classname="Test Cases/Deadline/View a deadline by student" status="PASSED">
         <system-out><![CDATA[2022-01-14 11:17:51 - [TEST_CASE][PASSED] - Test Cases/Deadline/View a deadline by student: Test Cases/Deadline/View a deadline by student

2022-01-14 11:17:51 - [TEST_STEP][PASSED] - openBrowser(""): Browser is opened with url: ''

2022-01-14 11:17:51 - [MESSAGE][WARNING] - A browser is already opened. Closing browser and opening a new one

2022-01-14 11:17:52 - [MESSAGE][INFO] - Starting 'Chrome' driver

2022-01-14 11:17:52 - [MESSAGE][INFO] - Action delay is set to 0 milliseconds

2022-01-14 11:17:53 - [MESSAGE][PASSED] - Browser is opened with url: ''

2022-01-14 11:17:53 - [TEST_STEP][PASSED] - navigateToUrl("http://localhost/"): Navigate to 'http://localhost/' successfully

2022-01-14 11:17:54 - [MESSAGE][PASSED] - Navigate to 'http://localhost/' successfully

2022-01-14 11:17:54 - [TEST_STEP][PASSED] - click(findTestObject("Object Repository/Page_L Tm Anh/a_Log in")): Object: 'Object Repository/Page_L Tm Anh/a_Log in' is clicked on

2022-01-14 11:17:54 - [MESSAGE][PASSED] - Object: 'Object Repository/Page_L Tm Anh/a_Log in' is clicked on

2022-01-14 11:17:54 - [TEST_STEP][PASSED] - setText(findTestObject("Object Repository/Page_L Tm Anh Log in to the site/input_Username_username"), "anhle2"): Text 'anhle2' is set on object 'Object Repository/Page_L Tm Anh Log in to the site/input_Username_username'

2022-01-14 11:17:55 - [MESSAGE][PASSED] - Text 'anhle2' is set on object 'Object Repository/Page_L Tm Anh Log in to the site/input_Username_username'

2022-01-14 11:17:55 - [TEST_STEP][PASSED] - setEncryptedText(findTestObject("Object Repository/Page_L Tm Anh Log in to the site/input_Password_password"), "eGmz8XUbrLe3vUQiiiujBg=="): Text ****** has been set on object 'Object Repository/Page_L Tm Anh Log in to the site/input_Password_password'

2022-01-14 11:17:56 - [MESSAGE][PASSED] - Text ****** has been set on object 'Object Repository/Page_L Tm Anh Log in to the site/input_Password_password'

2022-01-14 11:17:56 - [TEST_STEP][PASSED] - click(findTestObject("Object Repository/Page_L Tm Anh Log in to the site/button_Log in")): Object: 'Object Repository/Page_L Tm Anh Log in to the site/button_Log in' is clicked on

2022-01-14 11:17:57 - [MESSAGE][PASSED] - Object: 'Object Repository/Page_L Tm Anh Log in to the site/button_Log in' is clicked on

2022-01-14 11:17:57 - [TEST_STEP][PASSED] - click(findTestObject("Object Repository/Page_Dashboard/a_My courses")): Object: 'Object Repository/Page_Dashboard/a_My courses' is clicked on

2022-01-14 11:18:28 - [MESSAGE][INFO] - Unable to find the element located by 'By.xpath: //ul[@id='moremenu-61e0e36aac914-navbar-nav']/li[3]/a'. Please recheck the objects properties to make sure the desired element is located. 

2022-01-14 11:18:28 - [MESSAGE][WARNING] - [SELF-HEALING] Failed to find element with id 'Object Repository/Page_Dashboard/a_My courses'. Try using Self-healing.

2022-01-14 11:18:28 - [MESSAGE][WARNING] - [SELF-HEALING] The current locator of test object 'Object Repository/Page_Dashboard/a_My courses' was broken. Propose an alternative one: '//a[contains(text(),'My courses')]'.

2022-01-14 11:18:29 - [MESSAGE][PASSED] - Object: 'Object Repository/Page_Dashboard/a_My courses' is clicked on

2022-01-14 11:18:29 - [TEST_STEP][PASSED] - click(findTestObject("Object Repository/Page_My courses/div_Course image")): Object: 'Object Repository/Page_My courses/div_Course image' is clicked on

2022-01-14 11:18:30 - [MESSAGE][PASSED] - Object: 'Object Repository/Page_My courses/div_Course image' is clicked on

2022-01-14 11:18:30 - [TEST_STEP][PASSED] - click(findTestObject("Object Repository/Page_Course 1/a_Deadline 1  Assignment")): Object: 'Object Repository/Page_Course 1/a_Deadline 1  Assignment' is clicked on

2022-01-14 11:18:33 - [MESSAGE][PASSED] - Object: 'Object Repository/Page_Course 1/a_Deadline 1  Assignment' is clicked on

2022-01-14 11:18:33 - [TEST_STEP][PASSED] - closeBrowser(): Browser is closed

2022-01-14 11:18:33 - [MESSAGE][PASSED] - Browser is closed]]></system-out>
         <system-err><![CDATA[]]></system-err>
      </testcase>
      <testcase name="Test Cases/Deadline/Submit assignment in a deadline by student" time="210.744" classname="Test Cases/Deadline/Submit assignment in a deadline by student" status="PASSED">
         <system-out><![CDATA[2022-01-14 11:18:33 - [TEST_CASE][PASSED] - Test Cases/Deadline/Submit assignment in a deadline by student: Test Cases/Deadline/Submit assignment in a deadline by student

2022-01-14 11:18:33 - [TEST_STEP][PASSED] - openBrowser(""): Browser is opened with url: ''

2022-01-14 11:18:33 - [MESSAGE][INFO] - Starting 'Chrome' driver

2022-01-14 11:18:33 - [MESSAGE][INFO] - Action delay is set to 0 milliseconds

2022-01-14 11:18:35 - [MESSAGE][PASSED] - Browser is opened with url: ''

2022-01-14 11:18:35 - [TEST_STEP][PASSED] - navigateToUrl("http://localhost/"): Navigate to 'http://localhost/' successfully

2022-01-14 11:18:35 - [MESSAGE][PASSED] - Navigate to 'http://localhost/' successfully

2022-01-14 11:18:35 - [TEST_STEP][PASSED] - click(findTestObject("Object Repository/Page_L Tm Anh/a_Log in")): Object: 'Object Repository/Page_L Tm Anh/a_Log in' is clicked on

2022-01-14 11:18:36 - [MESSAGE][PASSED] - Object: 'Object Repository/Page_L Tm Anh/a_Log in' is clicked on

2022-01-14 11:18:36 - [TEST_STEP][PASSED] - setText(findTestObject("Object Repository/Page_L Tm Anh Log in to the site/input_Username_username"), "anhle2"): Text 'anhle2' is set on object 'Object Repository/Page_L Tm Anh Log in to the site/input_Username_username'

2022-01-14 11:18:37 - [MESSAGE][PASSED] - Text 'anhle2' is set on object 'Object Repository/Page_L Tm Anh Log in to the site/input_Username_username'

2022-01-14 11:18:37 - [TEST_STEP][PASSED] - setEncryptedText(findTestObject("Object Repository/Page_L Tm Anh Log in to the site/input_Password_password"), "eGmz8XUbrLe3vUQiiiujBg=="): Text ****** has been set on object 'Object Repository/Page_L Tm Anh Log in to the site/input_Password_password'

2022-01-14 11:18:37 - [MESSAGE][PASSED] - Text ****** has been set on object 'Object Repository/Page_L Tm Anh Log in to the site/input_Password_password'

2022-01-14 11:18:37 - [TEST_STEP][PASSED] - click(findTestObject("Object Repository/Page_L Tm Anh Log in to the site/button_Log in")): Object: 'Object Repository/Page_L Tm Anh Log in to the site/button_Log in' is clicked on

2022-01-14 11:18:38 - [MESSAGE][PASSED] - Object: 'Object Repository/Page_L Tm Anh Log in to the site/button_Log in' is clicked on

2022-01-14 11:18:38 - [TEST_STEP][PASSED] - click(findTestObject("Object Repository/Page_Dashboard/a_My courses")): Object: 'Object Repository/Page_Dashboard/a_My courses' is clicked on

2022-01-14 11:19:10 - [MESSAGE][INFO] - Unable to find the element located by 'By.xpath: //ul[@id='moremenu-61e0e36aac914-navbar-nav']/li[3]/a'. Please recheck the objects properties to make sure the desired element is located. 

2022-01-14 11:19:10 - [MESSAGE][WARNING] - [SELF-HEALING] Failed to find element with id 'Object Repository/Page_Dashboard/a_My courses'. Try using Self-healing.

2022-01-14 11:19:10 - [MESSAGE][WARNING] - [SELF-HEALING] The current locator of test object 'Object Repository/Page_Dashboard/a_My courses' was broken. Propose an alternative one: '//a[contains(text(),'My courses')]'.

2022-01-14 11:19:11 - [MESSAGE][PASSED] - Object: 'Object Repository/Page_Dashboard/a_My courses' is clicked on

2022-01-14 11:19:11 - [TEST_STEP][PASSED] - click(findTestObject("Object Repository/Page_My courses/div_Course image")): Object: 'Object Repository/Page_My courses/div_Course image' is clicked on

2022-01-14 11:19:13 - [MESSAGE][PASSED] - Object: 'Object Repository/Page_My courses/div_Course image' is clicked on

2022-01-14 11:19:13 - [TEST_STEP][PASSED] - click(findTestObject("Object Repository/Page_Course 1/a_Deadline 1  Assignment")): Object: 'Object Repository/Page_Course 1/a_Deadline 1  Assignment' is clicked on

2022-01-14 11:19:15 - [MESSAGE][PASSED] - Object: 'Object Repository/Page_Course 1/a_Deadline 1  Assignment' is clicked on

2022-01-14 11:19:15 - [TEST_STEP][PASSED] - click(findTestObject("Object Repository/Page_1 Deadline 1/button_Add submission")): Object: 'Object Repository/Page_1 Deadline 1/button_Add submission' is clicked on

2022-01-14 11:19:46 - [MESSAGE][INFO] - Unable to find the element located by 'By.xpath: //button[@id='single_button61dad83a029a47']'. Please recheck the objects properties to make sure the desired element is located. 

2022-01-14 11:19:46 - [MESSAGE][WARNING] - [SELF-HEALING] Failed to find element with id 'Object Repository/Page_1 Deadline 1/button_Add submission'. Try using Self-healing.

2022-01-14 11:19:46 - [MESSAGE][WARNING] - [SELF-HEALING] The current locator of test object 'Object Repository/Page_1 Deadline 1/button_Add submission' was broken. Propose an alternative one: '//section[@id='region-main']/div[3]/div/div/div/div/form/button'.

2022-01-14 11:19:47 - [MESSAGE][PASSED] - Object: 'Object Repository/Page_1 Deadline 1/button_Add submission' is clicked on

2022-01-14 11:19:47 - [TEST_STEP][PASSED] - click(findTestObject("Object Repository/Page_1 Deadline 1 - Edit submission/i_- drag and drop not supported_icon fa fa-_916087")): Object: 'Object Repository/Page_1 Deadline 1 - Edit submission/i_- drag and drop not supported_icon fa fa-_916087' is clicked on

2022-01-14 11:20:18 - [MESSAGE][INFO] - Unable to find the element located by 'By.xpath: //a[@id='yui_3_17_2_1_1641732156465_357']/i'. Please recheck the objects properties to make sure the desired element is located. 

2022-01-14 11:20:18 - [MESSAGE][WARNING] - [SELF-HEALING] Failed to find element with id 'Object Repository/Page_1 Deadline 1 - Edit submission/i_- drag and drop not supported_icon fa fa-_916087'. Try using Self-healing.

2022-01-14 11:20:18 - [MESSAGE][WARNING] - [SELF-HEALING] The current locator of test object 'Object Repository/Page_1 Deadline 1 - Edit submission/i_- drag and drop not supported_icon fa fa-_916087' was broken. Propose an alternative one: '//div[2]/div/div/div[2]/a/i'.

2022-01-14 11:20:18 - [MESSAGE][PASSED] - Object: 'Object Repository/Page_1 Deadline 1 - Edit submission/i_- drag and drop not supported_icon fa fa-_916087' is clicked on

2022-01-14 11:20:18 - [TEST_STEP][PASSED] - click(findTestObject("Object Repository/Page_1 Deadline 1 - Edit submission/button_Create folder")): Object: 'Object Repository/Page_1 Deadline 1 - Edit submission/button_Create folder' is clicked on

2022-01-14 11:20:50 - [MESSAGE][INFO] - Unable to find the element located by 'By.xpath: //button[@id='fm-mkdir-butcreate-61dad83c51b5c']'. Please recheck the objects properties to make sure the desired element is located. 

2022-01-14 11:20:50 - [MESSAGE][WARNING] - [SELF-HEALING] Failed to find element with id 'Object Repository/Page_1 Deadline 1 - Edit submission/button_Create folder'. Try using Self-healing.

2022-01-14 11:20:50 - [MESSAGE][WARNING] - [SELF-HEALING] The current locator of test object 'Object Repository/Page_1 Deadline 1 - Edit submission/button_Create folder' was broken. Propose an alternative one: '(.//*[normalize-space(text()) and normalize-space(.)='New folder name'])[1]/following::button[1]'.

2022-01-14 11:20:50 - [MESSAGE][PASSED] - Object: 'Object Repository/Page_1 Deadline 1 - Edit submission/button_Create folder' is clicked on

2022-01-14 11:20:50 - [TEST_STEP][PASSED] - click(findTestObject("Object Repository/Page_1 Deadline 1 - Edit submission/i_New folder_icon fa fa-ellipsis-v fa-fw")): Object: 'Object Repository/Page_1 Deadline 1 - Edit submission/i_New folder_icon fa fa-ellipsis-v fa-fw' is clicked on

2022-01-14 11:21:21 - [MESSAGE][INFO] - Unable to find the element located by 'By.xpath: //a[@id='yui_3_17_2_1_1641732156465_576']/span/i'. Please recheck the objects properties to make sure the desired element is located. 

2022-01-14 11:21:21 - [MESSAGE][WARNING] - [SELF-HEALING] Failed to find element with id 'Object Repository/Page_1 Deadline 1 - Edit submission/i_New folder_icon fa fa-ellipsis-v fa-fw'. Try using Self-healing.

2022-01-14 11:21:21 - [MESSAGE][WARNING] - [SELF-HEALING] The current locator of test object 'Object Repository/Page_1 Deadline 1 - Edit submission/i_New folder_icon fa fa-ellipsis-v fa-fw' was broken. Propose an alternative one: '//a[2]/span/i'.

2022-01-14 11:21:22 - [MESSAGE][PASSED] - Object: 'Object Repository/Page_1 Deadline 1 - Edit submission/i_New folder_icon fa fa-ellipsis-v fa-fw' is clicked on

2022-01-14 11:21:22 - [TEST_STEP][PASSED] - click(findTestObject("Object Repository/Page_1 Deadline 1 - Edit submission/button_Zip")): Object: 'Object Repository/Page_1 Deadline 1 - Edit submission/button_Zip' is clicked on

2022-01-14 11:21:53 - [MESSAGE][INFO] - Unable to find the element located by 'By.xpath: //button[@id='yui_3_17_2_1_1641732156465_659']'. Please recheck the objects properties to make sure the desired element is located. 

2022-01-14 11:21:53 - [MESSAGE][WARNING] - [SELF-HEALING] Failed to find element with id 'Object Repository/Page_1 Deadline 1 - Edit submission/button_Zip'. Try using Self-healing.

2022-01-14 11:21:53 - [MESSAGE][WARNING] - [SELF-HEALING] The current locator of test object 'Object Repository/Page_1 Deadline 1 - Edit submission/button_Zip' was broken. Propose an alternative one: '(.//*[normalize-space(text()) and normalize-space(.)='Set main file'])[1]/following::button[1]'.

2022-01-14 11:21:53 - [MESSAGE][PASSED] - Object: 'Object Repository/Page_1 Deadline 1 - Edit submission/button_Zip' is clicked on

2022-01-14 11:21:53 - [TEST_STEP][PASSED] - scrollToElement(findTestObject("Object Repository/Page_1 Deadline 1 - Edit submission/input_Loading_submitbutton"), 0): Scroll to object 'Object Repository/Page_1 Deadline 1 - Edit submission/input_Loading_submitbutton' successfully

2022-01-14 11:21:53 - [MESSAGE][WARNING] - Timeout '0' is invalid. Using default page load timeout: '30'

2022-01-14 11:21:54 - [MESSAGE][PASSED] - Scroll to object 'Object Repository/Page_1 Deadline 1 - Edit submission/input_Loading_submitbutton' successfully

2022-01-14 11:21:54 - [TEST_STEP][PASSED] - click(findTestObject("Object Repository/Page_1 Deadline 1 - Edit submission/input_Loading_submitbutton")): Object: 'Object Repository/Page_1 Deadline 1 - Edit submission/input_Loading_submitbutton' is clicked on

2022-01-14 11:22:03 - [MESSAGE][PASSED] - Object: 'Object Repository/Page_1 Deadline 1 - Edit submission/input_Loading_submitbutton' is clicked on

2022-01-14 11:22:03 - [TEST_STEP][PASSED] - closeBrowser(): Browser is closed

2022-01-14 11:22:04 - [MESSAGE][PASSED] - Browser is closed]]></system-out>
         <system-err><![CDATA[]]></system-err>
      </testcase>
      <testcase name="Test Cases/Deadline/Edit a submission in deadline by student" time="83.985" classname="Test Cases/Deadline/Edit a submission in deadline by student" status="PASSED">
         <system-out><![CDATA[2022-01-14 11:22:04 - [TEST_CASE][PASSED] - Test Cases/Deadline/Edit a submission in deadline by student: Test Cases/Deadline/Edit a submission in deadline by student

2022-01-14 11:22:04 - [TEST_STEP][PASSED] - openBrowser(""): Browser is opened with url: ''

2022-01-14 11:22:04 - [MESSAGE][INFO] - Starting 'Chrome' driver

2022-01-14 11:22:04 - [MESSAGE][INFO] - Action delay is set to 0 milliseconds

2022-01-14 11:22:05 - [MESSAGE][PASSED] - Browser is opened with url: ''

2022-01-14 11:22:05 - [TEST_STEP][PASSED] - navigateToUrl("http://localhost/"): Navigate to 'http://localhost/' successfully

2022-01-14 11:22:06 - [MESSAGE][PASSED] - Navigate to 'http://localhost/' successfully

2022-01-14 11:22:06 - [TEST_STEP][PASSED] - click(findTestObject("Object Repository/Page_L Tm Anh/a_Log in")): Object: 'Object Repository/Page_L Tm Anh/a_Log in' is clicked on

2022-01-14 11:22:07 - [MESSAGE][PASSED] - Object: 'Object Repository/Page_L Tm Anh/a_Log in' is clicked on

2022-01-14 11:22:07 - [TEST_STEP][PASSED] - setText(findTestObject("Object Repository/Page_L Tm Anh Log in to the site/input_Username_username"), "anhle2"): Text 'anhle2' is set on object 'Object Repository/Page_L Tm Anh Log in to the site/input_Username_username'

2022-01-14 11:22:08 - [MESSAGE][PASSED] - Text 'anhle2' is set on object 'Object Repository/Page_L Tm Anh Log in to the site/input_Username_username'

2022-01-14 11:22:08 - [TEST_STEP][PASSED] - setEncryptedText(findTestObject("Object Repository/Page_L Tm Anh Log in to the site/input_Password_password"), "eGmz8XUbrLe3vUQiiiujBg=="): Text ****** has been set on object 'Object Repository/Page_L Tm Anh Log in to the site/input_Password_password'

2022-01-14 11:22:08 - [MESSAGE][PASSED] - Text ****** has been set on object 'Object Repository/Page_L Tm Anh Log in to the site/input_Password_password'

2022-01-14 11:22:08 - [TEST_STEP][PASSED] - click(findTestObject("Object Repository/Page_L Tm Anh Log in to the site/button_Log in")): Object: 'Object Repository/Page_L Tm Anh Log in to the site/button_Log in' is clicked on

2022-01-14 11:22:10 - [MESSAGE][PASSED] - Object: 'Object Repository/Page_L Tm Anh Log in to the site/button_Log in' is clicked on

2022-01-14 11:22:10 - [TEST_STEP][PASSED] - click(findTestObject("Object Repository/Page_Dashboard/a_My courses")): Object: 'Object Repository/Page_Dashboard/a_My courses' is clicked on

2022-01-14 11:22:41 - [MESSAGE][INFO] - Unable to find the element located by 'By.xpath: //ul[@id='moremenu-61e0e36aac914-navbar-nav']/li[3]/a'. Please recheck the objects properties to make sure the desired element is located. 

2022-01-14 11:22:41 - [MESSAGE][WARNING] - [SELF-HEALING] Failed to find element with id 'Object Repository/Page_Dashboard/a_My courses'. Try using Self-healing.

2022-01-14 11:22:41 - [MESSAGE][WARNING] - [SELF-HEALING] The current locator of test object 'Object Repository/Page_Dashboard/a_My courses' was broken. Propose an alternative one: '//a[contains(text(),'My courses')]'.

2022-01-14 11:22:42 - [MESSAGE][PASSED] - Object: 'Object Repository/Page_Dashboard/a_My courses' is clicked on

2022-01-14 11:22:42 - [TEST_STEP][PASSED] - click(findTestObject("Object Repository/Page_My courses/div_Course image")): Object: 'Object Repository/Page_My courses/div_Course image' is clicked on

2022-01-14 11:22:44 - [MESSAGE][PASSED] - Object: 'Object Repository/Page_My courses/div_Course image' is clicked on

2022-01-14 11:22:44 - [TEST_STEP][PASSED] - click(findTestObject("Object Repository/Page_Course 1/a_Deadline 1  Assignment")): Object: 'Object Repository/Page_Course 1/a_Deadline 1  Assignment' is clicked on

2022-01-14 11:22:46 - [MESSAGE][PASSED] - Object: 'Object Repository/Page_Course 1/a_Deadline 1  Assignment' is clicked on

2022-01-14 11:22:46 - [TEST_STEP][PASSED] - click(findTestObject("Object Repository/Page_1 Deadline 1/button_Edit submission")): Object: 'Object Repository/Page_1 Deadline 1/button_Edit submission' is clicked on

2022-01-14 11:23:17 - [MESSAGE][INFO] - Unable to find the element located by 'By.xpath: //button[@id='single_button61dbabd014cde6']'. Please recheck the objects properties to make sure the desired element is located. 

2022-01-14 11:23:17 - [MESSAGE][WARNING] - [SELF-HEALING] Failed to find element with id 'Object Repository/Page_1 Deadline 1/button_Edit submission'. Try using Self-healing.

2022-01-14 11:23:18 - [MESSAGE][WARNING] - [SELF-HEALING] The current locator of test object 'Object Repository/Page_1 Deadline 1/button_Edit submission' was broken. Propose an alternative one: '//section[@id='region-main']/div[3]/div/div/div/div/form/button'.

2022-01-14 11:23:18 - [MESSAGE][PASSED] - Object: 'Object Repository/Page_1 Deadline 1/button_Edit submission' is clicked on

2022-01-14 11:23:18 - [TEST_STEP][PASSED] - scrollToElement(findTestObject("Page_1 Deadline 1 - Edit submission/input_Loading_submitbutton"), 0): Scroll to object 'Object Repository/Page_1 Deadline 1 - Edit submission/input_Loading_submitbutton' successfully

2022-01-14 11:23:18 - [MESSAGE][WARNING] - Timeout '0' is invalid. Using default page load timeout: '30'

2022-01-14 11:23:20 - [MESSAGE][PASSED] - Scroll to object 'Object Repository/Page_1 Deadline 1 - Edit submission/input_Loading_submitbutton' successfully

2022-01-14 11:23:20 - [TEST_STEP][PASSED] - click(findTestObject("Object Repository/Page_1 Deadline 1 - Edit submission/input_Loading_submitbutton")): Object: 'Object Repository/Page_1 Deadline 1 - Edit submission/input_Loading_submitbutton' is clicked on

2022-01-14 11:23:27 - [MESSAGE][PASSED] - Object: 'Object Repository/Page_1 Deadline 1 - Edit submission/input_Loading_submitbutton' is clicked on

2022-01-14 11:23:27 - [TEST_STEP][PASSED] - closeBrowser(): Browser is closed

2022-01-14 11:23:28 - [MESSAGE][PASSED] - Browser is closed]]></system-out>
         <system-err><![CDATA[]]></system-err>
      </testcase>
      <testcase name="Test Cases/Deadline/Download the submission in deadine by student" time="106.609" classname="Test Cases/Deadline/Download the submission in deadine by student" status="PASSED">
         <system-out><![CDATA[2022-01-14 11:23:28 - [TEST_CASE][PASSED] - Test Cases/Deadline/Download the submission in deadine by student: Test Cases/Deadline/Download the submission in deadine by student

2022-01-14 11:23:28 - [TEST_STEP][PASSED] - openBrowser(""): Browser is opened with url: ''

2022-01-14 11:23:28 - [MESSAGE][INFO] - Starting 'Chrome' driver

2022-01-14 11:23:28 - [MESSAGE][INFO] - Action delay is set to 0 milliseconds

2022-01-14 11:23:29 - [MESSAGE][PASSED] - Browser is opened with url: ''

2022-01-14 11:23:29 - [TEST_STEP][PASSED] - navigateToUrl("http://localhost/"): Navigate to 'http://localhost/' successfully

2022-01-14 11:23:30 - [MESSAGE][PASSED] - Navigate to 'http://localhost/' successfully

2022-01-14 11:23:30 - [TEST_STEP][PASSED] - click(findTestObject("Object Repository/Page_L Tm Anh/a_Log in")): Object: 'Object Repository/Page_L Tm Anh/a_Log in' is clicked on

2022-01-14 11:23:31 - [MESSAGE][PASSED] - Object: 'Object Repository/Page_L Tm Anh/a_Log in' is clicked on

2022-01-14 11:23:31 - [TEST_STEP][PASSED] - setText(findTestObject("Object Repository/Page_L Tm Anh Log in to the site/input_Username_username"), "anhle1"): Text 'anhle1' is set on object 'Object Repository/Page_L Tm Anh Log in to the site/input_Username_username'

2022-01-14 11:23:32 - [MESSAGE][PASSED] - Text 'anhle1' is set on object 'Object Repository/Page_L Tm Anh Log in to the site/input_Username_username'

2022-01-14 11:23:32 - [TEST_STEP][PASSED] - setEncryptedText(findTestObject("Object Repository/Page_L Tm Anh Log in to the site/input_Password_password"), "eGmz8XUbrLe3vUQiiiujBg=="): Text ****** has been set on object 'Object Repository/Page_L Tm Anh Log in to the site/input_Password_password'

2022-01-14 11:23:32 - [MESSAGE][PASSED] - Text ****** has been set on object 'Object Repository/Page_L Tm Anh Log in to the site/input_Password_password'

2022-01-14 11:23:32 - [TEST_STEP][PASSED] - click(findTestObject("Object Repository/Page_L Tm Anh Log in to the site/button_Log in")): Object: 'Object Repository/Page_L Tm Anh Log in to the site/button_Log in' is clicked on

2022-01-14 11:23:34 - [MESSAGE][PASSED] - Object: 'Object Repository/Page_L Tm Anh Log in to the site/button_Log in' is clicked on

2022-01-14 11:23:34 - [TEST_STEP][PASSED] - click(findTestObject("Object Repository/Page_Dashboard/a_My courses")): Object: 'Object Repository/Page_Dashboard/a_My courses' is clicked on

2022-01-14 11:24:05 - [MESSAGE][INFO] - Unable to find the element located by 'By.xpath: //ul[@id='moremenu-61e0e36aac914-navbar-nav']/li[3]/a'. Please recheck the objects properties to make sure the desired element is located. 

2022-01-14 11:24:05 - [MESSAGE][WARNING] - [SELF-HEALING] Failed to find element with id 'Object Repository/Page_Dashboard/a_My courses'. Try using Self-healing.

2022-01-14 11:24:05 - [MESSAGE][WARNING] - [SELF-HEALING] The current locator of test object 'Object Repository/Page_Dashboard/a_My courses' was broken. Propose an alternative one: '//a[contains(text(),'My courses')]'.

2022-01-14 11:24:06 - [MESSAGE][PASSED] - Object: 'Object Repository/Page_Dashboard/a_My courses' is clicked on

2022-01-14 11:24:06 - [TEST_STEP][PASSED] - click(findTestObject("Object Repository/Page_My courses/div_Course image")): Object: 'Object Repository/Page_My courses/div_Course image' is clicked on

2022-01-14 11:24:08 - [MESSAGE][PASSED] - Object: 'Object Repository/Page_My courses/div_Course image' is clicked on

2022-01-14 11:24:08 - [TEST_STEP][PASSED] - click(findTestObject("Object Repository/Page_Course 1/a_Deadline 1  Assignment")): Object: 'Object Repository/Page_Course 1/a_Deadline 1  Assignment' is clicked on

2022-01-14 11:24:10 - [MESSAGE][PASSED] - Object: 'Object Repository/Page_Course 1/a_Deadline 1  Assignment' is clicked on

2022-01-14 11:24:10 - [TEST_STEP][PASSED] - click(findTestObject("Object Repository/Page_1 Deadline 1/button_Edit submission")): Object: 'Object Repository/Page_1 Deadline 1/button_Edit submission' is clicked on

2022-01-14 11:24:41 - [MESSAGE][INFO] - Unable to find the element located by 'By.xpath: //button[@id='single_button61dbabd014cde6']'. Please recheck the objects properties to make sure the desired element is located. 

2022-01-14 11:24:41 - [MESSAGE][WARNING] - [SELF-HEALING] Failed to find element with id 'Object Repository/Page_1 Deadline 1/button_Edit submission'. Try using Self-healing.

2022-01-14 11:24:41 - [MESSAGE][WARNING] - [SELF-HEALING] The current locator of test object 'Object Repository/Page_1 Deadline 1/button_Edit submission' was broken. Propose an alternative one: '//section[@id='region-main']/div[3]/div/div/div/div/form/button'.

2022-01-14 11:24:42 - [MESSAGE][PASSED] - Object: 'Object Repository/Page_1 Deadline 1/button_Edit submission' is clicked on

2022-01-14 11:24:42 - [TEST_STEP][PASSED] - click(findTestObject("Object Repository/Page_1 Deadline 1 - Edit submission/i_- drag and drop not supported_icon fa fa-_ea7f6f")): Object: 'Object Repository/Page_1 Deadline 1 - Edit submission/i_- drag and drop not supported_icon fa fa-_ea7f6f' is clicked on

2022-01-14 11:25:13 - [MESSAGE][INFO] - Unable to find the element located by 'By.xpath: //a[@id='yui_3_17_2_1_1641786322657_385']/i'. Please recheck the objects properties to make sure the desired element is located. 

2022-01-14 11:25:13 - [MESSAGE][WARNING] - [SELF-HEALING] Failed to find element with id 'Object Repository/Page_1 Deadline 1 - Edit submission/i_- drag and drop not supported_icon fa fa-_ea7f6f'. Try using Self-healing.

2022-01-14 11:25:14 - [MESSAGE][WARNING] - [SELF-HEALING] The current locator of test object 'Object Repository/Page_1 Deadline 1 - Edit submission/i_- drag and drop not supported_icon fa fa-_ea7f6f' was broken. Propose an alternative one: '//div[3]/a/i'.

2022-01-14 11:25:14 - [MESSAGE][PASSED] - Object: 'Object Repository/Page_1 Deadline 1 - Edit submission/i_- drag and drop not supported_icon fa fa-_ea7f6f' is clicked on

2022-01-14 11:25:14 - [TEST_STEP][PASSED] - closeBrowser(): Browser is closed

2022-01-14 11:25:15 - [MESSAGE][PASSED] - Browser is closed]]></system-out>
         <system-err><![CDATA[]]></system-err>
      </testcase>
      <testcase name="Test Cases/Deadline/Cancel remove a submission in deadline" time="107.207" classname="Test Cases/Deadline/Cancel remove a submission in deadline" status="PASSED">
         <system-out><![CDATA[2022-01-14 11:25:15 - [TEST_CASE][PASSED] - Test Cases/Deadline/Cancel remove a submission in deadline: Test Cases/Deadline/Cancel remove a submission in deadline

2022-01-14 11:25:15 - [TEST_STEP][PASSED] - openBrowser(""): Browser is opened with url: ''

2022-01-14 11:25:15 - [MESSAGE][INFO] - Starting 'Chrome' driver

2022-01-14 11:25:15 - [MESSAGE][INFO] - Action delay is set to 0 milliseconds

2022-01-14 11:25:16 - [MESSAGE][PASSED] - Browser is opened with url: ''

2022-01-14 11:25:16 - [TEST_STEP][PASSED] - navigateToUrl("http://localhost/"): Navigate to 'http://localhost/' successfully

2022-01-14 11:25:17 - [MESSAGE][PASSED] - Navigate to 'http://localhost/' successfully

2022-01-14 11:25:17 - [TEST_STEP][PASSED] - click(findTestObject("Object Repository/Page_L Tm Anh/a_Log in")): Object: 'Object Repository/Page_L Tm Anh/a_Log in' is clicked on

2022-01-14 11:25:18 - [MESSAGE][PASSED] - Object: 'Object Repository/Page_L Tm Anh/a_Log in' is clicked on

2022-01-14 11:25:18 - [TEST_STEP][PASSED] - setText(findTestObject("Object Repository/Page_L Tm Anh Log in to the site/input_Username_username"), "anhle2"): Text 'anhle2' is set on object 'Object Repository/Page_L Tm Anh Log in to the site/input_Username_username'

2022-01-14 11:25:19 - [MESSAGE][PASSED] - Text 'anhle2' is set on object 'Object Repository/Page_L Tm Anh Log in to the site/input_Username_username'

2022-01-14 11:25:19 - [TEST_STEP][PASSED] - setEncryptedText(findTestObject("Object Repository/Page_L Tm Anh Log in to the site/input_Password_password"), "eGmz8XUbrLe3vUQiiiujBg=="): Text ****** has been set on object 'Object Repository/Page_L Tm Anh Log in to the site/input_Password_password'

2022-01-14 11:25:19 - [MESSAGE][PASSED] - Text ****** has been set on object 'Object Repository/Page_L Tm Anh Log in to the site/input_Password_password'

2022-01-14 11:25:19 - [TEST_STEP][PASSED] - click(findTestObject("Object Repository/Page_L Tm Anh Log in to the site/button_Log in")): Object: 'Object Repository/Page_L Tm Anh Log in to the site/button_Log in' is clicked on

2022-01-14 11:25:20 - [MESSAGE][PASSED] - Object: 'Object Repository/Page_L Tm Anh Log in to the site/button_Log in' is clicked on

2022-01-14 11:25:20 - [TEST_STEP][PASSED] - click(findTestObject("Object Repository/Page_Dashboard/a_My courses")): Object: 'Object Repository/Page_Dashboard/a_My courses' is clicked on

2022-01-14 11:25:52 - [MESSAGE][INFO] - Unable to find the element located by 'By.xpath: //ul[@id='moremenu-61e0e36aac914-navbar-nav']/li[3]/a'. Please recheck the objects properties to make sure the desired element is located. 

2022-01-14 11:25:52 - [MESSAGE][WARNING] - [SELF-HEALING] Failed to find element with id 'Object Repository/Page_Dashboard/a_My courses'. Try using Self-healing.

2022-01-14 11:25:52 - [MESSAGE][WARNING] - [SELF-HEALING] The current locator of test object 'Object Repository/Page_Dashboard/a_My courses' was broken. Propose an alternative one: '//a[contains(text(),'My courses')]'.

2022-01-14 11:25:53 - [MESSAGE][PASSED] - Object: 'Object Repository/Page_Dashboard/a_My courses' is clicked on

2022-01-14 11:25:53 - [TEST_STEP][PASSED] - click(findTestObject("Object Repository/Page_My courses/div_Course image")): Object: 'Object Repository/Page_My courses/div_Course image' is clicked on

2022-01-14 11:25:54 - [MESSAGE][PASSED] - Object: 'Object Repository/Page_My courses/div_Course image' is clicked on

2022-01-14 11:25:54 - [TEST_STEP][PASSED] - click(findTestObject("Object Repository/Page_Course 1/a_Deadline 1  Assignment")): Object: 'Object Repository/Page_Course 1/a_Deadline 1  Assignment' is clicked on

2022-01-14 11:25:56 - [MESSAGE][PASSED] - Object: 'Object Repository/Page_Course 1/a_Deadline 1  Assignment' is clicked on

2022-01-14 11:25:56 - [TEST_STEP][PASSED] - click(findTestObject("Object Repository/Page_1 Deadline 1/button_Remove submission")): Object: 'Object Repository/Page_1 Deadline 1/button_Remove submission' is clicked on

2022-01-14 11:26:27 - [MESSAGE][INFO] - Unable to find the element located by 'By.xpath: //button[@id='single_button61da3def500197']'. Please recheck the objects properties to make sure the desired element is located. 

2022-01-14 11:26:27 - [MESSAGE][WARNING] - [SELF-HEALING] Failed to find element with id 'Object Repository/Page_1 Deadline 1/button_Remove submission'. Try using Self-healing.

2022-01-14 11:26:28 - [MESSAGE][WARNING] - [SELF-HEALING] The current locator of test object 'Object Repository/Page_1 Deadline 1/button_Remove submission' was broken. Propose an alternative one: '//section[@id='region-main']/div[3]/div/div/div[2]/div/form/button'.

2022-01-14 11:26:29 - [MESSAGE][PASSED] - Object: 'Object Repository/Page_1 Deadline 1/button_Remove submission' is clicked on

2022-01-14 11:26:29 - [TEST_STEP][PASSED] - click(findTestObject("Object Repository/Page_1 Deadline 1/button_Cancel")): Object: 'Object Repository/Page_1 Deadline 1/button_Cancel' is clicked on

2022-01-14 11:27:00 - [MESSAGE][INFO] - Unable to find the element located by 'By.xpath: //button[@id='single_button61da3df1292357']'. Please recheck the objects properties to make sure the desired element is located. 

2022-01-14 11:27:00 - [MESSAGE][WARNING] - [SELF-HEALING] Failed to find element with id 'Object Repository/Page_1 Deadline 1/button_Cancel'. Try using Self-healing.

2022-01-14 11:27:00 - [MESSAGE][INFO] - [SELF-HEALING] Failed Locator: '//button[@id='single_button61da3df1292357']'.

2022-01-14 11:27:00 - [MESSAGE][INFO] - [SELF-HEALING] Working Locator: '//div[@id='modal-footer']/div/div[2]/form/button'.

2022-01-14 11:27:01 - [MESSAGE][INFO] - [SELF-HEALING] Screenshot: C:/Users/antra/git/SE-Bonus/Reports/Self-healing/Object Repository/Page_1 Deadline 1/button_Cancel_idRelative.png

2022-01-14 11:27:01 - [MESSAGE][WARNING] - [SELF-HEALING] The current locator of test object 'Object Repository/Page_1 Deadline 1/button_Cancel' was broken. Propose an alternative one: '//div[@id='modal-footer']/div/div[2]/form/button'.

2022-01-14 11:27:01 - [MESSAGE][PASSED] - Object: 'Object Repository/Page_1 Deadline 1/button_Cancel' is clicked on

2022-01-14 11:27:01 - [TEST_STEP][PASSED] - closeBrowser(): Browser is closed

2022-01-14 11:27:02 - [MESSAGE][PASSED] - Browser is closed]]></system-out>
         <system-err><![CDATA[]]></system-err>
      </testcase>
      <testcase name="Test Cases/Deadline/Remove the submission in a deadline by student" time="105.882" classname="Test Cases/Deadline/Remove the submission in a deadline by student" status="PASSED">
         <system-out><![CDATA[2022-01-14 11:27:02 - [TEST_CASE][PASSED] - Test Cases/Deadline/Remove the submission in a deadline by student: Test Cases/Deadline/Remove the submission in a deadline by student

2022-01-14 11:27:02 - [TEST_STEP][PASSED] - openBrowser(""): Browser is opened with url: ''

2022-01-14 11:27:02 - [MESSAGE][INFO] - Starting 'Chrome' driver

2022-01-14 11:27:02 - [MESSAGE][INFO] - Action delay is set to 0 milliseconds

2022-01-14 11:27:03 - [MESSAGE][PASSED] - Browser is opened with url: ''

2022-01-14 11:27:03 - [TEST_STEP][PASSED] - navigateToUrl("http://localhost/"): Navigate to 'http://localhost/' successfully

2022-01-14 11:27:04 - [MESSAGE][PASSED] - Navigate to 'http://localhost/' successfully

2022-01-14 11:27:04 - [TEST_STEP][PASSED] - click(findTestObject("Object Repository/Page_L Tm Anh/a_Log in")): Object: 'Object Repository/Page_L Tm Anh/a_Log in' is clicked on

2022-01-14 11:27:05 - [MESSAGE][PASSED] - Object: 'Object Repository/Page_L Tm Anh/a_Log in' is clicked on

2022-01-14 11:27:05 - [TEST_STEP][PASSED] - setText(findTestObject("Object Repository/Page_L Tm Anh Log in to the site/input_Username_username"), "anhle2"): Text 'anhle2' is set on object 'Object Repository/Page_L Tm Anh Log in to the site/input_Username_username'

2022-01-14 11:27:06 - [MESSAGE][PASSED] - Text 'anhle2' is set on object 'Object Repository/Page_L Tm Anh Log in to the site/input_Username_username'

2022-01-14 11:27:06 - [TEST_STEP][PASSED] - setEncryptedText(findTestObject("Object Repository/Page_L Tm Anh Log in to the site/input_Password_password"), "eGmz8XUbrLe3vUQiiiujBg=="): Text ****** has been set on object 'Object Repository/Page_L Tm Anh Log in to the site/input_Password_password'

2022-01-14 11:27:06 - [MESSAGE][PASSED] - Text ****** has been set on object 'Object Repository/Page_L Tm Anh Log in to the site/input_Password_password'

2022-01-14 11:27:06 - [TEST_STEP][PASSED] - click(findTestObject("Object Repository/Page_L Tm Anh Log in to the site/button_Log in")): Object: 'Object Repository/Page_L Tm Anh Log in to the site/button_Log in' is clicked on

2022-01-14 11:27:07 - [MESSAGE][PASSED] - Object: 'Object Repository/Page_L Tm Anh Log in to the site/button_Log in' is clicked on

2022-01-14 11:27:07 - [TEST_STEP][PASSED] - click(findTestObject("Object Repository/Page_Dashboard/a_My courses")): Object: 'Object Repository/Page_Dashboard/a_My courses' is clicked on

2022-01-14 11:27:38 - [MESSAGE][INFO] - Unable to find the element located by 'By.xpath: //ul[@id='moremenu-61e0e36aac914-navbar-nav']/li[3]/a'. Please recheck the objects properties to make sure the desired element is located. 

2022-01-14 11:27:38 - [MESSAGE][WARNING] - [SELF-HEALING] Failed to find element with id 'Object Repository/Page_Dashboard/a_My courses'. Try using Self-healing.

2022-01-14 11:27:39 - [MESSAGE][WARNING] - [SELF-HEALING] The current locator of test object 'Object Repository/Page_Dashboard/a_My courses' was broken. Propose an alternative one: '//a[contains(text(),'My courses')]'.

2022-01-14 11:27:39 - [MESSAGE][PASSED] - Object: 'Object Repository/Page_Dashboard/a_My courses' is clicked on

2022-01-14 11:27:39 - [TEST_STEP][PASSED] - click(findTestObject("Object Repository/Page_My courses/div_Course image")): Object: 'Object Repository/Page_My courses/div_Course image' is clicked on

2022-01-14 11:27:41 - [MESSAGE][PASSED] - Object: 'Object Repository/Page_My courses/div_Course image' is clicked on

2022-01-14 11:27:41 - [TEST_STEP][PASSED] - click(findTestObject("Object Repository/Page_Course 1/a_Deadline 1  Assignment")): Object: 'Object Repository/Page_Course 1/a_Deadline 1  Assignment' is clicked on

2022-01-14 11:27:42 - [MESSAGE][PASSED] - Object: 'Object Repository/Page_Course 1/a_Deadline 1  Assignment' is clicked on

2022-01-14 11:27:42 - [TEST_STEP][PASSED] - click(findTestObject("Object Repository/Page_1 Deadline 1/button_Remove submission")): Object: 'Object Repository/Page_1 Deadline 1/button_Remove submission' is clicked on

2022-01-14 11:28:14 - [MESSAGE][INFO] - Unable to find the element located by 'By.xpath: //button[@id='single_button61da3def500197']'. Please recheck the objects properties to make sure the desired element is located. 

2022-01-14 11:28:14 - [MESSAGE][WARNING] - [SELF-HEALING] Failed to find element with id 'Object Repository/Page_1 Deadline 1/button_Remove submission'. Try using Self-healing.

2022-01-14 11:28:14 - [MESSAGE][WARNING] - [SELF-HEALING] The current locator of test object 'Object Repository/Page_1 Deadline 1/button_Remove submission' was broken. Propose an alternative one: '//section[@id='region-main']/div[3]/div/div/div[2]/div/form/button'.

2022-01-14 11:28:15 - [MESSAGE][PASSED] - Object: 'Object Repository/Page_1 Deadline 1/button_Remove submission' is clicked on

2022-01-14 11:28:15 - [TEST_STEP][PASSED] - click(findTestObject("Object Repository/Page_1 Deadline 1/button_Continue")): Object: 'Object Repository/Page_1 Deadline 1/button_Continue' is clicked on

2022-01-14 11:28:46 - [MESSAGE][INFO] - Unable to find the element located by 'By.xpath: //button[@id='single_button61da2e4a4a4336']'. Please recheck the objects properties to make sure the desired element is located. 

2022-01-14 11:28:46 - [MESSAGE][WARNING] - [SELF-HEALING] Failed to find element with id 'Object Repository/Page_1 Deadline 1/button_Continue'. Try using Self-healing.

2022-01-14 11:28:46 - [MESSAGE][WARNING] - [SELF-HEALING] The current locator of test object 'Object Repository/Page_1 Deadline 1/button_Continue' was broken. Propose an alternative one: '//div[@id='modal-footer']/div/div/form/button'.

2022-01-14 11:28:47 - [MESSAGE][PASSED] - Object: 'Object Repository/Page_1 Deadline 1/button_Continue' is clicked on

2022-01-14 11:28:47 - [TEST_STEP][PASSED] - closeBrowser(): Browser is closed

2022-01-14 11:28:48 - [MESSAGE][PASSED] - Browser is closed]]></system-out>
         <system-err><![CDATA[]]></system-err>
      </testcase>
      <testcase name="Test Cases/I1/Cancel add discussion topic" time="75.579" classname="Test Cases/I1/Cancel add discussion topic" status="PASSED">
         <system-out><![CDATA[2022-01-14 11:28:48 - [TEST_CASE][PASSED] - Test Cases/I1/Cancel add discussion topic: Test Cases/I1/Cancel add discussion topic

2022-01-14 11:28:48 - [TEST_STEP][PASSED] - openBrowser(""): Browser is opened with url: ''

2022-01-14 11:28:48 - [MESSAGE][INFO] - Starting 'Chrome' driver

2022-01-14 11:28:48 - [MESSAGE][INFO] - Action delay is set to 0 milliseconds

2022-01-14 11:28:49 - [MESSAGE][PASSED] - Browser is opened with url: ''

2022-01-14 11:28:49 - [TEST_STEP][PASSED] - navigateToUrl("http://localhost/"): Navigate to 'http://localhost/' successfully

2022-01-14 11:28:50 - [MESSAGE][PASSED] - Navigate to 'http://localhost/' successfully

2022-01-14 11:28:50 - [TEST_STEP][PASSED] - click(findTestObject("Object Repository/Page_L Tm Anh/a_Log in")): Object: 'Object Repository/Page_L Tm Anh/a_Log in' is clicked on

2022-01-14 11:28:51 - [MESSAGE][PASSED] - Object: 'Object Repository/Page_L Tm Anh/a_Log in' is clicked on

2022-01-14 11:28:51 - [TEST_STEP][PASSED] - setText(findTestObject("Object Repository/Page_L Tm Anh Log in to the site/input_Username_username"), "admin"): Text 'admin' is set on object 'Object Repository/Page_L Tm Anh Log in to the site/input_Username_username'

2022-01-14 11:28:52 - [MESSAGE][PASSED] - Text 'admin' is set on object 'Object Repository/Page_L Tm Anh Log in to the site/input_Username_username'

2022-01-14 11:28:52 - [TEST_STEP][PASSED] - setEncryptedText(findTestObject("Object Repository/Page_L Tm Anh Log in to the site/input_Password_password"), "eGmz8XUbrLe3vUQiiiujBg=="): Text ****** has been set on object 'Object Repository/Page_L Tm Anh Log in to the site/input_Password_password'

2022-01-14 11:28:52 - [MESSAGE][PASSED] - Text ****** has been set on object 'Object Repository/Page_L Tm Anh Log in to the site/input_Password_password'

2022-01-14 11:28:52 - [TEST_STEP][PASSED] - click(findTestObject("Object Repository/Page_L Tm Anh Log in to the site/button_Log in")): Object: 'Object Repository/Page_L Tm Anh Log in to the site/button_Log in' is clicked on

2022-01-14 11:28:54 - [MESSAGE][PASSED] - Object: 'Object Repository/Page_L Tm Anh Log in to the site/button_Log in' is clicked on

2022-01-14 11:28:54 - [TEST_STEP][PASSED] - click(findTestObject("Object Repository/Page_Dashboard/a_My courses")): Object: 'Object Repository/Page_Dashboard/a_My courses' is clicked on

2022-01-14 11:29:25 - [MESSAGE][INFO] - Unable to find the element located by 'By.xpath: //ul[@id='moremenu-61e0e36aac914-navbar-nav']/li[3]/a'. Please recheck the objects properties to make sure the desired element is located. 

2022-01-14 11:29:25 - [MESSAGE][WARNING] - [SELF-HEALING] Failed to find element with id 'Object Repository/Page_Dashboard/a_My courses'. Try using Self-healing.

2022-01-14 11:29:25 - [MESSAGE][WARNING] - [SELF-HEALING] The current locator of test object 'Object Repository/Page_Dashboard/a_My courses' was broken. Propose an alternative one: '//a[contains(text(),'My courses')]'.

2022-01-14 11:29:26 - [MESSAGE][PASSED] - Object: 'Object Repository/Page_Dashboard/a_My courses' is clicked on

2022-01-14 11:29:26 - [TEST_STEP][PASSED] - click(findTestObject("Object Repository/Page_My courses/div_Course image")): Object: 'Object Repository/Page_My courses/div_Course image' is clicked on

2022-01-14 11:29:27 - [MESSAGE][PASSED] - Object: 'Object Repository/Page_My courses/div_Course image' is clicked on

2022-01-14 11:29:27 - [TEST_STEP][PASSED] - click(findTestObject("Object Repository/Page_Course 1/a_Announcements  Forum")): Object: 'Object Repository/Page_Course 1/a_Announcements  Forum' is clicked on

2022-01-14 11:29:30 - [MESSAGE][PASSED] - Object: 'Object Repository/Page_Course 1/a_Announcements  Forum' is clicked on

2022-01-14 11:29:30 - [TEST_STEP][PASSED] - click(findTestObject("Object Repository/Page_Announcements/a_Add discussion topic")): Object: 'Object Repository/Page_Announcements/a_Add discussion topic' is clicked on

2022-01-14 11:30:01 - [MESSAGE][INFO] - Unable to find the element located by 'By.xpath: //a[@id='yui_3_17_2_1_1641384514071_523']'. Please recheck the objects properties to make sure the desired element is located. 

2022-01-14 11:30:01 - [MESSAGE][WARNING] - [SELF-HEALING] Failed to find element with id 'Object Repository/Page_Announcements/a_Add discussion topic'. Try using Self-healing.

2022-01-14 11:30:02 - [MESSAGE][WARNING] - [SELF-HEALING] The current locator of test object 'Object Repository/Page_Announcements/a_Add discussion topic' was broken. Propose an alternative one: '(.//*[normalize-space(text()) and normalize-space(.)='Search forums'])[2]/following::a[1]'.

2022-01-14 11:30:02 - [MESSAGE][PASSED] - Object: 'Object Repository/Page_Announcements/a_Add discussion topic' is clicked on

2022-01-14 11:30:02 - [TEST_STEP][PASSED] - click(findTestObject("Object Repository/Page_Announcements/input_Subject_subject")): Object: 'Object Repository/Page_Announcements/input_Subject_subject' is clicked on

2022-01-14 11:30:02 - [MESSAGE][PASSED] - Object: 'Object Repository/Page_Announcements/input_Subject_subject' is clicked on

2022-01-14 11:30:02 - [TEST_STEP][PASSED] - click(findTestObject("Object Repository/Page_Announcements/button_Cancel")): Object: 'Object Repository/Page_Announcements/button_Cancel' is clicked on

2022-01-14 11:30:03 - [MESSAGE][PASSED] - Object: 'Object Repository/Page_Announcements/button_Cancel' is clicked on

2022-01-14 11:30:03 - [TEST_STEP][PASSED] - closeBrowser(): Browser is closed

2022-01-14 11:30:03 - [MESSAGE][PASSED] - Browser is closed]]></system-out>
         <system-err><![CDATA[]]></system-err>
      </testcase>
      <system-out><![CDATA[2022-01-14 10:03:00 - [TEST_SUITE][FAILED] - Run all test cases: Test Cases/Chat/Chat starred FAILED.
Reason:
com.kms.katalon.core.exception.StepFailedException: Unable to click on object 'Object Repository/Page_Dashboard/div_L CDE'
	at com.kms.katalon.core.webui.keyword.internal.WebUIKeywordMain.stepFailed(WebUIKeywordMain.groovy:64)
	at com.kms.katalon.core.webui.keyword.internal.WebUIKeywordMain.runKeyword(WebUIKeywordMain.groovy:26)
	at com.kms.katalon.core.webui.keyword.builtin.ClickKeyword.click(ClickKeyword.groovy:74)
	at com.kms.katalon.core.webui.keyword.builtin.ClickKeyword.execute(ClickKeyword.groovy:40)
	at com.kms.katalon.core.keyword.internal.KeywordExecutor.executeKeywordForPlatform(KeywordExecutor.groovy:74)
	at com.kms.katalon.core.webui.keyword.WebUiBuiltInKeywords.click(WebUiBuiltInKeywords.groovy:620)
	at com.kms.katalon.core.webui.keyword.WebUiBuiltInKeywords$click$1.call(Unknown Source)
	at Chat starred.run(Chat starred:34)
	at com.kms.katalon.core.main.ScriptEngine.run(ScriptEngine.java:194)
	at com.kms.katalon.core.main.ScriptEngine.runScriptAsRawText(ScriptEngine.java:119)
	at com.kms.katalon.core.main.TestCaseExecutor.runScript(TestCaseExecutor.java:442)
	at com.kms.katalon.core.main.TestCaseExecutor.doExecute(TestCaseExecutor.java:433)
	at com.kms.katalon.core.main.TestCaseExecutor.processExecutionPhase(TestCaseExecutor.java:412)
	at com.kms.katalon.core.main.TestCaseExecutor.accessMainPhase(TestCaseExecutor.java:404)
	at com.kms.katalon.core.main.TestCaseExecutor.execute(TestCaseExecutor.java:281)
	at com.kms.katalon.core.main.TestSuiteExecutor.accessTestCaseMainPhase(TestSuiteExecutor.java:202)
	at com.kms.katalon.core.main.TestSuiteExecutor.accessTestSuiteMainPhase(TestSuiteExecutor.java:164)
	at com.kms.katalon.core.main.TestSuiteExecutor.execute(TestSuiteExecutor.java:105)
	at com.kms.katalon.core.main.TestCaseMain.startTestSuite(TestCaseMain.java:181)
	at com.kms.katalon.core.main.TestCaseMain$startTestSuite$0.call(Unknown Source)
	at TempTestSuite1642129377811.run(TempTestSuite1642129377811.groovy:36)
Caused by: org.openqa.selenium.ElementNotInteractableException: element not interactable
  (Session info: chrome=97.0.4692.71)
Build info: version: '3.141.59', revision: 'e82be7d358', time: '2018-11-14T08:25:53'
System info: host: 'DESKTOP-5O7CBM9', ip: '192.168.16.1', os.name: 'Windows 10', os.arch: 'amd64', os.version: '10.0', java.version: '1.8.0_282'
Driver info: com.kms.katalon.selenium.driver.CChromeDriver
Capabilities {acceptInsecureCerts: false, browserName: chrome, browserVersion: 97.0.4692.71, chrome: {chromedriverVersion: 97.0.4692.71 (adefa7837d02a..., userDataDir: C:\Users\antra\AppData\Loca...}, goog:chromeOptions: {debuggerAddress: localhost:52017}, javascriptEnabled: true, networkConnectionEnabled: false, pageLoadStrategy: normal, platform: WINDOWS, platformName: WINDOWS, proxy: Proxy(), setWindowRect: true, strictFileInteractability: false, timeouts: {implicit: 0, pageLoad: 300000, script: 30000}, unhandledPromptBehavior: dismiss and notify, webauthn:extension:credBlob: true, webauthn:extension:largeBlob: true, webauthn:virtualAuthenticators: true}
Session ID: 80d2a8dedcbd2ffedc1174f3956f6f91
	at org.openqa.selenium.remote.http.W3CHttpResponseCodec.createException(W3CHttpResponseCodec.java:187)
	at org.openqa.selenium.remote.http.W3CHttpResponseCodec.decode(W3CHttpResponseCodec.java:122)
	at org.openqa.selenium.remote.http.W3CHttpResponseCodec.decode(W3CHttpResponseCodec.java:49)
	at org.openqa.selenium.remote.HttpCommandExecutor.execute(HttpCommandExecutor.java:158)
	at org.openqa.selenium.remote.service.DriverCommandExecutor.execute(DriverCommandExecutor.java:83)
	at org.openqa.selenium.remote.RemoteWebDriver.execute(RemoteWebDriver.java:552)
	at com.kms.katalon.selenium.driver.CChromeDriver.execute(CChromeDriver.java:19)
	at org.openqa.selenium.remote.RemoteWebElement.execute(RemoteWebElement.java:285)
	at org.openqa.selenium.remote.RemoteWebElement.click(RemoteWebElement.java:84)
	at org.openqa.selenium.support.events.EventFiringWebDriver$EventFiringWebElement.lambda$new$0(EventFiringWebDriver.java:404)
	at com.sun.proxy.$Proxy11.click(Unknown Source)
	at org.openqa.selenium.support.events.EventFiringWebDriver$EventFiringWebElement.click(EventFiringWebDriver.java:417)
	at org.openqa.selenium.WebElement$click.call(Unknown Source)
	at com.kms.katalon.core.webui.keyword.builtin.ClickKeyword.clickUntilSuccessWithTimeout(ClickKeyword.groovy:81)
	at com.kms.katalon.core.webui.keyword.builtin.ClickKeyword.clickUntilSuccessWithTimeout(ClickKeyword.groovy)
	at com.kms.katalon.core.webui.keyword.builtin.ClickKeyword$_click_closure1.doCall(ClickKeyword.groovy:67)
	at com.kms.katalon.core.webui.keyword.builtin.ClickKeyword$_click_closure1.call(ClickKeyword.groovy)
	at com.kms.katalon.core.webui.keyword.internal.WebUIKeywordMain.runKeyword(WebUIKeywordMain.groovy:20)
	... 19 more]]></system-out>
      <system-err><![CDATA[2022-01-14 10:03:00 - [TEST_SUITE][FAILED] - Run all test cases: Test Cases/Chat/Chat starred FAILED.
Reason:
com.kms.katalon.core.exception.StepFailedException: Unable to click on object 'Object Repository/Page_Dashboard/div_L CDE'
	at com.kms.katalon.core.webui.keyword.internal.WebUIKeywordMain.stepFailed(WebUIKeywordMain.groovy:64)
	at com.kms.katalon.core.webui.keyword.internal.WebUIKeywordMain.runKeyword(WebUIKeywordMain.groovy:26)
	at com.kms.katalon.core.webui.keyword.builtin.ClickKeyword.click(ClickKeyword.groovy:74)
	at com.kms.katalon.core.webui.keyword.builtin.ClickKeyword.execute(ClickKeyword.groovy:40)
	at com.kms.katalon.core.keyword.internal.KeywordExecutor.executeKeywordForPlatform(KeywordExecutor.groovy:74)
	at com.kms.katalon.core.webui.keyword.WebUiBuiltInKeywords.click(WebUiBuiltInKeywords.groovy:620)
	at com.kms.katalon.core.webui.keyword.WebUiBuiltInKeywords$click$1.call(Unknown Source)
	at Chat starred.run(Chat starred:34)
	at com.kms.katalon.core.main.ScriptEngine.run(ScriptEngine.java:194)
	at com.kms.katalon.core.main.ScriptEngine.runScriptAsRawText(ScriptEngine.java:119)
	at com.kms.katalon.core.main.TestCaseExecutor.runScript(TestCaseExecutor.java:442)
	at com.kms.katalon.core.main.TestCaseExecutor.doExecute(TestCaseExecutor.java:433)
	at com.kms.katalon.core.main.TestCaseExecutor.processExecutionPhase(TestCaseExecutor.java:412)
	at com.kms.katalon.core.main.TestCaseExecutor.accessMainPhase(TestCaseExecutor.java:404)
	at com.kms.katalon.core.main.TestCaseExecutor.execute(TestCaseExecutor.java:281)
	at com.kms.katalon.core.main.TestSuiteExecutor.accessTestCaseMainPhase(TestSuiteExecutor.java:202)
	at com.kms.katalon.core.main.TestSuiteExecutor.accessTestSuiteMainPhase(TestSuiteExecutor.java:164)
	at com.kms.katalon.core.main.TestSuiteExecutor.execute(TestSuiteExecutor.java:105)
	at com.kms.katalon.core.main.TestCaseMain.startTestSuite(TestCaseMain.java:181)
	at com.kms.katalon.core.main.TestCaseMain$startTestSuite$0.call(Unknown Source)
	at TempTestSuite1642129377811.run(TempTestSuite1642129377811.groovy:36)
Caused by: org.openqa.selenium.ElementNotInteractableException: element not interactable
  (Session info: chrome=97.0.4692.71)
Build info: version: '3.141.59', revision: 'e82be7d358', time: '2018-11-14T08:25:53'
System info: host: 'DESKTOP-5O7CBM9', ip: '192.168.16.1', os.name: 'Windows 10', os.arch: 'amd64', os.version: '10.0', java.version: '1.8.0_282'
Driver info: com.kms.katalon.selenium.driver.CChromeDriver
Capabilities {acceptInsecureCerts: false, browserName: chrome, browserVersion: 97.0.4692.71, chrome: {chromedriverVersion: 97.0.4692.71 (adefa7837d02a..., userDataDir: C:\Users\antra\AppData\Loca...}, goog:chromeOptions: {debuggerAddress: localhost:52017}, javascriptEnabled: true, networkConnectionEnabled: false, pageLoadStrategy: normal, platform: WINDOWS, platformName: WINDOWS, proxy: Proxy(), setWindowRect: true, strictFileInteractability: false, timeouts: {implicit: 0, pageLoad: 300000, script: 30000}, unhandledPromptBehavior: dismiss and notify, webauthn:extension:credBlob: true, webauthn:extension:largeBlob: true, webauthn:virtualAuthenticators: true}
Session ID: 80d2a8dedcbd2ffedc1174f3956f6f91
	at org.openqa.selenium.remote.http.W3CHttpResponseCodec.createException(W3CHttpResponseCodec.java:187)
	at org.openqa.selenium.remote.http.W3CHttpResponseCodec.decode(W3CHttpResponseCodec.java:122)
	at org.openqa.selenium.remote.http.W3CHttpResponseCodec.decode(W3CHttpResponseCodec.java:49)
	at org.openqa.selenium.remote.HttpCommandExecutor.execute(HttpCommandExecutor.java:158)
	at org.openqa.selenium.remote.service.DriverCommandExecutor.execute(DriverCommandExecutor.java:83)
	at org.openqa.selenium.remote.RemoteWebDriver.execute(RemoteWebDriver.java:552)
	at com.kms.katalon.selenium.driver.CChromeDriver.execute(CChromeDriver.java:19)
	at org.openqa.selenium.remote.RemoteWebElement.execute(RemoteWebElement.java:285)
	at org.openqa.selenium.remote.RemoteWebElement.click(RemoteWebElement.java:84)
	at org.openqa.selenium.support.events.EventFiringWebDriver$EventFiringWebElement.lambda$new$0(EventFiringWebDriver.java:404)
	at com.sun.proxy.$Proxy11.click(Unknown Source)
	at org.openqa.selenium.support.events.EventFiringWebDriver$EventFiringWebElement.click(EventFiringWebDriver.java:417)
	at org.openqa.selenium.WebElement$click.call(Unknown Source)
	at com.kms.katalon.core.webui.keyword.builtin.ClickKeyword.clickUntilSuccessWithTimeout(ClickKeyword.groovy:81)
	at com.kms.katalon.core.webui.keyword.builtin.ClickKeyword.clickUntilSuccessWithTimeout(ClickKeyword.groovy)
	at com.kms.katalon.core.webui.keyword.builtin.ClickKeyword$_click_closure1.doCall(ClickKeyword.groovy:67)
	at com.kms.katalon.core.webui.keyword.builtin.ClickKeyword$_click_closure1.call(ClickKeyword.groovy)
	at com.kms.katalon.core.webui.keyword.internal.WebUIKeywordMain.runKeyword(WebUIKeywordMain.groovy:20)
	... 19 more]]></system-err>
   </testsuite>
</testsuites>
